running build
running config_cc
INFO: unifing config_cc, config, build_clib, build_ext, build commands --compiler options
running config_fc
INFO: unifing config_fc, config, build_clib, build_ext, build commands --fcompiler options
running build_src
INFO: build_src
INFO: building extension "H3S_PIPNN" sources
INFO: f2py options: []
INFO: f2py:> /tmp/tmp2_98sp23/src.linux-x86_64-3.11/H3S_PIPNNmodule.c
creating /tmp/tmp2_98sp23/src.linux-x86_64-3.11
Reading fortran codes...
	Reading file 'H3S_PIPNN.f90' (format:free)
Line #265 in H3S_PIPNN.f90:"c    ifunc=1, transfer function is hyperbolic tangent function, 'tansig' "
	analyzeline: No name/args pattern found for line.
Line #266 in H3S_PIPNN.f90:"c    ifunc=2, transfer function is log sigmoid function, 'logsig' "
	analyzeline: No name/args pattern found for line.
Line #267 in H3S_PIPNN.f90:"c    ifunc=3, transfer function is pure linear function, 'purelin'. It is imposed to the output layer by default "
	analyzeline: No name/args pattern found for line.
crackline: groupcounter=5 groupname={0: '', 1: 'module', 2: 'interface', 3: 'function', 4: 'function', 5: 'function', 6: 'subroutine'}
crackline: Mismatch of blocks encountered. Trying to fix it by assuming "end" statement.
crackline: groupcounter=4 groupname={0: '', 1: 'module', 2: 'interface', 3: 'function', 4: 'function', 5: 'function', 6: 'subroutine'}
crackline: Mismatch of blocks encountered. Trying to fix it by assuming "end" statement.
crackline: groupcounter=3 groupname={0: '', 1: 'module', 2: 'interface', 3: 'function', 4: 'function', 5: 'function', 6: 'subroutine'}
crackline: Mismatch of blocks encountered. Trying to fix it by assuming "end" statement.
crackline: groupcounter=2 groupname={0: '', 1: 'module', 2: 'interface', 3: 'function', 4: 'function', 5: 'function', 6: 'subroutine'}
crackline: Mismatch of blocks encountered. Trying to fix it by assuming "end" statement.
crackline: groupcounter=1 groupname={0: '', 1: 'module', 2: 'interface', 3: 'function', 4: 'function', 5: 'function', 6: 'subroutine'}
crackline: Mismatch of blocks encountered. Trying to fix it by assuming "end" statement.
Post-processing...
	Block: H3S_PIPNN
			Block: nnparam
In: :H3S_PIPNN:H3S_PIPNN.f90:nnparam
get_parameters: got "eval() arg 1 must be a string, bytes or code object" on 4
In: :H3S_PIPNN:H3S_PIPNN.f90:nnparam
get_parameters: got "eval() arg 1 must be a string, bytes or code object" on 4
In: :H3S_PIPNN:H3S_PIPNN.f90:nnparam
get_parameters: got "eval() arg 1 must be a string, bytes or code object" on 4
In: :H3S_PIPNN:H3S_PIPNN.f90:nnparam
get_parameters: got "eval() arg 1 must be a string, bytes or code object" on 4
In: :H3S_PIPNN:H3S_PIPNN.f90:nnparam
get_parameters: got "eval() arg 1 must be a string, bytes or code object" on 4
			Block: pes
In: :H3S_PIPNN:H3S_PIPNN.f90:pes
get_parameters: got "eval() arg 1 must be a string, bytes or code object" on 4
In: :H3S_PIPNN:H3S_PIPNN.f90:pes
get_parameters: got "eval() arg 1 must be a string, bytes or code object" on 4
In: :H3S_PIPNN:H3S_PIPNN.f90:pes
get_parameters: got "eval() arg 1 must be a string, bytes or code object" on 4
In: :H3S_PIPNN:H3S_PIPNN.f90:pes
get_parameters: got "eval() arg 1 must be a string, bytes or code object" on 4
In: :H3S_PIPNN:H3S_PIPNN.f90:pes
get_parameters: got "eval() arg 1 must be a string, bytes or code object" on 4
			Block: pipnn
In: :H3S_PIPNN:H3S_PIPNN.f90:pipnn
get_parameters: got "eval() arg 1 must be a string, bytes or code object" on 4
In: :H3S_PIPNN:H3S_PIPNN.f90:pipnn
get_parameters: got "eval() arg 1 must be a string, bytes or code object" on 4
In: :H3S_PIPNN:H3S_PIPNN.f90:pipnn
get_parameters: got "eval() arg 1 must be a string, bytes or code object" on 4
In: :H3S_PIPNN:H3S_PIPNN.f90:pipnn
get_parameters: got "eval() arg 1 must be a string, bytes or code object" on 4
In: :H3S_PIPNN:H3S_PIPNN.f90:pipnn
get_parameters: got "eval() arg 1 must be a string, bytes or code object" on 4
			Block: pes_init
In: :H3S_PIPNN:H3S_PIPNN.f90:pes_init
get_parameters: got "eval() arg 1 must be a string, bytes or code object" on 4
In: :H3S_PIPNN:H3S_PIPNN.f90:pes_init
get_parameters: got "eval() arg 1 must be a string, bytes or code object" on 4
In: :H3S_PIPNN:H3S_PIPNN.f90:pes_init
get_parameters: got "eval() arg 1 must be a string, bytes or code object" on 4
In: :H3S_PIPNN:H3S_PIPNN.f90:pes_init
get_parameters: got "eval() arg 1 must be a string, bytes or code object" on 4
In: :H3S_PIPNN:H3S_PIPNN.f90:pes_init
get_parameters: got "eval() arg 1 must be a string, bytes or code object" on 4
			Block: getpota
In: :H3S_PIPNN:H3S_PIPNN.f90:getpota
get_parameters: got "eval() arg 1 must be a string, bytes or code object" on 4
In: :H3S_PIPNN:H3S_PIPNN.f90:getpota
get_parameters: got "eval() arg 1 must be a string, bytes or code object" on 4
In: :H3S_PIPNN:H3S_PIPNN.f90:getpota
get_parameters: got "eval() arg 1 must be a string, bytes or code object" on 4
In: :H3S_PIPNN:H3S_PIPNN.f90:getpota
get_parameters: got "eval() arg 1 must be a string, bytes or code object" on 4
In: :H3S_PIPNN:H3S_PIPNN.f90:getpota
get_parameters: got "eval() arg 1 must be a string, bytes or code object" on 4
			Block: tranfun
Applying post-processing hooks...
  character_backward_compatibility_hook
Post-processing (stage 2)...
	Block: H3S_PIPNN
		Block: unknown_interface
			Block: nnparam
			Block: pes
			Block: pipnn
			Block: pes_init
			Block: getpota
			Block: tranfun
Building modules...
    Building module "H3S_PIPNN"...
    Generating possibly empty wrappers"
    Maybe empty "H3S_PIPNN-f2pywrappers.f"
        Constructing wrapper function "pes"...
          p,g,d = pes(x,igrad,path)
    Generating possibly empty wrappers"
    Maybe empty "H3S_PIPNN-f2pywrappers.f"
        Constructing wrapper function "pipnn"...
          pipnn(ct,vpes,vpesa,vpesb,vpesc)
    Generating possibly empty wrappers"
    Maybe empty "H3S_PIPNN-f2pywrappers.f"
        Constructing wrapper function "pes_init"...
          pes_init(path)
    Generating possibly empty wrappers"
    Maybe empty "H3S_PIPNN-f2pywrappers.f"
        Constructing wrapper function "getpota"...
          getpota(x,vpot,dvdg,ndriv)
    Generating possibly empty wrappers"
    Maybe empty "H3S_PIPNN-f2pywrappers.f"
		Creating wrapper for Fortran function "tranfun"("tranfun")...
        Constructing wrapper function "tranfun"...
          tranfun = tranfun(x,ifunc)
		Constructing F90 module support for "nnparam"...
		  Variables: alpha pi radian para2 nbasis ndim natom ndata vpesmin ninput noutput nhid nlayer ifunc nwe nodemax nscale nodes weighta biasa pdela pavga
getarrdims:warning: assumed shape array, using 0 instead of ':'
getarrdims:warning: assumed shape array, using 0 instead of ':'
getarrdims:warning: assumed shape array, using 0 instead of ':'
getarrdims:warning: assumed shape array, using 0 instead of ':'
getarrdims:warning: assumed shape array, using 0 instead of ':'
getarrdims:warning: assumed shape array, using 0 instead of ':'
getarrdims:warning: assumed shape array, using 0 instead of ':'
getarrdims:warning: assumed shape array, using 0 instead of ':'
    Wrote C/API module "H3S_PIPNN" to file "/tmp/tmp2_98sp23/src.linux-x86_64-3.11/H3S_PIPNNmodule.c"
    Fortran 77 wrappers are saved to "/tmp/tmp2_98sp23/src.linux-x86_64-3.11/H3S_PIPNN-f2pywrappers.f"
    Fortran 90 wrappers are saved to "/tmp/tmp2_98sp23/src.linux-x86_64-3.11/H3S_PIPNN-f2pywrappers2.f90"
INFO:   adding '/tmp/tmp2_98sp23/src.linux-x86_64-3.11/fortranobject.c' to sources.
INFO:   adding '/tmp/tmp2_98sp23/src.linux-x86_64-3.11' to include_dirs.
copying /home/truhlard/shuxx055/anaconda3/envs/test/lib/python3.11/site-packages/numpy/f2py/src/fortranobject.c -> /tmp/tmp2_98sp23/src.linux-x86_64-3.11
copying /home/truhlard/shuxx055/anaconda3/envs/test/lib/python3.11/site-packages/numpy/f2py/src/fortranobject.h -> /tmp/tmp2_98sp23/src.linux-x86_64-3.11
INFO:   adding '/tmp/tmp2_98sp23/src.linux-x86_64-3.11/H3S_PIPNN-f2pywrappers.f' to sources.
INFO:   adding '/tmp/tmp2_98sp23/src.linux-x86_64-3.11/H3S_PIPNN-f2pywrappers2.f90' to sources.
INFO: build_src: building npy-pkg config files
/home/truhlard/shuxx055/anaconda3/envs/test/lib/python3.11/site-packages/setuptools/_distutils/cmd.py:66: SetuptoolsDeprecationWarning: setup.py install is deprecated.
!!

        ********************************************************************************
        Please avoid running ``setup.py`` directly.
        Instead, use pypa/build, pypa/installer or other
        standards-based tools.

        See https://blog.ganssle.io/articles/2021/10/setup-py-deprecated.html for details.
        ********************************************************************************

!!
  self.initialize_options()
running build_ext
INFO: customize UnixCCompiler
INFO: customize UnixCCompiler using build_ext
INFO: get_default_fcompiler: matching types: '['arm', 'gnu95', 'intel', 'lahey', 'pg', 'nv', 'absoft', 'nag', 'vast', 'compaq', 'intele', 'intelem', 'gnu', 'g95', 'pathf95', 'nagfor', 'fujitsu']'
INFO: customize ArmFlangCompiler
WARN: Could not locate executable armflang
INFO: customize Gnu95FCompiler
INFO: Found executable /home/truhlard/shuxx055/anaconda3/envs/test/bin/gfortran
INFO: customize Gnu95FCompiler
INFO: customize Gnu95FCompiler using build_ext
INFO: building 'H3S_PIPNN' extension
INFO: compiling C sources
INFO: C compiler: gcc -pthread -B /home/truhlard/shuxx055/anaconda3/envs/test/compiler_compat -DNDEBUG -fwrapv -O2 -Wall -fPIC -O2 -isystem /home/truhlard/shuxx055/anaconda3/envs/test/include -fPIC -O2 -isystem /home/truhlard/shuxx055/anaconda3/envs/test/include -fPIC

creating /tmp/tmp2_98sp23/tmp
creating /tmp/tmp2_98sp23/tmp/tmp2_98sp23
creating /tmp/tmp2_98sp23/tmp/tmp2_98sp23/src.linux-x86_64-3.11
INFO: compile options: '-DNPY_DISABLE_OPTIMIZATION=1 -I/tmp/tmp2_98sp23/src.linux-x86_64-3.11 -I/home/truhlard/shuxx055/anaconda3/envs/test/lib/python3.11/site-packages/numpy/core/include -I/home/truhlard/shuxx055/anaconda3/envs/test/include/python3.11 -c'
INFO: gcc: /tmp/tmp2_98sp23/src.linux-x86_64-3.11/fortranobject.c
INFO: gcc: /tmp/tmp2_98sp23/src.linux-x86_64-3.11/H3S_PIPNNmodule.c
INFO: compiling Fortran 90 module sources
INFO: Fortran f77 compiler: /home/truhlard/shuxx055/anaconda3/envs/test/bin/gfortran -Wall -g -ffixed-form -fno-second-underscore -fPIC -O3 -funroll-loops
Fortran f90 compiler: /home/truhlard/shuxx055/anaconda3/envs/test/bin/gfortran -fallow-argument-mismatch -std=legacy -fPIC -O3 -funroll-loops
Fortran fix compiler: /home/truhlard/shuxx055/anaconda3/envs/test/bin/gfortran -Wall -g -ffixed-form -fno-second-underscore -fallow-argument-mismatch -std=legacy -fPIC -O3 -funroll-loops
INFO: compile options: '-I/tmp/tmp2_98sp23/src.linux-x86_64-3.11 -I/home/truhlard/shuxx055/anaconda3/envs/test/lib/python3.11/site-packages/numpy/core/include -I/home/truhlard/shuxx055/anaconda3/envs/test/include/python3.11 -c'
extra options: '-J/tmp/tmp2_98sp23/ -I/tmp/tmp2_98sp23/'
INFO: gfortran:fix: H3S_PIPNN.f90
H3S_PIPNN.f90:92:25:

   92 |        call bemsav(xbond,m,basis)
      |                         1
Warning: Actual argument contains too few elements for dummy argument 'm' (23/30) at (1)
H3S_PIPNN.f90:98:72:

   98 |        call getpota(txinput,vpesa)
      |                                                                        1
Warning: Missing actual argument for argument 'dvdg' at (1)
H3S_PIPNN.f90:286:22:

  286 |       real*8 dvdr(1:6),x(1:12),drdx(1:6,1:12)
      |                      1
Warning: Unused variable 'dvdr' declared at (1) [-Wunused-variable]
H3S_PIPNN.f90:413:22:

  413 |       real*8 dvdr(1:6),dpdr(1:6,0:22),rtmp
      |                      1
Warning: Unused variable 'dvdr' declared at (1) [-Wunused-variable]
H3S_PIPNN.f90:413:42:

  413 |       real*8 dvdr(1:6),dpdr(1:6,0:22),rtmp
      |                                          1
Warning: Unused variable 'rtmp' declared at (1) [-Wunused-variable]
H3S_PIPNN.f90:412:61:

  412 |       real*8 dvdx(1:12),xcart(1:3,1:4),drdx(1:6,1:12),x(1:12)
      |                                                             1
Warning: Unused variable 'x' declared at (1) [-Wunused-variable]
H3S_PIPNN.f90:412:38:

  412 |       real*8 dvdx(1:12),xcart(1:3,1:4),drdx(1:6,1:12),x(1:12)
      |                                      1
Warning: Unused variable 'xcart' declared at (1) [-Wunused-variable]
H3S_PIPNN.f90:438:15:

  438 |       integer i,j
      |               1
Warning: Unused variable 'i' declared at (1) [-Wunused-variable]
H3S_PIPNN.f90:438:17:

  438 |       integer i,j
      |                 1
Warning: Unused variable 'j' declared at (1) [-Wunused-variable]
H3S_PIPNN.f90:537:17:

  537 |       integer i,j
      |                 1
Warning: Unused variable 'j' declared at (1) [-Wunused-variable]
H3S_PIPNN.f90:496:17:

  496 |       integer i,j
      |                 1
Warning: Unused variable 'j' declared at (1) [-Wunused-variable]
H3S_PIPNN.f90:478:17:

  478 |       integer i,j
      |                 1
Warning: Unused variable 'j' declared at (1) [-Wunused-variable]
H3S_PIPNN.f90:116:21:

  116 |       character f1*80,line*80
      |                     1
Warning: Unused variable 'f1' declared at (1) [-Wunused-variable]
H3S_PIPNN.f90:115:33:

  115 |       integer ibasis,npd,iterm,ib,nfile
      |                                 1
Warning: Unused variable 'ib' declared at (1) [-Wunused-variable]
H3S_PIPNN.f90:115:20:

  115 |       integer ibasis,npd,iterm,ib,nfile
      |                    1
Warning: Unused variable 'ibasis' declared at (1) [-Wunused-variable]
H3S_PIPNN.f90:115:30:

  115 |       integer ibasis,npd,iterm,ib,nfile
      |                              1
Warning: Unused variable 'iterm' declared at (1) [-Wunused-variable]
H3S_PIPNN.f90:115:24:

  115 |       integer ibasis,npd,iterm,ib,nfile
      |                        1
Warning: Unused variable 'npd' declared at (1) [-Wunused-variable]
H3S_PIPNN.f90:31:31:

   31 |       integer :: iatom, idir, j, istate
      |                               1
Warning: Unused variable 'j' declared at (1) [-Wunused-variable]
H3S_PIPNN.f90:29:31:

   29 |       double precision :: v, va, vb, vc
      |                               1
Warning: Unused variable 'va' declared at (1) [-Wunused-variable]
H3S_PIPNN.f90:29:35:

   29 |       double precision :: v, va, vb, vc
      |                                   1
Warning: Unused variable 'vb' declared at (1) [-Wunused-variable]
H3S_PIPNN.f90:29:39:

   29 |       double precision :: v, va, vb, vc
      |                                       1
Warning: Unused variable 'vc' declared at (1) [-Wunused-variable]
H3S_PIPNN.f90:71:62:

   71 |        real*8 ct(3,natom),xvec(3,ndim),cx(3,natom),cy(3,natom)
      |                                                              1
Warning: Unused variable 'cy' declared at (1) [-Wunused-variable]
H3S_PIPNN.f90:69:25:

   69 |        integer i,j,k,lpes
      |                         1
Warning: Unused variable 'lpes' declared at (1) [-Wunused-variable]
H3S_PIPNN.f90:70:53:

   70 |        real*8 rb(ndim),xbond(ndim),basis(nbasis),tmp1,txinput(nbasis-1)
      |                                                     1
Warning: Unused variable 'tmp1' declared at (1) [-Wunused-variable]
H3S_PIPNN.f90:66:43:

   66 |        subroutine pipNN(ct,vpes,vpesa,vpesb,vpesc)
      |                                           1
Warning: Unused dummy argument 'vpesb' at (1) [-Wunused-dummy-argument]
H3S_PIPNN.f90:73:42:

   73 |        real*8 vpes,vpesa,vpesb,vpesc,vpesH,vnn
      |                                          1
Warning: Unused variable 'vpesh' declared at (1) [-Wunused-variable]
H3S_PIPNN.f90:261:8:

  261 |         function tranfun(x,ifunc)
      |        ^
Warning: '__result_tranfun' may be used uninitialized [-Wmaybe-uninitialized]
INFO: compiling Fortran sources
INFO: Fortran f77 compiler: /home/truhlard/shuxx055/anaconda3/envs/test/bin/gfortran -Wall -g -ffixed-form -fno-second-underscore -fPIC -O3 -funroll-loops
Fortran f90 compiler: /home/truhlard/shuxx055/anaconda3/envs/test/bin/gfortran -fallow-argument-mismatch -std=legacy -fPIC -O3 -funroll-loops
Fortran fix compiler: /home/truhlard/shuxx055/anaconda3/envs/test/bin/gfortran -Wall -g -ffixed-form -fno-second-underscore -fallow-argument-mismatch -std=legacy -fPIC -O3 -funroll-loops
INFO: compile options: '-I/tmp/tmp2_98sp23/src.linux-x86_64-3.11 -I/home/truhlard/shuxx055/anaconda3/envs/test/lib/python3.11/site-packages/numpy/core/include -I/home/truhlard/shuxx055/anaconda3/envs/test/include/python3.11 -c'
extra options: '-J/tmp/tmp2_98sp23/ -I/tmp/tmp2_98sp23/'
INFO: gfortran:f90: /tmp/tmp2_98sp23/src.linux-x86_64-3.11/H3S_PIPNN-f2pywrappers2.f90
INFO: gfortran:f77: /tmp/tmp2_98sp23/src.linux-x86_64-3.11/H3S_PIPNN-f2pywrappers.f
INFO: /home/truhlard/shuxx055/anaconda3/envs/test/bin/gfortran -Wall -g -Wall -g -shared /tmp/tmp2_98sp23/tmp/tmp2_98sp23/src.linux-x86_64-3.11/H3S_PIPNNmodule.o /tmp/tmp2_98sp23/tmp/tmp2_98sp23/src.linux-x86_64-3.11/fortranobject.o /tmp/tmp2_98sp23/H3S_PIPNN.o /tmp/tmp2_98sp23/tmp/tmp2_98sp23/src.linux-x86_64-3.11/H3S_PIPNN-f2pywrappers.o /tmp/tmp2_98sp23/tmp/tmp2_98sp23/src.linux-x86_64-3.11/H3S_PIPNN-f2pywrappers2.o -L/panfs/jay/groups/16/truhlard/shuxx055/anaconda3/envs/test/bin/../lib/gcc/x86_64-conda-linux-gnu/13.1.0/../../../../x86_64-conda-linux-gnu/lib/../lib -L/panfs/jay/groups/16/truhlard/shuxx055/anaconda3/envs/test/bin/../lib/gcc/x86_64-conda-linux-gnu/13.1.0/../../../../x86_64-conda-linux-gnu/lib/../lib -lmkl_intel_lp64 -lmkl_sequential -lmkl_core -lgfortran -o ./H3S_PIPNN.cpython-311-x86_64-linux-gnu.so
Removing build directory /tmp/tmp2_98sp23
