running build
running config_cc
INFO: unifing config_cc, config, build_clib, build_ext, build commands --compiler options
running config_fc
INFO: unifing config_fc, config, build_clib, build_ext, build commands --fcompiler options
running build_src
INFO: build_src
INFO: building extension "O2H_GEN" sources
INFO: f2py options: []
INFO: f2py:> /tmp/tmpnxbohci7/src.linux-x86_64-3.11/O2H_GENmodule.c
creating /tmp/tmpnxbohci7/src.linux-x86_64-3.11
Reading fortran codes...
	Reading file 'O2H_GEN.f' (format:fix,strict)
Post-processing...
	Block: O2H_GEN
			Block: pes
			Block: evdrdx
			Block: prepot
			Block: ptparm
Applying post-processing hooks...
  character_backward_compatibility_hook
Post-processing (stage 2)...
Building modules...
    Building module "O2H_GEN"...
    Generating possibly empty wrappers"
    Maybe empty "O2H_GEN-f2pywrappers.f"
        Constructing wrapper function "pes"...
          p,g,d = pes(x,igrad)
    Generating possibly empty wrappers"
    Maybe empty "O2H_GEN-f2pywrappers.f"
        Constructing wrapper function "evdrdx"...
          drdx = evdrdx(x,r)
    Generating possibly empty wrappers"
    Maybe empty "O2H_GEN-f2pywrappers.f"
        Constructing wrapper function "prepot"...
          prepot()
    Generating possibly empty wrappers"
    Maybe empty "O2H_GEN-f2pywrappers.f"
        Constructing wrapper function "pot"...
          pot()
		Constructing COMMON block support for "pt1cm"...
		  r,energy,der
		Constructing COMMON block support for "pt2cm"...
		  nsurf,nder,ndum
		Constructing COMMON block support for "pt4cm"...
		  iprt,idum
		Constructing COMMON block support for "pt5cm"...
		  easyab,easybc,easyac
    Wrote C/API module "O2H_GEN" to file "/tmp/tmpnxbohci7/src.linux-x86_64-3.11/O2H_GENmodule.c"
    Fortran 77 wrappers are saved to "/tmp/tmpnxbohci7/src.linux-x86_64-3.11/O2H_GEN-f2pywrappers.f"
INFO:   adding '/tmp/tmpnxbohci7/src.linux-x86_64-3.11/fortranobject.c' to sources.
INFO:   adding '/tmp/tmpnxbohci7/src.linux-x86_64-3.11' to include_dirs.
copying /home/truhlard/shuxx055/anaconda3/envs/test/lib/python3.11/site-packages/numpy/f2py/src/fortranobject.c -> /tmp/tmpnxbohci7/src.linux-x86_64-3.11
copying /home/truhlard/shuxx055/anaconda3/envs/test/lib/python3.11/site-packages/numpy/f2py/src/fortranobject.h -> /tmp/tmpnxbohci7/src.linux-x86_64-3.11
INFO:   adding '/tmp/tmpnxbohci7/src.linux-x86_64-3.11/O2H_GEN-f2pywrappers.f' to sources.
INFO: build_src: building npy-pkg config files
/home/truhlard/shuxx055/anaconda3/envs/test/lib/python3.11/site-packages/setuptools/_distutils/cmd.py:66: SetuptoolsDeprecationWarning: setup.py install is deprecated.
!!

        ********************************************************************************
        Please avoid running ``setup.py`` directly.
        Instead, use pypa/build, pypa/installer or other
        standards-based tools.

        See https://blog.ganssle.io/articles/2021/10/setup-py-deprecated.html for details.
        ********************************************************************************

!!
  self.initialize_options()
running build_ext
INFO: customize UnixCCompiler
INFO: customize UnixCCompiler using build_ext
INFO: get_default_fcompiler: matching types: '['arm', 'gnu95', 'intel', 'lahey', 'pg', 'nv', 'absoft', 'nag', 'vast', 'compaq', 'intele', 'intelem', 'gnu', 'g95', 'pathf95', 'nagfor', 'fujitsu']'
INFO: customize ArmFlangCompiler
WARN: Could not locate executable armflang
INFO: customize Gnu95FCompiler
INFO: Found executable /home/truhlard/shuxx055/anaconda3/envs/test/bin/gfortran
INFO: customize Gnu95FCompiler
INFO: customize Gnu95FCompiler using build_ext
INFO: building 'O2H_GEN' extension
INFO: compiling C sources
INFO: C compiler: gcc -pthread -B /home/truhlard/shuxx055/anaconda3/envs/test/compiler_compat -DNDEBUG -fwrapv -O2 -Wall -fPIC -O2 -isystem /home/truhlard/shuxx055/anaconda3/envs/test/include -fPIC -O2 -isystem /home/truhlard/shuxx055/anaconda3/envs/test/include -fPIC

creating /tmp/tmpnxbohci7/tmp
creating /tmp/tmpnxbohci7/tmp/tmpnxbohci7
creating /tmp/tmpnxbohci7/tmp/tmpnxbohci7/src.linux-x86_64-3.11
INFO: compile options: '-DNPY_DISABLE_OPTIMIZATION=1 -I/tmp/tmpnxbohci7/src.linux-x86_64-3.11 -I/home/truhlard/shuxx055/anaconda3/envs/test/lib/python3.11/site-packages/numpy/core/include -I/home/truhlard/shuxx055/anaconda3/envs/test/include/python3.11 -c'
INFO: gcc: /tmp/tmpnxbohci7/src.linux-x86_64-3.11/fortranobject.c
INFO: gcc: /tmp/tmpnxbohci7/src.linux-x86_64-3.11/O2H_GENmodule.c
INFO: compiling Fortran sources
INFO: Fortran f77 compiler: /home/truhlard/shuxx055/anaconda3/envs/test/bin/gfortran -fallow-argument-mismatch -std=legacy -fPIC -O3 -funroll-loops
Fortran f90 compiler: /home/truhlard/shuxx055/anaconda3/envs/test/bin/gfortran -Wall -g -fno-second-underscore -fPIC -O3 -funroll-loops
Fortran fix compiler: /home/truhlard/shuxx055/anaconda3/envs/test/bin/gfortran -Wall -g -ffixed-form -fno-second-underscore -Wall -g -fno-second-underscore -fPIC -O3 -funroll-loops
INFO: compile options: '-I/tmp/tmpnxbohci7/src.linux-x86_64-3.11 -I/home/truhlard/shuxx055/anaconda3/envs/test/lib/python3.11/site-packages/numpy/core/include -I/home/truhlard/shuxx055/anaconda3/envs/test/include/python3.11 -c'
INFO: gfortran:f77: /tmp/tmpnxbohci7/src.linux-x86_64-3.11/O2H_GEN-f2pywrappers.f
INFO: gfortran:f77: O2H_GEN.f
O2H_GEN.f:177:20:

  177 |       COMMON /PT2CM/ NSURF, NDER, NDUM(20)
      |                    1
Warning: Named COMMON block 'pt2cm' at (1) shall be of the same size as elsewhere (88 vs 92 bytes)
INFO: /home/truhlard/shuxx055/anaconda3/envs/test/bin/gfortran -Wall -g -Wall -g -shared /tmp/tmpnxbohci7/tmp/tmpnxbohci7/src.linux-x86_64-3.11/O2H_GENmodule.o /tmp/tmpnxbohci7/tmp/tmpnxbohci7/src.linux-x86_64-3.11/fortranobject.o /tmp/tmpnxbohci7/O2H_GEN.o /tmp/tmpnxbohci7/tmp/tmpnxbohci7/src.linux-x86_64-3.11/O2H_GEN-f2pywrappers.o -L/panfs/jay/groups/16/truhlard/shuxx055/anaconda3/envs/test/bin/../lib/gcc/x86_64-conda-linux-gnu/13.1.0/../../../../x86_64-conda-linux-gnu/lib/../lib -L/panfs/jay/groups/16/truhlard/shuxx055/anaconda3/envs/test/bin/../lib/gcc/x86_64-conda-linux-gnu/13.1.0/../../../../x86_64-conda-linux-gnu/lib/../lib -lmkl_intel_lp64 -lmkl_sequential -lmkl_core -lgfortran -o ./O2H_GEN.cpython-311-x86_64-linux-gnu.so
Removing build directory /tmp/tmpnxbohci7
