running build
running config_cc
INFO: unifing config_cc, config, build_clib, build_ext, build commands --compiler options
running config_fc
INFO: unifing config_fc, config, build_clib, build_ext, build commands --fcompiler options
running build_src
INFO: build_src
INFO: building extension "HOBr_3App_PIP" sources
INFO: f2py options: []
INFO: f2py:> /tmp/tmpzcre42ur/src.linux-x86_64-3.11/HOBr_3App_PIPmodule.c
creating /tmp/tmpzcre42ur/src.linux-x86_64-3.11
Reading fortran codes...
	Reading file 'HOBr_3App_PIP.f90' (format:free)
Post-processing...
	Block: HOBr_3App_PIP
			Block: pes
			Block: evdrdx
			Block: myprepot
In: :HOBr_3App_PIP:HOBr_3App_PIP.f90:myprepot
get_parameters: got "eval() arg 1 must be a string, bytes or code object" on 8
Applying post-processing hooks...
  character_backward_compatibility_hook
Post-processing (stage 2)...
Building modules...
    Building module "HOBr_3App_PIP"...
    Generating possibly empty wrappers"
    Maybe empty "HOBr_3App_PIP-f2pywrappers.f"
        Constructing wrapper function "pes"...
          p,g,d = pes(x,igrad,path)
    Generating possibly empty wrappers"
    Maybe empty "HOBr_3App_PIP-f2pywrappers.f"
        Constructing wrapper function "evdrdx"...
          drdx = evdrdx(x,r)
    Generating possibly empty wrappers"
    Maybe empty "HOBr_3App_PIP-f2pywrappers.f"
        Constructing wrapper function "myprepot"...
          myprepot(path)
    Generating possibly empty wrappers"
    Maybe empty "HOBr_3App_PIP-f2pywrappers.f"
        Constructing wrapper function "mypot"...
          mypot(r1,r2,r3,value,dr1,dr2,dr3)
    Wrote C/API module "HOBr_3App_PIP" to file "/tmp/tmpzcre42ur/src.linux-x86_64-3.11/HOBr_3App_PIPmodule.c"
INFO:   adding '/tmp/tmpzcre42ur/src.linux-x86_64-3.11/fortranobject.c' to sources.
INFO:   adding '/tmp/tmpzcre42ur/src.linux-x86_64-3.11' to include_dirs.
copying /home/truhlard/shuxx055/anaconda3/envs/test/lib/python3.11/site-packages/numpy/f2py/src/fortranobject.c -> /tmp/tmpzcre42ur/src.linux-x86_64-3.11
copying /home/truhlard/shuxx055/anaconda3/envs/test/lib/python3.11/site-packages/numpy/f2py/src/fortranobject.h -> /tmp/tmpzcre42ur/src.linux-x86_64-3.11
INFO:   adding '/tmp/tmpzcre42ur/src.linux-x86_64-3.11/HOBr_3App_PIP-f2pywrappers.f' to sources.
INFO: build_src: building npy-pkg config files
/home/truhlard/shuxx055/anaconda3/envs/test/lib/python3.11/site-packages/setuptools/_distutils/cmd.py:66: SetuptoolsDeprecationWarning: setup.py install is deprecated.
!!

        ********************************************************************************
        Please avoid running ``setup.py`` directly.
        Instead, use pypa/build, pypa/installer or other
        standards-based tools.

        See https://blog.ganssle.io/articles/2021/10/setup-py-deprecated.html for details.
        ********************************************************************************

!!
  self.initialize_options()
running build_ext
INFO: customize UnixCCompiler
INFO: customize UnixCCompiler using build_ext
INFO: get_default_fcompiler: matching types: '['arm', 'gnu95', 'intel', 'lahey', 'pg', 'nv', 'absoft', 'nag', 'vast', 'compaq', 'intele', 'intelem', 'gnu', 'g95', 'pathf95', 'nagfor', 'fujitsu']'
INFO: customize ArmFlangCompiler
WARN: Could not locate executable armflang
INFO: customize Gnu95FCompiler
INFO: Found executable /home/truhlard/shuxx055/anaconda3/envs/test/bin/gfortran
INFO: customize Gnu95FCompiler
INFO: customize Gnu95FCompiler using build_ext
INFO: building 'HOBr_3App_PIP' extension
INFO: compiling C sources
INFO: C compiler: gcc -pthread -B /home/truhlard/shuxx055/anaconda3/envs/test/compiler_compat -DNDEBUG -fwrapv -O2 -Wall -fPIC -O2 -isystem /home/truhlard/shuxx055/anaconda3/envs/test/include -fPIC -O2 -isystem /home/truhlard/shuxx055/anaconda3/envs/test/include -fPIC

creating /tmp/tmpzcre42ur/tmp
creating /tmp/tmpzcre42ur/tmp/tmpzcre42ur
creating /tmp/tmpzcre42ur/tmp/tmpzcre42ur/src.linux-x86_64-3.11
INFO: compile options: '-DNPY_DISABLE_OPTIMIZATION=1 -I/tmp/tmpzcre42ur/src.linux-x86_64-3.11 -I/home/truhlard/shuxx055/anaconda3/envs/test/lib/python3.11/site-packages/numpy/core/include -I/home/truhlard/shuxx055/anaconda3/envs/test/include/python3.11 -c'
INFO: gcc: /tmp/tmpzcre42ur/src.linux-x86_64-3.11/fortranobject.c
INFO: gcc: /tmp/tmpzcre42ur/src.linux-x86_64-3.11/HOBr_3App_PIPmodule.c
INFO: compiling Fortran sources
INFO: Fortran f77 compiler: /home/truhlard/shuxx055/anaconda3/envs/test/bin/gfortran -Wall -g -ffixed-form -fno-second-underscore -fPIC -O3 -funroll-loops
Fortran f90 compiler: /home/truhlard/shuxx055/anaconda3/envs/test/bin/gfortran -fallow-argument-mismatch -std=legacy -fPIC -O3 -funroll-loops
Fortran fix compiler: /home/truhlard/shuxx055/anaconda3/envs/test/bin/gfortran -Wall -g -ffixed-form -fno-second-underscore -fallow-argument-mismatch -std=legacy -fPIC -O3 -funroll-loops
INFO: compile options: '-I/tmp/tmpzcre42ur/src.linux-x86_64-3.11 -I/home/truhlard/shuxx055/anaconda3/envs/test/lib/python3.11/site-packages/numpy/core/include -I/home/truhlard/shuxx055/anaconda3/envs/test/include/python3.11 -c'
INFO: gfortran:f90: HOBr_3App_PIP.f90
INFO: gfortran:f77: /tmp/tmpzcre42ur/src.linux-x86_64-3.11/HOBr_3App_PIP-f2pywrappers.f
INFO: /home/truhlard/shuxx055/anaconda3/envs/test/bin/gfortran -Wall -g -Wall -g -shared /tmp/tmpzcre42ur/tmp/tmpzcre42ur/src.linux-x86_64-3.11/HOBr_3App_PIPmodule.o /tmp/tmpzcre42ur/tmp/tmpzcre42ur/src.linux-x86_64-3.11/fortranobject.o /tmp/tmpzcre42ur/HOBr_3App_PIP.o /tmp/tmpzcre42ur/tmp/tmpzcre42ur/src.linux-x86_64-3.11/HOBr_3App_PIP-f2pywrappers.o -L/panfs/jay/groups/16/truhlard/shuxx055/anaconda3/envs/test/bin/../lib/gcc/x86_64-conda-linux-gnu/13.1.0/../../../../x86_64-conda-linux-gnu/lib/../lib -L/panfs/jay/groups/16/truhlard/shuxx055/anaconda3/envs/test/bin/../lib/gcc/x86_64-conda-linux-gnu/13.1.0/../../../../x86_64-conda-linux-gnu/lib/../lib -lmkl_intel_lp64 -lmkl_sequential -lmkl_core -lgfortran -o ./HOBr_3App_PIP.cpython-311-x86_64-linux-gnu.so
Removing build directory /tmp/tmpzcre42ur
