running build
running config_cc
INFO: unifing config_cc, config, build_clib, build_ext, build commands --compiler options
running config_fc
INFO: unifing config_fc, config, build_clib, build_ext, build commands --fcompiler options
running build_src
INFO: build_src
INFO: building extension "C3H7NO_PIP" sources
INFO: f2py options: []
INFO: f2py:> /tmp/tmpvgohwh55/src.linux-x86_64-3.11/C3H7NO_PIPmodule.c
creating /tmp/tmpvgohwh55/src.linux-x86_64-3.11
Reading fortran codes...
	Reading file 'C3H7NO_PIP.f90' (format:free)
Post-processing...
	Block: C3H7NO_PIP
			Block: pes_shell
				Block: emsav
				Block: bemsav
				Block: evmono
				Block: evpoly
				Block: demsav
				Block: dbemsav
				Block: devmono
				Block: devpoly
				Block: pes_init
				Block: f
				Block: g
			Block: pes
Applying post-processing hooks...
  character_backward_compatibility_hook
Post-processing (stage 2)...
	Block: C3H7NO_PIP
		Block: unknown_interface
			Block: pes_shell
				Block: emsav
				Block: bemsav
				Block: evmono
				Block: evpoly
				Block: demsav
				Block: dbemsav
				Block: devmono
				Block: devpoly
				Block: pes_init
				Block: f
				Block: g
			Block: pes
Building modules...
    Building module "C3H7NO_PIP"...
    Generating possibly empty wrappers"
    Maybe empty "C3H7NO_PIP-f2pywrappers.f"
        Constructing wrapper function "pes"...
          potential,gradient_out,dvec = pes(x,igrad,path)
		Constructing F90 module support for "pes_shell"...
		  Variables: coeff
		Creating wrapper for Fortran function "emsav"("emsav")...
            Constructing wrapper function "pes_shell.emsav"...
              v = emsav(x,c)
            Constructing wrapper function "pes_shell.bemsav"...
              p = bemsav(x)
            Constructing wrapper function "pes_shell.evmono"...
              m = evmono(x)
            Constructing wrapper function "pes_shell.evpoly"...
              p = evpoly(m)
		Creating wrapper for Fortran function "demsav"("demsav")...
            Constructing wrapper function "pes_shell.demsav"...
              grad = demsav(drdx,c,m,p,flag)
            Constructing wrapper function "pes_shell.dbemsav"...
              dp = dbemsav(drdx,m,p,flag)
            Constructing wrapper function "pes_shell.devmono"...
              dm = devmono(drdx,m,flag)
            Constructing wrapper function "pes_shell.devpoly"...
              dp = devpoly(dm,p)
            Constructing wrapper function "pes_shell.pes_init"...
              pes_init(path)
		Creating wrapper for Fortran function "f"("f")...
            Constructing wrapper function "pes_shell.f"...
              f = f(xyz)
		Creating wrapper for Fortran function "g"("g")...
            Constructing wrapper function "pes_shell.g"...
              g = g(xyz)
    Wrote C/API module "C3H7NO_PIP" to file "/tmp/tmpvgohwh55/src.linux-x86_64-3.11/C3H7NO_PIPmodule.c"
    Fortran 90 wrappers are saved to "/tmp/tmpvgohwh55/src.linux-x86_64-3.11/C3H7NO_PIP-f2pywrappers2.f90"
INFO:   adding '/tmp/tmpvgohwh55/src.linux-x86_64-3.11/fortranobject.c' to sources.
INFO:   adding '/tmp/tmpvgohwh55/src.linux-x86_64-3.11' to include_dirs.
copying /home/truhlard/shuxx055/anaconda3/lib/python3.11/site-packages/numpy/f2py/src/fortranobject.c -> /tmp/tmpvgohwh55/src.linux-x86_64-3.11
copying /home/truhlard/shuxx055/anaconda3/lib/python3.11/site-packages/numpy/f2py/src/fortranobject.h -> /tmp/tmpvgohwh55/src.linux-x86_64-3.11
INFO:   adding '/tmp/tmpvgohwh55/src.linux-x86_64-3.11/C3H7NO_PIP-f2pywrappers.f' to sources.
INFO:   adding '/tmp/tmpvgohwh55/src.linux-x86_64-3.11/C3H7NO_PIP-f2pywrappers2.f90' to sources.
INFO: build_src: building npy-pkg config files
/home/truhlard/shuxx055/anaconda3/lib/python3.11/site-packages/setuptools/_distutils/cmd.py:66: SetuptoolsDeprecationWarning: setup.py install is deprecated.
!!

        ********************************************************************************
        Please avoid running ``setup.py`` directly.
        Instead, use pypa/build, pypa/installer, pypa/build or
        other standards-based tools.

        See https://blog.ganssle.io/articles/2021/10/setup-py-deprecated.html for details.
        ********************************************************************************

!!
  self.initialize_options()
running build_ext
INFO: customize UnixCCompiler
INFO: customize UnixCCompiler using build_ext
INFO: get_default_fcompiler: matching types: '['arm', 'gnu95', 'intel', 'lahey', 'pg', 'nv', 'absoft', 'nag', 'vast', 'compaq', 'intele', 'intelem', 'gnu', 'g95', 'pathf95', 'nagfor', 'fujitsu']'
INFO: customize ArmFlangCompiler
WARN: Could not locate executable armflang
INFO: customize Gnu95FCompiler
INFO: Found executable /home/truhlard/shuxx055/anaconda3/bin/gfortran
INFO: customize Gnu95FCompiler
INFO: customize Gnu95FCompiler using build_ext
INFO: building 'C3H7NO_PIP' extension
INFO: compiling C sources
INFO: C compiler: gcc -pthread -B /home/truhlard/shuxx055/anaconda3/compiler_compat -DNDEBUG -fwrapv -O2 -Wall -fPIC -O2 -isystem /home/truhlard/shuxx055/anaconda3/include -fPIC -O2 -isystem /home/truhlard/shuxx055/anaconda3/include -fPIC

creating /tmp/tmpvgohwh55/tmp
creating /tmp/tmpvgohwh55/tmp/tmpvgohwh55
creating /tmp/tmpvgohwh55/tmp/tmpvgohwh55/src.linux-x86_64-3.11
INFO: compile options: '-DNPY_DISABLE_OPTIMIZATION=1 -I/tmp/tmpvgohwh55/src.linux-x86_64-3.11 -I/home/truhlard/shuxx055/anaconda3/lib/python3.11/site-packages/numpy/core/include -I/home/truhlard/shuxx055/anaconda3/include/python3.11 -c'
INFO: gcc: /tmp/tmpvgohwh55/src.linux-x86_64-3.11/C3H7NO_PIPmodule.c
INFO: gcc: /tmp/tmpvgohwh55/src.linux-x86_64-3.11/fortranobject.c
INFO: compiling Fortran 90 module sources
INFO: Fortran f77 compiler: /home/truhlard/shuxx055/anaconda3/bin/gfortran -Wall -g -ffixed-form -fno-second-underscore -fPIC -O3 -funroll-loops
Fortran f90 compiler: /home/truhlard/shuxx055/anaconda3/bin/gfortran -fallow-argument-mismatch -std=legacy -fPIC -O3 -funroll-loops
Fortran fix compiler: /home/truhlard/shuxx055/anaconda3/bin/gfortran -Wall -g -ffixed-form -fno-second-underscore -fallow-argument-mismatch -std=legacy -fPIC -O3 -funroll-loops
INFO: compile options: '-I/tmp/tmpvgohwh55/src.linux-x86_64-3.11 -I/home/truhlard/shuxx055/anaconda3/lib/python3.11/site-packages/numpy/core/include -I/home/truhlard/shuxx055/anaconda3/include/python3.11 -c'
extra options: '-J/tmp/tmpvgohwh55/ -I/tmp/tmpvgohwh55/'
INFO: gfortran:f90: C3H7NO_PIP.f90
INFO: compiling Fortran sources
INFO: Fortran f77 compiler: /home/truhlard/shuxx055/anaconda3/bin/gfortran -Wall -g -ffixed-form -fno-second-underscore -fPIC -O3 -funroll-loops
Fortran f90 compiler: /home/truhlard/shuxx055/anaconda3/bin/gfortran -fallow-argument-mismatch -std=legacy -fPIC -O3 -funroll-loops
Fortran fix compiler: /home/truhlard/shuxx055/anaconda3/bin/gfortran -Wall -g -ffixed-form -fno-second-underscore -fallow-argument-mismatch -std=legacy -fPIC -O3 -funroll-loops
INFO: compile options: '-I/tmp/tmpvgohwh55/src.linux-x86_64-3.11 -I/home/truhlard/shuxx055/anaconda3/lib/python3.11/site-packages/numpy/core/include -I/home/truhlard/shuxx055/anaconda3/include/python3.11 -c'
extra options: '-J/tmp/tmpvgohwh55/ -I/tmp/tmpvgohwh55/'
INFO: gfortran:f90: /tmp/tmpvgohwh55/src.linux-x86_64-3.11/C3H7NO_PIP-f2pywrappers2.f90
/tmp/tmpvgohwh55/src.linux-x86_64-3.11/C3H7NO_PIP-f2pywrappers2.f90:12:42:

   12 |       subroutine f2pywrap_pes_shell_demsav (demsavf2pywrap, drdx, c, m, &
      |                                          1
......
   58 |       subroutine f2pywrap_pes_shell_demsav (demsavf2pywrap, demsav, drdx&
      |                                          2
Warning: Rank mismatch in argument 'demsav' (0/2) between (1) and (2)
/tmp/tmpvgohwh55/src.linux-x86_64-3.11/C3H7NO_PIP-f2pywrappers2.f90:5:41:

    5 |       subroutine f2pywrap_pes_shell_emsav (emsavf2pywrap, x, c)
      |                                         1
......
   52 |       subroutine f2pywrap_pes_shell_emsav (emsavf2pywrap, emsav, x, c)
      |                                         2
Warning: Rank mismatch in argument 'emsav' (0/1) between (1) and (2)
/tmp/tmpvgohwh55/src.linux-x86_64-3.11/C3H7NO_PIP-f2pywrappers2.f90:23:37:

   23 |       subroutine f2pywrap_pes_shell_f (ff2pywrap, xyz, f2py_xyz_d0, f2py&
      |                                     1
......
   68 |       subroutine f2pywrap_pes_shell_f (ff2pywrap, f, xyz, f2py_xyz_d0, f&
      |                                     2
Warning: Rank mismatch in argument 'f' (0/2) between (1) and (2)
/tmp/tmpvgohwh55/src.linux-x86_64-3.11/C3H7NO_PIP-f2pywrappers2.f90:32:37:

   32 |       subroutine f2pywrap_pes_shell_g (gf2pywrap, xyz, f2py_xyz_d0, f2py&
      |                                     1
......
   76 |       subroutine f2pywrap_pes_shell_g (gf2pywrap, g, xyz, f2py_xyz_d0, f&
      |                                     2
Warning: Rank mismatch in argument 'g' (1/2) between (1) and (2)
INFO: gfortran:f77: /tmp/tmpvgohwh55/src.linux-x86_64-3.11/C3H7NO_PIP-f2pywrappers.f
INFO: /home/truhlard/shuxx055/anaconda3/bin/gfortran -Wall -g -Wall -g -shared /tmp/tmpvgohwh55/tmp/tmpvgohwh55/src.linux-x86_64-3.11/C3H7NO_PIPmodule.o /tmp/tmpvgohwh55/tmp/tmpvgohwh55/src.linux-x86_64-3.11/fortranobject.o /tmp/tmpvgohwh55/C3H7NO_PIP.o /tmp/tmpvgohwh55/tmp/tmpvgohwh55/src.linux-x86_64-3.11/C3H7NO_PIP-f2pywrappers.o /tmp/tmpvgohwh55/tmp/tmpvgohwh55/src.linux-x86_64-3.11/C3H7NO_PIP-f2pywrappers2.o -L/panfs/jay/groups/16/truhlard/shuxx055/anaconda3/bin/../lib/gcc/x86_64-conda-linux-gnu/13.1.0/../../../../x86_64-conda-linux-gnu/lib/../lib -L/panfs/jay/groups/16/truhlard/shuxx055/anaconda3/bin/../lib/gcc/x86_64-conda-linux-gnu/13.1.0/../../../../x86_64-conda-linux-gnu/lib/../lib -lmkl_intel_lp64 -lmkl_sequential -lmkl_core -lgfortran -o ./C3H7NO_PIP.cpython-311-x86_64-linux-gnu.so
Removing build directory /tmp/tmpvgohwh55
