running build
running config_cc
INFO: unifing config_cc, config, build_clib, build_ext, build commands --compiler options
running config_fc
INFO: unifing config_fc, config, build_clib, build_ext, build commands --fcompiler options
running build_src
INFO: build_src
INFO: building extension "N2O2_3A_PIP" sources
INFO: f2py options: []
INFO: f2py:> /tmp/tmpvizs_gvf/src.linux-x86_64-3.11/N2O2_3A_PIPmodule.c
creating /tmp/tmpvizs_gvf/src.linux-x86_64-3.11
Reading fortran codes...
	Reading file 'N2O2_3A_PIP.f90' (format:free)
Post-processing...
	Block: N2O2_3A_PIP
			Block: n2o2_3a_pip_par
In: :N2O2_3A_PIP:N2O2_3A_PIP.f90:n2o2_3a_pip_par
get_parameters: got "eval() arg 1 must be a string, bytes or code object" on 8
In: :N2O2_3A_PIP:N2O2_3A_PIP.f90:n2o2_3a_pip_par
get_parameters: got "eval() arg 1 must be a string, bytes or code object" on 8
In: :N2O2_3A_PIP:N2O2_3A_PIP.f90:n2o2_3a_pip_par
get_parameters: got "eval() arg 1 must be a string, bytes or code object" on 8
In: :N2O2_3A_PIP:N2O2_3A_PIP.f90:n2o2_3a_pip_par
get_parameters: got "eval() arg 1 must be a string, bytes or code object" on 8
In: :N2O2_3A_PIP:N2O2_3A_PIP.f90:n2o2_3a_pip_par
get_parameters: got "eval() arg 1 must be a string, bytes or code object" on 8
In: :N2O2_3A_PIP:N2O2_3A_PIP.f90:n2o2_3a_pip_par
get_parameters: got "eval() arg 1 must be a string, bytes or code object" on 8
In: :N2O2_3A_PIP:N2O2_3A_PIP.f90:n2o2_3a_pip_par
get_parameters: got "eval() arg 1 must be a string, bytes or code object" on 8
In: :N2O2_3A_PIP:N2O2_3A_PIP.f90:n2o2_3a_pip_par
get_parameters: got "eval() arg 1 must be a string, bytes or code object" on 8
In: :N2O2_3A_PIP:N2O2_3A_PIP.f90:n2o2_3a_pip_par
get_parameters: got "eval() arg 1 must be a string, bytes or code object" on 8
			Block: pes
In: :N2O2_3A_PIP:N2O2_3A_PIP.f90:pes
get_parameters: got "eval() arg 1 must be a string, bytes or code object" on 8
In: :N2O2_3A_PIP:N2O2_3A_PIP.f90:pes
get_parameters: got "eval() arg 1 must be a string, bytes or code object" on 8
In: :N2O2_3A_PIP:N2O2_3A_PIP.f90:pes
get_parameters: got "eval() arg 1 must be a string, bytes or code object" on 8
In: :N2O2_3A_PIP:N2O2_3A_PIP.f90:pes
get_parameters: got "eval() arg 1 must be a string, bytes or code object" on 8
In: :N2O2_3A_PIP:N2O2_3A_PIP.f90:pes
get_parameters: got "eval() arg 1 must be a string, bytes or code object" on 8
In: :N2O2_3A_PIP:N2O2_3A_PIP.f90:pes
get_parameters: got "eval() arg 1 must be a string, bytes or code object" on 8
In: :N2O2_3A_PIP:N2O2_3A_PIP.f90:pes
get_parameters: got "eval() arg 1 must be a string, bytes or code object" on 8
In: :N2O2_3A_PIP:N2O2_3A_PIP.f90:pes
get_parameters: got "eval() arg 1 must be a string, bytes or code object" on 8
In: :N2O2_3A_PIP:N2O2_3A_PIP.f90:pes
get_parameters: got "eval() arg 1 must be a string, bytes or code object" on 8
			Block: n2o2pes
In: :N2O2_3A_PIP:N2O2_3A_PIP.f90:n2o2pes
get_parameters: got "eval() arg 1 must be a string, bytes or code object" on 8
In: :N2O2_3A_PIP:N2O2_3A_PIP.f90:n2o2pes
get_parameters: got "eval() arg 1 must be a string, bytes or code object" on 8
In: :N2O2_3A_PIP:N2O2_3A_PIP.f90:n2o2pes
get_parameters: got "eval() arg 1 must be a string, bytes or code object" on 8
In: :N2O2_3A_PIP:N2O2_3A_PIP.f90:n2o2pes
get_parameters: got "eval() arg 1 must be a string, bytes or code object" on 8
In: :N2O2_3A_PIP:N2O2_3A_PIP.f90:n2o2pes
get_parameters: got "eval() arg 1 must be a string, bytes or code object" on 8
In: :N2O2_3A_PIP:N2O2_3A_PIP.f90:n2o2pes
get_parameters: got "eval() arg 1 must be a string, bytes or code object" on 8
In: :N2O2_3A_PIP:N2O2_3A_PIP.f90:n2o2pes
get_parameters: got "eval() arg 1 must be a string, bytes or code object" on 8
In: :N2O2_3A_PIP:N2O2_3A_PIP.f90:n2o2pes
get_parameters: got "eval() arg 1 must be a string, bytes or code object" on 8
In: :N2O2_3A_PIP:N2O2_3A_PIP.f90:n2o2pes
get_parameters: got "eval() arg 1 must be a string, bytes or code object" on 8
			Block: coord_convt
In: :N2O2_3A_PIP:N2O2_3A_PIP.f90:coord_convt
get_parameters: got "eval() arg 1 must be a string, bytes or code object" on 8
In: :N2O2_3A_PIP:N2O2_3A_PIP.f90:coord_convt
get_parameters: got "eval() arg 1 must be a string, bytes or code object" on 8
In: :N2O2_3A_PIP:N2O2_3A_PIP.f90:coord_convt
get_parameters: got "eval() arg 1 must be a string, bytes or code object" on 8
In: :N2O2_3A_PIP:N2O2_3A_PIP.f90:coord_convt
get_parameters: got "eval() arg 1 must be a string, bytes or code object" on 8
In: :N2O2_3A_PIP:N2O2_3A_PIP.f90:coord_convt
get_parameters: got "eval() arg 1 must be a string, bytes or code object" on 8
In: :N2O2_3A_PIP:N2O2_3A_PIP.f90:coord_convt
get_parameters: got "eval() arg 1 must be a string, bytes or code object" on 8
In: :N2O2_3A_PIP:N2O2_3A_PIP.f90:coord_convt
get_parameters: got "eval() arg 1 must be a string, bytes or code object" on 8
In: :N2O2_3A_PIP:N2O2_3A_PIP.f90:coord_convt
get_parameters: got "eval() arg 1 must be a string, bytes or code object" on 8
In: :N2O2_3A_PIP:N2O2_3A_PIP.f90:coord_convt
get_parameters: got "eval() arg 1 must be a string, bytes or code object" on 8
			Block: evv
In: :N2O2_3A_PIP:N2O2_3A_PIP.f90:evv
get_parameters: got "eval() arg 1 must be a string, bytes or code object" on 8
In: :N2O2_3A_PIP:N2O2_3A_PIP.f90:evv
get_parameters: got "eval() arg 1 must be a string, bytes or code object" on 8
In: :N2O2_3A_PIP:N2O2_3A_PIP.f90:evv
get_parameters: got "eval() arg 1 must be a string, bytes or code object" on 8
In: :N2O2_3A_PIP:N2O2_3A_PIP.f90:evv
get_parameters: got "eval() arg 1 must be a string, bytes or code object" on 8
In: :N2O2_3A_PIP:N2O2_3A_PIP.f90:evv
get_parameters: got "eval() arg 1 must be a string, bytes or code object" on 8
In: :N2O2_3A_PIP:N2O2_3A_PIP.f90:evv
get_parameters: got "eval() arg 1 must be a string, bytes or code object" on 8
In: :N2O2_3A_PIP:N2O2_3A_PIP.f90:evv
get_parameters: got "eval() arg 1 must be a string, bytes or code object" on 8
In: :N2O2_3A_PIP:N2O2_3A_PIP.f90:evv
get_parameters: got "eval() arg 1 must be a string, bytes or code object" on 8
In: :N2O2_3A_PIP:N2O2_3A_PIP.f90:evv
get_parameters: got "eval() arg 1 must be a string, bytes or code object" on 8
			Block: evdvdx
In: :N2O2_3A_PIP:N2O2_3A_PIP.f90:evdvdx
get_parameters: got "eval() arg 1 must be a string, bytes or code object" on 8
In: :N2O2_3A_PIP:N2O2_3A_PIP.f90:evdvdx
get_parameters: got "eval() arg 1 must be a string, bytes or code object" on 8
In: :N2O2_3A_PIP:N2O2_3A_PIP.f90:evdvdx
get_parameters: got "eval() arg 1 must be a string, bytes or code object" on 8
In: :N2O2_3A_PIP:N2O2_3A_PIP.f90:evdvdx
get_parameters: got "eval() arg 1 must be a string, bytes or code object" on 8
In: :N2O2_3A_PIP:N2O2_3A_PIP.f90:evdvdx
get_parameters: got "eval() arg 1 must be a string, bytes or code object" on 8
In: :N2O2_3A_PIP:N2O2_3A_PIP.f90:evdvdx
get_parameters: got "eval() arg 1 must be a string, bytes or code object" on 8
In: :N2O2_3A_PIP:N2O2_3A_PIP.f90:evdvdx
get_parameters: got "eval() arg 1 must be a string, bytes or code object" on 8
In: :N2O2_3A_PIP:N2O2_3A_PIP.f90:evdvdx
get_parameters: got "eval() arg 1 must be a string, bytes or code object" on 8
In: :N2O2_3A_PIP:N2O2_3A_PIP.f90:evdvdx
get_parameters: got "eval() arg 1 must be a string, bytes or code object" on 8
			Block: evmeg
In: :N2O2_3A_PIP:N2O2_3A_PIP.f90:evmeg
get_parameters: got "eval() arg 1 must be a string, bytes or code object" on 8
In: :N2O2_3A_PIP:N2O2_3A_PIP.f90:evmeg
get_parameters: got "eval() arg 1 must be a string, bytes or code object" on 8
In: :N2O2_3A_PIP:N2O2_3A_PIP.f90:evmeg
get_parameters: got "eval() arg 1 must be a string, bytes or code object" on 8
In: :N2O2_3A_PIP:N2O2_3A_PIP.f90:evmeg
get_parameters: got "eval() arg 1 must be a string, bytes or code object" on 8
In: :N2O2_3A_PIP:N2O2_3A_PIP.f90:evmeg
get_parameters: got "eval() arg 1 must be a string, bytes or code object" on 8
In: :N2O2_3A_PIP:N2O2_3A_PIP.f90:evmeg
get_parameters: got "eval() arg 1 must be a string, bytes or code object" on 8
In: :N2O2_3A_PIP:N2O2_3A_PIP.f90:evmeg
get_parameters: got "eval() arg 1 must be a string, bytes or code object" on 8
In: :N2O2_3A_PIP:N2O2_3A_PIP.f90:evmeg
get_parameters: got "eval() arg 1 must be a string, bytes or code object" on 8
In: :N2O2_3A_PIP:N2O2_3A_PIP.f90:evmeg
get_parameters: got "eval() arg 1 must be a string, bytes or code object" on 8
			Block: evmono
In: :N2O2_3A_PIP:N2O2_3A_PIP.f90:evmono
get_parameters: got "eval() arg 1 must be a string, bytes or code object" on 8
In: :N2O2_3A_PIP:N2O2_3A_PIP.f90:evmono
get_parameters: got "eval() arg 1 must be a string, bytes or code object" on 8
In: :N2O2_3A_PIP:N2O2_3A_PIP.f90:evmono
get_parameters: got "eval() arg 1 must be a string, bytes or code object" on 8
In: :N2O2_3A_PIP:N2O2_3A_PIP.f90:evmono
get_parameters: got "eval() arg 1 must be a string, bytes or code object" on 8
In: :N2O2_3A_PIP:N2O2_3A_PIP.f90:evmono
get_parameters: got "eval() arg 1 must be a string, bytes or code object" on 8
In: :N2O2_3A_PIP:N2O2_3A_PIP.f90:evmono
get_parameters: got "eval() arg 1 must be a string, bytes or code object" on 8
In: :N2O2_3A_PIP:N2O2_3A_PIP.f90:evmono
get_parameters: got "eval() arg 1 must be a string, bytes or code object" on 8
In: :N2O2_3A_PIP:N2O2_3A_PIP.f90:evmono
get_parameters: got "eval() arg 1 must be a string, bytes or code object" on 8
In: :N2O2_3A_PIP:N2O2_3A_PIP.f90:evmono
get_parameters: got "eval() arg 1 must be a string, bytes or code object" on 8
			Block: evpoly
In: :N2O2_3A_PIP:N2O2_3A_PIP.f90:evpoly
get_parameters: got "eval() arg 1 must be a string, bytes or code object" on 8
In: :N2O2_3A_PIP:N2O2_3A_PIP.f90:evpoly
get_parameters: got "eval() arg 1 must be a string, bytes or code object" on 8
In: :N2O2_3A_PIP:N2O2_3A_PIP.f90:evpoly
get_parameters: got "eval() arg 1 must be a string, bytes or code object" on 8
In: :N2O2_3A_PIP:N2O2_3A_PIP.f90:evpoly
get_parameters: got "eval() arg 1 must be a string, bytes or code object" on 8
In: :N2O2_3A_PIP:N2O2_3A_PIP.f90:evpoly
get_parameters: got "eval() arg 1 must be a string, bytes or code object" on 8
In: :N2O2_3A_PIP:N2O2_3A_PIP.f90:evpoly
get_parameters: got "eval() arg 1 must be a string, bytes or code object" on 8
In: :N2O2_3A_PIP:N2O2_3A_PIP.f90:evpoly
get_parameters: got "eval() arg 1 must be a string, bytes or code object" on 8
In: :N2O2_3A_PIP:N2O2_3A_PIP.f90:evpoly
get_parameters: got "eval() arg 1 must be a string, bytes or code object" on 8
In: :N2O2_3A_PIP:N2O2_3A_PIP.f90:evpoly
get_parameters: got "eval() arg 1 must be a string, bytes or code object" on 8
			Block: evbas
In: :N2O2_3A_PIP:N2O2_3A_PIP.f90:evbas
get_parameters: got "eval() arg 1 must be a string, bytes or code object" on 8
In: :N2O2_3A_PIP:N2O2_3A_PIP.f90:evbas
get_parameters: got "eval() arg 1 must be a string, bytes or code object" on 8
In: :N2O2_3A_PIP:N2O2_3A_PIP.f90:evbas
get_parameters: got "eval() arg 1 must be a string, bytes or code object" on 8
In: :N2O2_3A_PIP:N2O2_3A_PIP.f90:evbas
get_parameters: got "eval() arg 1 must be a string, bytes or code object" on 8
In: :N2O2_3A_PIP:N2O2_3A_PIP.f90:evbas
get_parameters: got "eval() arg 1 must be a string, bytes or code object" on 8
In: :N2O2_3A_PIP:N2O2_3A_PIP.f90:evbas
get_parameters: got "eval() arg 1 must be a string, bytes or code object" on 8
In: :N2O2_3A_PIP:N2O2_3A_PIP.f90:evbas
get_parameters: got "eval() arg 1 must be a string, bytes or code object" on 8
In: :N2O2_3A_PIP:N2O2_3A_PIP.f90:evbas
get_parameters: got "eval() arg 1 must be a string, bytes or code object" on 8
In: :N2O2_3A_PIP:N2O2_3A_PIP.f90:evbas
get_parameters: got "eval() arg 1 must be a string, bytes or code object" on 8
			Block: ev2gm2
			Block: evdvdr
In: :N2O2_3A_PIP:N2O2_3A_PIP.f90:evdvdr
get_parameters: got "eval() arg 1 must be a string, bytes or code object" on 8
In: :N2O2_3A_PIP:N2O2_3A_PIP.f90:evdvdr
get_parameters: got "eval() arg 1 must be a string, bytes or code object" on 8
In: :N2O2_3A_PIP:N2O2_3A_PIP.f90:evdvdr
get_parameters: got "eval() arg 1 must be a string, bytes or code object" on 8
In: :N2O2_3A_PIP:N2O2_3A_PIP.f90:evdvdr
get_parameters: got "eval() arg 1 must be a string, bytes or code object" on 8
In: :N2O2_3A_PIP:N2O2_3A_PIP.f90:evdvdr
get_parameters: got "eval() arg 1 must be a string, bytes or code object" on 8
In: :N2O2_3A_PIP:N2O2_3A_PIP.f90:evdvdr
get_parameters: got "eval() arg 1 must be a string, bytes or code object" on 8
In: :N2O2_3A_PIP:N2O2_3A_PIP.f90:evdvdr
get_parameters: got "eval() arg 1 must be a string, bytes or code object" on 8
In: :N2O2_3A_PIP:N2O2_3A_PIP.f90:evdvdr
get_parameters: got "eval() arg 1 must be a string, bytes or code object" on 8
In: :N2O2_3A_PIP:N2O2_3A_PIP.f90:evdvdr
get_parameters: got "eval() arg 1 must be a string, bytes or code object" on 8
			Block: evdrdx
In: :N2O2_3A_PIP:N2O2_3A_PIP.f90:evdrdx
get_parameters: got "eval() arg 1 must be a string, bytes or code object" on 8
In: :N2O2_3A_PIP:N2O2_3A_PIP.f90:evdrdx
get_parameters: got "eval() arg 1 must be a string, bytes or code object" on 8
In: :N2O2_3A_PIP:N2O2_3A_PIP.f90:evdrdx
get_parameters: got "eval() arg 1 must be a string, bytes or code object" on 8
In: :N2O2_3A_PIP:N2O2_3A_PIP.f90:evdrdx
get_parameters: got "eval() arg 1 must be a string, bytes or code object" on 8
In: :N2O2_3A_PIP:N2O2_3A_PIP.f90:evdrdx
get_parameters: got "eval() arg 1 must be a string, bytes or code object" on 8
In: :N2O2_3A_PIP:N2O2_3A_PIP.f90:evdrdx
get_parameters: got "eval() arg 1 must be a string, bytes or code object" on 8
In: :N2O2_3A_PIP:N2O2_3A_PIP.f90:evdrdx
get_parameters: got "eval() arg 1 must be a string, bytes or code object" on 8
In: :N2O2_3A_PIP:N2O2_3A_PIP.f90:evdrdx
get_parameters: got "eval() arg 1 must be a string, bytes or code object" on 8
In: :N2O2_3A_PIP:N2O2_3A_PIP.f90:evdrdx
get_parameters: got "eval() arg 1 must be a string, bytes or code object" on 8
			Block: evdmsdr
In: :N2O2_3A_PIP:N2O2_3A_PIP.f90:evdmsdr
get_parameters: got "eval() arg 1 must be a string, bytes or code object" on 8
In: :N2O2_3A_PIP:N2O2_3A_PIP.f90:evdmsdr
get_parameters: got "eval() arg 1 must be a string, bytes or code object" on 8
In: :N2O2_3A_PIP:N2O2_3A_PIP.f90:evdmsdr
get_parameters: got "eval() arg 1 must be a string, bytes or code object" on 8
In: :N2O2_3A_PIP:N2O2_3A_PIP.f90:evdmsdr
get_parameters: got "eval() arg 1 must be a string, bytes or code object" on 8
In: :N2O2_3A_PIP:N2O2_3A_PIP.f90:evdmsdr
get_parameters: got "eval() arg 1 must be a string, bytes or code object" on 8
In: :N2O2_3A_PIP:N2O2_3A_PIP.f90:evdmsdr
get_parameters: got "eval() arg 1 must be a string, bytes or code object" on 8
In: :N2O2_3A_PIP:N2O2_3A_PIP.f90:evdmsdr
get_parameters: got "eval() arg 1 must be a string, bytes or code object" on 8
In: :N2O2_3A_PIP:N2O2_3A_PIP.f90:evdmsdr
get_parameters: got "eval() arg 1 must be a string, bytes or code object" on 8
In: :N2O2_3A_PIP:N2O2_3A_PIP.f90:evdmsdr
get_parameters: got "eval() arg 1 must be a string, bytes or code object" on 8
			Block: evdmdr
In: :N2O2_3A_PIP:N2O2_3A_PIP.f90:evdmdr
get_parameters: got "eval() arg 1 must be a string, bytes or code object" on 8
In: :N2O2_3A_PIP:N2O2_3A_PIP.f90:evdmdr
get_parameters: got "eval() arg 1 must be a string, bytes or code object" on 8
In: :N2O2_3A_PIP:N2O2_3A_PIP.f90:evdmdr
get_parameters: got "eval() arg 1 must be a string, bytes or code object" on 8
In: :N2O2_3A_PIP:N2O2_3A_PIP.f90:evdmdr
get_parameters: got "eval() arg 1 must be a string, bytes or code object" on 8
In: :N2O2_3A_PIP:N2O2_3A_PIP.f90:evdmdr
get_parameters: got "eval() arg 1 must be a string, bytes or code object" on 8
In: :N2O2_3A_PIP:N2O2_3A_PIP.f90:evdmdr
get_parameters: got "eval() arg 1 must be a string, bytes or code object" on 8
In: :N2O2_3A_PIP:N2O2_3A_PIP.f90:evdmdr
get_parameters: got "eval() arg 1 must be a string, bytes or code object" on 8
In: :N2O2_3A_PIP:N2O2_3A_PIP.f90:evdmdr
get_parameters: got "eval() arg 1 must be a string, bytes or code object" on 8
In: :N2O2_3A_PIP:N2O2_3A_PIP.f90:evdmdr
get_parameters: got "eval() arg 1 must be a string, bytes or code object" on 8
			Block: evdpdr
In: :N2O2_3A_PIP:N2O2_3A_PIP.f90:evdpdr
get_parameters: got "eval() arg 1 must be a string, bytes or code object" on 8
In: :N2O2_3A_PIP:N2O2_3A_PIP.f90:evdpdr
get_parameters: got "eval() arg 1 must be a string, bytes or code object" on 8
In: :N2O2_3A_PIP:N2O2_3A_PIP.f90:evdpdr
get_parameters: got "eval() arg 1 must be a string, bytes or code object" on 8
In: :N2O2_3A_PIP:N2O2_3A_PIP.f90:evdpdr
get_parameters: got "eval() arg 1 must be a string, bytes or code object" on 8
In: :N2O2_3A_PIP:N2O2_3A_PIP.f90:evdpdr
get_parameters: got "eval() arg 1 must be a string, bytes or code object" on 8
In: :N2O2_3A_PIP:N2O2_3A_PIP.f90:evdpdr
get_parameters: got "eval() arg 1 must be a string, bytes or code object" on 8
In: :N2O2_3A_PIP:N2O2_3A_PIP.f90:evdpdr
get_parameters: got "eval() arg 1 must be a string, bytes or code object" on 8
In: :N2O2_3A_PIP:N2O2_3A_PIP.f90:evdpdr
get_parameters: got "eval() arg 1 must be a string, bytes or code object" on 8
In: :N2O2_3A_PIP:N2O2_3A_PIP.f90:evdpdr
get_parameters: got "eval() arg 1 must be a string, bytes or code object" on 8
			Block: evdbdr
In: :N2O2_3A_PIP:N2O2_3A_PIP.f90:evdbdr
get_parameters: got "eval() arg 1 must be a string, bytes or code object" on 8
In: :N2O2_3A_PIP:N2O2_3A_PIP.f90:evdbdr
get_parameters: got "eval() arg 1 must be a string, bytes or code object" on 8
In: :N2O2_3A_PIP:N2O2_3A_PIP.f90:evdbdr
get_parameters: got "eval() arg 1 must be a string, bytes or code object" on 8
In: :N2O2_3A_PIP:N2O2_3A_PIP.f90:evdbdr
get_parameters: got "eval() arg 1 must be a string, bytes or code object" on 8
In: :N2O2_3A_PIP:N2O2_3A_PIP.f90:evdbdr
get_parameters: got "eval() arg 1 must be a string, bytes or code object" on 8
In: :N2O2_3A_PIP:N2O2_3A_PIP.f90:evdbdr
get_parameters: got "eval() arg 1 must be a string, bytes or code object" on 8
In: :N2O2_3A_PIP:N2O2_3A_PIP.f90:evdbdr
get_parameters: got "eval() arg 1 must be a string, bytes or code object" on 8
In: :N2O2_3A_PIP:N2O2_3A_PIP.f90:evdbdr
get_parameters: got "eval() arg 1 must be a string, bytes or code object" on 8
In: :N2O2_3A_PIP:N2O2_3A_PIP.f90:evdbdr
get_parameters: got "eval() arg 1 must be a string, bytes or code object" on 8
Applying post-processing hooks...
  character_backward_compatibility_hook
Post-processing (stage 2)...
	Block: N2O2_3A_PIP
		Block: unknown_interface
			Block: n2o2_3a_pip_par
			Block: pes
			Block: n2o2pes
			Block: coord_convt
			Block: evv
			Block: evdvdx
			Block: evmeg
			Block: evmono
			Block: evpoly
			Block: evbas
			Block: ev2gm2
			Block: evdvdr
			Block: evdrdx
			Block: evdmsdr
			Block: evdmdr
			Block: evdpdr
			Block: evdbdr
Building modules...
    Building module "N2O2_3A_PIP"...
    Generating possibly empty wrappers"
    Maybe empty "N2O2_3A_PIP-f2pywrappers.f"
        Constructing wrapper function "pes"...
          potential,gradient,dvec = pes(x,igrad)
    Generating possibly empty wrappers"
    Maybe empty "N2O2_3A_PIP-f2pywrappers.f"
        Constructing wrapper function "n2o2pes"...
          n2o2pes(x,v,dvdx,igrad)
    Generating possibly empty wrappers"
    Maybe empty "N2O2_3A_PIP-f2pywrappers.f"
        Constructing wrapper function "coord_convt"...
          coord_convt(x)
    Generating possibly empty wrappers"
    Maybe empty "N2O2_3A_PIP-f2pywrappers.f"
        Constructing wrapper function "evv"...
          evv(v)
    Generating possibly empty wrappers"
    Maybe empty "N2O2_3A_PIP-f2pywrappers.f"
        Constructing wrapper function "evdvdx"...
          evdvdx(x,dvdx)
    Generating possibly empty wrappers"
    Maybe empty "N2O2_3A_PIP-f2pywrappers.f"
        Constructing wrapper function "evmeg"...
          evmeg()
    Generating possibly empty wrappers"
    Maybe empty "N2O2_3A_PIP-f2pywrappers.f"
        Constructing wrapper function "evmono"...
          evmono()
    Generating possibly empty wrappers"
    Maybe empty "N2O2_3A_PIP-f2pywrappers.f"
        Constructing wrapper function "evpoly"...
          evpoly()
    Generating possibly empty wrappers"
    Maybe empty "N2O2_3A_PIP-f2pywrappers.f"
        Constructing wrapper function "evbas"...
          evbas()
    Generating possibly empty wrappers"
    Maybe empty "N2O2_3A_PIP-f2pywrappers.f"
        Constructing wrapper function "ev2gm2"...
          v2,dv2dr = ev2gm2(r,pairw,imol,igrad)
    Generating possibly empty wrappers"
    Maybe empty "N2O2_3A_PIP-f2pywrappers.f"
        Constructing wrapper function "evdvdr"...
          evdvdr()
    Generating possibly empty wrappers"
    Maybe empty "N2O2_3A_PIP-f2pywrappers.f"
        Constructing wrapper function "evdrdx"...
          evdrdx(x)
    Generating possibly empty wrappers"
    Maybe empty "N2O2_3A_PIP-f2pywrappers.f"
        Constructing wrapper function "evdmsdr"...
          evdmsdr()
    Generating possibly empty wrappers"
    Maybe empty "N2O2_3A_PIP-f2pywrappers.f"
        Constructing wrapper function "evdmdr"...
          evdmdr()
    Generating possibly empty wrappers"
    Maybe empty "N2O2_3A_PIP-f2pywrappers.f"
        Constructing wrapper function "evdpdr"...
          evdpdr()
    Generating possibly empty wrappers"
    Maybe empty "N2O2_3A_PIP-f2pywrappers.f"
        Constructing wrapper function "evdbdr"...
          evdbdr()
		Constructing F90 module support for "n2o2_3a_pip_par"...
		  Variables: cconv econv gconv r rms rm p b dmsdr dmdr dpdr dvdr drdx dbdr a ab re eref totdiss c
    Wrote C/API module "N2O2_3A_PIP" to file "/tmp/tmpvizs_gvf/src.linux-x86_64-3.11/N2O2_3A_PIPmodule.c"
    Fortran 90 wrappers are saved to "/tmp/tmpvizs_gvf/src.linux-x86_64-3.11/N2O2_3A_PIP-f2pywrappers2.f90"
INFO:   adding '/tmp/tmpvizs_gvf/src.linux-x86_64-3.11/fortranobject.c' to sources.
INFO:   adding '/tmp/tmpvizs_gvf/src.linux-x86_64-3.11' to include_dirs.
copying /home/truhlard/shuxx055/anaconda3/lib/python3.11/site-packages/numpy/f2py/src/fortranobject.c -> /tmp/tmpvizs_gvf/src.linux-x86_64-3.11
copying /home/truhlard/shuxx055/anaconda3/lib/python3.11/site-packages/numpy/f2py/src/fortranobject.h -> /tmp/tmpvizs_gvf/src.linux-x86_64-3.11
INFO:   adding '/tmp/tmpvizs_gvf/src.linux-x86_64-3.11/N2O2_3A_PIP-f2pywrappers.f' to sources.
INFO:   adding '/tmp/tmpvizs_gvf/src.linux-x86_64-3.11/N2O2_3A_PIP-f2pywrappers2.f90' to sources.
INFO: build_src: building npy-pkg config files
/home/truhlard/shuxx055/anaconda3/lib/python3.11/site-packages/setuptools/_distutils/cmd.py:66: SetuptoolsDeprecationWarning: setup.py install is deprecated.
!!

        ********************************************************************************
        Please avoid running ``setup.py`` directly.
        Instead, use pypa/build, pypa/installer, pypa/build or
        other standards-based tools.

        See https://blog.ganssle.io/articles/2021/10/setup-py-deprecated.html for details.
        ********************************************************************************

!!
  self.initialize_options()
running build_ext
INFO: customize UnixCCompiler
INFO: customize UnixCCompiler using build_ext
INFO: get_default_fcompiler: matching types: '['arm', 'gnu95', 'intel', 'lahey', 'pg', 'nv', 'absoft', 'nag', 'vast', 'compaq', 'intele', 'intelem', 'gnu', 'g95', 'pathf95', 'nagfor', 'fujitsu']'
INFO: customize ArmFlangCompiler
WARN: Could not locate executable armflang
INFO: customize Gnu95FCompiler
INFO: Found executable /home/truhlard/shuxx055/anaconda3/bin/gfortran
INFO: customize Gnu95FCompiler
INFO: customize Gnu95FCompiler using build_ext
INFO: building 'N2O2_3A_PIP' extension
INFO: compiling C sources
INFO: C compiler: gcc -pthread -B /home/truhlard/shuxx055/anaconda3/compiler_compat -DNDEBUG -fwrapv -O2 -Wall -fPIC -O2 -isystem /home/truhlard/shuxx055/anaconda3/include -fPIC -O2 -isystem /home/truhlard/shuxx055/anaconda3/include -fPIC

creating /tmp/tmpvizs_gvf/tmp
creating /tmp/tmpvizs_gvf/tmp/tmpvizs_gvf
creating /tmp/tmpvizs_gvf/tmp/tmpvizs_gvf/src.linux-x86_64-3.11
INFO: compile options: '-DNPY_DISABLE_OPTIMIZATION=1 -I/tmp/tmpvizs_gvf/src.linux-x86_64-3.11 -I/home/truhlard/shuxx055/anaconda3/lib/python3.11/site-packages/numpy/core/include -I/home/truhlard/shuxx055/anaconda3/include/python3.11 -c'
INFO: gcc: /tmp/tmpvizs_gvf/src.linux-x86_64-3.11/fortranobject.c
INFO: gcc: /tmp/tmpvizs_gvf/src.linux-x86_64-3.11/N2O2_3A_PIPmodule.c
INFO: compiling Fortran 90 module sources
INFO: Fortran f77 compiler: /home/truhlard/shuxx055/anaconda3/bin/gfortran -Wall -g -ffixed-form -fno-second-underscore -fPIC -O3 -funroll-loops
Fortran f90 compiler: /home/truhlard/shuxx055/anaconda3/bin/gfortran -fallow-argument-mismatch -std=legacy -fPIC -O3 -funroll-loops
Fortran fix compiler: /home/truhlard/shuxx055/anaconda3/bin/gfortran -Wall -g -ffixed-form -fno-second-underscore -fallow-argument-mismatch -std=legacy -fPIC -O3 -funroll-loops
INFO: compile options: '-I/tmp/tmpvizs_gvf/src.linux-x86_64-3.11 -I/home/truhlard/shuxx055/anaconda3/lib/python3.11/site-packages/numpy/core/include -I/home/truhlard/shuxx055/anaconda3/include/python3.11 -c'
extra options: '-J/tmp/tmpvizs_gvf/ -I/tmp/tmpvizs_gvf/'
INFO: gfortran:f90: N2O2_3A_PIP.f90
INFO: compiling Fortran sources
INFO: Fortran f77 compiler: /home/truhlard/shuxx055/anaconda3/bin/gfortran -Wall -g -ffixed-form -fno-second-underscore -fPIC -O3 -funroll-loops
Fortran f90 compiler: /home/truhlard/shuxx055/anaconda3/bin/gfortran -fallow-argument-mismatch -std=legacy -fPIC -O3 -funroll-loops
Fortran fix compiler: /home/truhlard/shuxx055/anaconda3/bin/gfortran -Wall -g -ffixed-form -fno-second-underscore -fallow-argument-mismatch -std=legacy -fPIC -O3 -funroll-loops
INFO: compile options: '-I/tmp/tmpvizs_gvf/src.linux-x86_64-3.11 -I/home/truhlard/shuxx055/anaconda3/lib/python3.11/site-packages/numpy/core/include -I/home/truhlard/shuxx055/anaconda3/include/python3.11 -c'
extra options: '-J/tmp/tmpvizs_gvf/ -I/tmp/tmpvizs_gvf/'
INFO: gfortran:f90: /tmp/tmpvizs_gvf/src.linux-x86_64-3.11/N2O2_3A_PIP-f2pywrappers2.f90
INFO: gfortran:f77: /tmp/tmpvizs_gvf/src.linux-x86_64-3.11/N2O2_3A_PIP-f2pywrappers.f
INFO: /home/truhlard/shuxx055/anaconda3/bin/gfortran -Wall -g -Wall -g -shared /tmp/tmpvizs_gvf/tmp/tmpvizs_gvf/src.linux-x86_64-3.11/N2O2_3A_PIPmodule.o /tmp/tmpvizs_gvf/tmp/tmpvizs_gvf/src.linux-x86_64-3.11/fortranobject.o /tmp/tmpvizs_gvf/N2O2_3A_PIP.o /tmp/tmpvizs_gvf/tmp/tmpvizs_gvf/src.linux-x86_64-3.11/N2O2_3A_PIP-f2pywrappers.o /tmp/tmpvizs_gvf/tmp/tmpvizs_gvf/src.linux-x86_64-3.11/N2O2_3A_PIP-f2pywrappers2.o -L/panfs/jay/groups/16/truhlard/shuxx055/anaconda3/bin/../lib/gcc/x86_64-conda-linux-gnu/13.1.0/../../../../x86_64-conda-linux-gnu/lib/../lib -L/panfs/jay/groups/16/truhlard/shuxx055/anaconda3/bin/../lib/gcc/x86_64-conda-linux-gnu/13.1.0/../../../../x86_64-conda-linux-gnu/lib/../lib -lmkl_intel_lp64 -lmkl_sequential -lmkl_core -lgfortran -o ./N2O2_3A_PIP.cpython-311-x86_64-linux-gnu.so
Removing build directory /tmp/tmpvizs_gvf
