running build
running config_cc
INFO: unifing config_cc, config, build_clib, build_ext, build commands --compiler options
running config_fc
INFO: unifing config_fc, config, build_clib, build_ext, build commands --fcompiler options
running build_src
INFO: build_src
INFO: building extension "CH3OH_PIP" sources
INFO: f2py options: []
INFO: f2py:> /tmp/tmpa20o1nis/src.linux-x86_64-3.11/CH3OH_PIPmodule.c
creating /tmp/tmpa20o1nis/src.linux-x86_64-3.11
Reading fortran codes...
	Reading file 'CH3OH_PIP.f90' (format:free)
Post-processing...
	Block: CH3OH_PIP
			Block: pes_shell
In: :CH3OH_PIP:CH3OH_PIP.f90:pes_shell
get_parameters: got "eval() arg 1 must be a string, bytes or code object" on 8
				Block: prepot
				Block: calcpot
				Block: potshell
				Block: getd0
				Block: getr0
				Block: getrvec
				Block: getvec
				Block: getv_x4yz
			Block: pes
In: :CH3OH_PIP:CH3OH_PIP.f90:pes
get_parameters: got "eval() arg 1 must be a string, bytes or code object" on 8
Applying post-processing hooks...
  character_backward_compatibility_hook
Post-processing (stage 2)...
	Block: CH3OH_PIP
		Block: unknown_interface
			Block: pes_shell
				Block: prepot
				Block: calcpot
				Block: potshell
				Block: getd0
				Block: getr0
				Block: getrvec
				Block: getvec
				Block: getv_x4yz
			Block: pes
Building modules...
    Building module "CH3OH_PIP"...
    Generating possibly empty wrappers"
    Maybe empty "CH3OH_PIP-f2pywrappers.f"
        Constructing wrapper function "pes"...
          p,g,d = pes(x,igrad,path)
		Constructing COMMON block support for "ncoe"...
		  m,mr
		Constructing COMMON block support for "ch3ohcoe"...
		  dc0,dw0,coef
		Constructing F90 module support for "pes_shell"...
		  Variables: auang
            Constructing wrapper function "pes_shell.prepot"...
              prepot(path)
            Constructing wrapper function "pes_shell.calcpot"...
              calcpot(v,xyz)
            Constructing wrapper function "pes_shell.potshell"...
              potshell(xn,v)
            Constructing wrapper function "pes_shell.getd0"...
              getd0(r0,d0,[nk])
            Constructing wrapper function "pes_shell.getr0"...
              getr0(xn,r0,[nk])
            Constructing wrapper function "pes_shell.getrvec"...
              getrvec(r,vec,[ms])
            Constructing wrapper function "pes_shell.getvec"...
              getvec(ms,mr,xn,vec)
            Constructing wrapper function "pes_shell.getv_x4yz"...
              getv_x4yz(d,vec,[m])
    Wrote C/API module "CH3OH_PIP" to file "/tmp/tmpa20o1nis/src.linux-x86_64-3.11/CH3OH_PIPmodule.c"
    Fortran 77 wrappers are saved to "/tmp/tmpa20o1nis/src.linux-x86_64-3.11/CH3OH_PIP-f2pywrappers.f"
    Fortran 90 wrappers are saved to "/tmp/tmpa20o1nis/src.linux-x86_64-3.11/CH3OH_PIP-f2pywrappers2.f90"
INFO:   adding '/tmp/tmpa20o1nis/src.linux-x86_64-3.11/fortranobject.c' to sources.
INFO:   adding '/tmp/tmpa20o1nis/src.linux-x86_64-3.11' to include_dirs.
copying /home/truhlard/shuxx055/anaconda3/lib/python3.11/site-packages/numpy/f2py/src/fortranobject.c -> /tmp/tmpa20o1nis/src.linux-x86_64-3.11
copying /home/truhlard/shuxx055/anaconda3/lib/python3.11/site-packages/numpy/f2py/src/fortranobject.h -> /tmp/tmpa20o1nis/src.linux-x86_64-3.11
INFO:   adding '/tmp/tmpa20o1nis/src.linux-x86_64-3.11/CH3OH_PIP-f2pywrappers.f' to sources.
INFO:   adding '/tmp/tmpa20o1nis/src.linux-x86_64-3.11/CH3OH_PIP-f2pywrappers2.f90' to sources.
INFO: build_src: building npy-pkg config files
/home/truhlard/shuxx055/anaconda3/lib/python3.11/site-packages/setuptools/_distutils/cmd.py:66: SetuptoolsDeprecationWarning: setup.py install is deprecated.
!!

        ********************************************************************************
        Please avoid running ``setup.py`` directly.
        Instead, use pypa/build, pypa/installer, pypa/build or
        other standards-based tools.

        See https://blog.ganssle.io/articles/2021/10/setup-py-deprecated.html for details.
        ********************************************************************************

!!
  self.initialize_options()
running build_ext
INFO: customize UnixCCompiler
INFO: customize UnixCCompiler using build_ext
INFO: get_default_fcompiler: matching types: '['arm', 'gnu95', 'intel', 'lahey', 'pg', 'nv', 'absoft', 'nag', 'vast', 'compaq', 'intele', 'intelem', 'gnu', 'g95', 'pathf95', 'nagfor', 'fujitsu']'
INFO: customize ArmFlangCompiler
WARN: Could not locate executable armflang
INFO: customize Gnu95FCompiler
INFO: Found executable /home/truhlard/shuxx055/anaconda3/bin/gfortran
INFO: customize Gnu95FCompiler
INFO: customize Gnu95FCompiler using build_ext
INFO: building 'CH3OH_PIP' extension
INFO: compiling C sources
INFO: C compiler: gcc -pthread -B /home/truhlard/shuxx055/anaconda3/compiler_compat -DNDEBUG -fwrapv -O2 -Wall -fPIC -O2 -isystem /home/truhlard/shuxx055/anaconda3/include -fPIC -O2 -isystem /home/truhlard/shuxx055/anaconda3/include -fPIC

creating /tmp/tmpa20o1nis/tmp
creating /tmp/tmpa20o1nis/tmp/tmpa20o1nis
creating /tmp/tmpa20o1nis/tmp/tmpa20o1nis/src.linux-x86_64-3.11
INFO: compile options: '-DNPY_DISABLE_OPTIMIZATION=1 -I/tmp/tmpa20o1nis/src.linux-x86_64-3.11 -I/home/truhlard/shuxx055/anaconda3/lib/python3.11/site-packages/numpy/core/include -I/home/truhlard/shuxx055/anaconda3/include/python3.11 -c'
INFO: gcc: /tmp/tmpa20o1nis/src.linux-x86_64-3.11/CH3OH_PIPmodule.c
INFO: gcc: /tmp/tmpa20o1nis/src.linux-x86_64-3.11/fortranobject.c
INFO: compiling Fortran 90 module sources
INFO: Fortran f77 compiler: /home/truhlard/shuxx055/anaconda3/bin/gfortran -Wall -g -ffixed-form -fno-second-underscore -fPIC -O3 -funroll-loops
Fortran f90 compiler: /home/truhlard/shuxx055/anaconda3/bin/gfortran -fallow-argument-mismatch -std=legacy -fPIC -O3 -funroll-loops
Fortran fix compiler: /home/truhlard/shuxx055/anaconda3/bin/gfortran -Wall -g -ffixed-form -fno-second-underscore -fallow-argument-mismatch -std=legacy -fPIC -O3 -funroll-loops
INFO: compile options: '-I/tmp/tmpa20o1nis/src.linux-x86_64-3.11 -I/home/truhlard/shuxx055/anaconda3/lib/python3.11/site-packages/numpy/core/include -I/home/truhlard/shuxx055/anaconda3/include/python3.11 -c'
extra options: '-J/tmp/tmpa20o1nis/ -I/tmp/tmpa20o1nis/'
INFO: gfortran:f90: CH3OH_PIP.f90
INFO: compiling Fortran sources
INFO: Fortran f77 compiler: /home/truhlard/shuxx055/anaconda3/bin/gfortran -Wall -g -ffixed-form -fno-second-underscore -fPIC -O3 -funroll-loops
Fortran f90 compiler: /home/truhlard/shuxx055/anaconda3/bin/gfortran -fallow-argument-mismatch -std=legacy -fPIC -O3 -funroll-loops
Fortran fix compiler: /home/truhlard/shuxx055/anaconda3/bin/gfortran -Wall -g -ffixed-form -fno-second-underscore -fallow-argument-mismatch -std=legacy -fPIC -O3 -funroll-loops
INFO: compile options: '-I/tmp/tmpa20o1nis/src.linux-x86_64-3.11 -I/home/truhlard/shuxx055/anaconda3/lib/python3.11/site-packages/numpy/core/include -I/home/truhlard/shuxx055/anaconda3/include/python3.11 -c'
extra options: '-J/tmp/tmpa20o1nis/ -I/tmp/tmpa20o1nis/'
INFO: gfortran:f90: /tmp/tmpa20o1nis/src.linux-x86_64-3.11/CH3OH_PIP-f2pywrappers2.f90
INFO: gfortran:f77: /tmp/tmpa20o1nis/src.linux-x86_64-3.11/CH3OH_PIP-f2pywrappers.f
INFO: /home/truhlard/shuxx055/anaconda3/bin/gfortran -Wall -g -Wall -g -shared /tmp/tmpa20o1nis/tmp/tmpa20o1nis/src.linux-x86_64-3.11/CH3OH_PIPmodule.o /tmp/tmpa20o1nis/tmp/tmpa20o1nis/src.linux-x86_64-3.11/fortranobject.o /tmp/tmpa20o1nis/CH3OH_PIP.o /tmp/tmpa20o1nis/tmp/tmpa20o1nis/src.linux-x86_64-3.11/CH3OH_PIP-f2pywrappers.o /tmp/tmpa20o1nis/tmp/tmpa20o1nis/src.linux-x86_64-3.11/CH3OH_PIP-f2pywrappers2.o -L/panfs/jay/groups/16/truhlard/shuxx055/anaconda3/bin/../lib/gcc/x86_64-conda-linux-gnu/13.1.0/../../../../x86_64-conda-linux-gnu/lib/../lib -L/panfs/jay/groups/16/truhlard/shuxx055/anaconda3/bin/../lib/gcc/x86_64-conda-linux-gnu/13.1.0/../../../../x86_64-conda-linux-gnu/lib/../lib -lmkl_intel_lp64 -lmkl_sequential -lmkl_core -lgfortran -o ./CH3OH_PIP.cpython-311-x86_64-linux-gnu.so
Removing build directory /tmp/tmpa20o1nis
