running build
running config_cc
INFO: unifing config_cc, config, build_clib, build_ext, build commands --compiler options
running config_fc
INFO: unifing config_fc, config, build_clib, build_ext, build commands --fcompiler options
running build_src
INFO: build_src
INFO: building extension "N2HOCp_PIPNN" sources
INFO: f2py options: []
INFO: f2py:> /tmp/tmpey939qv1/src.linux-x86_64-3.11/N2HOCp_PIPNNmodule.c
creating /tmp/tmpey939qv1/src.linux-x86_64-3.11
Reading fortran codes...
	Reading file 'N2HOCp_PIPNN.f90' (format:fix)
Post-processing...
	Block: N2HOCp_PIPNN
			Block: nnparam
In: :N2HOCp_PIPNN:N2HOCp_PIPNN.f90:nnparam
get_parameters: got "eval() arg 1 must be a string, bytes or code object" on 4
In: :N2HOCp_PIPNN:N2HOCp_PIPNN.f90:nnparam
get_parameters: got "eval() arg 1 must be a string, bytes or code object" on 4
In: :N2HOCp_PIPNN:N2HOCp_PIPNN.f90:nnparam
get_parameters: got "eval() arg 1 must be a string, bytes or code object" on 4
			Block: pes
In: :N2HOCp_PIPNN:N2HOCp_PIPNN.f90:pes
get_parameters: got "eval() arg 1 must be a string, bytes or code object" on 4
In: :N2HOCp_PIPNN:N2HOCp_PIPNN.f90:pes
get_parameters: got "eval() arg 1 must be a string, bytes or code object" on 4
In: :N2HOCp_PIPNN:N2HOCp_PIPNN.f90:pes
get_parameters: got "eval() arg 1 must be a string, bytes or code object" on 4
			Block: distance
			Block: n2chopipnn
In: :N2HOCp_PIPNN:N2HOCp_PIPNN.f90:n2chopipnn
get_parameters: got "eval() arg 1 must be a string, bytes or code object" on 4
In: :N2HOCp_PIPNN:N2HOCp_PIPNN.f90:n2chopipnn
get_parameters: got "eval() arg 1 must be a string, bytes or code object" on 4
In: :N2HOCp_PIPNN:N2HOCp_PIPNN.f90:n2chopipnn
get_parameters: got "eval() arg 1 must be a string, bytes or code object" on 4
			Block: pes_init
In: :N2HOCp_PIPNN:N2HOCp_PIPNN.f90:pes_init
get_parameters: got "eval() arg 1 must be a string, bytes or code object" on 4
In: :N2HOCp_PIPNN:N2HOCp_PIPNN.f90:pes_init
get_parameters: got "eval() arg 1 must be a string, bytes or code object" on 4
In: :N2HOCp_PIPNN:N2HOCp_PIPNN.f90:pes_init
get_parameters: got "eval() arg 1 must be a string, bytes or code object" on 4
			Block: tranfun
			Block: getpot
In: :N2HOCp_PIPNN:N2HOCp_PIPNN.f90:getpot
get_parameters: got "eval() arg 1 must be a string, bytes or code object" on 4
In: :N2HOCp_PIPNN:N2HOCp_PIPNN.f90:getpot
get_parameters: got "eval() arg 1 must be a string, bytes or code object" on 4
In: :N2HOCp_PIPNN:N2HOCp_PIPNN.f90:getpot
get_parameters: got "eval() arg 1 must be a string, bytes or code object" on 4
			Block: emsav21113
			Block: bemsav21113
			Block: evmono21113
			Block: evpoly21113
			Block: getpota
In: :N2HOCp_PIPNN:N2HOCp_PIPNN.f90:getpota
get_parameters: got "eval() arg 1 must be a string, bytes or code object" on 4
In: :N2HOCp_PIPNN:N2HOCp_PIPNN.f90:getpota
get_parameters: got "eval() arg 1 must be a string, bytes or code object" on 4
In: :N2HOCp_PIPNN:N2HOCp_PIPNN.f90:getpota
get_parameters: got "eval() arg 1 must be a string, bytes or code object" on 4
			Block: getpotb
In: :N2HOCp_PIPNN:N2HOCp_PIPNN.f90:getpotb
get_parameters: got "eval() arg 1 must be a string, bytes or code object" on 4
In: :N2HOCp_PIPNN:N2HOCp_PIPNN.f90:getpotb
get_parameters: got "eval() arg 1 must be a string, bytes or code object" on 4
In: :N2HOCp_PIPNN:N2HOCp_PIPNN.f90:getpotb
get_parameters: got "eval() arg 1 must be a string, bytes or code object" on 4
			Block: getpotc
In: :N2HOCp_PIPNN:N2HOCp_PIPNN.f90:getpotc
get_parameters: got "eval() arg 1 must be a string, bytes or code object" on 4
In: :N2HOCp_PIPNN:N2HOCp_PIPNN.f90:getpotc
get_parameters: got "eval() arg 1 must be a string, bytes or code object" on 4
In: :N2HOCp_PIPNN:N2HOCp_PIPNN.f90:getpotc
get_parameters: got "eval() arg 1 must be a string, bytes or code object" on 4
Applying post-processing hooks...
  character_backward_compatibility_hook
Post-processing (stage 2)...
	Block: N2HOCp_PIPNN
		Block: unknown_interface
			Block: nnparam
			Block: pes
			Block: distance
			Block: n2chopipnn
			Block: pes_init
			Block: tranfun
			Block: getpot
			Block: emsav21113
			Block: bemsav21113
			Block: evmono21113
			Block: evpoly21113
			Block: getpota
			Block: getpotb
			Block: getpotc
Building modules...
    Building module "N2HOCp_PIPNN"...
    Generating possibly empty wrappers"
    Maybe empty "N2HOCp_PIPNN-f2pywrappers.f"
        Constructing wrapper function "pes"...
          p,g,d = pes(x,igrad,path)
    Generating possibly empty wrappers"
    Maybe empty "N2HOCp_PIPNN-f2pywrappers.f"
		Creating wrapper for Fortran function "distance"("distance")...
        Constructing wrapper function "distance"...
          distance = distance(a,b)
    Generating possibly empty wrappers"
    Maybe empty "N2HOCp_PIPNN-f2pywrappers.f"
        Constructing wrapper function "n2chopipnn"...
          n2chopipnn(rb,vpes,vpesa,vpesb,vpesc)
    Generating possibly empty wrappers"
    Maybe empty "N2HOCp_PIPNN-f2pywrappers.f"
        Constructing wrapper function "pes_init"...
          pes_init(path)
    Generating possibly empty wrappers"
    Maybe empty "N2HOCp_PIPNN-f2pywrappers.f"
		Creating wrapper for Fortran function "tranfun"("tranfun")...
        Constructing wrapper function "tranfun"...
          tranfun = tranfun(x,ifunc)
    Generating possibly empty wrappers"
    Maybe empty "N2HOCp_PIPNN-f2pywrappers.f"
        Constructing wrapper function "getpot"...
          getpot(x,vpot)
    Generating possibly empty wrappers"
    Maybe empty "N2HOCp_PIPNN-f2pywrappers.f"
		Creating wrapper for Fortran function "emsav21113"("emsav21113")...
        Constructing wrapper function "emsav21113"...
          v = emsav21113(x,c)
    Generating possibly empty wrappers"
    Maybe empty "N2HOCp_PIPNN-f2pywrappers.f"
        Constructing wrapper function "bemsav21113"...
          p = bemsav21113(x)
    Generating possibly empty wrappers"
    Maybe empty "N2HOCp_PIPNN-f2pywrappers.f"
        Constructing wrapper function "evmono21113"...
          m = evmono21113(x)
    Generating possibly empty wrappers"
    Maybe empty "N2HOCp_PIPNN-f2pywrappers.f"
        Constructing wrapper function "evpoly21113"...
          p = evpoly21113(m)
    Generating possibly empty wrappers"
    Maybe empty "N2HOCp_PIPNN-f2pywrappers.f"
        Constructing wrapper function "getpota"...
          getpota(x,vpot)
    Generating possibly empty wrappers"
    Maybe empty "N2HOCp_PIPNN-f2pywrappers.f"
        Constructing wrapper function "getpotb"...
          getpotb(x,vpot)
    Generating possibly empty wrappers"
    Maybe empty "N2HOCp_PIPNN-f2pywrappers.f"
        Constructing wrapper function "getpotc"...
          getpotc(x,vpot)
		Constructing F90 module support for "nnparam"...
		  Variables: alpha pi radian nbasis ndim natom ninput noutput nhid nlayer ifunc nwe nodemax nscale nodes weighta biasa pdela pavga weightb biasb pdelb pavgb weightc biasc pdelc pavgc
getarrdims:warning: assumed shape array, using 0 instead of ':'
getarrdims:warning: assumed shape array, using 0 instead of ':'
getarrdims:warning: assumed shape array, using 0 instead of ':'
getarrdims:warning: assumed shape array, using 0 instead of ':'
getarrdims:warning: assumed shape array, using 0 instead of ':'
getarrdims:warning: assumed shape array, using 0 instead of ':'
getarrdims:warning: assumed shape array, using 0 instead of ':'
getarrdims:warning: assumed shape array, using 0 instead of ':'
getarrdims:warning: assumed shape array, using 0 instead of ':'
getarrdims:warning: assumed shape array, using 0 instead of ':'
getarrdims:warning: assumed shape array, using 0 instead of ':'
getarrdims:warning: assumed shape array, using 0 instead of ':'
getarrdims:warning: assumed shape array, using 0 instead of ':'
getarrdims:warning: assumed shape array, using 0 instead of ':'
getarrdims:warning: assumed shape array, using 0 instead of ':'
getarrdims:warning: assumed shape array, using 0 instead of ':'
getarrdims:warning: assumed shape array, using 0 instead of ':'
getarrdims:warning: assumed shape array, using 0 instead of ':'
getarrdims:warning: assumed shape array, using 0 instead of ':'
getarrdims:warning: assumed shape array, using 0 instead of ':'
getarrdims:warning: assumed shape array, using 0 instead of ':'
getarrdims:warning: assumed shape array, using 0 instead of ':'
    Wrote C/API module "N2HOCp_PIPNN" to file "/tmp/tmpey939qv1/src.linux-x86_64-3.11/N2HOCp_PIPNNmodule.c"
    Fortran 77 wrappers are saved to "/tmp/tmpey939qv1/src.linux-x86_64-3.11/N2HOCp_PIPNN-f2pywrappers.f"
    Fortran 90 wrappers are saved to "/tmp/tmpey939qv1/src.linux-x86_64-3.11/N2HOCp_PIPNN-f2pywrappers2.f90"
INFO:   adding '/tmp/tmpey939qv1/src.linux-x86_64-3.11/fortranobject.c' to sources.
INFO:   adding '/tmp/tmpey939qv1/src.linux-x86_64-3.11' to include_dirs.
copying /home/truhlard/shuxx055/anaconda3/lib/python3.11/site-packages/numpy/f2py/src/fortranobject.c -> /tmp/tmpey939qv1/src.linux-x86_64-3.11
copying /home/truhlard/shuxx055/anaconda3/lib/python3.11/site-packages/numpy/f2py/src/fortranobject.h -> /tmp/tmpey939qv1/src.linux-x86_64-3.11
INFO:   adding '/tmp/tmpey939qv1/src.linux-x86_64-3.11/N2HOCp_PIPNN-f2pywrappers.f' to sources.
INFO:   adding '/tmp/tmpey939qv1/src.linux-x86_64-3.11/N2HOCp_PIPNN-f2pywrappers2.f90' to sources.
INFO: build_src: building npy-pkg config files
/home/truhlard/shuxx055/anaconda3/lib/python3.11/site-packages/setuptools/_distutils/cmd.py:66: SetuptoolsDeprecationWarning: setup.py install is deprecated.
!!

        ********************************************************************************
        Please avoid running ``setup.py`` directly.
        Instead, use pypa/build, pypa/installer, pypa/build or
        other standards-based tools.

        See https://blog.ganssle.io/articles/2021/10/setup-py-deprecated.html for details.
        ********************************************************************************

!!
  self.initialize_options()
running build_ext
INFO: customize UnixCCompiler
INFO: customize UnixCCompiler using build_ext
INFO: get_default_fcompiler: matching types: '['arm', 'gnu95', 'intel', 'lahey', 'pg', 'nv', 'absoft', 'nag', 'vast', 'compaq', 'intele', 'intelem', 'gnu', 'g95', 'pathf95', 'nagfor', 'fujitsu']'
INFO: customize ArmFlangCompiler
WARN: Could not locate executable armflang
INFO: customize Gnu95FCompiler
INFO: Found executable /home/truhlard/shuxx055/anaconda3/bin/gfortran
INFO: customize Gnu95FCompiler
INFO: customize Gnu95FCompiler using build_ext
INFO: building 'N2HOCp_PIPNN' extension
INFO: compiling C sources
INFO: C compiler: gcc -pthread -B /home/truhlard/shuxx055/anaconda3/compiler_compat -DNDEBUG -fwrapv -O2 -Wall -fPIC -O2 -isystem /home/truhlard/shuxx055/anaconda3/include -fPIC -O2 -isystem /home/truhlard/shuxx055/anaconda3/include -fPIC

creating /tmp/tmpey939qv1/tmp
creating /tmp/tmpey939qv1/tmp/tmpey939qv1
creating /tmp/tmpey939qv1/tmp/tmpey939qv1/src.linux-x86_64-3.11
INFO: compile options: '-DNPY_DISABLE_OPTIMIZATION=1 -I/tmp/tmpey939qv1/src.linux-x86_64-3.11 -I/home/truhlard/shuxx055/anaconda3/lib/python3.11/site-packages/numpy/core/include -I/home/truhlard/shuxx055/anaconda3/include/python3.11 -c'
INFO: gcc: /tmp/tmpey939qv1/src.linux-x86_64-3.11/fortranobject.c
INFO: gcc: /tmp/tmpey939qv1/src.linux-x86_64-3.11/N2HOCp_PIPNNmodule.c
/tmp/tmpey939qv1/src.linux-x86_64-3.11/N2HOCp_PIPNNmodule.c: In function 'f2py_setup_nnparam':
/tmp/tmpey939qv1/src.linux-x86_64-3.11/N2HOCp_PIPNNmodule.c:1825:35: warning: assignment to 'f2py_init_func' {aka 'void (*)(int *, long int *, void (*)(char *, long int *), int *)'} from incompatible pointer type 'void (*)(int *, int *, void (*)(char *, int *), int *)' [-Wincompatible-pointer-types]
 1825 |   f2py_nnparam_def[i_f2py++].func = nodes;
      |                                   ^
/tmp/tmpey939qv1/src.linux-x86_64-3.11/N2HOCp_PIPNNmodule.c:1826:35: warning: assignment to 'f2py_init_func' {aka 'void (*)(int *, long int *, void (*)(char *, long int *), int *)'} from incompatible pointer type 'void (*)(int *, int *, void (*)(char *, int *), int *)' [-Wincompatible-pointer-types]
 1826 |   f2py_nnparam_def[i_f2py++].func = weighta;
      |                                   ^
/tmp/tmpey939qv1/src.linux-x86_64-3.11/N2HOCp_PIPNNmodule.c:1827:35: warning: assignment to 'f2py_init_func' {aka 'void (*)(int *, long int *, void (*)(char *, long int *), int *)'} from incompatible pointer type 'void (*)(int *, int *, void (*)(char *, int *), int *)' [-Wincompatible-pointer-types]
 1827 |   f2py_nnparam_def[i_f2py++].func = biasa;
      |                                   ^
/tmp/tmpey939qv1/src.linux-x86_64-3.11/N2HOCp_PIPNNmodule.c:1828:35: warning: assignment to 'f2py_init_func' {aka 'void (*)(int *, long int *, void (*)(char *, long int *), int *)'} from incompatible pointer type 'void (*)(int *, int *, void (*)(char *, int *), int *)' [-Wincompatible-pointer-types]
 1828 |   f2py_nnparam_def[i_f2py++].func = pdela;
      |                                   ^
/tmp/tmpey939qv1/src.linux-x86_64-3.11/N2HOCp_PIPNNmodule.c:1829:35: warning: assignment to 'f2py_init_func' {aka 'void (*)(int *, long int *, void (*)(char *, long int *), int *)'} from incompatible pointer type 'void (*)(int *, int *, void (*)(char *, int *), int *)' [-Wincompatible-pointer-types]
 1829 |   f2py_nnparam_def[i_f2py++].func = pavga;
      |                                   ^
/tmp/tmpey939qv1/src.linux-x86_64-3.11/N2HOCp_PIPNNmodule.c:1830:35: warning: assignment to 'f2py_init_func' {aka 'void (*)(int *, long int *, void (*)(char *, long int *), int *)'} from incompatible pointer type 'void (*)(int *, int *, void (*)(char *, int *), int *)' [-Wincompatible-pointer-types]
 1830 |   f2py_nnparam_def[i_f2py++].func = weightb;
      |                                   ^
/tmp/tmpey939qv1/src.linux-x86_64-3.11/N2HOCp_PIPNNmodule.c:1831:35: warning: assignment to 'f2py_init_func' {aka 'void (*)(int *, long int *, void (*)(char *, long int *), int *)'} from incompatible pointer type 'void (*)(int *, int *, void (*)(char *, int *), int *)' [-Wincompatible-pointer-types]
 1831 |   f2py_nnparam_def[i_f2py++].func = biasb;
      |                                   ^
/tmp/tmpey939qv1/src.linux-x86_64-3.11/N2HOCp_PIPNNmodule.c:1832:35: warning: assignment to 'f2py_init_func' {aka 'void (*)(int *, long int *, void (*)(char *, long int *), int *)'} from incompatible pointer type 'void (*)(int *, int *, void (*)(char *, int *), int *)' [-Wincompatible-pointer-types]
 1832 |   f2py_nnparam_def[i_f2py++].func = pdelb;
      |                                   ^
/tmp/tmpey939qv1/src.linux-x86_64-3.11/N2HOCp_PIPNNmodule.c:1833:35: warning: assignment to 'f2py_init_func' {aka 'void (*)(int *, long int *, void (*)(char *, long int *), int *)'} from incompatible pointer type 'void (*)(int *, int *, void (*)(char *, int *), int *)' [-Wincompatible-pointer-types]
 1833 |   f2py_nnparam_def[i_f2py++].func = pavgb;
      |                                   ^
/tmp/tmpey939qv1/src.linux-x86_64-3.11/N2HOCp_PIPNNmodule.c:1834:35: warning: assignment to 'f2py_init_func' {aka 'void (*)(int *, long int *, void (*)(char *, long int *), int *)'} from incompatible pointer type 'void (*)(int *, int *, void (*)(char *, int *), int *)' [-Wincompatible-pointer-types]
 1834 |   f2py_nnparam_def[i_f2py++].func = weightc;
      |                                   ^
/tmp/tmpey939qv1/src.linux-x86_64-3.11/N2HOCp_PIPNNmodule.c:1835:35: warning: assignment to 'f2py_init_func' {aka 'void (*)(int *, long int *, void (*)(char *, long int *), int *)'} from incompatible pointer type 'void (*)(int *, int *, void (*)(char *, int *), int *)' [-Wincompatible-pointer-types]
 1835 |   f2py_nnparam_def[i_f2py++].func = biasc;
      |                                   ^
/tmp/tmpey939qv1/src.linux-x86_64-3.11/N2HOCp_PIPNNmodule.c:1836:35: warning: assignment to 'f2py_init_func' {aka 'void (*)(int *, long int *, void (*)(char *, long int *), int *)'} from incompatible pointer type 'void (*)(int *, int *, void (*)(char *, int *), int *)' [-Wincompatible-pointer-types]
 1836 |   f2py_nnparam_def[i_f2py++].func = pdelc;
      |                                   ^
/tmp/tmpey939qv1/src.linux-x86_64-3.11/N2HOCp_PIPNNmodule.c:1837:35: warning: assignment to 'f2py_init_func' {aka 'void (*)(int *, long int *, void (*)(char *, long int *), int *)'} from incompatible pointer type 'void (*)(int *, int *, void (*)(char *, int *), int *)' [-Wincompatible-pointer-types]
 1837 |   f2py_nnparam_def[i_f2py++].func = pavgc;
      |                                   ^
INFO: compiling Fortran 90 module sources
INFO: Fortran f77 compiler: /home/truhlard/shuxx055/anaconda3/bin/gfortran -Wall -g -ffixed-form -fno-second-underscore -fPIC -O3 -funroll-loops
Fortran f90 compiler: /home/truhlard/shuxx055/anaconda3/bin/gfortran -fallow-argument-mismatch -std=legacy -fPIC -O3 -funroll-loops
Fortran fix compiler: /home/truhlard/shuxx055/anaconda3/bin/gfortran -Wall -g -ffixed-form -fno-second-underscore -fallow-argument-mismatch -std=legacy -fPIC -O3 -funroll-loops
INFO: compile options: '-I/tmp/tmpey939qv1/src.linux-x86_64-3.11 -I/home/truhlard/shuxx055/anaconda3/lib/python3.11/site-packages/numpy/core/include -I/home/truhlard/shuxx055/anaconda3/include/python3.11 -c'
extra options: '-J/tmp/tmpey939qv1/ -I/tmp/tmpey939qv1/'
INFO: gfortran:f90: N2HOCp_PIPNN.f90
INFO: compiling Fortran sources
INFO: Fortran f77 compiler: /home/truhlard/shuxx055/anaconda3/bin/gfortran -Wall -g -ffixed-form -fno-second-underscore -fPIC -O3 -funroll-loops
Fortran f90 compiler: /home/truhlard/shuxx055/anaconda3/bin/gfortran -fallow-argument-mismatch -std=legacy -fPIC -O3 -funroll-loops
Fortran fix compiler: /home/truhlard/shuxx055/anaconda3/bin/gfortran -Wall -g -ffixed-form -fno-second-underscore -fallow-argument-mismatch -std=legacy -fPIC -O3 -funroll-loops
INFO: compile options: '-I/tmp/tmpey939qv1/src.linux-x86_64-3.11 -I/home/truhlard/shuxx055/anaconda3/lib/python3.11/site-packages/numpy/core/include -I/home/truhlard/shuxx055/anaconda3/include/python3.11 -c'
extra options: '-J/tmp/tmpey939qv1/ -I/tmp/tmpey939qv1/'
INFO: gfortran:f90: /tmp/tmpey939qv1/src.linux-x86_64-3.11/N2HOCp_PIPNN-f2pywrappers2.f90
INFO: gfortran:f77: /tmp/tmpey939qv1/src.linux-x86_64-3.11/N2HOCp_PIPNN-f2pywrappers.f
INFO: /home/truhlard/shuxx055/anaconda3/bin/gfortran -Wall -g -Wall -g -shared /tmp/tmpey939qv1/tmp/tmpey939qv1/src.linux-x86_64-3.11/N2HOCp_PIPNNmodule.o /tmp/tmpey939qv1/tmp/tmpey939qv1/src.linux-x86_64-3.11/fortranobject.o /tmp/tmpey939qv1/N2HOCp_PIPNN.o /tmp/tmpey939qv1/tmp/tmpey939qv1/src.linux-x86_64-3.11/N2HOCp_PIPNN-f2pywrappers.o /tmp/tmpey939qv1/tmp/tmpey939qv1/src.linux-x86_64-3.11/N2HOCp_PIPNN-f2pywrappers2.o -L/panfs/jay/groups/16/truhlard/shuxx055/anaconda3/bin/../lib/gcc/x86_64-conda-linux-gnu/13.1.0/../../../../x86_64-conda-linux-gnu/lib/../lib -L/panfs/jay/groups/16/truhlard/shuxx055/anaconda3/bin/../lib/gcc/x86_64-conda-linux-gnu/13.1.0/../../../../x86_64-conda-linux-gnu/lib/../lib -lmkl_intel_lp64 -lmkl_sequential -lmkl_core -lgfortran -o ./N2HOCp_PIPNN.cpython-311-x86_64-linux-gnu.so
Removing build directory /tmp/tmpey939qv1
