running build
running config_cc
INFO: unifing config_cc, config, build_clib, build_ext, build commands --compiler options
running config_fc
INFO: unifing config_fc, config, build_clib, build_ext, build commands --fcompiler options
running build_src
INFO: build_src
INFO: building extension "C2H6H_VBMM" sources
INFO: f2py options: []
INFO: f2py:> /tmp/tmpfio8qmgp/src.linux-x86_64-3.11/C2H6H_VBMMmodule.c
creating /tmp/tmpfio8qmgp/src.linux-x86_64-3.11
rmbadname1: Replacing "switch" with "switch_bn".
analyzeline: Failed to evaluate '4.0d0*pi*1.0d-07'. Ignoring: invalid decimal literal (<string>, line 1)
analyzeline: Failed to evaluate '1.0d0/(cmu_0*clight**2)'. Ignoring: invalid decimal literal (<string>, line 1)
Reading fortran codes...
	Reading file 'C2H6H_VBMM.f90' (format:free)
Line #31 in C2H6H_VBMM.f90:"      PARAMETER (JSURF=INT(ISURF*(ISURF+1)/2)) "
	determineexprtype: could not determine expressions ('int') type.
Line #31 in C2H6H_VBMM.f90:"      PARAMETER (JSURF=INT(ISURF*(ISURF+1)/2)) "
	determineexprtype: could not determine expressions ('int(isurf*(isurf+1)/2)') type.
Line #118 in C2H6H_VBMM.f90:"      PARAMETER (PI = 3.141592653589793D0) "
	get_parameters: got "eval() arg 1 must be a string, bytes or code object" on 4
Line #119 in C2H6H_VBMM.f90:"      PARAMETER (NATOM = 25) "
	get_parameters: got "eval() arg 1 must be a string, bytes or code object" on 4
Line #119 in C2H6H_VBMM.f90:"      PARAMETER (NATOM = 25) "
	get_parameters: got "eval() arg 1 must be a string, bytes or code object" on 4
Line #317 in C2H6H_VBMM.f90:"      PARAMETER (PI = 3.141592653589793D0) "
	get_parameters: got "eval() arg 1 must be a string, bytes or code object" on 4
Line #318 in C2H6H_VBMM.f90:"      PARAMETER (NATOM = 25) "
	get_parameters: got "eval() arg 1 must be a string, bytes or code object" on 4
Line #318 in C2H6H_VBMM.f90:"      PARAMETER (NATOM = 25) "
	get_parameters: got "eval() arg 1 must be a string, bytes or code object" on 4
Line #488 in C2H6H_VBMM.f90:"      PARAMETER (PI = 3.141592653589793D0) "
	get_parameters: got "eval() arg 1 must be a string, bytes or code object" on 4
Line #489 in C2H6H_VBMM.f90:"      PARAMETER (NATOM = 25) "
	get_parameters: got "eval() arg 1 must be a string, bytes or code object" on 4
Line #489 in C2H6H_VBMM.f90:"      PARAMETER (NATOM = 25) "
	get_parameters: got "eval() arg 1 must be a string, bytes or code object" on 4
Line #611 in C2H6H_VBMM.f90:"      PARAMETER (PI = 3.141592653589793D0) "
	get_parameters: got "eval() arg 1 must be a string, bytes or code object" on 4
Line #612 in C2H6H_VBMM.f90:"      PARAMETER (NATOM = 25) "
	get_parameters: got "eval() arg 1 must be a string, bytes or code object" on 4
Line #612 in C2H6H_VBMM.f90:"      PARAMETER (NATOM = 25) "
	get_parameters: got "eval() arg 1 must be a string, bytes or code object" on 4
Line #771 in C2H6H_VBMM.f90:"c  subroutine calculates reference angles for the "in-plane" potential "
	analyzeline: No name/args pattern found for line.
Line #782 in C2H6H_VBMM.f90:"      PARAMETER (PI = 3.141592653589793D0) "
	get_parameters: got "eval() arg 1 must be a string, bytes or code object" on 4
Line #783 in C2H6H_VBMM.f90:"      PARAMETER (NATOM = 25) "
	get_parameters: got "eval() arg 1 must be a string, bytes or code object" on 4
Line #783 in C2H6H_VBMM.f90:"      PARAMETER (NATOM = 25) "
	get_parameters: got "eval() arg 1 must be a string, bytes or code object" on 4
Line #956 in C2H6H_VBMM.f90:"c  subroutine to calculate leps-type stretching potential and its "
	analyzeline: No name/args pattern found for line.
Line #968 in C2H6H_VBMM.f90:"      PARAMETER (PI = 3.141592653589793D0) "
	get_parameters: got "eval() arg 1 must be a string, bytes or code object" on 4
Line #969 in C2H6H_VBMM.f90:"      PARAMETER (NATOM = 25) "
	get_parameters: got "eval() arg 1 must be a string, bytes or code object" on 4
Line #969 in C2H6H_VBMM.f90:"      PARAMETER (NATOM = 25) "
	get_parameters: got "eval() arg 1 must be a string, bytes or code object" on 4
{'before': '', 'this': 'dimension', 'after': 'vqbh(6),vjbh(6),vq(3),vj(3), '}
Line #1026 in C2H6H_VBMM.f90:"       dimension vqbh(6),vjbh(6),vq(3),vj(3), "
	analyzeline: no name pattern found in dimension statement for ''. Skipping.
Line #1162 in C2H6H_VBMM.f90:"c  subroutine calculates symmetrized vop potential and derivatives "
	analyzeline: No name/args pattern found for line.
Line #1173 in C2H6H_VBMM.f90:"      PARAMETER (PI = 3.141592653589793D0) "
	get_parameters: got "eval() arg 1 must be a string, bytes or code object" on 4
Line #1174 in C2H6H_VBMM.f90:"      PARAMETER (NATOM = 25) "
	get_parameters: got "eval() arg 1 must be a string, bytes or code object" on 4
Line #1174 in C2H6H_VBMM.f90:"      PARAMETER (NATOM = 25) "
	get_parameters: got "eval() arg 1 must be a string, bytes or code object" on 4
Line #1299 in C2H6H_VBMM.f90:"c  subroutine calculates symmetrised in plane bend term "
	analyzeline: No name/args pattern found for line.
Line #1311 in C2H6H_VBMM.f90:"      PARAMETER (PI = 3.141592653589793D0) "
	get_parameters: got "eval() arg 1 must be a string, bytes or code object" on 4
Line #1312 in C2H6H_VBMM.f90:"      PARAMETER (NATOM = 25) "
	get_parameters: got "eval() arg 1 must be a string, bytes or code object" on 4
Line #1312 in C2H6H_VBMM.f90:"      PARAMETER (NATOM = 25) "
	get_parameters: got "eval() arg 1 must be a string, bytes or code object" on 4
Line #1453 in C2H6H_VBMM.f90:"c  subroutine calculates out of plane angle delta, loops "
	analyzeline: No name/args pattern found for line.
Line #1468 in C2H6H_VBMM.f90:"      PARAMETER (PI = 3.141592653589793D0) "
	get_parameters: got "eval() arg 1 must be a string, bytes or code object" on 4
Line #1469 in C2H6H_VBMM.f90:"      PARAMETER (NATOM = 25) "
	get_parameters: got "eval() arg 1 must be a string, bytes or code object" on 4
Line #1469 in C2H6H_VBMM.f90:"      PARAMETER (NATOM = 25) "
	get_parameters: got "eval() arg 1 must be a string, bytes or code object" on 4
{'before': '', 'this': 'dimension', 'after': 'delta(8),in(3),a(3),b(3),axb(3),c(8,3),argd(8), '}
Line #1526 in C2H6H_VBMM.f90:"       dimension  delta(8),in(3),a(3),b(3),axb(3),c(8,3),argd(8), "
	analyzeline: no name pattern found in dimension statement for ''. Skipping.
Line #1650 in C2H6H_VBMM.f90:"c  subroutine calculates out of plane angle delta, loops "
	analyzeline: No name/args pattern found for line.
Line #1665 in C2H6H_VBMM.f90:"      PARAMETER (PI = 3.141592653589793D0) "
	get_parameters: got "eval() arg 1 must be a string, bytes or code object" on 4
Line #1666 in C2H6H_VBMM.f90:"      PARAMETER (NATOM = 25) "
	get_parameters: got "eval() arg 1 must be a string, bytes or code object" on 4
Line #1666 in C2H6H_VBMM.f90:"      PARAMETER (NATOM = 25) "
	get_parameters: got "eval() arg 1 must be a string, bytes or code object" on 4
{'before': '', 'this': 'dimension', 'after': 'delta(8),in(3),a(3),b(3),axb(3),c(8,3),argd(8), '}
Line #1723 in C2H6H_VBMM.f90:"       dimension  delta(8),in(3),a(3),b(3),axb(3),c(8,3),argd(8), "
	analyzeline: no name pattern found in dimension statement for ''. Skipping.
Line #1852 in C2H6H_VBMM.f90:"      PARAMETER (PI = 3.141592653589793D0) "
	get_parameters: got "eval() arg 1 must be a string, bytes or code object" on 4
Line #1853 in C2H6H_VBMM.f90:"      PARAMETER (NATOM = 25) "
	get_parameters: got "eval() arg 1 must be a string, bytes or code object" on 4
Line #1853 in C2H6H_VBMM.f90:"      PARAMETER (NATOM = 25) "
	get_parameters: got "eval() arg 1 must be a string, bytes or code object" on 4
Line #1956 in C2H6H_VBMM.f90:"      PARAMETER (PI = 3.141592653589793D0) "
	get_parameters: got "eval() arg 1 must be a string, bytes or code object" on 4
Line #1957 in C2H6H_VBMM.f90:"      PARAMETER (NATOM = 25) "
	get_parameters: got "eval() arg 1 must be a string, bytes or code object" on 4
Line #1957 in C2H6H_VBMM.f90:"      PARAMETER (NATOM = 25) "
	get_parameters: got "eval() arg 1 must be a string, bytes or code object" on 4
Line #2105 in C2H6H_VBMM.f90:"      PARAMETER (PI = 3.141592653589793D0) "
	get_parameters: got "eval() arg 1 must be a string, bytes or code object" on 4
Line #2106 in C2H6H_VBMM.f90:"      PARAMETER (NATOM = 25) "
	get_parameters: got "eval() arg 1 must be a string, bytes or code object" on 4
Line #2106 in C2H6H_VBMM.f90:"      PARAMETER (NATOM = 25) "
	get_parameters: got "eval() arg 1 must be a string, bytes or code object" on 4
Line #2364 in C2H6H_VBMM.f90:"Cc  subroutine to calculate van der waals potential "
	analyzeline: No name/args pattern found for line.
Line #2483 in C2H6H_VBMM.f90:"ccC   NATOMS = the number of atoms represented by this potential function "
	analyzeline: No name/args pattern found for line.
Line #2514 in C2H6H_VBMM.f90:"C   NATOMS = the number of atoms represented by this potential function "
	analyzeline: No name/args pattern found for line.
Line #2529 in C2H6H_VBMM.f90:"      PARAMETER (PI = 3.141592653589793D0) "
	get_parameters: got "eval() arg 1 must be a string, bytes or code object" on 4
Line #2530 in C2H6H_VBMM.f90:"      PARAMETER (NATOM = 25) "
	get_parameters: got "eval() arg 1 must be a string, bytes or code object" on 4
Line #2530 in C2H6H_VBMM.f90:"      PARAMETER (NATOM = 25) "
	get_parameters: got "eval() arg 1 must be a string, bytes or code object" on 4
Line #2531 in C2H6H_VBMM.f90:"      PARAMETER (N3TMMN = 27) "
	get_parameters: got "eval() arg 1 must be a string, bytes or code object" on 4
Line #2531 in C2H6H_VBMM.f90:"      PARAMETER (N3TMMN = 27) "
	get_parameters: got "eval() arg 1 must be a string, bytes or code object" on 4
Line #2683 in C2H6H_VBMM.f90:"      PARAMETER (PI = 3.141592653589793D0) "
	get_parameters: got "eval() arg 1 must be a string, bytes or code object" on 4
Line #2684 in C2H6H_VBMM.f90:"      PARAMETER (NATOM = 25) "
	get_parameters: got "eval() arg 1 must be a string, bytes or code object" on 4
Line #2684 in C2H6H_VBMM.f90:"      PARAMETER (NATOM = 25) "
	get_parameters: got "eval() arg 1 must be a string, bytes or code object" on 4
Line #2818 in C2H6H_VBMM.f90:"      PARAMETER (PI = 3.141592653589793D0) "
	get_parameters: got "eval() arg 1 must be a string, bytes or code object" on 4
Line #2988 in C2H6H_VBMM.f90:"      PARAMETER(        PI = 3.141592653589793D0) "
	get_parameters: got "eval() arg 1 must be a string, bytes or code object" on 4
Line #2989 in C2H6H_VBMM.f90:"      PARAMETER(    CLIGHT = 2.99792458D08) "
	get_parameters: got "eval() arg 1 must be a string, bytes or code object" on 4
Line #2989 in C2H6H_VBMM.f90:"      PARAMETER(    CLIGHT = 2.99792458D08) "
	get_parameters: got "eval() arg 1 must be a string, bytes or code object" on 4
Line #2990 in C2H6H_VBMM.f90:"      PARAMETER(     CMU_0 = 4.0D0*PI*1.0D-07) "
	get_parameters: got "eval() arg 1 must be a string, bytes or code object" on 4
Line #2990 in C2H6H_VBMM.f90:"      PARAMETER(     CMU_0 = 4.0D0*PI*1.0D-07) "
	get_parameters: got "eval() arg 1 must be a string, bytes or code object" on 4
Line #2990 in C2H6H_VBMM.f90:"      PARAMETER(     CMU_0 = 4.0D0*PI*1.0D-07) "
	get_parameters: got "eval() arg 1 must be a string, bytes or code object" on 4
Line #2991 in C2H6H_VBMM.f90:"      PARAMETER(CEPSILON_0 = 1.0D0/(CMU_0*CLIGHT**2)) "
	get_parameters: got "eval() arg 1 must be a string, bytes or code object" on 4
Line #2991 in C2H6H_VBMM.f90:"      PARAMETER(CEPSILON_0 = 1.0D0/(CMU_0*CLIGHT**2)) "
	get_parameters: got "eval() arg 1 must be a string, bytes or code object" on 4
Line #2991 in C2H6H_VBMM.f90:"      PARAMETER(CEPSILON_0 = 1.0D0/(CMU_0*CLIGHT**2)) "
	get_parameters: got "eval() arg 1 must be a string, bytes or code object" on 4
Line #2991 in C2H6H_VBMM.f90:"      PARAMETER(CEPSILON_0 = 1.0D0/(CMU_0*CLIGHT**2)) "
	determineexprtype: could not determine expressions ('1.0d0/(cmu_0*clight**2)') type.
Line #2992 in C2H6H_VBMM.f90:"      PARAMETER(        CE = 1.602176462D-19) "
	get_parameters: got "eval() arg 1 must be a string, bytes or code object" on 4
Line #2992 in C2H6H_VBMM.f90:"      PARAMETER(        CE = 1.602176462D-19) "
	get_parameters: got "eval() arg 1 must be a string, bytes or code object" on 4
Line #2992 in C2H6H_VBMM.f90:"      PARAMETER(        CE = 1.602176462D-19) "
	get_parameters: got "eval() arg 1 must be a string, bytes or code object" on 4
Line #2993 in C2H6H_VBMM.f90:"      PARAMETER(   CPLANCK = 6.62606876D-34) "
	get_parameters: got "eval() arg 1 must be a string, bytes or code object" on 4
Line #2993 in C2H6H_VBMM.f90:"      PARAMETER(   CPLANCK = 6.62606876D-34) "
	get_parameters: got "eval() arg 1 must be a string, bytes or code object" on 4
Line #2993 in C2H6H_VBMM.f90:"      PARAMETER(   CPLANCK = 6.62606876D-34) "
	get_parameters: got "eval() arg 1 must be a string, bytes or code object" on 4
Line #2993 in C2H6H_VBMM.f90:"      PARAMETER(   CPLANCK = 6.62606876D-34) "
	get_parameters: got "eval() arg 1 must be a string, bytes or code object" on 4
Line #2994 in C2H6H_VBMM.f90:"      PARAMETER(      CM_E = 9.10938188D-31) "
	get_parameters: got "eval() arg 1 must be a string, bytes or code object" on 4
Line #2994 in C2H6H_VBMM.f90:"      PARAMETER(      CM_E = 9.10938188D-31) "
	get_parameters: got "eval() arg 1 must be a string, bytes or code object" on 4
Line #2994 in C2H6H_VBMM.f90:"      PARAMETER(      CM_E = 9.10938188D-31) "
	get_parameters: got "eval() arg 1 must be a string, bytes or code object" on 4
Line #2994 in C2H6H_VBMM.f90:"      PARAMETER(      CM_E = 9.10938188D-31) "
	get_parameters: got "eval() arg 1 must be a string, bytes or code object" on 4
Line #2994 in C2H6H_VBMM.f90:"      PARAMETER(      CM_E = 9.10938188D-31) "
	get_parameters: got "eval() arg 1 must be a string, bytes or code object" on 4
Line #2995 in C2H6H_VBMM.f90:"      PARAMETER(      CANG = 1.0D-10) "
	get_parameters: got "eval() arg 1 must be a string, bytes or code object" on 4
Line #2995 in C2H6H_VBMM.f90:"      PARAMETER(      CANG = 1.0D-10) "
	get_parameters: got "eval() arg 1 must be a string, bytes or code object" on 4
Line #2995 in C2H6H_VBMM.f90:"      PARAMETER(      CANG = 1.0D-10) "
	get_parameters: got "eval() arg 1 must be a string, bytes or code object" on 4
Line #2995 in C2H6H_VBMM.f90:"      PARAMETER(      CANG = 1.0D-10) "
	get_parameters: got "eval() arg 1 must be a string, bytes or code object" on 4
Line #2995 in C2H6H_VBMM.f90:"      PARAMETER(      CANG = 1.0D-10) "
	get_parameters: got "eval() arg 1 must be a string, bytes or code object" on 4
Line #2995 in C2H6H_VBMM.f90:"      PARAMETER(      CANG = 1.0D-10) "
	get_parameters: got "eval() arg 1 must be a string, bytes or code object" on 4
Line #2996 in C2H6H_VBMM.f90:"      PARAMETER( CAVOGADRO = 6.02214199D23) "
	get_parameters: got "eval() arg 1 must be a string, bytes or code object" on 4
Line #2996 in C2H6H_VBMM.f90:"      PARAMETER( CAVOGADRO = 6.02214199D23) "
	get_parameters: got "eval() arg 1 must be a string, bytes or code object" on 4
Line #2996 in C2H6H_VBMM.f90:"      PARAMETER( CAVOGADRO = 6.02214199D23) "
	get_parameters: got "eval() arg 1 must be a string, bytes or code object" on 4
Line #2996 in C2H6H_VBMM.f90:"      PARAMETER( CAVOGADRO = 6.02214199D23) "
	get_parameters: got "eval() arg 1 must be a string, bytes or code object" on 4
Line #2996 in C2H6H_VBMM.f90:"      PARAMETER( CAVOGADRO = 6.02214199D23) "
	get_parameters: got "eval() arg 1 must be a string, bytes or code object" on 4
Line #2996 in C2H6H_VBMM.f90:"      PARAMETER( CAVOGADRO = 6.02214199D23) "
	get_parameters: got "eval() arg 1 must be a string, bytes or code object" on 4
Line #2996 in C2H6H_VBMM.f90:"      PARAMETER( CAVOGADRO = 6.02214199D23) "
	get_parameters: got "eval() arg 1 must be a string, bytes or code object" on 4
Line #2997 in C2H6H_VBMM.f90:"      PARAMETER(     CKCAL = 4.184D10) "
	get_parameters: got "eval() arg 1 must be a string, bytes or code object" on 4
Line #2997 in C2H6H_VBMM.f90:"      PARAMETER(     CKCAL = 4.184D10) "
	get_parameters: got "eval() arg 1 must be a string, bytes or code object" on 4
Line #2997 in C2H6H_VBMM.f90:"      PARAMETER(     CKCAL = 4.184D10) "
	get_parameters: got "eval() arg 1 must be a string, bytes or code object" on 4
Line #2997 in C2H6H_VBMM.f90:"      PARAMETER(     CKCAL = 4.184D10) "
	get_parameters: got "eval() arg 1 must be a string, bytes or code object" on 4
Line #2997 in C2H6H_VBMM.f90:"      PARAMETER(     CKCAL = 4.184D10) "
	get_parameters: got "eval() arg 1 must be a string, bytes or code object" on 4
Line #2997 in C2H6H_VBMM.f90:"      PARAMETER(     CKCAL = 4.184D10) "
	get_parameters: got "eval() arg 1 must be a string, bytes or code object" on 4
Line #2997 in C2H6H_VBMM.f90:"      PARAMETER(     CKCAL = 4.184D10) "
	get_parameters: got "eval() arg 1 must be a string, bytes or code object" on 4
Line #2997 in C2H6H_VBMM.f90:"      PARAMETER(     CKCAL = 4.184D10) "
	get_parameters: got "eval() arg 1 must be a string, bytes or code object" on 4
Line #2998 in C2H6H_VBMM.f90:"      PARAMETER(  HTOMILLH = 1000.D0) "
	get_parameters: got "eval() arg 1 must be a string, bytes or code object" on 4
Line #2998 in C2H6H_VBMM.f90:"      PARAMETER(  HTOMILLH = 1000.D0) "
	get_parameters: got "eval() arg 1 must be a string, bytes or code object" on 4
Line #2998 in C2H6H_VBMM.f90:"      PARAMETER(  HTOMILLH = 1000.D0) "
	get_parameters: got "eval() arg 1 must be a string, bytes or code object" on 4
Line #2998 in C2H6H_VBMM.f90:"      PARAMETER(  HTOMILLH = 1000.D0) "
	get_parameters: got "eval() arg 1 must be a string, bytes or code object" on 4
Line #2998 in C2H6H_VBMM.f90:"      PARAMETER(  HTOMILLH = 1000.D0) "
	get_parameters: got "eval() arg 1 must be a string, bytes or code object" on 4
Line #2998 in C2H6H_VBMM.f90:"      PARAMETER(  HTOMILLH = 1000.D0) "
	get_parameters: got "eval() arg 1 must be a string, bytes or code object" on 4
Line #2998 in C2H6H_VBMM.f90:"      PARAMETER(  HTOMILLH = 1000.D0) "
	get_parameters: got "eval() arg 1 must be a string, bytes or code object" on 4
Line #2998 in C2H6H_VBMM.f90:"      PARAMETER(  HTOMILLH = 1000.D0) "
	get_parameters: got "eval() arg 1 must be a string, bytes or code object" on 4
Line #2998 in C2H6H_VBMM.f90:"      PARAMETER(  HTOMILLH = 1000.D0) "
	get_parameters: got "eval() arg 1 must be a string, bytes or code object" on 4
Line #2999 in C2H6H_VBMM.f90:"      PARAMETER(     HTOEV = 27.2113834D0) "
	get_parameters: got "eval() arg 1 must be a string, bytes or code object" on 4
Line #2999 in C2H6H_VBMM.f90:"      PARAMETER(     HTOEV = 27.2113834D0) "
	get_parameters: got "eval() arg 1 must be a string, bytes or code object" on 4
Line #2999 in C2H6H_VBMM.f90:"      PARAMETER(     HTOEV = 27.2113834D0) "
	get_parameters: got "eval() arg 1 must be a string, bytes or code object" on 4
Line #2999 in C2H6H_VBMM.f90:"      PARAMETER(     HTOEV = 27.2113834D0) "
	get_parameters: got "eval() arg 1 must be a string, bytes or code object" on 4
Line #2999 in C2H6H_VBMM.f90:"      PARAMETER(     HTOEV = 27.2113834D0) "
	get_parameters: got "eval() arg 1 must be a string, bytes or code object" on 4
Line #2999 in C2H6H_VBMM.f90:"      PARAMETER(     HTOEV = 27.2113834D0) "
	get_parameters: got "eval() arg 1 must be a string, bytes or code object" on 4
Line #2999 in C2H6H_VBMM.f90:"      PARAMETER(     HTOEV = 27.2113834D0) "
	get_parameters: got "eval() arg 1 must be a string, bytes or code object" on 4
Line #2999 in C2H6H_VBMM.f90:"      PARAMETER(     HTOEV = 27.2113834D0) "
	get_parameters: got "eval() arg 1 must be a string, bytes or code object" on 4
Line #2999 in C2H6H_VBMM.f90:"      PARAMETER(     HTOEV = 27.2113834D0) "
	get_parameters: got "eval() arg 1 must be a string, bytes or code object" on 4
Line #2999 in C2H6H_VBMM.f90:"      PARAMETER(     HTOEV = 27.2113834D0) "
	get_parameters: got "eval() arg 1 must be a string, bytes or code object" on 4
Line #3000 in C2H6H_VBMM.f90:"      PARAMETER(   HTOKCAL = 627.509470D0) "
	get_parameters: got "eval() arg 1 must be a string, bytes or code object" on 4
Line #3000 in C2H6H_VBMM.f90:"      PARAMETER(   HTOKCAL = 627.509470D0) "
	get_parameters: got "eval() arg 1 must be a string, bytes or code object" on 4
Line #3000 in C2H6H_VBMM.f90:"      PARAMETER(   HTOKCAL = 627.509470D0) "
	get_parameters: got "eval() arg 1 must be a string, bytes or code object" on 4
Line #3000 in C2H6H_VBMM.f90:"      PARAMETER(   HTOKCAL = 627.509470D0) "
	get_parameters: got "eval() arg 1 must be a string, bytes or code object" on 4
Line #3000 in C2H6H_VBMM.f90:"      PARAMETER(   HTOKCAL = 627.509470D0) "
	get_parameters: got "eval() arg 1 must be a string, bytes or code object" on 4
Line #3000 in C2H6H_VBMM.f90:"      PARAMETER(   HTOKCAL = 627.509470D0) "
	get_parameters: got "eval() arg 1 must be a string, bytes or code object" on 4
Line #3000 in C2H6H_VBMM.f90:"      PARAMETER(   HTOKCAL = 627.509470D0) "
	get_parameters: got "eval() arg 1 must be a string, bytes or code object" on 4
Line #3000 in C2H6H_VBMM.f90:"      PARAMETER(   HTOKCAL = 627.509470D0) "
	get_parameters: got "eval() arg 1 must be a string, bytes or code object" on 4
Line #3000 in C2H6H_VBMM.f90:"      PARAMETER(   HTOKCAL = 627.509470D0) "
	get_parameters: got "eval() arg 1 must be a string, bytes or code object" on 4
Line #3000 in C2H6H_VBMM.f90:"      PARAMETER(   HTOKCAL = 627.509470D0) "
	get_parameters: got "eval() arg 1 must be a string, bytes or code object" on 4
Line #3000 in C2H6H_VBMM.f90:"      PARAMETER(   HTOKCAL = 627.509470D0) "
	get_parameters: got "eval() arg 1 must be a string, bytes or code object" on 4
Line #3001 in C2H6H_VBMM.f90:"      PARAMETER(   HTOWAVE = 219474.631D0) "
	get_parameters: got "eval() arg 1 must be a string, bytes or code object" on 4
Line #3001 in C2H6H_VBMM.f90:"      PARAMETER(   HTOWAVE = 219474.631D0) "
	get_parameters: got "eval() arg 1 must be a string, bytes or code object" on 4
Line #3001 in C2H6H_VBMM.f90:"      PARAMETER(   HTOWAVE = 219474.631D0) "
	get_parameters: got "eval() arg 1 must be a string, bytes or code object" on 4
Line #3001 in C2H6H_VBMM.f90:"      PARAMETER(   HTOWAVE = 219474.631D0) "
	get_parameters: got "eval() arg 1 must be a string, bytes or code object" on 4
Line #3001 in C2H6H_VBMM.f90:"      PARAMETER(   HTOWAVE = 219474.631D0) "
	get_parameters: got "eval() arg 1 must be a string, bytes or code object" on 4
Line #3001 in C2H6H_VBMM.f90:"      PARAMETER(   HTOWAVE = 219474.631D0) "
	get_parameters: got "eval() arg 1 must be a string, bytes or code object" on 4
Line #3001 in C2H6H_VBMM.f90:"      PARAMETER(   HTOWAVE = 219474.631D0) "
	get_parameters: got "eval() arg 1 must be a string, bytes or code object" on 4
Line #3001 in C2H6H_VBMM.f90:"      PARAMETER(   HTOWAVE = 219474.631D0) "
	get_parameters: got "eval() arg 1 must be a string, bytes or code object" on 4
Line #3001 in C2H6H_VBMM.f90:"      PARAMETER(   HTOWAVE = 219474.631D0) "
	get_parameters: got "eval() arg 1 must be a string, bytes or code object" on 4
Line #3001 in C2H6H_VBMM.f90:"      PARAMETER(   HTOWAVE = 219474.631D0) "
	get_parameters: got "eval() arg 1 must be a string, bytes or code object" on 4
Line #3001 in C2H6H_VBMM.f90:"      PARAMETER(   HTOWAVE = 219474.631D0) "
	get_parameters: got "eval() arg 1 must be a string, bytes or code object" on 4
Line #3001 in C2H6H_VBMM.f90:"      PARAMETER(   HTOWAVE = 219474.631D0) "
	get_parameters: got "eval() arg 1 must be a string, bytes or code object" on 4
Line #3002 in C2H6H_VBMM.f90:"      PARAMETER(     HTOKJ = 2625.49962D0) "
	get_parameters: got "eval() arg 1 must be a string, bytes or code object" on 4
Line #3002 in C2H6H_VBMM.f90:"      PARAMETER(     HTOKJ = 2625.49962D0) "
	get_parameters: got "eval() arg 1 must be a string, bytes or code object" on 4
Line #3002 in C2H6H_VBMM.f90:"      PARAMETER(     HTOKJ = 2625.49962D0) "
	get_parameters: got "eval() arg 1 must be a string, bytes or code object" on 4
Line #3002 in C2H6H_VBMM.f90:"      PARAMETER(     HTOKJ = 2625.49962D0) "
	get_parameters: got "eval() arg 1 must be a string, bytes or code object" on 4
Line #3002 in C2H6H_VBMM.f90:"      PARAMETER(     HTOKJ = 2625.49962D0) "
	get_parameters: got "eval() arg 1 must be a string, bytes or code object" on 4
Line #3002 in C2H6H_VBMM.f90:"      PARAMETER(     HTOKJ = 2625.49962D0) "
	get_parameters: got "eval() arg 1 must be a string, bytes or code object" on 4
Line #3002 in C2H6H_VBMM.f90:"      PARAMETER(     HTOKJ = 2625.49962D0) "
	get_parameters: got "eval() arg 1 must be a string, bytes or code object" on 4
Line #3002 in C2H6H_VBMM.f90:"      PARAMETER(     HTOKJ = 2625.49962D0) "
	get_parameters: got "eval() arg 1 must be a string, bytes or code object" on 4
Line #3002 in C2H6H_VBMM.f90:"      PARAMETER(     HTOKJ = 2625.49962D0) "
	get_parameters: got "eval() arg 1 must be a string, bytes or code object" on 4
Line #3002 in C2H6H_VBMM.f90:"      PARAMETER(     HTOKJ = 2625.49962D0) "
	get_parameters: got "eval() arg 1 must be a string, bytes or code object" on 4
Line #3002 in C2H6H_VBMM.f90:"      PARAMETER(     HTOKJ = 2625.49962D0) "
	get_parameters: got "eval() arg 1 must be a string, bytes or code object" on 4
Line #3002 in C2H6H_VBMM.f90:"      PARAMETER(     HTOKJ = 2625.49962D0) "
	get_parameters: got "eval() arg 1 must be a string, bytes or code object" on 4
Line #3002 in C2H6H_VBMM.f90:"      PARAMETER(     HTOKJ = 2625.49962D0) "
	get_parameters: got "eval() arg 1 must be a string, bytes or code object" on 4
Line #3003 in C2H6H_VBMM.f90:"      PARAMETER(    BOHR_A = .5291772083D0) "
	get_parameters: got "eval() arg 1 must be a string, bytes or code object" on 4
Line #3003 in C2H6H_VBMM.f90:"      PARAMETER(    BOHR_A = .5291772083D0) "
	get_parameters: got "eval() arg 1 must be a string, bytes or code object" on 4
Line #3003 in C2H6H_VBMM.f90:"      PARAMETER(    BOHR_A = .5291772083D0) "
	get_parameters: got "eval() arg 1 must be a string, bytes or code object" on 4
Line #3003 in C2H6H_VBMM.f90:"      PARAMETER(    BOHR_A = .5291772083D0) "
	get_parameters: got "eval() arg 1 must be a string, bytes or code object" on 4
Line #3003 in C2H6H_VBMM.f90:"      PARAMETER(    BOHR_A = .5291772083D0) "
	get_parameters: got "eval() arg 1 must be a string, bytes or code object" on 4
Line #3003 in C2H6H_VBMM.f90:"      PARAMETER(    BOHR_A = .5291772083D0) "
	get_parameters: got "eval() arg 1 must be a string, bytes or code object" on 4
Line #3003 in C2H6H_VBMM.f90:"      PARAMETER(    BOHR_A = .5291772083D0) "
	get_parameters: got "eval() arg 1 must be a string, bytes or code object" on 4
Line #3003 in C2H6H_VBMM.f90:"      PARAMETER(    BOHR_A = .5291772083D0) "
	get_parameters: got "eval() arg 1 must be a string, bytes or code object" on 4
Line #3003 in C2H6H_VBMM.f90:"      PARAMETER(    BOHR_A = .5291772083D0) "
	get_parameters: got "eval() arg 1 must be a string, bytes or code object" on 4
Line #3003 in C2H6H_VBMM.f90:"      PARAMETER(    BOHR_A = .5291772083D0) "
	get_parameters: got "eval() arg 1 must be a string, bytes or code object" on 4
Line #3003 in C2H6H_VBMM.f90:"      PARAMETER(    BOHR_A = .5291772083D0) "
	get_parameters: got "eval() arg 1 must be a string, bytes or code object" on 4
Line #3003 in C2H6H_VBMM.f90:"      PARAMETER(    BOHR_A = .5291772083D0) "
	get_parameters: got "eval() arg 1 must be a string, bytes or code object" on 4
Line #3003 in C2H6H_VBMM.f90:"      PARAMETER(    BOHR_A = .5291772083D0) "
	get_parameters: got "eval() arg 1 must be a string, bytes or code object" on 4
Line #3003 in C2H6H_VBMM.f90:"      PARAMETER(    BOHR_A = .5291772083D0) "
	get_parameters: got "eval() arg 1 must be a string, bytes or code object" on 4
crackline: groupcounter=14 groupname={0: '', 1: 'module', 2: 'interface', 3: 'function', 4: 'subroutine', 5: 'subroutine', 6: 'subroutine', 7: 'subroutine', 8: 'subroutine', 9: 'subroutine', 10: 'subroutine', 11: 'subroutine', 12: 'subroutine', 13: 'function', 14: 'subroutine', 15: 'subroutine'}
crackline: Mismatch of blocks encountered. Trying to fix it by assuming "end" statement.
crackline: groupcounter=13 groupname={0: '', 1: 'module', 2: 'interface', 3: 'function', 4: 'subroutine', 5: 'subroutine', 6: 'subroutine', 7: 'subroutine', 8: 'subroutine', 9: 'subroutine', 10: 'subroutine', 11: 'subroutine', 12: 'subroutine', 13: 'function', 14: 'subroutine', 15: 'subroutine'}
crackline: Mismatch of blocks encountered. Trying to fix it by assuming "end" statement.
crackline: groupcounter=12 groupname={0: '', 1: 'module', 2: 'interface', 3: 'function', 4: 'subroutine', 5: 'subroutine', 6: 'subroutine', 7: 'subroutine', 8: 'subroutine', 9: 'subroutine', 10: 'subroutine', 11: 'subroutine', 12: 'subroutine', 13: 'function', 14: 'subroutine', 15: 'subroutine'}
crackline: Mismatch of blocks encountered. Trying to fix it by assuming "end" statement.
crackline: groupcounter=11 groupname={0: '', 1: 'module', 2: 'interface', 3: 'function', 4: 'subroutine', 5: 'subroutine', 6: 'subroutine', 7: 'subroutine', 8: 'subroutine', 9: 'subroutine', 10: 'subroutine', 11: 'subroutine', 12: 'subroutine', 13: 'function', 14: 'subroutine', 15: 'subroutine'}
crackline: Mismatch of blocks encountered. Trying to fix it by assuming "end" statement.
crackline: groupcounter=10 groupname={0: '', 1: 'module', 2: 'interface', 3: 'function', 4: 'subroutine', 5: 'subroutine', 6: 'subroutine', 7: 'subroutine', 8: 'subroutine', 9: 'subroutine', 10: 'subroutine', 11: 'subroutine', 12: 'subroutine', 13: 'function', 14: 'subroutine', 15: 'subroutine'}
crackline: Mismatch of blocks encountered. Trying to fix it by assuming "end" statement.
crackline: groupcounter=9 groupname={0: '', 1: 'module', 2: 'interface', 3: 'function', 4: 'subroutine', 5: 'subroutine', 6: 'subroutine', 7: 'subroutine', 8: 'subroutine', 9: 'subroutine', 10: 'subroutine', 11: 'subroutine', 12: 'subroutine', 13: 'function', 14: 'subroutine', 15: 'subroutine'}
crackline: Mismatch of blocks encountered. Trying to fix it by assuming "end" statement.
crackline: groupcounter=8 groupname={0: '', 1: 'module', 2: 'interface', 3: 'function', 4: 'subroutine', 5: 'subroutine', 6: 'subroutine', 7: 'subroutine', 8: 'subroutine', 9: 'subroutine', 10: 'subroutine', 11: 'subroutine', 12: 'subroutine', 13: 'function', 14: 'subroutine', 15: 'subroutine'}
crackline: Mismatch of blocks encountered. Trying to fix it by assuming "end" statement.
crackline: groupcounter=7 groupname={0: '', 1: 'module', 2: 'interface', 3: 'function', 4: 'subroutine', 5: 'subroutine', 6: 'subroutine', 7: 'subroutine', 8: 'subroutine', 9: 'subroutine', 10: 'subroutine', 11: 'subroutine', 12: 'subroutine', 13: 'function', 14: 'subroutine', 15: 'subroutine'}
crackline: Mismatch of blocks encountered. Trying to fix it by assuming "end" statement.
crackline: groupcounter=6 groupname={0: '', 1: 'module', 2: 'interface', 3: 'function', 4: 'subroutine', 5: 'subroutine', 6: 'subroutine', 7: 'subroutine', 8: 'subroutine', 9: 'subroutine', 10: 'subroutine', 11: 'subroutine', 12: 'subroutine', 13: 'function', 14: 'subroutine', 15: 'subroutine'}
crackline: Mismatch of blocks encountered. Trying to fix it by assuming "end" statement.
crackline: groupcounter=5 groupname={0: '', 1: 'module', 2: 'interface', 3: 'function', 4: 'subroutine', 5: 'subroutine', 6: 'subroutine', 7: 'subroutine', 8: 'subroutine', 9: 'subroutine', 10: 'subroutine', 11: 'subroutine', 12: 'subroutine', 13: 'function', 14: 'subroutine', 15: 'subroutine'}
crackline: Mismatch of blocks encountered. Trying to fix it by assuming "end" statement.
crackline: groupcounter=4 groupname={0: '', 1: 'module', 2: 'interface', 3: 'function', 4: 'subroutine', 5: 'subroutine', 6: 'subroutine', 7: 'subroutine', 8: 'subroutine', 9: 'subroutine', 10: 'subroutine', 11: 'subroutine', 12: 'subroutine', 13: 'function', 14: 'subroutine', 15: 'subroutine'}
crackline: Mismatch of blocks encountered. Trying to fix it by assuming "end" statement.
crackline: groupcounter=3 groupname={0: '', 1: 'module', 2: 'interface', 3: 'function', 4: 'subroutine', 5: 'subroutine', 6: 'subroutine', 7: 'subroutine', 8: 'subroutine', 9: 'subroutine', 10: 'subroutine', 11: 'subroutine', 12: 'subroutine', 13: 'function', 14: 'subroutine', 15: 'subroutine'}
crackline: Mismatch of blocks encountered. Trying to fix it by assuming "end" statement.
crackline: groupcounter=2 groupname={0: '', 1: 'module', 2: 'interface', 3: 'function', 4: 'subroutine', 5: 'subroutine', 6: 'subroutine', 7: 'subroutine', 8: 'subroutine', 9: 'subroutine', 10: 'subroutine', 11: 'subroutine', 12: 'subroutine', 13: 'function', 14: 'subroutine', 15: 'subroutine'}
crackline: Mismatch of blocks encountered. Trying to fix it by assuming "end" statement.
crackline: groupcounter=1 groupname={0: '', 1: 'module', 2: 'interface', 3: 'function', 4: 'subroutine', 5: 'subroutine', 6: 'subroutine', 7: 'subroutine', 8: 'subroutine', 9: 'subroutine', 10: 'subroutine', 11: 'subroutine', 12: 'subroutine', 13: 'function', 14: 'subroutine', 15: 'subroutine'}
crackline: Mismatch of blocks encountered. Trying to fix it by assuming "end" statement.
Post-processing...
	Block: C2H6H_VBMM
			Block: pes
			Block: pot
In: :C2H6H_VBMM:C2H6H_VBMM.f90:pot
get_parameters: got "eval() arg 1 must be a string, bytes or code object" on 4
In: :C2H6H_VBMM:C2H6H_VBMM.f90:pot
get_parameters: got "eval() arg 1 must be a string, bytes or code object" on 4
			Block: coorden
In: :C2H6H_VBMM:C2H6H_VBMM.f90:coorden
get_parameters: got "eval() arg 1 must be a string, bytes or code object" on 4
In: :C2H6H_VBMM:C2H6H_VBMM.f90:coorden
get_parameters: got "eval() arg 1 must be a string, bytes or code object" on 4
{}
In: :C2H6H_VBMM:C2H6H_VBMM.f90:torsion
vars2fortran: No typespec for argument "vtor".
			Block: torsion
In: :C2H6H_VBMM:C2H6H_VBMM.f90:torsion
get_parameters: got "eval() arg 1 must be a string, bytes or code object" on 4
In: :C2H6H_VBMM:C2H6H_VBMM.f90:torsion
get_parameters: got "eval() arg 1 must be a string, bytes or code object" on 4
{}
In: :C2H6H_VBMM:C2H6H_VBMM.f90:dihed:dihedro
vars2fortran: No typespec for argument "dihed".
{}
In: :C2H6H_VBMM:C2H6H_VBMM.f90:dihed:refangles:stretch:opbend:ipbend:calcdelta1:calcdelta2:vander:unknown_subroutine:setup
vars2fortran: No typespec for argument "n3tm".
{}
In: :C2H6H_VBMM:C2H6H_VBMM.f90:dihed:refangles:stretch:opbend:ipbend:calcdelta1:calcdelta2:vander
vars2fortran: No typespec for argument "evdw".
{}
In: :C2H6H_VBMM:C2H6H_VBMM.f90:dihed:refangles:stretch:opbend:ipbend:calcdelta1:calcdelta2
vars2fortran: No typespec for argument "i".
{}
In: :C2H6H_VBMM:C2H6H_VBMM.f90:dihed:refangles:stretch:opbend:ipbend:calcdelta1:calcdelta2
vars2fortran: No typespec for argument "j".
{}
In: :C2H6H_VBMM:C2H6H_VBMM.f90:dihed:refangles:stretch:opbend:ipbend:calcdelta1:calcdelta2
vars2fortran: No typespec for argument "k".
{}
In: :C2H6H_VBMM:C2H6H_VBMM.f90:dihed:refangles:stretch:opbend:ipbend:calcdelta1:calcdelta2
vars2fortran: No typespec for argument "l".
{}
In: :C2H6H_VBMM:C2H6H_VBMM.f90:dihed:refangles:stretch:opbend:ipbend:calcdelta1:calcdelta2
vars2fortran: No typespec for argument "sum2".
{}
In: :C2H6H_VBMM:C2H6H_VBMM.f90:dihed:refangles:stretch:opbend:ipbend:calcdelta1:calcdelta2
vars2fortran: No typespec for argument "sum4".
{}
In: :C2H6H_VBMM:C2H6H_VBMM.f90:dihed:refangles:stretch:opbend:ipbend:calcdelta1
vars2fortran: No typespec for argument "i".
{}
In: :C2H6H_VBMM:C2H6H_VBMM.f90:dihed:refangles:stretch:opbend:ipbend:calcdelta1
vars2fortran: No typespec for argument "j".
{}
In: :C2H6H_VBMM:C2H6H_VBMM.f90:dihed:refangles:stretch:opbend:ipbend:calcdelta1
vars2fortran: No typespec for argument "k".
{}
In: :C2H6H_VBMM:C2H6H_VBMM.f90:dihed:refangles:stretch:opbend:ipbend:calcdelta1
vars2fortran: No typespec for argument "l".
{}
In: :C2H6H_VBMM:C2H6H_VBMM.f90:dihed:refangles:stretch:opbend:ipbend:calcdelta1
vars2fortran: No typespec for argument "sum2".
{}
In: :C2H6H_VBMM:C2H6H_VBMM.f90:dihed:refangles:stretch:opbend:ipbend:calcdelta1
vars2fortran: No typespec for argument "sum4".
{}
In: :C2H6H_VBMM:C2H6H_VBMM.f90:dihed:refangles:stretch:opbend:ipbend
vars2fortran: No typespec for argument "vip".
{}
In: :C2H6H_VBMM:C2H6H_VBMM.f90:dihed:refangles:stretch:opbend
vars2fortran: No typespec for argument "vop".
{}
In: :C2H6H_VBMM:C2H6H_VBMM.f90:dihed:refangles:stretch
vars2fortran: No typespec for argument "vstr".
{}
In: :C2H6H_VBMM:C2H6H_VBMM.f90:dihed
vars2fortran: No typespec for argument "i".
{}
In: :C2H6H_VBMM:C2H6H_VBMM.f90:dihed
vars2fortran: No typespec for argument "j".
{}
In: :C2H6H_VBMM:C2H6H_VBMM.f90:dihed
vars2fortran: No typespec for argument "k".
{}
In: :C2H6H_VBMM:C2H6H_VBMM.f90:dihed
vars2fortran: No typespec for argument "l".
			Block: dihed
In: :C2H6H_VBMM:C2H6H_VBMM.f90:dihed
analyzevars: prefix ('c      double precision') were not used
Applying post-processing hooks...
  character_backward_compatibility_hook
Post-processing (stage 2)...
Building modules...
    Building module "C2H6H_VBMM"...
    Generating possibly empty wrappers"
    Maybe empty "C2H6H_VBMM-f2pywrappers.f"
        Constructing wrapper function "pes"...
          p,g,d = pes(x,igrad)
    Generating possibly empty wrappers"
    Maybe empty "C2H6H_VBMM-f2pywrappers.f"
        Constructing wrapper function "pot"...
          pot()
    Generating possibly empty wrappers"
    Maybe empty "C2H6H_VBMM-f2pywrappers.f"
        Constructing wrapper function "coorden"...
          coorden()
    Generating possibly empty wrappers"
    Maybe empty "C2H6H_VBMM-f2pywrappers.f"
        Constructing wrapper function "torsion"...
          torsion(vtor)
    Generating possibly empty wrappers"
    Maybe empty "C2H6H_VBMM-f2pywrappers.f"
		Creating wrapper for Fortran function "dihed"("dihed")...
        Constructing wrapper function "dihed"...
          dihed = dihed(i,j,k,l)
		Constructing COMMON block support for "usrocm"...
		  pengygs,pengyes
		Constructing COMMON block support for "usricm"...
		  cart,anuzero
		Constructing COMMON block support for "pt1cm"...
		  r,engygs,degsdr
		Constructing COMMON block support for "pt3cm"...
		  ezero
		Constructing COMMON block support for "pt4cm"...
		  engyes,deesdr
		Constructing COMMON block support for "pt5cm"...
		  engyij,deijdr
		Constructing COMMON block support for "infocm"...
		  cartnu,indexes
		Constructing COMMON block support for "potcm"...
		  nnc1,nnc2,nnb
		Constructing COMMON block support for "angles"...
		  theta0,dtheta0
		Constructing COMMON block support for "bonds"...
		  r0c1h,r0c2h
		Constructing COMMON block support for "bonds2"...
		  rc1h,rc2h,rbh,rhh
		Constructing COMMON block support for "bonds3"...
		  rc1b,rc2b
		Constructing COMMON block support for "coords1"...
		  tcb,tc1h,tc2h,tbh
		Constructing COMMON block support for "coords2"...
		  tcc,thh
		Constructing COMMON block support for "coords3"...
		  tc1b,tc2b
		Constructing COMMON block support for "delta1"...
		  fdelta,hdelta
		Constructing COMMON block support for "delta2"...
		  dfdelta,dhdelta
		Constructing COMMON block support for "force1"...
		  fk0,f1,dfdc,dfdh
		Constructing COMMON block support for "ip1"...
		  s1,ds1,s2,ds2
		Constructing COMMON block support for "ndx"...
		  nc,nhb,nh
		Constructing COMMON block support for "ndx2"...
		  nc1,nc2,nnh
		Constructing COMMON block support for "op1"...
		  s3,ds3
		Constructing COMMON block support for "qpdot"...
		  q,pdot
		Constructing COMMON block support for "stret1"...
		  d1ch,d3ch,a1cc,b1cc,c1cc
		Constructing COMMON block support for "switch1"...
		  sphi,dsphi,stheta,dstheta
		Constructing COMMON block support for "thetahcch"...
		  thetahcch
    Wrote C/API module "C2H6H_VBMM" to file "/tmp/tmpfio8qmgp/src.linux-x86_64-3.11/C2H6H_VBMMmodule.c"
    Fortran 77 wrappers are saved to "/tmp/tmpfio8qmgp/src.linux-x86_64-3.11/C2H6H_VBMM-f2pywrappers.f"
INFO:   adding '/tmp/tmpfio8qmgp/src.linux-x86_64-3.11/fortranobject.c' to sources.
INFO:   adding '/tmp/tmpfio8qmgp/src.linux-x86_64-3.11' to include_dirs.
copying /home/truhlard/shuxx055/anaconda3/envs/test/lib/python3.11/site-packages/numpy/f2py/src/fortranobject.c -> /tmp/tmpfio8qmgp/src.linux-x86_64-3.11
copying /home/truhlard/shuxx055/anaconda3/envs/test/lib/python3.11/site-packages/numpy/f2py/src/fortranobject.h -> /tmp/tmpfio8qmgp/src.linux-x86_64-3.11
INFO:   adding '/tmp/tmpfio8qmgp/src.linux-x86_64-3.11/C2H6H_VBMM-f2pywrappers.f' to sources.
INFO: build_src: building npy-pkg config files
/home/truhlard/shuxx055/anaconda3/envs/test/lib/python3.11/site-packages/setuptools/_distutils/cmd.py:66: SetuptoolsDeprecationWarning: setup.py install is deprecated.
!!

        ********************************************************************************
        Please avoid running ``setup.py`` directly.
        Instead, use pypa/build, pypa/installer or other
        standards-based tools.

        See https://blog.ganssle.io/articles/2021/10/setup-py-deprecated.html for details.
        ********************************************************************************

!!
  self.initialize_options()
running build_ext
INFO: customize UnixCCompiler
INFO: customize UnixCCompiler using build_ext
INFO: get_default_fcompiler: matching types: '['arm', 'gnu95', 'intel', 'lahey', 'pg', 'nv', 'absoft', 'nag', 'vast', 'compaq', 'intele', 'intelem', 'gnu', 'g95', 'pathf95', 'nagfor', 'fujitsu']'
INFO: customize ArmFlangCompiler
WARN: Could not locate executable armflang
INFO: customize Gnu95FCompiler
INFO: Found executable /home/truhlard/shuxx055/anaconda3/envs/test/bin/gfortran
INFO: customize Gnu95FCompiler
INFO: customize Gnu95FCompiler using build_ext
INFO: building 'C2H6H_VBMM' extension
INFO: compiling C sources
INFO: C compiler: gcc -pthread -B /home/truhlard/shuxx055/anaconda3/envs/test/compiler_compat -DNDEBUG -fwrapv -O2 -Wall -fPIC -O2 -isystem /home/truhlard/shuxx055/anaconda3/envs/test/include -fPIC -O2 -isystem /home/truhlard/shuxx055/anaconda3/envs/test/include -fPIC

creating /tmp/tmpfio8qmgp/tmp
creating /tmp/tmpfio8qmgp/tmp/tmpfio8qmgp
creating /tmp/tmpfio8qmgp/tmp/tmpfio8qmgp/src.linux-x86_64-3.11
INFO: compile options: '-DNPY_DISABLE_OPTIMIZATION=1 -I/tmp/tmpfio8qmgp/src.linux-x86_64-3.11 -I/home/truhlard/shuxx055/anaconda3/envs/test/lib/python3.11/site-packages/numpy/core/include -I/home/truhlard/shuxx055/anaconda3/envs/test/include/python3.11 -c'
INFO: gcc: /tmp/tmpfio8qmgp/src.linux-x86_64-3.11/fortranobject.c
INFO: gcc: /tmp/tmpfio8qmgp/src.linux-x86_64-3.11/C2H6H_VBMMmodule.c
INFO: compiling Fortran sources
INFO: Fortran f77 compiler: /home/truhlard/shuxx055/anaconda3/envs/test/bin/gfortran -Wall -g -ffixed-form -fno-second-underscore -fPIC -O3 -funroll-loops
Fortran f90 compiler: /home/truhlard/shuxx055/anaconda3/envs/test/bin/gfortran -fallow-argument-mismatch -std=legacy -fPIC -O3 -funroll-loops
Fortran fix compiler: /home/truhlard/shuxx055/anaconda3/envs/test/bin/gfortran -Wall -g -ffixed-form -fno-second-underscore -fallow-argument-mismatch -std=legacy -fPIC -O3 -funroll-loops
INFO: compile options: '-I/tmp/tmpfio8qmgp/src.linux-x86_64-3.11 -I/home/truhlard/shuxx055/anaconda3/envs/test/lib/python3.11/site-packages/numpy/core/include -I/home/truhlard/shuxx055/anaconda3/envs/test/include/python3.11 -c'
INFO: gfortran:fix: C2H6H_VBMM.f90
C2H6H_VBMM.f90:2695:20:

 2695 |       COMMON /POTCM/ nnc1,nnc2,nnb,
      |                    1
Warning: Padding of 4 bytes required before 'r0c1hr' in COMMON 'potcm' at (1); reorder elements or use '-fno-align-commons' [-Walign-commons]
C2H6H_VBMM.f90:3371:5:

 3371 |  2001 FORMAT(6F12.8)
      |     1
Warning: Label 2001 at (1) defined but not used [-Wunused-label]
C2H6H_VBMM.f90:138:20:

  138 |       COMMON /POTCM/ nnc1,nnc2,nnb,
      |                    1
Warning: Padding of 4 bytes required before 'r0c1hr' in COMMON 'potcm' at (1); reorder elements or use '-fno-align-commons' [-Walign-commons]
C2H6H_VBMM.f90:105:21:

  105 |       DIMENSION COORD(27),DX(27)
      |                     1
Warning: Unused variable 'coord' declared at (1) [-Wunused-variable]
C2H6H_VBMM.f90:105:28:

  105 |       DIMENSION COORD(27),DX(27)
      |                            1
Warning: Unused variable 'dx' declared at (1) [-Wunused-variable]
C2H6H_VBMM.f90:3389:25:

 3389 |       CHARACTER*75 REF(5)
      |                         1
Warning: Unused variable 'ref' declared at (1) [-Wunused-variable]
C2H6H_VBMM.f90:1331:20:

 1331 |       COMMON /POTCM/ nnc1,nnc2,nnb,
      |                    1
Warning: Padding of 4 bytes required before 'r0c1hr' in COMMON 'potcm' at (1); reorder elements or use '-fno-align-commons' [-Walign-commons]
C2H6H_VBMM.f90:1976:20:

 1976 |       COMMON /POTCM/ nnc1,nnc2,nnb,
      |                    1
Warning: Padding of 4 bytes required before 'r0c1hr' in COMMON 'potcm' at (1); reorder elements or use '-fno-align-commons' [-Walign-commons]
C2H6H_VBMM.f90:1193:20:

 1193 |       COMMON /POTCM/ nnc1,nnc2,nnb,
      |                    1
Warning: Padding of 4 bytes required before 'r0c1hr' in COMMON 'potcm' at (1); reorder elements or use '-fno-align-commons' [-Walign-commons]
C2H6H_VBMM.f90:1233:24:

 1233 |        dimension in(3),a(3),b(3),axb(3),c(8,3),argd(8)
      |                        1
Warning: Unused variable 'a' declared at (1) [-Wunused-variable]
C2H6H_VBMM.f90:1233:51:

 1233 |        dimension in(3),a(3),b(3),axb(3),c(8,3),argd(8)
      |                                                   1
Warning: Unused variable 'argd' declared at (1) [-Wunused-variable]
C2H6H_VBMM.f90:1233:36:

 1233 |        dimension in(3),a(3),b(3),axb(3),c(8,3),argd(8)
      |                                    1
Warning: Unused variable 'axb' declared at (1) [-Wunused-variable]
C2H6H_VBMM.f90:1233:29:

 1233 |        dimension in(3),a(3),b(3),axb(3),c(8,3),argd(8)
      |                             1
Warning: Unused variable 'b' declared at (1) [-Wunused-variable]
C2H6H_VBMM.f90:1233:41:

 1233 |        dimension in(3),a(3),b(3),axb(3),c(8,3),argd(8)
      |                                         1
Warning: Unused variable 'c' declared at (1) [-Wunused-variable]
C2H6H_VBMM.f90:1233:19:

 1233 |        dimension in(3),a(3),b(3),axb(3),c(8,3),argd(8)
      |                   1
Warning: Unused variable 'in' declared at (1) [-Wunused-variable]
C2H6H_VBMM.f90:1231:29:

 1231 |        double precision norma
      |                             1
Warning: Unused variable 'norma' declared at (1) [-Wunused-variable]
C2H6H_VBMM.f90:1685:20:

 1685 |       COMMON /POTCM/ nnc1,nnc2,nnb,
      |                    1
Warning: Padding of 4 bytes required before 'r0c1hr' in COMMON 'potcm' at (1); reorder elements or use '-fno-align-commons' [-Walign-commons]
C2H6H_VBMM.f90:1724:48:

 1724 |      *            daxb(8,3,3),cdot(8,3,3),atemp2(3)
      |                                                1
Warning: Unused variable 'atemp2' declared at (1) [-Wunused-variable]
C2H6H_VBMM.f90:1724:34:

 1724 |      *            daxb(8,3,3),cdot(8,3,3),atemp2(3)
      |                                  1
Warning: Unused variable 'cdot' declared at (1) [-Wunused-variable]
C2H6H_VBMM.f90:1724:22:

 1724 |      *            daxb(8,3,3),cdot(8,3,3),atemp2(3)
      |                      1
Warning: Unused variable 'daxb' declared at (1) [-Wunused-variable]
C2H6H_VBMM.f90:1488:20:

 1488 |       COMMON /POTCM/ nnc1,nnc2,nnb,
      |                    1
Warning: Padding of 4 bytes required before 'r0c1hr' in COMMON 'potcm' at (1); reorder elements or use '-fno-align-commons' [-Walign-commons]
C2H6H_VBMM.f90:1527:48:

 1527 |      *            daxb(8,3,3),cdot(8,3,3),atemp2(3)
      |                                                1
Warning: Unused variable 'atemp2' declared at (1) [-Wunused-variable]
C2H6H_VBMM.f90:1527:34:

 1527 |      *            daxb(8,3,3),cdot(8,3,3),atemp2(3)
      |                                  1
Warning: Unused variable 'cdot' declared at (1) [-Wunused-variable]
C2H6H_VBMM.f90:1527:22:

 1527 |      *            daxb(8,3,3),cdot(8,3,3),atemp2(3)
      |                      1
Warning: Unused variable 'daxb' declared at (1) [-Wunused-variable]
C2H6H_VBMM.f90:1872:20:

 1872 |       COMMON /POTCM/ nnc1,nnc2,nnb,
      |                    1
Warning: Padding of 4 bytes required before 'r0c1hr' in COMMON 'potcm' at (1); reorder elements or use '-fno-align-commons' [-Walign-commons]
C2H6H_VBMM.f90:988:20:

  988 |       COMMON /POTCM/ nnc1,nnc2,nnb,
      |                    1
Warning: Padding of 4 bytes required before 'r0c1hr' in COMMON 'potcm' at (1); reorder elements or use '-fno-align-commons' [-Walign-commons]
C2H6H_VBMM.f90:1027:22:

 1027 |      *           achdc(3),achdh(4,3),achdx(3), factj(4)
      |                      1
Warning: Unused variable 'achdc' declared at (1) [-Wunused-variable]
C2H6H_VBMM.f90:1027:31:

 1027 |      *           achdc(3),achdh(4,3),achdx(3), factj(4)
      |                               1
Warning: Unused variable 'achdh' declared at (1) [-Wunused-variable]
C2H6H_VBMM.f90:1027:42:

 1027 |      *           achdc(3),achdh(4,3),achdx(3), factj(4)
      |                                          1
Warning: Unused variable 'achdx' declared at (1) [-Wunused-variable]
C2H6H_VBMM.f90:1027:52:

 1027 |      *           achdc(3),achdh(4,3),achdx(3), factj(4)
      |                                                    1
Warning: Unused variable 'factj' declared at (1) [-Wunused-variable]
C2H6H_VBMM.f90:508:20:

  508 |       COMMON /POTCM/ nnc1,nnc2,nnb,
      |                    1
Warning: Padding of 4 bytes required before 'r0c1hr' in COMMON 'potcm' at (1); reorder elements or use '-fno-align-commons' [-Walign-commons]
C2H6H_VBMM.f90:631:20:

  631 |       COMMON /POTCM/ nnc1,nnc2,nnb,
      |                    1
Warning: Padding of 4 bytes required before 'r0c1hr' in COMMON 'potcm' at (1); reorder elements or use '-fno-align-commons' [-Walign-commons]
C2H6H_VBMM.f90:679:46:

  679 |          double precision rij(3),rjk(3),rkj(3),rkl(3)
      |                                              1
Warning: Unused variable 'rkj' declared at (1) [-Wunused-variable]
C2H6H_VBMM.f90:681:41:

  681 |          double precision tmpsign(3), tmp, arg1,arg2
      |                                         1
Warning: Unused variable 'tmp' declared at (1) [-Wunused-variable]
C2H6H_VBMM.f90:681:36:

  681 |          double precision tmpsign(3), tmp, arg1,arg2
      |                                    1
Warning: Unused variable 'tmpsign' declared at (1) [-Wunused-variable]
C2H6H_VBMM.f90:680:43:

  680 |          double precision zijjk(3),zijkj(3), zkjkl(3), zjkkl(3)
      |                                           1
Warning: Unused variable 'zijkj' declared at (1) [-Wunused-variable]
C2H6H_VBMM.f90:680:53:

  680 |          double precision zijjk(3),zijkj(3), zkjkl(3), zjkkl(3)
      |                                                     1
Warning: Unused variable 'zkjkl' declared at (1) [-Wunused-variable]
C2H6H_VBMM.f90:802:20:

  802 |       COMMON /POTCM/ nnc1,nnc2,nnb,
      |                    1
Warning: Padding of 4 bytes required before 'r0c1hr' in COMMON 'potcm' at (1); reorder elements or use '-fno-align-commons' [-Walign-commons]
C2H6H_VBMM.f90:840:38:

  840 |        dimension sumd2(4),sumd4(4),ddr(4,4)
      |                                      1
Warning: Unused variable 'ddr' declared at (1) [-Wunused-variable]
C2H6H_VBMM.f90:840:22:

  840 |        dimension sumd2(4),sumd4(4),ddr(4,4)
      |                      1
Warning: Unused variable 'sumd2' declared at (1) [-Wunused-variable]
C2H6H_VBMM.f90:840:31:

  840 |        dimension sumd2(4),sumd4(4),ddr(4,4)
      |                               1
Warning: Unused variable 'sumd4' declared at (1) [-Wunused-variable]
C2H6H_VBMM.f90:2125:20:

 2125 |       COMMON /POTCM/ nnc1,nnc2,nnb,
      |                    1
Warning: Padding of 4 bytes required before 'r0c1hr' in COMMON 'potcm' at (1); reorder elements or use '-fno-align-commons' [-Walign-commons]
C2H6H_VBMM.f90:337:20:

  337 |       COMMON /POTCM/ nnc1,nnc2,nnb,
      |                    1
Warning: Padding of 4 bytes required before 'r0c1hr' in COMMON 'potcm' at (1); reorder elements or use '-fno-align-commons' [-Walign-commons]
C2H6H_VBMM.f90:2542:20:

 2542 |       COMMON /POTCM/ nnc1,nnc2,nnb,
      |                    1
Warning: Padding of 4 bytes required before 'r0c1hr' in COMMON 'potcm' at (1); reorder elements or use '-fno-align-commons' [-Walign-commons]
C2H6H_VBMM.f90:3499:72:

 3499 |                   Y = DEESDR(M1,J1)
      |                                                                        ^
Warning: 'j1' may be used uninitialized [-Wmaybe-uninitialized]
C2H6H_VBMM.f90:3470:20:

 3470 |                DO J1=KSDIAG,KEDIAG
      |                    ^
note: 'j1' was declared here
C2H6H_VBMM.f90:1820:72:

 1820 |          argd(in(ii))=argd(in(ii))/norma
      |                                                                        ^
Warning: 'norma' may be used uninitialized [-Wmaybe-uninitialized]
C2H6H_VBMM.f90:1656:29:

 1656 |        double precision norma
      |                             ^
note: 'norma' was declared here
C2H6H_VBMM.f90:1819:72:

 1819 |      *                                +axb(3)*c(in(ii),3)
      |                                                                        ^
Warning: 'axb[0]' may be used uninitialized [-Wmaybe-uninitialized]
C2H6H_VBMM.f90:1723:46:

 1723 |        dimension  delta(8),in(3),a(3),b(3),axb(3),c(8,3),argd(8),
      |                                              ^
note: 'axb[0]' was declared here
C2H6H_VBMM.f90:1819:72:

 1819 |      *                                +axb(3)*c(in(ii),3)
      |                                                                        ^
Warning: 'axb[1]' may be used uninitialized [-Wmaybe-uninitialized]
C2H6H_VBMM.f90:1723:46:

 1723 |        dimension  delta(8),in(3),a(3),b(3),axb(3),c(8,3),argd(8),
      |                                              ^
note: 'axb[1]' was declared here
C2H6H_VBMM.f90:1819:72:

 1819 |      *                                +axb(3)*c(in(ii),3)
      |                                                                        ^
Warning: 'axb[2]' may be used uninitialized [-Wmaybe-uninitialized]
C2H6H_VBMM.f90:1723:46:

 1723 |        dimension  delta(8),in(3),a(3),b(3),axb(3),c(8,3),argd(8),
      |                                              ^
note: 'axb[2]' was declared here
C2H6H_VBMM.f90:1627:72:

 1627 |          argd(in(ii))=argd(in(ii))/norma
      |                                                                        ^
Warning: 'norma' may be used uninitialized [-Wmaybe-uninitialized]
C2H6H_VBMM.f90:1459:29:

 1459 |        double precision norma
      |                             ^
note: 'norma' was declared here
C2H6H_VBMM.f90:1626:72:

 1626 |      *                                +axb(3)*c(in(ii),3)
      |                                                                        ^
Warning: 'axb[1]' may be used uninitialized [-Wmaybe-uninitialized]
C2H6H_VBMM.f90:1526:46:

 1526 |        dimension  delta(8),in(3),a(3),b(3),axb(3),c(8,3),argd(8),
      |                                              ^
note: 'axb[1]' was declared here
C2H6H_VBMM.f90:1626:72:

 1626 |      *                                +axb(3)*c(in(ii),3)
      |                                                                        ^
Warning: 'axb[2]' may be used uninitialized [-Wmaybe-uninitialized]
C2H6H_VBMM.f90:1526:46:

 1526 |        dimension  delta(8),in(3),a(3),b(3),axb(3),c(8,3),argd(8),
      |                                              ^
note: 'axb[2]' was declared here
C2H6H_VBMM.f90:1626:72:

 1626 |      *                                +axb(3)*c(in(ii),3)
      |                                                                        ^
Warning: 'axb[0]' may be used uninitialized [-Wmaybe-uninitialized]
C2H6H_VBMM.f90:1526:46:

 1526 |        dimension  delta(8),in(3),a(3),b(3),axb(3),c(8,3),argd(8),
      |                                              ^
note: 'axb[0]' was declared here
INFO: gfortran:f77: /tmp/tmpfio8qmgp/src.linux-x86_64-3.11/C2H6H_VBMM-f2pywrappers.f
INFO: /home/truhlard/shuxx055/anaconda3/envs/test/bin/gfortran -Wall -g -Wall -g -shared /tmp/tmpfio8qmgp/tmp/tmpfio8qmgp/src.linux-x86_64-3.11/C2H6H_VBMMmodule.o /tmp/tmpfio8qmgp/tmp/tmpfio8qmgp/src.linux-x86_64-3.11/fortranobject.o /tmp/tmpfio8qmgp/C2H6H_VBMM.o /tmp/tmpfio8qmgp/tmp/tmpfio8qmgp/src.linux-x86_64-3.11/C2H6H_VBMM-f2pywrappers.o -L/panfs/jay/groups/16/truhlard/shuxx055/anaconda3/envs/test/bin/../lib/gcc/x86_64-conda-linux-gnu/13.1.0/../../../../x86_64-conda-linux-gnu/lib/../lib -L/panfs/jay/groups/16/truhlard/shuxx055/anaconda3/envs/test/bin/../lib/gcc/x86_64-conda-linux-gnu/13.1.0/../../../../x86_64-conda-linux-gnu/lib/../lib -lmkl_intel_lp64 -lmkl_sequential -lmkl_core -lgfortran -o ./C2H6H_VBMM.cpython-311-x86_64-linux-gnu.so
Removing build directory /tmp/tmpfio8qmgp
