running build
running config_cc
INFO: unifing config_cc, config, build_clib, build_ext, build commands --compiler options
running config_fc
INFO: unifing config_fc, config, build_clib, build_ext, build commands --fcompiler options
running build_src
INFO: build_src
INFO: building extension "BrH2_LEPS_C_1982" sources
INFO: f2py options: []
INFO: f2py:> /tmp/tmp3r82g8d_/src.linux-x86_64-3.11/BrH2_LEPS_C_1982module.c
creating /tmp/tmp3r82g8d_/src.linux-x86_64-3.11
analyzeline: Failed to evaluate '4.0d0*pi*1.0d-07'. Ignoring: invalid decimal literal (<string>, line 1)
analyzeline: Failed to evaluate '1.0d0/(cmu_0*clight**2)'. Ignoring: invalid decimal literal (<string>, line 1)
Reading fortran codes...
	Reading file 'BrH2_LEPS_C_1982.f' (format:fix,strict)
Line #16 in BrH2_LEPS_C_1982.f:"      PARAMETER (JSURF=INT(ISURF*(ISURF+1)/2))"
	determineexprtype: could not determine expressions ('int') type.
Line #16 in BrH2_LEPS_C_1982.f:"      PARAMETER (JSURF=INT(ISURF*(ISURF+1)/2))"
	determineexprtype: could not determine expressions ('int(isurf*(isurf+1)/2)') type.
Line #140 in BrH2_LEPS_C_1982.f:"      PARAMETER (PI = 3.141592653589793D0)                              "
	get_parameters: got "eval() arg 1 must be a string, bytes or code object" on 4
Line #142 in BrH2_LEPS_C_1982.f:"      PARAMETER (NATOM = 25)                                            "
	get_parameters: got "eval() arg 1 must be a string, bytes or code object" on 4
Line #142 in BrH2_LEPS_C_1982.f:"      PARAMETER (NATOM = 25)                                            "
	get_parameters: got "eval() arg 1 must be a string, bytes or code object" on 4
Line #264 in BrH2_LEPS_C_1982.f:"      PARAMETER (PI = 3.141592653589793D0)                              "
	get_parameters: got "eval() arg 1 must be a string, bytes or code object" on 4
Line #266 in BrH2_LEPS_C_1982.f:"      PARAMETER (NATOM = 25)                                            "
	get_parameters: got "eval() arg 1 must be a string, bytes or code object" on 4
Line #266 in BrH2_LEPS_C_1982.f:"      PARAMETER (NATOM = 25)                                            "
	get_parameters: got "eval() arg 1 must be a string, bytes or code object" on 4
Line #546 in BrH2_LEPS_C_1982.f:"      PARAMETER (PI = 3.141592653589793D0)                              "
	get_parameters: got "eval() arg 1 must be a string, bytes or code object" on 4
Line #548 in BrH2_LEPS_C_1982.f:"      PARAMETER (NATOM = 25)                                            "
	get_parameters: got "eval() arg 1 must be a string, bytes or code object" on 4
Line #548 in BrH2_LEPS_C_1982.f:"      PARAMETER (NATOM = 25)                                            "
	get_parameters: got "eval() arg 1 must be a string, bytes or code object" on 4
Line #598 in BrH2_LEPS_C_1982.f:"      PARAMETER (PI = 3.141592653589793D0)                              "
	get_parameters: got "eval() arg 1 must be a string, bytes or code object" on 4
Line #600 in BrH2_LEPS_C_1982.f:"      PARAMETER (NATOM = 25)                                            "
	get_parameters: got "eval() arg 1 must be a string, bytes or code object" on 4
Line #600 in BrH2_LEPS_C_1982.f:"      PARAMETER (NATOM = 25)                                            "
	get_parameters: got "eval() arg 1 must be a string, bytes or code object" on 4
Line #648 in BrH2_LEPS_C_1982.f:"      PARAMETER (PI = 3.141592653589793D0)                              "
	get_parameters: got "eval() arg 1 must be a string, bytes or code object" on 4
Line #650 in BrH2_LEPS_C_1982.f:"      PARAMETER (NATOM = 25)                                            "
	get_parameters: got "eval() arg 1 must be a string, bytes or code object" on 4
Line #650 in BrH2_LEPS_C_1982.f:"      PARAMETER (NATOM = 25)                                            "
	get_parameters: got "eval() arg 1 must be a string, bytes or code object" on 4
Line #759 in BrH2_LEPS_C_1982.f:"      PARAMETER (PI = 3.141592653589793D0)                              "
	get_parameters: got "eval() arg 1 must be a string, bytes or code object" on 4
Line #761 in BrH2_LEPS_C_1982.f:"      PARAMETER (NATOM = 25)                                            "
	get_parameters: got "eval() arg 1 must be a string, bytes or code object" on 4
Line #761 in BrH2_LEPS_C_1982.f:"      PARAMETER (NATOM = 25)                                            "
	get_parameters: got "eval() arg 1 must be a string, bytes or code object" on 4
Line #911 in BrH2_LEPS_C_1982.f:"      PARAMETER (PI = 3.141592653589793D0)                              "
	get_parameters: got "eval() arg 1 must be a string, bytes or code object" on 4
Line #913 in BrH2_LEPS_C_1982.f:"      PARAMETER (NATOM = 25)                                            "
	get_parameters: got "eval() arg 1 must be a string, bytes or code object" on 4
Line #913 in BrH2_LEPS_C_1982.f:"      PARAMETER (NATOM = 25)                                            "
	get_parameters: got "eval() arg 1 must be a string, bytes or code object" on 4
Line #1095 in BrH2_LEPS_C_1982.f:"      PARAMETER (PI = 3.141592653589793D0)                              "
	get_parameters: got "eval() arg 1 must be a string, bytes or code object" on 4
Line #1097 in BrH2_LEPS_C_1982.f:"      PARAMETER (NATOM = 25)                                            "
	get_parameters: got "eval() arg 1 must be a string, bytes or code object" on 4
Line #1097 in BrH2_LEPS_C_1982.f:"      PARAMETER (NATOM = 25)                                            "
	get_parameters: got "eval() arg 1 must be a string, bytes or code object" on 4
Line #1314 in BrH2_LEPS_C_1982.f:"      PARAMETER (PI = 3.141592653589793D0)                              "
	get_parameters: got "eval() arg 1 must be a string, bytes or code object" on 4
Line #1316 in BrH2_LEPS_C_1982.f:"      PARAMETER (NATOM = 25)                                            "
	get_parameters: got "eval() arg 1 must be a string, bytes or code object" on 4
Line #1316 in BrH2_LEPS_C_1982.f:"      PARAMETER (NATOM = 25)                                            "
	get_parameters: got "eval() arg 1 must be a string, bytes or code object" on 4
Line #1426 in BrH2_LEPS_C_1982.f:"      PARAMETER (PI = 3.141592653589793D0)"
	get_parameters: got "eval() arg 1 must be a string, bytes or code object" on 4
Line #1596 in BrH2_LEPS_C_1982.f:"      PARAMETER(        PI = 3.141592653589793D0)"
	get_parameters: got "eval() arg 1 must be a string, bytes or code object" on 4
Line #1597 in BrH2_LEPS_C_1982.f:"      PARAMETER(    CLIGHT = 2.99792458D08)"
	get_parameters: got "eval() arg 1 must be a string, bytes or code object" on 4
Line #1597 in BrH2_LEPS_C_1982.f:"      PARAMETER(    CLIGHT = 2.99792458D08)"
	get_parameters: got "eval() arg 1 must be a string, bytes or code object" on 4
Line #1598 in BrH2_LEPS_C_1982.f:"      PARAMETER(     CMU_0 = 4.0D0*PI*1.0D-07)"
	get_parameters: got "eval() arg 1 must be a string, bytes or code object" on 4
Line #1598 in BrH2_LEPS_C_1982.f:"      PARAMETER(     CMU_0 = 4.0D0*PI*1.0D-07)"
	get_parameters: got "eval() arg 1 must be a string, bytes or code object" on 4
Line #1598 in BrH2_LEPS_C_1982.f:"      PARAMETER(     CMU_0 = 4.0D0*PI*1.0D-07)"
	get_parameters: got "eval() arg 1 must be a string, bytes or code object" on 4
Line #1599 in BrH2_LEPS_C_1982.f:"      PARAMETER(CEPSILON_0 = 1.0D0/(CMU_0*CLIGHT**2))"
	get_parameters: got "eval() arg 1 must be a string, bytes or code object" on 4
Line #1599 in BrH2_LEPS_C_1982.f:"      PARAMETER(CEPSILON_0 = 1.0D0/(CMU_0*CLIGHT**2))"
	get_parameters: got "eval() arg 1 must be a string, bytes or code object" on 4
Line #1599 in BrH2_LEPS_C_1982.f:"      PARAMETER(CEPSILON_0 = 1.0D0/(CMU_0*CLIGHT**2))"
	get_parameters: got "eval() arg 1 must be a string, bytes or code object" on 4
Line #1599 in BrH2_LEPS_C_1982.f:"      PARAMETER(CEPSILON_0 = 1.0D0/(CMU_0*CLIGHT**2))"
	determineexprtype: could not determine expressions ('1.0d0/(cmu_0*clight**2)') type.
Line #1600 in BrH2_LEPS_C_1982.f:"      PARAMETER(        CE = 1.602176462D-19)"
	get_parameters: got "eval() arg 1 must be a string, bytes or code object" on 4
Line #1600 in BrH2_LEPS_C_1982.f:"      PARAMETER(        CE = 1.602176462D-19)"
	get_parameters: got "eval() arg 1 must be a string, bytes or code object" on 4
Line #1600 in BrH2_LEPS_C_1982.f:"      PARAMETER(        CE = 1.602176462D-19)"
	get_parameters: got "eval() arg 1 must be a string, bytes or code object" on 4
Line #1601 in BrH2_LEPS_C_1982.f:"      PARAMETER(   CPLANCK = 6.62606876D-34)"
	get_parameters: got "eval() arg 1 must be a string, bytes or code object" on 4
Line #1601 in BrH2_LEPS_C_1982.f:"      PARAMETER(   CPLANCK = 6.62606876D-34)"
	get_parameters: got "eval() arg 1 must be a string, bytes or code object" on 4
Line #1601 in BrH2_LEPS_C_1982.f:"      PARAMETER(   CPLANCK = 6.62606876D-34)"
	get_parameters: got "eval() arg 1 must be a string, bytes or code object" on 4
Line #1601 in BrH2_LEPS_C_1982.f:"      PARAMETER(   CPLANCK = 6.62606876D-34)"
	get_parameters: got "eval() arg 1 must be a string, bytes or code object" on 4
Line #1602 in BrH2_LEPS_C_1982.f:"      PARAMETER(      CM_E = 9.10938188D-31)"
	get_parameters: got "eval() arg 1 must be a string, bytes or code object" on 4
Line #1602 in BrH2_LEPS_C_1982.f:"      PARAMETER(      CM_E = 9.10938188D-31)"
	get_parameters: got "eval() arg 1 must be a string, bytes or code object" on 4
Line #1602 in BrH2_LEPS_C_1982.f:"      PARAMETER(      CM_E = 9.10938188D-31)"
	get_parameters: got "eval() arg 1 must be a string, bytes or code object" on 4
Line #1602 in BrH2_LEPS_C_1982.f:"      PARAMETER(      CM_E = 9.10938188D-31)"
	get_parameters: got "eval() arg 1 must be a string, bytes or code object" on 4
Line #1602 in BrH2_LEPS_C_1982.f:"      PARAMETER(      CM_E = 9.10938188D-31)"
	get_parameters: got "eval() arg 1 must be a string, bytes or code object" on 4
Line #1603 in BrH2_LEPS_C_1982.f:"      PARAMETER(      CANG = 1.0D-10)"
	get_parameters: got "eval() arg 1 must be a string, bytes or code object" on 4
Line #1603 in BrH2_LEPS_C_1982.f:"      PARAMETER(      CANG = 1.0D-10)"
	get_parameters: got "eval() arg 1 must be a string, bytes or code object" on 4
Line #1603 in BrH2_LEPS_C_1982.f:"      PARAMETER(      CANG = 1.0D-10)"
	get_parameters: got "eval() arg 1 must be a string, bytes or code object" on 4
Line #1603 in BrH2_LEPS_C_1982.f:"      PARAMETER(      CANG = 1.0D-10)"
	get_parameters: got "eval() arg 1 must be a string, bytes or code object" on 4
Line #1603 in BrH2_LEPS_C_1982.f:"      PARAMETER(      CANG = 1.0D-10)"
	get_parameters: got "eval() arg 1 must be a string, bytes or code object" on 4
Line #1603 in BrH2_LEPS_C_1982.f:"      PARAMETER(      CANG = 1.0D-10)"
	get_parameters: got "eval() arg 1 must be a string, bytes or code object" on 4
Line #1604 in BrH2_LEPS_C_1982.f:"      PARAMETER( CAVOGADRO = 6.02214199D23)"
	get_parameters: got "eval() arg 1 must be a string, bytes or code object" on 4
Line #1604 in BrH2_LEPS_C_1982.f:"      PARAMETER( CAVOGADRO = 6.02214199D23)"
	get_parameters: got "eval() arg 1 must be a string, bytes or code object" on 4
Line #1604 in BrH2_LEPS_C_1982.f:"      PARAMETER( CAVOGADRO = 6.02214199D23)"
	get_parameters: got "eval() arg 1 must be a string, bytes or code object" on 4
Line #1604 in BrH2_LEPS_C_1982.f:"      PARAMETER( CAVOGADRO = 6.02214199D23)"
	get_parameters: got "eval() arg 1 must be a string, bytes or code object" on 4
Line #1604 in BrH2_LEPS_C_1982.f:"      PARAMETER( CAVOGADRO = 6.02214199D23)"
	get_parameters: got "eval() arg 1 must be a string, bytes or code object" on 4
Line #1604 in BrH2_LEPS_C_1982.f:"      PARAMETER( CAVOGADRO = 6.02214199D23)"
	get_parameters: got "eval() arg 1 must be a string, bytes or code object" on 4
Line #1604 in BrH2_LEPS_C_1982.f:"      PARAMETER( CAVOGADRO = 6.02214199D23)"
	get_parameters: got "eval() arg 1 must be a string, bytes or code object" on 4
Line #1605 in BrH2_LEPS_C_1982.f:"      PARAMETER(     CKCAL = 4.184D10)"
	get_parameters: got "eval() arg 1 must be a string, bytes or code object" on 4
Line #1605 in BrH2_LEPS_C_1982.f:"      PARAMETER(     CKCAL = 4.184D10)"
	get_parameters: got "eval() arg 1 must be a string, bytes or code object" on 4
Line #1605 in BrH2_LEPS_C_1982.f:"      PARAMETER(     CKCAL = 4.184D10)"
	get_parameters: got "eval() arg 1 must be a string, bytes or code object" on 4
Line #1605 in BrH2_LEPS_C_1982.f:"      PARAMETER(     CKCAL = 4.184D10)"
	get_parameters: got "eval() arg 1 must be a string, bytes or code object" on 4
Line #1605 in BrH2_LEPS_C_1982.f:"      PARAMETER(     CKCAL = 4.184D10)"
	get_parameters: got "eval() arg 1 must be a string, bytes or code object" on 4
Line #1605 in BrH2_LEPS_C_1982.f:"      PARAMETER(     CKCAL = 4.184D10)"
	get_parameters: got "eval() arg 1 must be a string, bytes or code object" on 4
Line #1605 in BrH2_LEPS_C_1982.f:"      PARAMETER(     CKCAL = 4.184D10)"
	get_parameters: got "eval() arg 1 must be a string, bytes or code object" on 4
Line #1605 in BrH2_LEPS_C_1982.f:"      PARAMETER(     CKCAL = 4.184D10)"
	get_parameters: got "eval() arg 1 must be a string, bytes or code object" on 4
Line #1606 in BrH2_LEPS_C_1982.f:"      PARAMETER(  HTOMILLH = 1000.D0)"
	get_parameters: got "eval() arg 1 must be a string, bytes or code object" on 4
Line #1606 in BrH2_LEPS_C_1982.f:"      PARAMETER(  HTOMILLH = 1000.D0)"
	get_parameters: got "eval() arg 1 must be a string, bytes or code object" on 4
Line #1606 in BrH2_LEPS_C_1982.f:"      PARAMETER(  HTOMILLH = 1000.D0)"
	get_parameters: got "eval() arg 1 must be a string, bytes or code object" on 4
Line #1606 in BrH2_LEPS_C_1982.f:"      PARAMETER(  HTOMILLH = 1000.D0)"
	get_parameters: got "eval() arg 1 must be a string, bytes or code object" on 4
Line #1606 in BrH2_LEPS_C_1982.f:"      PARAMETER(  HTOMILLH = 1000.D0)"
	get_parameters: got "eval() arg 1 must be a string, bytes or code object" on 4
Line #1606 in BrH2_LEPS_C_1982.f:"      PARAMETER(  HTOMILLH = 1000.D0)"
	get_parameters: got "eval() arg 1 must be a string, bytes or code object" on 4
Line #1606 in BrH2_LEPS_C_1982.f:"      PARAMETER(  HTOMILLH = 1000.D0)"
	get_parameters: got "eval() arg 1 must be a string, bytes or code object" on 4
Line #1606 in BrH2_LEPS_C_1982.f:"      PARAMETER(  HTOMILLH = 1000.D0)"
	get_parameters: got "eval() arg 1 must be a string, bytes or code object" on 4
Line #1606 in BrH2_LEPS_C_1982.f:"      PARAMETER(  HTOMILLH = 1000.D0)"
	get_parameters: got "eval() arg 1 must be a string, bytes or code object" on 4
Line #1607 in BrH2_LEPS_C_1982.f:"      PARAMETER(     HTOEV = 27.2113834D0)"
	get_parameters: got "eval() arg 1 must be a string, bytes or code object" on 4
Line #1607 in BrH2_LEPS_C_1982.f:"      PARAMETER(     HTOEV = 27.2113834D0)"
	get_parameters: got "eval() arg 1 must be a string, bytes or code object" on 4
Line #1607 in BrH2_LEPS_C_1982.f:"      PARAMETER(     HTOEV = 27.2113834D0)"
	get_parameters: got "eval() arg 1 must be a string, bytes or code object" on 4
Line #1607 in BrH2_LEPS_C_1982.f:"      PARAMETER(     HTOEV = 27.2113834D0)"
	get_parameters: got "eval() arg 1 must be a string, bytes or code object" on 4
Line #1607 in BrH2_LEPS_C_1982.f:"      PARAMETER(     HTOEV = 27.2113834D0)"
	get_parameters: got "eval() arg 1 must be a string, bytes or code object" on 4
Line #1607 in BrH2_LEPS_C_1982.f:"      PARAMETER(     HTOEV = 27.2113834D0)"
	get_parameters: got "eval() arg 1 must be a string, bytes or code object" on 4
Line #1607 in BrH2_LEPS_C_1982.f:"      PARAMETER(     HTOEV = 27.2113834D0)"
	get_parameters: got "eval() arg 1 must be a string, bytes or code object" on 4
Line #1607 in BrH2_LEPS_C_1982.f:"      PARAMETER(     HTOEV = 27.2113834D0)"
	get_parameters: got "eval() arg 1 must be a string, bytes or code object" on 4
Line #1607 in BrH2_LEPS_C_1982.f:"      PARAMETER(     HTOEV = 27.2113834D0)"
	get_parameters: got "eval() arg 1 must be a string, bytes or code object" on 4
Line #1607 in BrH2_LEPS_C_1982.f:"      PARAMETER(     HTOEV = 27.2113834D0)"
	get_parameters: got "eval() arg 1 must be a string, bytes or code object" on 4
Line #1608 in BrH2_LEPS_C_1982.f:"      PARAMETER(   HTOKCAL = 627.509470D0)"
	get_parameters: got "eval() arg 1 must be a string, bytes or code object" on 4
Line #1608 in BrH2_LEPS_C_1982.f:"      PARAMETER(   HTOKCAL = 627.509470D0)"
	get_parameters: got "eval() arg 1 must be a string, bytes or code object" on 4
Line #1608 in BrH2_LEPS_C_1982.f:"      PARAMETER(   HTOKCAL = 627.509470D0)"
	get_parameters: got "eval() arg 1 must be a string, bytes or code object" on 4
Line #1608 in BrH2_LEPS_C_1982.f:"      PARAMETER(   HTOKCAL = 627.509470D0)"
	get_parameters: got "eval() arg 1 must be a string, bytes or code object" on 4
Line #1608 in BrH2_LEPS_C_1982.f:"      PARAMETER(   HTOKCAL = 627.509470D0)"
	get_parameters: got "eval() arg 1 must be a string, bytes or code object" on 4
Line #1608 in BrH2_LEPS_C_1982.f:"      PARAMETER(   HTOKCAL = 627.509470D0)"
	getstrlength: expected a signature of a string but got: {'typespec': 'character', 'charselector': {'*': '75'}, 'attrspec': [], 'dimension': ['5']}
get_parameters: got "eval() arg 1 must be a string, bytes or code object" on 4
Line #1608 in BrH2_LEPS_C_1982.f:"      PARAMETER(   HTOKCAL = 627.509470D0)"
	get_parameters: got "eval() arg 1 must be a string, bytes or code object" on 4
Line #1608 in BrH2_LEPS_C_1982.f:"      PARAMETER(   HTOKCAL = 627.509470D0)"
	get_parameters: got "eval() arg 1 must be a string, bytes or code object" on 4
Line #1608 in BrH2_LEPS_C_1982.f:"      PARAMETER(   HTOKCAL = 627.509470D0)"
	get_parameters: got "eval() arg 1 must be a string, bytes or code object" on 4
Line #1608 in BrH2_LEPS_C_1982.f:"      PARAMETER(   HTOKCAL = 627.509470D0)"
	get_parameters: got "eval() arg 1 must be a string, bytes or code object" on 4
Line #1608 in BrH2_LEPS_C_1982.f:"      PARAMETER(   HTOKCAL = 627.509470D0)"
	get_parameters: got "eval() arg 1 must be a string, bytes or code object" on 4
Line #1609 in BrH2_LEPS_C_1982.f:"      PARAMETER(   HTOWAVE = 219474.631D0)"
	get_parameters: got "eval() arg 1 must be a string, bytes or code object" on 4
Line #1609 in BrH2_LEPS_C_1982.f:"      PARAMETER(   HTOWAVE = 219474.631D0)"
	get_parameters: got "eval() arg 1 must be a string, bytes or code object" on 4
Line #1609 in BrH2_LEPS_C_1982.f:"      PARAMETER(   HTOWAVE = 219474.631D0)"
	get_parameters: got "eval() arg 1 must be a string, bytes or code object" on 4
Line #1609 in BrH2_LEPS_C_1982.f:"      PARAMETER(   HTOWAVE = 219474.631D0)"
	get_parameters: got "eval() arg 1 must be a string, bytes or code object" on 4
Line #1609 in BrH2_LEPS_C_1982.f:"      PARAMETER(   HTOWAVE = 219474.631D0)"
	get_parameters: got "eval() arg 1 must be a string, bytes or code object" on 4
Line #1609 in BrH2_LEPS_C_1982.f:"      PARAMETER(   HTOWAVE = 219474.631D0)"
	get_parameters: got "eval() arg 1 must be a string, bytes or code object" on 4
Line #1609 in BrH2_LEPS_C_1982.f:"      PARAMETER(   HTOWAVE = 219474.631D0)"
	get_parameters: got "eval() arg 1 must be a string, bytes or code object" on 4
Line #1609 in BrH2_LEPS_C_1982.f:"      PARAMETER(   HTOWAVE = 219474.631D0)"
	get_parameters: got "eval() arg 1 must be a string, bytes or code object" on 4
Line #1609 in BrH2_LEPS_C_1982.f:"      PARAMETER(   HTOWAVE = 219474.631D0)"
	get_parameters: got "eval() arg 1 must be a string, bytes or code object" on 4
Line #1609 in BrH2_LEPS_C_1982.f:"      PARAMETER(   HTOWAVE = 219474.631D0)"
	get_parameters: got "eval() arg 1 must be a string, bytes or code object" on 4
Line #1609 in BrH2_LEPS_C_1982.f:"      PARAMETER(   HTOWAVE = 219474.631D0)"
	get_parameters: got "eval() arg 1 must be a string, bytes or code object" on 4
Line #1609 in BrH2_LEPS_C_1982.f:"      PARAMETER(   HTOWAVE = 219474.631D0)"
	get_parameters: got "eval() arg 1 must be a string, bytes or code object" on 4
Line #1610 in BrH2_LEPS_C_1982.f:"      PARAMETER(     HTOKJ = 2625.49962D0)"
	get_parameters: got "eval() arg 1 must be a string, bytes or code object" on 4
Line #1610 in BrH2_LEPS_C_1982.f:"      PARAMETER(     HTOKJ = 2625.49962D0)"
	get_parameters: got "eval() arg 1 must be a string, bytes or code object" on 4
Line #1610 in BrH2_LEPS_C_1982.f:"      PARAMETER(     HTOKJ = 2625.49962D0)"
	get_parameters: got "eval() arg 1 must be a string, bytes or code object" on 4
Line #1610 in BrH2_LEPS_C_1982.f:"      PARAMETER(     HTOKJ = 2625.49962D0)"
	get_parameters: got "eval() arg 1 must be a string, bytes or code object" on 4
Line #1610 in BrH2_LEPS_C_1982.f:"      PARAMETER(     HTOKJ = 2625.49962D0)"
	get_parameters: got "eval() arg 1 must be a string, bytes or code object" on 4
Line #1610 in BrH2_LEPS_C_1982.f:"      PARAMETER(     HTOKJ = 2625.49962D0)"
	get_parameters: got "eval() arg 1 must be a string, bytes or code object" on 4
Line #1610 in BrH2_LEPS_C_1982.f:"      PARAMETER(     HTOKJ = 2625.49962D0)"
	get_parameters: got "eval() arg 1 must be a string, bytes or code object" on 4
Line #1610 in BrH2_LEPS_C_1982.f:"      PARAMETER(     HTOKJ = 2625.49962D0)"
	get_parameters: got "eval() arg 1 must be a string, bytes or code object" on 4
Line #1610 in BrH2_LEPS_C_1982.f:"      PARAMETER(     HTOKJ = 2625.49962D0)"
	get_parameters: got "eval() arg 1 must be a string, bytes or code object" on 4
Line #1610 in BrH2_LEPS_C_1982.f:"      PARAMETER(     HTOKJ = 2625.49962D0)"
	get_parameters: got "eval() arg 1 must be a string, bytes or code object" on 4
Line #1610 in BrH2_LEPS_C_1982.f:"      PARAMETER(     HTOKJ = 2625.49962D0)"
	get_parameters: got "eval() arg 1 must be a string, bytes or code object" on 4
Line #1610 in BrH2_LEPS_C_1982.f:"      PARAMETER(     HTOKJ = 2625.49962D0)"
	get_parameters: got "eval() arg 1 must be a string, bytes or code object" on 4
Line #1610 in BrH2_LEPS_C_1982.f:"      PARAMETER(     HTOKJ = 2625.49962D0)"
	get_parameters: got "eval() arg 1 must be a string, bytes or code object" on 4
Line #1611 in BrH2_LEPS_C_1982.f:"      PARAMETER(    BOHR_A = .5291772083D0)"
	get_parameters: got "eval() arg 1 must be a string, bytes or code object" on 4
Line #1611 in BrH2_LEPS_C_1982.f:"      PARAMETER(    BOHR_A = .5291772083D0)"
	get_parameters: got "eval() arg 1 must be a string, bytes or code object" on 4
Line #1611 in BrH2_LEPS_C_1982.f:"      PARAMETER(    BOHR_A = .5291772083D0)"
	get_parameters: got "eval() arg 1 must be a string, bytes or code object" on 4
Line #1611 in BrH2_LEPS_C_1982.f:"      PARAMETER(    BOHR_A = .5291772083D0)"
	get_parameters: got "eval() arg 1 must be a string, bytes or code object" on 4
Line #1611 in BrH2_LEPS_C_1982.f:"      PARAMETER(    BOHR_A = .5291772083D0)"
	get_parameters: got "eval() arg 1 must be a string, bytes or code object" on 4
Line #1611 in BrH2_LEPS_C_1982.f:"      PARAMETER(    BOHR_A = .5291772083D0)"
	get_parameters: got "eval() arg 1 must be a string, bytes or code object" on 4
Line #1611 in BrH2_LEPS_C_1982.f:"      PARAMETER(    BOHR_A = .5291772083D0)"
	get_parameters: got "eval() arg 1 must be a string, bytes or code object" on 4
Line #1611 in BrH2_LEPS_C_1982.f:"      PARAMETER(    BOHR_A = .5291772083D0)"
	get_parameters: got "eval() arg 1 must be a string, bytes or code object" on 4
Line #1611 in BrH2_LEPS_C_1982.f:"      PARAMETER(    BOHR_A = .5291772083D0)"
	get_parameters: got "eval() arg 1 must be a string, bytes or code object" on 4
Line #1611 in BrH2_LEPS_C_1982.f:"      PARAMETER(    BOHR_A = .5291772083D0)"
	get_parameters: got "eval() arg 1 must be a string, bytes or code object" on 4
Line #1611 in BrH2_LEPS_C_1982.f:"      PARAMETER(    BOHR_A = .5291772083D0)"
	get_parameters: got "eval() arg 1 must be a string, bytes or code object" on 4
Line #1611 in BrH2_LEPS_C_1982.f:"      PARAMETER(    BOHR_A = .5291772083D0)"
	get_parameters: got "eval() arg 1 must be a string, bytes or code object" on 4
Line #1611 in BrH2_LEPS_C_1982.f:"      PARAMETER(    BOHR_A = .5291772083D0)"
	get_parameters: got "eval() arg 1 must be a string, bytes or code object" on 4
Line #1611 in BrH2_LEPS_C_1982.f:"      PARAMETER(    BOHR_A = .5291772083D0)"
	get_parameters: got "eval() arg 1 must be a string, bytes or code object" on 4
Post-processing...
	Block: BrH2_LEPS_C_1982
			Block: pes
			Block: prepot
In: :BrH2_LEPS_C_1982:BrH2_LEPS_C_1982.f:prepot
get_parameters: got "eval() arg 1 must be a string, bytes or code object" on 4
In: :BrH2_LEPS_C_1982:BrH2_LEPS_C_1982.f:prepot
get_parameters: got "eval() arg 1 must be a string, bytes or code object" on 4
			Block: pot
In: :BrH2_LEPS_C_1982:BrH2_LEPS_C_1982.f:pot
get_parameters: got "eval() arg 1 must be a string, bytes or code object" on 4
In: :BrH2_LEPS_C_1982:BrH2_LEPS_C_1982.f:pot
get_parameters: got "eval() arg 1 must be a string, bytes or code object" on 4
{}
In: :BrH2_LEPS_C_1982:BrH2_LEPS_C_1982.f:vhx
vars2fortran: No typespec for argument "rr".
{}
In: :BrH2_LEPS_C_1982:BrH2_LEPS_C_1982.f:vhx
vars2fortran: No typespec for argument "v1s".
{}
In: :BrH2_LEPS_C_1982:BrH2_LEPS_C_1982.f:vhx
vars2fortran: No typespec for argument "v3s".
{}
In: :BrH2_LEPS_C_1982:BrH2_LEPS_C_1982.f:vhx
vars2fortran: No typespec for argument "v1p".
{}
In: :BrH2_LEPS_C_1982:BrH2_LEPS_C_1982.f:vhx
vars2fortran: No typespec for argument "v3p".
{}
In: :BrH2_LEPS_C_1982:BrH2_LEPS_C_1982.f:vhx
vars2fortran: No typespec for argument "dv1s".
{}
In: :BrH2_LEPS_C_1982:BrH2_LEPS_C_1982.f:vhx
vars2fortran: No typespec for argument "dv3s".
{}
In: :BrH2_LEPS_C_1982:BrH2_LEPS_C_1982.f:vhx
vars2fortran: No typespec for argument "dv1p".
{}
In: :BrH2_LEPS_C_1982:BrH2_LEPS_C_1982.f:vhx
vars2fortran: No typespec for argument "dv3p".
			Block: vhx
In: :BrH2_LEPS_C_1982:BrH2_LEPS_C_1982.f:vhx
get_parameters: got "eval() arg 1 must be a string, bytes or code object" on 4
In: :BrH2_LEPS_C_1982:BrH2_LEPS_C_1982.f:vhx
get_parameters: got "eval() arg 1 must be a string, bytes or code object" on 4
			Block: ptpacm
In: :BrH2_LEPS_C_1982:BrH2_LEPS_C_1982.f:ptpacm
get_parameters: got "eval() arg 1 must be a string, bytes or code object" on 4
In: :BrH2_LEPS_C_1982:BrH2_LEPS_C_1982.f:ptpacm
get_parameters: got "eval() arg 1 must be a string, bytes or code object" on 4
{}
In: :BrH2_LEPS_C_1982:BrH2_LEPS_C_1982.f:rsp
vars2fortran: No typespec for argument "nm".
{}
In: :BrH2_LEPS_C_1982:BrH2_LEPS_C_1982.f:rsp
vars2fortran: No typespec for argument "n".
{}
In: :BrH2_LEPS_C_1982:BrH2_LEPS_C_1982.f:rsp
vars2fortran: No typespec for argument "nv".
{}
In: :BrH2_LEPS_C_1982:BrH2_LEPS_C_1982.f:rsp
vars2fortran: No typespec for argument "matz".
{}
In: :BrH2_LEPS_C_1982:BrH2_LEPS_C_1982.f:rsp
vars2fortran: No typespec for argument "ierr".
			Block: rsp
In: :BrH2_LEPS_C_1982:BrH2_LEPS_C_1982.f:rsp
get_parameters: got "eval() arg 1 must be a string, bytes or code object" on 4
In: :BrH2_LEPS_C_1982:BrH2_LEPS_C_1982.f:rsp
get_parameters: got "eval() arg 1 must be a string, bytes or code object" on 4
{}
In: :BrH2_LEPS_C_1982:BrH2_LEPS_C_1982.f:tred3
vars2fortran: No typespec for argument "n".
{}
In: :BrH2_LEPS_C_1982:BrH2_LEPS_C_1982.f:tred3
vars2fortran: No typespec for argument "nv".
			Block: tred3
In: :BrH2_LEPS_C_1982:BrH2_LEPS_C_1982.f:tred3
get_parameters: got "eval() arg 1 must be a string, bytes or code object" on 4
In: :BrH2_LEPS_C_1982:BrH2_LEPS_C_1982.f:tred3
get_parameters: got "eval() arg 1 must be a string, bytes or code object" on 4
{}
In: :BrH2_LEPS_C_1982:BrH2_LEPS_C_1982.f:tqlrat
vars2fortran: No typespec for argument "n".
{'attrspec': ['dimension(n)']}
In: :BrH2_LEPS_C_1982:BrH2_LEPS_C_1982.f:tqlrat
vars2fortran: No typespec for argument "d".
{'attrspec': ['dimension(n)']}
In: :BrH2_LEPS_C_1982:BrH2_LEPS_C_1982.f:tqlrat
vars2fortran: No typespec for argument "e2".
{}
In: :BrH2_LEPS_C_1982:BrH2_LEPS_C_1982.f:tqlrat
vars2fortran: No typespec for argument "ierr".
			Block: tqlrat
In: :BrH2_LEPS_C_1982:BrH2_LEPS_C_1982.f:tqlrat
get_parameters: got "eval() arg 1 must be a string, bytes or code object" on 4
In: :BrH2_LEPS_C_1982:BrH2_LEPS_C_1982.f:tqlrat
get_parameters: got "eval() arg 1 must be a string, bytes or code object" on 4
{}
In: :BrH2_LEPS_C_1982:BrH2_LEPS_C_1982.f:tql2
vars2fortran: No typespec for argument "nm".
{}
In: :BrH2_LEPS_C_1982:BrH2_LEPS_C_1982.f:tql2
vars2fortran: No typespec for argument "n".
{'attrspec': ['dimension(n)']}
In: :BrH2_LEPS_C_1982:BrH2_LEPS_C_1982.f:tql2
vars2fortran: No typespec for argument "d".
{'attrspec': ['dimension(n)']}
In: :BrH2_LEPS_C_1982:BrH2_LEPS_C_1982.f:tql2
vars2fortran: No typespec for argument "e".
{'attrspec': ['dimension(nm,n)']}
In: :BrH2_LEPS_C_1982:BrH2_LEPS_C_1982.f:tql2
vars2fortran: No typespec for argument "z".
{}
In: :BrH2_LEPS_C_1982:BrH2_LEPS_C_1982.f:tql2
vars2fortran: No typespec for argument "ierr".
			Block: tql2
In: :BrH2_LEPS_C_1982:BrH2_LEPS_C_1982.f:tql2
get_parameters: got "eval() arg 1 must be a string, bytes or code object" on 4
In: :BrH2_LEPS_C_1982:BrH2_LEPS_C_1982.f:tql2
get_parameters: got "eval() arg 1 must be a string, bytes or code object" on 4
{}
In: :BrH2_LEPS_C_1982:BrH2_LEPS_C_1982.f:trbak3
vars2fortran: No typespec for argument "nm".
{}
In: :BrH2_LEPS_C_1982:BrH2_LEPS_C_1982.f:trbak3
vars2fortran: No typespec for argument "n".
{}
In: :BrH2_LEPS_C_1982:BrH2_LEPS_C_1982.f:trbak3
vars2fortran: No typespec for argument "nv".
{'attrspec': ['dimension(nv)']}
In: :BrH2_LEPS_C_1982:BrH2_LEPS_C_1982.f:trbak3
vars2fortran: No typespec for argument "a".
{}
In: :BrH2_LEPS_C_1982:BrH2_LEPS_C_1982.f:trbak3
vars2fortran: No typespec for argument "m".
{'attrspec': ['dimension(nm,m)']}
In: :BrH2_LEPS_C_1982:BrH2_LEPS_C_1982.f:trbak3
vars2fortran: No typespec for argument "z".
			Block: trbak3
In: :BrH2_LEPS_C_1982:BrH2_LEPS_C_1982.f:trbak3
get_parameters: got "eval() arg 1 must be a string, bytes or code object" on 4
In: :BrH2_LEPS_C_1982:BrH2_LEPS_C_1982.f:trbak3
get_parameters: got "eval() arg 1 must be a string, bytes or code object" on 4
			Block: potinfo
In: :BrH2_LEPS_C_1982:BrH2_LEPS_C_1982.f:potinfo
get_parameters: got "eval() arg 1 must be a string, bytes or code object" on 4
In: :BrH2_LEPS_C_1982:BrH2_LEPS_C_1982.f:potinfo
get_parameters: got "eval() arg 1 must be a string, bytes or code object" on 4
			Block: ancvrt
In: :BrH2_LEPS_C_1982:BrH2_LEPS_C_1982.f:ancvrt
get_parameters: got "eval() arg 1 must be a string, bytes or code object" on 4
In: :BrH2_LEPS_C_1982:BrH2_LEPS_C_1982.f:ancvrt
get_parameters: got "eval() arg 1 must be a string, bytes or code object" on 4
In: :BrH2_LEPS_C_1982:BrH2_LEPS_C_1982.f:ancvrt
get_parameters: got "eval() arg 1 must be a string, bytes or code object" on 4
In: :BrH2_LEPS_C_1982:BrH2_LEPS_C_1982.f:ancvrt
get_parameters: got "eval() arg 1 must be a string, bytes or code object" on 4
In: :BrH2_LEPS_C_1982:BrH2_LEPS_C_1982.f:ancvrt
get_parameters: got "eval() arg 1 must be a string, bytes or code object" on 4
In: :BrH2_LEPS_C_1982:BrH2_LEPS_C_1982.f:ancvrt
get_parameters: got "eval() arg 1 must be a string, bytes or code object" on 4
In: :BrH2_LEPS_C_1982:BrH2_LEPS_C_1982.f:ancvrt
get_parameters: got "eval() arg 1 must be a string, bytes or code object" on 4
In: :BrH2_LEPS_C_1982:BrH2_LEPS_C_1982.f:ancvrt
get_parameters: got "eval() arg 1 must be a string, bytes or code object" on 4
In: :BrH2_LEPS_C_1982:BrH2_LEPS_C_1982.f:ancvrt
get_parameters: got "eval() arg 1 must be a string, bytes or code object" on 4
In: :BrH2_LEPS_C_1982:BrH2_LEPS_C_1982.f:ancvrt
get_parameters: got "eval() arg 1 must be a string, bytes or code object" on 4
In: :BrH2_LEPS_C_1982:BrH2_LEPS_C_1982.f:ancvrt
get_parameters: got "eval() arg 1 must be a string, bytes or code object" on 4
In: :BrH2_LEPS_C_1982:BrH2_LEPS_C_1982.f:ancvrt
get_parameters: got "eval() arg 1 must be a string, bytes or code object" on 4
In: :BrH2_LEPS_C_1982:BrH2_LEPS_C_1982.f:ancvrt
get_parameters: got "eval() arg 1 must be a string, bytes or code object" on 4
In: :BrH2_LEPS_C_1982:BrH2_LEPS_C_1982.f:ancvrt
get_parameters: got "eval() arg 1 must be a string, bytes or code object" on 4
In: :BrH2_LEPS_C_1982:BrH2_LEPS_C_1982.f:ancvrt
get_parameters: got "eval() arg 1 must be a string, bytes or code object" on 4
			Block: cartou
In: :BrH2_LEPS_C_1982:BrH2_LEPS_C_1982.f:cartou
get_parameters: got "eval() arg 1 must be a string, bytes or code object" on 4
			Block: carttor
			Block: eunitzero
In: :BrH2_LEPS_C_1982:BrH2_LEPS_C_1982.f:eunitzero
get_parameters: got "eval() arg 1 must be a string, bytes or code object" on 4
			Block: rtocart
In: :BrH2_LEPS_C_1982:BrH2_LEPS_C_1982.f:rtocart
get_parameters: got "eval() arg 1 must be a string, bytes or code object" on 4
			Block: dedcou
In: :BrH2_LEPS_C_1982:BrH2_LEPS_C_1982.f:dedcou
get_parameters: got "eval() arg 1 must be a string, bytes or code object" on 4
Applying post-processing hooks...
  character_backward_compatibility_hook
Post-processing (stage 2)...
Building modules...
    Building module "BrH2_LEPS_C_1982"...
    Generating possibly empty wrappers"
    Maybe empty "BrH2_LEPS_C_1982-f2pywrappers.f"
        Constructing wrapper function "pes"...
          p,g,d = pes(x,igrad)
    Generating possibly empty wrappers"
    Maybe empty "BrH2_LEPS_C_1982-f2pywrappers.f"
        Constructing wrapper function "prepot"...
          prepot()
    Generating possibly empty wrappers"
    Maybe empty "BrH2_LEPS_C_1982-f2pywrappers.f"
        Constructing wrapper function "pot"...
          pot()
    Generating possibly empty wrappers"
    Maybe empty "BrH2_LEPS_C_1982-f2pywrappers.f"
        Constructing wrapper function "vhx"...
          vhx(rr,v1s,v3s,v1p,v3p,dv1s,dv3s,dv1p,dv3p)
    Generating possibly empty wrappers"
    Maybe empty "BrH2_LEPS_C_1982-f2pywrappers.f"
        Constructing wrapper function "rsp"...
          rsp(a,w,matz,z,fv1,fv2,ierr,[nm,n,nv])
    Generating possibly empty wrappers"
    Maybe empty "BrH2_LEPS_C_1982-f2pywrappers.f"
        Constructing wrapper function "tred3"...
          tred3(a,d,e,e2,[n,nv])
    Generating possibly empty wrappers"
    Maybe empty "BrH2_LEPS_C_1982-f2pywrappers.f"
        Constructing wrapper function "tqlrat"...
          tqlrat(d,e2,ierr,[n])
    Generating possibly empty wrappers"
    Maybe empty "BrH2_LEPS_C_1982-f2pywrappers.f"
        Constructing wrapper function "tql2"...
          tql2(d,e,z,ierr,[nm,n])
    Generating possibly empty wrappers"
    Maybe empty "BrH2_LEPS_C_1982-f2pywrappers.f"
        Constructing wrapper function "trbak3"...
          trbak3(n,a,z,[nm,nv,m])
    Generating possibly empty wrappers"
    Maybe empty "BrH2_LEPS_C_1982-f2pywrappers.f"
        Constructing wrapper function "potinfo"...
          potinfo()
    Generating possibly empty wrappers"
    Maybe empty "BrH2_LEPS_C_1982-f2pywrappers.f"
        Constructing wrapper function "ancvrt"...
          ancvrt()
    Generating possibly empty wrappers"
    Maybe empty "BrH2_LEPS_C_1982-f2pywrappers.f"
        Constructing wrapper function "cartou"...
          cartou()
    Generating possibly empty wrappers"
    Maybe empty "BrH2_LEPS_C_1982-f2pywrappers.f"
        Constructing wrapper function "carttor"...
          carttor()
    Generating possibly empty wrappers"
    Maybe empty "BrH2_LEPS_C_1982-f2pywrappers.f"
        Constructing wrapper function "eunitzero"...
          eunitzero()
    Generating possibly empty wrappers"
    Maybe empty "BrH2_LEPS_C_1982-f2pywrappers.f"
        Constructing wrapper function "rtocart"...
          rtocart()
    Generating possibly empty wrappers"
    Maybe empty "BrH2_LEPS_C_1982-f2pywrappers.f"
        Constructing wrapper function "dedcou"...
          dedcou()
		Constructing COMMON block support for "usrocm"...
		  pengygs,pengyes,pengyij,dgscart,descart,dijcart
		Constructing COMMON block support for "usricm"...
		  cart,anuzero,nulbl,nflag,nasurf,nder
		Constructing COMMON block support for "pt3cm"...
		  ezero
		Constructing COMMON block support for "infocm"...
		  cartnu,indexes,irctnt,natoms,icartr,mder,msurf,ref
		Constructing COMMON block support for "asycm"...
		  easyab,easybc,easyac
		Constructing COMMON block support for "precm"...
		  h,dh1,dh2,dh3,u,e,scr1,scr2,xib,c3,denom,rt34,rt38
		Constructing COMMON block support for "potcm"...
		  eps,one,rhh,ahh,dhh,bhh,xih,xix,g,alfw,rhx,ahx,dhx,bhx,etahh,eta3s,eta1p,eta3p
		Constructing COMMON block support for "pt1cm"...
		  r,engygs,degsdr
		Constructing COMMON block support for "pt4cm"...
		  engyes,deesdr
		Constructing COMMON block support for "pt5cm"...
		  engyij,deijdr
		Constructing COMMON block support for "utilcm"...
		  dgscartnu,descartnu,dijcartnu,cnvrtd,cnvrte,cnvrtde,ireorder,ksdiag,kediag,ksoffd,keoffd
    Wrote C/API module "BrH2_LEPS_C_1982" to file "/tmp/tmp3r82g8d_/src.linux-x86_64-3.11/BrH2_LEPS_C_1982module.c"
    Fortran 77 wrappers are saved to "/tmp/tmp3r82g8d_/src.linux-x86_64-3.11/BrH2_LEPS_C_1982-f2pywrappers.f"
INFO:   adding '/tmp/tmp3r82g8d_/src.linux-x86_64-3.11/fortranobject.c' to sources.
INFO:   adding '/tmp/tmp3r82g8d_/src.linux-x86_64-3.11' to include_dirs.
copying /home/truhlard/shuxx055/anaconda3/lib/python3.11/site-packages/numpy/f2py/src/fortranobject.c -> /tmp/tmp3r82g8d_/src.linux-x86_64-3.11
copying /home/truhlard/shuxx055/anaconda3/lib/python3.11/site-packages/numpy/f2py/src/fortranobject.h -> /tmp/tmp3r82g8d_/src.linux-x86_64-3.11
INFO:   adding '/tmp/tmp3r82g8d_/src.linux-x86_64-3.11/BrH2_LEPS_C_1982-f2pywrappers.f' to sources.
INFO: build_src: building npy-pkg config files
/home/truhlard/shuxx055/anaconda3/lib/python3.11/site-packages/setuptools/_distutils/cmd.py:66: SetuptoolsDeprecationWarning: setup.py install is deprecated.
!!

        ********************************************************************************
        Please avoid running ``setup.py`` directly.
        Instead, use pypa/build, pypa/installer, pypa/build or
        other standards-based tools.

        See https://blog.ganssle.io/articles/2021/10/setup-py-deprecated.html for details.
        ********************************************************************************

!!
  self.initialize_options()
running build_ext
INFO: customize UnixCCompiler
INFO: customize UnixCCompiler using build_ext
INFO: get_default_fcompiler: matching types: '['arm', 'gnu95', 'intel', 'lahey', 'pg', 'nv', 'absoft', 'nag', 'vast', 'compaq', 'intele', 'intelem', 'gnu', 'g95', 'pathf95', 'nagfor', 'fujitsu']'
INFO: customize ArmFlangCompiler
WARN: Could not locate executable armflang
INFO: customize Gnu95FCompiler
INFO: Found executable /home/truhlard/shuxx055/anaconda3/bin/gfortran
INFO: customize Gnu95FCompiler
INFO: customize Gnu95FCompiler using build_ext
INFO: building 'BrH2_LEPS_C_1982' extension
INFO: compiling C sources
INFO: C compiler: gcc -pthread -B /home/truhlard/shuxx055/anaconda3/compiler_compat -DNDEBUG -fwrapv -O2 -Wall -fPIC -O2 -isystem /home/truhlard/shuxx055/anaconda3/include -fPIC -O2 -isystem /home/truhlard/shuxx055/anaconda3/include -fPIC

creating /tmp/tmp3r82g8d_/tmp
creating /tmp/tmp3r82g8d_/tmp/tmp3r82g8d_
creating /tmp/tmp3r82g8d_/tmp/tmp3r82g8d_/src.linux-x86_64-3.11
INFO: compile options: '-DNPY_DISABLE_OPTIMIZATION=1 -I/tmp/tmp3r82g8d_/src.linux-x86_64-3.11 -I/home/truhlard/shuxx055/anaconda3/lib/python3.11/site-packages/numpy/core/include -I/home/truhlard/shuxx055/anaconda3/include/python3.11 -c'
INFO: gcc: /tmp/tmp3r82g8d_/src.linux-x86_64-3.11/fortranobject.c
INFO: gcc: /tmp/tmp3r82g8d_/src.linux-x86_64-3.11/BrH2_LEPS_C_1982module.c
INFO: compiling Fortran sources
INFO: Fortran f77 compiler: /home/truhlard/shuxx055/anaconda3/bin/gfortran -fallow-argument-mismatch -std=legacy -fPIC -O3 -funroll-loops
Fortran f90 compiler: /home/truhlard/shuxx055/anaconda3/bin/gfortran -Wall -g -fno-second-underscore -fPIC -O3 -funroll-loops
Fortran fix compiler: /home/truhlard/shuxx055/anaconda3/bin/gfortran -Wall -g -ffixed-form -fno-second-underscore -Wall -g -fno-second-underscore -fPIC -O3 -funroll-loops
INFO: compile options: '-I/tmp/tmp3r82g8d_/src.linux-x86_64-3.11 -I/home/truhlard/shuxx055/anaconda3/lib/python3.11/site-packages/numpy/core/include -I/home/truhlard/shuxx055/anaconda3/include/python3.11 -c'
INFO: gfortran:f77: /tmp/tmp3r82g8d_/src.linux-x86_64-3.11/BrH2_LEPS_C_1982-f2pywrappers.f
INFO: gfortran:f77: BrH2_LEPS_C_1982.f
INFO: /home/truhlard/shuxx055/anaconda3/bin/gfortran -Wall -g -Wall -g -shared /tmp/tmp3r82g8d_/tmp/tmp3r82g8d_/src.linux-x86_64-3.11/BrH2_LEPS_C_1982module.o /tmp/tmp3r82g8d_/tmp/tmp3r82g8d_/src.linux-x86_64-3.11/fortranobject.o /tmp/tmp3r82g8d_/BrH2_LEPS_C_1982.o /tmp/tmp3r82g8d_/tmp/tmp3r82g8d_/src.linux-x86_64-3.11/BrH2_LEPS_C_1982-f2pywrappers.o -L/panfs/jay/groups/16/truhlard/shuxx055/anaconda3/bin/../lib/gcc/x86_64-conda-linux-gnu/13.1.0/../../../../x86_64-conda-linux-gnu/lib/../lib -L/panfs/jay/groups/16/truhlard/shuxx055/anaconda3/bin/../lib/gcc/x86_64-conda-linux-gnu/13.1.0/../../../../x86_64-conda-linux-gnu/lib/../lib -lmkl_intel_lp64 -lmkl_sequential -lmkl_core -lgfortran -o ./BrH2_LEPS_C_1982.cpython-311-x86_64-linux-gnu.so
Removing build directory /tmp/tmp3r82g8d_
