running build
running config_cc
INFO: unifing config_cc, config, build_clib, build_ext, build commands --compiler options
running config_fc
INFO: unifing config_fc, config, build_clib, build_ext, build commands --fcompiler options
running build_src
INFO: build_src
INFO: building extension "BrH2_LEPS_LTBZ2_1995" sources
INFO: f2py options: []
INFO: f2py:> /tmp/tmpwvn10f_1/src.linux-x86_64-3.11/BrH2_LEPS_LTBZ2_1995module.c
creating /tmp/tmpwvn10f_1/src.linux-x86_64-3.11
Reading fortran codes...
	Reading file 'BrH2_LEPS_LTBZ2_1995.f' (format:fix,strict)
Line #274 in BrH2_LEPS_LTBZ2_1995.f:"      parameter (charkc = 627.5095d0)"
	get_parameters: got "eval() arg 1 must be a string, bytes or code object" on 4
Line #289 in BrH2_LEPS_LTBZ2_1995.f:"      parameter (g_pmax_ = 3)"
	get_parameters: got "eval() arg 1 must be a string, bytes or code object" on 4
Line #289 in BrH2_LEPS_LTBZ2_1995.f:"      parameter (g_pmax_ = 3)"
	get_parameters: got "eval() arg 1 must be a string, bytes or code object" on 4
Line #769 in BrH2_LEPS_LTBZ2_1995.f:"         PARAMETER(CHARKC = 627.5095D0)"
	get_parameters: got "eval() arg 1 must be a string, bytes or code object" on 4
Post-processing...
	Block: BrH2_LEPS_LTBZ2_1995
			Block: pes
			Block: evdrdx
			Block: diagonalize
			Block: prepot
{'attrspec': ['dimension(nt,3)']}
In: :BrH2_LEPS_LTBZ2_1995:BrH2_LEPS_LTBZ2_1995.f:pot
vars2fortran: No typespec for argument "r".
{'attrspec': ['dimension(nt)']}
In: :BrH2_LEPS_LTBZ2_1995:BrH2_LEPS_LTBZ2_1995.f:pot
vars2fortran: No typespec for argument "e".
{'attrspec': ['dimension(3,nt)']}
In: :BrH2_LEPS_LTBZ2_1995:BrH2_LEPS_LTBZ2_1995.f:pot
vars2fortran: No typespec for argument "de".
			Block: pot
			Block: g_prepot11
In: :BrH2_LEPS_LTBZ2_1995:BrH2_LEPS_LTBZ2_1995.f:g_prepot11
get_parameters: got "eval() arg 1 must be a string, bytes or code object" on 4
In: :BrH2_LEPS_LTBZ2_1995:BrH2_LEPS_LTBZ2_1995.f:g_prepot11
get_parameters: got "eval() arg 1 must be a string, bytes or code object" on 4
			Block: prepot12
			Block: prepot22
In: :BrH2_LEPS_LTBZ2_1995:BrH2_LEPS_LTBZ2_1995.f:prepot22
get_parameters: got "eval() arg 1 must be a string, bytes or code object" on 4
In: :BrH2_LEPS_LTBZ2_1995:BrH2_LEPS_LTBZ2_1995.f:prepot22
get_parameters: got "eval() arg 1 must be a string, bytes or code object" on 4
Applying post-processing hooks...
  character_backward_compatibility_hook
Post-processing (stage 2)...
Building modules...
    Building module "BrH2_LEPS_LTBZ2_1995"...
    Generating possibly empty wrappers"
    Maybe empty "BrH2_LEPS_LTBZ2_1995-f2pywrappers.f"
        Constructing wrapper function "pes"...
          p,g,d = pes(x,igrad)
    Generating possibly empty wrappers"
    Maybe empty "BrH2_LEPS_LTBZ2_1995-f2pywrappers.f"
        Constructing wrapper function "evdrdx"...
          drdx = evdrdx(x,r)
    Generating possibly empty wrappers"
    Maybe empty "BrH2_LEPS_LTBZ2_1995-f2pywrappers.f"
        Constructing wrapper function "diagonalize"...
          ev_s,u_ss = diagonalize(a_ss,[n])
    Generating possibly empty wrappers"
    Maybe empty "BrH2_LEPS_LTBZ2_1995-f2pywrappers.f"
        Constructing wrapper function "prepot"...
          prepot()
    Generating possibly empty wrappers"
    Maybe empty "BrH2_LEPS_LTBZ2_1995-f2pywrappers.f"
        Constructing wrapper function "pot"...
          pot(r,e,de,nsurf,[nt])
    Generating possibly empty wrappers"
    Maybe empty "BrH2_LEPS_LTBZ2_1995-f2pywrappers.f"
        Constructing wrapper function "g_prepot11"...
          g_prepot11(g_p_)
    Generating possibly empty wrappers"
    Maybe empty "BrH2_LEPS_LTBZ2_1995-f2pywrappers.f"
        Constructing wrapper function "g_pot11"...
getarrdims:warning: assumed shape array, using 0 instead of '*'
          g_pot11(g_p_,rr,e,g_e,ldg_e,n)
    Generating possibly empty wrappers"
    Maybe empty "BrH2_LEPS_LTBZ2_1995-f2pywrappers.f"
        Constructing wrapper function "prepot12"...
          prepot12()
    Generating possibly empty wrappers"
    Maybe empty "BrH2_LEPS_LTBZ2_1995-f2pywrappers.f"
        Constructing wrapper function "pot12"...
getarrdims:warning: assumed shape array, using 0 instead of '*'
          pot12(rr,e,de,n)
    Generating possibly empty wrappers"
    Maybe empty "BrH2_LEPS_LTBZ2_1995-f2pywrappers.f"
        Constructing wrapper function "prepot22"...
          prepot22()
    Generating possibly empty wrappers"
    Maybe empty "BrH2_LEPS_LTBZ2_1995-f2pywrappers.f"
        Constructing wrapper function "pot22"...
getarrdims:warning: assumed shape array, using 0 instead of '*'
          pot22(rr,e,der,n)
		Constructing COMMON block support for "satocm"...
		  zhhp1,zhhp2,zhbrp1,zhbrp2,z,dz
		Constructing COMMON block support for "v3ccom"...
		  v3cp1,v3cp2,v3cp3,v3cp4,v3cp5,v3cp6,v3c,dv3c
		Constructing COMMON block support for "lengcm"...
		  x,coul,exch,rad
		Constructing COMMON block support for "lsatcm"...
		  zpo,op3z,zp3,tzp3,top3z,do4z,beta
		Constructing COMMON block support for "ldercm"...
		  dxdr,deq,derad
		Constructing COMMON block support for "decom"...
		  de
		Constructing COMMON block support for "com_para"...
		  g_myrank,g_nprocs
		Constructing COMMON block support for "g_satocm"...
		  g_zhhp1,g_zhhp2,g_zhbrp1,g_zhbrp2,g_z,g_dz
		Constructing COMMON block support for "g_v3ccom"...
		  g_v3cp1,g_v3cp2,g_v3cp3,g_v3cp4,g_v3cp5,g_v3cp6,g_v3c,g_dv3c
		Constructing COMMON block support for "g_lengcm"...
		  g_x,g_coul,g_exch,g_rad
		Constructing COMMON block support for "g_lsatcm"...
		  g_zpo,g_op3z,g_zp3,g_tzp3,g_top3z,g_do4z,g_beta
    Wrote C/API module "BrH2_LEPS_LTBZ2_1995" to file "/tmp/tmpwvn10f_1/src.linux-x86_64-3.11/BrH2_LEPS_LTBZ2_1995module.c"
    Fortran 77 wrappers are saved to "/tmp/tmpwvn10f_1/src.linux-x86_64-3.11/BrH2_LEPS_LTBZ2_1995-f2pywrappers.f"
INFO:   adding '/tmp/tmpwvn10f_1/src.linux-x86_64-3.11/fortranobject.c' to sources.
INFO:   adding '/tmp/tmpwvn10f_1/src.linux-x86_64-3.11' to include_dirs.
copying /home/truhlard/shuxx055/anaconda3/lib/python3.11/site-packages/numpy/f2py/src/fortranobject.c -> /tmp/tmpwvn10f_1/src.linux-x86_64-3.11
copying /home/truhlard/shuxx055/anaconda3/lib/python3.11/site-packages/numpy/f2py/src/fortranobject.h -> /tmp/tmpwvn10f_1/src.linux-x86_64-3.11
INFO:   adding '/tmp/tmpwvn10f_1/src.linux-x86_64-3.11/BrH2_LEPS_LTBZ2_1995-f2pywrappers.f' to sources.
INFO: build_src: building npy-pkg config files
/home/truhlard/shuxx055/anaconda3/lib/python3.11/site-packages/setuptools/_distutils/cmd.py:66: SetuptoolsDeprecationWarning: setup.py install is deprecated.
!!

        ********************************************************************************
        Please avoid running ``setup.py`` directly.
        Instead, use pypa/build, pypa/installer, pypa/build or
        other standards-based tools.

        See https://blog.ganssle.io/articles/2021/10/setup-py-deprecated.html for details.
        ********************************************************************************

!!
  self.initialize_options()
running build_ext
INFO: customize UnixCCompiler
INFO: customize UnixCCompiler using build_ext
INFO: get_default_fcompiler: matching types: '['arm', 'gnu95', 'intel', 'lahey', 'pg', 'nv', 'absoft', 'nag', 'vast', 'compaq', 'intele', 'intelem', 'gnu', 'g95', 'pathf95', 'nagfor', 'fujitsu']'
INFO: customize ArmFlangCompiler
WARN: Could not locate executable armflang
INFO: customize Gnu95FCompiler
INFO: Found executable /home/truhlard/shuxx055/anaconda3/bin/gfortran
INFO: customize Gnu95FCompiler
INFO: customize Gnu95FCompiler using build_ext
INFO: building 'BrH2_LEPS_LTBZ2_1995' extension
INFO: compiling C sources
INFO: C compiler: gcc -pthread -B /home/truhlard/shuxx055/anaconda3/compiler_compat -DNDEBUG -fwrapv -O2 -Wall -fPIC -O2 -isystem /home/truhlard/shuxx055/anaconda3/include -fPIC -O2 -isystem /home/truhlard/shuxx055/anaconda3/include -fPIC

creating /tmp/tmpwvn10f_1/tmp
creating /tmp/tmpwvn10f_1/tmp/tmpwvn10f_1
creating /tmp/tmpwvn10f_1/tmp/tmpwvn10f_1/src.linux-x86_64-3.11
INFO: compile options: '-DNPY_DISABLE_OPTIMIZATION=1 -I/tmp/tmpwvn10f_1/src.linux-x86_64-3.11 -I/home/truhlard/shuxx055/anaconda3/lib/python3.11/site-packages/numpy/core/include -I/home/truhlard/shuxx055/anaconda3/include/python3.11 -c'
INFO: gcc: /tmp/tmpwvn10f_1/src.linux-x86_64-3.11/fortranobject.c
INFO: gcc: /tmp/tmpwvn10f_1/src.linux-x86_64-3.11/BrH2_LEPS_LTBZ2_1995module.c
INFO: compiling Fortran sources
INFO: Fortran f77 compiler: /home/truhlard/shuxx055/anaconda3/bin/gfortran -fallow-argument-mismatch -std=legacy -fPIC -O3 -funroll-loops
Fortran f90 compiler: /home/truhlard/shuxx055/anaconda3/bin/gfortran -Wall -g -fno-second-underscore -fPIC -O3 -funroll-loops
Fortran fix compiler: /home/truhlard/shuxx055/anaconda3/bin/gfortran -Wall -g -ffixed-form -fno-second-underscore -Wall -g -fno-second-underscore -fPIC -O3 -funroll-loops
INFO: compile options: '-I/tmp/tmpwvn10f_1/src.linux-x86_64-3.11 -I/home/truhlard/shuxx055/anaconda3/lib/python3.11/site-packages/numpy/core/include -I/home/truhlard/shuxx055/anaconda3/include/python3.11 -c'
INFO: gfortran:f77: /tmp/tmpwvn10f_1/src.linux-x86_64-3.11/BrH2_LEPS_LTBZ2_1995-f2pywrappers.f
INFO: gfortran:f77: BrH2_LEPS_LTBZ2_1995.f
INFO: /home/truhlard/shuxx055/anaconda3/bin/gfortran -Wall -g -Wall -g -shared /tmp/tmpwvn10f_1/tmp/tmpwvn10f_1/src.linux-x86_64-3.11/BrH2_LEPS_LTBZ2_1995module.o /tmp/tmpwvn10f_1/tmp/tmpwvn10f_1/src.linux-x86_64-3.11/fortranobject.o /tmp/tmpwvn10f_1/BrH2_LEPS_LTBZ2_1995.o /tmp/tmpwvn10f_1/tmp/tmpwvn10f_1/src.linux-x86_64-3.11/BrH2_LEPS_LTBZ2_1995-f2pywrappers.o -L/panfs/jay/groups/16/truhlard/shuxx055/anaconda3/bin/../lib/gcc/x86_64-conda-linux-gnu/13.1.0/../../../../x86_64-conda-linux-gnu/lib/../lib -L/panfs/jay/groups/16/truhlard/shuxx055/anaconda3/bin/../lib/gcc/x86_64-conda-linux-gnu/13.1.0/../../../../x86_64-conda-linux-gnu/lib/../lib -lmkl_intel_lp64 -lmkl_sequential -lmkl_core -lgfortran -o ./BrH2_LEPS_LTBZ2_1995.cpython-311-x86_64-linux-gnu.so
Removing build directory /tmp/tmpwvn10f_1
