running build
running config_cc
INFO: unifing config_cc, config, build_clib, build_ext, build commands --compiler options
running config_fc
INFO: unifing config_fc, config, build_clib, build_ext, build commands --fcompiler options
running build_src
INFO: build_src
INFO: building extension "BrH2_LEPS_LTBZSO_1995_DPEM" sources
INFO: f2py options: []
INFO: f2py:> /tmp/tmpnv2l1qsk/src.linux-x86_64-3.11/BrH2_LEPS_LTBZSO_1995_DPEMmodule.c
creating /tmp/tmpnv2l1qsk/src.linux-x86_64-3.11
analyzeline: Failed to evaluate '0.4568d0/27.21161d0'. Ignoring: invalid decimal literal (<string>, line 1)
analyzeline: Failed to evaluate '0.4568d0/27.21161d0'. Ignoring: invalid decimal literal (<string>, line 1)
analyzeline: Failed to evaluate '0.4568d0/27.21161d0'. Ignoring: invalid decimal literal (<string>, line 1)
analyzeline: Failed to evaluate '4.0d0*pi*1.0d-07'. Ignoring: invalid decimal literal (<string>, line 1)
analyzeline: Failed to evaluate '1.0d0/(cmu_0*clight**2)'. Ignoring: invalid decimal literal (<string>, line 1)
Reading fortran codes...
	Reading file 'BrH2_LEPS_LTBZSO_1995_DPEM.f' (format:fix,strict)
Line #15 in BrH2_LEPS_LTBZSO_1995_DPEM.f:"      PARAMETER (JSURF=INT(ISURF*(ISURF+1)/2))"
	determineexprtype: could not determine expressions ('int') type.
Line #15 in BrH2_LEPS_LTBZSO_1995_DPEM.f:"      PARAMETER (JSURF=INT(ISURF*(ISURF+1)/2))"
	determineexprtype: could not determine expressions ('int(isurf*(isurf+1)/2)') type.
Line #109 in BrH2_LEPS_LTBZSO_1995_DPEM.f:"      PARAMETER (PI = 3.141592653589793D0)                              "
	get_parameters: got "eval() arg 1 must be a string, bytes or code object" on 4
Line #111 in BrH2_LEPS_LTBZSO_1995_DPEM.f:"      PARAMETER (NATOM = 25)                                            "
	get_parameters: got "eval() arg 1 must be a string, bytes or code object" on 4
Line #111 in BrH2_LEPS_LTBZSO_1995_DPEM.f:"      PARAMETER (NATOM = 25)                                            "
	get_parameters: got "eval() arg 1 must be a string, bytes or code object" on 4
Line #177 in BrH2_LEPS_LTBZSO_1995_DPEM.f:"      PARAMETER (PI = 3.141592653589793D0)                              "
	get_parameters: got "eval() arg 1 must be a string, bytes or code object" on 4
Line #179 in BrH2_LEPS_LTBZSO_1995_DPEM.f:"      PARAMETER (NATOM = 25)                                            "
	get_parameters: got "eval() arg 1 must be a string, bytes or code object" on 4
Line #179 in BrH2_LEPS_LTBZSO_1995_DPEM.f:"      PARAMETER (NATOM = 25)                                            "
	get_parameters: got "eval() arg 1 must be a string, bytes or code object" on 4
Line #271 in BrH2_LEPS_LTBZSO_1995_DPEM.f:"      PARAMETER (PI = 3.141592653589793D0)                              "
	get_parameters: got "eval() arg 1 must be a string, bytes or code object" on 4
Line #273 in BrH2_LEPS_LTBZSO_1995_DPEM.f:"      PARAMETER (NATOM = 25)                                            "
	get_parameters: got "eval() arg 1 must be a string, bytes or code object" on 4
Line #273 in BrH2_LEPS_LTBZSO_1995_DPEM.f:"      PARAMETER (NATOM = 25)                                            "
	get_parameters: got "eval() arg 1 must be a string, bytes or code object" on 4
Line #274 in BrH2_LEPS_LTBZSO_1995_DPEM.f:"         PARAMETER(CANGAU = 0.52917706D0)                               "
	get_parameters: got "eval() arg 1 must be a string, bytes or code object" on 4
Line #274 in BrH2_LEPS_LTBZSO_1995_DPEM.f:"         PARAMETER(CANGAU = 0.52917706D0)                               "
	get_parameters: got "eval() arg 1 must be a string, bytes or code object" on 4
Line #276 in BrH2_LEPS_LTBZSO_1995_DPEM.f:"         PARAMETER(CHARKC = 627.5095D0)                                 "
	get_parameters: got "eval() arg 1 must be a string, bytes or code object" on 4
Line #276 in BrH2_LEPS_LTBZSO_1995_DPEM.f:"         PARAMETER(CHARKC = 627.5095D0)                                 "
	get_parameters: got "eval() arg 1 must be a string, bytes or code object" on 4
Line #276 in BrH2_LEPS_LTBZSO_1995_DPEM.f:"         PARAMETER(CHARKC = 627.5095D0)                                 "
	get_parameters: got "eval() arg 1 must be a string, bytes or code object" on 4
Line #353 in BrH2_LEPS_LTBZSO_1995_DPEM.f:"      PARAMETER (PI = 3.141592653589793D0)                              "
	get_parameters: got "eval() arg 1 must be a string, bytes or code object" on 4
Line #355 in BrH2_LEPS_LTBZSO_1995_DPEM.f:"      PARAMETER (NATOM = 25)                                            "
	get_parameters: got "eval() arg 1 must be a string, bytes or code object" on 4
Line #355 in BrH2_LEPS_LTBZSO_1995_DPEM.f:"      PARAMETER (NATOM = 25)                                            "
	get_parameters: got "eval() arg 1 must be a string, bytes or code object" on 4
Line #356 in BrH2_LEPS_LTBZSO_1995_DPEM.f:"         PARAMETER(CANGAU = 0.52917706D0)                               "
	get_parameters: got "eval() arg 1 must be a string, bytes or code object" on 4
Line #356 in BrH2_LEPS_LTBZSO_1995_DPEM.f:"         PARAMETER(CANGAU = 0.52917706D0)                               "
	get_parameters: got "eval() arg 1 must be a string, bytes or code object" on 4
Line #357 in BrH2_LEPS_LTBZSO_1995_DPEM.f:"         PARAMETER(CHARKC = 627.5095D0)                                 "
	get_parameters: got "eval() arg 1 must be a string, bytes or code object" on 4
Line #357 in BrH2_LEPS_LTBZSO_1995_DPEM.f:"         PARAMETER(CHARKC = 627.5095D0)                                 "
	get_parameters: got "eval() arg 1 must be a string, bytes or code object" on 4
Line #357 in BrH2_LEPS_LTBZSO_1995_DPEM.f:"         PARAMETER(CHARKC = 627.5095D0)                                 "
	get_parameters: got "eval() arg 1 must be a string, bytes or code object" on 4
Line #359 in BrH2_LEPS_LTBZSO_1995_DPEM.f:"         PARAMETER(xlamb11 =  0.4568d0/27.21161d0)                      "
	get_parameters: got "eval() arg 1 must be a string, bytes or code object" on 4
Line #359 in BrH2_LEPS_LTBZSO_1995_DPEM.f:"         PARAMETER(xlamb11 =  0.4568d0/27.21161d0)                      "
	get_parameters: got "eval() arg 1 must be a string, bytes or code object" on 4
Line #359 in BrH2_LEPS_LTBZSO_1995_DPEM.f:"         PARAMETER(xlamb11 =  0.4568d0/27.21161d0)                      "
	get_parameters: got "eval() arg 1 must be a string, bytes or code object" on 4
Line #359 in BrH2_LEPS_LTBZSO_1995_DPEM.f:"         PARAMETER(xlamb11 =  0.4568d0/27.21161d0)                      "
	get_parameters: got "eval() arg 1 must be a string, bytes or code object" on 4
Line #359 in BrH2_LEPS_LTBZSO_1995_DPEM.f:"         PARAMETER(xlamb11 =  0.4568d0/27.21161d0)                      "
	determineexprtype: could not determine expressions ('0.4568d0/27.21161d0') type.
Line #487 in BrH2_LEPS_LTBZSO_1995_DPEM.f:"      PARAMETER (PI = 3.141592653589793D0)                              "
	get_parameters: got "eval() arg 1 must be a string, bytes or code object" on 4
Line #489 in BrH2_LEPS_LTBZSO_1995_DPEM.f:"      PARAMETER (NATOM = 25)                                            "
	get_parameters: got "eval() arg 1 must be a string, bytes or code object" on 4
Line #489 in BrH2_LEPS_LTBZSO_1995_DPEM.f:"      PARAMETER (NATOM = 25)                                            "
	get_parameters: got "eval() arg 1 must be a string, bytes or code object" on 4
Line #490 in BrH2_LEPS_LTBZSO_1995_DPEM.f:"         PARAMETER(CANGAU = 0.52917706D0)                               "
	get_parameters: got "eval() arg 1 must be a string, bytes or code object" on 4
Line #490 in BrH2_LEPS_LTBZSO_1995_DPEM.f:"         PARAMETER(CANGAU = 0.52917706D0)                               "
	get_parameters: got "eval() arg 1 must be a string, bytes or code object" on 4
Line #492 in BrH2_LEPS_LTBZSO_1995_DPEM.f:"         PARAMETER(CHARKC = 627.5095D0)                                 "
	get_parameters: got "eval() arg 1 must be a string, bytes or code object" on 4
Line #492 in BrH2_LEPS_LTBZSO_1995_DPEM.f:"         PARAMETER(CHARKC = 627.5095D0)                                 "
	get_parameters: got "eval() arg 1 must be a string, bytes or code object" on 4
Line #492 in BrH2_LEPS_LTBZSO_1995_DPEM.f:"         PARAMETER(CHARKC = 627.5095D0)                                 "
	get_parameters: got "eval() arg 1 must be a string, bytes or code object" on 4
Line #530 in BrH2_LEPS_LTBZSO_1995_DPEM.f:"      PARAMETER (PI = 3.141592653589793D0)                              "
	get_parameters: got "eval() arg 1 must be a string, bytes or code object" on 4
Line #532 in BrH2_LEPS_LTBZSO_1995_DPEM.f:"      PARAMETER (NATOM = 25)                                            "
	get_parameters: got "eval() arg 1 must be a string, bytes or code object" on 4
Line #532 in BrH2_LEPS_LTBZSO_1995_DPEM.f:"      PARAMETER (NATOM = 25)                                            "
	get_parameters: got "eval() arg 1 must be a string, bytes or code object" on 4
Line #533 in BrH2_LEPS_LTBZSO_1995_DPEM.f:"         PARAMETER(CANGAU = 0.52917706D0)                               "
	get_parameters: got "eval() arg 1 must be a string, bytes or code object" on 4
Line #533 in BrH2_LEPS_LTBZSO_1995_DPEM.f:"         PARAMETER(CANGAU = 0.52917706D0)                               "
	get_parameters: got "eval() arg 1 must be a string, bytes or code object" on 4
Line #534 in BrH2_LEPS_LTBZSO_1995_DPEM.f:"         PARAMETER(CHARKC = 627.5095D0)                                 "
	get_parameters: got "eval() arg 1 must be a string, bytes or code object" on 4
Line #534 in BrH2_LEPS_LTBZSO_1995_DPEM.f:"         PARAMETER(CHARKC = 627.5095D0)                                 "
	get_parameters: got "eval() arg 1 must be a string, bytes or code object" on 4
Line #534 in BrH2_LEPS_LTBZSO_1995_DPEM.f:"         PARAMETER(CHARKC = 627.5095D0)                                 "
	get_parameters: got "eval() arg 1 must be a string, bytes or code object" on 4
Line #536 in BrH2_LEPS_LTBZSO_1995_DPEM.f:"         PARAMETER(xlamb12 = 0.4568d0/27.21161d0)                       "
	get_parameters: got "eval() arg 1 must be a string, bytes or code object" on 4
Line #536 in BrH2_LEPS_LTBZSO_1995_DPEM.f:"         PARAMETER(xlamb12 = 0.4568d0/27.21161d0)                       "
	get_parameters: got "eval() arg 1 must be a string, bytes or code object" on 4
Line #536 in BrH2_LEPS_LTBZSO_1995_DPEM.f:"         PARAMETER(xlamb12 = 0.4568d0/27.21161d0)                       "
	get_parameters: got "eval() arg 1 must be a string, bytes or code object" on 4
Line #536 in BrH2_LEPS_LTBZSO_1995_DPEM.f:"         PARAMETER(xlamb12 = 0.4568d0/27.21161d0)                       "
	get_parameters: got "eval() arg 1 must be a string, bytes or code object" on 4
Line #536 in BrH2_LEPS_LTBZSO_1995_DPEM.f:"         PARAMETER(xlamb12 = 0.4568d0/27.21161d0)                       "
	determineexprtype: could not determine expressions ('0.4568d0/27.21161d0') type.
Line #579 in BrH2_LEPS_LTBZSO_1995_DPEM.f:"      PARAMETER (PI = 3.141592653589793D0)                              "
	get_parameters: got "eval() arg 1 must be a string, bytes or code object" on 4
Line #581 in BrH2_LEPS_LTBZSO_1995_DPEM.f:"      PARAMETER (NATOM = 25)                                            "
	get_parameters: got "eval() arg 1 must be a string, bytes or code object" on 4
Line #581 in BrH2_LEPS_LTBZSO_1995_DPEM.f:"      PARAMETER (NATOM = 25)                                            "
	get_parameters: got "eval() arg 1 must be a string, bytes or code object" on 4
Line #582 in BrH2_LEPS_LTBZSO_1995_DPEM.f:"         PARAMETER(CANGAU = 0.52917706D0)                               "
	get_parameters: got "eval() arg 1 must be a string, bytes or code object" on 4
Line #582 in BrH2_LEPS_LTBZSO_1995_DPEM.f:"         PARAMETER(CANGAU = 0.52917706D0)                               "
	get_parameters: got "eval() arg 1 must be a string, bytes or code object" on 4
Line #584 in BrH2_LEPS_LTBZSO_1995_DPEM.f:"         PARAMETER(CHARKC = 627.5095D0)                                 "
	get_parameters: got "eval() arg 1 must be a string, bytes or code object" on 4
Line #584 in BrH2_LEPS_LTBZSO_1995_DPEM.f:"         PARAMETER(CHARKC = 627.5095D0)                                 "
	get_parameters: got "eval() arg 1 must be a string, bytes or code object" on 4
Line #584 in BrH2_LEPS_LTBZSO_1995_DPEM.f:"         PARAMETER(CHARKC = 627.5095D0)                                 "
	get_parameters: got "eval() arg 1 must be a string, bytes or code object" on 4
Line #657 in BrH2_LEPS_LTBZSO_1995_DPEM.f:"      PARAMETER (PI = 3.141592653589793D0)                              "
	get_parameters: got "eval() arg 1 must be a string, bytes or code object" on 4
Line #659 in BrH2_LEPS_LTBZSO_1995_DPEM.f:"      PARAMETER (NATOM = 25)                                            "
	get_parameters: got "eval() arg 1 must be a string, bytes or code object" on 4
Line #659 in BrH2_LEPS_LTBZSO_1995_DPEM.f:"      PARAMETER (NATOM = 25)                                            "
	get_parameters: got "eval() arg 1 must be a string, bytes or code object" on 4
Line #660 in BrH2_LEPS_LTBZSO_1995_DPEM.f:"         PARAMETER (CANGAU = 0.52917706D0)                              "
	get_parameters: got "eval() arg 1 must be a string, bytes or code object" on 4
Line #660 in BrH2_LEPS_LTBZSO_1995_DPEM.f:"         PARAMETER (CANGAU = 0.52917706D0)                              "
	get_parameters: got "eval() arg 1 must be a string, bytes or code object" on 4
Line #661 in BrH2_LEPS_LTBZSO_1995_DPEM.f:"         PARAMETER (CHARKC = 627.5095D0)                                "
	get_parameters: got "eval() arg 1 must be a string, bytes or code object" on 4
Line #661 in BrH2_LEPS_LTBZSO_1995_DPEM.f:"         PARAMETER (CHARKC = 627.5095D0)                                "
	get_parameters: got "eval() arg 1 must be a string, bytes or code object" on 4
Line #661 in BrH2_LEPS_LTBZSO_1995_DPEM.f:"         PARAMETER (CHARKC = 627.5095D0)                                "
	get_parameters: got "eval() arg 1 must be a string, bytes or code object" on 4
Line #663 in BrH2_LEPS_LTBZSO_1995_DPEM.f:"         PARAMETER (xlamb22 = 0.4568d0/27.21161d0)                      "
	get_parameters: got "eval() arg 1 must be a string, bytes or code object" on 4
Line #663 in BrH2_LEPS_LTBZSO_1995_DPEM.f:"         PARAMETER (xlamb22 = 0.4568d0/27.21161d0)                      "
	get_parameters: got "eval() arg 1 must be a string, bytes or code object" on 4
Line #663 in BrH2_LEPS_LTBZSO_1995_DPEM.f:"         PARAMETER (xlamb22 = 0.4568d0/27.21161d0)                      "
	get_parameters: got "eval() arg 1 must be a string, bytes or code object" on 4
Line #663 in BrH2_LEPS_LTBZSO_1995_DPEM.f:"         PARAMETER (xlamb22 = 0.4568d0/27.21161d0)                      "
	get_parameters: got "eval() arg 1 must be a string, bytes or code object" on 4
Line #663 in BrH2_LEPS_LTBZSO_1995_DPEM.f:"         PARAMETER (xlamb22 = 0.4568d0/27.21161d0)                      "
	determineexprtype: could not determine expressions ('0.4568d0/27.21161d0') type.
Line #722 in BrH2_LEPS_LTBZSO_1995_DPEM.f:"      PARAMETER (PI = 3.141592653589793D0)                              "
	get_parameters: got "eval() arg 1 must be a string, bytes or code object" on 4
Line #724 in BrH2_LEPS_LTBZSO_1995_DPEM.f:"      PARAMETER (NATOM = 25)                                            "
	get_parameters: got "eval() arg 1 must be a string, bytes or code object" on 4
Line #724 in BrH2_LEPS_LTBZSO_1995_DPEM.f:"      PARAMETER (NATOM = 25)                                            "
	get_parameters: got "eval() arg 1 must be a string, bytes or code object" on 4
Line #725 in BrH2_LEPS_LTBZSO_1995_DPEM.f:"         PARAMETER(CANGAU = 0.52917706D0)                               "
	get_parameters: got "eval() arg 1 must be a string, bytes or code object" on 4
Line #725 in BrH2_LEPS_LTBZSO_1995_DPEM.f:"         PARAMETER(CANGAU = 0.52917706D0)                               "
	get_parameters: got "eval() arg 1 must be a string, bytes or code object" on 4
Line #727 in BrH2_LEPS_LTBZSO_1995_DPEM.f:"         PARAMETER(CHARKC = 627.5095D0)                                 "
	get_parameters: got "eval() arg 1 must be a string, bytes or code object" on 4
Line #727 in BrH2_LEPS_LTBZSO_1995_DPEM.f:"         PARAMETER(CHARKC = 627.5095D0)                                 "
	get_parameters: got "eval() arg 1 must be a string, bytes or code object" on 4
Line #727 in BrH2_LEPS_LTBZSO_1995_DPEM.f:"         PARAMETER(CHARKC = 627.5095D0)                                 "
	get_parameters: got "eval() arg 1 must be a string, bytes or code object" on 4
Line #802 in BrH2_LEPS_LTBZSO_1995_DPEM.f:"      PARAMETER (PI = 3.141592653589793D0)"
	get_parameters: got "eval() arg 1 must be a string, bytes or code object" on 4
Line #972 in BrH2_LEPS_LTBZSO_1995_DPEM.f:"      PARAMETER(        PI = 3.141592653589793D0)"
	get_parameters: got "eval() arg 1 must be a string, bytes or code object" on 4
Line #973 in BrH2_LEPS_LTBZSO_1995_DPEM.f:"      PARAMETER(    CLIGHT = 2.99792458D08)"
	get_parameters: got "eval() arg 1 must be a string, bytes or code object" on 4
Line #973 in BrH2_LEPS_LTBZSO_1995_DPEM.f:"      PARAMETER(    CLIGHT = 2.99792458D08)"
	get_parameters: got "eval() arg 1 must be a string, bytes or code object" on 4
Line #974 in BrH2_LEPS_LTBZSO_1995_DPEM.f:"      PARAMETER(     CMU_0 = 4.0D0*PI*1.0D-07)"
	get_parameters: got "eval() arg 1 must be a string, bytes or code object" on 4
Line #974 in BrH2_LEPS_LTBZSO_1995_DPEM.f:"      PARAMETER(     CMU_0 = 4.0D0*PI*1.0D-07)"
	get_parameters: got "eval() arg 1 must be a string, bytes or code object" on 4
Line #974 in BrH2_LEPS_LTBZSO_1995_DPEM.f:"      PARAMETER(     CMU_0 = 4.0D0*PI*1.0D-07)"
	get_parameters: got "eval() arg 1 must be a string, bytes or code object" on 4
Line #975 in BrH2_LEPS_LTBZSO_1995_DPEM.f:"      PARAMETER(CEPSILON_0 = 1.0D0/(CMU_0*CLIGHT**2))"
	get_parameters: got "eval() arg 1 must be a string, bytes or code object" on 4
Line #975 in BrH2_LEPS_LTBZSO_1995_DPEM.f:"      PARAMETER(CEPSILON_0 = 1.0D0/(CMU_0*CLIGHT**2))"
	get_parameters: got "eval() arg 1 must be a string, bytes or code object" on 4
Line #975 in BrH2_LEPS_LTBZSO_1995_DPEM.f:"      PARAMETER(CEPSILON_0 = 1.0D0/(CMU_0*CLIGHT**2))"
	get_parameters: got "eval() arg 1 must be a string, bytes or code object" on 4
Line #975 in BrH2_LEPS_LTBZSO_1995_DPEM.f:"      PARAMETER(CEPSILON_0 = 1.0D0/(CMU_0*CLIGHT**2))"
	determineexprtype: could not determine expressions ('1.0d0/(cmu_0*clight**2)') type.
Line #976 in BrH2_LEPS_LTBZSO_1995_DPEM.f:"      PARAMETER(        CE = 1.602176462D-19)"
	get_parameters: got "eval() arg 1 must be a string, bytes or code object" on 4
Line #976 in BrH2_LEPS_LTBZSO_1995_DPEM.f:"      PARAMETER(        CE = 1.602176462D-19)"
	get_parameters: got "eval() arg 1 must be a string, bytes or code object" on 4
Line #976 in BrH2_LEPS_LTBZSO_1995_DPEM.f:"      PARAMETER(        CE = 1.602176462D-19)"
	get_parameters: got "eval() arg 1 must be a string, bytes or code object" on 4
Line #977 in BrH2_LEPS_LTBZSO_1995_DPEM.f:"      PARAMETER(   CPLANCK = 6.62606876D-34)"
	get_parameters: got "eval() arg 1 must be a string, bytes or code object" on 4
Line #977 in BrH2_LEPS_LTBZSO_1995_DPEM.f:"      PARAMETER(   CPLANCK = 6.62606876D-34)"
	get_parameters: got "eval() arg 1 must be a string, bytes or code object" on 4
Line #977 in BrH2_LEPS_LTBZSO_1995_DPEM.f:"      PARAMETER(   CPLANCK = 6.62606876D-34)"
	get_parameters: got "eval() arg 1 must be a string, bytes or code object" on 4
Line #977 in BrH2_LEPS_LTBZSO_1995_DPEM.f:"      PARAMETER(   CPLANCK = 6.62606876D-34)"
	get_parameters: got "eval() arg 1 must be a string, bytes or code object" on 4
Line #978 in BrH2_LEPS_LTBZSO_1995_DPEM.f:"      PARAMETER(      CM_E = 9.10938188D-31)"
	get_parameters: got "eval() arg 1 must be a string, bytes or code object" on 4
Line #978 in BrH2_LEPS_LTBZSO_1995_DPEM.f:"      PARAMETER(      CM_E = 9.10938188D-31)"
	get_parameters: got "eval() arg 1 must be a string, bytes or code object" on 4
Line #978 in BrH2_LEPS_LTBZSO_1995_DPEM.f:"      PARAMETER(      CM_E = 9.10938188D-31)"
	get_parameters: got "eval() arg 1 must be a string, bytes or code object" on 4
Line #978 in BrH2_LEPS_LTBZSO_1995_DPEM.f:"      PARAMETER(      CM_E = 9.10938188D-31)"
	get_parameters: got "eval() arg 1 must be a string, bytes or code object" on 4
Line #978 in BrH2_LEPS_LTBZSO_1995_DPEM.f:"      PARAMETER(      CM_E = 9.10938188D-31)"
	get_parameters: got "eval() arg 1 must be a string, bytes or code object" on 4
Line #979 in BrH2_LEPS_LTBZSO_1995_DPEM.f:"      PARAMETER(      CANG = 1.0D-10)"
	get_parameters: got "eval() arg 1 must be a string, bytes or code object" on 4
Line #979 in BrH2_LEPS_LTBZSO_1995_DPEM.f:"      PARAMETER(      CANG = 1.0D-10)"
	get_parameters: got "eval() arg 1 must be a string, bytes or code object" on 4
Line #979 in BrH2_LEPS_LTBZSO_1995_DPEM.f:"      PARAMETER(      CANG = 1.0D-10)"
	get_parameters: got "eval() arg 1 must be a string, bytes or code object" on 4
Line #979 in BrH2_LEPS_LTBZSO_1995_DPEM.f:"      PARAMETER(      CANG = 1.0D-10)"
	get_parameters: got "eval() arg 1 must be a string, bytes or code object" on 4
Line #979 in BrH2_LEPS_LTBZSO_1995_DPEM.f:"      PARAMETER(      CANG = 1.0D-10)"
	get_parameters: got "eval() arg 1 must be a string, bytes or code object" on 4
Line #979 in BrH2_LEPS_LTBZSO_1995_DPEM.f:"      PARAMETER(      CANG = 1.0D-10)"
	get_parameters: got "eval() arg 1 must be a string, bytes or code object" on 4
Line #980 in BrH2_LEPS_LTBZSO_1995_DPEM.f:"      PARAMETER( CAVOGADRO = 6.02214199D23)"
	get_parameters: got "eval() arg 1 must be a string, bytes or code object" on 4
Line #980 in BrH2_LEPS_LTBZSO_1995_DPEM.f:"      PARAMETER( CAVOGADRO = 6.02214199D23)"
	get_parameters: got "eval() arg 1 must be a string, bytes or code object" on 4
Line #980 in BrH2_LEPS_LTBZSO_1995_DPEM.f:"      PARAMETER( CAVOGADRO = 6.02214199D23)"
	get_parameters: got "eval() arg 1 must be a string, bytes or code object" on 4
Line #980 in BrH2_LEPS_LTBZSO_1995_DPEM.f:"      PARAMETER( CAVOGADRO = 6.02214199D23)"
	get_parameters: got "eval() arg 1 must be a string, bytes or code object" on 4
Line #980 in BrH2_LEPS_LTBZSO_1995_DPEM.f:"      PARAMETER( CAVOGADRO = 6.02214199D23)"
	get_parameters: got "eval() arg 1 must be a string, bytes or code object" on 4
Line #980 in BrH2_LEPS_LTBZSO_1995_DPEM.f:"      PARAMETER( CAVOGADRO = 6.02214199D23)"
	get_parameters: got "eval() arg 1 must be a string, bytes or code object" on 4
Line #980 in BrH2_LEPS_LTBZSO_1995_DPEM.f:"      PARAMETER( CAVOGADRO = 6.02214199D23)"
	get_parameters: got "eval() arg 1 must be a string, bytes or code object" on 4
Line #981 in BrH2_LEPS_LTBZSO_1995_DPEM.f:"      PARAMETER(     CKCAL = 4.184D10)"
	get_parameters: got "eval() arg 1 must be a string, bytes or code object" on 4
Line #981 in BrH2_LEPS_LTBZSO_1995_DPEM.f:"      PARAMETER(     CKCAL = 4.184D10)"
	get_parameters: got "eval() arg 1 must be a string, bytes or code object" on 4
Line #981 in BrH2_LEPS_LTBZSO_1995_DPEM.f:"      PARAMETER(     CKCAL = 4.184D10)"
	get_parameters: got "eval() arg 1 must be a string, bytes or code object" on 4
Line #981 in BrH2_LEPS_LTBZSO_1995_DPEM.f:"      PARAMETER(     CKCAL = 4.184D10)"
	get_parameters: got "eval() arg 1 must be a string, bytes or code object" on 4
Line #981 in BrH2_LEPS_LTBZSO_1995_DPEM.f:"      PARAMETER(     CKCAL = 4.184D10)"
	get_parameters: got "eval() arg 1 must be a string, bytes or code object" on 4
Line #981 in BrH2_LEPS_LTBZSO_1995_DPEM.f:"      PARAMETER(     CKCAL = 4.184D10)"
	get_parameters: got "eval() arg 1 must be a string, bytes or code object" on 4
Line #981 in BrH2_LEPS_LTBZSO_1995_DPEM.f:"      PARAMETER(     CKCAL = 4.184D10)"
	get_parameters: got "eval() arg 1 must be a string, bytes or code object" on 4
Line #981 in BrH2_LEPS_LTBZSO_1995_DPEM.f:"      PARAMETER(     CKCAL = 4.184D10)"
	get_parameters: got "eval() arg 1 must be a string, bytes or code object" on 4
Line #982 in BrH2_LEPS_LTBZSO_1995_DPEM.f:"      PARAMETER(  HTOMILLH = 1000.D0)"
	get_parameters: got "eval() arg 1 must be a string, bytes or code object" on 4
Line #982 in BrH2_LEPS_LTBZSO_1995_DPEM.f:"      PARAMETER(  HTOMILLH = 1000.D0)"
	get_parameters: got "eval() arg 1 must be a string, bytes or code object" on 4
Line #982 in BrH2_LEPS_LTBZSO_1995_DPEM.f:"      PARAMETER(  HTOMILLH = 1000.D0)"
	get_parameters: got "eval() arg 1 must be a string, bytes or code object" on 4
Line #982 in BrH2_LEPS_LTBZSO_1995_DPEM.f:"      PARAMETER(  HTOMILLH = 1000.D0)"
	get_parameters: got "eval() arg 1 must be a string, bytes or code object" on 4
Line #982 in BrH2_LEPS_LTBZSO_1995_DPEM.f:"      PARAMETER(  HTOMILLH = 1000.D0)"
	get_parameters: got "eval() arg 1 must be a string, bytes or code object" on 4
Line #982 in BrH2_LEPS_LTBZSO_1995_DPEM.f:"      PARAMETER(  HTOMILLH = 1000.D0)"
	get_parameters: got "eval() arg 1 must be a string, bytes or code object" on 4
Line #982 in BrH2_LEPS_LTBZSO_1995_DPEM.f:"      PARAMETER(  HTOMILLH = 1000.D0)"
	get_parameters: got "eval() arg 1 must be a string, bytes or code object" on 4
Line #982 in BrH2_LEPS_LTBZSO_1995_DPEM.f:"      PARAMETER(  HTOMILLH = 1000.D0)"
	get_parameters: got "eval() arg 1 must be a string, bytes or code object" on 4
Line #982 in BrH2_LEPS_LTBZSO_1995_DPEM.f:"      PARAMETER(  HTOMILLH = 1000.D0)"
	get_parameters: got "eval() arg 1 must be a string, bytes or code object" on 4
Line #983 in BrH2_LEPS_LTBZSO_1995_DPEM.f:"      PARAMETER(     HTOEV = 27.2113834D0)"
	get_parameters: got "eval() arg 1 must be a string, bytes or code object" on 4
Line #983 in BrH2_LEPS_LTBZSO_1995_DPEM.f:"      PARAMETER(     HTOEV = 27.2113834D0)"
	get_parameters: got "eval() arg 1 must be a string, bytes or code object" on 4
Line #983 in BrH2_LEPS_LTBZSO_1995_DPEM.f:"      PARAMETER(     HTOEV = 27.2113834D0)"
	get_parameters: got "eval() arg 1 must be a string, bytes or code object" on 4
Line #983 in BrH2_LEPS_LTBZSO_1995_DPEM.f:"      PARAMETER(     HTOEV = 27.2113834D0)"
	get_parameters: got "eval() arg 1 must be a string, bytes or code object" on 4
Line #983 in BrH2_LEPS_LTBZSO_1995_DPEM.f:"      PARAMETER(     HTOEV = 27.2113834D0)"
	get_parameters: got "eval() arg 1 must be a string, bytes or code object" on 4
Line #983 in BrH2_LEPS_LTBZSO_1995_DPEM.f:"      PARAMETER(     HTOEV = 27.2113834D0)"
	get_parameters: got "eval() arg 1 must be a string, bytes or code object" on 4
Line #983 in BrH2_LEPS_LTBZSO_1995_DPEM.f:"      PARAMETER(     HTOEV = 27.2113834D0)"
	get_parameters: got "eval() arg 1 must be a string, bytes or code object" on 4
Line #983 in BrH2_LEPS_LTBZSO_1995_DPEM.f:"      PARAMETER(     HTOEV = 27.2113834D0)"
	get_parameters: got "eval() arg 1 must be a string, bytes or code object" on 4
Line #983 in BrH2_LEPS_LTBZSO_1995_DPEM.f:"      PARAMETER(     HTOEV = 27.2113834D0)"
	get_parameters: got "eval() arg 1 must be a string, bytes or code object" on 4
Line #983 in BrH2_LEPS_LTBZSO_1995_DPEM.f:"      PARAMETER(     HTOEV = 27.2113834D0)"
	get_parameters: got "eval() arg 1 must be a string, bytes or code object" on 4
Line #984 in BrH2_LEPS_LTBZSO_1995_DPEM.f:"      PARAMETER(   HTOKCAL = 627.509470D0)"
	get_parameters: got "eval() arg 1 must be a string, bytes or code object" on 4
Line #984 in BrH2_LEPS_LTBZSO_1995_DPEM.f:"      PARAMETER(   HTOKCAL = 627.509470D0)"
	get_parameters: got "eval() arg 1 must be a string, bytes or code object" on 4
Line #984 in BrH2_LEPS_LTBZSO_1995_DPEM.f:"      PARAMETER(   HTOKCAL = 627.509470D0)"
	get_parameters: got "eval() arg 1 must be a string, bytes or code object" on 4
Line #984 in BrH2_LEPS_LTBZSO_1995_DPEM.f:"      PARAMETER(   HTOKCAL = 627.509470D0)"
	get_parameters: got "eval() arg 1 must be a string, bytes or code object" on 4
Line #984 in BrH2_LEPS_LTBZSO_1995_DPEM.f:"      PARAMETER(   HTOKCAL = 627.509470D0)"
	get_parameters: got "eval() arg 1 must be a string, bytes or code object" on 4
Line #984 in BrH2_LEPS_LTBZSO_1995_DPEM.f:"      PARAMETER(   HTOKCAL = 627.509470D0)"
	get_parameters: got "eval() arg 1 must be a string, bytes or code object" on 4
Line #984 in BrH2_LEPS_LTBZSO_1995_DPEM.f:"      PARAMETER(   HTOKCAL = 627.509470D0)"
	get_parameters: got "eval() arg 1 must be a string, bytes or code object" on 4
Line #984 in BrH2_LEPS_LTBZSO_1995_DPEM.f:"      PARAMETER(   HTOKCAL = 627.509470D0)"
	get_parameters: got "eval() arg 1 must be a string, bytes or code object" on 4
Line #984 in BrH2_LEPS_LTBZSO_1995_DPEM.f:"      PARAMETER(   HTOKCAL = 627.509470D0)"
	get_parameters: got "eval() arg 1 must be a string, bytes or code object" on 4
Line #984 in BrH2_LEPS_LTBZSO_1995_DPEM.f:"      PARAMETER(   HTOKCAL = 627.509470D0)"
	get_parameters: got "eval() arg 1 must be a string, bytes or code object" on 4
Line #984 in BrH2_LEPS_LTBZSO_1995_DPEM.f:"      PARAMETER(   HTOKCAL = 627.509470D0)"
	get_parameters: got "eval() arg 1 must be a string, bytes or code object" on 4
Line #985 in BrH2_LEPS_LTBZSO_1995_DPEM.f:"      PARAMETER(   HTOWAVE = 219474.631D0)"
	get_parameters: got "eval() arg 1 must be a string, bytes or code object" on 4
Line #985 in BrH2_LEPS_LTBZSO_1995_DPEM.f:"      PARAMETER(   HTOWAVE = 219474.631D0)"
	get_parameters: got "eval() arg 1 must be a string, bytes or code object" on 4
Line #985 in BrH2_LEPS_LTBZSO_1995_DPEM.f:"      PARAMETER(   HTOWAVE = 219474.631D0)"
	get_parameters: got "eval() arg 1 must be a string, bytes or code object" on 4
Line #985 in BrH2_LEPS_LTBZSO_1995_DPEM.f:"      PARAMETER(   HTOWAVE = 219474.631D0)"
	get_parameters: got "eval() arg 1 must be a string, bytes or code object" on 4
Line #985 in BrH2_LEPS_LTBZSO_1995_DPEM.f:"      PARAMETER(   HTOWAVE = 219474.631D0)"
	get_parameters: got "eval() arg 1 must be a string, bytes or code object" on 4
Line #985 in BrH2_LEPS_LTBZSO_1995_DPEM.f:"      PARAMETER(   HTOWAVE = 219474.631D0)"
	get_parameters: got "eval() arg 1 must be a string, bytes or code object" on 4
Line #985 in BrH2_LEPS_LTBZSO_1995_DPEM.f:"      PARAMETER(   HTOWAVE = 219474.631D0)"
	get_parameters: got "eval() arg 1 must be a string, bytes or code object" on 4
Line #985 in BrH2_LEPS_LTBZSO_1995_DPEM.f:"      PARAMETER(   HTOWAVE = 219474.631D0)"
	get_parameters: got "eval() arg 1 must be a string, bytes or code object" on 4
Line #985 in BrH2_LEPS_LTBZSO_1995_DPEM.f:"      PARAMETER(   HTOWAVE = 219474.631D0)"
	get_parameters: got "eval() arg 1 must be a string, bytes or code object" on 4
Line #985 in BrH2_LEPS_LTBZSO_1995_DPEM.f:"      PARAMETER(   HTOWAVE = 219474.631D0)"
	get_parameters: got "eval() arg 1 must be a string, bytes or code object" on 4
Line #985 in BrH2_LEPS_LTBZSO_1995_DPEM.f:"      PARAMETER(   HTOWAVE = 219474.631D0)"
	get_parameters: got "eval() arg 1 must be a string, bytes or code object" on 4
Line #985 in BrH2_LEPS_LTBZSO_1995_DPEM.f:"      PARAMETER(   HTOWAVE = 219474.631D0)"
	get_parameters: got "eval() arg 1 must be a string, bytes or code object" on 4
Line #986 in BrH2_LEPS_LTBZSO_1995_DPEM.f:"      PARAMETER(     HTOKJ = 2625.49962D0)"
	get_parameters: got "eval() arg 1 must be a string, bytes or code object" on 4
Line #986 in BrH2_LEPS_LTBZSO_1995_DPEM.f:"      PARAMETER(     HTOKJ = 2625.49962D0)"
	get_parameters: got "eval() arg 1 must be a string, bytes or code object" on 4
Line #986 in BrH2_LEPS_LTBZSO_1995_DPEM.f:"      PARAMETER(     HTOKJ = 2625.49962D0)"
	get_parameters: got "eval() arg 1 must be a string, bytes or code object" on 4
Line #986 in BrH2_LEPS_LTBZSO_1995_DPEM.f:"      PARAMETER(     HTOKJ = 2625.49962D0)"
	get_parameters: got "eval() arg 1 must be a string, bytes or code object" on 4
Line #986 in BrH2_LEPS_LTBZSO_1995_DPEM.f:"      PARAMETER(     HTOKJ = 2625.49962D0)"
	get_parameters: got "eval() arg 1 must be a string, bytes or code object" on 4
Line #986 in BrH2_LEPS_LTBZSO_1995_DPEM.f:"      PARAMETER(     HTOKJ = 2625.49962D0)"
	get_parameters: got "eval() arg 1 must be a string, bytes or code object" on 4
Line #986 in BrH2_LEPS_LTBZSO_1995_DPEM.f:"      PARAMETER(     HTOKJ = 2625.49962D0)"
	get_parameters: got "eval() arg 1 must be a string, bytes or code object" on 4
Line #986 in BrH2_LEPS_LTBZSO_1995_DPEM.f:"      PARAMETER(     HTOKJ = 2625.49962D0)"
	get_parameters: got "eval() arg 1 must be a string, bytes or code object" on 4
Line #986 in BrH2_LEPS_LTBZSO_1995_DPEM.f:"      PARAMETER(     HTOKJ = 2625.49962D0)"
	get_parameters: got "eval() arg 1 must be a string, bytes or code object" on 4
Line #986 in BrH2_LEPS_LTBZSO_1995_DPEM.f:"      PARAMETER(     HTOKJ = 2625.49962D0)"
	get_parameters: got "eval() arg 1 must be a string, bytes or code object" on 4
Line #986 in BrH2_LEPS_LTBZSO_1995_DPEM.f:"      PARAMETER(     HTOKJ = 2625.49962D0)"
	get_parameters: got "eval() arg 1 must be a string, bytes or code object" on 4
Line #986 in BrH2_LEPS_LTBZSO_1995_DPEM.f:"      PARAMETER(     HTOKJ = 2625.49962D0)"
	get_parameters: got "eval() arg 1 must be a string, bytes or code object" on 4
Line #986 in BrH2_LEPS_LTBZSO_1995_DPEM.f:"      PARAMETER(     HTOKJ = 2625.49962D0)"
	get_parameters: got "eval() arg 1 must be a string, bytes or code object" on 4
Line #987 in BrH2_LEPS_LTBZSO_1995_DPEM.f:"      PARAMETER(    BOHR_A = .5291772083D0)"
	get_parameters: got "eval() arg 1 must be a string, bytes or code object" on 4
Line #987 in BrH2_LEPS_LTBZSO_1995_DPEM.f:"      PARAMETER(    BOHR_A = .5291772083D0)"
	get_parameters: got "eval() arg 1 must be a string, bytes or code object" on 4
Line #987 in BrH2_LEPS_LTBZSO_1995_DPEM.f:"      PARAMETER(    BOHR_A = .5291772083D0)"
	get_parameters: got "eval() arg 1 must be a string, bytes or code object" on 4
getstrlength: expected a signature of a string but got: {'typespec': 'character', 'charselector': {'*': '75'}, 'attrspec': [], 'dimension': ['5']}
Line #987 in BrH2_LEPS_LTBZSO_1995_DPEM.f:"      PARAMETER(    BOHR_A = .5291772083D0)"
	get_parameters: got "eval() arg 1 must be a string, bytes or code object" on 4
Line #987 in BrH2_LEPS_LTBZSO_1995_DPEM.f:"      PARAMETER(    BOHR_A = .5291772083D0)"
	get_parameters: got "eval() arg 1 must be a string, bytes or code object" on 4
Line #987 in BrH2_LEPS_LTBZSO_1995_DPEM.f:"      PARAMETER(    BOHR_A = .5291772083D0)"
	get_parameters: got "eval() arg 1 must be a string, bytes or code object" on 4
Line #987 in BrH2_LEPS_LTBZSO_1995_DPEM.f:"      PARAMETER(    BOHR_A = .5291772083D0)"
	get_parameters: got "eval() arg 1 must be a string, bytes or code object" on 4
Line #987 in BrH2_LEPS_LTBZSO_1995_DPEM.f:"      PARAMETER(    BOHR_A = .5291772083D0)"
	get_parameters: got "eval() arg 1 must be a string, bytes or code object" on 4
Line #987 in BrH2_LEPS_LTBZSO_1995_DPEM.f:"      PARAMETER(    BOHR_A = .5291772083D0)"
	get_parameters: got "eval() arg 1 must be a string, bytes or code object" on 4
Line #987 in BrH2_LEPS_LTBZSO_1995_DPEM.f:"      PARAMETER(    BOHR_A = .5291772083D0)"
	get_parameters: got "eval() arg 1 must be a string, bytes or code object" on 4
Line #987 in BrH2_LEPS_LTBZSO_1995_DPEM.f:"      PARAMETER(    BOHR_A = .5291772083D0)"
	get_parameters: got "eval() arg 1 must be a string, bytes or code object" on 4
Line #987 in BrH2_LEPS_LTBZSO_1995_DPEM.f:"      PARAMETER(    BOHR_A = .5291772083D0)"
	get_parameters: got "eval() arg 1 must be a string, bytes or code object" on 4
Line #987 in BrH2_LEPS_LTBZSO_1995_DPEM.f:"      PARAMETER(    BOHR_A = .5291772083D0)"
	get_parameters: got "eval() arg 1 must be a string, bytes or code object" on 4
Line #987 in BrH2_LEPS_LTBZSO_1995_DPEM.f:"      PARAMETER(    BOHR_A = .5291772083D0)"
	get_parameters: got "eval() arg 1 must be a string, bytes or code object" on 4
Post-processing...
	Block: BrH2_LEPS_LTBZSO_1995_DPEM
			Block: dpem
			Block: diagonalize
			Block: prepot
In: :BrH2_LEPS_LTBZSO_1995_DPEM:BrH2_LEPS_LTBZSO_1995_DPEM.f:prepot
get_parameters: got "eval() arg 1 must be a string, bytes or code object" on 4
In: :BrH2_LEPS_LTBZSO_1995_DPEM:BrH2_LEPS_LTBZSO_1995_DPEM.f:prepot
get_parameters: got "eval() arg 1 must be a string, bytes or code object" on 4
			Block: pot
In: :BrH2_LEPS_LTBZSO_1995_DPEM:BrH2_LEPS_LTBZSO_1995_DPEM.f:pot
get_parameters: got "eval() arg 1 must be a string, bytes or code object" on 4
In: :BrH2_LEPS_LTBZSO_1995_DPEM:BrH2_LEPS_LTBZSO_1995_DPEM.f:pot
get_parameters: got "eval() arg 1 must be a string, bytes or code object" on 4
			Block: prepot11
In: :BrH2_LEPS_LTBZSO_1995_DPEM:BrH2_LEPS_LTBZSO_1995_DPEM.f:prepot11
get_parameters: got "eval() arg 1 must be a string, bytes or code object" on 4
In: :BrH2_LEPS_LTBZSO_1995_DPEM:BrH2_LEPS_LTBZSO_1995_DPEM.f:prepot11
get_parameters: got "eval() arg 1 must be a string, bytes or code object" on 4
In: :BrH2_LEPS_LTBZSO_1995_DPEM:BrH2_LEPS_LTBZSO_1995_DPEM.f:prepot11
get_parameters: got "eval() arg 1 must be a string, bytes or code object" on 4
In: :BrH2_LEPS_LTBZSO_1995_DPEM:BrH2_LEPS_LTBZSO_1995_DPEM.f:prepot11
get_parameters: got "eval() arg 1 must be a string, bytes or code object" on 4
			Block: pot11
In: :BrH2_LEPS_LTBZSO_1995_DPEM:BrH2_LEPS_LTBZSO_1995_DPEM.f:pot11
get_parameters: got "eval() arg 1 must be a string, bytes or code object" on 4
In: :BrH2_LEPS_LTBZSO_1995_DPEM:BrH2_LEPS_LTBZSO_1995_DPEM.f:pot11
get_parameters: got "eval() arg 1 must be a string, bytes or code object" on 4
In: :BrH2_LEPS_LTBZSO_1995_DPEM:BrH2_LEPS_LTBZSO_1995_DPEM.f:pot11
get_parameters: got "eval() arg 1 must be a string, bytes or code object" on 4
In: :BrH2_LEPS_LTBZSO_1995_DPEM:BrH2_LEPS_LTBZSO_1995_DPEM.f:pot11
get_parameters: got "eval() arg 1 must be a string, bytes or code object" on 4
			Block: prepot12
In: :BrH2_LEPS_LTBZSO_1995_DPEM:BrH2_LEPS_LTBZSO_1995_DPEM.f:prepot12
get_parameters: got "eval() arg 1 must be a string, bytes or code object" on 4
In: :BrH2_LEPS_LTBZSO_1995_DPEM:BrH2_LEPS_LTBZSO_1995_DPEM.f:prepot12
get_parameters: got "eval() arg 1 must be a string, bytes or code object" on 4
In: :BrH2_LEPS_LTBZSO_1995_DPEM:BrH2_LEPS_LTBZSO_1995_DPEM.f:prepot12
get_parameters: got "eval() arg 1 must be a string, bytes or code object" on 4
In: :BrH2_LEPS_LTBZSO_1995_DPEM:BrH2_LEPS_LTBZSO_1995_DPEM.f:prepot12
get_parameters: got "eval() arg 1 must be a string, bytes or code object" on 4
			Block: pot12
In: :BrH2_LEPS_LTBZSO_1995_DPEM:BrH2_LEPS_LTBZSO_1995_DPEM.f:pot12
get_parameters: got "eval() arg 1 must be a string, bytes or code object" on 4
In: :BrH2_LEPS_LTBZSO_1995_DPEM:BrH2_LEPS_LTBZSO_1995_DPEM.f:pot12
get_parameters: got "eval() arg 1 must be a string, bytes or code object" on 4
In: :BrH2_LEPS_LTBZSO_1995_DPEM:BrH2_LEPS_LTBZSO_1995_DPEM.f:pot12
get_parameters: got "eval() arg 1 must be a string, bytes or code object" on 4
In: :BrH2_LEPS_LTBZSO_1995_DPEM:BrH2_LEPS_LTBZSO_1995_DPEM.f:pot12
get_parameters: got "eval() arg 1 must be a string, bytes or code object" on 4
			Block: prepot22
In: :BrH2_LEPS_LTBZSO_1995_DPEM:BrH2_LEPS_LTBZSO_1995_DPEM.f:prepot22
get_parameters: got "eval() arg 1 must be a string, bytes or code object" on 4
In: :BrH2_LEPS_LTBZSO_1995_DPEM:BrH2_LEPS_LTBZSO_1995_DPEM.f:prepot22
get_parameters: got "eval() arg 1 must be a string, bytes or code object" on 4
In: :BrH2_LEPS_LTBZSO_1995_DPEM:BrH2_LEPS_LTBZSO_1995_DPEM.f:prepot22
get_parameters: got "eval() arg 1 must be a string, bytes or code object" on 4
In: :BrH2_LEPS_LTBZSO_1995_DPEM:BrH2_LEPS_LTBZSO_1995_DPEM.f:prepot22
get_parameters: got "eval() arg 1 must be a string, bytes or code object" on 4
			Block: pot22
In: :BrH2_LEPS_LTBZSO_1995_DPEM:BrH2_LEPS_LTBZSO_1995_DPEM.f:pot22
get_parameters: got "eval() arg 1 must be a string, bytes or code object" on 4
In: :BrH2_LEPS_LTBZSO_1995_DPEM:BrH2_LEPS_LTBZSO_1995_DPEM.f:pot22
get_parameters: got "eval() arg 1 must be a string, bytes or code object" on 4
In: :BrH2_LEPS_LTBZSO_1995_DPEM:BrH2_LEPS_LTBZSO_1995_DPEM.f:pot22
get_parameters: got "eval() arg 1 must be a string, bytes or code object" on 4
In: :BrH2_LEPS_LTBZSO_1995_DPEM:BrH2_LEPS_LTBZSO_1995_DPEM.f:pot22
get_parameters: got "eval() arg 1 must be a string, bytes or code object" on 4
			Block: ptpacm
In: :BrH2_LEPS_LTBZSO_1995_DPEM:BrH2_LEPS_LTBZSO_1995_DPEM.f:ptpacm
get_parameters: got "eval() arg 1 must be a string, bytes or code object" on 4
In: :BrH2_LEPS_LTBZSO_1995_DPEM:BrH2_LEPS_LTBZSO_1995_DPEM.f:ptpacm
get_parameters: got "eval() arg 1 must be a string, bytes or code object" on 4
In: :BrH2_LEPS_LTBZSO_1995_DPEM:BrH2_LEPS_LTBZSO_1995_DPEM.f:ptpacm
get_parameters: got "eval() arg 1 must be a string, bytes or code object" on 4
In: :BrH2_LEPS_LTBZSO_1995_DPEM:BrH2_LEPS_LTBZSO_1995_DPEM.f:ptpacm
get_parameters: got "eval() arg 1 must be a string, bytes or code object" on 4
			Block: potinfo
In: :BrH2_LEPS_LTBZSO_1995_DPEM:BrH2_LEPS_LTBZSO_1995_DPEM.f:potinfo
get_parameters: got "eval() arg 1 must be a string, bytes or code object" on 4
In: :BrH2_LEPS_LTBZSO_1995_DPEM:BrH2_LEPS_LTBZSO_1995_DPEM.f:potinfo
get_parameters: got "eval() arg 1 must be a string, bytes or code object" on 4
			Block: ancvrt
In: :BrH2_LEPS_LTBZSO_1995_DPEM:BrH2_LEPS_LTBZSO_1995_DPEM.f:ancvrt
get_parameters: got "eval() arg 1 must be a string, bytes or code object" on 4
In: :BrH2_LEPS_LTBZSO_1995_DPEM:BrH2_LEPS_LTBZSO_1995_DPEM.f:ancvrt
get_parameters: got "eval() arg 1 must be a string, bytes or code object" on 4
In: :BrH2_LEPS_LTBZSO_1995_DPEM:BrH2_LEPS_LTBZSO_1995_DPEM.f:ancvrt
get_parameters: got "eval() arg 1 must be a string, bytes or code object" on 4
In: :BrH2_LEPS_LTBZSO_1995_DPEM:BrH2_LEPS_LTBZSO_1995_DPEM.f:ancvrt
get_parameters: got "eval() arg 1 must be a string, bytes or code object" on 4
In: :BrH2_LEPS_LTBZSO_1995_DPEM:BrH2_LEPS_LTBZSO_1995_DPEM.f:ancvrt
get_parameters: got "eval() arg 1 must be a string, bytes or code object" on 4
In: :BrH2_LEPS_LTBZSO_1995_DPEM:BrH2_LEPS_LTBZSO_1995_DPEM.f:ancvrt
get_parameters: got "eval() arg 1 must be a string, bytes or code object" on 4
In: :BrH2_LEPS_LTBZSO_1995_DPEM:BrH2_LEPS_LTBZSO_1995_DPEM.f:ancvrt
get_parameters: got "eval() arg 1 must be a string, bytes or code object" on 4
In: :BrH2_LEPS_LTBZSO_1995_DPEM:BrH2_LEPS_LTBZSO_1995_DPEM.f:ancvrt
get_parameters: got "eval() arg 1 must be a string, bytes or code object" on 4
In: :BrH2_LEPS_LTBZSO_1995_DPEM:BrH2_LEPS_LTBZSO_1995_DPEM.f:ancvrt
get_parameters: got "eval() arg 1 must be a string, bytes or code object" on 4
In: :BrH2_LEPS_LTBZSO_1995_DPEM:BrH2_LEPS_LTBZSO_1995_DPEM.f:ancvrt
get_parameters: got "eval() arg 1 must be a string, bytes or code object" on 4
In: :BrH2_LEPS_LTBZSO_1995_DPEM:BrH2_LEPS_LTBZSO_1995_DPEM.f:ancvrt
get_parameters: got "eval() arg 1 must be a string, bytes or code object" on 4
In: :BrH2_LEPS_LTBZSO_1995_DPEM:BrH2_LEPS_LTBZSO_1995_DPEM.f:ancvrt
get_parameters: got "eval() arg 1 must be a string, bytes or code object" on 4
In: :BrH2_LEPS_LTBZSO_1995_DPEM:BrH2_LEPS_LTBZSO_1995_DPEM.f:ancvrt
get_parameters: got "eval() arg 1 must be a string, bytes or code object" on 4
In: :BrH2_LEPS_LTBZSO_1995_DPEM:BrH2_LEPS_LTBZSO_1995_DPEM.f:ancvrt
get_parameters: got "eval() arg 1 must be a string, bytes or code object" on 4
In: :BrH2_LEPS_LTBZSO_1995_DPEM:BrH2_LEPS_LTBZSO_1995_DPEM.f:ancvrt
get_parameters: got "eval() arg 1 must be a string, bytes or code object" on 4
			Block: cartou
In: :BrH2_LEPS_LTBZSO_1995_DPEM:BrH2_LEPS_LTBZSO_1995_DPEM.f:cartou
get_parameters: got "eval() arg 1 must be a string, bytes or code object" on 4
			Block: carttor
			Block: eunitzero
In: :BrH2_LEPS_LTBZSO_1995_DPEM:BrH2_LEPS_LTBZSO_1995_DPEM.f:eunitzero
get_parameters: got "eval() arg 1 must be a string, bytes or code object" on 4
			Block: rtocart
In: :BrH2_LEPS_LTBZSO_1995_DPEM:BrH2_LEPS_LTBZSO_1995_DPEM.f:rtocart
get_parameters: got "eval() arg 1 must be a string, bytes or code object" on 4
			Block: dedcou
In: :BrH2_LEPS_LTBZSO_1995_DPEM:BrH2_LEPS_LTBZSO_1995_DPEM.f:dedcou
get_parameters: got "eval() arg 1 must be a string, bytes or code object" on 4
Applying post-processing hooks...
  character_backward_compatibility_hook
Post-processing (stage 2)...
Building modules...
    Building module "BrH2_LEPS_LTBZSO_1995_DPEM"...
    Generating possibly empty wrappers"
    Maybe empty "BrH2_LEPS_LTBZSO_1995_DPEM-f2pywrappers.f"
        Constructing wrapper function "dpem"...
          u,ug = dpem(x,igrad)
    Generating possibly empty wrappers"
    Maybe empty "BrH2_LEPS_LTBZSO_1995_DPEM-f2pywrappers.f"
        Constructing wrapper function "diagonalize"...
          ev_s,u_ss = diagonalize(a_ss,[n])
    Generating possibly empty wrappers"
    Maybe empty "BrH2_LEPS_LTBZSO_1995_DPEM-f2pywrappers.f"
        Constructing wrapper function "prepot"...
          prepot()
    Generating possibly empty wrappers"
    Maybe empty "BrH2_LEPS_LTBZSO_1995_DPEM-f2pywrappers.f"
        Constructing wrapper function "pot"...
          pot()
    Generating possibly empty wrappers"
    Maybe empty "BrH2_LEPS_LTBZSO_1995_DPEM-f2pywrappers.f"
        Constructing wrapper function "prepot11"...
          prepot11()
    Generating possibly empty wrappers"
    Maybe empty "BrH2_LEPS_LTBZSO_1995_DPEM-f2pywrappers.f"
        Constructing wrapper function "pot11"...
          pot11()
    Generating possibly empty wrappers"
    Maybe empty "BrH2_LEPS_LTBZSO_1995_DPEM-f2pywrappers.f"
        Constructing wrapper function "prepot12"...
          prepot12()
    Generating possibly empty wrappers"
    Maybe empty "BrH2_LEPS_LTBZSO_1995_DPEM-f2pywrappers.f"
        Constructing wrapper function "pot12"...
          pot12()
    Generating possibly empty wrappers"
    Maybe empty "BrH2_LEPS_LTBZSO_1995_DPEM-f2pywrappers.f"
        Constructing wrapper function "prepot22"...
          prepot22()
    Generating possibly empty wrappers"
    Maybe empty "BrH2_LEPS_LTBZSO_1995_DPEM-f2pywrappers.f"
        Constructing wrapper function "pot22"...
          pot22()
    Generating possibly empty wrappers"
    Maybe empty "BrH2_LEPS_LTBZSO_1995_DPEM-f2pywrappers.f"
        Constructing wrapper function "potinfo"...
          potinfo()
    Generating possibly empty wrappers"
    Maybe empty "BrH2_LEPS_LTBZSO_1995_DPEM-f2pywrappers.f"
        Constructing wrapper function "ancvrt"...
          ancvrt()
    Generating possibly empty wrappers"
    Maybe empty "BrH2_LEPS_LTBZSO_1995_DPEM-f2pywrappers.f"
        Constructing wrapper function "cartou"...
          cartou()
    Generating possibly empty wrappers"
    Maybe empty "BrH2_LEPS_LTBZSO_1995_DPEM-f2pywrappers.f"
        Constructing wrapper function "carttor"...
          carttor()
    Generating possibly empty wrappers"
    Maybe empty "BrH2_LEPS_LTBZSO_1995_DPEM-f2pywrappers.f"
        Constructing wrapper function "eunitzero"...
          eunitzero()
    Generating possibly empty wrappers"
    Maybe empty "BrH2_LEPS_LTBZSO_1995_DPEM-f2pywrappers.f"
        Constructing wrapper function "rtocart"...
          rtocart()
    Generating possibly empty wrappers"
    Maybe empty "BrH2_LEPS_LTBZSO_1995_DPEM-f2pywrappers.f"
        Constructing wrapper function "dedcou"...
          dedcou()
		Constructing COMMON block support for "pt4cm"...
		  engyes,deesdr
		Constructing COMMON block support for "pt5cm"...
		  engyij,deijdr
		Constructing COMMON block support for "usrocm"...
		  pengygs,pengyes,pengyij,dgscart,descart,dijcart
		Constructing COMMON block support for "usricm"...
		  cart,anuzero,nulbl,nflag,nasurf,nder
		Constructing COMMON block support for "pt1cm"...
		  r,engygs,degsdr
		Constructing COMMON block support for "pt3cm"...
		  ezero
		Constructing COMMON block support for "asycm"...
		  easybc,easyac,easyba
		Constructing COMMON block support for "infocm"...
		  cartnu,indexes,irctnt,natoms,icartr,mder,msurf,ref
		Constructing COMMON block support for "pre11cm"...
		  d11,de11,re11,betaa11,r211,beta11
		Constructing COMMON block support for "pre22cm"...
		  d22,de22,re22,betaa22,r222,ccon,beta22
		Constructing COMMON block support for "satocm"...
		  zhhp1,zhhp2,zhbrp1,zhbrp2,z,dz
		Constructing COMMON block support for "v3ccm"...
		  v3cp1,v3cp2,v3cp3,v3cp4,v3cp5,v3cp6,v3c,dv3c
		Constructing COMMON block support for "lengcm"...
		  x,coul,exch,rad
		Constructing COMMON block support for "lsatcm"...
		  zpo,op3z,zp3,tzp3,top3z,do4z
		Constructing COMMON block support for "ldercm"...
		  dxdr,deq,derad
		Constructing COMMON block support for "utilcm"...
		  dgscartnu,descartnu,dijcartnu,cnvrtd,cnvrte,cnvrtde,ireorder,ksdiag,kediag,ksoffd,keoffd
    Wrote C/API module "BrH2_LEPS_LTBZSO_1995_DPEM" to file "/tmp/tmpnv2l1qsk/src.linux-x86_64-3.11/BrH2_LEPS_LTBZSO_1995_DPEMmodule.c"
    Fortran 77 wrappers are saved to "/tmp/tmpnv2l1qsk/src.linux-x86_64-3.11/BrH2_LEPS_LTBZSO_1995_DPEM-f2pywrappers.f"
INFO:   adding '/tmp/tmpnv2l1qsk/src.linux-x86_64-3.11/fortranobject.c' to sources.
INFO:   adding '/tmp/tmpnv2l1qsk/src.linux-x86_64-3.11' to include_dirs.
copying /home/truhlard/shuxx055/anaconda3/lib/python3.11/site-packages/numpy/f2py/src/fortranobject.c -> /tmp/tmpnv2l1qsk/src.linux-x86_64-3.11
copying /home/truhlard/shuxx055/anaconda3/lib/python3.11/site-packages/numpy/f2py/src/fortranobject.h -> /tmp/tmpnv2l1qsk/src.linux-x86_64-3.11
INFO:   adding '/tmp/tmpnv2l1qsk/src.linux-x86_64-3.11/BrH2_LEPS_LTBZSO_1995_DPEM-f2pywrappers.f' to sources.
INFO: build_src: building npy-pkg config files
/home/truhlard/shuxx055/anaconda3/lib/python3.11/site-packages/setuptools/_distutils/cmd.py:66: SetuptoolsDeprecationWarning: setup.py install is deprecated.
!!

        ********************************************************************************
        Please avoid running ``setup.py`` directly.
        Instead, use pypa/build, pypa/installer, pypa/build or
        other standards-based tools.

        See https://blog.ganssle.io/articles/2021/10/setup-py-deprecated.html for details.
        ********************************************************************************

!!
  self.initialize_options()
running build_ext
INFO: customize UnixCCompiler
INFO: customize UnixCCompiler using build_ext
INFO: get_default_fcompiler: matching types: '['arm', 'gnu95', 'intel', 'lahey', 'pg', 'nv', 'absoft', 'nag', 'vast', 'compaq', 'intele', 'intelem', 'gnu', 'g95', 'pathf95', 'nagfor', 'fujitsu']'
INFO: customize ArmFlangCompiler
WARN: Could not locate executable armflang
INFO: customize Gnu95FCompiler
INFO: Found executable /home/truhlard/shuxx055/anaconda3/bin/gfortran
INFO: customize Gnu95FCompiler
INFO: customize Gnu95FCompiler using build_ext
INFO: building 'BrH2_LEPS_LTBZSO_1995_DPEM' extension
INFO: compiling C sources
INFO: C compiler: gcc -pthread -B /home/truhlard/shuxx055/anaconda3/compiler_compat -DNDEBUG -fwrapv -O2 -Wall -fPIC -O2 -isystem /home/truhlard/shuxx055/anaconda3/include -fPIC -O2 -isystem /home/truhlard/shuxx055/anaconda3/include -fPIC

creating /tmp/tmpnv2l1qsk/tmp
creating /tmp/tmpnv2l1qsk/tmp/tmpnv2l1qsk
creating /tmp/tmpnv2l1qsk/tmp/tmpnv2l1qsk/src.linux-x86_64-3.11
INFO: compile options: '-DNPY_DISABLE_OPTIMIZATION=1 -I/tmp/tmpnv2l1qsk/src.linux-x86_64-3.11 -I/home/truhlard/shuxx055/anaconda3/lib/python3.11/site-packages/numpy/core/include -I/home/truhlard/shuxx055/anaconda3/include/python3.11 -c'
INFO: gcc: /tmp/tmpnv2l1qsk/src.linux-x86_64-3.11/fortranobject.c
INFO: gcc: /tmp/tmpnv2l1qsk/src.linux-x86_64-3.11/BrH2_LEPS_LTBZSO_1995_DPEMmodule.c
INFO: compiling Fortran sources
INFO: Fortran f77 compiler: /home/truhlard/shuxx055/anaconda3/bin/gfortran -fallow-argument-mismatch -std=legacy -fPIC -O3 -funroll-loops
Fortran f90 compiler: /home/truhlard/shuxx055/anaconda3/bin/gfortran -Wall -g -fno-second-underscore -fPIC -O3 -funroll-loops
Fortran fix compiler: /home/truhlard/shuxx055/anaconda3/bin/gfortran -Wall -g -ffixed-form -fno-second-underscore -Wall -g -fno-second-underscore -fPIC -O3 -funroll-loops
INFO: compile options: '-I/tmp/tmpnv2l1qsk/src.linux-x86_64-3.11 -I/home/truhlard/shuxx055/anaconda3/lib/python3.11/site-packages/numpy/core/include -I/home/truhlard/shuxx055/anaconda3/include/python3.11 -c'
INFO: gfortran:f77: /tmp/tmpnv2l1qsk/src.linux-x86_64-3.11/BrH2_LEPS_LTBZSO_1995_DPEM-f2pywrappers.f
INFO: gfortran:f77: BrH2_LEPS_LTBZSO_1995_DPEM.f
INFO: /home/truhlard/shuxx055/anaconda3/bin/gfortran -Wall -g -Wall -g -shared /tmp/tmpnv2l1qsk/tmp/tmpnv2l1qsk/src.linux-x86_64-3.11/BrH2_LEPS_LTBZSO_1995_DPEMmodule.o /tmp/tmpnv2l1qsk/tmp/tmpnv2l1qsk/src.linux-x86_64-3.11/fortranobject.o /tmp/tmpnv2l1qsk/BrH2_LEPS_LTBZSO_1995_DPEM.o /tmp/tmpnv2l1qsk/tmp/tmpnv2l1qsk/src.linux-x86_64-3.11/BrH2_LEPS_LTBZSO_1995_DPEM-f2pywrappers.o -L/panfs/jay/groups/16/truhlard/shuxx055/anaconda3/bin/../lib/gcc/x86_64-conda-linux-gnu/13.1.0/../../../../x86_64-conda-linux-gnu/lib/../lib -L/panfs/jay/groups/16/truhlard/shuxx055/anaconda3/bin/../lib/gcc/x86_64-conda-linux-gnu/13.1.0/../../../../x86_64-conda-linux-gnu/lib/../lib -lmkl_intel_lp64 -lmkl_sequential -lmkl_core -lgfortran -o ./BrH2_LEPS_LTBZSO_1995_DPEM.cpython-311-x86_64-linux-gnu.so
Removing build directory /tmp/tmpnv2l1qsk
