running build
running config_cc
INFO: unifing config_cc, config, build_clib, build_ext, build commands --compiler options
running config_fc
INFO: unifing config_fc, config, build_clib, build_ext, build commands --fcompiler options
running build_src
INFO: build_src
INFO: building extension "BrH2_LEPS_LTBZ1_1995" sources
INFO: f2py options: []
INFO: f2py:> /tmp/tmpvwsr7vdp/src.linux-x86_64-3.11/BrH2_LEPS_LTBZ1_1995module.c
creating /tmp/tmpvwsr7vdp/src.linux-x86_64-3.11
analyzeline: Failed to evaluate '4.0d0*pi*1.0d-07'. Ignoring: invalid decimal literal (<string>, line 1)
analyzeline: Failed to evaluate '1.0d0/(cmu_0*clight**2)'. Ignoring: invalid decimal literal (<string>, line 1)
Reading fortran codes...
	Reading file 'BrH2_LEPS_LTBZ1_1995.f' (format:fix,strict)
Line #15 in BrH2_LEPS_LTBZ1_1995.f:"      PARAMETER (JSURF=INT(ISURF*(ISURF+1)/2))"
	determineexprtype: could not determine expressions ('int') type.
Line #15 in BrH2_LEPS_LTBZ1_1995.f:"      PARAMETER (JSURF=INT(ISURF*(ISURF+1)/2))"
	determineexprtype: could not determine expressions ('int(isurf*(isurf+1)/2)') type.
Line #142 in BrH2_LEPS_LTBZ1_1995.f:"      PARAMETER (PI = 3.141592653589793D0)                              "
	get_parameters: got "eval() arg 1 must be a string, bytes or code object" on 4
Line #144 in BrH2_LEPS_LTBZ1_1995.f:"      PARAMETER (NATOM = 25)                                            "
	get_parameters: got "eval() arg 1 must be a string, bytes or code object" on 4
Line #144 in BrH2_LEPS_LTBZ1_1995.f:"      PARAMETER (NATOM = 25)                                            "
	get_parameters: got "eval() arg 1 must be a string, bytes or code object" on 4
Line #157 in BrH2_LEPS_LTBZ1_1995.f:"         PARAMETER(CANGAU = 0.52917706D0)                               "
	get_parameters: got "eval() arg 1 must be a string, bytes or code object" on 4
Line #157 in BrH2_LEPS_LTBZ1_1995.f:"         PARAMETER(CANGAU = 0.52917706D0)                               "
	get_parameters: got "eval() arg 1 must be a string, bytes or code object" on 4
Line #158 in BrH2_LEPS_LTBZ1_1995.f:"         PARAMETER(CHARKC = 627.5095D0)                                 "
	get_parameters: got "eval() arg 1 must be a string, bytes or code object" on 4
Line #158 in BrH2_LEPS_LTBZ1_1995.f:"         PARAMETER(CHARKC = 627.5095D0)                                 "
	get_parameters: got "eval() arg 1 must be a string, bytes or code object" on 4
Line #158 in BrH2_LEPS_LTBZ1_1995.f:"         PARAMETER(CHARKC = 627.5095D0)                                 "
	get_parameters: got "eval() arg 1 must be a string, bytes or code object" on 4
Line #160 in BrH2_LEPS_LTBZ1_1995.f:"         PARAMETER(R2 = 1.41421356D0)                                   "
	get_parameters: got "eval() arg 1 must be a string, bytes or code object" on 4
Line #160 in BrH2_LEPS_LTBZ1_1995.f:"         PARAMETER(R2 = 1.41421356D0)                                   "
	get_parameters: got "eval() arg 1 must be a string, bytes or code object" on 4
Line #160 in BrH2_LEPS_LTBZ1_1995.f:"         PARAMETER(R2 = 1.41421356D0)                                   "
	get_parameters: got "eval() arg 1 must be a string, bytes or code object" on 4
Line #160 in BrH2_LEPS_LTBZ1_1995.f:"         PARAMETER(R2 = 1.41421356D0)                                   "
	get_parameters: got "eval() arg 1 must be a string, bytes or code object" on 4
Line #261 in BrH2_LEPS_LTBZ1_1995.f:"      PARAMETER (PI = 3.141592653589793D0)                              "
	get_parameters: got "eval() arg 1 must be a string, bytes or code object" on 4
Line #263 in BrH2_LEPS_LTBZ1_1995.f:"      PARAMETER (NATOM = 25)                                            "
	get_parameters: got "eval() arg 1 must be a string, bytes or code object" on 4
Line #263 in BrH2_LEPS_LTBZ1_1995.f:"      PARAMETER (NATOM = 25)                                            "
	get_parameters: got "eval() arg 1 must be a string, bytes or code object" on 4
Line #283 in BrH2_LEPS_LTBZ1_1995.f:"         PARAMETER(CANGAU = 0.52917706D0)                               "
	get_parameters: got "eval() arg 1 must be a string, bytes or code object" on 4
Line #283 in BrH2_LEPS_LTBZ1_1995.f:"         PARAMETER(CANGAU = 0.52917706D0)                               "
	get_parameters: got "eval() arg 1 must be a string, bytes or code object" on 4
Line #284 in BrH2_LEPS_LTBZ1_1995.f:"         PARAMETER(CHARKC = 627.5095D0)                                 "
	get_parameters: got "eval() arg 1 must be a string, bytes or code object" on 4
Line #284 in BrH2_LEPS_LTBZ1_1995.f:"         PARAMETER(CHARKC = 627.5095D0)                                 "
	get_parameters: got "eval() arg 1 must be a string, bytes or code object" on 4
Line #284 in BrH2_LEPS_LTBZ1_1995.f:"         PARAMETER(CHARKC = 627.5095D0)                                 "
	get_parameters: got "eval() arg 1 must be a string, bytes or code object" on 4
Line #286 in BrH2_LEPS_LTBZ1_1995.f:"         PARAMETER(R2 = 1.41421356D0)                                   "
	get_parameters: got "eval() arg 1 must be a string, bytes or code object" on 4
Line #286 in BrH2_LEPS_LTBZ1_1995.f:"         PARAMETER(R2 = 1.41421356D0)                                   "
	get_parameters: got "eval() arg 1 must be a string, bytes or code object" on 4
Line #286 in BrH2_LEPS_LTBZ1_1995.f:"         PARAMETER(R2 = 1.41421356D0)                                   "
	get_parameters: got "eval() arg 1 must be a string, bytes or code object" on 4
Line #286 in BrH2_LEPS_LTBZ1_1995.f:"         PARAMETER(R2 = 1.41421356D0)                                   "
	get_parameters: got "eval() arg 1 must be a string, bytes or code object" on 4
Line #399 in BrH2_LEPS_LTBZ1_1995.f:"      PARAMETER (PI = 3.141592653589793D0)                              "
	get_parameters: got "eval() arg 1 must be a string, bytes or code object" on 4
Line #401 in BrH2_LEPS_LTBZ1_1995.f:"      PARAMETER (NATOM = 25)                                            "
	get_parameters: got "eval() arg 1 must be a string, bytes or code object" on 4
Line #401 in BrH2_LEPS_LTBZ1_1995.f:"      PARAMETER (NATOM = 25)                                            "
	get_parameters: got "eval() arg 1 must be a string, bytes or code object" on 4
Line #518 in BrH2_LEPS_LTBZ1_1995.f:"      PARAMETER (PI = 3.141592653589793D0)                              "
	get_parameters: got "eval() arg 1 must be a string, bytes or code object" on 4
Line #520 in BrH2_LEPS_LTBZ1_1995.f:"      PARAMETER (NATOM = 25)                                            "
	get_parameters: got "eval() arg 1 must be a string, bytes or code object" on 4
Line #520 in BrH2_LEPS_LTBZ1_1995.f:"      PARAMETER (NATOM = 25)                                            "
	get_parameters: got "eval() arg 1 must be a string, bytes or code object" on 4
Line #625 in BrH2_LEPS_LTBZ1_1995.f:"      PARAMETER (PI = 3.141592653589793D0)                              "
	get_parameters: got "eval() arg 1 must be a string, bytes or code object" on 4
Line #627 in BrH2_LEPS_LTBZ1_1995.f:"      PARAMETER (NATOM = 25)                                            "
	get_parameters: got "eval() arg 1 must be a string, bytes or code object" on 4
Line #627 in BrH2_LEPS_LTBZ1_1995.f:"      PARAMETER (NATOM = 25)                                            "
	get_parameters: got "eval() arg 1 must be a string, bytes or code object" on 4
Line #712 in BrH2_LEPS_LTBZ1_1995.f:"      PARAMETER (PI = 3.141592653589793D0)                              "
	get_parameters: got "eval() arg 1 must be a string, bytes or code object" on 4
Line #714 in BrH2_LEPS_LTBZ1_1995.f:"      PARAMETER (NATOM = 25)                                            "
	get_parameters: got "eval() arg 1 must be a string, bytes or code object" on 4
Line #714 in BrH2_LEPS_LTBZ1_1995.f:"      PARAMETER (NATOM = 25)                                            "
	get_parameters: got "eval() arg 1 must be a string, bytes or code object" on 4
Line #796 in BrH2_LEPS_LTBZ1_1995.f:"      PARAMETER (PI = 3.141592653589793D0)                              "
	get_parameters: got "eval() arg 1 must be a string, bytes or code object" on 4
Line #798 in BrH2_LEPS_LTBZ1_1995.f:"      PARAMETER (NATOM = 25)                                            "
	get_parameters: got "eval() arg 1 must be a string, bytes or code object" on 4
Line #798 in BrH2_LEPS_LTBZ1_1995.f:"      PARAMETER (NATOM = 25)                                            "
	get_parameters: got "eval() arg 1 must be a string, bytes or code object" on 4
Line #855 in BrH2_LEPS_LTBZ1_1995.f:"      PARAMETER (PI = 3.141592653589793D0)"
	get_parameters: got "eval() arg 1 must be a string, bytes or code object" on 4
Line #1025 in BrH2_LEPS_LTBZ1_1995.f:"      PARAMETER(        PI = 3.141592653589793D0)"
	get_parameters: got "eval() arg 1 must be a string, bytes or code object" on 4
Line #1026 in BrH2_LEPS_LTBZ1_1995.f:"      PARAMETER(    CLIGHT = 2.99792458D08)"
	get_parameters: got "eval() arg 1 must be a string, bytes or code object" on 4
Line #1026 in BrH2_LEPS_LTBZ1_1995.f:"      PARAMETER(    CLIGHT = 2.99792458D08)"
	get_parameters: got "eval() arg 1 must be a string, bytes or code object" on 4
Line #1027 in BrH2_LEPS_LTBZ1_1995.f:"      PARAMETER(     CMU_0 = 4.0D0*PI*1.0D-07)"
	get_parameters: got "eval() arg 1 must be a string, bytes or code object" on 4
Line #1027 in BrH2_LEPS_LTBZ1_1995.f:"      PARAMETER(     CMU_0 = 4.0D0*PI*1.0D-07)"
	get_parameters: got "eval() arg 1 must be a string, bytes or code object" on 4
Line #1027 in BrH2_LEPS_LTBZ1_1995.f:"      PARAMETER(     CMU_0 = 4.0D0*PI*1.0D-07)"
	get_parameters: got "eval() arg 1 must be a string, bytes or code object" on 4
Line #1028 in BrH2_LEPS_LTBZ1_1995.f:"      PARAMETER(CEPSILON_0 = 1.0D0/(CMU_0*CLIGHT**2))"
	get_parameters: got "eval() arg 1 must be a string, bytes or code object" on 4
Line #1028 in BrH2_LEPS_LTBZ1_1995.f:"      PARAMETER(CEPSILON_0 = 1.0D0/(CMU_0*CLIGHT**2))"
	get_parameters: got "eval() arg 1 must be a string, bytes or code object" on 4
Line #1028 in BrH2_LEPS_LTBZ1_1995.f:"      PARAMETER(CEPSILON_0 = 1.0D0/(CMU_0*CLIGHT**2))"
	get_parameters: got "eval() arg 1 must be a string, bytes or code object" on 4
Line #1028 in BrH2_LEPS_LTBZ1_1995.f:"      PARAMETER(CEPSILON_0 = 1.0D0/(CMU_0*CLIGHT**2))"
	determineexprtype: could not determine expressions ('1.0d0/(cmu_0*clight**2)') type.
Line #1029 in BrH2_LEPS_LTBZ1_1995.f:"      PARAMETER(        CE = 1.602176462D-19)"
	get_parameters: got "eval() arg 1 must be a string, bytes or code object" on 4
Line #1029 in BrH2_LEPS_LTBZ1_1995.f:"      PARAMETER(        CE = 1.602176462D-19)"
	get_parameters: got "eval() arg 1 must be a string, bytes or code object" on 4
Line #1029 in BrH2_LEPS_LTBZ1_1995.f:"      PARAMETER(        CE = 1.602176462D-19)"
	get_parameters: got "eval() arg 1 must be a string, bytes or code object" on 4
Line #1030 in BrH2_LEPS_LTBZ1_1995.f:"      PARAMETER(   CPLANCK = 6.62606876D-34)"
	get_parameters: got "eval() arg 1 must be a string, bytes or code object" on 4
Line #1030 in BrH2_LEPS_LTBZ1_1995.f:"      PARAMETER(   CPLANCK = 6.62606876D-34)"
	get_parameters: got "eval() arg 1 must be a string, bytes or code object" on 4
Line #1030 in BrH2_LEPS_LTBZ1_1995.f:"      PARAMETER(   CPLANCK = 6.62606876D-34)"
	get_parameters: got "eval() arg 1 must be a string, bytes or code object" on 4
Line #1030 in BrH2_LEPS_LTBZ1_1995.f:"      PARAMETER(   CPLANCK = 6.62606876D-34)"
	get_parameters: got "eval() arg 1 must be a string, bytes or code object" on 4
Line #1031 in BrH2_LEPS_LTBZ1_1995.f:"      PARAMETER(      CM_E = 9.10938188D-31)"
	get_parameters: got "eval() arg 1 must be a string, bytes or code object" on 4
Line #1031 in BrH2_LEPS_LTBZ1_1995.f:"      PARAMETER(      CM_E = 9.10938188D-31)"
	get_parameters: got "eval() arg 1 must be a string, bytes or code object" on 4
Line #1031 in BrH2_LEPS_LTBZ1_1995.f:"      PARAMETER(      CM_E = 9.10938188D-31)"
	get_parameters: got "eval() arg 1 must be a string, bytes or code object" on 4
Line #1031 in BrH2_LEPS_LTBZ1_1995.f:"      PARAMETER(      CM_E = 9.10938188D-31)"
	get_parameters: got "eval() arg 1 must be a string, bytes or code object" on 4
Line #1031 in BrH2_LEPS_LTBZ1_1995.f:"      PARAMETER(      CM_E = 9.10938188D-31)"
	get_parameters: got "eval() arg 1 must be a string, bytes or code object" on 4
Line #1032 in BrH2_LEPS_LTBZ1_1995.f:"      PARAMETER(      CANG = 1.0D-10)"
	get_parameters: got "eval() arg 1 must be a string, bytes or code object" on 4
Line #1032 in BrH2_LEPS_LTBZ1_1995.f:"      PARAMETER(      CANG = 1.0D-10)"
	get_parameters: got "eval() arg 1 must be a string, bytes or code object" on 4
Line #1032 in BrH2_LEPS_LTBZ1_1995.f:"      PARAMETER(      CANG = 1.0D-10)"
	get_parameters: got "eval() arg 1 must be a string, bytes or code object" on 4
Line #1032 in BrH2_LEPS_LTBZ1_1995.f:"      PARAMETER(      CANG = 1.0D-10)"
	get_parameters: got "eval() arg 1 must be a string, bytes or code object" on 4
Line #1032 in BrH2_LEPS_LTBZ1_1995.f:"      PARAMETER(      CANG = 1.0D-10)"
	get_parameters: got "eval() arg 1 must be a string, bytes or code object" on 4
Line #1032 in BrH2_LEPS_LTBZ1_1995.f:"      PARAMETER(      CANG = 1.0D-10)"
	get_parameters: got "eval() arg 1 must be a string, bytes or code object" on 4
Line #1033 in BrH2_LEPS_LTBZ1_1995.f:"      PARAMETER( CAVOGADRO = 6.02214199D23)"
	get_parameters: got "eval() arg 1 must be a string, bytes or code object" on 4
Line #1033 in BrH2_LEPS_LTBZ1_1995.f:"      PARAMETER( CAVOGADRO = 6.02214199D23)"
	get_parameters: got "eval() arg 1 must be a string, bytes or code object" on 4
Line #1033 in BrH2_LEPS_LTBZ1_1995.f:"      PARAMETER( CAVOGADRO = 6.02214199D23)"
	get_parameters: got "eval() arg 1 must be a string, bytes or code object" on 4
Line #1033 in BrH2_LEPS_LTBZ1_1995.f:"      PARAMETER( CAVOGADRO = 6.02214199D23)"
	get_parameters: got "eval() arg 1 must be a string, bytes or code object" on 4
Line #1033 in BrH2_LEPS_LTBZ1_1995.f:"      PARAMETER( CAVOGADRO = 6.02214199D23)"
	get_parameters: got "eval() arg 1 must be a string, bytes or code object" on 4
Line #1033 in BrH2_LEPS_LTBZ1_1995.f:"      PARAMETER( CAVOGADRO = 6.02214199D23)"
	get_parameters: got "eval() arg 1 must be a string, bytes or code object" on 4
Line #1033 in BrH2_LEPS_LTBZ1_1995.f:"      PARAMETER( CAVOGADRO = 6.02214199D23)"
	get_parameters: got "eval() arg 1 must be a string, bytes or code object" on 4
Line #1034 in BrH2_LEPS_LTBZ1_1995.f:"      PARAMETER(     CKCAL = 4.184D10)"
	get_parameters: got "eval() arg 1 must be a string, bytes or code object" on 4
Line #1034 in BrH2_LEPS_LTBZ1_1995.f:"      PARAMETER(     CKCAL = 4.184D10)"
	get_parameters: got "eval() arg 1 must be a string, bytes or code object" on 4
Line #1034 in BrH2_LEPS_LTBZ1_1995.f:"      PARAMETER(     CKCAL = 4.184D10)"
	get_parameters: got "eval() arg 1 must be a string, bytes or code object" on 4
Line #1034 in BrH2_LEPS_LTBZ1_1995.f:"      PARAMETER(     CKCAL = 4.184D10)"
	get_parameters: got "eval() arg 1 must be a string, bytes or code object" on 4
Line #1034 in BrH2_LEPS_LTBZ1_1995.f:"      PARAMETER(     CKCAL = 4.184D10)"
	get_parameters: got "eval() arg 1 must be a string, bytes or code object" on 4
Line #1034 in BrH2_LEPS_LTBZ1_1995.f:"      PARAMETER(     CKCAL = 4.184D10)"
	get_parameters: got "eval() arg 1 must be a string, bytes or code object" on 4
Line #1034 in BrH2_LEPS_LTBZ1_1995.f:"      PARAMETER(     CKCAL = 4.184D10)"
	get_parameters: got "eval() arg 1 must be a string, bytes or code object" on 4
Line #1034 in BrH2_LEPS_LTBZ1_1995.f:"      PARAMETER(     CKCAL = 4.184D10)"
	get_parameters: got "eval() arg 1 must be a string, bytes or code object" on 4
Line #1035 in BrH2_LEPS_LTBZ1_1995.f:"      PARAMETER(  HTOMILLH = 1000.D0)"
	get_parameters: got "eval() arg 1 must be a string, bytes or code object" on 4
Line #1035 in BrH2_LEPS_LTBZ1_1995.f:"      PARAMETER(  HTOMILLH = 1000.D0)"
	get_parameters: got "eval() arg 1 must be a string, bytes or code object" on 4
Line #1035 in BrH2_LEPS_LTBZ1_1995.f:"      PARAMETER(  HTOMILLH = 1000.D0)"
	get_parameters: got "eval() arg 1 must be a string, bytes or code object" on 4
Line #1035 in BrH2_LEPS_LTBZ1_1995.f:"      PARAMETER(  HTOMILLH = 1000.D0)"
	get_parameters: got "eval() arg 1 must be a string, bytes or code object" on 4
Line #1035 in BrH2_LEPS_LTBZ1_1995.f:"      PARAMETER(  HTOMILLH = 1000.D0)"
	get_parameters: got "eval() arg 1 must be a string, bytes or code object" on 4
Line #1035 in BrH2_LEPS_LTBZ1_1995.f:"      PARAMETER(  HTOMILLH = 1000.D0)"
	get_parameters: got "eval() arg 1 must be a string, bytes or code object" on 4
Line #1035 in BrH2_LEPS_LTBZ1_1995.f:"      PARAMETER(  HTOMILLH = 1000.D0)"
	get_parameters: got "eval() arg 1 must be a string, bytes or code object" on 4
Line #1035 in BrH2_LEPS_LTBZ1_1995.f:"      PARAMETER(  HTOMILLH = 1000.D0)"
	get_parameters: got "eval() arg 1 must be a string, bytes or code object" on 4
Line #1035 in BrH2_LEPS_LTBZ1_1995.f:"      PARAMETER(  HTOMILLH = 1000.D0)"
	getstrlength: expected a signature of a string but got: {'typespec': 'character', 'charselector': {'*': '75'}, 'attrspec': [], 'dimension': ['5']}
get_parameters: got "eval() arg 1 must be a string, bytes or code object" on 4
Line #1036 in BrH2_LEPS_LTBZ1_1995.f:"      PARAMETER(     HTOEV = 27.2113834D0)"
	get_parameters: got "eval() arg 1 must be a string, bytes or code object" on 4
Line #1036 in BrH2_LEPS_LTBZ1_1995.f:"      PARAMETER(     HTOEV = 27.2113834D0)"
	get_parameters: got "eval() arg 1 must be a string, bytes or code object" on 4
Line #1036 in BrH2_LEPS_LTBZ1_1995.f:"      PARAMETER(     HTOEV = 27.2113834D0)"
	get_parameters: got "eval() arg 1 must be a string, bytes or code object" on 4
Line #1036 in BrH2_LEPS_LTBZ1_1995.f:"      PARAMETER(     HTOEV = 27.2113834D0)"
	get_parameters: got "eval() arg 1 must be a string, bytes or code object" on 4
Line #1036 in BrH2_LEPS_LTBZ1_1995.f:"      PARAMETER(     HTOEV = 27.2113834D0)"
	get_parameters: got "eval() arg 1 must be a string, bytes or code object" on 4
Line #1036 in BrH2_LEPS_LTBZ1_1995.f:"      PARAMETER(     HTOEV = 27.2113834D0)"
	get_parameters: got "eval() arg 1 must be a string, bytes or code object" on 4
Line #1036 in BrH2_LEPS_LTBZ1_1995.f:"      PARAMETER(     HTOEV = 27.2113834D0)"
	get_parameters: got "eval() arg 1 must be a string, bytes or code object" on 4
Line #1036 in BrH2_LEPS_LTBZ1_1995.f:"      PARAMETER(     HTOEV = 27.2113834D0)"
	get_parameters: got "eval() arg 1 must be a string, bytes or code object" on 4
Line #1036 in BrH2_LEPS_LTBZ1_1995.f:"      PARAMETER(     HTOEV = 27.2113834D0)"
	get_parameters: got "eval() arg 1 must be a string, bytes or code object" on 4
Line #1036 in BrH2_LEPS_LTBZ1_1995.f:"      PARAMETER(     HTOEV = 27.2113834D0)"
	get_parameters: got "eval() arg 1 must be a string, bytes or code object" on 4
Line #1037 in BrH2_LEPS_LTBZ1_1995.f:"      PARAMETER(   HTOKCAL = 627.509470D0)"
	get_parameters: got "eval() arg 1 must be a string, bytes or code object" on 4
Line #1037 in BrH2_LEPS_LTBZ1_1995.f:"      PARAMETER(   HTOKCAL = 627.509470D0)"
	get_parameters: got "eval() arg 1 must be a string, bytes or code object" on 4
Line #1037 in BrH2_LEPS_LTBZ1_1995.f:"      PARAMETER(   HTOKCAL = 627.509470D0)"
	get_parameters: got "eval() arg 1 must be a string, bytes or code object" on 4
Line #1037 in BrH2_LEPS_LTBZ1_1995.f:"      PARAMETER(   HTOKCAL = 627.509470D0)"
	get_parameters: got "eval() arg 1 must be a string, bytes or code object" on 4
Line #1037 in BrH2_LEPS_LTBZ1_1995.f:"      PARAMETER(   HTOKCAL = 627.509470D0)"
	get_parameters: got "eval() arg 1 must be a string, bytes or code object" on 4
Line #1037 in BrH2_LEPS_LTBZ1_1995.f:"      PARAMETER(   HTOKCAL = 627.509470D0)"
	get_parameters: got "eval() arg 1 must be a string, bytes or code object" on 4
Line #1037 in BrH2_LEPS_LTBZ1_1995.f:"      PARAMETER(   HTOKCAL = 627.509470D0)"
	get_parameters: got "eval() arg 1 must be a string, bytes or code object" on 4
Line #1037 in BrH2_LEPS_LTBZ1_1995.f:"      PARAMETER(   HTOKCAL = 627.509470D0)"
	get_parameters: got "eval() arg 1 must be a string, bytes or code object" on 4
Line #1037 in BrH2_LEPS_LTBZ1_1995.f:"      PARAMETER(   HTOKCAL = 627.509470D0)"
	get_parameters: got "eval() arg 1 must be a string, bytes or code object" on 4
Line #1037 in BrH2_LEPS_LTBZ1_1995.f:"      PARAMETER(   HTOKCAL = 627.509470D0)"
	get_parameters: got "eval() arg 1 must be a string, bytes or code object" on 4
Line #1037 in BrH2_LEPS_LTBZ1_1995.f:"      PARAMETER(   HTOKCAL = 627.509470D0)"
	get_parameters: got "eval() arg 1 must be a string, bytes or code object" on 4
Line #1038 in BrH2_LEPS_LTBZ1_1995.f:"      PARAMETER(   HTOWAVE = 219474.631D0)"
	get_parameters: got "eval() arg 1 must be a string, bytes or code object" on 4
Line #1038 in BrH2_LEPS_LTBZ1_1995.f:"      PARAMETER(   HTOWAVE = 219474.631D0)"
	get_parameters: got "eval() arg 1 must be a string, bytes or code object" on 4
Line #1038 in BrH2_LEPS_LTBZ1_1995.f:"      PARAMETER(   HTOWAVE = 219474.631D0)"
	get_parameters: got "eval() arg 1 must be a string, bytes or code object" on 4
Line #1038 in BrH2_LEPS_LTBZ1_1995.f:"      PARAMETER(   HTOWAVE = 219474.631D0)"
	get_parameters: got "eval() arg 1 must be a string, bytes or code object" on 4
Line #1038 in BrH2_LEPS_LTBZ1_1995.f:"      PARAMETER(   HTOWAVE = 219474.631D0)"
	get_parameters: got "eval() arg 1 must be a string, bytes or code object" on 4
Line #1038 in BrH2_LEPS_LTBZ1_1995.f:"      PARAMETER(   HTOWAVE = 219474.631D0)"
	get_parameters: got "eval() arg 1 must be a string, bytes or code object" on 4
Line #1038 in BrH2_LEPS_LTBZ1_1995.f:"      PARAMETER(   HTOWAVE = 219474.631D0)"
	get_parameters: got "eval() arg 1 must be a string, bytes or code object" on 4
Line #1038 in BrH2_LEPS_LTBZ1_1995.f:"      PARAMETER(   HTOWAVE = 219474.631D0)"
	get_parameters: got "eval() arg 1 must be a string, bytes or code object" on 4
Line #1038 in BrH2_LEPS_LTBZ1_1995.f:"      PARAMETER(   HTOWAVE = 219474.631D0)"
	get_parameters: got "eval() arg 1 must be a string, bytes or code object" on 4
Line #1038 in BrH2_LEPS_LTBZ1_1995.f:"      PARAMETER(   HTOWAVE = 219474.631D0)"
	get_parameters: got "eval() arg 1 must be a string, bytes or code object" on 4
Line #1038 in BrH2_LEPS_LTBZ1_1995.f:"      PARAMETER(   HTOWAVE = 219474.631D0)"
	get_parameters: got "eval() arg 1 must be a string, bytes or code object" on 4
Line #1038 in BrH2_LEPS_LTBZ1_1995.f:"      PARAMETER(   HTOWAVE = 219474.631D0)"
	get_parameters: got "eval() arg 1 must be a string, bytes or code object" on 4
Line #1039 in BrH2_LEPS_LTBZ1_1995.f:"      PARAMETER(     HTOKJ = 2625.49962D0)"
	get_parameters: got "eval() arg 1 must be a string, bytes or code object" on 4
Line #1039 in BrH2_LEPS_LTBZ1_1995.f:"      PARAMETER(     HTOKJ = 2625.49962D0)"
	get_parameters: got "eval() arg 1 must be a string, bytes or code object" on 4
Line #1039 in BrH2_LEPS_LTBZ1_1995.f:"      PARAMETER(     HTOKJ = 2625.49962D0)"
	get_parameters: got "eval() arg 1 must be a string, bytes or code object" on 4
Line #1039 in BrH2_LEPS_LTBZ1_1995.f:"      PARAMETER(     HTOKJ = 2625.49962D0)"
	get_parameters: got "eval() arg 1 must be a string, bytes or code object" on 4
Line #1039 in BrH2_LEPS_LTBZ1_1995.f:"      PARAMETER(     HTOKJ = 2625.49962D0)"
	get_parameters: got "eval() arg 1 must be a string, bytes or code object" on 4
Line #1039 in BrH2_LEPS_LTBZ1_1995.f:"      PARAMETER(     HTOKJ = 2625.49962D0)"
	get_parameters: got "eval() arg 1 must be a string, bytes or code object" on 4
Line #1039 in BrH2_LEPS_LTBZ1_1995.f:"      PARAMETER(     HTOKJ = 2625.49962D0)"
	get_parameters: got "eval() arg 1 must be a string, bytes or code object" on 4
Line #1039 in BrH2_LEPS_LTBZ1_1995.f:"      PARAMETER(     HTOKJ = 2625.49962D0)"
	get_parameters: got "eval() arg 1 must be a string, bytes or code object" on 4
Line #1039 in BrH2_LEPS_LTBZ1_1995.f:"      PARAMETER(     HTOKJ = 2625.49962D0)"
	get_parameters: got "eval() arg 1 must be a string, bytes or code object" on 4
Line #1039 in BrH2_LEPS_LTBZ1_1995.f:"      PARAMETER(     HTOKJ = 2625.49962D0)"
	get_parameters: got "eval() arg 1 must be a string, bytes or code object" on 4
Line #1039 in BrH2_LEPS_LTBZ1_1995.f:"      PARAMETER(     HTOKJ = 2625.49962D0)"
	get_parameters: got "eval() arg 1 must be a string, bytes or code object" on 4
Line #1039 in BrH2_LEPS_LTBZ1_1995.f:"      PARAMETER(     HTOKJ = 2625.49962D0)"
	get_parameters: got "eval() arg 1 must be a string, bytes or code object" on 4
Line #1039 in BrH2_LEPS_LTBZ1_1995.f:"      PARAMETER(     HTOKJ = 2625.49962D0)"
	get_parameters: got "eval() arg 1 must be a string, bytes or code object" on 4
Line #1040 in BrH2_LEPS_LTBZ1_1995.f:"      PARAMETER(    BOHR_A = .5291772083D0)"
	get_parameters: got "eval() arg 1 must be a string, bytes or code object" on 4
Line #1040 in BrH2_LEPS_LTBZ1_1995.f:"      PARAMETER(    BOHR_A = .5291772083D0)"
	get_parameters: got "eval() arg 1 must be a string, bytes or code object" on 4
Line #1040 in BrH2_LEPS_LTBZ1_1995.f:"      PARAMETER(    BOHR_A = .5291772083D0)"
	get_parameters: got "eval() arg 1 must be a string, bytes or code object" on 4
Line #1040 in BrH2_LEPS_LTBZ1_1995.f:"      PARAMETER(    BOHR_A = .5291772083D0)"
	get_parameters: got "eval() arg 1 must be a string, bytes or code object" on 4
Line #1040 in BrH2_LEPS_LTBZ1_1995.f:"      PARAMETER(    BOHR_A = .5291772083D0)"
	get_parameters: got "eval() arg 1 must be a string, bytes or code object" on 4
Line #1040 in BrH2_LEPS_LTBZ1_1995.f:"      PARAMETER(    BOHR_A = .5291772083D0)"
	get_parameters: got "eval() arg 1 must be a string, bytes or code object" on 4
Line #1040 in BrH2_LEPS_LTBZ1_1995.f:"      PARAMETER(    BOHR_A = .5291772083D0)"
	get_parameters: got "eval() arg 1 must be a string, bytes or code object" on 4
Line #1040 in BrH2_LEPS_LTBZ1_1995.f:"      PARAMETER(    BOHR_A = .5291772083D0)"
	get_parameters: got "eval() arg 1 must be a string, bytes or code object" on 4
Line #1040 in BrH2_LEPS_LTBZ1_1995.f:"      PARAMETER(    BOHR_A = .5291772083D0)"
	get_parameters: got "eval() arg 1 must be a string, bytes or code object" on 4
Line #1040 in BrH2_LEPS_LTBZ1_1995.f:"      PARAMETER(    BOHR_A = .5291772083D0)"
	get_parameters: got "eval() arg 1 must be a string, bytes or code object" on 4
Line #1040 in BrH2_LEPS_LTBZ1_1995.f:"      PARAMETER(    BOHR_A = .5291772083D0)"
	get_parameters: got "eval() arg 1 must be a string, bytes or code object" on 4
Line #1040 in BrH2_LEPS_LTBZ1_1995.f:"      PARAMETER(    BOHR_A = .5291772083D0)"
	get_parameters: got "eval() arg 1 must be a string, bytes or code object" on 4
Line #1040 in BrH2_LEPS_LTBZ1_1995.f:"      PARAMETER(    BOHR_A = .5291772083D0)"
	get_parameters: got "eval() arg 1 must be a string, bytes or code object" on 4
Line #1040 in BrH2_LEPS_LTBZ1_1995.f:"      PARAMETER(    BOHR_A = .5291772083D0)"
	get_parameters: got "eval() arg 1 must be a string, bytes or code object" on 4
Post-processing...
	Block: BrH2_LEPS_LTBZ1_1995
			Block: pes
			Block: prepot
In: :BrH2_LEPS_LTBZ1_1995:BrH2_LEPS_LTBZ1_1995.f:prepot
get_parameters: got "eval() arg 1 must be a string, bytes or code object" on 4
In: :BrH2_LEPS_LTBZ1_1995:BrH2_LEPS_LTBZ1_1995.f:prepot
get_parameters: got "eval() arg 1 must be a string, bytes or code object" on 4
In: :BrH2_LEPS_LTBZ1_1995:BrH2_LEPS_LTBZ1_1995.f:prepot
get_parameters: got "eval() arg 1 must be a string, bytes or code object" on 4
In: :BrH2_LEPS_LTBZ1_1995:BrH2_LEPS_LTBZ1_1995.f:prepot
get_parameters: got "eval() arg 1 must be a string, bytes or code object" on 4
In: :BrH2_LEPS_LTBZ1_1995:BrH2_LEPS_LTBZ1_1995.f:prepot
get_parameters: got "eval() arg 1 must be a string, bytes or code object" on 4
			Block: pot
In: :BrH2_LEPS_LTBZ1_1995:BrH2_LEPS_LTBZ1_1995.f:pot
get_parameters: got "eval() arg 1 must be a string, bytes or code object" on 4
In: :BrH2_LEPS_LTBZ1_1995:BrH2_LEPS_LTBZ1_1995.f:pot
get_parameters: got "eval() arg 1 must be a string, bytes or code object" on 4
In: :BrH2_LEPS_LTBZ1_1995:BrH2_LEPS_LTBZ1_1995.f:pot
get_parameters: got "eval() arg 1 must be a string, bytes or code object" on 4
In: :BrH2_LEPS_LTBZ1_1995:BrH2_LEPS_LTBZ1_1995.f:pot
get_parameters: got "eval() arg 1 must be a string, bytes or code object" on 4
In: :BrH2_LEPS_LTBZ1_1995:BrH2_LEPS_LTBZ1_1995.f:pot
get_parameters: got "eval() arg 1 must be a string, bytes or code object" on 4
			Block: sato
In: :BrH2_LEPS_LTBZ1_1995:BrH2_LEPS_LTBZ1_1995.f:sato
get_parameters: got "eval() arg 1 must be a string, bytes or code object" on 4
In: :BrH2_LEPS_LTBZ1_1995:BrH2_LEPS_LTBZ1_1995.f:sato
get_parameters: got "eval() arg 1 must be a string, bytes or code object" on 4
			Block: v3cfcn
In: :BrH2_LEPS_LTBZ1_1995:BrH2_LEPS_LTBZ1_1995.f:v3cfcn
get_parameters: got "eval() arg 1 must be a string, bytes or code object" on 4
In: :BrH2_LEPS_LTBZ1_1995:BrH2_LEPS_LTBZ1_1995.f:v3cfcn
get_parameters: got "eval() arg 1 must be a string, bytes or code object" on 4
			Block: dcoul
In: :BrH2_LEPS_LTBZ1_1995:BrH2_LEPS_LTBZ1_1995.f:dcoul
get_parameters: got "eval() arg 1 must be a string, bytes or code object" on 4
In: :BrH2_LEPS_LTBZ1_1995:BrH2_LEPS_LTBZ1_1995.f:dcoul
get_parameters: got "eval() arg 1 must be a string, bytes or code object" on 4
			Block: dexch
In: :BrH2_LEPS_LTBZ1_1995:BrH2_LEPS_LTBZ1_1995.f:dexch
get_parameters: got "eval() arg 1 must be a string, bytes or code object" on 4
In: :BrH2_LEPS_LTBZ1_1995:BrH2_LEPS_LTBZ1_1995.f:dexch
get_parameters: got "eval() arg 1 must be a string, bytes or code object" on 4
			Block: ptpacm
In: :BrH2_LEPS_LTBZ1_1995:BrH2_LEPS_LTBZ1_1995.f:ptpacm
get_parameters: got "eval() arg 1 must be a string, bytes or code object" on 4
In: :BrH2_LEPS_LTBZ1_1995:BrH2_LEPS_LTBZ1_1995.f:ptpacm
get_parameters: got "eval() arg 1 must be a string, bytes or code object" on 4
			Block: potinfo
In: :BrH2_LEPS_LTBZ1_1995:BrH2_LEPS_LTBZ1_1995.f:potinfo
get_parameters: got "eval() arg 1 must be a string, bytes or code object" on 4
In: :BrH2_LEPS_LTBZ1_1995:BrH2_LEPS_LTBZ1_1995.f:potinfo
get_parameters: got "eval() arg 1 must be a string, bytes or code object" on 4
			Block: ancvrt
In: :BrH2_LEPS_LTBZ1_1995:BrH2_LEPS_LTBZ1_1995.f:ancvrt
get_parameters: got "eval() arg 1 must be a string, bytes or code object" on 4
In: :BrH2_LEPS_LTBZ1_1995:BrH2_LEPS_LTBZ1_1995.f:ancvrt
get_parameters: got "eval() arg 1 must be a string, bytes or code object" on 4
In: :BrH2_LEPS_LTBZ1_1995:BrH2_LEPS_LTBZ1_1995.f:ancvrt
get_parameters: got "eval() arg 1 must be a string, bytes or code object" on 4
In: :BrH2_LEPS_LTBZ1_1995:BrH2_LEPS_LTBZ1_1995.f:ancvrt
get_parameters: got "eval() arg 1 must be a string, bytes or code object" on 4
In: :BrH2_LEPS_LTBZ1_1995:BrH2_LEPS_LTBZ1_1995.f:ancvrt
get_parameters: got "eval() arg 1 must be a string, bytes or code object" on 4
In: :BrH2_LEPS_LTBZ1_1995:BrH2_LEPS_LTBZ1_1995.f:ancvrt
get_parameters: got "eval() arg 1 must be a string, bytes or code object" on 4
In: :BrH2_LEPS_LTBZ1_1995:BrH2_LEPS_LTBZ1_1995.f:ancvrt
get_parameters: got "eval() arg 1 must be a string, bytes or code object" on 4
In: :BrH2_LEPS_LTBZ1_1995:BrH2_LEPS_LTBZ1_1995.f:ancvrt
get_parameters: got "eval() arg 1 must be a string, bytes or code object" on 4
In: :BrH2_LEPS_LTBZ1_1995:BrH2_LEPS_LTBZ1_1995.f:ancvrt
get_parameters: got "eval() arg 1 must be a string, bytes or code object" on 4
In: :BrH2_LEPS_LTBZ1_1995:BrH2_LEPS_LTBZ1_1995.f:ancvrt
get_parameters: got "eval() arg 1 must be a string, bytes or code object" on 4
In: :BrH2_LEPS_LTBZ1_1995:BrH2_LEPS_LTBZ1_1995.f:ancvrt
get_parameters: got "eval() arg 1 must be a string, bytes or code object" on 4
In: :BrH2_LEPS_LTBZ1_1995:BrH2_LEPS_LTBZ1_1995.f:ancvrt
get_parameters: got "eval() arg 1 must be a string, bytes or code object" on 4
In: :BrH2_LEPS_LTBZ1_1995:BrH2_LEPS_LTBZ1_1995.f:ancvrt
get_parameters: got "eval() arg 1 must be a string, bytes or code object" on 4
In: :BrH2_LEPS_LTBZ1_1995:BrH2_LEPS_LTBZ1_1995.f:ancvrt
get_parameters: got "eval() arg 1 must be a string, bytes or code object" on 4
In: :BrH2_LEPS_LTBZ1_1995:BrH2_LEPS_LTBZ1_1995.f:ancvrt
get_parameters: got "eval() arg 1 must be a string, bytes or code object" on 4
			Block: cartou
In: :BrH2_LEPS_LTBZ1_1995:BrH2_LEPS_LTBZ1_1995.f:cartou
get_parameters: got "eval() arg 1 must be a string, bytes or code object" on 4
			Block: carttor
			Block: eunitzero
In: :BrH2_LEPS_LTBZ1_1995:BrH2_LEPS_LTBZ1_1995.f:eunitzero
get_parameters: got "eval() arg 1 must be a string, bytes or code object" on 4
			Block: rtocart
In: :BrH2_LEPS_LTBZ1_1995:BrH2_LEPS_LTBZ1_1995.f:rtocart
get_parameters: got "eval() arg 1 must be a string, bytes or code object" on 4
			Block: dedcou
In: :BrH2_LEPS_LTBZ1_1995:BrH2_LEPS_LTBZ1_1995.f:dedcou
get_parameters: got "eval() arg 1 must be a string, bytes or code object" on 4
Applying post-processing hooks...
  character_backward_compatibility_hook
Post-processing (stage 2)...
Building modules...
    Building module "BrH2_LEPS_LTBZ1_1995"...
    Generating possibly empty wrappers"
    Maybe empty "BrH2_LEPS_LTBZ1_1995-f2pywrappers.f"
        Constructing wrapper function "pes"...
          p,g,d = pes(x,igrad)
    Generating possibly empty wrappers"
    Maybe empty "BrH2_LEPS_LTBZ1_1995-f2pywrappers.f"
        Constructing wrapper function "prepot"...
          prepot()
    Generating possibly empty wrappers"
    Maybe empty "BrH2_LEPS_LTBZ1_1995-f2pywrappers.f"
        Constructing wrapper function "pot"...
          pot()
    Generating possibly empty wrappers"
    Maybe empty "BrH2_LEPS_LTBZ1_1995-f2pywrappers.f"
        Constructing wrapper function "sato"...
          sato()
    Generating possibly empty wrappers"
    Maybe empty "BrH2_LEPS_LTBZ1_1995-f2pywrappers.f"
        Constructing wrapper function "v3cfcn"...
          v3cfcn()
    Generating possibly empty wrappers"
    Maybe empty "BrH2_LEPS_LTBZ1_1995-f2pywrappers.f"
        Constructing wrapper function "dcoul"...
          dcoul()
    Generating possibly empty wrappers"
    Maybe empty "BrH2_LEPS_LTBZ1_1995-f2pywrappers.f"
        Constructing wrapper function "dexch"...
          dexch()
    Generating possibly empty wrappers"
    Maybe empty "BrH2_LEPS_LTBZ1_1995-f2pywrappers.f"
        Constructing wrapper function "potinfo"...
          potinfo()
    Generating possibly empty wrappers"
    Maybe empty "BrH2_LEPS_LTBZ1_1995-f2pywrappers.f"
        Constructing wrapper function "ancvrt"...
          ancvrt()
    Generating possibly empty wrappers"
    Maybe empty "BrH2_LEPS_LTBZ1_1995-f2pywrappers.f"
        Constructing wrapper function "cartou"...
          cartou()
    Generating possibly empty wrappers"
    Maybe empty "BrH2_LEPS_LTBZ1_1995-f2pywrappers.f"
        Constructing wrapper function "carttor"...
          carttor()
    Generating possibly empty wrappers"
    Maybe empty "BrH2_LEPS_LTBZ1_1995-f2pywrappers.f"
        Constructing wrapper function "eunitzero"...
          eunitzero()
    Generating possibly empty wrappers"
    Maybe empty "BrH2_LEPS_LTBZ1_1995-f2pywrappers.f"
        Constructing wrapper function "rtocart"...
          rtocart()
    Generating possibly empty wrappers"
    Maybe empty "BrH2_LEPS_LTBZ1_1995-f2pywrappers.f"
        Constructing wrapper function "dedcou"...
          dedcou()
		Constructing COMMON block support for "usrocm"...
		  pengygs,pengyes,pengyij,dgscart,descart,dijcart
		Constructing COMMON block support for "usricm"...
		  cart,anuzero,nulbl,nflag,nasurf,nder
		Constructing COMMON block support for "pt3cm"...
		  ezero
		Constructing COMMON block support for "infocm"...
		  cartnu,indexes,irctnt,natoms,icartr,mder,msurf,ref
		Constructing COMMON block support for "asycm"...
		  easyab,easybc,easyac
		Constructing COMMON block support for "satocm"...
		  zhhp1,zhhp2,zhbrp1,zhbrp2,z,dz
		Constructing COMMON block support for "v3ccm"...
		  v3cp1,v3cp2,v3cp3,v3cp4,v3cp5,v3cp6,v3c,dv3c
		Constructing COMMON block support for "lengcm"...
		  x,coul,exch,rad
		Constructing COMMON block support for "lsatcm"...
		  zpo,op3z,zp3,tzp3,top3z,do4z,beta
		Constructing COMMON block support for "ldercm"...
		  dxdr,deq,derad
		Constructing COMMON block support for "parmcm"...
		  de,re
		Constructing COMMON block support for "pt1cm"...
		  r,engygs,degsdr
		Constructing COMMON block support for "pt4cm"...
		  engyes,deesdr
		Constructing COMMON block support for "pt5cm"...
		  engyij,deijdr
		Constructing COMMON block support for "utilcm"...
		  dgscartnu,descartnu,dijcartnu,cnvrtd,cnvrte,cnvrtde,ireorder,ksdiag,kediag,ksoffd,keoffd
    Wrote C/API module "BrH2_LEPS_LTBZ1_1995" to file "/tmp/tmpvwsr7vdp/src.linux-x86_64-3.11/BrH2_LEPS_LTBZ1_1995module.c"
    Fortran 77 wrappers are saved to "/tmp/tmpvwsr7vdp/src.linux-x86_64-3.11/BrH2_LEPS_LTBZ1_1995-f2pywrappers.f"
INFO:   adding '/tmp/tmpvwsr7vdp/src.linux-x86_64-3.11/fortranobject.c' to sources.
INFO:   adding '/tmp/tmpvwsr7vdp/src.linux-x86_64-3.11' to include_dirs.
copying /home/truhlard/shuxx055/anaconda3/lib/python3.11/site-packages/numpy/f2py/src/fortranobject.c -> /tmp/tmpvwsr7vdp/src.linux-x86_64-3.11
copying /home/truhlard/shuxx055/anaconda3/lib/python3.11/site-packages/numpy/f2py/src/fortranobject.h -> /tmp/tmpvwsr7vdp/src.linux-x86_64-3.11
INFO:   adding '/tmp/tmpvwsr7vdp/src.linux-x86_64-3.11/BrH2_LEPS_LTBZ1_1995-f2pywrappers.f' to sources.
INFO: build_src: building npy-pkg config files
/home/truhlard/shuxx055/anaconda3/lib/python3.11/site-packages/setuptools/_distutils/cmd.py:66: SetuptoolsDeprecationWarning: setup.py install is deprecated.
!!

        ********************************************************************************
        Please avoid running ``setup.py`` directly.
        Instead, use pypa/build, pypa/installer, pypa/build or
        other standards-based tools.

        See https://blog.ganssle.io/articles/2021/10/setup-py-deprecated.html for details.
        ********************************************************************************

!!
  self.initialize_options()
running build_ext
INFO: customize UnixCCompiler
INFO: customize UnixCCompiler using build_ext
INFO: get_default_fcompiler: matching types: '['arm', 'gnu95', 'intel', 'lahey', 'pg', 'nv', 'absoft', 'nag', 'vast', 'compaq', 'intele', 'intelem', 'gnu', 'g95', 'pathf95', 'nagfor', 'fujitsu']'
INFO: customize ArmFlangCompiler
WARN: Could not locate executable armflang
INFO: customize Gnu95FCompiler
INFO: Found executable /home/truhlard/shuxx055/anaconda3/bin/gfortran
INFO: customize Gnu95FCompiler
INFO: customize Gnu95FCompiler using build_ext
INFO: building 'BrH2_LEPS_LTBZ1_1995' extension
INFO: compiling C sources
INFO: C compiler: gcc -pthread -B /home/truhlard/shuxx055/anaconda3/compiler_compat -DNDEBUG -fwrapv -O2 -Wall -fPIC -O2 -isystem /home/truhlard/shuxx055/anaconda3/include -fPIC -O2 -isystem /home/truhlard/shuxx055/anaconda3/include -fPIC

creating /tmp/tmpvwsr7vdp/tmp
creating /tmp/tmpvwsr7vdp/tmp/tmpvwsr7vdp
creating /tmp/tmpvwsr7vdp/tmp/tmpvwsr7vdp/src.linux-x86_64-3.11
INFO: compile options: '-DNPY_DISABLE_OPTIMIZATION=1 -I/tmp/tmpvwsr7vdp/src.linux-x86_64-3.11 -I/home/truhlard/shuxx055/anaconda3/lib/python3.11/site-packages/numpy/core/include -I/home/truhlard/shuxx055/anaconda3/include/python3.11 -c'
INFO: gcc: /tmp/tmpvwsr7vdp/src.linux-x86_64-3.11/fortranobject.c
INFO: gcc: /tmp/tmpvwsr7vdp/src.linux-x86_64-3.11/BrH2_LEPS_LTBZ1_1995module.c
INFO: compiling Fortran sources
INFO: Fortran f77 compiler: /home/truhlard/shuxx055/anaconda3/bin/gfortran -fallow-argument-mismatch -std=legacy -fPIC -O3 -funroll-loops
Fortran f90 compiler: /home/truhlard/shuxx055/anaconda3/bin/gfortran -Wall -g -fno-second-underscore -fPIC -O3 -funroll-loops
Fortran fix compiler: /home/truhlard/shuxx055/anaconda3/bin/gfortran -Wall -g -ffixed-form -fno-second-underscore -Wall -g -fno-second-underscore -fPIC -O3 -funroll-loops
INFO: compile options: '-I/tmp/tmpvwsr7vdp/src.linux-x86_64-3.11 -I/home/truhlard/shuxx055/anaconda3/lib/python3.11/site-packages/numpy/core/include -I/home/truhlard/shuxx055/anaconda3/include/python3.11 -c'
INFO: gfortran:f77: /tmp/tmpvwsr7vdp/src.linux-x86_64-3.11/BrH2_LEPS_LTBZ1_1995-f2pywrappers.f
INFO: gfortran:f77: BrH2_LEPS_LTBZ1_1995.f
INFO: /home/truhlard/shuxx055/anaconda3/bin/gfortran -Wall -g -Wall -g -shared /tmp/tmpvwsr7vdp/tmp/tmpvwsr7vdp/src.linux-x86_64-3.11/BrH2_LEPS_LTBZ1_1995module.o /tmp/tmpvwsr7vdp/tmp/tmpvwsr7vdp/src.linux-x86_64-3.11/fortranobject.o /tmp/tmpvwsr7vdp/BrH2_LEPS_LTBZ1_1995.o /tmp/tmpvwsr7vdp/tmp/tmpvwsr7vdp/src.linux-x86_64-3.11/BrH2_LEPS_LTBZ1_1995-f2pywrappers.o -L/panfs/jay/groups/16/truhlard/shuxx055/anaconda3/bin/../lib/gcc/x86_64-conda-linux-gnu/13.1.0/../../../../x86_64-conda-linux-gnu/lib/../lib -L/panfs/jay/groups/16/truhlard/shuxx055/anaconda3/bin/../lib/gcc/x86_64-conda-linux-gnu/13.1.0/../../../../x86_64-conda-linux-gnu/lib/../lib -lmkl_intel_lp64 -lmkl_sequential -lmkl_core -lgfortran -o ./BrH2_LEPS_LTBZ1_1995.cpython-311-x86_64-linux-gnu.so
Removing build directory /tmp/tmpvwsr7vdp
