running build
running config_cc
INFO: unifing config_cc, config, build_clib, build_ext, build commands --compiler options
running config_fc
INFO: unifing config_fc, config, build_clib, build_ext, build commands --fcompiler options
running build_src
INFO: build_src
INFO: building extension "K2Rb2_PIPNN" sources
INFO: f2py options: []
INFO: f2py:> /tmp/tmpnteegnys/src.linux-x86_64-3.11/K2Rb2_PIPNNmodule.c
creating /tmp/tmpnteegnys/src.linux-x86_64-3.11
get_useparameters: mapping for {'only': 1, 'map': {'vpescut': 'vpescut'}} not impl.
Reading fortran codes...
	Reading file 'K2Rb2_PIPNN.f90' (format:free)
Line #472 in K2Rb2_PIPNN.f90:"c    ifunc=1, transfer function is hyperbolic tangent function, 'tansig' "
	analyzeline: No name/args pattern found for line.
Line #473 in K2Rb2_PIPNN.f90:"c    ifunc=2, transfer function is log sigmoid function, 'logsig' "
	analyzeline: No name/args pattern found for line.
Line #474 in K2Rb2_PIPNN.f90:"c    ifunc=3, transfer function is pure linear function, 'purelin'. It "
	analyzeline: No name/args pattern found for line.
crackline: groupcounter=5 groupname={0: '', 1: 'module', 2: 'interface', 3: 'function', 4: 'function', 5: 'function', 6: 'subroutine'}
crackline: Mismatch of blocks encountered. Trying to fix it by assuming "end" statement.
crackline: groupcounter=4 groupname={0: '', 1: 'module', 2: 'interface', 3: 'function', 4: 'function', 5: 'function', 6: 'subroutine'}
crackline: Mismatch of blocks encountered. Trying to fix it by assuming "end" statement.
crackline: groupcounter=3 groupname={0: '', 1: 'module', 2: 'interface', 3: 'function', 4: 'function', 5: 'function', 6: 'subroutine'}
crackline: Mismatch of blocks encountered. Trying to fix it by assuming "end" statement.
crackline: groupcounter=2 groupname={0: '', 1: 'module', 2: 'interface', 3: 'function', 4: 'function', 5: 'function', 6: 'subroutine'}
crackline: Mismatch of blocks encountered. Trying to fix it by assuming "end" statement.
crackline: groupcounter=1 groupname={0: '', 1: 'module', 2: 'interface', 3: 'function', 4: 'function', 5: 'function', 6: 'subroutine'}
crackline: Mismatch of blocks encountered. Trying to fix it by assuming "end" statement.
Post-processing...
	Block: K2Rb2_PIPNN
			Block: nnparam
In: :K2Rb2_PIPNN:K2Rb2_PIPNN.f90:nnparam
get_parameters: got "eval() arg 1 must be a string, bytes or code object" on 8
			Block: pes
In: :K2Rb2_PIPNN:K2Rb2_PIPNN.f90:pes
get_parameters: got "eval() arg 1 must be a string, bytes or code object" on 8
			Block: k2rb2_pes_interface
In: :K2Rb2_PIPNN:K2Rb2_PIPNN.f90:k2rb2_pes_interface
get_parameters: got "eval() arg 1 must be a string, bytes or code object" on 8
			Block: k2rb2nn
In: :K2Rb2_PIPNN:K2Rb2_PIPNN.f90:k2rb2nn
get_parameters: got "eval() arg 1 must be a string, bytes or code object" on 8
In: :K2Rb2_PIPNN:K2Rb2_PIPNN.f90:k2rb2nn
get_parameters: got "eval() arg 1 must be a string, bytes or code object" on 8
In: :K2Rb2_PIPNN:K2Rb2_PIPNN.f90:k2rb2nn
get_parameters: got "eval() arg 1 must be a string, bytes or code object" on 8
In: :K2Rb2_PIPNN:K2Rb2_PIPNN.f90:k2rb2nn
get_parameters: got "eval() arg 1 must be a string, bytes or code object" on 8
			Block: pes_init
In: :K2Rb2_PIPNN:K2Rb2_PIPNN.f90:pes_init
get_parameters: got "eval() arg 1 must be a string, bytes or code object" on 8
			Block: getpota
In: :K2Rb2_PIPNN:K2Rb2_PIPNN.f90:getpota
get_parameters: got "eval() arg 1 must be a string, bytes or code object" on 8
			Block: getpotb
In: :K2Rb2_PIPNN:K2Rb2_PIPNN.f90:getpotb
get_parameters: got "eval() arg 1 must be a string, bytes or code object" on 8
			Block: getpotc
In: :K2Rb2_PIPNN:K2Rb2_PIPNN.f90:getpotc
get_parameters: got "eval() arg 1 must be a string, bytes or code object" on 8
			Block: tranfun
Applying post-processing hooks...
  character_backward_compatibility_hook
Post-processing (stage 2)...
	Block: K2Rb2_PIPNN
		Block: unknown_interface
			Block: nnparam
			Block: pes
			Block: k2rb2_pes_interface
			Block: k2rb2nn
			Block: pes_init
			Block: getpota
			Block: getpotb
			Block: getpotc
			Block: tranfun
Building modules...
    Building module "K2Rb2_PIPNN"...
    Generating possibly empty wrappers"
    Maybe empty "K2Rb2_PIPNN-f2pywrappers.f"
        Constructing wrapper function "pes"...
          p,g,d = pes(x,igrad,path)
    Generating possibly empty wrappers"
    Maybe empty "K2Rb2_PIPNN-f2pywrappers.f"
        Constructing wrapper function "k2rb2_pes_interface"...
          k2rb2_pes_interface(q,vpes)
    Generating possibly empty wrappers"
    Maybe empty "K2Rb2_PIPNN-f2pywrappers.f"
        Constructing wrapper function "k2rb2nn"...
          k2rb2nn(ct,vpes,vpesa,vpesb,vpesc)
    Generating possibly empty wrappers"
    Maybe empty "K2Rb2_PIPNN-f2pywrappers.f"
        Constructing wrapper function "pes_init"...
          pes_init(path)
    Generating possibly empty wrappers"
    Maybe empty "K2Rb2_PIPNN-f2pywrappers.f"
        Constructing wrapper function "getpota"...
          getpota(x,vpot)
    Generating possibly empty wrappers"
    Maybe empty "K2Rb2_PIPNN-f2pywrappers.f"
        Constructing wrapper function "getpotb"...
          getpotb(x,vpot)
    Generating possibly empty wrappers"
    Maybe empty "K2Rb2_PIPNN-f2pywrappers.f"
        Constructing wrapper function "getpotc"...
          getpotc(x,vpot)
    Generating possibly empty wrappers"
    Maybe empty "K2Rb2_PIPNN-f2pywrappers.f"
		Creating wrapper for Fortran function "tranfun"("tranfun")...
        Constructing wrapper function "tranfun"...
          tranfun = tranfun(x,ifunc)
		Constructing F90 module support for "nnparam"...
		  Variables: ninput noutput nhid nlayer ifunc nwe nodemax nscale nodes weighta biasa pdela pavga weightb biasb pdelb pavgb weightc biasc pdelc pavgc vpescut
getarrdims:warning: assumed shape array, using 0 instead of ':'
getarrdims:warning: assumed shape array, using 0 instead of ':'
getarrdims:warning: assumed shape array, using 0 instead of ':'
getarrdims:warning: assumed shape array, using 0 instead of ':'
getarrdims:warning: assumed shape array, using 0 instead of ':'
getarrdims:warning: assumed shape array, using 0 instead of ':'
getarrdims:warning: assumed shape array, using 0 instead of ':'
getarrdims:warning: assumed shape array, using 0 instead of ':'
getarrdims:warning: assumed shape array, using 0 instead of ':'
getarrdims:warning: assumed shape array, using 0 instead of ':'
getarrdims:warning: assumed shape array, using 0 instead of ':'
getarrdims:warning: assumed shape array, using 0 instead of ':'
getarrdims:warning: assumed shape array, using 0 instead of ':'
getarrdims:warning: assumed shape array, using 0 instead of ':'
getarrdims:warning: assumed shape array, using 0 instead of ':'
getarrdims:warning: assumed shape array, using 0 instead of ':'
getarrdims:warning: assumed shape array, using 0 instead of ':'
getarrdims:warning: assumed shape array, using 0 instead of ':'
getarrdims:warning: assumed shape array, using 0 instead of ':'
getarrdims:warning: assumed shape array, using 0 instead of ':'
getarrdims:warning: assumed shape array, using 0 instead of ':'
getarrdims:warning: assumed shape array, using 0 instead of ':'
    Wrote C/API module "K2Rb2_PIPNN" to file "/tmp/tmpnteegnys/src.linux-x86_64-3.11/K2Rb2_PIPNNmodule.c"
    Fortran 77 wrappers are saved to "/tmp/tmpnteegnys/src.linux-x86_64-3.11/K2Rb2_PIPNN-f2pywrappers.f"
    Fortran 90 wrappers are saved to "/tmp/tmpnteegnys/src.linux-x86_64-3.11/K2Rb2_PIPNN-f2pywrappers2.f90"
INFO:   adding '/tmp/tmpnteegnys/src.linux-x86_64-3.11/fortranobject.c' to sources.
INFO:   adding '/tmp/tmpnteegnys/src.linux-x86_64-3.11' to include_dirs.
copying /home/truhlard/shuxx055/anaconda3/envs/test/lib/python3.11/site-packages/numpy/f2py/src/fortranobject.c -> /tmp/tmpnteegnys/src.linux-x86_64-3.11
copying /home/truhlard/shuxx055/anaconda3/envs/test/lib/python3.11/site-packages/numpy/f2py/src/fortranobject.h -> /tmp/tmpnteegnys/src.linux-x86_64-3.11
INFO:   adding '/tmp/tmpnteegnys/src.linux-x86_64-3.11/K2Rb2_PIPNN-f2pywrappers.f' to sources.
INFO:   adding '/tmp/tmpnteegnys/src.linux-x86_64-3.11/K2Rb2_PIPNN-f2pywrappers2.f90' to sources.
INFO: build_src: building npy-pkg config files
/home/truhlard/shuxx055/anaconda3/envs/test/lib/python3.11/site-packages/setuptools/_distutils/cmd.py:66: SetuptoolsDeprecationWarning: setup.py install is deprecated.
!!

        ********************************************************************************
        Please avoid running ``setup.py`` directly.
        Instead, use pypa/build, pypa/installer or other
        standards-based tools.

        See https://blog.ganssle.io/articles/2021/10/setup-py-deprecated.html for details.
        ********************************************************************************

!!
  self.initialize_options()
running build_ext
INFO: customize UnixCCompiler
INFO: customize UnixCCompiler using build_ext
INFO: get_default_fcompiler: matching types: '['arm', 'gnu95', 'intel', 'lahey', 'pg', 'nv', 'absoft', 'nag', 'vast', 'compaq', 'intele', 'intelem', 'gnu', 'g95', 'pathf95', 'nagfor', 'fujitsu']'
INFO: customize ArmFlangCompiler
WARN: Could not locate executable armflang
INFO: customize Gnu95FCompiler
INFO: Found executable /home/truhlard/shuxx055/anaconda3/envs/test/bin/gfortran
INFO: customize Gnu95FCompiler
INFO: customize Gnu95FCompiler using build_ext
INFO: building 'K2Rb2_PIPNN' extension
INFO: compiling C sources
INFO: C compiler: gcc -pthread -B /home/truhlard/shuxx055/anaconda3/envs/test/compiler_compat -DNDEBUG -fwrapv -O2 -Wall -fPIC -O2 -isystem /home/truhlard/shuxx055/anaconda3/envs/test/include -fPIC -O2 -isystem /home/truhlard/shuxx055/anaconda3/envs/test/include -fPIC

creating /tmp/tmpnteegnys/tmp
creating /tmp/tmpnteegnys/tmp/tmpnteegnys
creating /tmp/tmpnteegnys/tmp/tmpnteegnys/src.linux-x86_64-3.11
INFO: compile options: '-DNPY_DISABLE_OPTIMIZATION=1 -I/tmp/tmpnteegnys/src.linux-x86_64-3.11 -I/home/truhlard/shuxx055/anaconda3/envs/test/lib/python3.11/site-packages/numpy/core/include -I/home/truhlard/shuxx055/anaconda3/envs/test/include/python3.11 -c'
INFO: gcc: /tmp/tmpnteegnys/src.linux-x86_64-3.11/fortranobject.c
INFO: gcc: /tmp/tmpnteegnys/src.linux-x86_64-3.11/K2Rb2_PIPNNmodule.c
INFO: compiling Fortran 90 module sources
INFO: Fortran f77 compiler: /home/truhlard/shuxx055/anaconda3/envs/test/bin/gfortran -Wall -g -ffixed-form -fno-second-underscore -fPIC -O3 -funroll-loops
Fortran f90 compiler: /home/truhlard/shuxx055/anaconda3/envs/test/bin/gfortran -fallow-argument-mismatch -std=legacy -fPIC -O3 -funroll-loops
Fortran fix compiler: /home/truhlard/shuxx055/anaconda3/envs/test/bin/gfortran -Wall -g -ffixed-form -fno-second-underscore -fallow-argument-mismatch -std=legacy -fPIC -O3 -funroll-loops
INFO: compile options: '-I/tmp/tmpnteegnys/src.linux-x86_64-3.11 -I/home/truhlard/shuxx055/anaconda3/envs/test/lib/python3.11/site-packages/numpy/core/include -I/home/truhlard/shuxx055/anaconda3/envs/test/include/python3.11 -c'
extra options: '-J/tmp/tmpnteegnys/ -I/tmp/tmpnteegnys/'
INFO: gfortran:fix: K2Rb2_PIPNN.f90
K2Rb2_PIPNN.f90:490:20:

  490 |         integer :: i,lxc
      |                    1
Warning: Unused variable 'i' declared at (1) [-Wunused-variable]
K2Rb2_PIPNN.f90:36:31:

   36 |       integer :: iatom, idir, j, istate
      |                               1
Warning: Unused variable 'j' declared at (1) [-Wunused-variable]
K2Rb2_PIPNN.f90:468:8:

  468 |         function tranfun(x,ifunc)
      |        ^
Warning: '__result_tranfun' may be used uninitialized [-Wmaybe-uninitialized]
INFO: compiling Fortran sources
INFO: Fortran f77 compiler: /home/truhlard/shuxx055/anaconda3/envs/test/bin/gfortran -Wall -g -ffixed-form -fno-second-underscore -fPIC -O3 -funroll-loops
Fortran f90 compiler: /home/truhlard/shuxx055/anaconda3/envs/test/bin/gfortran -fallow-argument-mismatch -std=legacy -fPIC -O3 -funroll-loops
Fortran fix compiler: /home/truhlard/shuxx055/anaconda3/envs/test/bin/gfortran -Wall -g -ffixed-form -fno-second-underscore -fallow-argument-mismatch -std=legacy -fPIC -O3 -funroll-loops
INFO: compile options: '-I/tmp/tmpnteegnys/src.linux-x86_64-3.11 -I/home/truhlard/shuxx055/anaconda3/envs/test/lib/python3.11/site-packages/numpy/core/include -I/home/truhlard/shuxx055/anaconda3/envs/test/include/python3.11 -c'
extra options: '-J/tmp/tmpnteegnys/ -I/tmp/tmpnteegnys/'
INFO: gfortran:f90: /tmp/tmpnteegnys/src.linux-x86_64-3.11/K2Rb2_PIPNN-f2pywrappers2.f90
INFO: gfortran:f77: /tmp/tmpnteegnys/src.linux-x86_64-3.11/K2Rb2_PIPNN-f2pywrappers.f
INFO: /home/truhlard/shuxx055/anaconda3/envs/test/bin/gfortran -Wall -g -Wall -g -shared /tmp/tmpnteegnys/tmp/tmpnteegnys/src.linux-x86_64-3.11/K2Rb2_PIPNNmodule.o /tmp/tmpnteegnys/tmp/tmpnteegnys/src.linux-x86_64-3.11/fortranobject.o /tmp/tmpnteegnys/K2Rb2_PIPNN.o /tmp/tmpnteegnys/tmp/tmpnteegnys/src.linux-x86_64-3.11/K2Rb2_PIPNN-f2pywrappers.o /tmp/tmpnteegnys/tmp/tmpnteegnys/src.linux-x86_64-3.11/K2Rb2_PIPNN-f2pywrappers2.o -L/panfs/jay/groups/16/truhlard/shuxx055/anaconda3/envs/test/bin/../lib/gcc/x86_64-conda-linux-gnu/13.1.0/../../../../x86_64-conda-linux-gnu/lib/../lib -L/panfs/jay/groups/16/truhlard/shuxx055/anaconda3/envs/test/bin/../lib/gcc/x86_64-conda-linux-gnu/13.1.0/../../../../x86_64-conda-linux-gnu/lib/../lib -lmkl_intel_lp64 -lmkl_sequential -lmkl_core -lgfortran -o ./K2Rb2_PIPNN.cpython-311-x86_64-linux-gnu.so
Removing build directory /tmp/tmpnteegnys
