running build
running config_cc
INFO: unifing config_cc, config, build_clib, build_ext, build commands --compiler options
running config_fc
INFO: unifing config_fc, config, build_clib, build_ext, build commands --fcompiler options
running build_src
INFO: build_src
INFO: building extension "ClNH3_VBMM" sources
INFO: f2py options: []
INFO: f2py:> /tmp/tmpsiphaeo6/src.linux-x86_64-3.11/ClNH3_VBMMmodule.c
creating /tmp/tmpsiphaeo6/src.linux-x86_64-3.11
rmbadname1: Replacing "switch" with "switch_bn".
analyzeline: Failed to evaluate '4.0d0*pi*1.0d-07'. Ignoring: invalid decimal literal (<string>, line 1)
analyzeline: Failed to evaluate '1.0d0/(cmu_0*clight**2)'. Ignoring: invalid decimal literal (<string>, line 1)
Reading fortran codes...
	Reading file 'ClNH3_VBMM.f90' (format:free)
Line #27 in ClNH3_VBMM.f90:"      PARAMETER (JSURF=INT(ISURF*(ISURF+1)/2)) "
	determineexprtype: could not determine expressions ('int') type.
Line #27 in ClNH3_VBMM.f90:"      PARAMETER (JSURF=INT(ISURF*(ISURF+1)/2)) "
	determineexprtype: could not determine expressions ('int(isurf*(isurf+1)/2)') type.
Line #94 in ClNH3_VBMM.f90:"      PARAMETER (PI = 3.141592653589793D0) "
	get_parameters: got "eval() arg 1 must be a string, bytes or code object" on 4
Line #95 in ClNH3_VBMM.f90:"      PARAMETER (NATOM = 25) "
	get_parameters: got "eval() arg 1 must be a string, bytes or code object" on 4
Line #95 in ClNH3_VBMM.f90:"      PARAMETER (NATOM = 25) "
	get_parameters: got "eval() arg 1 must be a string, bytes or code object" on 4
Line #218 in ClNH3_VBMM.f90:"      PARAMETER (PI = 3.141592653589793D0) "
	get_parameters: got "eval() arg 1 must be a string, bytes or code object" on 4
Line #219 in ClNH3_VBMM.f90:"      PARAMETER (NATOM = 25) "
	get_parameters: got "eval() arg 1 must be a string, bytes or code object" on 4
Line #219 in ClNH3_VBMM.f90:"      PARAMETER (NATOM = 25) "
	get_parameters: got "eval() arg 1 must be a string, bytes or code object" on 4
Line #304 in ClNH3_VBMM.f90:"c  subroutine calculates reference angles for the "in-plane" potential "
	analyzeline: No name/args pattern found for line.
Line #314 in ClNH3_VBMM.f90:"      PARAMETER (PI = 3.141592653589793D0) "
	get_parameters: got "eval() arg 1 must be a string, bytes or code object" on 4
Line #315 in ClNH3_VBMM.f90:"      PARAMETER (NATOM = 25) "
	get_parameters: got "eval() arg 1 must be a string, bytes or code object" on 4
Line #315 in ClNH3_VBMM.f90:"      PARAMETER (NATOM = 25) "
	get_parameters: got "eval() arg 1 must be a string, bytes or code object" on 4
Line #422 in ClNH3_VBMM.f90:"c  subroutine calculates reference angles for the "out-plane" potential "
	analyzeline: No name/args pattern found for line.
Line #432 in ClNH3_VBMM.f90:"      PARAMETER (PI = 3.141592653589793D0) "
	get_parameters: got "eval() arg 1 must be a string, bytes or code object" on 4
Line #433 in ClNH3_VBMM.f90:"      PARAMETER (NATOM = 25) "
	get_parameters: got "eval() arg 1 must be a string, bytes or code object" on 4
Line #433 in ClNH3_VBMM.f90:"      PARAMETER (NATOM = 25) "
	get_parameters: got "eval() arg 1 must be a string, bytes or code object" on 4
Line #572 in ClNH3_VBMM.f90:"c  subroutine to calculate leps-type stretching potential and its "
	analyzeline: No name/args pattern found for line.
Line #583 in ClNH3_VBMM.f90:"      PARAMETER (PI = 3.141592653589793D0) "
	get_parameters: got "eval() arg 1 must be a string, bytes or code object" on 4
Line #584 in ClNH3_VBMM.f90:"      PARAMETER (NATOM = 25) "
	get_parameters: got "eval() arg 1 must be a string, bytes or code object" on 4
Line #584 in ClNH3_VBMM.f90:"      PARAMETER (NATOM = 25) "
	get_parameters: got "eval() arg 1 must be a string, bytes or code object" on 4
{'before': '', 'this': 'dimension', 'after': 'vqch(4),vjch(4),vqbh(4),vjbh(4),vq(4),vj(4), '}
Line #628 in ClNH3_VBMM.f90:"       dimension vqch(4),vjch(4),vqbh(4),vjbh(4),vq(4),vj(4), "
	analyzeline: no name pattern found in dimension statement for ''. Skipping.
Line #781 in ClNH3_VBMM.f90:"c  subroutine calculates symmetrized vop potential and derivatives "
	analyzeline: No name/args pattern found for line.
Line #791 in ClNH3_VBMM.f90:"      PARAMETER (PI = 3.141592653589793D0) "
	get_parameters: got "eval() arg 1 must be a string, bytes or code object" on 4
Line #792 in ClNH3_VBMM.f90:"      PARAMETER (NATOM = 25) "
	get_parameters: got "eval() arg 1 must be a string, bytes or code object" on 4
Line #792 in ClNH3_VBMM.f90:"      PARAMETER (NATOM = 25) "
	get_parameters: got "eval() arg 1 must be a string, bytes or code object" on 4
Line #933 in ClNH3_VBMM.f90:"c  subroutine calculates symmetrised in plane bend term "
	analyzeline: No name/args pattern found for line.
Line #944 in ClNH3_VBMM.f90:"      PARAMETER (PI = 3.141592653589793D0) "
	get_parameters: got "eval() arg 1 must be a string, bytes or code object" on 4
Line #945 in ClNH3_VBMM.f90:"      PARAMETER (NATOM = 25) "
	get_parameters: got "eval() arg 1 must be a string, bytes or code object" on 4
Line #945 in ClNH3_VBMM.f90:"      PARAMETER (NATOM = 25) "
	get_parameters: got "eval() arg 1 must be a string, bytes or code object" on 4
Line #1056 in ClNH3_VBMM.f90:"c  subroutine calculates out of plane angle delta, loops "
	analyzeline: No name/args pattern found for line.
Line #1070 in ClNH3_VBMM.f90:"      PARAMETER (PI = 3.141592653589793D0) "
	get_parameters: got "eval() arg 1 must be a string, bytes or code object" on 4
Line #1071 in ClNH3_VBMM.f90:"      PARAMETER (NATOM = 25) "
	get_parameters: got "eval() arg 1 must be a string, bytes or code object" on 4
Line #1071 in ClNH3_VBMM.f90:"      PARAMETER (NATOM = 25) "
	get_parameters: got "eval() arg 1 must be a string, bytes or code object" on 4
{'before': '', 'this': 'dimension', 'after': 'delta(4),in(3),a(3),b(3),axb(3),c(4,3),argd(4), '}
Line #1115 in ClNH3_VBMM.f90:"       dimension  delta(4),in(3),a(3),b(3),axb(3),c(4,3),argd(4), "
	analyzeline: no name pattern found in dimension statement for ''. Skipping.
Line #1318 in ClNH3_VBMM.f90:"      PARAMETER (PI = 3.141592653589793D0) "
	get_parameters: got "eval() arg 1 must be a string, bytes or code object" on 4
Line #1319 in ClNH3_VBMM.f90:"      PARAMETER (NATOM = 25) "
	get_parameters: got "eval() arg 1 must be a string, bytes or code object" on 4
Line #1319 in ClNH3_VBMM.f90:"      PARAMETER (NATOM = 25) "
	get_parameters: got "eval() arg 1 must be a string, bytes or code object" on 4
Line #1419 in ClNH3_VBMM.f90:"      PARAMETER (PI = 3.141592653589793D0) "
	get_parameters: got "eval() arg 1 must be a string, bytes or code object" on 4
Line #1420 in ClNH3_VBMM.f90:"      PARAMETER (NATOM = 25) "
	get_parameters: got "eval() arg 1 must be a string, bytes or code object" on 4
Line #1420 in ClNH3_VBMM.f90:"      PARAMETER (NATOM = 25) "
	get_parameters: got "eval() arg 1 must be a string, bytes or code object" on 4
Line #1555 in ClNH3_VBMM.f90:"      PARAMETER (PI = 3.141592653589793D0) "
	get_parameters: got "eval() arg 1 must be a string, bytes or code object" on 4
Line #1556 in ClNH3_VBMM.f90:"      PARAMETER (NATOM = 25) "
	get_parameters: got "eval() arg 1 must be a string, bytes or code object" on 4
Line #1556 in ClNH3_VBMM.f90:"      PARAMETER (NATOM = 25) "
	get_parameters: got "eval() arg 1 must be a string, bytes or code object" on 4
Line #1683 in ClNH3_VBMM.f90:"C   NATOMS = the number of atoms represented by this potential function "
	analyzeline: No name/args pattern found for line.
Line #1699 in ClNH3_VBMM.f90:"      PARAMETER (PI = 3.141592653589793D0) "
	get_parameters: got "eval() arg 1 must be a string, bytes or code object" on 4
Line #1700 in ClNH3_VBMM.f90:"      PARAMETER (NATOM = 25) "
	get_parameters: got "eval() arg 1 must be a string, bytes or code object" on 4
Line #1700 in ClNH3_VBMM.f90:"      PARAMETER (NATOM = 25) "
	get_parameters: got "eval() arg 1 must be a string, bytes or code object" on 4
Line #1701 in ClNH3_VBMM.f90:"      PARAMETER (N3TMMN = 15) "
	get_parameters: got "eval() arg 1 must be a string, bytes or code object" on 4
Line #1701 in ClNH3_VBMM.f90:"      PARAMETER (N3TMMN = 15) "
	get_parameters: got "eval() arg 1 must be a string, bytes or code object" on 4
Line #1801 in ClNH3_VBMM.f90:"      PARAMETER (PI = 3.141592653589793D0) "
	get_parameters: got "eval() arg 1 must be a string, bytes or code object" on 4
Line #1802 in ClNH3_VBMM.f90:"      PARAMETER (NATOM = 25) "
	get_parameters: got "eval() arg 1 must be a string, bytes or code object" on 4
Line #1802 in ClNH3_VBMM.f90:"      PARAMETER (NATOM = 25) "
	get_parameters: got "eval() arg 1 must be a string, bytes or code object" on 4
Line #1899 in ClNH3_VBMM.f90:"      PARAMETER (PI = 3.141592653589793D0) "
	get_parameters: got "eval() arg 1 must be a string, bytes or code object" on 4
Line #2069 in ClNH3_VBMM.f90:"      PARAMETER(        PI = 3.141592653589793D0) "
	get_parameters: got "eval() arg 1 must be a string, bytes or code object" on 4
Line #2070 in ClNH3_VBMM.f90:"      PARAMETER(    CLIGHT = 2.99792458D08) "
	get_parameters: got "eval() arg 1 must be a string, bytes or code object" on 4
Line #2070 in ClNH3_VBMM.f90:"      PARAMETER(    CLIGHT = 2.99792458D08) "
	get_parameters: got "eval() arg 1 must be a string, bytes or code object" on 4
Line #2071 in ClNH3_VBMM.f90:"      PARAMETER(     CMU_0 = 4.0D0*PI*1.0D-07) "
	get_parameters: got "eval() arg 1 must be a string, bytes or code object" on 4
Line #2071 in ClNH3_VBMM.f90:"      PARAMETER(     CMU_0 = 4.0D0*PI*1.0D-07) "
	get_parameters: got "eval() arg 1 must be a string, bytes or code object" on 4
Line #2071 in ClNH3_VBMM.f90:"      PARAMETER(     CMU_0 = 4.0D0*PI*1.0D-07) "
	get_parameters: got "eval() arg 1 must be a string, bytes or code object" on 4
Line #2072 in ClNH3_VBMM.f90:"      PARAMETER(CEPSILON_0 = 1.0D0/(CMU_0*CLIGHT**2)) "
	get_parameters: got "eval() arg 1 must be a string, bytes or code object" on 4
Line #2072 in ClNH3_VBMM.f90:"      PARAMETER(CEPSILON_0 = 1.0D0/(CMU_0*CLIGHT**2)) "
	get_parameters: got "eval() arg 1 must be a string, bytes or code object" on 4
Line #2072 in ClNH3_VBMM.f90:"      PARAMETER(CEPSILON_0 = 1.0D0/(CMU_0*CLIGHT**2)) "
	get_parameters: got "eval() arg 1 must be a string, bytes or code object" on 4
Line #2072 in ClNH3_VBMM.f90:"      PARAMETER(CEPSILON_0 = 1.0D0/(CMU_0*CLIGHT**2)) "
	determineexprtype: could not determine expressions ('1.0d0/(cmu_0*clight**2)') type.
Line #2073 in ClNH3_VBMM.f90:"      PARAMETER(        CE = 1.602176462D-19) "
	get_parameters: got "eval() arg 1 must be a string, bytes or code object" on 4
Line #2073 in ClNH3_VBMM.f90:"      PARAMETER(        CE = 1.602176462D-19) "
	get_parameters: got "eval() arg 1 must be a string, bytes or code object" on 4
Line #2073 in ClNH3_VBMM.f90:"      PARAMETER(        CE = 1.602176462D-19) "
	get_parameters: got "eval() arg 1 must be a string, bytes or code object" on 4
Line #2074 in ClNH3_VBMM.f90:"      PARAMETER(   CPLANCK = 6.62606876D-34) "
	get_parameters: got "eval() arg 1 must be a string, bytes or code object" on 4
Line #2074 in ClNH3_VBMM.f90:"      PARAMETER(   CPLANCK = 6.62606876D-34) "
	get_parameters: got "eval() arg 1 must be a string, bytes or code object" on 4
Line #2074 in ClNH3_VBMM.f90:"      PARAMETER(   CPLANCK = 6.62606876D-34) "
	get_parameters: got "eval() arg 1 must be a string, bytes or code object" on 4
Line #2074 in ClNH3_VBMM.f90:"      PARAMETER(   CPLANCK = 6.62606876D-34) "
	get_parameters: got "eval() arg 1 must be a string, bytes or code object" on 4
Line #2075 in ClNH3_VBMM.f90:"      PARAMETER(      CM_E = 9.10938188D-31) "
	get_parameters: got "eval() arg 1 must be a string, bytes or code object" on 4
Line #2075 in ClNH3_VBMM.f90:"      PARAMETER(      CM_E = 9.10938188D-31) "
	get_parameters: got "eval() arg 1 must be a string, bytes or code object" on 4
Line #2075 in ClNH3_VBMM.f90:"      PARAMETER(      CM_E = 9.10938188D-31) "
	get_parameters: got "eval() arg 1 must be a string, bytes or code object" on 4
Line #2075 in ClNH3_VBMM.f90:"      PARAMETER(      CM_E = 9.10938188D-31) "
	get_parameters: got "eval() arg 1 must be a string, bytes or code object" on 4
Line #2075 in ClNH3_VBMM.f90:"      PARAMETER(      CM_E = 9.10938188D-31) "
	get_parameters: got "eval() arg 1 must be a string, bytes or code object" on 4
Line #2076 in ClNH3_VBMM.f90:"      PARAMETER(      CANG = 1.0D-10) "
	get_parameters: got "eval() arg 1 must be a string, bytes or code object" on 4
Line #2076 in ClNH3_VBMM.f90:"      PARAMETER(      CANG = 1.0D-10) "
	get_parameters: got "eval() arg 1 must be a string, bytes or code object" on 4
Line #2076 in ClNH3_VBMM.f90:"      PARAMETER(      CANG = 1.0D-10) "
	get_parameters: got "eval() arg 1 must be a string, bytes or code object" on 4
Line #2076 in ClNH3_VBMM.f90:"      PARAMETER(      CANG = 1.0D-10) "
	get_parameters: got "eval() arg 1 must be a string, bytes or code object" on 4
Line #2076 in ClNH3_VBMM.f90:"      PARAMETER(      CANG = 1.0D-10) "
	get_parameters: got "eval() arg 1 must be a string, bytes or code object" on 4
Line #2076 in ClNH3_VBMM.f90:"      PARAMETER(      CANG = 1.0D-10) "
	get_parameters: got "eval() arg 1 must be a string, bytes or code object" on 4
Line #2077 in ClNH3_VBMM.f90:"      PARAMETER( CAVOGADRO = 6.02214199D23) "
	get_parameters: got "eval() arg 1 must be a string, bytes or code object" on 4
Line #2077 in ClNH3_VBMM.f90:"      PARAMETER( CAVOGADRO = 6.02214199D23) "
	get_parameters: got "eval() arg 1 must be a string, bytes or code object" on 4
Line #2077 in ClNH3_VBMM.f90:"      PARAMETER( CAVOGADRO = 6.02214199D23) "
	get_parameters: got "eval() arg 1 must be a string, bytes or code object" on 4
Line #2077 in ClNH3_VBMM.f90:"      PARAMETER( CAVOGADRO = 6.02214199D23) "
	get_parameters: got "eval() arg 1 must be a string, bytes or code object" on 4
Line #2077 in ClNH3_VBMM.f90:"      PARAMETER( CAVOGADRO = 6.02214199D23) "
	get_parameters: got "eval() arg 1 must be a string, bytes or code object" on 4
Line #2077 in ClNH3_VBMM.f90:"      PARAMETER( CAVOGADRO = 6.02214199D23) "
	get_parameters: got "eval() arg 1 must be a string, bytes or code object" on 4
Line #2077 in ClNH3_VBMM.f90:"      PARAMETER( CAVOGADRO = 6.02214199D23) "
	get_parameters: got "eval() arg 1 must be a string, bytes or code object" on 4
Line #2078 in ClNH3_VBMM.f90:"      PARAMETER(     CKCAL = 4.184D10) "
	get_parameters: got "eval() arg 1 must be a string, bytes or code object" on 4
Line #2078 in ClNH3_VBMM.f90:"      PARAMETER(     CKCAL = 4.184D10) "
	get_parameters: got "eval() arg 1 must be a string, bytes or code object" on 4
Line #2078 in ClNH3_VBMM.f90:"      PARAMETER(     CKCAL = 4.184D10) "
	get_parameters: got "eval() arg 1 must be a string, bytes or code object" on 4
Line #2078 in ClNH3_VBMM.f90:"      PARAMETER(     CKCAL = 4.184D10) "
	get_parameters: got "eval() arg 1 must be a string, bytes or code object" on 4
Line #2078 in ClNH3_VBMM.f90:"      PARAMETER(     CKCAL = 4.184D10) "
	get_parameters: got "eval() arg 1 must be a string, bytes or code object" on 4
Line #2078 in ClNH3_VBMM.f90:"      PARAMETER(     CKCAL = 4.184D10) "
	get_parameters: got "eval() arg 1 must be a string, bytes or code object" on 4
Line #2078 in ClNH3_VBMM.f90:"      PARAMETER(     CKCAL = 4.184D10) "
	get_parameters: got "eval() arg 1 must be a string, bytes or code object" on 4
Line #2078 in ClNH3_VBMM.f90:"      PARAMETER(     CKCAL = 4.184D10) "
	get_parameters: got "eval() arg 1 must be a string, bytes or code object" on 4
Line #2079 in ClNH3_VBMM.f90:"      PARAMETER(  HTOMILLH = 1000.D0) "
	get_parameters: got "eval() arg 1 must be a string, bytes or code object" on 4
Line #2079 in ClNH3_VBMM.f90:"      PARAMETER(  HTOMILLH = 1000.D0) "
	get_parameters: got "eval() arg 1 must be a string, bytes or code object" on 4
Line #2079 in ClNH3_VBMM.f90:"      PARAMETER(  HTOMILLH = 1000.D0) "
	get_parameters: got "eval() arg 1 must be a string, bytes or code object" on 4
Line #2079 in ClNH3_VBMM.f90:"      PARAMETER(  HTOMILLH = 1000.D0) "
	get_parameters: got "eval() arg 1 must be a string, bytes or code object" on 4
Line #2079 in ClNH3_VBMM.f90:"      PARAMETER(  HTOMILLH = 1000.D0) "
	get_parameters: got "eval() arg 1 must be a string, bytes or code object" on 4
Line #2079 in ClNH3_VBMM.f90:"      PARAMETER(  HTOMILLH = 1000.D0) "
	get_parameters: got "eval() arg 1 must be a string, bytes or code object" on 4
Line #2079 in ClNH3_VBMM.f90:"      PARAMETER(  HTOMILLH = 1000.D0) "
	get_parameters: got "eval() arg 1 must be a string, bytes or code object" on 4
Line #2079 in ClNH3_VBMM.f90:"      PARAMETER(  HTOMILLH = 1000.D0) "
	get_parameters: got "eval() arg 1 must be a string, bytes or code object" on 4
Line #2079 in ClNH3_VBMM.f90:"      PARAMETER(  HTOMILLH = 1000.D0) "
	get_parameters: got "eval() arg 1 must be a string, bytes or code object" on 4
Line #2080 in ClNH3_VBMM.f90:"      PARAMETER(     HTOEV = 27.2113834D0) "
	get_parameters: got "eval() arg 1 must be a string, bytes or code object" on 4
Line #2080 in ClNH3_VBMM.f90:"      PARAMETER(     HTOEV = 27.2113834D0) "
	get_parameters: got "eval() arg 1 must be a string, bytes or code object" on 4
Line #2080 in ClNH3_VBMM.f90:"      PARAMETER(     HTOEV = 27.2113834D0) "
	get_parameters: got "eval() arg 1 must be a string, bytes or code object" on 4
Line #2080 in ClNH3_VBMM.f90:"      PARAMETER(     HTOEV = 27.2113834D0) "
	get_parameters: got "eval() arg 1 must be a string, bytes or code object" on 4
Line #2080 in ClNH3_VBMM.f90:"      PARAMETER(     HTOEV = 27.2113834D0) "
	get_parameters: got "eval() arg 1 must be a string, bytes or code object" on 4
Line #2080 in ClNH3_VBMM.f90:"      PARAMETER(     HTOEV = 27.2113834D0) "
	get_parameters: got "eval() arg 1 must be a string, bytes or code object" on 4
Line #2080 in ClNH3_VBMM.f90:"      PARAMETER(     HTOEV = 27.2113834D0) "
	get_parameters: got "eval() arg 1 must be a string, bytes or code object" on 4
Line #2080 in ClNH3_VBMM.f90:"      PARAMETER(     HTOEV = 27.2113834D0) "
	get_parameters: got "eval() arg 1 must be a string, bytes or code object" on 4
Line #2080 in ClNH3_VBMM.f90:"      PARAMETER(     HTOEV = 27.2113834D0) "
	get_parameters: got "eval() arg 1 must be a string, bytes or code object" on 4
Line #2080 in ClNH3_VBMM.f90:"      PARAMETER(     HTOEV = 27.2113834D0) "
	get_parameters: got "eval() arg 1 must be a string, bytes or code object" on 4
Line #2081 in ClNH3_VBMM.f90:"      PARAMETER(   HTOKCAL = 627.509470D0) "
	get_parameters: got "eval() arg 1 must be a string, bytes or code object" on 4
Line #2081 in ClNH3_VBMM.f90:"      PARAMETER(   HTOKCAL = 627.509470D0) "
	get_parameters: got "eval() arg 1 must be a string, bytes or code object" on 4
Line #2081 in ClNH3_VBMM.f90:"      PARAMETER(   HTOKCAL = 627.509470D0) "
	get_parameters: got "eval() arg 1 must be a string, bytes or code object" on 4
Line #2081 in ClNH3_VBMM.f90:"      PARAMETER(   HTOKCAL = 627.509470D0) "
	get_parameters: got "eval() arg 1 must be a string, bytes or code object" on 4
Line #2081 in ClNH3_VBMM.f90:"      PARAMETER(   HTOKCAL = 627.509470D0) "
	get_parameters: got "eval() arg 1 must be a string, bytes or code object" on 4
Line #2081 in ClNH3_VBMM.f90:"      PARAMETER(   HTOKCAL = 627.509470D0) "
	get_parameters: got "eval() arg 1 must be a string, bytes or code object" on 4
Line #2081 in ClNH3_VBMM.f90:"      PARAMETER(   HTOKCAL = 627.509470D0) "
	get_parameters: got "eval() arg 1 must be a string, bytes or code object" on 4
Line #2081 in ClNH3_VBMM.f90:"      PARAMETER(   HTOKCAL = 627.509470D0) "
	get_parameters: got "eval() arg 1 must be a string, bytes or code object" on 4
Line #2081 in ClNH3_VBMM.f90:"      PARAMETER(   HTOKCAL = 627.509470D0) "
	get_parameters: got "eval() arg 1 must be a string, bytes or code object" on 4
Line #2081 in ClNH3_VBMM.f90:"      PARAMETER(   HTOKCAL = 627.509470D0) "
	get_parameters: got "eval() arg 1 must be a string, bytes or code object" on 4
Line #2081 in ClNH3_VBMM.f90:"      PARAMETER(   HTOKCAL = 627.509470D0) "
	get_parameters: got "eval() arg 1 must be a string, bytes or code object" on 4
Line #2082 in ClNH3_VBMM.f90:"      PARAMETER(   HTOWAVE = 219474.631D0) "
	get_parameters: got "eval() arg 1 must be a string, bytes or code object" on 4
Line #2082 in ClNH3_VBMM.f90:"      PARAMETER(   HTOWAVE = 219474.631D0) "
	get_parameters: got "eval() arg 1 must be a string, bytes or code object" on 4
Line #2082 in ClNH3_VBMM.f90:"      PARAMETER(   HTOWAVE = 219474.631D0) "
	get_parameters: got "eval() arg 1 must be a string, bytes or code object" on 4
Line #2082 in ClNH3_VBMM.f90:"      PARAMETER(   HTOWAVE = 219474.631D0) "
	get_parameters: got "eval() arg 1 must be a string, bytes or code object" on 4
Line #2082 in ClNH3_VBMM.f90:"      PARAMETER(   HTOWAVE = 219474.631D0) "
	get_parameters: got "eval() arg 1 must be a string, bytes or code object" on 4
Line #2082 in ClNH3_VBMM.f90:"      PARAMETER(   HTOWAVE = 219474.631D0) "
	get_parameters: got "eval() arg 1 must be a string, bytes or code object" on 4
Line #2082 in ClNH3_VBMM.f90:"      PARAMETER(   HTOWAVE = 219474.631D0) "
	get_parameters: got "eval() arg 1 must be a string, bytes or code object" on 4
Line #2082 in ClNH3_VBMM.f90:"      PARAMETER(   HTOWAVE = 219474.631D0) "
	get_parameters: got "eval() arg 1 must be a string, bytes or code object" on 4
Line #2082 in ClNH3_VBMM.f90:"      PARAMETER(   HTOWAVE = 219474.631D0) "
	get_parameters: got "eval() arg 1 must be a string, bytes or code object" on 4
Line #2082 in ClNH3_VBMM.f90:"      PARAMETER(   HTOWAVE = 219474.631D0) "
	get_parameters: got "eval() arg 1 must be a string, bytes or code object" on 4
Line #2082 in ClNH3_VBMM.f90:"      PARAMETER(   HTOWAVE = 219474.631D0) "
	get_parameters: got "eval() arg 1 must be a string, bytes or code object" on 4
Line #2082 in ClNH3_VBMM.f90:"      PARAMETER(   HTOWAVE = 219474.631D0) "
	get_parameters: got "eval() arg 1 must be a string, bytes or code object" on 4
Line #2083 in ClNH3_VBMM.f90:"      PARAMETER(     HTOKJ = 2625.49962D0) "
	get_parameters: got "eval() arg 1 must be a string, bytes or code object" on 4
Line #2083 in ClNH3_VBMM.f90:"      PARAMETER(     HTOKJ = 2625.49962D0) "
	get_parameters: got "eval() arg 1 must be a string, bytes or code object" on 4
Line #2083 in ClNH3_VBMM.f90:"      PARAMETER(     HTOKJ = 2625.49962D0) "
	get_parameters: got "eval() arg 1 must be a string, bytes or code object" on 4
Line #2083 in ClNH3_VBMM.f90:"      PARAMETER(     HTOKJ = 2625.49962D0) "
	get_parameters: got "eval() arg 1 must be a string, bytes or code object" on 4
Line #2083 in ClNH3_VBMM.f90:"      PARAMETER(     HTOKJ = 2625.49962D0) "
	get_parameters: got "eval() arg 1 must be a string, bytes or code object" on 4
Line #2083 in ClNH3_VBMM.f90:"      PARAMETER(     HTOKJ = 2625.49962D0) "
	get_parameters: got "eval() arg 1 must be a string, bytes or code object" on 4
Line #2083 in ClNH3_VBMM.f90:"      PARAMETER(     HTOKJ = 2625.49962D0) "
	get_parameters: got "eval() arg 1 must be a string, bytes or code object" on 4
Line #2083 in ClNH3_VBMM.f90:"      PARAMETER(     HTOKJ = 2625.49962D0) "
	get_parameters: got "eval() arg 1 must be a string, bytes or code object" on 4
Line #2083 in ClNH3_VBMM.f90:"      PARAMETER(     HTOKJ = 2625.49962D0) "
	get_parameters: got "eval() arg 1 must be a string, bytes or code object" on 4
Line #2083 in ClNH3_VBMM.f90:"      PARAMETER(     HTOKJ = 2625.49962D0) "
	get_parameters: got "eval() arg 1 must be a string, bytes or code object" on 4
Line #2083 in ClNH3_VBMM.f90:"      PARAMETER(     HTOKJ = 2625.49962D0) "
	get_parameters: got "eval() arg 1 must be a string, bytes or code object" on 4
Line #2083 in ClNH3_VBMM.f90:"      PARAMETER(     HTOKJ = 2625.49962D0) "
	get_parameters: got "eval() arg 1 must be a string, bytes or code object" on 4
Line #2083 in ClNH3_VBMM.f90:"      PARAMETER(     HTOKJ = 2625.49962D0) "
	get_parameters: got "eval() arg 1 must be a string, bytes or code object" on 4
Line #2084 in ClNH3_VBMM.f90:"      PARAMETER(    BOHR_A = .5291772083D0) "
	get_parameters: got "eval() arg 1 must be a string, bytes or code object" on 4
Line #2084 in ClNH3_VBMM.f90:"      PARAMETER(    BOHR_A = .5291772083D0) "
	get_parameters: got "eval() arg 1 must be a string, bytes or code object" on 4
Line #2084 in ClNH3_VBMM.f90:"      PARAMETER(    BOHR_A = .5291772083D0) "
	get_parameters: got "eval() arg 1 must be a string, bytes or code object" on 4
Line #2084 in ClNH3_VBMM.f90:"      PARAMETER(    BOHR_A = .5291772083D0) "
	get_parameters: got "eval() arg 1 must be a string, bytes or code object" on 4
Line #2084 in ClNH3_VBMM.f90:"      PARAMETER(    BOHR_A = .5291772083D0) "
	get_parameters: got "eval() arg 1 must be a string, bytes or code object" on 4
Line #2084 in ClNH3_VBMM.f90:"      PARAMETER(    BOHR_A = .5291772083D0) "
	get_parameters: got "eval() arg 1 must be a string, bytes or code object" on 4
Line #2084 in ClNH3_VBMM.f90:"      PARAMETER(    BOHR_A = .5291772083D0) "
	get_parameters: got "eval() arg 1 must be a string, bytes or code object" on 4
Line #2084 in ClNH3_VBMM.f90:"      PARAMETER(    BOHR_A = .5291772083D0) "
	get_parameters: got "eval() arg 1 must be a string, bytes or code object" on 4
Line #2084 in ClNH3_VBMM.f90:"      PARAMETER(    BOHR_A = .5291772083D0) "
	get_parameters: got "eval() arg 1 must be a string, bytes or code object" on 4
Line #2084 in ClNH3_VBMM.f90:"      PARAMETER(    BOHR_A = .5291772083D0) "
	get_parameters: got "eval() arg 1 must be a string, bytes or code object" on 4
Line #2084 in ClNH3_VBMM.f90:"      PARAMETER(    BOHR_A = .5291772083D0) "
	get_parameters: got "eval() arg 1 must be a string, bytes or code object" on 4
Line #2084 in ClNH3_VBMM.f90:"      PARAMETER(    BOHR_A = .5291772083D0) "
	get_parameters: got "eval() arg 1 must be a string, bytes or code object" on 4
Line #2084 in ClNH3_VBMM.f90:"      PARAMETER(    BOHR_A = .5291772083D0) "
	get_parameters: got "eval() arg 1 must be a string, bytes or code object" on 4
Line #2084 in ClNH3_VBMM.f90:"      PARAMETER(    BOHR_A = .5291772083D0) "
	get_parameters: got "eval() arg 1 must be a string, bytes or code object" on 4
crackline: groupcounter=9 groupname={0: '', 1: 'module', 2: 'interface', 3: 'subroutine', 4: 'subroutine', 5: 'subroutine', 6: 'subroutine', 7: 'subroutine', 8: 'subroutine', 9: 'subroutine', 10: 'subroutine'}
crackline: Mismatch of blocks encountered. Trying to fix it by assuming "end" statement.
crackline: groupcounter=8 groupname={0: '', 1: 'module', 2: 'interface', 3: 'subroutine', 4: 'subroutine', 5: 'subroutine', 6: 'subroutine', 7: 'subroutine', 8: 'subroutine', 9: 'subroutine', 10: 'subroutine'}
crackline: Mismatch of blocks encountered. Trying to fix it by assuming "end" statement.
crackline: groupcounter=7 groupname={0: '', 1: 'module', 2: 'interface', 3: 'subroutine', 4: 'subroutine', 5: 'subroutine', 6: 'subroutine', 7: 'subroutine', 8: 'subroutine', 9: 'subroutine', 10: 'subroutine'}
crackline: Mismatch of blocks encountered. Trying to fix it by assuming "end" statement.
crackline: groupcounter=6 groupname={0: '', 1: 'module', 2: 'interface', 3: 'subroutine', 4: 'subroutine', 5: 'subroutine', 6: 'subroutine', 7: 'subroutine', 8: 'subroutine', 9: 'subroutine', 10: 'subroutine'}
crackline: Mismatch of blocks encountered. Trying to fix it by assuming "end" statement.
crackline: groupcounter=5 groupname={0: '', 1: 'module', 2: 'interface', 3: 'subroutine', 4: 'subroutine', 5: 'subroutine', 6: 'subroutine', 7: 'subroutine', 8: 'subroutine', 9: 'subroutine', 10: 'subroutine'}
crackline: Mismatch of blocks encountered. Trying to fix it by assuming "end" statement.
crackline: groupcounter=4 groupname={0: '', 1: 'module', 2: 'interface', 3: 'subroutine', 4: 'subroutine', 5: 'subroutine', 6: 'subroutine', 7: 'subroutine', 8: 'subroutine', 9: 'subroutine', 10: 'subroutine'}
crackline: Mismatch of blocks encountered. Trying to fix it by assuming "end" statement.
crackline: groupcounter=3 groupname={0: '', 1: 'module', 2: 'interface', 3: 'subroutine', 4: 'subroutine', 5: 'subroutine', 6: 'subroutine', 7: 'subroutine', 8: 'subroutine', 9: 'subroutine', 10: 'subroutine'}
crackline: Mismatch of blocks encountered. Trying to fix it by assuming "end" statement.
crackline: groupcounter=2 groupname={0: '', 1: 'module', 2: 'interface', 3: 'subroutine', 4: 'subroutine', 5: 'subroutine', 6: 'subroutine', 7: 'subroutine', 8: 'subroutine', 9: 'subroutine', 10: 'subroutine'}
crackline: Mismatch of blocks encountered. Trying to fix it by assuming "end" statement.
crackline: groupcounter=1 groupname={0: '', 1: 'module', 2: 'interface', 3: 'subroutine', 4: 'subroutine', 5: 'subroutine', 6: 'subroutine', 7: 'subroutine', 8: 'subroutine', 9: 'subroutine', 10: 'subroutine'}
crackline: Mismatch of blocks encountered. Trying to fix it by assuming "end" statement.
Post-processing...
	Block: ClNH3_VBMM
			Block: pes
			Block: pot
In: :ClNH3_VBMM:ClNH3_VBMM.f90:pot
get_parameters: got "eval() arg 1 must be a string, bytes or code object" on 4
In: :ClNH3_VBMM:ClNH3_VBMM.f90:pot
get_parameters: got "eval() arg 1 must be a string, bytes or code object" on 4
			Block: coorden
In: :ClNH3_VBMM:ClNH3_VBMM.f90:coorden
get_parameters: got "eval() arg 1 must be a string, bytes or code object" on 4
In: :ClNH3_VBMM:ClNH3_VBMM.f90:coorden
get_parameters: got "eval() arg 1 must be a string, bytes or code object" on 4
{}
In: :ClNH3_VBMM:ClNH3_VBMM.f90:refangles:oprefangles:stretch:opbend:ipbend:calcdelta
vars2fortran: No typespec for argument "i".
{}
In: :ClNH3_VBMM:ClNH3_VBMM.f90:refangles:oprefangles:stretch:opbend:ipbend:calcdelta
vars2fortran: No typespec for argument "j".
{}
In: :ClNH3_VBMM:ClNH3_VBMM.f90:refangles:oprefangles:stretch:opbend:ipbend:calcdelta
vars2fortran: No typespec for argument "k".
{}
In: :ClNH3_VBMM:ClNH3_VBMM.f90:refangles:oprefangles:stretch:opbend:ipbend:calcdelta
vars2fortran: No typespec for argument "sum2".
{}
In: :ClNH3_VBMM:ClNH3_VBMM.f90:refangles:oprefangles:stretch:opbend:ipbend:calcdelta
vars2fortran: No typespec for argument "sum4".
{}
In: :ClNH3_VBMM:ClNH3_VBMM.f90:refangles:oprefangles:stretch:opbend:ipbend
vars2fortran: No typespec for argument "vip".
{}
In: :ClNH3_VBMM:ClNH3_VBMM.f90:refangles:oprefangles:stretch:opbend
vars2fortran: No typespec for argument "vop".
{}
In: :ClNH3_VBMM:ClNH3_VBMM.f90:refangles:oprefangles:stretch
vars2fortran: No typespec for argument "vstr".
			Block: refangles
Applying post-processing hooks...
  character_backward_compatibility_hook
Post-processing (stage 2)...
Building modules...
    Building module "ClNH3_VBMM"...
    Generating possibly empty wrappers"
    Maybe empty "ClNH3_VBMM-f2pywrappers.f"
        Constructing wrapper function "pes"...
          p,g,d = pes(x,igrad)
    Generating possibly empty wrappers"
    Maybe empty "ClNH3_VBMM-f2pywrappers.f"
        Constructing wrapper function "pot"...
          pot()
    Generating possibly empty wrappers"
    Maybe empty "ClNH3_VBMM-f2pywrappers.f"
        Constructing wrapper function "coorden"...
          coorden()
    Generating possibly empty wrappers"
    Maybe empty "ClNH3_VBMM-f2pywrappers.f"
        Constructing wrapper function "refangles"...
          refangles()
		Constructing COMMON block support for "usrocm"...
		  pengygs,pengyes
		Constructing COMMON block support for "usricm"...
		  cart,anuzero
		Constructing COMMON block support for "pt1cm"...
		  r,engygs,degsdr
		Constructing COMMON block support for "pt3cm"...
		  ezero
		Constructing COMMON block support for "pt4cm"...
		  engyes,deesdr
		Constructing COMMON block support for "pt5cm"...
		  engyij,deijdr
		Constructing COMMON block support for "infocm"...
		  cartnu,indexes
		Constructing COMMON block support for "potcm"...
		  nnc,nnb,nnh
		Constructing COMMON block support for "angles"...
		  theta0,dtheta0
		Constructing COMMON block support for "bonds"...
		  rcb,rch,rbh,r0ch
		Constructing COMMON block support for "coords"...
		  tcb,tch,tbh
		Constructing COMMON block support for "delta1"...
		  fdelta,hdelta
		Constructing COMMON block support for "delta2"...
		  dfdelta,dhdelta
		Constructing COMMON block support for "force1"...
		  fk0,f1,dfdc,dfdh
		Constructing COMMON block support for "fsw1"...
		  a1s,b1s,a2s,b2s
		Constructing COMMON block support for "ip1"...
		  s1,ds1,s2,ds2
		Constructing COMMON block support for "ndx"...
		  nc,nhb,nh
		Constructing COMMON block support for "opb1"...
		  optheta0,doptheta0,ppito
		Constructing COMMON block support for "op1"...
		  s3,ds3
		Constructing COMMON block support for "qpdot_pl"...
		  q,pdot
		Constructing COMMON block support for "switch1"...
		  sphi,dsphi,stheta,dstheta
    Wrote C/API module "ClNH3_VBMM" to file "/tmp/tmpsiphaeo6/src.linux-x86_64-3.11/ClNH3_VBMMmodule.c"
    Fortran 77 wrappers are saved to "/tmp/tmpsiphaeo6/src.linux-x86_64-3.11/ClNH3_VBMM-f2pywrappers.f"
INFO:   adding '/tmp/tmpsiphaeo6/src.linux-x86_64-3.11/fortranobject.c' to sources.
INFO:   adding '/tmp/tmpsiphaeo6/src.linux-x86_64-3.11' to include_dirs.
copying /home/truhlard/shuxx055/anaconda3/envs/test/lib/python3.11/site-packages/numpy/f2py/src/fortranobject.c -> /tmp/tmpsiphaeo6/src.linux-x86_64-3.11
copying /home/truhlard/shuxx055/anaconda3/envs/test/lib/python3.11/site-packages/numpy/f2py/src/fortranobject.h -> /tmp/tmpsiphaeo6/src.linux-x86_64-3.11
INFO:   adding '/tmp/tmpsiphaeo6/src.linux-x86_64-3.11/ClNH3_VBMM-f2pywrappers.f' to sources.
INFO: build_src: building npy-pkg config files
/home/truhlard/shuxx055/anaconda3/envs/test/lib/python3.11/site-packages/setuptools/_distutils/cmd.py:66: SetuptoolsDeprecationWarning: setup.py install is deprecated.
!!

        ********************************************************************************
        Please avoid running ``setup.py`` directly.
        Instead, use pypa/build, pypa/installer or other
        standards-based tools.

        See https://blog.ganssle.io/articles/2021/10/setup-py-deprecated.html for details.
        ********************************************************************************

!!
  self.initialize_options()
running build_ext
INFO: customize UnixCCompiler
INFO: customize UnixCCompiler using build_ext
INFO: get_default_fcompiler: matching types: '['arm', 'gnu95', 'intel', 'lahey', 'pg', 'nv', 'absoft', 'nag', 'vast', 'compaq', 'intele', 'intelem', 'gnu', 'g95', 'pathf95', 'nagfor', 'fujitsu']'
INFO: customize ArmFlangCompiler
WARN: Could not locate executable armflang
INFO: customize Gnu95FCompiler
INFO: Found executable /home/truhlard/shuxx055/anaconda3/envs/test/bin/gfortran
INFO: customize Gnu95FCompiler
INFO: customize Gnu95FCompiler using build_ext
INFO: building 'ClNH3_VBMM' extension
INFO: compiling C sources
INFO: C compiler: gcc -pthread -B /home/truhlard/shuxx055/anaconda3/envs/test/compiler_compat -DNDEBUG -fwrapv -O2 -Wall -fPIC -O2 -isystem /home/truhlard/shuxx055/anaconda3/envs/test/include -fPIC -O2 -isystem /home/truhlard/shuxx055/anaconda3/envs/test/include -fPIC

creating /tmp/tmpsiphaeo6/tmp
creating /tmp/tmpsiphaeo6/tmp/tmpsiphaeo6
creating /tmp/tmpsiphaeo6/tmp/tmpsiphaeo6/src.linux-x86_64-3.11
INFO: compile options: '-DNPY_DISABLE_OPTIMIZATION=1 -I/tmp/tmpsiphaeo6/src.linux-x86_64-3.11 -I/home/truhlard/shuxx055/anaconda3/envs/test/lib/python3.11/site-packages/numpy/core/include -I/home/truhlard/shuxx055/anaconda3/envs/test/include/python3.11 -c'
INFO: gcc: /tmp/tmpsiphaeo6/src.linux-x86_64-3.11/fortranobject.c
INFO: gcc: /tmp/tmpsiphaeo6/src.linux-x86_64-3.11/ClNH3_VBMMmodule.c
INFO: compiling Fortran sources
INFO: Fortran f77 compiler: /home/truhlard/shuxx055/anaconda3/envs/test/bin/gfortran -Wall -g -ffixed-form -fno-second-underscore -fPIC -O3 -funroll-loops
Fortran f90 compiler: /home/truhlard/shuxx055/anaconda3/envs/test/bin/gfortran -fallow-argument-mismatch -std=legacy -fPIC -O3 -funroll-loops
Fortran fix compiler: /home/truhlard/shuxx055/anaconda3/envs/test/bin/gfortran -Wall -g -ffixed-form -fno-second-underscore -fallow-argument-mismatch -std=legacy -fPIC -O3 -funroll-loops
INFO: compile options: '-I/tmp/tmpsiphaeo6/src.linux-x86_64-3.11 -I/home/truhlard/shuxx055/anaconda3/envs/test/lib/python3.11/site-packages/numpy/core/include -I/home/truhlard/shuxx055/anaconda3/envs/test/include/python3.11 -c'
INFO: gfortran:fix: ClNH3_VBMM.f90
ClNH3_VBMM.f90:2452:5:

 2452 |  2001 FORMAT(6F12.8)
      |     1
Warning: Label 2001 at (1) defined but not used [-Wunused-label]
ClNH3_VBMM.f90:2470:25:

 2470 |       CHARACTER*75 REF(5)
      |                         1
Warning: Unused variable 'ref' declared at (1) [-Wunused-variable]
ClNH3_VBMM.f90:2580:72:

 2580 |                   Y = DEESDR(M1,J1)
      |                                                                        ^
Warning: 'j1' may be used uninitialized [-Wmaybe-uninitialized]
ClNH3_VBMM.f90:2551:20:

 2551 |                DO J1=KSDIAG,KEDIAG
      |                    ^
note: 'j1' was declared here
INFO: gfortran:f77: /tmp/tmpsiphaeo6/src.linux-x86_64-3.11/ClNH3_VBMM-f2pywrappers.f
INFO: /home/truhlard/shuxx055/anaconda3/envs/test/bin/gfortran -Wall -g -Wall -g -shared /tmp/tmpsiphaeo6/tmp/tmpsiphaeo6/src.linux-x86_64-3.11/ClNH3_VBMMmodule.o /tmp/tmpsiphaeo6/tmp/tmpsiphaeo6/src.linux-x86_64-3.11/fortranobject.o /tmp/tmpsiphaeo6/ClNH3_VBMM.o /tmp/tmpsiphaeo6/tmp/tmpsiphaeo6/src.linux-x86_64-3.11/ClNH3_VBMM-f2pywrappers.o -L/panfs/jay/groups/16/truhlard/shuxx055/anaconda3/envs/test/bin/../lib/gcc/x86_64-conda-linux-gnu/13.1.0/../../../../x86_64-conda-linux-gnu/lib/../lib -L/panfs/jay/groups/16/truhlard/shuxx055/anaconda3/envs/test/bin/../lib/gcc/x86_64-conda-linux-gnu/13.1.0/../../../../x86_64-conda-linux-gnu/lib/../lib -lmkl_intel_lp64 -lmkl_sequential -lmkl_core -lgfortran -o ./ClNH3_VBMM.cpython-311-x86_64-linux-gnu.so
Removing build directory /tmp/tmpsiphaeo6
