running build
running config_cc
INFO: unifing config_cc, config, build_clib, build_ext, build commands --compiler options
running config_fc
INFO: unifing config_fc, config, build_clib, build_ext, build commands --fcompiler options
running build_src
INFO: build_src
INFO: building extension "H2OBr_PIP" sources
INFO: f2py options: []
INFO: f2py:> /tmp/tmp8ypz0q0d/src.linux-x86_64-3.11/H2OBr_PIPmodule.c
creating /tmp/tmp8ypz0q0d/src.linux-x86_64-3.11
Reading fortran codes...
	Reading file 'H2OBr_PIP.f90' (format:free)
Post-processing...
	Block: H2OBr_PIP
			Block: pes
			Block: prepot
In: :H2OBr_PIP:H2OBr_PIP.f90:prepot
get_parameters: got "eval() arg 1 must be a string, bytes or code object" on 8
			Block: potder
In: :H2OBr_PIP:H2OBr_PIP.f90:potder
get_parameters: got "eval() arg 1 must be a string, bytes or code object" on 8
			Block: emsav
In: :H2OBr_PIP:H2OBr_PIP.f90:emsav
get_parameters: got "eval() arg 1 must be a string, bytes or code object" on 8
			Block: bemsav
In: :H2OBr_PIP:H2OBr_PIP.f90:bemsav
get_parameters: got "eval() arg 1 must be a string, bytes or code object" on 8
			Block: evmono
In: :H2OBr_PIP:H2OBr_PIP.f90:evmono
get_parameters: got "eval() arg 1 must be a string, bytes or code object" on 8
			Block: evpoly
In: :H2OBr_PIP:H2OBr_PIP.f90:evpoly
get_parameters: got "eval() arg 1 must be a string, bytes or code object" on 8
Applying post-processing hooks...
  character_backward_compatibility_hook
Post-processing (stage 2)...
Building modules...
    Building module "H2OBr_PIP"...
    Generating possibly empty wrappers"
    Maybe empty "H2OBr_PIP-f2pywrappers.f"
        Constructing wrapper function "pes"...
          p,g,d = pes(x,igrad)
    Generating possibly empty wrappers"
    Maybe empty "H2OBr_PIP-f2pywrappers.f"
        Constructing wrapper function "prepot"...
          prepot()
    Generating possibly empty wrappers"
    Maybe empty "H2OBr_PIP-f2pywrappers.f"
        Constructing wrapper function "pot"...
          pot(xyz,v)
    Generating possibly empty wrappers"
    Maybe empty "H2OBr_PIP-f2pywrappers.f"
        Constructing wrapper function "potder"...
          dxyz = potder(xyz)
    Generating possibly empty wrappers"
    Maybe empty "H2OBr_PIP-f2pywrappers.f"
		Creating wrapper for Fortran function "emsav"("emsav")...
        Constructing wrapper function "emsav"...
          v = emsav(x,c)
    Generating possibly empty wrappers"
    Maybe empty "H2OBr_PIP-f2pywrappers.f"
        Constructing wrapper function "bemsav"...
          p = bemsav(x)
    Generating possibly empty wrappers"
    Maybe empty "H2OBr_PIP-f2pywrappers.f"
        Constructing wrapper function "evmono"...
          m = evmono(x)
    Generating possibly empty wrappers"
    Maybe empty "H2OBr_PIP-f2pywrappers.f"
        Constructing wrapper function "evpoly"...
          p = evpoly(m)
    Wrote C/API module "H2OBr_PIP" to file "/tmp/tmp8ypz0q0d/src.linux-x86_64-3.11/H2OBr_PIPmodule.c"
    Fortran 77 wrappers are saved to "/tmp/tmp8ypz0q0d/src.linux-x86_64-3.11/H2OBr_PIP-f2pywrappers.f"
INFO:   adding '/tmp/tmp8ypz0q0d/src.linux-x86_64-3.11/fortranobject.c' to sources.
INFO:   adding '/tmp/tmp8ypz0q0d/src.linux-x86_64-3.11' to include_dirs.
copying /home/truhlard/shuxx055/anaconda3/envs/test/lib/python3.11/site-packages/numpy/f2py/src/fortranobject.c -> /tmp/tmp8ypz0q0d/src.linux-x86_64-3.11
copying /home/truhlard/shuxx055/anaconda3/envs/test/lib/python3.11/site-packages/numpy/f2py/src/fortranobject.h -> /tmp/tmp8ypz0q0d/src.linux-x86_64-3.11
INFO:   adding '/tmp/tmp8ypz0q0d/src.linux-x86_64-3.11/H2OBr_PIP-f2pywrappers.f' to sources.
INFO: build_src: building npy-pkg config files
/home/truhlard/shuxx055/anaconda3/envs/test/lib/python3.11/site-packages/setuptools/_distutils/cmd.py:66: SetuptoolsDeprecationWarning: setup.py install is deprecated.
!!

        ********************************************************************************
        Please avoid running ``setup.py`` directly.
        Instead, use pypa/build, pypa/installer or other
        standards-based tools.

        See https://blog.ganssle.io/articles/2021/10/setup-py-deprecated.html for details.
        ********************************************************************************

!!
  self.initialize_options()
running build_ext
INFO: customize UnixCCompiler
INFO: customize UnixCCompiler using build_ext
INFO: get_default_fcompiler: matching types: '['arm', 'gnu95', 'intel', 'lahey', 'pg', 'nv', 'absoft', 'nag', 'vast', 'compaq', 'intele', 'intelem', 'gnu', 'g95', 'pathf95', 'nagfor', 'fujitsu']'
INFO: customize ArmFlangCompiler
WARN: Could not locate executable armflang
INFO: customize Gnu95FCompiler
INFO: Found executable /home/truhlard/shuxx055/anaconda3/envs/test/bin/gfortran
INFO: customize Gnu95FCompiler
INFO: customize Gnu95FCompiler using build_ext
INFO: building 'H2OBr_PIP' extension
INFO: compiling C sources
INFO: C compiler: gcc -pthread -B /home/truhlard/shuxx055/anaconda3/envs/test/compiler_compat -DNDEBUG -fwrapv -O2 -Wall -fPIC -O2 -isystem /home/truhlard/shuxx055/anaconda3/envs/test/include -fPIC -O2 -isystem /home/truhlard/shuxx055/anaconda3/envs/test/include -fPIC

creating /tmp/tmp8ypz0q0d/tmp
creating /tmp/tmp8ypz0q0d/tmp/tmp8ypz0q0d
creating /tmp/tmp8ypz0q0d/tmp/tmp8ypz0q0d/src.linux-x86_64-3.11
INFO: compile options: '-DNPY_DISABLE_OPTIMIZATION=1 -I/tmp/tmp8ypz0q0d/src.linux-x86_64-3.11 -I/home/truhlard/shuxx055/anaconda3/envs/test/lib/python3.11/site-packages/numpy/core/include -I/home/truhlard/shuxx055/anaconda3/envs/test/include/python3.11 -c'
INFO: gcc: /tmp/tmp8ypz0q0d/src.linux-x86_64-3.11/fortranobject.c
INFO: gcc: /tmp/tmp8ypz0q0d/src.linux-x86_64-3.11/H2OBr_PIPmodule.c
INFO: compiling Fortran sources
INFO: Fortran f77 compiler: /home/truhlard/shuxx055/anaconda3/envs/test/bin/gfortran -Wall -g -ffixed-form -fno-second-underscore -fPIC -O3 -funroll-loops
Fortran f90 compiler: /home/truhlard/shuxx055/anaconda3/envs/test/bin/gfortran -fallow-argument-mismatch -std=legacy -fPIC -O3 -funroll-loops
Fortran fix compiler: /home/truhlard/shuxx055/anaconda3/envs/test/bin/gfortran -Wall -g -ffixed-form -fno-second-underscore -fallow-argument-mismatch -std=legacy -fPIC -O3 -funroll-loops
INFO: compile options: '-I/tmp/tmp8ypz0q0d/src.linux-x86_64-3.11 -I/home/truhlard/shuxx055/anaconda3/envs/test/lib/python3.11/site-packages/numpy/core/include -I/home/truhlard/shuxx055/anaconda3/envs/test/include/python3.11 -c'
INFO: gfortran:f90: H2OBr_PIP.f90
INFO: gfortran:f77: /tmp/tmp8ypz0q0d/src.linux-x86_64-3.11/H2OBr_PIP-f2pywrappers.f
INFO: /home/truhlard/shuxx055/anaconda3/envs/test/bin/gfortran -Wall -g -Wall -g -shared /tmp/tmp8ypz0q0d/tmp/tmp8ypz0q0d/src.linux-x86_64-3.11/H2OBr_PIPmodule.o /tmp/tmp8ypz0q0d/tmp/tmp8ypz0q0d/src.linux-x86_64-3.11/fortranobject.o /tmp/tmp8ypz0q0d/H2OBr_PIP.o /tmp/tmp8ypz0q0d/tmp/tmp8ypz0q0d/src.linux-x86_64-3.11/H2OBr_PIP-f2pywrappers.o -L/panfs/jay/groups/16/truhlard/shuxx055/anaconda3/envs/test/bin/../lib/gcc/x86_64-conda-linux-gnu/13.1.0/../../../../x86_64-conda-linux-gnu/lib/../lib -L/panfs/jay/groups/16/truhlard/shuxx055/anaconda3/envs/test/bin/../lib/gcc/x86_64-conda-linux-gnu/13.1.0/../../../../x86_64-conda-linux-gnu/lib/../lib -lmkl_intel_lp64 -lmkl_sequential -lmkl_core -lgfortran -o ./H2OBr_PIP.cpython-311-x86_64-linux-gnu.so
Removing build directory /tmp/tmp8ypz0q0d
