running build
running config_cc
INFO: unifing config_cc, config, build_clib, build_ext, build commands --compiler options
running config_fc
INFO: unifing config_fc, config, build_clib, build_ext, build commands --fcompiler options
running build_src
INFO: build_src
INFO: building extension "NH3CN_VBMM" sources
INFO: f2py options: []
INFO: f2py:> /tmp/tmpeh7112ne/src.linux-x86_64-3.11/NH3CN_VBMMmodule.c
creating /tmp/tmpeh7112ne/src.linux-x86_64-3.11
rmbadname1: Replacing "switch" with "switch_bn".
analyzeline: Failed to evaluate '4.0d0*pi*1.0d-07'. Ignoring: invalid decimal literal (<string>, line 1)
analyzeline: Failed to evaluate '1.0d0/(cmu_0*clight**2)'. Ignoring: invalid decimal literal (<string>, line 1)
Reading fortran codes...
	Reading file 'NH3CN_VBMM.f' (format:fix,strict)
Line #29 in NH3CN_VBMM.f:"      PARAMETER (JSURF=INT(ISURF*(ISURF+1)/2))"
	determineexprtype: could not determine expressions ('int') type.
Line #29 in NH3CN_VBMM.f:"      PARAMETER (JSURF=INT(ISURF*(ISURF+1)/2))"
	determineexprtype: could not determine expressions ('int(isurf*(isurf+1)/2)') type.
Line #97 in NH3CN_VBMM.f:"      PARAMETER (PI = 3.141592653589793D0)"
	get_parameters: got "eval() arg 1 must be a string, bytes or code object" on 4
Line #99 in NH3CN_VBMM.f:"      PARAMETER (NATOM = 25)"
	get_parameters: got "eval() arg 1 must be a string, bytes or code object" on 4
Line #99 in NH3CN_VBMM.f:"      PARAMETER (NATOM = 25)"
	get_parameters: got "eval() arg 1 must be a string, bytes or code object" on 4
Line #240 in NH3CN_VBMM.f:"      PARAMETER (PI = 3.141592653589793D0)"
	get_parameters: got "eval() arg 1 must be a string, bytes or code object" on 4
Line #242 in NH3CN_VBMM.f:"      PARAMETER (NATOM = 25)"
	get_parameters: got "eval() arg 1 must be a string, bytes or code object" on 4
Line #242 in NH3CN_VBMM.f:"      PARAMETER (NATOM = 25)"
	get_parameters: got "eval() arg 1 must be a string, bytes or code object" on 4
Line #355 in NH3CN_VBMM.f:"      PARAMETER (PI = 3.141592653589793D0)"
	get_parameters: got "eval() arg 1 must be a string, bytes or code object" on 4
Line #357 in NH3CN_VBMM.f:"      PARAMETER (NATOM = 25)"
	get_parameters: got "eval() arg 1 must be a string, bytes or code object" on 4
Line #357 in NH3CN_VBMM.f:"      PARAMETER (NATOM = 25)"
	get_parameters: got "eval() arg 1 must be a string, bytes or code object" on 4
Line #478 in NH3CN_VBMM.f:"      PARAMETER (PI = 3.141592653589793D0)"
	get_parameters: got "eval() arg 1 must be a string, bytes or code object" on 4
Line #480 in NH3CN_VBMM.f:"      PARAMETER (NATOM = 25)"
	get_parameters: got "eval() arg 1 must be a string, bytes or code object" on 4
Line #480 in NH3CN_VBMM.f:"      PARAMETER (NATOM = 25)"
	get_parameters: got "eval() arg 1 must be a string, bytes or code object" on 4
Line #634 in NH3CN_VBMM.f:"      PARAMETER (PI = 3.141592653589793D0)"
	get_parameters: got "eval() arg 1 must be a string, bytes or code object" on 4
Line #636 in NH3CN_VBMM.f:"      PARAMETER (NATOM = 25)"
	get_parameters: got "eval() arg 1 must be a string, bytes or code object" on 4
Line #636 in NH3CN_VBMM.f:"      PARAMETER (NATOM = 25)"
	get_parameters: got "eval() arg 1 must be a string, bytes or code object" on 4
Line #861 in NH3CN_VBMM.f:"      PARAMETER (PI = 3.141592653589793D0)"
	get_parameters: got "eval() arg 1 must be a string, bytes or code object" on 4
Line #863 in NH3CN_VBMM.f:"      PARAMETER (NATOM = 25)"
	get_parameters: got "eval() arg 1 must be a string, bytes or code object" on 4
Line #863 in NH3CN_VBMM.f:"      PARAMETER (NATOM = 25)"
	get_parameters: got "eval() arg 1 must be a string, bytes or code object" on 4
Line #1019 in NH3CN_VBMM.f:"      PARAMETER (PI = 3.141592653589793D0)"
	get_parameters: got "eval() arg 1 must be a string, bytes or code object" on 4
Line #1021 in NH3CN_VBMM.f:"      PARAMETER (NATOM = 25)"
	get_parameters: got "eval() arg 1 must be a string, bytes or code object" on 4
Line #1021 in NH3CN_VBMM.f:"      PARAMETER (NATOM = 25)"
	get_parameters: got "eval() arg 1 must be a string, bytes or code object" on 4
Line #1187 in NH3CN_VBMM.f:"      PARAMETER (PI = 3.141592653589793D0)"
	get_parameters: got "eval() arg 1 must be a string, bytes or code object" on 4
Line #1189 in NH3CN_VBMM.f:"      PARAMETER (NATOM = 25)"
	get_parameters: got "eval() arg 1 must be a string, bytes or code object" on 4
Line #1189 in NH3CN_VBMM.f:"      PARAMETER (NATOM = 25)"
	get_parameters: got "eval() arg 1 must be a string, bytes or code object" on 4
Line #1440 in NH3CN_VBMM.f:"      PARAMETER (PI = 3.141592653589793D0)"
	get_parameters: got "eval() arg 1 must be a string, bytes or code object" on 4
Line #1442 in NH3CN_VBMM.f:"      PARAMETER (NATOM = 25)"
	get_parameters: got "eval() arg 1 must be a string, bytes or code object" on 4
Line #1442 in NH3CN_VBMM.f:"      PARAMETER (NATOM = 25)"
	get_parameters: got "eval() arg 1 must be a string, bytes or code object" on 4
Line #1546 in NH3CN_VBMM.f:"      PARAMETER (PI = 3.141592653589793D0)"
	get_parameters: got "eval() arg 1 must be a string, bytes or code object" on 4
Line #1548 in NH3CN_VBMM.f:"      PARAMETER (NATOM = 25)"
	get_parameters: got "eval() arg 1 must be a string, bytes or code object" on 4
Line #1548 in NH3CN_VBMM.f:"      PARAMETER (NATOM = 25)"
	get_parameters: got "eval() arg 1 must be a string, bytes or code object" on 4
Line #1681 in NH3CN_VBMM.f:"      PARAMETER (PI = 3.141592653589793D0)"
	get_parameters: got "eval() arg 1 must be a string, bytes or code object" on 4
Line #1683 in NH3CN_VBMM.f:"      PARAMETER (NATOM = 25)"
	get_parameters: got "eval() arg 1 must be a string, bytes or code object" on 4
Line #1683 in NH3CN_VBMM.f:"      PARAMETER (NATOM = 25)"
	get_parameters: got "eval() arg 1 must be a string, bytes or code object" on 4
Line #1830 in NH3CN_VBMM.f:"      PARAMETER (PI = 3.141592653589793D0)"
	get_parameters: got "eval() arg 1 must be a string, bytes or code object" on 4
Line #1831 in NH3CN_VBMM.f:"      PARAMETER (NATOM = 25)"
	get_parameters: got "eval() arg 1 must be a string, bytes or code object" on 4
Line #1831 in NH3CN_VBMM.f:"      PARAMETER (NATOM = 25)"
	get_parameters: got "eval() arg 1 must be a string, bytes or code object" on 4
Line #1833 in NH3CN_VBMM.f:"      PARAMETER (N3TMMN = 18)"
	get_parameters: got "eval() arg 1 must be a string, bytes or code object" on 4
Line #1833 in NH3CN_VBMM.f:"      PARAMETER (N3TMMN = 18)"
	get_parameters: got "eval() arg 1 must be a string, bytes or code object" on 4
Line #1942 in NH3CN_VBMM.f:"      PARAMETER (PI = 3.141592653589793D0)"
	get_parameters: got "eval() arg 1 must be a string, bytes or code object" on 4
Line #1944 in NH3CN_VBMM.f:"      PARAMETER (NATOM = 25)"
	get_parameters: got "eval() arg 1 must be a string, bytes or code object" on 4
Line #1944 in NH3CN_VBMM.f:"      PARAMETER (NATOM = 25)"
	get_parameters: got "eval() arg 1 must be a string, bytes or code object" on 4
Line #2058 in NH3CN_VBMM.f:"      PARAMETER (PI = 3.141592653589793D0)"
	get_parameters: got "eval() arg 1 must be a string, bytes or code object" on 4
Line #2228 in NH3CN_VBMM.f:"      PARAMETER(        PI = 3.141592653589793D0)"
	get_parameters: got "eval() arg 1 must be a string, bytes or code object" on 4
Line #2229 in NH3CN_VBMM.f:"      PARAMETER(    CLIGHT = 2.99792458D08)"
	get_parameters: got "eval() arg 1 must be a string, bytes or code object" on 4
Line #2229 in NH3CN_VBMM.f:"      PARAMETER(    CLIGHT = 2.99792458D08)"
	get_parameters: got "eval() arg 1 must be a string, bytes or code object" on 4
Line #2230 in NH3CN_VBMM.f:"      PARAMETER(     CMU_0 = 4.0D0*PI*1.0D-07)"
	get_parameters: got "eval() arg 1 must be a string, bytes or code object" on 4
Line #2230 in NH3CN_VBMM.f:"      PARAMETER(     CMU_0 = 4.0D0*PI*1.0D-07)"
	get_parameters: got "eval() arg 1 must be a string, bytes or code object" on 4
Line #2230 in NH3CN_VBMM.f:"      PARAMETER(     CMU_0 = 4.0D0*PI*1.0D-07)"
	get_parameters: got "eval() arg 1 must be a string, bytes or code object" on 4
Line #2231 in NH3CN_VBMM.f:"      PARAMETER(CEPSILON_0 = 1.0D0/(CMU_0*CLIGHT**2))"
	get_parameters: got "eval() arg 1 must be a string, bytes or code object" on 4
Line #2231 in NH3CN_VBMM.f:"      PARAMETER(CEPSILON_0 = 1.0D0/(CMU_0*CLIGHT**2))"
	get_parameters: got "eval() arg 1 must be a string, bytes or code object" on 4
Line #2231 in NH3CN_VBMM.f:"      PARAMETER(CEPSILON_0 = 1.0D0/(CMU_0*CLIGHT**2))"
	get_parameters: got "eval() arg 1 must be a string, bytes or code object" on 4
Line #2231 in NH3CN_VBMM.f:"      PARAMETER(CEPSILON_0 = 1.0D0/(CMU_0*CLIGHT**2))"
	determineexprtype: could not determine expressions ('1.0d0/(cmu_0*clight**2)') type.
Line #2232 in NH3CN_VBMM.f:"      PARAMETER(        CE = 1.602176462D-19)"
	get_parameters: got "eval() arg 1 must be a string, bytes or code object" on 4
Line #2232 in NH3CN_VBMM.f:"      PARAMETER(        CE = 1.602176462D-19)"
	get_parameters: got "eval() arg 1 must be a string, bytes or code object" on 4
Line #2232 in NH3CN_VBMM.f:"      PARAMETER(        CE = 1.602176462D-19)"
	get_parameters: got "eval() arg 1 must be a string, bytes or code object" on 4
Line #2233 in NH3CN_VBMM.f:"      PARAMETER(   CPLANCK = 6.62606876D-34)"
	get_parameters: got "eval() arg 1 must be a string, bytes or code object" on 4
Line #2233 in NH3CN_VBMM.f:"      PARAMETER(   CPLANCK = 6.62606876D-34)"
	get_parameters: got "eval() arg 1 must be a string, bytes or code object" on 4
Line #2233 in NH3CN_VBMM.f:"      PARAMETER(   CPLANCK = 6.62606876D-34)"
	get_parameters: got "eval() arg 1 must be a string, bytes or code object" on 4
Line #2233 in NH3CN_VBMM.f:"      PARAMETER(   CPLANCK = 6.62606876D-34)"
	get_parameters: got "eval() arg 1 must be a string, bytes or code object" on 4
Line #2234 in NH3CN_VBMM.f:"      PARAMETER(      CM_E = 9.10938188D-31)"
	get_parameters: got "eval() arg 1 must be a string, bytes or code object" on 4
Line #2234 in NH3CN_VBMM.f:"      PARAMETER(      CM_E = 9.10938188D-31)"
	get_parameters: got "eval() arg 1 must be a string, bytes or code object" on 4
Line #2234 in NH3CN_VBMM.f:"      PARAMETER(      CM_E = 9.10938188D-31)"
	get_parameters: got "eval() arg 1 must be a string, bytes or code object" on 4
Line #2234 in NH3CN_VBMM.f:"      PARAMETER(      CM_E = 9.10938188D-31)"
	get_parameters: got "eval() arg 1 must be a string, bytes or code object" on 4
Line #2234 in NH3CN_VBMM.f:"      PARAMETER(      CM_E = 9.10938188D-31)"
	get_parameters: got "eval() arg 1 must be a string, bytes or code object" on 4
Line #2235 in NH3CN_VBMM.f:"      PARAMETER(      CANG = 1.0D-10)"
	get_parameters: got "eval() arg 1 must be a string, bytes or code object" on 4
Line #2235 in NH3CN_VBMM.f:"      PARAMETER(      CANG = 1.0D-10)"
	get_parameters: got "eval() arg 1 must be a string, bytes or code object" on 4
Line #2235 in NH3CN_VBMM.f:"      PARAMETER(      CANG = 1.0D-10)"
	get_parameters: got "eval() arg 1 must be a string, bytes or code object" on 4
Line #2235 in NH3CN_VBMM.f:"      PARAMETER(      CANG = 1.0D-10)"
	get_parameters: got "eval() arg 1 must be a string, bytes or code object" on 4
Line #2235 in NH3CN_VBMM.f:"      PARAMETER(      CANG = 1.0D-10)"
	get_parameters: got "eval() arg 1 must be a string, bytes or code object" on 4
Line #2235 in NH3CN_VBMM.f:"      PARAMETER(      CANG = 1.0D-10)"
	get_parameters: got "eval() arg 1 must be a string, bytes or code object" on 4
Line #2236 in NH3CN_VBMM.f:"      PARAMETER( CAVOGADRO = 6.02214199D23)"
	get_parameters: got "eval() arg 1 must be a string, bytes or code object" on 4
Line #2236 in NH3CN_VBMM.f:"      PARAMETER( CAVOGADRO = 6.02214199D23)"
	get_parameters: got "eval() arg 1 must be a string, bytes or code object" on 4
Line #2236 in NH3CN_VBMM.f:"      PARAMETER( CAVOGADRO = 6.02214199D23)"
	get_parameters: got "eval() arg 1 must be a string, bytes or code object" on 4
Line #2236 in NH3CN_VBMM.f:"      PARAMETER( CAVOGADRO = 6.02214199D23)"
	get_parameters: got "eval() arg 1 must be a string, bytes or code object" on 4
Line #2236 in NH3CN_VBMM.f:"      PARAMETER( CAVOGADRO = 6.02214199D23)"
	get_parameters: got "eval() arg 1 must be a string, bytes or code object" on 4
Line #2236 in NH3CN_VBMM.f:"      PARAMETER( CAVOGADRO = 6.02214199D23)"
	get_parameters: got "eval() arg 1 must be a string, bytes or code object" on 4
Line #2236 in NH3CN_VBMM.f:"      PARAMETER( CAVOGADRO = 6.02214199D23)"
	get_parameters: got "eval() arg 1 must be a string, bytes or code object" on 4
Line #2237 in NH3CN_VBMM.f:"      PARAMETER(     CKCAL = 4.184D10)"
	get_parameters: got "eval() arg 1 must be a string, bytes or code object" on 4
Line #2237 in NH3CN_VBMM.f:"      PARAMETER(     CKCAL = 4.184D10)"
	get_parameters: got "eval() arg 1 must be a string, bytes or code object" on 4
Line #2237 in NH3CN_VBMM.f:"      PARAMETER(     CKCAL = 4.184D10)"
	get_parameters: got "eval() arg 1 must be a string, bytes or code object" on 4
Line #2237 in NH3CN_VBMM.f:"      PARAMETER(     CKCAL = 4.184D10)"
	get_parameters: got "eval() arg 1 must be a string, bytes or code object" on 4
Line #2237 in NH3CN_VBMM.f:"      PARAMETER(     CKCAL = 4.184D10)"
	get_parameters: got "eval() arg 1 must be a string, bytes or code object" on 4
Line #2237 in NH3CN_VBMM.f:"      PARAMETER(     CKCAL = 4.184D10)"
	get_parameters: got "eval() arg 1 must be a string, bytes or code object" on 4
Line #2237 in NH3CN_VBMM.f:"      PARAMETER(     CKCAL = 4.184D10)"
	get_parameters: got "eval() arg 1 must be a string, bytes or code object" on 4
Line #2237 in NH3CN_VBMM.f:"      PARAMETER(     CKCAL = 4.184D10)"
	get_parameters: got "eval() arg 1 must be a string, bytes or code object" on 4
Line #2238 in NH3CN_VBMM.f:"      PARAMETER(  HTOMILLH = 1000.D0)"
	get_parameters: got "eval() arg 1 must be a string, bytes or code object" on 4
Line #2238 in NH3CN_VBMM.f:"      PARAMETER(  HTOMILLH = 1000.D0)"
	get_parameters: got "eval() arg 1 must be a string, bytes or code object" on 4
Line #2238 in NH3CN_VBMM.f:"      PARAMETER(  HTOMILLH = 1000.D0)"
	get_parameters: got "eval() arg 1 must be a string, bytes or code object" on 4
Line #2238 in NH3CN_VBMM.f:"      PARAMETER(  HTOMILLH = 1000.D0)"
	get_parameters: got "eval() arg 1 must be a string, bytes or code object" on 4
Line #2238 in NH3CN_VBMM.f:"      PARAMETER(  HTOMILLH = 1000.D0)"
	get_parameters: got "eval() arg 1 must be a string, bytes or code object" on 4
Line #2238 in NH3CN_VBMM.f:"      PARAMETER(  HTOMILLH = 1000.D0)"
	get_parameters: got "eval() arg 1 must be a string, bytes or code object" on 4
Line #2238 in NH3CN_VBMM.f:"      PARAMETER(  HTOMILLH = 1000.D0)"
	get_parameters: got "eval() arg 1 must be a string, bytes or code object" on 4
Line #2238 in NH3CN_VBMM.f:"      PARAMETER(  HTOMILLH = 1000.D0)"
	get_parameters: got "eval() arg 1 must be a string, bytes or code object" on 4
Line #2238 in NH3CN_VBMM.f:"      PARAMETER(  HTOMILLH = 1000.D0)"
	get_parameters: got "eval() arg 1 must be a string, bytes or code object" on 4
Line #2239 in NH3CN_VBMM.f:"      PARAMETER(     HTOEV = 27.2113834D0)"
	get_parameters: got "eval() arg 1 must be a string, bytes or code object" on 4
Line #2239 in NH3CN_VBMM.f:"      PARAMETER(     HTOEV = 27.2113834D0)"
	get_parameters: got "eval() arg 1 must be a string, bytes or code object" on 4
Line #2239 in NH3CN_VBMM.f:"      PARAMETER(     HTOEV = 27.2113834D0)"
	get_parameters: got "eval() arg 1 must be a string, bytes or code object" on 4
Line #2239 in NH3CN_VBMM.f:"      PARAMETER(     HTOEV = 27.2113834D0)"
	get_parameters: got "eval() arg 1 must be a string, bytes or code object" on 4
Line #2239 in NH3CN_VBMM.f:"      PARAMETER(     HTOEV = 27.2113834D0)"
	get_parameters: got "eval() arg 1 must be a string, bytes or code object" on 4
Line #2239 in NH3CN_VBMM.f:"      PARAMETER(     HTOEV = 27.2113834D0)"
	get_parameters: got "eval() arg 1 must be a string, bytes or code object" on 4
Line #2239 in NH3CN_VBMM.f:"      PARAMETER(     HTOEV = 27.2113834D0)"
	get_parameters: got "eval() arg 1 must be a string, bytes or code object" on 4
Line #2239 in NH3CN_VBMM.f:"      PARAMETER(     HTOEV = 27.2113834D0)"
	get_parameters: got "eval() arg 1 must be a string, bytes or code object" on 4
Line #2239 in NH3CN_VBMM.f:"      PARAMETER(     HTOEV = 27.2113834D0)"
	get_parameters: got "eval() arg 1 must be a string, bytes or code object" on 4
Line #2239 in NH3CN_VBMM.f:"      PARAMETER(     HTOEV = 27.2113834D0)"
	get_parameters: got "eval() arg 1 must be a string, bytes or code object" on 4
Line #2240 in NH3CN_VBMM.f:"      PARAMETER(   HTOKCAL = 627.509470D0)"
	get_parameters: got "eval() arg 1 must be a string, bytes or code object" on 4
Line #2240 in NH3CN_VBMM.f:"      PARAMETER(   HTOKCAL = 627.509470D0)"
	get_parameters: got "eval() arg 1 must be a string, bytes or code object" on 4
Line #2240 in NH3CN_VBMM.f:"      PARAMETER(   HTOKCAL = 627.509470D0)"
	get_parameters: got "eval() arg 1 must be a string, bytes or code object" on 4
Line #2240 in NH3CN_VBMM.f:"      PARAMETER(   HTOKCAL = 627.509470D0)"
	getstrlength: expected a signature of a string but got: {'typespec': 'character', 'charselector': {'*': '75'}, 'attrspec': [], 'dimension': ['5']}
get_parameters: got "eval() arg 1 must be a string, bytes or code object" on 4
Line #2240 in NH3CN_VBMM.f:"      PARAMETER(   HTOKCAL = 627.509470D0)"
	get_parameters: got "eval() arg 1 must be a string, bytes or code object" on 4
Line #2240 in NH3CN_VBMM.f:"      PARAMETER(   HTOKCAL = 627.509470D0)"
	get_parameters: got "eval() arg 1 must be a string, bytes or code object" on 4
Line #2240 in NH3CN_VBMM.f:"      PARAMETER(   HTOKCAL = 627.509470D0)"
	get_parameters: got "eval() arg 1 must be a string, bytes or code object" on 4
Line #2240 in NH3CN_VBMM.f:"      PARAMETER(   HTOKCAL = 627.509470D0)"
	get_parameters: got "eval() arg 1 must be a string, bytes or code object" on 4
Line #2240 in NH3CN_VBMM.f:"      PARAMETER(   HTOKCAL = 627.509470D0)"
	get_parameters: got "eval() arg 1 must be a string, bytes or code object" on 4
Line #2240 in NH3CN_VBMM.f:"      PARAMETER(   HTOKCAL = 627.509470D0)"
	get_parameters: got "eval() arg 1 must be a string, bytes or code object" on 4
Line #2240 in NH3CN_VBMM.f:"      PARAMETER(   HTOKCAL = 627.509470D0)"
	get_parameters: got "eval() arg 1 must be a string, bytes or code object" on 4
Line #2241 in NH3CN_VBMM.f:"      PARAMETER(   HTOWAVE = 219474.631D0)"
	get_parameters: got "eval() arg 1 must be a string, bytes or code object" on 4
Line #2241 in NH3CN_VBMM.f:"      PARAMETER(   HTOWAVE = 219474.631D0)"
	get_parameters: got "eval() arg 1 must be a string, bytes or code object" on 4
Line #2241 in NH3CN_VBMM.f:"      PARAMETER(   HTOWAVE = 219474.631D0)"
	get_parameters: got "eval() arg 1 must be a string, bytes or code object" on 4
Line #2241 in NH3CN_VBMM.f:"      PARAMETER(   HTOWAVE = 219474.631D0)"
	get_parameters: got "eval() arg 1 must be a string, bytes or code object" on 4
Line #2241 in NH3CN_VBMM.f:"      PARAMETER(   HTOWAVE = 219474.631D0)"
	get_parameters: got "eval() arg 1 must be a string, bytes or code object" on 4
Line #2241 in NH3CN_VBMM.f:"      PARAMETER(   HTOWAVE = 219474.631D0)"
	get_parameters: got "eval() arg 1 must be a string, bytes or code object" on 4
Line #2241 in NH3CN_VBMM.f:"      PARAMETER(   HTOWAVE = 219474.631D0)"
	get_parameters: got "eval() arg 1 must be a string, bytes or code object" on 4
Line #2241 in NH3CN_VBMM.f:"      PARAMETER(   HTOWAVE = 219474.631D0)"
	get_parameters: got "eval() arg 1 must be a string, bytes or code object" on 4
Line #2241 in NH3CN_VBMM.f:"      PARAMETER(   HTOWAVE = 219474.631D0)"
	get_parameters: got "eval() arg 1 must be a string, bytes or code object" on 4
Line #2241 in NH3CN_VBMM.f:"      PARAMETER(   HTOWAVE = 219474.631D0)"
	get_parameters: got "eval() arg 1 must be a string, bytes or code object" on 4
Line #2241 in NH3CN_VBMM.f:"      PARAMETER(   HTOWAVE = 219474.631D0)"
	get_parameters: got "eval() arg 1 must be a string, bytes or code object" on 4
Line #2241 in NH3CN_VBMM.f:"      PARAMETER(   HTOWAVE = 219474.631D0)"
	get_parameters: got "eval() arg 1 must be a string, bytes or code object" on 4
Line #2242 in NH3CN_VBMM.f:"      PARAMETER(     HTOKJ = 2625.49962D0)"
	get_parameters: got "eval() arg 1 must be a string, bytes or code object" on 4
Line #2242 in NH3CN_VBMM.f:"      PARAMETER(     HTOKJ = 2625.49962D0)"
	get_parameters: got "eval() arg 1 must be a string, bytes or code object" on 4
Line #2242 in NH3CN_VBMM.f:"      PARAMETER(     HTOKJ = 2625.49962D0)"
	get_parameters: got "eval() arg 1 must be a string, bytes or code object" on 4
Line #2242 in NH3CN_VBMM.f:"      PARAMETER(     HTOKJ = 2625.49962D0)"
	get_parameters: got "eval() arg 1 must be a string, bytes or code object" on 4
Line #2242 in NH3CN_VBMM.f:"      PARAMETER(     HTOKJ = 2625.49962D0)"
	get_parameters: got "eval() arg 1 must be a string, bytes or code object" on 4
Line #2242 in NH3CN_VBMM.f:"      PARAMETER(     HTOKJ = 2625.49962D0)"
	get_parameters: got "eval() arg 1 must be a string, bytes or code object" on 4
Line #2242 in NH3CN_VBMM.f:"      PARAMETER(     HTOKJ = 2625.49962D0)"
	get_parameters: got "eval() arg 1 must be a string, bytes or code object" on 4
Line #2242 in NH3CN_VBMM.f:"      PARAMETER(     HTOKJ = 2625.49962D0)"
	get_parameters: got "eval() arg 1 must be a string, bytes or code object" on 4
Line #2242 in NH3CN_VBMM.f:"      PARAMETER(     HTOKJ = 2625.49962D0)"
	get_parameters: got "eval() arg 1 must be a string, bytes or code object" on 4
Line #2242 in NH3CN_VBMM.f:"      PARAMETER(     HTOKJ = 2625.49962D0)"
	get_parameters: got "eval() arg 1 must be a string, bytes or code object" on 4
Line #2242 in NH3CN_VBMM.f:"      PARAMETER(     HTOKJ = 2625.49962D0)"
	get_parameters: got "eval() arg 1 must be a string, bytes or code object" on 4
Line #2242 in NH3CN_VBMM.f:"      PARAMETER(     HTOKJ = 2625.49962D0)"
	get_parameters: got "eval() arg 1 must be a string, bytes or code object" on 4
Line #2242 in NH3CN_VBMM.f:"      PARAMETER(     HTOKJ = 2625.49962D0)"
	get_parameters: got "eval() arg 1 must be a string, bytes or code object" on 4
Line #2243 in NH3CN_VBMM.f:"      PARAMETER(    BOHR_A = .5291772083D0)"
	get_parameters: got "eval() arg 1 must be a string, bytes or code object" on 4
Line #2243 in NH3CN_VBMM.f:"      PARAMETER(    BOHR_A = .5291772083D0)"
	get_parameters: got "eval() arg 1 must be a string, bytes or code object" on 4
Line #2243 in NH3CN_VBMM.f:"      PARAMETER(    BOHR_A = .5291772083D0)"
	get_parameters: got "eval() arg 1 must be a string, bytes or code object" on 4
Line #2243 in NH3CN_VBMM.f:"      PARAMETER(    BOHR_A = .5291772083D0)"
	get_parameters: got "eval() arg 1 must be a string, bytes or code object" on 4
Line #2243 in NH3CN_VBMM.f:"      PARAMETER(    BOHR_A = .5291772083D0)"
	get_parameters: got "eval() arg 1 must be a string, bytes or code object" on 4
Line #2243 in NH3CN_VBMM.f:"      PARAMETER(    BOHR_A = .5291772083D0)"
	get_parameters: got "eval() arg 1 must be a string, bytes or code object" on 4
Line #2243 in NH3CN_VBMM.f:"      PARAMETER(    BOHR_A = .5291772083D0)"
	get_parameters: got "eval() arg 1 must be a string, bytes or code object" on 4
Line #2243 in NH3CN_VBMM.f:"      PARAMETER(    BOHR_A = .5291772083D0)"
	get_parameters: got "eval() arg 1 must be a string, bytes or code object" on 4
Line #2243 in NH3CN_VBMM.f:"      PARAMETER(    BOHR_A = .5291772083D0)"
	get_parameters: got "eval() arg 1 must be a string, bytes or code object" on 4
Line #2243 in NH3CN_VBMM.f:"      PARAMETER(    BOHR_A = .5291772083D0)"
	get_parameters: got "eval() arg 1 must be a string, bytes or code object" on 4
Line #2243 in NH3CN_VBMM.f:"      PARAMETER(    BOHR_A = .5291772083D0)"
	get_parameters: got "eval() arg 1 must be a string, bytes or code object" on 4
Line #2243 in NH3CN_VBMM.f:"      PARAMETER(    BOHR_A = .5291772083D0)"
	get_parameters: got "eval() arg 1 must be a string, bytes or code object" on 4
Line #2243 in NH3CN_VBMM.f:"      PARAMETER(    BOHR_A = .5291772083D0)"
	get_parameters: got "eval() arg 1 must be a string, bytes or code object" on 4
Line #2243 in NH3CN_VBMM.f:"      PARAMETER(    BOHR_A = .5291772083D0)"
	get_parameters: got "eval() arg 1 must be a string, bytes or code object" on 4
Post-processing...
	Block: NH3CN_VBMM
			Block: pes
			Block: pot
In: :NH3CN_VBMM:NH3CN_VBMM.f:pot
get_parameters: got "eval() arg 1 must be a string, bytes or code object" on 4
In: :NH3CN_VBMM:NH3CN_VBMM.f:pot
get_parameters: got "eval() arg 1 must be a string, bytes or code object" on 4
			Block: coorden
In: :NH3CN_VBMM:NH3CN_VBMM.f:coorden
get_parameters: got "eval() arg 1 must be a string, bytes or code object" on 4
In: :NH3CN_VBMM:NH3CN_VBMM.f:coorden
get_parameters: got "eval() arg 1 must be a string, bytes or code object" on 4
			Block: refangles
In: :NH3CN_VBMM:NH3CN_VBMM.f:refangles
get_parameters: got "eval() arg 1 must be a string, bytes or code object" on 4
In: :NH3CN_VBMM:NH3CN_VBMM.f:refangles
get_parameters: got "eval() arg 1 must be a string, bytes or code object" on 4
			Block: oprefangles
In: :NH3CN_VBMM:NH3CN_VBMM.f:oprefangles
get_parameters: got "eval() arg 1 must be a string, bytes or code object" on 4
In: :NH3CN_VBMM:NH3CN_VBMM.f:oprefangles
get_parameters: got "eval() arg 1 must be a string, bytes or code object" on 4
{}
In: :NH3CN_VBMM:NH3CN_VBMM.f:stretch
vars2fortran: No typespec for argument "vstr".
			Block: stretch
In: :NH3CN_VBMM:NH3CN_VBMM.f:stretch
get_parameters: got "eval() arg 1 must be a string, bytes or code object" on 4
In: :NH3CN_VBMM:NH3CN_VBMM.f:stretch
get_parameters: got "eval() arg 1 must be a string, bytes or code object" on 4
{}
In: :NH3CN_VBMM:NH3CN_VBMM.f:opbend
vars2fortran: No typespec for argument "vop".
			Block: opbend
In: :NH3CN_VBMM:NH3CN_VBMM.f:opbend
get_parameters: got "eval() arg 1 must be a string, bytes or code object" on 4
In: :NH3CN_VBMM:NH3CN_VBMM.f:opbend
get_parameters: got "eval() arg 1 must be a string, bytes or code object" on 4
{}
In: :NH3CN_VBMM:NH3CN_VBMM.f:ipbend
vars2fortran: No typespec for argument "vip".
			Block: ipbend
In: :NH3CN_VBMM:NH3CN_VBMM.f:ipbend
get_parameters: got "eval() arg 1 must be a string, bytes or code object" on 4
In: :NH3CN_VBMM:NH3CN_VBMM.f:ipbend
get_parameters: got "eval() arg 1 must be a string, bytes or code object" on 4
{}
In: :NH3CN_VBMM:NH3CN_VBMM.f:calcdelta
vars2fortran: No typespec for argument "i".
{}
In: :NH3CN_VBMM:NH3CN_VBMM.f:calcdelta
vars2fortran: No typespec for argument "j".
{}
In: :NH3CN_VBMM:NH3CN_VBMM.f:calcdelta
vars2fortran: No typespec for argument "k".
{}
In: :NH3CN_VBMM:NH3CN_VBMM.f:calcdelta
vars2fortran: No typespec for argument "sum2".
{}
In: :NH3CN_VBMM:NH3CN_VBMM.f:calcdelta
vars2fortran: No typespec for argument "sum4".
			Block: calcdelta
In: :NH3CN_VBMM:NH3CN_VBMM.f:calcdelta
get_parameters: got "eval() arg 1 must be a string, bytes or code object" on 4
In: :NH3CN_VBMM:NH3CN_VBMM.f:calcdelta
get_parameters: got "eval() arg 1 must be a string, bytes or code object" on 4
			Block: opforce
In: :NH3CN_VBMM:NH3CN_VBMM.f:opforce
get_parameters: got "eval() arg 1 must be a string, bytes or code object" on 4
In: :NH3CN_VBMM:NH3CN_VBMM.f:opforce
get_parameters: got "eval() arg 1 must be a string, bytes or code object" on 4
			Block: ipforce
In: :NH3CN_VBMM:NH3CN_VBMM.f:ipforce
get_parameters: got "eval() arg 1 must be a string, bytes or code object" on 4
In: :NH3CN_VBMM:NH3CN_VBMM.f:ipforce
get_parameters: got "eval() arg 1 must be a string, bytes or code object" on 4
			Block: switchf
In: :NH3CN_VBMM:NH3CN_VBMM.f:switchf
get_parameters: got "eval() arg 1 must be a string, bytes or code object" on 4
In: :NH3CN_VBMM:NH3CN_VBMM.f:switchf
get_parameters: got "eval() arg 1 must be a string, bytes or code object" on 4
			Block: prepot
In: :NH3CN_VBMM:NH3CN_VBMM.f:prepot
get_parameters: got "eval() arg 1 must be a string, bytes or code object" on 4
In: :NH3CN_VBMM:NH3CN_VBMM.f:prepot
get_parameters: got "eval() arg 1 must be a string, bytes or code object" on 4
			Block: ptpacm
In: :NH3CN_VBMM:NH3CN_VBMM.f:ptpacm
get_parameters: got "eval() arg 1 must be a string, bytes or code object" on 4
In: :NH3CN_VBMM:NH3CN_VBMM.f:ptpacm
get_parameters: got "eval() arg 1 must be a string, bytes or code object" on 4
			Block: potinfo
In: :NH3CN_VBMM:NH3CN_VBMM.f:potinfo
get_parameters: got "eval() arg 1 must be a string, bytes or code object" on 4
In: :NH3CN_VBMM:NH3CN_VBMM.f:potinfo
get_parameters: got "eval() arg 1 must be a string, bytes or code object" on 4
			Block: ancvrt
In: :NH3CN_VBMM:NH3CN_VBMM.f:ancvrt
get_parameters: got "eval() arg 1 must be a string, bytes or code object" on 4
In: :NH3CN_VBMM:NH3CN_VBMM.f:ancvrt
get_parameters: got "eval() arg 1 must be a string, bytes or code object" on 4
In: :NH3CN_VBMM:NH3CN_VBMM.f:ancvrt
get_parameters: got "eval() arg 1 must be a string, bytes or code object" on 4
In: :NH3CN_VBMM:NH3CN_VBMM.f:ancvrt
get_parameters: got "eval() arg 1 must be a string, bytes or code object" on 4
In: :NH3CN_VBMM:NH3CN_VBMM.f:ancvrt
get_parameters: got "eval() arg 1 must be a string, bytes or code object" on 4
In: :NH3CN_VBMM:NH3CN_VBMM.f:ancvrt
get_parameters: got "eval() arg 1 must be a string, bytes or code object" on 4
In: :NH3CN_VBMM:NH3CN_VBMM.f:ancvrt
get_parameters: got "eval() arg 1 must be a string, bytes or code object" on 4
In: :NH3CN_VBMM:NH3CN_VBMM.f:ancvrt
get_parameters: got "eval() arg 1 must be a string, bytes or code object" on 4
In: :NH3CN_VBMM:NH3CN_VBMM.f:ancvrt
get_parameters: got "eval() arg 1 must be a string, bytes or code object" on 4
In: :NH3CN_VBMM:NH3CN_VBMM.f:ancvrt
get_parameters: got "eval() arg 1 must be a string, bytes or code object" on 4
In: :NH3CN_VBMM:NH3CN_VBMM.f:ancvrt
get_parameters: got "eval() arg 1 must be a string, bytes or code object" on 4
In: :NH3CN_VBMM:NH3CN_VBMM.f:ancvrt
get_parameters: got "eval() arg 1 must be a string, bytes or code object" on 4
In: :NH3CN_VBMM:NH3CN_VBMM.f:ancvrt
get_parameters: got "eval() arg 1 must be a string, bytes or code object" on 4
In: :NH3CN_VBMM:NH3CN_VBMM.f:ancvrt
get_parameters: got "eval() arg 1 must be a string, bytes or code object" on 4
In: :NH3CN_VBMM:NH3CN_VBMM.f:ancvrt
get_parameters: got "eval() arg 1 must be a string, bytes or code object" on 4
			Block: cartou
In: :NH3CN_VBMM:NH3CN_VBMM.f:cartou
get_parameters: got "eval() arg 1 must be a string, bytes or code object" on 4
			Block: carttor
			Block: eunitzero
In: :NH3CN_VBMM:NH3CN_VBMM.f:eunitzero
get_parameters: got "eval() arg 1 must be a string, bytes or code object" on 4
			Block: rtocart
In: :NH3CN_VBMM:NH3CN_VBMM.f:rtocart
get_parameters: got "eval() arg 1 must be a string, bytes or code object" on 4
			Block: dedcou
In: :NH3CN_VBMM:NH3CN_VBMM.f:dedcou
get_parameters: got "eval() arg 1 must be a string, bytes or code object" on 4
Applying post-processing hooks...
  character_backward_compatibility_hook
Post-processing (stage 2)...
Building modules...
    Building module "NH3CN_VBMM"...
    Generating possibly empty wrappers"
    Maybe empty "NH3CN_VBMM-f2pywrappers.f"
        Constructing wrapper function "pes"...
          p,g,d = pes(x,igrad)
    Generating possibly empty wrappers"
    Maybe empty "NH3CN_VBMM-f2pywrappers.f"
        Constructing wrapper function "pot"...
          pot()
    Generating possibly empty wrappers"
    Maybe empty "NH3CN_VBMM-f2pywrappers.f"
        Constructing wrapper function "coorden"...
          coorden()
    Generating possibly empty wrappers"
    Maybe empty "NH3CN_VBMM-f2pywrappers.f"
        Constructing wrapper function "refangles"...
          refangles()
    Generating possibly empty wrappers"
    Maybe empty "NH3CN_VBMM-f2pywrappers.f"
        Constructing wrapper function "oprefangles"...
          oprefangles()
    Generating possibly empty wrappers"
    Maybe empty "NH3CN_VBMM-f2pywrappers.f"
        Constructing wrapper function "stretch"...
          stretch(vstr)
    Generating possibly empty wrappers"
    Maybe empty "NH3CN_VBMM-f2pywrappers.f"
        Constructing wrapper function "opbend"...
          opbend(vop)
    Generating possibly empty wrappers"
    Maybe empty "NH3CN_VBMM-f2pywrappers.f"
        Constructing wrapper function "ipbend"...
          ipbend(vip)
    Generating possibly empty wrappers"
    Maybe empty "NH3CN_VBMM-f2pywrappers.f"
        Constructing wrapper function "calcdelta"...
          calcdelta(i,j,k,sum2,sum4)
    Generating possibly empty wrappers"
    Maybe empty "NH3CN_VBMM-f2pywrappers.f"
        Constructing wrapper function "opforce"...
          opforce()
    Generating possibly empty wrappers"
    Maybe empty "NH3CN_VBMM-f2pywrappers.f"
        Constructing wrapper function "ipforce"...
          ipforce()
    Generating possibly empty wrappers"
    Maybe empty "NH3CN_VBMM-f2pywrappers.f"
        Constructing wrapper function "switchf"...
          switchf()
    Generating possibly empty wrappers"
    Maybe empty "NH3CN_VBMM-f2pywrappers.f"
        Constructing wrapper function "prepot"...
          prepot()
    Generating possibly empty wrappers"
    Maybe empty "NH3CN_VBMM-f2pywrappers.f"
        Constructing wrapper function "potinfo"...
          potinfo()
    Generating possibly empty wrappers"
    Maybe empty "NH3CN_VBMM-f2pywrappers.f"
        Constructing wrapper function "ancvrt"...
          ancvrt()
    Generating possibly empty wrappers"
    Maybe empty "NH3CN_VBMM-f2pywrappers.f"
        Constructing wrapper function "cartou"...
          cartou()
    Generating possibly empty wrappers"
    Maybe empty "NH3CN_VBMM-f2pywrappers.f"
        Constructing wrapper function "carttor"...
          carttor()
    Generating possibly empty wrappers"
    Maybe empty "NH3CN_VBMM-f2pywrappers.f"
        Constructing wrapper function "eunitzero"...
          eunitzero()
    Generating possibly empty wrappers"
    Maybe empty "NH3CN_VBMM-f2pywrappers.f"
        Constructing wrapper function "rtocart"...
          rtocart()
    Generating possibly empty wrappers"
    Maybe empty "NH3CN_VBMM-f2pywrappers.f"
        Constructing wrapper function "dedcou"...
          dedcou()
		Constructing COMMON block support for "usrocm"...
		  pengygs,pengyes,pengyij,dgscart,descart,dijcart
		Constructing COMMON block support for "usricm"...
		  cart,anuzero,nulbl,nflag,nasurf,nder
		Constructing COMMON block support for "pt1cm"...
		  r,engygs,degsdr
		Constructing COMMON block support for "pt3cm"...
		  ezero
		Constructing COMMON block support for "pt4cm"...
		  engyes,deesdr
		Constructing COMMON block support for "pt5cm"...
		  engyij,deijdr
		Constructing COMMON block support for "infocm"...
		  cartnu,indexes,irctnt,natoms,icartr,mder,msurf,ref
		Constructing COMMON block support for "potcm"...
		  nnc,nnb,nnh,nno,r0chr,r0chp,w1,w2,d1ch,d3ch,a1ch,b1ch,c1ch,d1hh,d3hh,ahh,r0hhr,r0hhp,w3,w4,r0cb,d1cb,d3cbi,acb,a3s,b3s,aphi,bphi,cphi,rphi,atheta,btheta,ctheta,fch3,hch3,fkinf,ak,bk,aa1,aa2,aa3,aa4,aa5,tau,taunh2,optau,fkh2oeq,alph2o,angh2oeq,a3cb,b3cb,rcbsp
		Constructing COMMON block support for "angles"...
		  theta0,dtheta0,angh2o
		Constructing COMMON block support for "bonds"...
		  rcb,rch,rbh,rno,r0ch,r0hh
		Constructing COMMON block support for "coords"...
		  tcb,tno,tch,tbh
		Constructing COMMON block support for "delta1"...
		  fdelta,hdelta
		Constructing COMMON block support for "delta2"...
		  dfdelta,dhdelta
		Constructing COMMON block support for "force1"...
		  fk0,f1,dfdc,dfdh,fkh2o
		Constructing COMMON block support for "fsw1"...
		  a1s,b1s,a2s,b2s
		Constructing COMMON block support for "ip1"...
		  s1,ds1,s2,ds2
		Constructing COMMON block support for "ndx"...
		  nc,nhb,nh,no
		Constructing COMMON block support for "opb1"...
		  optheta0,doptheta0,ppito
		Constructing COMMON block support for "op1"...
		  s3,ds3
		Constructing COMMON block support for "qpdot_pl"...
		  q,pdot
		Constructing COMMON block support for "switch1"...
		  sphi,dsphi,stheta,dstheta
		Constructing COMMON block support for "utilcm"...
		  dgscartnu,descartnu,dijcartnu,cnvrtd,cnvrte,cnvrtde,ireorder,ksdiag,kediag,ksoffd,keoffd
    Wrote C/API module "NH3CN_VBMM" to file "/tmp/tmpeh7112ne/src.linux-x86_64-3.11/NH3CN_VBMMmodule.c"
    Fortran 77 wrappers are saved to "/tmp/tmpeh7112ne/src.linux-x86_64-3.11/NH3CN_VBMM-f2pywrappers.f"
INFO:   adding '/tmp/tmpeh7112ne/src.linux-x86_64-3.11/fortranobject.c' to sources.
INFO:   adding '/tmp/tmpeh7112ne/src.linux-x86_64-3.11' to include_dirs.
copying /home/truhlard/shuxx055/anaconda3/lib/python3.11/site-packages/numpy/f2py/src/fortranobject.c -> /tmp/tmpeh7112ne/src.linux-x86_64-3.11
copying /home/truhlard/shuxx055/anaconda3/lib/python3.11/site-packages/numpy/f2py/src/fortranobject.h -> /tmp/tmpeh7112ne/src.linux-x86_64-3.11
INFO:   adding '/tmp/tmpeh7112ne/src.linux-x86_64-3.11/NH3CN_VBMM-f2pywrappers.f' to sources.
INFO: build_src: building npy-pkg config files
/home/truhlard/shuxx055/anaconda3/lib/python3.11/site-packages/setuptools/_distutils/cmd.py:66: SetuptoolsDeprecationWarning: setup.py install is deprecated.
!!

        ********************************************************************************
        Please avoid running ``setup.py`` directly.
        Instead, use pypa/build, pypa/installer, pypa/build or
        other standards-based tools.

        See https://blog.ganssle.io/articles/2021/10/setup-py-deprecated.html for details.
        ********************************************************************************

!!
  self.initialize_options()
running build_ext
INFO: customize UnixCCompiler
INFO: customize UnixCCompiler using build_ext
INFO: get_default_fcompiler: matching types: '['arm', 'gnu95', 'intel', 'lahey', 'pg', 'nv', 'absoft', 'nag', 'vast', 'compaq', 'intele', 'intelem', 'gnu', 'g95', 'pathf95', 'nagfor', 'fujitsu']'
INFO: customize ArmFlangCompiler
WARN: Could not locate executable armflang
INFO: customize Gnu95FCompiler
INFO: Found executable /home/truhlard/shuxx055/anaconda3/bin/gfortran
INFO: customize Gnu95FCompiler
INFO: customize Gnu95FCompiler using build_ext
INFO: building 'NH3CN_VBMM' extension
INFO: compiling C sources
INFO: C compiler: gcc -pthread -B /home/truhlard/shuxx055/anaconda3/compiler_compat -DNDEBUG -fwrapv -O2 -Wall -fPIC -O2 -isystem /home/truhlard/shuxx055/anaconda3/include -fPIC -O2 -isystem /home/truhlard/shuxx055/anaconda3/include -fPIC

creating /tmp/tmpeh7112ne/tmp
creating /tmp/tmpeh7112ne/tmp/tmpeh7112ne
creating /tmp/tmpeh7112ne/tmp/tmpeh7112ne/src.linux-x86_64-3.11
INFO: compile options: '-DNPY_DISABLE_OPTIMIZATION=1 -I/tmp/tmpeh7112ne/src.linux-x86_64-3.11 -I/home/truhlard/shuxx055/anaconda3/lib/python3.11/site-packages/numpy/core/include -I/home/truhlard/shuxx055/anaconda3/include/python3.11 -c'
INFO: gcc: /tmp/tmpeh7112ne/src.linux-x86_64-3.11/NH3CN_VBMMmodule.c
INFO: gcc: /tmp/tmpeh7112ne/src.linux-x86_64-3.11/fortranobject.c
INFO: compiling Fortran sources
INFO: Fortran f77 compiler: /home/truhlard/shuxx055/anaconda3/bin/gfortran -fallow-argument-mismatch -std=legacy -fPIC -O3 -funroll-loops
Fortran f90 compiler: /home/truhlard/shuxx055/anaconda3/bin/gfortran -Wall -g -fno-second-underscore -fPIC -O3 -funroll-loops
Fortran fix compiler: /home/truhlard/shuxx055/anaconda3/bin/gfortran -Wall -g -ffixed-form -fno-second-underscore -Wall -g -fno-second-underscore -fPIC -O3 -funroll-loops
INFO: compile options: '-I/tmp/tmpeh7112ne/src.linux-x86_64-3.11 -I/home/truhlard/shuxx055/anaconda3/lib/python3.11/site-packages/numpy/core/include -I/home/truhlard/shuxx055/anaconda3/include/python3.11 -c'
INFO: gfortran:f77: /tmp/tmpeh7112ne/src.linux-x86_64-3.11/NH3CN_VBMM-f2pywrappers.f
INFO: gfortran:f77: NH3CN_VBMM.f
/tmp/tmpeh7112ne/src.linux-x86_64-3.11/NH3CN_VBMM-f2pywrappers.f:133:20:

  133 |       common /potcm/ nnc,nnb,nnh,nno,r0chr,r0chp,w1,w2,d1ch,d3ch,a
      |                    1
Warning: Padding of 4 bytes required before 'r0chr' in COMMON 'potcm' at (1); reorder elements or use '-fno-align-commons' [-Walign-commons]
NH3CN_VBMM.f:1955:20:

 1955 |       COMMON /POTCM/ nnc,nnb,nnh(4),nno,
      |                    1
Warning: Padding of 4 bytes required before 'r0chr' in COMMON 'potcm' at (1); reorder elements or use '-fno-align-commons' [-Walign-commons]
NH3CN_VBMM.f:1207:20:

 1207 |       COMMON /POTCM/ nnc,nnb,nnh(4),nno,
      |                    1
Warning: Padding of 4 bytes required before 'r0chr' in COMMON 'potcm' at (1); reorder elements or use '-fno-align-commons' [-Walign-commons]
NH3CN_VBMM.f:1460:20:

 1460 |       COMMON /POTCM/ nnc,nnb,nnh(4),nno,
      |                    1
Warning: Padding of 4 bytes required before 'r0chr' in COMMON 'potcm' at (1); reorder elements or use '-fno-align-commons' [-Walign-commons]
NH3CN_VBMM.f:117:20:

  117 |       COMMON /POTCM/ nnc,nnb,nnh(4),nno,
      |                    1
Warning: Padding of 4 bytes required before 'r0chr' in COMMON 'potcm' at (1); reorder elements or use '-fno-align-commons' [-Walign-commons]
NH3CN_VBMM.f:1039:20:

 1039 |       COMMON /POTCM/ nnc,nnb,nnh(4),nno,
      |                    1
Warning: Padding of 4 bytes required before 'r0chr' in COMMON 'potcm' at (1); reorder elements or use '-fno-align-commons' [-Walign-commons]
NH3CN_VBMM.f:654:20:

  654 |       COMMON /POTCM/ nnc,nnb,nnh(4),nno,
      |                    1
Warning: Padding of 4 bytes required before 'r0chr' in COMMON 'potcm' at (1); reorder elements or use '-fno-align-commons' [-Walign-commons]
NH3CN_VBMM.f:375:20:

  375 |       COMMON /POTCM/ nnc,nnb,nnh(4),nno,
      |                    1
Warning: Padding of 4 bytes required before 'r0chr' in COMMON 'potcm' at (1); reorder elements or use '-fno-align-commons' [-Walign-commons]
NH3CN_VBMM.f:1701:20:

 1701 |       COMMON /POTCM/ nnc,nnb,nnh(4),nno,
      |                    1
Warning: Padding of 4 bytes required before 'r0chr' in COMMON 'potcm' at (1); reorder elements or use '-fno-align-commons' [-Walign-commons]
NH3CN_VBMM.f:260:20:

  260 |       COMMON /POTCM/ nnc,nnb,nnh(4),nno,
      |                    1
Warning: Padding of 4 bytes required before 'r0chr' in COMMON 'potcm' at (1); reorder elements or use '-fno-align-commons' [-Walign-commons]
NH3CN_VBMM.f:1566:20:

 1566 |       COMMON /POTCM/ nnc,nnb,nnh(4),nno,
      |                    1
Warning: Padding of 4 bytes required before 'r0chr' in COMMON 'potcm' at (1); reorder elements or use '-fno-align-commons' [-Walign-commons]
NH3CN_VBMM.f:498:20:

  498 |       COMMON /POTCM/ nnc,nnb,nnh(4),nno,
      |                    1
Warning: Padding of 4 bytes required before 'r0chr' in COMMON 'potcm' at (1); reorder elements or use '-fno-align-commons' [-Walign-commons]
NH3CN_VBMM.f:1844:20:

 1844 |       COMMON /POTCM/ nnc,nnb,nnh(4),nno,
      |                    1
Warning: Padding of 4 bytes required before 'r0chr' in COMMON 'potcm' at (1); reorder elements or use '-fno-align-commons' [-Walign-commons]
NH3CN_VBMM.f:881:20:

  881 |       COMMON /POTCM/ nnc,nnb,nnh(4),nno,
      |                    1
Warning: Padding of 4 bytes required before 'r0chr' in COMMON 'potcm' at (1); reorder elements or use '-fno-align-commons' [-Walign-commons]
INFO: /home/truhlard/shuxx055/anaconda3/bin/gfortran -Wall -g -Wall -g -shared /tmp/tmpeh7112ne/tmp/tmpeh7112ne/src.linux-x86_64-3.11/NH3CN_VBMMmodule.o /tmp/tmpeh7112ne/tmp/tmpeh7112ne/src.linux-x86_64-3.11/fortranobject.o /tmp/tmpeh7112ne/NH3CN_VBMM.o /tmp/tmpeh7112ne/tmp/tmpeh7112ne/src.linux-x86_64-3.11/NH3CN_VBMM-f2pywrappers.o -L/panfs/jay/groups/16/truhlard/shuxx055/anaconda3/bin/../lib/gcc/x86_64-conda-linux-gnu/13.1.0/../../../../x86_64-conda-linux-gnu/lib/../lib -L/panfs/jay/groups/16/truhlard/shuxx055/anaconda3/bin/../lib/gcc/x86_64-conda-linux-gnu/13.1.0/../../../../x86_64-conda-linux-gnu/lib/../lib -lmkl_intel_lp64 -lmkl_sequential -lmkl_core -lgfortran -o ./NH3CN_VBMM.cpython-311-x86_64-linux-gnu.so
Removing build directory /tmp/tmpeh7112ne
