running build
running config_cc
INFO: unifing config_cc, config, build_clib, build_ext, build commands --compiler options
running config_fc
INFO: unifing config_fc, config, build_clib, build_ext, build commands --fcompiler options
running build_src
INFO: build_src
INFO: building extension "C6H5SH_APRP" sources
INFO: f2py options: []
INFO: f2py:> /tmp/tmp1zoo6b5y/src.linux-x86_64-3.11/C6H5SH_APRPmodule.c
creating /tmp/tmp1zoo6b5y/src.linux-x86_64-3.11
Reading fortran codes...
	Reading file 'C6H5SH_APRP.f90' (format:free)
Post-processing...
	Block: C6H5SH_APRP
			Block: pes
			Block: pot
In: :C6H5SH_APRP:C6H5SH_APRP.f90:pot
get_parameters: got "eval() arg 1 must be a string, bytes or code object" on 8
In: :C6H5SH_APRP:C6H5SH_APRP.f90:pot
get_parameters: got "eval() arg 1 must be a string, bytes or code object" on 8
In: :C6H5SH_APRP:C6H5SH_APRP.f90:pot
get_parameters: got "eval() arg 1 must be a string, bytes or code object" on 8
In: :C6H5SH_APRP:C6H5SH_APRP.f90:pot
get_parameters: got "eval() arg 1 must be a string, bytes or code object" on 8
Applying post-processing hooks...
  character_backward_compatibility_hook
Post-processing (stage 2)...
Building modules...
    Building module "C6H5SH_APRP"...
    Generating possibly empty wrappers"
    Maybe empty "C6H5SH_APRP-f2pywrappers.f"
        Constructing wrapper function "pes"...
          p,g,d = pes(x,igrad)
    Generating possibly empty wrappers"
    Maybe empty "C6H5SH_APRP-f2pywrappers.f"
        Constructing wrapper function "pot"...
          pot(igrad,xx,uu,guu,vv,gvv,dvec,cc,repflag)
    Wrote C/API module "C6H5SH_APRP" to file "/tmp/tmp1zoo6b5y/src.linux-x86_64-3.11/C6H5SH_APRPmodule.c"
INFO:   adding '/tmp/tmp1zoo6b5y/src.linux-x86_64-3.11/fortranobject.c' to sources.
INFO:   adding '/tmp/tmp1zoo6b5y/src.linux-x86_64-3.11' to include_dirs.
copying /home/truhlard/shuxx055/anaconda3/envs/test/lib/python3.11/site-packages/numpy/f2py/src/fortranobject.c -> /tmp/tmp1zoo6b5y/src.linux-x86_64-3.11
copying /home/truhlard/shuxx055/anaconda3/envs/test/lib/python3.11/site-packages/numpy/f2py/src/fortranobject.h -> /tmp/tmp1zoo6b5y/src.linux-x86_64-3.11
INFO:   adding '/tmp/tmp1zoo6b5y/src.linux-x86_64-3.11/C6H5SH_APRP-f2pywrappers.f' to sources.
INFO: build_src: building npy-pkg config files
/home/truhlard/shuxx055/anaconda3/envs/test/lib/python3.11/site-packages/setuptools/_distutils/cmd.py:66: SetuptoolsDeprecationWarning: setup.py install is deprecated.
!!

        ********************************************************************************
        Please avoid running ``setup.py`` directly.
        Instead, use pypa/build, pypa/installer or other
        standards-based tools.

        See https://blog.ganssle.io/articles/2021/10/setup-py-deprecated.html for details.
        ********************************************************************************

!!
  self.initialize_options()
running build_ext
INFO: customize UnixCCompiler
INFO: customize UnixCCompiler using build_ext
INFO: get_default_fcompiler: matching types: '['arm', 'gnu95', 'intel', 'lahey', 'pg', 'nv', 'absoft', 'nag', 'vast', 'compaq', 'intele', 'intelem', 'gnu', 'g95', 'pathf95', 'nagfor', 'fujitsu']'
INFO: customize ArmFlangCompiler
WARN: Could not locate executable armflang
INFO: customize Gnu95FCompiler
INFO: Found executable /home/truhlard/shuxx055/anaconda3/envs/test/bin/gfortran
INFO: customize Gnu95FCompiler
INFO: customize Gnu95FCompiler using build_ext
INFO: building 'C6H5SH_APRP' extension
INFO: compiling C sources
INFO: C compiler: gcc -pthread -B /home/truhlard/shuxx055/anaconda3/envs/test/compiler_compat -DNDEBUG -fwrapv -O2 -Wall -fPIC -O2 -isystem /home/truhlard/shuxx055/anaconda3/envs/test/include -fPIC -O2 -isystem /home/truhlard/shuxx055/anaconda3/envs/test/include -fPIC

creating /tmp/tmp1zoo6b5y/tmp
creating /tmp/tmp1zoo6b5y/tmp/tmp1zoo6b5y
creating /tmp/tmp1zoo6b5y/tmp/tmp1zoo6b5y/src.linux-x86_64-3.11
INFO: compile options: '-DNPY_DISABLE_OPTIMIZATION=1 -I/tmp/tmp1zoo6b5y/src.linux-x86_64-3.11 -I/home/truhlard/shuxx055/anaconda3/envs/test/lib/python3.11/site-packages/numpy/core/include -I/home/truhlard/shuxx055/anaconda3/envs/test/include/python3.11 -c'
INFO: gcc: /tmp/tmp1zoo6b5y/src.linux-x86_64-3.11/fortranobject.c
INFO: gcc: /tmp/tmp1zoo6b5y/src.linux-x86_64-3.11/C6H5SH_APRPmodule.c
INFO: compiling Fortran sources
INFO: Fortran f77 compiler: /home/truhlard/shuxx055/anaconda3/envs/test/bin/gfortran -Wall -g -ffixed-form -fno-second-underscore -fPIC -O3 -funroll-loops
Fortran f90 compiler: /home/truhlard/shuxx055/anaconda3/envs/test/bin/gfortran -fallow-argument-mismatch -std=legacy -fPIC -O3 -funroll-loops
Fortran fix compiler: /home/truhlard/shuxx055/anaconda3/envs/test/bin/gfortran -Wall -g -ffixed-form -fno-second-underscore -fallow-argument-mismatch -std=legacy -fPIC -O3 -funroll-loops
INFO: compile options: '-I/tmp/tmp1zoo6b5y/src.linux-x86_64-3.11 -I/home/truhlard/shuxx055/anaconda3/envs/test/lib/python3.11/site-packages/numpy/core/include -I/home/truhlard/shuxx055/anaconda3/envs/test/include/python3.11 -c'
INFO: gfortran:f90: C6H5SH_APRP.f90
INFO: gfortran:f77: /tmp/tmp1zoo6b5y/src.linux-x86_64-3.11/C6H5SH_APRP-f2pywrappers.f
INFO: /home/truhlard/shuxx055/anaconda3/envs/test/bin/gfortran -Wall -g -Wall -g -shared /tmp/tmp1zoo6b5y/tmp/tmp1zoo6b5y/src.linux-x86_64-3.11/C6H5SH_APRPmodule.o /tmp/tmp1zoo6b5y/tmp/tmp1zoo6b5y/src.linux-x86_64-3.11/fortranobject.o /tmp/tmp1zoo6b5y/C6H5SH_APRP.o /tmp/tmp1zoo6b5y/tmp/tmp1zoo6b5y/src.linux-x86_64-3.11/C6H5SH_APRP-f2pywrappers.o -L/panfs/jay/groups/16/truhlard/shuxx055/anaconda3/envs/test/bin/../lib/gcc/x86_64-conda-linux-gnu/13.1.0/../../../../x86_64-conda-linux-gnu/lib/../lib -L/panfs/jay/groups/16/truhlard/shuxx055/anaconda3/envs/test/bin/../lib/gcc/x86_64-conda-linux-gnu/13.1.0/../../../../x86_64-conda-linux-gnu/lib/../lib -lmkl_intel_lp64 -lmkl_sequential -lmkl_core -lgfortran -o ./C6H5SH_APRP.cpython-311-x86_64-linux-gnu.so
Removing build directory /tmp/tmp1zoo6b5y
