running build
running config_cc
INFO: unifing config_cc, config, build_clib, build_ext, build commands --compiler options
running config_fc
INFO: unifing config_fc, config, build_clib, build_ext, build commands --fcompiler options
running build_src
INFO: build_src
INFO: building extension "N3_4App_ZV" sources
INFO: f2py options: []
INFO: f2py:> /tmp/tmpfj2c9lmp/src.linux-x86_64-3.11/N3_4App_ZVmodule.c
creating /tmp/tmpfj2c9lmp/src.linux-x86_64-3.11
Reading fortran codes...
	Reading file 'N3_4App_ZV.f90' (format:free)
Post-processing...
	Block: N3_4App_ZV
			Block: n3_4app_zv_par
In: :N3_4App_ZV:N3_4App_ZV.f90:n3_4app_zv_par
get_parameters: got "eval() arg 1 must be a string, bytes or code object" on 8
In: :N3_4App_ZV:N3_4App_ZV.f90:n3_4app_zv_par
get_parameters: got "eval() arg 1 must be a string, bytes or code object" on 8
In: :N3_4App_ZV:N3_4App_ZV.f90:n3_4app_zv_par
get_parameters: got "eval() arg 1 must be a string, bytes or code object" on 8
In: :N3_4App_ZV:N3_4App_ZV.f90:n3_4app_zv_par
get_parameters: got "eval() arg 1 must be a string, bytes or code object" on 8
In: :N3_4App_ZV:N3_4App_ZV.f90:n3_4app_zv_par
get_parameters: got "eval() arg 1 must be a string, bytes or code object" on 8
In: :N3_4App_ZV:N3_4App_ZV.f90:n3_4app_zv_par
get_parameters: got "eval() arg 1 must be a string, bytes or code object" on 8
In: :N3_4App_ZV:N3_4App_ZV.f90:n3_4app_zv_par
get_parameters: got "eval() arg 1 must be a string, bytes or code object" on 8
In: :N3_4App_ZV:N3_4App_ZV.f90:n3_4app_zv_par
get_parameters: got "eval() arg 1 must be a string, bytes or code object" on 4
In: :N3_4App_ZV:N3_4App_ZV.f90:n3_4app_zv_par
get_parameters: got "eval() arg 1 must be a string, bytes or code object" on 8
In: :N3_4App_ZV:N3_4App_ZV.f90:n3_4app_zv_par
get_parameters: got "eval() arg 1 must be a string, bytes or code object" on 8
			Block: pes
In: :N3_4App_ZV:N3_4App_ZV.f90:pes
get_parameters: got "eval() arg 1 must be a string, bytes or code object" on 8
In: :N3_4App_ZV:N3_4App_ZV.f90:pes
get_parameters: got "eval() arg 1 must be a string, bytes or code object" on 8
In: :N3_4App_ZV:N3_4App_ZV.f90:pes
get_parameters: got "eval() arg 1 must be a string, bytes or code object" on 8
In: :N3_4App_ZV:N3_4App_ZV.f90:pes
get_parameters: got "eval() arg 1 must be a string, bytes or code object" on 8
In: :N3_4App_ZV:N3_4App_ZV.f90:pes
get_parameters: got "eval() arg 1 must be a string, bytes or code object" on 8
In: :N3_4App_ZV:N3_4App_ZV.f90:pes
get_parameters: got "eval() arg 1 must be a string, bytes or code object" on 8
In: :N3_4App_ZV:N3_4App_ZV.f90:pes
get_parameters: got "eval() arg 1 must be a string, bytes or code object" on 8
In: :N3_4App_ZV:N3_4App_ZV.f90:pes
get_parameters: got "eval() arg 1 must be a string, bytes or code object" on 4
In: :N3_4App_ZV:N3_4App_ZV.f90:pes
get_parameters: got "eval() arg 1 must be a string, bytes or code object" on 8
In: :N3_4App_ZV:N3_4App_ZV.f90:pes
get_parameters: got "eval() arg 1 must be a string, bytes or code object" on 8
			Block: n3pes
In: :N3_4App_ZV:N3_4App_ZV.f90:n3pes
get_parameters: got "eval() arg 1 must be a string, bytes or code object" on 8
In: :N3_4App_ZV:N3_4App_ZV.f90:n3pes
get_parameters: got "eval() arg 1 must be a string, bytes or code object" on 8
In: :N3_4App_ZV:N3_4App_ZV.f90:n3pes
get_parameters: got "eval() arg 1 must be a string, bytes or code object" on 8
In: :N3_4App_ZV:N3_4App_ZV.f90:n3pes
get_parameters: got "eval() arg 1 must be a string, bytes or code object" on 8
In: :N3_4App_ZV:N3_4App_ZV.f90:n3pes
get_parameters: got "eval() arg 1 must be a string, bytes or code object" on 8
In: :N3_4App_ZV:N3_4App_ZV.f90:n3pes
get_parameters: got "eval() arg 1 must be a string, bytes or code object" on 8
In: :N3_4App_ZV:N3_4App_ZV.f90:n3pes
get_parameters: got "eval() arg 1 must be a string, bytes or code object" on 8
In: :N3_4App_ZV:N3_4App_ZV.f90:n3pes
get_parameters: got "eval() arg 1 must be a string, bytes or code object" on 4
In: :N3_4App_ZV:N3_4App_ZV.f90:n3pes
get_parameters: got "eval() arg 1 must be a string, bytes or code object" on 8
In: :N3_4App_ZV:N3_4App_ZV.f90:n3pes
get_parameters: got "eval() arg 1 must be a string, bytes or code object" on 8
			Block: coord_convt
In: :N3_4App_ZV:N3_4App_ZV.f90:coord_convt
get_parameters: got "eval() arg 1 must be a string, bytes or code object" on 8
In: :N3_4App_ZV:N3_4App_ZV.f90:coord_convt
get_parameters: got "eval() arg 1 must be a string, bytes or code object" on 8
In: :N3_4App_ZV:N3_4App_ZV.f90:coord_convt
get_parameters: got "eval() arg 1 must be a string, bytes or code object" on 8
In: :N3_4App_ZV:N3_4App_ZV.f90:coord_convt
get_parameters: got "eval() arg 1 must be a string, bytes or code object" on 8
In: :N3_4App_ZV:N3_4App_ZV.f90:coord_convt
get_parameters: got "eval() arg 1 must be a string, bytes or code object" on 8
In: :N3_4App_ZV:N3_4App_ZV.f90:coord_convt
get_parameters: got "eval() arg 1 must be a string, bytes or code object" on 8
In: :N3_4App_ZV:N3_4App_ZV.f90:coord_convt
get_parameters: got "eval() arg 1 must be a string, bytes or code object" on 8
In: :N3_4App_ZV:N3_4App_ZV.f90:coord_convt
get_parameters: got "eval() arg 1 must be a string, bytes or code object" on 4
In: :N3_4App_ZV:N3_4App_ZV.f90:coord_convt
get_parameters: got "eval() arg 1 must be a string, bytes or code object" on 8
In: :N3_4App_ZV:N3_4App_ZV.f90:coord_convt
get_parameters: got "eval() arg 1 must be a string, bytes or code object" on 8
			Block: evv
In: :N3_4App_ZV:N3_4App_ZV.f90:evv
get_parameters: got "eval() arg 1 must be a string, bytes or code object" on 8
In: :N3_4App_ZV:N3_4App_ZV.f90:evv
get_parameters: got "eval() arg 1 must be a string, bytes or code object" on 8
In: :N3_4App_ZV:N3_4App_ZV.f90:evv
get_parameters: got "eval() arg 1 must be a string, bytes or code object" on 8
In: :N3_4App_ZV:N3_4App_ZV.f90:evv
get_parameters: got "eval() arg 1 must be a string, bytes or code object" on 8
In: :N3_4App_ZV:N3_4App_ZV.f90:evv
get_parameters: got "eval() arg 1 must be a string, bytes or code object" on 8
In: :N3_4App_ZV:N3_4App_ZV.f90:evv
get_parameters: got "eval() arg 1 must be a string, bytes or code object" on 8
In: :N3_4App_ZV:N3_4App_ZV.f90:evv
get_parameters: got "eval() arg 1 must be a string, bytes or code object" on 8
In: :N3_4App_ZV:N3_4App_ZV.f90:evv
get_parameters: got "eval() arg 1 must be a string, bytes or code object" on 4
In: :N3_4App_ZV:N3_4App_ZV.f90:evv
get_parameters: got "eval() arg 1 must be a string, bytes or code object" on 8
In: :N3_4App_ZV:N3_4App_ZV.f90:evv
get_parameters: got "eval() arg 1 must be a string, bytes or code object" on 8
			Block: evdvdx
In: :N3_4App_ZV:N3_4App_ZV.f90:evdvdx
get_parameters: got "eval() arg 1 must be a string, bytes or code object" on 8
In: :N3_4App_ZV:N3_4App_ZV.f90:evdvdx
get_parameters: got "eval() arg 1 must be a string, bytes or code object" on 8
In: :N3_4App_ZV:N3_4App_ZV.f90:evdvdx
get_parameters: got "eval() arg 1 must be a string, bytes or code object" on 8
In: :N3_4App_ZV:N3_4App_ZV.f90:evdvdx
get_parameters: got "eval() arg 1 must be a string, bytes or code object" on 8
In: :N3_4App_ZV:N3_4App_ZV.f90:evdvdx
get_parameters: got "eval() arg 1 must be a string, bytes or code object" on 8
In: :N3_4App_ZV:N3_4App_ZV.f90:evdvdx
get_parameters: got "eval() arg 1 must be a string, bytes or code object" on 8
In: :N3_4App_ZV:N3_4App_ZV.f90:evdvdx
get_parameters: got "eval() arg 1 must be a string, bytes or code object" on 8
In: :N3_4App_ZV:N3_4App_ZV.f90:evdvdx
get_parameters: got "eval() arg 1 must be a string, bytes or code object" on 4
In: :N3_4App_ZV:N3_4App_ZV.f90:evdvdx
get_parameters: got "eval() arg 1 must be a string, bytes or code object" on 8
In: :N3_4App_ZV:N3_4App_ZV.f90:evdvdx
get_parameters: got "eval() arg 1 must be a string, bytes or code object" on 8
			Block: evmorse
In: :N3_4App_ZV:N3_4App_ZV.f90:evmorse
get_parameters: got "eval() arg 1 must be a string, bytes or code object" on 8
In: :N3_4App_ZV:N3_4App_ZV.f90:evmorse
get_parameters: got "eval() arg 1 must be a string, bytes or code object" on 8
In: :N3_4App_ZV:N3_4App_ZV.f90:evmorse
get_parameters: got "eval() arg 1 must be a string, bytes or code object" on 8
In: :N3_4App_ZV:N3_4App_ZV.f90:evmorse
get_parameters: got "eval() arg 1 must be a string, bytes or code object" on 8
In: :N3_4App_ZV:N3_4App_ZV.f90:evmorse
get_parameters: got "eval() arg 1 must be a string, bytes or code object" on 8
In: :N3_4App_ZV:N3_4App_ZV.f90:evmorse
get_parameters: got "eval() arg 1 must be a string, bytes or code object" on 8
In: :N3_4App_ZV:N3_4App_ZV.f90:evmorse
get_parameters: got "eval() arg 1 must be a string, bytes or code object" on 8
In: :N3_4App_ZV:N3_4App_ZV.f90:evmorse
get_parameters: got "eval() arg 1 must be a string, bytes or code object" on 4
In: :N3_4App_ZV:N3_4App_ZV.f90:evmorse
get_parameters: got "eval() arg 1 must be a string, bytes or code object" on 8
In: :N3_4App_ZV:N3_4App_ZV.f90:evmorse
get_parameters: got "eval() arg 1 must be a string, bytes or code object" on 8
			Block: evmono
In: :N3_4App_ZV:N3_4App_ZV.f90:evmono
get_parameters: got "eval() arg 1 must be a string, bytes or code object" on 8
In: :N3_4App_ZV:N3_4App_ZV.f90:evmono
get_parameters: got "eval() arg 1 must be a string, bytes or code object" on 8
In: :N3_4App_ZV:N3_4App_ZV.f90:evmono
get_parameters: got "eval() arg 1 must be a string, bytes or code object" on 8
In: :N3_4App_ZV:N3_4App_ZV.f90:evmono
get_parameters: got "eval() arg 1 must be a string, bytes or code object" on 8
In: :N3_4App_ZV:N3_4App_ZV.f90:evmono
get_parameters: got "eval() arg 1 must be a string, bytes or code object" on 8
In: :N3_4App_ZV:N3_4App_ZV.f90:evmono
get_parameters: got "eval() arg 1 must be a string, bytes or code object" on 8
In: :N3_4App_ZV:N3_4App_ZV.f90:evmono
get_parameters: got "eval() arg 1 must be a string, bytes or code object" on 8
In: :N3_4App_ZV:N3_4App_ZV.f90:evmono
get_parameters: got "eval() arg 1 must be a string, bytes or code object" on 4
In: :N3_4App_ZV:N3_4App_ZV.f90:evmono
get_parameters: got "eval() arg 1 must be a string, bytes or code object" on 8
In: :N3_4App_ZV:N3_4App_ZV.f90:evmono
get_parameters: got "eval() arg 1 must be a string, bytes or code object" on 8
			Block: evpoly
In: :N3_4App_ZV:N3_4App_ZV.f90:evpoly
get_parameters: got "eval() arg 1 must be a string, bytes or code object" on 8
In: :N3_4App_ZV:N3_4App_ZV.f90:evpoly
get_parameters: got "eval() arg 1 must be a string, bytes or code object" on 8
In: :N3_4App_ZV:N3_4App_ZV.f90:evpoly
get_parameters: got "eval() arg 1 must be a string, bytes or code object" on 8
In: :N3_4App_ZV:N3_4App_ZV.f90:evpoly
get_parameters: got "eval() arg 1 must be a string, bytes or code object" on 8
In: :N3_4App_ZV:N3_4App_ZV.f90:evpoly
get_parameters: got "eval() arg 1 must be a string, bytes or code object" on 8
In: :N3_4App_ZV:N3_4App_ZV.f90:evpoly
get_parameters: got "eval() arg 1 must be a string, bytes or code object" on 8
In: :N3_4App_ZV:N3_4App_ZV.f90:evpoly
get_parameters: got "eval() arg 1 must be a string, bytes or code object" on 8
In: :N3_4App_ZV:N3_4App_ZV.f90:evpoly
get_parameters: got "eval() arg 1 must be a string, bytes or code object" on 4
In: :N3_4App_ZV:N3_4App_ZV.f90:evpoly
get_parameters: got "eval() arg 1 must be a string, bytes or code object" on 8
In: :N3_4App_ZV:N3_4App_ZV.f90:evpoly
get_parameters: got "eval() arg 1 must be a string, bytes or code object" on 8
			Block: evbas
In: :N3_4App_ZV:N3_4App_ZV.f90:evbas
get_parameters: got "eval() arg 1 must be a string, bytes or code object" on 8
In: :N3_4App_ZV:N3_4App_ZV.f90:evbas
get_parameters: got "eval() arg 1 must be a string, bytes or code object" on 8
In: :N3_4App_ZV:N3_4App_ZV.f90:evbas
get_parameters: got "eval() arg 1 must be a string, bytes or code object" on 8
In: :N3_4App_ZV:N3_4App_ZV.f90:evbas
get_parameters: got "eval() arg 1 must be a string, bytes or code object" on 8
In: :N3_4App_ZV:N3_4App_ZV.f90:evbas
get_parameters: got "eval() arg 1 must be a string, bytes or code object" on 8
In: :N3_4App_ZV:N3_4App_ZV.f90:evbas
get_parameters: got "eval() arg 1 must be a string, bytes or code object" on 8
In: :N3_4App_ZV:N3_4App_ZV.f90:evbas
get_parameters: got "eval() arg 1 must be a string, bytes or code object" on 8
In: :N3_4App_ZV:N3_4App_ZV.f90:evbas
get_parameters: got "eval() arg 1 must be a string, bytes or code object" on 4
In: :N3_4App_ZV:N3_4App_ZV.f90:evbas
get_parameters: got "eval() arg 1 must be a string, bytes or code object" on 8
In: :N3_4App_ZV:N3_4App_ZV.f90:evbas
get_parameters: got "eval() arg 1 must be a string, bytes or code object" on 8
			Block: ev2gm2
			Block: patchfunc
In: :N3_4App_ZV:N3_4App_ZV.f90:patchfunc
get_parameters: got "eval() arg 1 must be a string, bytes or code object" on 8
In: :N3_4App_ZV:N3_4App_ZV.f90:patchfunc
get_parameters: got "eval() arg 1 must be a string, bytes or code object" on 8
In: :N3_4App_ZV:N3_4App_ZV.f90:patchfunc
get_parameters: got "eval() arg 1 must be a string, bytes or code object" on 8
In: :N3_4App_ZV:N3_4App_ZV.f90:patchfunc
get_parameters: got "eval() arg 1 must be a string, bytes or code object" on 8
In: :N3_4App_ZV:N3_4App_ZV.f90:patchfunc
get_parameters: got "eval() arg 1 must be a string, bytes or code object" on 8
In: :N3_4App_ZV:N3_4App_ZV.f90:patchfunc
get_parameters: got "eval() arg 1 must be a string, bytes or code object" on 8
In: :N3_4App_ZV:N3_4App_ZV.f90:patchfunc
get_parameters: got "eval() arg 1 must be a string, bytes or code object" on 8
In: :N3_4App_ZV:N3_4App_ZV.f90:patchfunc
get_parameters: got "eval() arg 1 must be a string, bytes or code object" on 4
In: :N3_4App_ZV:N3_4App_ZV.f90:patchfunc
get_parameters: got "eval() arg 1 must be a string, bytes or code object" on 8
In: :N3_4App_ZV:N3_4App_ZV.f90:patchfunc
get_parameters: got "eval() arg 1 must be a string, bytes or code object" on 8
			Block: evdvdr
In: :N3_4App_ZV:N3_4App_ZV.f90:evdvdr
get_parameters: got "eval() arg 1 must be a string, bytes or code object" on 8
In: :N3_4App_ZV:N3_4App_ZV.f90:evdvdr
get_parameters: got "eval() arg 1 must be a string, bytes or code object" on 8
In: :N3_4App_ZV:N3_4App_ZV.f90:evdvdr
get_parameters: got "eval() arg 1 must be a string, bytes or code object" on 8
In: :N3_4App_ZV:N3_4App_ZV.f90:evdvdr
get_parameters: got "eval() arg 1 must be a string, bytes or code object" on 8
In: :N3_4App_ZV:N3_4App_ZV.f90:evdvdr
get_parameters: got "eval() arg 1 must be a string, bytes or code object" on 8
In: :N3_4App_ZV:N3_4App_ZV.f90:evdvdr
get_parameters: got "eval() arg 1 must be a string, bytes or code object" on 8
In: :N3_4App_ZV:N3_4App_ZV.f90:evdvdr
get_parameters: got "eval() arg 1 must be a string, bytes or code object" on 8
In: :N3_4App_ZV:N3_4App_ZV.f90:evdvdr
get_parameters: got "eval() arg 1 must be a string, bytes or code object" on 4
In: :N3_4App_ZV:N3_4App_ZV.f90:evdvdr
get_parameters: got "eval() arg 1 must be a string, bytes or code object" on 8
In: :N3_4App_ZV:N3_4App_ZV.f90:evdvdr
get_parameters: got "eval() arg 1 must be a string, bytes or code object" on 8
			Block: evdrdx
In: :N3_4App_ZV:N3_4App_ZV.f90:evdrdx
get_parameters: got "eval() arg 1 must be a string, bytes or code object" on 8
In: :N3_4App_ZV:N3_4App_ZV.f90:evdrdx
get_parameters: got "eval() arg 1 must be a string, bytes or code object" on 8
In: :N3_4App_ZV:N3_4App_ZV.f90:evdrdx
get_parameters: got "eval() arg 1 must be a string, bytes or code object" on 8
In: :N3_4App_ZV:N3_4App_ZV.f90:evdrdx
get_parameters: got "eval() arg 1 must be a string, bytes or code object" on 8
In: :N3_4App_ZV:N3_4App_ZV.f90:evdrdx
get_parameters: got "eval() arg 1 must be a string, bytes or code object" on 8
In: :N3_4App_ZV:N3_4App_ZV.f90:evdrdx
get_parameters: got "eval() arg 1 must be a string, bytes or code object" on 8
In: :N3_4App_ZV:N3_4App_ZV.f90:evdrdx
get_parameters: got "eval() arg 1 must be a string, bytes or code object" on 8
In: :N3_4App_ZV:N3_4App_ZV.f90:evdrdx
get_parameters: got "eval() arg 1 must be a string, bytes or code object" on 4
In: :N3_4App_ZV:N3_4App_ZV.f90:evdrdx
get_parameters: got "eval() arg 1 must be a string, bytes or code object" on 8
In: :N3_4App_ZV:N3_4App_ZV.f90:evdrdx
get_parameters: got "eval() arg 1 must be a string, bytes or code object" on 8
			Block: evdmsdr
In: :N3_4App_ZV:N3_4App_ZV.f90:evdmsdr
get_parameters: got "eval() arg 1 must be a string, bytes or code object" on 8
In: :N3_4App_ZV:N3_4App_ZV.f90:evdmsdr
get_parameters: got "eval() arg 1 must be a string, bytes or code object" on 8
In: :N3_4App_ZV:N3_4App_ZV.f90:evdmsdr
get_parameters: got "eval() arg 1 must be a string, bytes or code object" on 8
In: :N3_4App_ZV:N3_4App_ZV.f90:evdmsdr
get_parameters: got "eval() arg 1 must be a string, bytes or code object" on 8
In: :N3_4App_ZV:N3_4App_ZV.f90:evdmsdr
get_parameters: got "eval() arg 1 must be a string, bytes or code object" on 8
In: :N3_4App_ZV:N3_4App_ZV.f90:evdmsdr
get_parameters: got "eval() arg 1 must be a string, bytes or code object" on 8
In: :N3_4App_ZV:N3_4App_ZV.f90:evdmsdr
get_parameters: got "eval() arg 1 must be a string, bytes or code object" on 8
In: :N3_4App_ZV:N3_4App_ZV.f90:evdmsdr
get_parameters: got "eval() arg 1 must be a string, bytes or code object" on 4
In: :N3_4App_ZV:N3_4App_ZV.f90:evdmsdr
get_parameters: got "eval() arg 1 must be a string, bytes or code object" on 8
In: :N3_4App_ZV:N3_4App_ZV.f90:evdmsdr
get_parameters: got "eval() arg 1 must be a string, bytes or code object" on 8
			Block: evdmdr
In: :N3_4App_ZV:N3_4App_ZV.f90:evdmdr
get_parameters: got "eval() arg 1 must be a string, bytes or code object" on 8
In: :N3_4App_ZV:N3_4App_ZV.f90:evdmdr
get_parameters: got "eval() arg 1 must be a string, bytes or code object" on 8
In: :N3_4App_ZV:N3_4App_ZV.f90:evdmdr
get_parameters: got "eval() arg 1 must be a string, bytes or code object" on 8
In: :N3_4App_ZV:N3_4App_ZV.f90:evdmdr
get_parameters: got "eval() arg 1 must be a string, bytes or code object" on 8
In: :N3_4App_ZV:N3_4App_ZV.f90:evdmdr
get_parameters: got "eval() arg 1 must be a string, bytes or code object" on 8
In: :N3_4App_ZV:N3_4App_ZV.f90:evdmdr
get_parameters: got "eval() arg 1 must be a string, bytes or code object" on 8
In: :N3_4App_ZV:N3_4App_ZV.f90:evdmdr
get_parameters: got "eval() arg 1 must be a string, bytes or code object" on 8
In: :N3_4App_ZV:N3_4App_ZV.f90:evdmdr
get_parameters: got "eval() arg 1 must be a string, bytes or code object" on 4
In: :N3_4App_ZV:N3_4App_ZV.f90:evdmdr
get_parameters: got "eval() arg 1 must be a string, bytes or code object" on 8
In: :N3_4App_ZV:N3_4App_ZV.f90:evdmdr
get_parameters: got "eval() arg 1 must be a string, bytes or code object" on 8
			Block: evdpdr
In: :N3_4App_ZV:N3_4App_ZV.f90:evdpdr
get_parameters: got "eval() arg 1 must be a string, bytes or code object" on 8
In: :N3_4App_ZV:N3_4App_ZV.f90:evdpdr
get_parameters: got "eval() arg 1 must be a string, bytes or code object" on 8
In: :N3_4App_ZV:N3_4App_ZV.f90:evdpdr
get_parameters: got "eval() arg 1 must be a string, bytes or code object" on 8
In: :N3_4App_ZV:N3_4App_ZV.f90:evdpdr
get_parameters: got "eval() arg 1 must be a string, bytes or code object" on 8
In: :N3_4App_ZV:N3_4App_ZV.f90:evdpdr
get_parameters: got "eval() arg 1 must be a string, bytes or code object" on 8
In: :N3_4App_ZV:N3_4App_ZV.f90:evdpdr
get_parameters: got "eval() arg 1 must be a string, bytes or code object" on 8
In: :N3_4App_ZV:N3_4App_ZV.f90:evdpdr
get_parameters: got "eval() arg 1 must be a string, bytes or code object" on 8
In: :N3_4App_ZV:N3_4App_ZV.f90:evdpdr
get_parameters: got "eval() arg 1 must be a string, bytes or code object" on 4
In: :N3_4App_ZV:N3_4App_ZV.f90:evdpdr
get_parameters: got "eval() arg 1 must be a string, bytes or code object" on 8
In: :N3_4App_ZV:N3_4App_ZV.f90:evdpdr
get_parameters: got "eval() arg 1 must be a string, bytes or code object" on 8
			Block: evdbdr
In: :N3_4App_ZV:N3_4App_ZV.f90:evdbdr
get_parameters: got "eval() arg 1 must be a string, bytes or code object" on 8
In: :N3_4App_ZV:N3_4App_ZV.f90:evdbdr
get_parameters: got "eval() arg 1 must be a string, bytes or code object" on 8
In: :N3_4App_ZV:N3_4App_ZV.f90:evdbdr
get_parameters: got "eval() arg 1 must be a string, bytes or code object" on 8
In: :N3_4App_ZV:N3_4App_ZV.f90:evdbdr
get_parameters: got "eval() arg 1 must be a string, bytes or code object" on 8
In: :N3_4App_ZV:N3_4App_ZV.f90:evdbdr
get_parameters: got "eval() arg 1 must be a string, bytes or code object" on 8
In: :N3_4App_ZV:N3_4App_ZV.f90:evdbdr
get_parameters: got "eval() arg 1 must be a string, bytes or code object" on 8
In: :N3_4App_ZV:N3_4App_ZV.f90:evdbdr
get_parameters: got "eval() arg 1 must be a string, bytes or code object" on 8
In: :N3_4App_ZV:N3_4App_ZV.f90:evdbdr
get_parameters: got "eval() arg 1 must be a string, bytes or code object" on 4
In: :N3_4App_ZV:N3_4App_ZV.f90:evdbdr
get_parameters: got "eval() arg 1 must be a string, bytes or code object" on 8
In: :N3_4App_ZV:N3_4App_ZV.f90:evdbdr
get_parameters: got "eval() arg 1 must be a string, bytes or code object" on 8
			Block: d3disp
			Block: edisp
Applying post-processing hooks...
  character_backward_compatibility_hook
Post-processing (stage 2)...
	Block: N3_4App_ZV
		Block: unknown_interface
			Block: n3_4app_zv_par
			Block: pes
			Block: n3pes
			Block: coord_convt
			Block: evv
			Block: evdvdx
			Block: evmorse
			Block: evmono
			Block: evpoly
			Block: evbas
			Block: ev2gm2
			Block: patchfunc
			Block: evdvdr
			Block: evdrdx
			Block: evdmsdr
			Block: evdmdr
			Block: evdpdr
			Block: evdbdr
			Block: d3disp
			Block: edisp
Building modules...
    Building module "N3_4App_ZV"...
    Generating possibly empty wrappers"
    Maybe empty "N3_4App_ZV-f2pywrappers.f"
        Constructing wrapper function "pes"...
          potential,gradient,dvec = pes(x,igrad)
    Generating possibly empty wrappers"
    Maybe empty "N3_4App_ZV-f2pywrappers.f"
        Constructing wrapper function "n3pes"...
          n3pes(x,v,dvdx,igrad)
    Generating possibly empty wrappers"
    Maybe empty "N3_4App_ZV-f2pywrappers.f"
        Constructing wrapper function "coord_convt"...
          coord_convt(x)
    Generating possibly empty wrappers"
    Maybe empty "N3_4App_ZV-f2pywrappers.f"
        Constructing wrapper function "evv"...
          evv(v)
    Generating possibly empty wrappers"
    Maybe empty "N3_4App_ZV-f2pywrappers.f"
        Constructing wrapper function "evdvdx"...
          evdvdx(x,dvdx)
    Generating possibly empty wrappers"
    Maybe empty "N3_4App_ZV-f2pywrappers.f"
        Constructing wrapper function "evmorse"...
          evmorse()
    Generating possibly empty wrappers"
    Maybe empty "N3_4App_ZV-f2pywrappers.f"
        Constructing wrapper function "evmono"...
          evmono()
    Generating possibly empty wrappers"
    Maybe empty "N3_4App_ZV-f2pywrappers.f"
        Constructing wrapper function "evpoly"...
          evpoly()
    Generating possibly empty wrappers"
    Maybe empty "N3_4App_ZV-f2pywrappers.f"
        Constructing wrapper function "evbas"...
          evbas()
    Generating possibly empty wrappers"
    Maybe empty "N3_4App_ZV-f2pywrappers.f"
        Constructing wrapper function "ev2gm2"...
          ev2gm2(r,v,grad,imol,igrad)
    Generating possibly empty wrappers"
    Maybe empty "N3_4App_ZV-f2pywrappers.f"
        Constructing wrapper function "patchfunc"...
          patchfunc(vpf,dvpfdr,igrad)
    Generating possibly empty wrappers"
    Maybe empty "N3_4App_ZV-f2pywrappers.f"
        Constructing wrapper function "evdvdr"...
          evdvdr()
    Generating possibly empty wrappers"
    Maybe empty "N3_4App_ZV-f2pywrappers.f"
        Constructing wrapper function "evdrdx"...
          evdrdx(x)
    Generating possibly empty wrappers"
    Maybe empty "N3_4App_ZV-f2pywrappers.f"
        Constructing wrapper function "evdmsdr"...
          evdmsdr()
    Generating possibly empty wrappers"
    Maybe empty "N3_4App_ZV-f2pywrappers.f"
        Constructing wrapper function "evdmdr"...
          evdmdr()
    Generating possibly empty wrappers"
    Maybe empty "N3_4App_ZV-f2pywrappers.f"
        Constructing wrapper function "evdpdr"...
          evdpdr()
    Generating possibly empty wrappers"
    Maybe empty "N3_4App_ZV-f2pywrappers.f"
        Constructing wrapper function "evdbdr"...
          evdbdr()
    Generating possibly empty wrappers"
    Maybe empty "N3_4App_ZV-f2pywrappers.f"
        Constructing wrapper function "d3disp"...
          d3disp(dist,disp,dispdr,igrad,imol)
    Generating possibly empty wrappers"
    Maybe empty "N3_4App_ZV-f2pywrappers.f"
        Constructing wrapper function "edisp"...
          edisp(maxc,n,dist,iz,mxc,rs6,rs8,e6,e8,e6dr,e8dr,c6a,igrad,[max_elem])
		Constructing F90 module support for "n3_4app_zv_par"...
		  Variables: cconv econv gconv r rms rm p b dmsdr dmdr dpdr dvdr drdx dbdr a ab ra rb eref totdiss c
    Wrote C/API module "N3_4App_ZV" to file "/tmp/tmpfj2c9lmp/src.linux-x86_64-3.11/N3_4App_ZVmodule.c"
    Fortran 90 wrappers are saved to "/tmp/tmpfj2c9lmp/src.linux-x86_64-3.11/N3_4App_ZV-f2pywrappers2.f90"
INFO:   adding '/tmp/tmpfj2c9lmp/src.linux-x86_64-3.11/fortranobject.c' to sources.
INFO:   adding '/tmp/tmpfj2c9lmp/src.linux-x86_64-3.11' to include_dirs.
copying /home/truhlard/shuxx055/anaconda3/envs/test/lib/python3.11/site-packages/numpy/f2py/src/fortranobject.c -> /tmp/tmpfj2c9lmp/src.linux-x86_64-3.11
copying /home/truhlard/shuxx055/anaconda3/envs/test/lib/python3.11/site-packages/numpy/f2py/src/fortranobject.h -> /tmp/tmpfj2c9lmp/src.linux-x86_64-3.11
INFO:   adding '/tmp/tmpfj2c9lmp/src.linux-x86_64-3.11/N3_4App_ZV-f2pywrappers.f' to sources.
INFO:   adding '/tmp/tmpfj2c9lmp/src.linux-x86_64-3.11/N3_4App_ZV-f2pywrappers2.f90' to sources.
INFO: build_src: building npy-pkg config files
/home/truhlard/shuxx055/anaconda3/envs/test/lib/python3.11/site-packages/setuptools/_distutils/cmd.py:66: SetuptoolsDeprecationWarning: setup.py install is deprecated.
!!

        ********************************************************************************
        Please avoid running ``setup.py`` directly.
        Instead, use pypa/build, pypa/installer or other
        standards-based tools.

        See https://blog.ganssle.io/articles/2021/10/setup-py-deprecated.html for details.
        ********************************************************************************

!!
  self.initialize_options()
running build_ext
INFO: customize UnixCCompiler
INFO: customize UnixCCompiler using build_ext
INFO: get_default_fcompiler: matching types: '['arm', 'gnu95', 'intel', 'lahey', 'pg', 'nv', 'absoft', 'nag', 'vast', 'compaq', 'intele', 'intelem', 'gnu', 'g95', 'pathf95', 'nagfor', 'fujitsu']'
INFO: customize ArmFlangCompiler
WARN: Could not locate executable armflang
INFO: customize Gnu95FCompiler
INFO: Found executable /home/truhlard/shuxx055/anaconda3/envs/test/bin/gfortran
INFO: customize Gnu95FCompiler
INFO: customize Gnu95FCompiler using build_ext
INFO: building 'N3_4App_ZV' extension
INFO: compiling C sources
INFO: C compiler: gcc -pthread -B /home/truhlard/shuxx055/anaconda3/envs/test/compiler_compat -DNDEBUG -fwrapv -O2 -Wall -fPIC -O2 -isystem /home/truhlard/shuxx055/anaconda3/envs/test/include -fPIC -O2 -isystem /home/truhlard/shuxx055/anaconda3/envs/test/include -fPIC

creating /tmp/tmpfj2c9lmp/tmp
creating /tmp/tmpfj2c9lmp/tmp/tmpfj2c9lmp
creating /tmp/tmpfj2c9lmp/tmp/tmpfj2c9lmp/src.linux-x86_64-3.11
INFO: compile options: '-DNPY_DISABLE_OPTIMIZATION=1 -I/tmp/tmpfj2c9lmp/src.linux-x86_64-3.11 -I/home/truhlard/shuxx055/anaconda3/envs/test/lib/python3.11/site-packages/numpy/core/include -I/home/truhlard/shuxx055/anaconda3/envs/test/include/python3.11 -c'
INFO: gcc: /tmp/tmpfj2c9lmp/src.linux-x86_64-3.11/fortranobject.c
INFO: gcc: /tmp/tmpfj2c9lmp/src.linux-x86_64-3.11/N3_4App_ZVmodule.c
INFO: compiling Fortran 90 module sources
INFO: Fortran f77 compiler: /home/truhlard/shuxx055/anaconda3/envs/test/bin/gfortran -Wall -g -ffixed-form -fno-second-underscore -fPIC -O3 -funroll-loops
Fortran f90 compiler: /home/truhlard/shuxx055/anaconda3/envs/test/bin/gfortran -fallow-argument-mismatch -std=legacy -fPIC -O3 -funroll-loops
Fortran fix compiler: /home/truhlard/shuxx055/anaconda3/envs/test/bin/gfortran -Wall -g -ffixed-form -fno-second-underscore -fallow-argument-mismatch -std=legacy -fPIC -O3 -funroll-loops
INFO: compile options: '-I/tmp/tmpfj2c9lmp/src.linux-x86_64-3.11 -I/home/truhlard/shuxx055/anaconda3/envs/test/lib/python3.11/site-packages/numpy/core/include -I/home/truhlard/shuxx055/anaconda3/envs/test/include/python3.11 -c'
extra options: '-J/tmp/tmpfj2c9lmp/ -I/tmp/tmpfj2c9lmp/'
INFO: gfortran:f90: N3_4App_ZV.f90
INFO: compiling Fortran sources
INFO: Fortran f77 compiler: /home/truhlard/shuxx055/anaconda3/envs/test/bin/gfortran -Wall -g -ffixed-form -fno-second-underscore -fPIC -O3 -funroll-loops
Fortran f90 compiler: /home/truhlard/shuxx055/anaconda3/envs/test/bin/gfortran -fallow-argument-mismatch -std=legacy -fPIC -O3 -funroll-loops
Fortran fix compiler: /home/truhlard/shuxx055/anaconda3/envs/test/bin/gfortran -Wall -g -ffixed-form -fno-second-underscore -fallow-argument-mismatch -std=legacy -fPIC -O3 -funroll-loops
INFO: compile options: '-I/tmp/tmpfj2c9lmp/src.linux-x86_64-3.11 -I/home/truhlard/shuxx055/anaconda3/envs/test/lib/python3.11/site-packages/numpy/core/include -I/home/truhlard/shuxx055/anaconda3/envs/test/include/python3.11 -c'
extra options: '-J/tmp/tmpfj2c9lmp/ -I/tmp/tmpfj2c9lmp/'
INFO: gfortran:f90: /tmp/tmpfj2c9lmp/src.linux-x86_64-3.11/N3_4App_ZV-f2pywrappers2.f90
INFO: gfortran:f77: /tmp/tmpfj2c9lmp/src.linux-x86_64-3.11/N3_4App_ZV-f2pywrappers.f
INFO: /home/truhlard/shuxx055/anaconda3/envs/test/bin/gfortran -Wall -g -Wall -g -shared /tmp/tmpfj2c9lmp/tmp/tmpfj2c9lmp/src.linux-x86_64-3.11/N3_4App_ZVmodule.o /tmp/tmpfj2c9lmp/tmp/tmpfj2c9lmp/src.linux-x86_64-3.11/fortranobject.o /tmp/tmpfj2c9lmp/N3_4App_ZV.o /tmp/tmpfj2c9lmp/tmp/tmpfj2c9lmp/src.linux-x86_64-3.11/N3_4App_ZV-f2pywrappers.o /tmp/tmpfj2c9lmp/tmp/tmpfj2c9lmp/src.linux-x86_64-3.11/N3_4App_ZV-f2pywrappers2.o -L/panfs/jay/groups/16/truhlard/shuxx055/anaconda3/envs/test/bin/../lib/gcc/x86_64-conda-linux-gnu/13.1.0/../../../../x86_64-conda-linux-gnu/lib/../lib -L/panfs/jay/groups/16/truhlard/shuxx055/anaconda3/envs/test/bin/../lib/gcc/x86_64-conda-linux-gnu/13.1.0/../../../../x86_64-conda-linux-gnu/lib/../lib -lmkl_intel_lp64 -lmkl_sequential -lmkl_core -lgfortran -o ./N3_4App_ZV.cpython-311-x86_64-linux-gnu.so
Removing build directory /tmp/tmpfj2c9lmp
