running build
running config_cc
INFO: unifing config_cc, config, build_clib, build_ext, build commands --compiler options
running config_fc
INFO: unifing config_fc, config, build_clib, build_ext, build commands --fcompiler options
running build_src
INFO: build_src
INFO: building extension "MXHSB_LEPS_ModelSurface" sources
INFO: f2py options: []
INFO: f2py:> /tmp/tmp62by7005/src.linux-x86_64-3.11/MXHSB_LEPS_ModelSurfacemodule.c
creating /tmp/tmp62by7005/src.linux-x86_64-3.11
Reading fortran codes...
	Reading file 'MXHSB_LEPS_ModelSurface.f' (format:fix,strict)
Post-processing...
	Block: MXHSB_LEPS_ModelSurface
			Block: pes
			Block: evdrdx
			Block: diagonalize
			Block: prepot
{'attrspec': ['dimension(nt,3)']}
In: :MXHSB_LEPS_ModelSurface:MXHSB_LEPS_ModelSurface.f:pot
vars2fortran: No typespec for argument "r".
{'attrspec': ['dimension(nt)']}
In: :MXHSB_LEPS_ModelSurface:MXHSB_LEPS_ModelSurface.f:pot
vars2fortran: No typespec for argument "e".
{'attrspec': ['dimension(3,nt)']}
In: :MXHSB_LEPS_ModelSurface:MXHSB_LEPS_ModelSurface.f:pot
vars2fortran: No typespec for argument "de".
			Block: pot
			Block: g_prepot11
			Block: g_prepot12
			Block: g_prepot22
Applying post-processing hooks...
  character_backward_compatibility_hook
Post-processing (stage 2)...
Building modules...
    Building module "MXHSB_LEPS_ModelSurface"...
    Generating possibly empty wrappers"
    Maybe empty "MXHSB_LEPS_ModelSurface-f2pywrappers.f"
        Constructing wrapper function "pes"...
          p,g,d = pes(x,igrad)
    Generating possibly empty wrappers"
    Maybe empty "MXHSB_LEPS_ModelSurface-f2pywrappers.f"
        Constructing wrapper function "evdrdx"...
          drdx = evdrdx(x,r)
    Generating possibly empty wrappers"
    Maybe empty "MXHSB_LEPS_ModelSurface-f2pywrappers.f"
        Constructing wrapper function "diagonalize"...
          ev_s,u_ss = diagonalize(a_ss,[n])
    Generating possibly empty wrappers"
    Maybe empty "MXHSB_LEPS_ModelSurface-f2pywrappers.f"
        Constructing wrapper function "prepot"...
          prepot()
    Generating possibly empty wrappers"
    Maybe empty "MXHSB_LEPS_ModelSurface-f2pywrappers.f"
        Constructing wrapper function "pot"...
          pot(r,e,de,nsurf,[nt])
    Generating possibly empty wrappers"
    Maybe empty "MXHSB_LEPS_ModelSurface-f2pywrappers.f"
        Constructing wrapper function "g_prepot11"...
          g_prepot11(g_p_)
    Generating possibly empty wrappers"
    Maybe empty "MXHSB_LEPS_ModelSurface-f2pywrappers.f"
        Constructing wrapper function "g_pot11"...
          g_pot11(g_p_,r,g_r,ldg_r,e,g_e,ldg_e,nt)
    Generating possibly empty wrappers"
    Maybe empty "MXHSB_LEPS_ModelSurface-f2pywrappers.f"
        Constructing wrapper function "g_prepot12"...
          g_prepot12(g_p_)
    Generating possibly empty wrappers"
    Maybe empty "MXHSB_LEPS_ModelSurface-f2pywrappers.f"
        Constructing wrapper function "g_pot12"...
          g_pot12(g_p_,r,g_r,ldg_r,e,g_e,ldg_e,nt)
    Generating possibly empty wrappers"
    Maybe empty "MXHSB_LEPS_ModelSurface-f2pywrappers.f"
        Constructing wrapper function "g_prepot22"...
          g_prepot22(g_p_)
    Generating possibly empty wrappers"
    Maybe empty "MXHSB_LEPS_ModelSurface-f2pywrappers.f"
        Constructing wrapper function "g_pot22"...
          g_pot22(g_p_,r,g_r,ldg_r,e,g_e,ldg_e,nt)
		Constructing COMMON block support for "com_para"...
		  g_myrank,g_nprocs
		Constructing COMMON block support for "sur_diapot"...
		  e_diat,de_diat_dr,e_asym
    Wrote C/API module "MXHSB_LEPS_ModelSurface" to file "/tmp/tmp62by7005/src.linux-x86_64-3.11/MXHSB_LEPS_ModelSurfacemodule.c"
    Fortran 77 wrappers are saved to "/tmp/tmp62by7005/src.linux-x86_64-3.11/MXHSB_LEPS_ModelSurface-f2pywrappers.f"
INFO:   adding '/tmp/tmp62by7005/src.linux-x86_64-3.11/fortranobject.c' to sources.
INFO:   adding '/tmp/tmp62by7005/src.linux-x86_64-3.11' to include_dirs.
copying /home/truhlard/shuxx055/anaconda3/envs/test/lib/python3.11/site-packages/numpy/f2py/src/fortranobject.c -> /tmp/tmp62by7005/src.linux-x86_64-3.11
copying /home/truhlard/shuxx055/anaconda3/envs/test/lib/python3.11/site-packages/numpy/f2py/src/fortranobject.h -> /tmp/tmp62by7005/src.linux-x86_64-3.11
INFO:   adding '/tmp/tmp62by7005/src.linux-x86_64-3.11/MXHSB_LEPS_ModelSurface-f2pywrappers.f' to sources.
INFO: build_src: building npy-pkg config files
/home/truhlard/shuxx055/anaconda3/envs/test/lib/python3.11/site-packages/setuptools/_distutils/cmd.py:66: SetuptoolsDeprecationWarning: setup.py install is deprecated.
!!

        ********************************************************************************
        Please avoid running ``setup.py`` directly.
        Instead, use pypa/build, pypa/installer or other
        standards-based tools.

        See https://blog.ganssle.io/articles/2021/10/setup-py-deprecated.html for details.
        ********************************************************************************

!!
  self.initialize_options()
running build_ext
INFO: customize UnixCCompiler
INFO: customize UnixCCompiler using build_ext
INFO: get_default_fcompiler: matching types: '['arm', 'gnu95', 'intel', 'lahey', 'pg', 'nv', 'absoft', 'nag', 'vast', 'compaq', 'intele', 'intelem', 'gnu', 'g95', 'pathf95', 'nagfor', 'fujitsu']'
INFO: customize ArmFlangCompiler
WARN: Could not locate executable armflang
INFO: customize Gnu95FCompiler
INFO: Found executable /home/truhlard/shuxx055/anaconda3/envs/test/bin/gfortran
INFO: customize Gnu95FCompiler
INFO: customize Gnu95FCompiler using build_ext
INFO: building 'MXHSB_LEPS_ModelSurface' extension
INFO: compiling C sources
INFO: C compiler: gcc -pthread -B /home/truhlard/shuxx055/anaconda3/envs/test/compiler_compat -DNDEBUG -fwrapv -O2 -Wall -fPIC -O2 -isystem /home/truhlard/shuxx055/anaconda3/envs/test/include -fPIC -O2 -isystem /home/truhlard/shuxx055/anaconda3/envs/test/include -fPIC

creating /tmp/tmp62by7005/tmp
creating /tmp/tmp62by7005/tmp/tmp62by7005
creating /tmp/tmp62by7005/tmp/tmp62by7005/src.linux-x86_64-3.11
INFO: compile options: '-DNPY_DISABLE_OPTIMIZATION=1 -I/tmp/tmp62by7005/src.linux-x86_64-3.11 -I/home/truhlard/shuxx055/anaconda3/envs/test/lib/python3.11/site-packages/numpy/core/include -I/home/truhlard/shuxx055/anaconda3/envs/test/include/python3.11 -c'
INFO: gcc: /tmp/tmp62by7005/src.linux-x86_64-3.11/MXHSB_LEPS_ModelSurfacemodule.c
INFO: gcc: /tmp/tmp62by7005/src.linux-x86_64-3.11/fortranobject.c
INFO: compiling Fortran sources
INFO: Fortran f77 compiler: /home/truhlard/shuxx055/anaconda3/envs/test/bin/gfortran -fallow-argument-mismatch -std=legacy -fPIC -O3 -funroll-loops
Fortran f90 compiler: /home/truhlard/shuxx055/anaconda3/envs/test/bin/gfortran -Wall -g -fno-second-underscore -fPIC -O3 -funroll-loops
Fortran fix compiler: /home/truhlard/shuxx055/anaconda3/envs/test/bin/gfortran -Wall -g -ffixed-form -fno-second-underscore -Wall -g -fno-second-underscore -fPIC -O3 -funroll-loops
INFO: compile options: '-I/tmp/tmp62by7005/src.linux-x86_64-3.11 -I/home/truhlard/shuxx055/anaconda3/envs/test/lib/python3.11/site-packages/numpy/core/include -I/home/truhlard/shuxx055/anaconda3/envs/test/include/python3.11 -c'
INFO: gfortran:f77: /tmp/tmp62by7005/src.linux-x86_64-3.11/MXHSB_LEPS_ModelSurface-f2pywrappers.f
INFO: gfortran:f77: MXHSB_LEPS_ModelSurface.f
INFO: /home/truhlard/shuxx055/anaconda3/envs/test/bin/gfortran -Wall -g -Wall -g -shared /tmp/tmp62by7005/tmp/tmp62by7005/src.linux-x86_64-3.11/MXHSB_LEPS_ModelSurfacemodule.o /tmp/tmp62by7005/tmp/tmp62by7005/src.linux-x86_64-3.11/fortranobject.o /tmp/tmp62by7005/MXHSB_LEPS_ModelSurface.o /tmp/tmp62by7005/tmp/tmp62by7005/src.linux-x86_64-3.11/MXHSB_LEPS_ModelSurface-f2pywrappers.o -L/panfs/jay/groups/16/truhlard/shuxx055/anaconda3/envs/test/bin/../lib/gcc/x86_64-conda-linux-gnu/13.1.0/../../../../x86_64-conda-linux-gnu/lib/../lib -L/panfs/jay/groups/16/truhlard/shuxx055/anaconda3/envs/test/bin/../lib/gcc/x86_64-conda-linux-gnu/13.1.0/../../../../x86_64-conda-linux-gnu/lib/../lib -lmkl_intel_lp64 -lmkl_sequential -lmkl_core -lgfortran -o ./MXHSB_LEPS_ModelSurface.cpython-311-x86_64-linux-gnu.so
Removing build directory /tmp/tmp62by7005
