running build
running config_cc
INFO: unifing config_cc, config, build_clib, build_ext, build commands --compiler options
running config_fc
INFO: unifing config_fc, config, build_clib, build_ext, build commands --fcompiler options
running build_src
INFO: build_src
INFO: building extension "FH2O_PIPNN" sources
INFO: f2py options: []
INFO: f2py:> /tmp/tmprczgmmke/src.linux-x86_64-3.11/FH2O_PIPNNmodule.c
creating /tmp/tmprczgmmke/src.linux-x86_64-3.11
rmbadname1: Replacing "switch" with "switch_bn".
Reading fortran codes...
	Reading file 'FH2O_PIPNN.f90' (format:fix)
Post-processing...
	Block: FH2O_PIPNN
			Block: nnparam
In: :FH2O_PIPNN:FH2O_PIPNN.f90:nnparam
get_parameters: got "eval() arg 1 must be a string, bytes or code object" on 4
In: :FH2O_PIPNN:FH2O_PIPNN.f90:nnparam
get_parameters: got "eval() arg 1 must be a string, bytes or code object" on 4
In: :FH2O_PIPNN:FH2O_PIPNN.f90:nnparam
get_parameters: got "eval() arg 1 must be a string, bytes or code object" on 4
In: :FH2O_PIPNN:FH2O_PIPNN.f90:nnparam
get_parameters: got "eval() arg 1 must be a string, bytes or code object" on 4
In: :FH2O_PIPNN:FH2O_PIPNN.f90:nnparam
get_parameters: got "eval() arg 1 must be a string, bytes or code object" on 4
			Block: pes
In: :FH2O_PIPNN:FH2O_PIPNN.f90:pes
get_parameters: got "eval() arg 1 must be a string, bytes or code object" on 4
In: :FH2O_PIPNN:FH2O_PIPNN.f90:pes
get_parameters: got "eval() arg 1 must be a string, bytes or code object" on 4
In: :FH2O_PIPNN:FH2O_PIPNN.f90:pes
get_parameters: got "eval() arg 1 must be a string, bytes or code object" on 4
In: :FH2O_PIPNN:FH2O_PIPNN.f90:pes
get_parameters: got "eval() arg 1 must be a string, bytes or code object" on 4
In: :FH2O_PIPNN:FH2O_PIPNN.f90:pes
get_parameters: got "eval() arg 1 must be a string, bytes or code object" on 4
			Block: fh2o_soc_nn
In: :FH2O_PIPNN:FH2O_PIPNN.f90:fh2o_soc_nn
get_parameters: got "eval() arg 1 must be a string, bytes or code object" on 4
In: :FH2O_PIPNN:FH2O_PIPNN.f90:fh2o_soc_nn
get_parameters: got "eval() arg 1 must be a string, bytes or code object" on 4
In: :FH2O_PIPNN:FH2O_PIPNN.f90:fh2o_soc_nn
get_parameters: got "eval() arg 1 must be a string, bytes or code object" on 4
In: :FH2O_PIPNN:FH2O_PIPNN.f90:fh2o_soc_nn
get_parameters: got "eval() arg 1 must be a string, bytes or code object" on 4
In: :FH2O_PIPNN:FH2O_PIPNN.f90:fh2o_soc_nn
get_parameters: got "eval() arg 1 must be a string, bytes or code object" on 4
			Block: orderxnt
			Block: r1function
In: :FH2O_PIPNN:FH2O_PIPNN.f90:r1function
get_parameters: got "eval() arg 1 must be a string, bytes or code object" on 4
In: :FH2O_PIPNN:FH2O_PIPNN.f90:r1function
get_parameters: got "eval() arg 1 must be a string, bytes or code object" on 4
			Block: r2function
In: :FH2O_PIPNN:FH2O_PIPNN.f90:r2function
get_parameters: got "eval() arg 1 must be a string, bytes or code object" on 4
In: :FH2O_PIPNN:FH2O_PIPNN.f90:r2function
get_parameters: got "eval() arg 1 must be a string, bytes or code object" on 4
			Block: p2function
In: :FH2O_PIPNN:FH2O_PIPNN.f90:p2function
get_parameters: got "eval() arg 1 must be a string, bytes or code object" on 4
In: :FH2O_PIPNN:FH2O_PIPNN.f90:p2function
get_parameters: got "eval() arg 1 must be a string, bytes or code object" on 4
			Block: soc_react_ground
In: :FH2O_PIPNN:FH2O_PIPNN.f90:soc_react_ground
get_parameters: got "eval() arg 1 must be a string, bytes or code object" on 4
In: :FH2O_PIPNN:FH2O_PIPNN.f90:soc_react_ground
get_parameters: got "eval() arg 1 must be a string, bytes or code object" on 4
In: :FH2O_PIPNN:FH2O_PIPNN.f90:soc_react_ground
get_parameters: got "eval() arg 1 must be a string, bytes or code object" on 4
In: :FH2O_PIPNN:FH2O_PIPNN.f90:soc_react_ground
get_parameters: got "eval() arg 1 must be a string, bytes or code object" on 4
In: :FH2O_PIPNN:FH2O_PIPNN.f90:soc_react_ground
get_parameters: got "eval() arg 1 must be a string, bytes or code object" on 4
			Block: soc_product_ground
In: :FH2O_PIPNN:FH2O_PIPNN.f90:soc_product_ground
get_parameters: got "eval() arg 1 must be a string, bytes or code object" on 4
In: :FH2O_PIPNN:FH2O_PIPNN.f90:soc_product_ground
get_parameters: got "eval() arg 1 must be a string, bytes or code object" on 4
In: :FH2O_PIPNN:FH2O_PIPNN.f90:soc_product_ground
get_parameters: got "eval() arg 1 must be a string, bytes or code object" on 4
In: :FH2O_PIPNN:FH2O_PIPNN.f90:soc_product_ground
get_parameters: got "eval() arg 1 must be a string, bytes or code object" on 4
In: :FH2O_PIPNN:FH2O_PIPNN.f90:soc_product_ground
get_parameters: got "eval() arg 1 must be a string, bytes or code object" on 4
			Block: fh2onn
In: :FH2O_PIPNN:FH2O_PIPNN.f90:fh2onn
get_parameters: got "eval() arg 1 must be a string, bytes or code object" on 4
In: :FH2O_PIPNN:FH2O_PIPNN.f90:fh2onn
get_parameters: got "eval() arg 1 must be a string, bytes or code object" on 4
In: :FH2O_PIPNN:FH2O_PIPNN.f90:fh2onn
get_parameters: got "eval() arg 1 must be a string, bytes or code object" on 4
In: :FH2O_PIPNN:FH2O_PIPNN.f90:fh2onn
get_parameters: got "eval() arg 1 must be a string, bytes or code object" on 4
In: :FH2O_PIPNN:FH2O_PIPNN.f90:fh2onn
get_parameters: got "eval() arg 1 must be a string, bytes or code object" on 4
			Block: pes_init
In: :FH2O_PIPNN:FH2O_PIPNN.f90:pes_init
get_parameters: got "eval() arg 1 must be a string, bytes or code object" on 4
In: :FH2O_PIPNN:FH2O_PIPNN.f90:pes_init
get_parameters: got "eval() arg 1 must be a string, bytes or code object" on 4
In: :FH2O_PIPNN:FH2O_PIPNN.f90:pes_init
get_parameters: got "eval() arg 1 must be a string, bytes or code object" on 4
In: :FH2O_PIPNN:FH2O_PIPNN.f90:pes_init
get_parameters: got "eval() arg 1 must be a string, bytes or code object" on 4
In: :FH2O_PIPNN:FH2O_PIPNN.f90:pes_init
get_parameters: got "eval() arg 1 must be a string, bytes or code object" on 4
			Block: getpota
In: :FH2O_PIPNN:FH2O_PIPNN.f90:getpota
get_parameters: got "eval() arg 1 must be a string, bytes or code object" on 4
In: :FH2O_PIPNN:FH2O_PIPNN.f90:getpota
get_parameters: got "eval() arg 1 must be a string, bytes or code object" on 4
In: :FH2O_PIPNN:FH2O_PIPNN.f90:getpota
get_parameters: got "eval() arg 1 must be a string, bytes or code object" on 4
In: :FH2O_PIPNN:FH2O_PIPNN.f90:getpota
get_parameters: got "eval() arg 1 must be a string, bytes or code object" on 4
In: :FH2O_PIPNN:FH2O_PIPNN.f90:getpota
get_parameters: got "eval() arg 1 must be a string, bytes or code object" on 4
			Block: getpotb
In: :FH2O_PIPNN:FH2O_PIPNN.f90:getpotb
get_parameters: got "eval() arg 1 must be a string, bytes or code object" on 4
In: :FH2O_PIPNN:FH2O_PIPNN.f90:getpotb
get_parameters: got "eval() arg 1 must be a string, bytes or code object" on 4
In: :FH2O_PIPNN:FH2O_PIPNN.f90:getpotb
get_parameters: got "eval() arg 1 must be a string, bytes or code object" on 4
In: :FH2O_PIPNN:FH2O_PIPNN.f90:getpotb
get_parameters: got "eval() arg 1 must be a string, bytes or code object" on 4
In: :FH2O_PIPNN:FH2O_PIPNN.f90:getpotb
get_parameters: got "eval() arg 1 must be a string, bytes or code object" on 4
			Block: getpotc
In: :FH2O_PIPNN:FH2O_PIPNN.f90:getpotc
get_parameters: got "eval() arg 1 must be a string, bytes or code object" on 4
In: :FH2O_PIPNN:FH2O_PIPNN.f90:getpotc
get_parameters: got "eval() arg 1 must be a string, bytes or code object" on 4
In: :FH2O_PIPNN:FH2O_PIPNN.f90:getpotc
get_parameters: got "eval() arg 1 must be a string, bytes or code object" on 4
In: :FH2O_PIPNN:FH2O_PIPNN.f90:getpotc
get_parameters: got "eval() arg 1 must be a string, bytes or code object" on 4
In: :FH2O_PIPNN:FH2O_PIPNN.f90:getpotc
get_parameters: got "eval() arg 1 must be a string, bytes or code object" on 4
			Block: tranfun
			Block: emsav
			Block: bemsav
			Block: evmono
			Block: evpoly
			Block: xyztojcb3
			Block: jcb3tocart
			Block: cart_dijacobi
			Block: dijacobi_cart
			Block: crossp
Applying post-processing hooks...
  character_backward_compatibility_hook
Post-processing (stage 2)...
	Block: FH2O_PIPNN
		Block: unknown_interface
			Block: nnparam
			Block: pes
			Block: fh2o_soc_nn
			Block: orderxnt
			Block: r1function
			Block: r2function
			Block: p2function
			Block: soc_react_ground
			Block: soc_product_ground
			Block: fh2onn
			Block: pes_init
			Block: getpota
			Block: getpotb
			Block: getpotc
			Block: tranfun
			Block: emsav
			Block: bemsav
			Block: evmono
			Block: evpoly
			Block: xyztojcb3
			Block: jcb3tocart
			Block: cart_dijacobi
			Block: dijacobi_cart
			Block: crossp
Building modules...
    Building module "FH2O_PIPNN"...
    Generating possibly empty wrappers"
    Maybe empty "FH2O_PIPNN-f2pywrappers.f"
        Constructing wrapper function "pes"...
          p,g,d = pes(x,igrad,path)
    Generating possibly empty wrappers"
    Maybe empty "FH2O_PIPNN-f2pywrappers.f"
        Constructing wrapper function "fh2o_soc_nn"...
          fh2o_soc_nn(xt,vg,socg,vgsoc)
    Generating possibly empty wrappers"
    Maybe empty "FH2O_PIPNN-f2pywrappers.f"
        Constructing wrapper function "orderxnt"...
          orderxnt(x1,x2)
    Generating possibly empty wrappers"
    Maybe empty "FH2O_PIPNN-f2pywrappers.f"
		Creating wrapper for Fortran function "r1function"("r1function")...
        Constructing wrapper function "r1function"...
          r1function = r1function(r,n)
    Generating possibly empty wrappers"
    Maybe empty "FH2O_PIPNN-f2pywrappers.f"
		Creating wrapper for Fortran function "r2function"("r2function")...
        Constructing wrapper function "r2function"...
          r2function = r2function(r,n)
    Generating possibly empty wrappers"
    Maybe empty "FH2O_PIPNN-f2pywrappers.f"
		Creating wrapper for Fortran function "p2function"("p2function")...
        Constructing wrapper function "p2function"...
          p2function = p2function(r,n)
    Generating possibly empty wrappers"
    Maybe empty "FH2O_PIPNN-f2pywrappers.f"
        Constructing wrapper function "soc_react_ground"...
          soc_react_ground(rcom,t2,phi,socrg)
    Generating possibly empty wrappers"
    Maybe empty "FH2O_PIPNN-f2pywrappers.f"
        Constructing wrapper function "soc_product_ground"...
          soc_product_ground(rcom,t1,t2,phi,socpg)
    Generating possibly empty wrappers"
    Maybe empty "FH2O_PIPNN-f2pywrappers.f"
        Constructing wrapper function "fh2onn"...
          fh2onn(ct,vpes,vpesa,vpesb,vpesc)
    Generating possibly empty wrappers"
    Maybe empty "FH2O_PIPNN-f2pywrappers.f"
        Constructing wrapper function "pes_init"...
          pes_init(path)
    Generating possibly empty wrappers"
    Maybe empty "FH2O_PIPNN-f2pywrappers.f"
        Constructing wrapper function "getpota"...
          getpota(x,vpot)
    Generating possibly empty wrappers"
    Maybe empty "FH2O_PIPNN-f2pywrappers.f"
        Constructing wrapper function "getpotb"...
          getpotb(x,vpot)
    Generating possibly empty wrappers"
    Maybe empty "FH2O_PIPNN-f2pywrappers.f"
        Constructing wrapper function "getpotc"...
          getpotc(x,vpot)
    Generating possibly empty wrappers"
    Maybe empty "FH2O_PIPNN-f2pywrappers.f"
		Creating wrapper for Fortran function "tranfun"("tranfun")...
        Constructing wrapper function "tranfun"...
          tranfun = tranfun(x,ifunc)
    Generating possibly empty wrappers"
    Maybe empty "FH2O_PIPNN-f2pywrappers.f"
		Creating wrapper for Fortran function "emsav"("emsav")...
        Constructing wrapper function "emsav"...
          v = emsav(x,c)
    Generating possibly empty wrappers"
    Maybe empty "FH2O_PIPNN-f2pywrappers.f"
        Constructing wrapper function "bemsav"...
          p = bemsav(x)
    Generating possibly empty wrappers"
    Maybe empty "FH2O_PIPNN-f2pywrappers.f"
        Constructing wrapper function "evmono"...
          m = evmono(x)
    Generating possibly empty wrappers"
    Maybe empty "FH2O_PIPNN-f2pywrappers.f"
        Constructing wrapper function "evpoly"...
          p = evpoly(m)
    Generating possibly empty wrappers"
    Maybe empty "FH2O_PIPNN-f2pywrappers.f"
        Constructing wrapper function "xyztojcb3"...
          xyztojcb3(ct,rt)
    Generating possibly empty wrappers"
    Maybe empty "FH2O_PIPNN-f2pywrappers.f"
        Constructing wrapper function "jcb3tocart"...
          jcb3tocart(rint,cart)
    Generating possibly empty wrappers"
    Maybe empty "FH2O_PIPNN-f2pywrappers.f"
        Constructing wrapper function "cart_dijacobi"...
          cart_dijacobi(c1,r)
    Generating possibly empty wrappers"
    Maybe empty "FH2O_PIPNN-f2pywrappers.f"
        Constructing wrapper function "dijacobi_cart"...
          dijacobi_cart(r,c)
    Generating possibly empty wrappers"
    Maybe empty "FH2O_PIPNN-f2pywrappers.f"
        Constructing wrapper function "crossp"...
          crossp(v1,v2,v3)
		Constructing F90 module support for "nnparam"...
		  Variables: alpha vpesmin pi radian bohr nbasis nrbasissoc npbasissoc ninput noutput nhid nlayer ifunc nwe nodemax nterm nindex nscale nodes r1soccoef r2soccoef p2soccoef weighta biasa pdela pavga weightb biasb pdelb pavgb weightc biasc pdelc pavgc
getarrdims:warning: assumed shape array, using 0 instead of ':'
getarrdims:warning: assumed shape array, using 0 instead of ':'
getarrdims:warning: assumed shape array, using 0 instead of ':'
getarrdims:warning: assumed shape array, using 0 instead of ':'
getarrdims:warning: assumed shape array, using 0 instead of ':'
getarrdims:warning: assumed shape array, using 0 instead of ':'
getarrdims:warning: assumed shape array, using 0 instead of ':'
getarrdims:warning: assumed shape array, using 0 instead of ':'
getarrdims:warning: assumed shape array, using 0 instead of ':'
getarrdims:warning: assumed shape array, using 0 instead of ':'
getarrdims:warning: assumed shape array, using 0 instead of ':'
getarrdims:warning: assumed shape array, using 0 instead of ':'
getarrdims:warning: assumed shape array, using 0 instead of ':'
getarrdims:warning: assumed shape array, using 0 instead of ':'
getarrdims:warning: assumed shape array, using 0 instead of ':'
getarrdims:warning: assumed shape array, using 0 instead of ':'
getarrdims:warning: assumed shape array, using 0 instead of ':'
getarrdims:warning: assumed shape array, using 0 instead of ':'
getarrdims:warning: assumed shape array, using 0 instead of ':'
getarrdims:warning: assumed shape array, using 0 instead of ':'
getarrdims:warning: assumed shape array, using 0 instead of ':'
getarrdims:warning: assumed shape array, using 0 instead of ':'
    Wrote C/API module "FH2O_PIPNN" to file "/tmp/tmprczgmmke/src.linux-x86_64-3.11/FH2O_PIPNNmodule.c"
    Fortran 77 wrappers are saved to "/tmp/tmprczgmmke/src.linux-x86_64-3.11/FH2O_PIPNN-f2pywrappers.f"
    Fortran 90 wrappers are saved to "/tmp/tmprczgmmke/src.linux-x86_64-3.11/FH2O_PIPNN-f2pywrappers2.f90"
INFO:   adding '/tmp/tmprczgmmke/src.linux-x86_64-3.11/fortranobject.c' to sources.
INFO:   adding '/tmp/tmprczgmmke/src.linux-x86_64-3.11' to include_dirs.
copying /home/truhlard/shuxx055/anaconda3/lib/python3.11/site-packages/numpy/f2py/src/fortranobject.c -> /tmp/tmprczgmmke/src.linux-x86_64-3.11
copying /home/truhlard/shuxx055/anaconda3/lib/python3.11/site-packages/numpy/f2py/src/fortranobject.h -> /tmp/tmprczgmmke/src.linux-x86_64-3.11
INFO:   adding '/tmp/tmprczgmmke/src.linux-x86_64-3.11/FH2O_PIPNN-f2pywrappers.f' to sources.
INFO:   adding '/tmp/tmprczgmmke/src.linux-x86_64-3.11/FH2O_PIPNN-f2pywrappers2.f90' to sources.
INFO: build_src: building npy-pkg config files
/home/truhlard/shuxx055/anaconda3/lib/python3.11/site-packages/setuptools/_distutils/cmd.py:66: SetuptoolsDeprecationWarning: setup.py install is deprecated.
!!

        ********************************************************************************
        Please avoid running ``setup.py`` directly.
        Instead, use pypa/build, pypa/installer, pypa/build or
        other standards-based tools.

        See https://blog.ganssle.io/articles/2021/10/setup-py-deprecated.html for details.
        ********************************************************************************

!!
  self.initialize_options()
running build_ext
INFO: customize UnixCCompiler
INFO: customize UnixCCompiler using build_ext
INFO: get_default_fcompiler: matching types: '['arm', 'gnu95', 'intel', 'lahey', 'pg', 'nv', 'absoft', 'nag', 'vast', 'compaq', 'intele', 'intelem', 'gnu', 'g95', 'pathf95', 'nagfor', 'fujitsu']'
INFO: customize ArmFlangCompiler
WARN: Could not locate executable armflang
INFO: customize Gnu95FCompiler
INFO: Found executable /home/truhlard/shuxx055/anaconda3/bin/gfortran
INFO: customize Gnu95FCompiler
INFO: customize Gnu95FCompiler using build_ext
INFO: building 'FH2O_PIPNN' extension
INFO: compiling C sources
INFO: C compiler: gcc -pthread -B /home/truhlard/shuxx055/anaconda3/compiler_compat -DNDEBUG -fwrapv -O2 -Wall -fPIC -O2 -isystem /home/truhlard/shuxx055/anaconda3/include -fPIC -O2 -isystem /home/truhlard/shuxx055/anaconda3/include -fPIC

creating /tmp/tmprczgmmke/tmp
creating /tmp/tmprczgmmke/tmp/tmprczgmmke
creating /tmp/tmprczgmmke/tmp/tmprczgmmke/src.linux-x86_64-3.11
INFO: compile options: '-DNPY_DISABLE_OPTIMIZATION=1 -I/tmp/tmprczgmmke/src.linux-x86_64-3.11 -I/home/truhlard/shuxx055/anaconda3/lib/python3.11/site-packages/numpy/core/include -I/home/truhlard/shuxx055/anaconda3/include/python3.11 -c'
INFO: gcc: /tmp/tmprczgmmke/src.linux-x86_64-3.11/fortranobject.c
INFO: gcc: /tmp/tmprczgmmke/src.linux-x86_64-3.11/FH2O_PIPNNmodule.c
/tmp/tmprczgmmke/src.linux-x86_64-3.11/FH2O_PIPNNmodule.c: In function 'f2py_setup_nnparam':
/tmp/tmprczgmmke/src.linux-x86_64-3.11/FH2O_PIPNNmodule.c:2867:35: warning: assignment to 'f2py_init_func' {aka 'void (*)(int *, long int *, void (*)(char *, long int *), int *)'} from incompatible pointer type 'void (*)(int *, int *, void (*)(char *, int *), int *)' [-Wincompatible-pointer-types]
 2867 |   f2py_nnparam_def[i_f2py++].func = nodes;
      |                                   ^
/tmp/tmprczgmmke/src.linux-x86_64-3.11/FH2O_PIPNNmodule.c:2871:35: warning: assignment to 'f2py_init_func' {aka 'void (*)(int *, long int *, void (*)(char *, long int *), int *)'} from incompatible pointer type 'void (*)(int *, int *, void (*)(char *, int *), int *)' [-Wincompatible-pointer-types]
 2871 |   f2py_nnparam_def[i_f2py++].func = weighta;
      |                                   ^
/tmp/tmprczgmmke/src.linux-x86_64-3.11/FH2O_PIPNNmodule.c:2872:35: warning: assignment to 'f2py_init_func' {aka 'void (*)(int *, long int *, void (*)(char *, long int *), int *)'} from incompatible pointer type 'void (*)(int *, int *, void (*)(char *, int *), int *)' [-Wincompatible-pointer-types]
 2872 |   f2py_nnparam_def[i_f2py++].func = biasa;
      |                                   ^
/tmp/tmprczgmmke/src.linux-x86_64-3.11/FH2O_PIPNNmodule.c:2873:35: warning: assignment to 'f2py_init_func' {aka 'void (*)(int *, long int *, void (*)(char *, long int *), int *)'} from incompatible pointer type 'void (*)(int *, int *, void (*)(char *, int *), int *)' [-Wincompatible-pointer-types]
 2873 |   f2py_nnparam_def[i_f2py++].func = pdela;
      |                                   ^
/tmp/tmprczgmmke/src.linux-x86_64-3.11/FH2O_PIPNNmodule.c:2874:35: warning: assignment to 'f2py_init_func' {aka 'void (*)(int *, long int *, void (*)(char *, long int *), int *)'} from incompatible pointer type 'void (*)(int *, int *, void (*)(char *, int *), int *)' [-Wincompatible-pointer-types]
 2874 |   f2py_nnparam_def[i_f2py++].func = pavga;
      |                                   ^
/tmp/tmprczgmmke/src.linux-x86_64-3.11/FH2O_PIPNNmodule.c:2875:35: warning: assignment to 'f2py_init_func' {aka 'void (*)(int *, long int *, void (*)(char *, long int *), int *)'} from incompatible pointer type 'void (*)(int *, int *, void (*)(char *, int *), int *)' [-Wincompatible-pointer-types]
 2875 |   f2py_nnparam_def[i_f2py++].func = weightb;
      |                                   ^
/tmp/tmprczgmmke/src.linux-x86_64-3.11/FH2O_PIPNNmodule.c:2876:35: warning: assignment to 'f2py_init_func' {aka 'void (*)(int *, long int *, void (*)(char *, long int *), int *)'} from incompatible pointer type 'void (*)(int *, int *, void (*)(char *, int *), int *)' [-Wincompatible-pointer-types]
 2876 |   f2py_nnparam_def[i_f2py++].func = biasb;
      |                                   ^
/tmp/tmprczgmmke/src.linux-x86_64-3.11/FH2O_PIPNNmodule.c:2877:35: warning: assignment to 'f2py_init_func' {aka 'void (*)(int *, long int *, void (*)(char *, long int *), int *)'} from incompatible pointer type 'void (*)(int *, int *, void (*)(char *, int *), int *)' [-Wincompatible-pointer-types]
 2877 |   f2py_nnparam_def[i_f2py++].func = pdelb;
      |                                   ^
/tmp/tmprczgmmke/src.linux-x86_64-3.11/FH2O_PIPNNmodule.c:2878:35: warning: assignment to 'f2py_init_func' {aka 'void (*)(int *, long int *, void (*)(char *, long int *), int *)'} from incompatible pointer type 'void (*)(int *, int *, void (*)(char *, int *), int *)' [-Wincompatible-pointer-types]
 2878 |   f2py_nnparam_def[i_f2py++].func = pavgb;
      |                                   ^
/tmp/tmprczgmmke/src.linux-x86_64-3.11/FH2O_PIPNNmodule.c:2879:35: warning: assignment to 'f2py_init_func' {aka 'void (*)(int *, long int *, void (*)(char *, long int *), int *)'} from incompatible pointer type 'void (*)(int *, int *, void (*)(char *, int *), int *)' [-Wincompatible-pointer-types]
 2879 |   f2py_nnparam_def[i_f2py++].func = weightc;
      |                                   ^
/tmp/tmprczgmmke/src.linux-x86_64-3.11/FH2O_PIPNNmodule.c:2880:35: warning: assignment to 'f2py_init_func' {aka 'void (*)(int *, long int *, void (*)(char *, long int *), int *)'} from incompatible pointer type 'void (*)(int *, int *, void (*)(char *, int *), int *)' [-Wincompatible-pointer-types]
 2880 |   f2py_nnparam_def[i_f2py++].func = biasc;
      |                                   ^
/tmp/tmprczgmmke/src.linux-x86_64-3.11/FH2O_PIPNNmodule.c:2881:35: warning: assignment to 'f2py_init_func' {aka 'void (*)(int *, long int *, void (*)(char *, long int *), int *)'} from incompatible pointer type 'void (*)(int *, int *, void (*)(char *, int *), int *)' [-Wincompatible-pointer-types]
 2881 |   f2py_nnparam_def[i_f2py++].func = pdelc;
      |                                   ^
/tmp/tmprczgmmke/src.linux-x86_64-3.11/FH2O_PIPNNmodule.c:2882:35: warning: assignment to 'f2py_init_func' {aka 'void (*)(int *, long int *, void (*)(char *, long int *), int *)'} from incompatible pointer type 'void (*)(int *, int *, void (*)(char *, int *), int *)' [-Wincompatible-pointer-types]
 2882 |   f2py_nnparam_def[i_f2py++].func = pavgc;
      |                                   ^
INFO: compiling Fortran 90 module sources
INFO: Fortran f77 compiler: /home/truhlard/shuxx055/anaconda3/bin/gfortran -Wall -g -ffixed-form -fno-second-underscore -fPIC -O3 -funroll-loops
Fortran f90 compiler: /home/truhlard/shuxx055/anaconda3/bin/gfortran -fallow-argument-mismatch -std=legacy -fPIC -O3 -funroll-loops
Fortran fix compiler: /home/truhlard/shuxx055/anaconda3/bin/gfortran -Wall -g -ffixed-form -fno-second-underscore -fallow-argument-mismatch -std=legacy -fPIC -O3 -funroll-loops
INFO: compile options: '-I/tmp/tmprczgmmke/src.linux-x86_64-3.11 -I/home/truhlard/shuxx055/anaconda3/lib/python3.11/site-packages/numpy/core/include -I/home/truhlard/shuxx055/anaconda3/include/python3.11 -c'
extra options: '-J/tmp/tmprczgmmke/ -I/tmp/tmprczgmmke/'
INFO: gfortran:fix: FH2O_PIPNN.f90
FH2O_PIPNN.f90:946:17:

  946 |       real*8 dotp,costh1,costh2,AMass,BMass,CMass,DMass,costh3
      |                 1
Warning: Unused variable 'dotp' declared at (1) [-Wunused-variable]
FH2O_PIPNN.f90:943:40:

  943 |       real*8 r(1:6),c(1:3,1:4),Mass(1:4),c1(1:3,1:4)
      |                                        1
Warning: Unused variable 'mass' declared at (1) [-Wunused-variable]
FH2O_PIPNN.f90:310:18:

  310 |        integer j,k
      |                  1
Warning: Unused variable 'k' declared at (1) [-Wunused-variable]
FH2O_PIPNN.f90:311:57:

  311 |        real*8 rb(ndim),xbond(ndim),basis(0:nbasis-1),tmp1
      |                                                         1
Warning: Unused variable 'tmp1' declared at (1) [-Wunused-variable]
FH2O_PIPNN.f90:414:23:

  414 |         character f1*80,line
      |                       1
Warning: Unused variable 'f1' declared at (1) [-Wunused-variable]
FH2O_PIPNN.f90:41:31:

   41 |       integer :: iatom, idir, j, istate
      |                               1
Warning: Unused variable 'j' declared at (1) [-Wunused-variable]
FH2O_PIPNN.f90:39:45:

   39 |       double precision :: v, va, vb, vc, socg, vgsoc
      |                                             1
Warning: Unused variable 'socg' declared at (1) [-Wunused-variable]
FH2O_PIPNN.f90:39:52:

   39 |       double precision :: v, va, vb, vc, socg, vgsoc
      |                                                    1
Warning: Unused variable 'vgsoc' declared at (1) [-Wunused-variable]
FH2O_PIPNN.f90:94:23:

   94 |       integer n,k,l,m,j,nrcom
      |                       1
Warning: Unused variable 'j' declared at (1) [-Wunused-variable]
FH2O_PIPNN.f90:94:17:

   94 |       integer n,k,l,m,j,nrcom
      |                 1
Warning: Unused variable 'k' declared at (1) [-Wunused-variable]
FH2O_PIPNN.f90:94:19:

   94 |       integer n,k,l,m,j,nrcom
      |                   1
Warning: Unused variable 'l' declared at (1) [-Wunused-variable]
FH2O_PIPNN.f90:94:21:

   94 |       integer n,k,l,m,j,nrcom
      |                     1
Warning: Unused variable 'm' declared at (1) [-Wunused-variable]
FH2O_PIPNN.f90:94:15:

   94 |       integer n,k,l,m,j,nrcom
      |               1
Warning: Unused variable 'n' declared at (1) [-Wunused-variable]
FH2O_PIPNN.f90:94:29:

   94 |       integer n,k,l,m,j,nrcom
      |                             1
Warning: Unused variable 'nrcom' declared at (1) [-Wunused-variable]
FH2O_PIPNN.f90:93:23:

   93 |       real*8 p2function,tp2basis(npbasissoc)
      |                       1
Warning: Unused variable 'p2function' declared at (1) [-Wunused-variable]
FH2O_PIPNN.f90:97:39:

   97 |       real*8 r1switch,r2switch,p2switch,switch
      |                                       1
Warning: Unused variable 'p2switch' declared at (1) [-Wunused-variable]
FH2O_PIPNN.f90:92:23:

   92 |       real*8 r1function,r2function,rcom,the1,the2,phi
      |                       1
Warning: Unused variable 'r1function' declared at (1) [-Wunused-variable]
FH2O_PIPNN.f90:97:21:

   97 |       real*8 r1switch,r2switch,p2switch,switch
      |                     1
Warning: Unused variable 'r1switch' declared at (1) [-Wunused-variable]
FH2O_PIPNN.f90:92:34:

   92 |       real*8 r1function,r2function,rcom,the1,the2,phi
      |                                  1
Warning: Unused variable 'r2function' declared at (1) [-Wunused-variable]
FH2O_PIPNN.f90:97:30:

   97 |       real*8 r1switch,r2switch,p2switch,switch
      |                              1
Warning: Unused variable 'r2switch' declared at (1) [-Wunused-variable]
FH2O_PIPNN.f90:96:36:

   96 |       real*8 socrg,socrs,socpg,socps
      |                                    1
Warning: Unused variable 'socps' declared at (1) [-Wunused-variable]
FH2O_PIPNN.f90:96:24:

   96 |       real*8 socrg,socrs,socpg,socps
      |                        1
Warning: Unused variable 'socrs' declared at (1) [-Wunused-variable]
FH2O_PIPNN.f90:95:31:

   95 |       real*8 vg,vgsoc,socg,socs,vpesa,vpesb,vpesc
      |                               1
Warning: Unused variable 'socs' declared at (1) [-Wunused-variable]
FH2O_PIPNN.f90:93:44:

   93 |       real*8 p2function,tp2basis(npbasissoc)
      |                                            1
Warning: Unused variable 'tp2basis' declared at (1) [-Wunused-variable]
FH2O_PIPNN.f90:91:33:

   91 |       real*8 tr1basis(nrbasissoc),tr2basis(nrbasissoc)
      |                                 1
Warning: Unused variable 'tr1basis' declared at (1) [-Wunused-variable]
FH2O_PIPNN.f90:91:54:

   91 |       real*8 tr1basis(nrbasissoc),tr2basis(nrbasissoc)
      |                                                      1
Warning: Unused variable 'tr2basis' declared at (1) [-Wunused-variable]
FH2O_PIPNN.f90:872:32:

  872 |       real*8 wa,wb,wc,wd,abm,cdm,ama,amb,amc,amd
      |                                1
Warning: Unused variable 'cdm' declared at (1) [-Wunused-variable]
FH2O_PIPNN.f90:881:18:

  881 |       real*8 temp1,temp2,temp3
      |                  1
Warning: Unused variable 'temp1' declared at (1) [-Wunused-variable]
FH2O_PIPNN.f90:881:24:

  881 |       real*8 temp1,temp2,temp3
      |                        1
Warning: Unused variable 'temp2' declared at (1) [-Wunused-variable]
FH2O_PIPNN.f90:881:30:

  881 |       real*8 temp1,temp2,temp3
      |                              1
Warning: Unused variable 'temp3' declared at (1) [-Wunused-variable]
FH2O_PIPNN.f90:872:21:

  872 |       real*8 wa,wb,wc,wd,abm,cdm,ama,amb,amc,amd
      |                     1
Warning: Unused variable 'wc' declared at (1) [-Wunused-variable]
FH2O_PIPNN.f90:872:24:

  872 |       real*8 wa,wb,wc,wd,abm,cdm,ama,amb,amc,amd
      |                        1
Warning: Unused variable 'wd' declared at (1) [-Wunused-variable]
FH2O_PIPNN.f90:1023:20:

 1023 |       real*8 cm(3,2),vec(1:3,1:6), PI
      |                    1
Warning: Unused variable 'cm' declared at (1) [-Wunused-variable]
FH2O_PIPNN.f90:1024:41:

 1024 |       real*8 XA,XB,YC,YD,Cxsin,Dxsin,dotp
      |                                         1
Warning: Unused variable 'dotp' declared at (1) [-Wunused-variable]
FH2O_PIPNN.f90:1025:16:

 1025 |       real*8 RX1,RX2,RX3,RX4,RX5,RX6
      |                1
Warning: Unused variable 'rx1' declared at (1) [-Wunused-variable]
FH2O_PIPNN.f90:1025:20:

 1025 |       real*8 RX1,RX2,RX3,RX4,RX5,RX6
      |                    1
Warning: Unused variable 'rx2' declared at (1) [-Wunused-variable]
FH2O_PIPNN.f90:1025:24:

 1025 |       real*8 RX1,RX2,RX3,RX4,RX5,RX6
      |                        1
Warning: Unused variable 'rx3' declared at (1) [-Wunused-variable]
FH2O_PIPNN.f90:1025:28:

 1025 |       real*8 RX1,RX2,RX3,RX4,RX5,RX6
      |                            1
Warning: Unused variable 'rx4' declared at (1) [-Wunused-variable]
FH2O_PIPNN.f90:1025:32:

 1025 |       real*8 RX1,RX2,RX3,RX4,RX5,RX6
      |                                1
Warning: Unused variable 'rx5' declared at (1) [-Wunused-variable]
FH2O_PIPNN.f90:1025:36:

 1025 |       real*8 RX1,RX2,RX3,RX4,RX5,RX6
      |                                    1
Warning: Unused variable 'rx6' declared at (1) [-Wunused-variable]
FH2O_PIPNN.f90:1023:33:

 1023 |       real*8 cm(3,2),vec(1:3,1:6), PI
      |                                 1
Warning: Unused variable 'vec' declared at (1) [-Wunused-variable]
FH2O_PIPNN.f90:716:8:

  716 |         function tranfun(x,ifunc)
      |        ^
Warning: '__result_tranfun' may be used uninitialized [-Wmaybe-uninitialized]
INFO: compiling Fortran sources
INFO: Fortran f77 compiler: /home/truhlard/shuxx055/anaconda3/bin/gfortran -Wall -g -ffixed-form -fno-second-underscore -fPIC -O3 -funroll-loops
Fortran f90 compiler: /home/truhlard/shuxx055/anaconda3/bin/gfortran -fallow-argument-mismatch -std=legacy -fPIC -O3 -funroll-loops
Fortran fix compiler: /home/truhlard/shuxx055/anaconda3/bin/gfortran -Wall -g -ffixed-form -fno-second-underscore -fallow-argument-mismatch -std=legacy -fPIC -O3 -funroll-loops
INFO: compile options: '-I/tmp/tmprczgmmke/src.linux-x86_64-3.11 -I/home/truhlard/shuxx055/anaconda3/lib/python3.11/site-packages/numpy/core/include -I/home/truhlard/shuxx055/anaconda3/include/python3.11 -c'
extra options: '-J/tmp/tmprczgmmke/ -I/tmp/tmprczgmmke/'
INFO: gfortran:f90: /tmp/tmprczgmmke/src.linux-x86_64-3.11/FH2O_PIPNN-f2pywrappers2.f90
INFO: gfortran:f77: /tmp/tmprczgmmke/src.linux-x86_64-3.11/FH2O_PIPNN-f2pywrappers.f
INFO: /home/truhlard/shuxx055/anaconda3/bin/gfortran -Wall -g -Wall -g -shared /tmp/tmprczgmmke/tmp/tmprczgmmke/src.linux-x86_64-3.11/FH2O_PIPNNmodule.o /tmp/tmprczgmmke/tmp/tmprczgmmke/src.linux-x86_64-3.11/fortranobject.o /tmp/tmprczgmmke/FH2O_PIPNN.o /tmp/tmprczgmmke/tmp/tmprczgmmke/src.linux-x86_64-3.11/FH2O_PIPNN-f2pywrappers.o /tmp/tmprczgmmke/tmp/tmprczgmmke/src.linux-x86_64-3.11/FH2O_PIPNN-f2pywrappers2.o -L/panfs/jay/groups/16/truhlard/shuxx055/anaconda3/bin/../lib/gcc/x86_64-conda-linux-gnu/13.1.0/../../../../x86_64-conda-linux-gnu/lib/../lib -L/panfs/jay/groups/16/truhlard/shuxx055/anaconda3/bin/../lib/gcc/x86_64-conda-linux-gnu/13.1.0/../../../../x86_64-conda-linux-gnu/lib/../lib -lmkl_intel_lp64 -lmkl_sequential -lmkl_core -lgfortran -o ./FH2O_PIPNN.cpython-311-x86_64-linux-gnu.so
Removing build directory /tmp/tmprczgmmke
