running build
running config_cc
INFO: unifing config_cc, config, build_clib, build_ext, build commands --compiler options
running config_fc
INFO: unifing config_fc, config, build_clib, build_ext, build commands --fcompiler options
running build_src
INFO: build_src
INFO: building extension "C2H2N2O_PIPNN" sources
INFO: f2py options: []
INFO: f2py:> /tmp/tmpbra0950z/src.linux-x86_64-3.11/C2H2N2O_PIPNNmodule.c
creating /tmp/tmpbra0950z/src.linux-x86_64-3.11
Reading fortran codes...
	Reading file 'C2H2N2O_PIPNN.f90' (format:free)
Post-processing...
	Block: C2H2N2O_PIPNN
			Block: nnparam1
In: :C2H2N2O_PIPNN:C2H2N2O_PIPNN.f90:nnparam1
get_parameters: got "eval() arg 1 must be a string, bytes or code object" on 4
In: :C2H2N2O_PIPNN:C2H2N2O_PIPNN.f90:nnparam1
get_parameters: got "eval() arg 1 must be a string, bytes or code object" on 4
In: :C2H2N2O_PIPNN:C2H2N2O_PIPNN.f90:nnparam1
get_parameters: got "eval() arg 1 must be a string, bytes or code object" on 4
In: :C2H2N2O_PIPNN:C2H2N2O_PIPNN.f90:nnparam1
get_parameters: got "eval() arg 1 must be a string, bytes or code object" on 4
In: :C2H2N2O_PIPNN:C2H2N2O_PIPNN.f90:nnparam1
get_parameters: got "eval() arg 1 must be a string, bytes or code object" on 4
			Block: pes
In: :C2H2N2O_PIPNN:C2H2N2O_PIPNN.f90:pes
get_parameters: got "eval() arg 1 must be a string, bytes or code object" on 4
In: :C2H2N2O_PIPNN:C2H2N2O_PIPNN.f90:pes
get_parameters: got "eval() arg 1 must be a string, bytes or code object" on 4
In: :C2H2N2O_PIPNN:C2H2N2O_PIPNN.f90:pes
get_parameters: got "eval() arg 1 must be a string, bytes or code object" on 4
In: :C2H2N2O_PIPNN:C2H2N2O_PIPNN.f90:pes
get_parameters: got "eval() arg 1 must be a string, bytes or code object" on 4
In: :C2H2N2O_PIPNN:C2H2N2O_PIPNN.f90:pes
get_parameters: got "eval() arg 1 must be a string, bytes or code object" on 4
			Block: evvdvdx
In: :C2H2N2O_PIPNN:C2H2N2O_PIPNN.f90:evvdvdx
get_parameters: got "eval() arg 1 must be a string, bytes or code object" on 4
In: :C2H2N2O_PIPNN:C2H2N2O_PIPNN.f90:evvdvdx
get_parameters: got "eval() arg 1 must be a string, bytes or code object" on 4
			Block: pes_init
In: :C2H2N2O_PIPNN:C2H2N2O_PIPNN.f90:pes_init
get_parameters: got "eval() arg 1 must be a string, bytes or code object" on 4
In: :C2H2N2O_PIPNN:C2H2N2O_PIPNN.f90:pes_init
get_parameters: got "eval() arg 1 must be a string, bytes or code object" on 4
In: :C2H2N2O_PIPNN:C2H2N2O_PIPNN.f90:pes_init
get_parameters: got "eval() arg 1 must be a string, bytes or code object" on 4
In: :C2H2N2O_PIPNN:C2H2N2O_PIPNN.f90:pes_init
get_parameters: got "eval() arg 1 must be a string, bytes or code object" on 4
In: :C2H2N2O_PIPNN:C2H2N2O_PIPNN.f90:pes_init
get_parameters: got "eval() arg 1 must be a string, bytes or code object" on 4
			Block: pot3a
In: :C2H2N2O_PIPNN:C2H2N2O_PIPNN.f90:pot3a
get_parameters: got "eval() arg 1 must be a string, bytes or code object" on 4
In: :C2H2N2O_PIPNN:C2H2N2O_PIPNN.f90:pot3a
get_parameters: got "eval() arg 1 must be a string, bytes or code object" on 4
In: :C2H2N2O_PIPNN:C2H2N2O_PIPNN.f90:pot3a
get_parameters: got "eval() arg 1 must be a string, bytes or code object" on 4
In: :C2H2N2O_PIPNN:C2H2N2O_PIPNN.f90:pot3a
get_parameters: got "eval() arg 1 must be a string, bytes or code object" on 4
In: :C2H2N2O_PIPNN:C2H2N2O_PIPNN.f90:pot3a
get_parameters: got "eval() arg 1 must be a string, bytes or code object" on 4
			Block: tranfun1
			Block: logsig1
			Block: bemsav
			Block: evmono
			Block: evpoly
Applying post-processing hooks...
  character_backward_compatibility_hook
Post-processing (stage 2)...
	Block: C2H2N2O_PIPNN
		Block: unknown_interface
			Block: nnparam1
			Block: pes
			Block: evvdvdx
			Block: pes_init
			Block: pot3a
			Block: tranfun1
			Block: logsig1
			Block: bemsav
			Block: evmono
			Block: evpoly
Building modules...
    Building module "C2H2N2O_PIPNN"...
    Generating possibly empty wrappers"
    Maybe empty "C2H2N2O_PIPNN-f2pywrappers.f"
        Constructing wrapper function "pes"...
          p,g,d = pes(x,igrad,path)
    Generating possibly empty wrappers"
    Maybe empty "C2H2N2O_PIPNN-f2pywrappers.f"
        Constructing wrapper function "evvdvdx"...
          evvdvdx(xcart,v)
    Generating possibly empty wrappers"
    Maybe empty "C2H2N2O_PIPNN-f2pywrappers.f"
        Constructing wrapper function "pes_init"...
          pes_init(path)
    Generating possibly empty wrappers"
    Maybe empty "C2H2N2O_PIPNN-f2pywrappers.f"
        Constructing wrapper function "pot3a"...
          pot3a(x,vpot3)
    Generating possibly empty wrappers"
    Maybe empty "C2H2N2O_PIPNN-f2pywrappers.f"
		Creating wrapper for Fortran function "tranfun1"("tranfun1")...
        Constructing wrapper function "tranfun1"...
          tranfun1 = tranfun1(x,ifunc)
    Generating possibly empty wrappers"
    Maybe empty "C2H2N2O_PIPNN-f2pywrappers.f"
		Creating wrapper for Fortran function "logsig1"("logsig1")...
        Constructing wrapper function "logsig1"...
          logsig1 = logsig1(x)
    Generating possibly empty wrappers"
    Maybe empty "C2H2N2O_PIPNN-f2pywrappers.f"
        Constructing wrapper function "bemsav"...
          bemsav(x,p)
    Generating possibly empty wrappers"
    Maybe empty "C2H2N2O_PIPNN-f2pywrappers.f"
        Constructing wrapper function "evmono"...
          evmono(x,m)
    Generating possibly empty wrappers"
    Maybe empty "C2H2N2O_PIPNN-f2pywrappers.f"
        Constructing wrapper function "evpoly"...
          evpoly(m,p)
		Constructing F90 module support for "nnparam1"...
		  Variables: alpha pi radian bohr para2 nbasis natom nbond ninput1 noutput1 nscale1 nhid3 nlayer31 ifunc31 nwe3 nodemax31 nodes3a1 weight3a1 bias3a1 pdel3a1 pavg3a1
getarrdims:warning: assumed shape array, using 0 instead of ':'
getarrdims:warning: assumed shape array, using 0 instead of ':'
getarrdims:warning: assumed shape array, using 0 instead of ':'
getarrdims:warning: assumed shape array, using 0 instead of ':'
getarrdims:warning: assumed shape array, using 0 instead of ':'
getarrdims:warning: assumed shape array, using 0 instead of ':'
getarrdims:warning: assumed shape array, using 0 instead of ':'
getarrdims:warning: assumed shape array, using 0 instead of ':'
    Wrote C/API module "C2H2N2O_PIPNN" to file "/tmp/tmpbra0950z/src.linux-x86_64-3.11/C2H2N2O_PIPNNmodule.c"
    Fortran 77 wrappers are saved to "/tmp/tmpbra0950z/src.linux-x86_64-3.11/C2H2N2O_PIPNN-f2pywrappers.f"
    Fortran 90 wrappers are saved to "/tmp/tmpbra0950z/src.linux-x86_64-3.11/C2H2N2O_PIPNN-f2pywrappers2.f90"
INFO:   adding '/tmp/tmpbra0950z/src.linux-x86_64-3.11/fortranobject.c' to sources.
INFO:   adding '/tmp/tmpbra0950z/src.linux-x86_64-3.11' to include_dirs.
copying /home/truhlard/shuxx055/anaconda3/envs/test/lib/python3.11/site-packages/numpy/f2py/src/fortranobject.c -> /tmp/tmpbra0950z/src.linux-x86_64-3.11
copying /home/truhlard/shuxx055/anaconda3/envs/test/lib/python3.11/site-packages/numpy/f2py/src/fortranobject.h -> /tmp/tmpbra0950z/src.linux-x86_64-3.11
INFO:   adding '/tmp/tmpbra0950z/src.linux-x86_64-3.11/C2H2N2O_PIPNN-f2pywrappers.f' to sources.
INFO:   adding '/tmp/tmpbra0950z/src.linux-x86_64-3.11/C2H2N2O_PIPNN-f2pywrappers2.f90' to sources.
INFO: build_src: building npy-pkg config files
/home/truhlard/shuxx055/anaconda3/envs/test/lib/python3.11/site-packages/setuptools/_distutils/cmd.py:66: SetuptoolsDeprecationWarning: setup.py install is deprecated.
!!

        ********************************************************************************
        Please avoid running ``setup.py`` directly.
        Instead, use pypa/build, pypa/installer or other
        standards-based tools.

        See https://blog.ganssle.io/articles/2021/10/setup-py-deprecated.html for details.
        ********************************************************************************

!!
  self.initialize_options()
running build_ext
INFO: customize UnixCCompiler
INFO: customize UnixCCompiler using build_ext
INFO: get_default_fcompiler: matching types: '['arm', 'gnu95', 'intel', 'lahey', 'pg', 'nv', 'absoft', 'nag', 'vast', 'compaq', 'intele', 'intelem', 'gnu', 'g95', 'pathf95', 'nagfor', 'fujitsu']'
INFO: customize ArmFlangCompiler
WARN: Could not locate executable armflang
INFO: customize Gnu95FCompiler
INFO: Found executable /home/truhlard/shuxx055/anaconda3/envs/test/bin/gfortran
INFO: customize Gnu95FCompiler
INFO: customize Gnu95FCompiler using build_ext
INFO: building 'C2H2N2O_PIPNN' extension
INFO: compiling C sources
INFO: C compiler: gcc -pthread -B /home/truhlard/shuxx055/anaconda3/envs/test/compiler_compat -DNDEBUG -fwrapv -O2 -Wall -fPIC -O2 -isystem /home/truhlard/shuxx055/anaconda3/envs/test/include -fPIC -O2 -isystem /home/truhlard/shuxx055/anaconda3/envs/test/include -fPIC

creating /tmp/tmpbra0950z/tmp
creating /tmp/tmpbra0950z/tmp/tmpbra0950z
creating /tmp/tmpbra0950z/tmp/tmpbra0950z/src.linux-x86_64-3.11
INFO: compile options: '-DNPY_DISABLE_OPTIMIZATION=1 -I/tmp/tmpbra0950z/src.linux-x86_64-3.11 -I/home/truhlard/shuxx055/anaconda3/envs/test/lib/python3.11/site-packages/numpy/core/include -I/home/truhlard/shuxx055/anaconda3/envs/test/include/python3.11 -c'
INFO: gcc: /tmp/tmpbra0950z/src.linux-x86_64-3.11/fortranobject.c
INFO: gcc: /tmp/tmpbra0950z/src.linux-x86_64-3.11/C2H2N2O_PIPNNmodule.c
INFO: compiling Fortran 90 module sources
INFO: Fortran f77 compiler: /home/truhlard/shuxx055/anaconda3/envs/test/bin/gfortran -Wall -g -ffixed-form -fno-second-underscore -fPIC -O3 -funroll-loops
Fortran f90 compiler: /home/truhlard/shuxx055/anaconda3/envs/test/bin/gfortran -fallow-argument-mismatch -std=legacy -fPIC -O3 -funroll-loops
Fortran fix compiler: /home/truhlard/shuxx055/anaconda3/envs/test/bin/gfortran -Wall -g -ffixed-form -fno-second-underscore -fallow-argument-mismatch -std=legacy -fPIC -O3 -funroll-loops
INFO: compile options: '-I/tmp/tmpbra0950z/src.linux-x86_64-3.11 -I/home/truhlard/shuxx055/anaconda3/envs/test/lib/python3.11/site-packages/numpy/core/include -I/home/truhlard/shuxx055/anaconda3/envs/test/include/python3.11 -c'
extra options: '-J/tmp/tmpbra0950z/ -I/tmp/tmpbra0950z/'
INFO: gfortran:f90: C2H2N2O_PIPNN.f90
INFO: compiling Fortran sources
INFO: Fortran f77 compiler: /home/truhlard/shuxx055/anaconda3/envs/test/bin/gfortran -Wall -g -ffixed-form -fno-second-underscore -fPIC -O3 -funroll-loops
Fortran f90 compiler: /home/truhlard/shuxx055/anaconda3/envs/test/bin/gfortran -fallow-argument-mismatch -std=legacy -fPIC -O3 -funroll-loops
Fortran fix compiler: /home/truhlard/shuxx055/anaconda3/envs/test/bin/gfortran -Wall -g -ffixed-form -fno-second-underscore -fallow-argument-mismatch -std=legacy -fPIC -O3 -funroll-loops
INFO: compile options: '-I/tmp/tmpbra0950z/src.linux-x86_64-3.11 -I/home/truhlard/shuxx055/anaconda3/envs/test/lib/python3.11/site-packages/numpy/core/include -I/home/truhlard/shuxx055/anaconda3/envs/test/include/python3.11 -c'
extra options: '-J/tmp/tmpbra0950z/ -I/tmp/tmpbra0950z/'
INFO: gfortran:f90: /tmp/tmpbra0950z/src.linux-x86_64-3.11/C2H2N2O_PIPNN-f2pywrappers2.f90
INFO: gfortran:f77: /tmp/tmpbra0950z/src.linux-x86_64-3.11/C2H2N2O_PIPNN-f2pywrappers.f
INFO: /home/truhlard/shuxx055/anaconda3/envs/test/bin/gfortran -Wall -g -Wall -g -shared /tmp/tmpbra0950z/tmp/tmpbra0950z/src.linux-x86_64-3.11/C2H2N2O_PIPNNmodule.o /tmp/tmpbra0950z/tmp/tmpbra0950z/src.linux-x86_64-3.11/fortranobject.o /tmp/tmpbra0950z/C2H2N2O_PIPNN.o /tmp/tmpbra0950z/tmp/tmpbra0950z/src.linux-x86_64-3.11/C2H2N2O_PIPNN-f2pywrappers.o /tmp/tmpbra0950z/tmp/tmpbra0950z/src.linux-x86_64-3.11/C2H2N2O_PIPNN-f2pywrappers2.o -L/panfs/jay/groups/16/truhlard/shuxx055/anaconda3/envs/test/bin/../lib/gcc/x86_64-conda-linux-gnu/13.1.0/../../../../x86_64-conda-linux-gnu/lib/../lib -L/panfs/jay/groups/16/truhlard/shuxx055/anaconda3/envs/test/bin/../lib/gcc/x86_64-conda-linux-gnu/13.1.0/../../../../x86_64-conda-linux-gnu/lib/../lib -lmkl_intel_lp64 -lmkl_sequential -lmkl_core -lgfortran -o ./C2H2N2O_PIPNN.cpython-311-x86_64-linux-gnu.so
Removing build directory /tmp/tmpbra0950z
