running build
running config_cc
INFO: unifing config_cc, config, build_clib, build_ext, build commands --compiler options
running config_fc
INFO: unifing config_fc, config, build_clib, build_ext, build commands --fcompiler options
running build_src
INFO: build_src
INFO: building extension "CH4OCl_PIPNN" sources
INFO: f2py options: []
INFO: f2py:> /tmp/tmpqcc3m_h4/src.linux-x86_64-3.11/CH4OCl_PIPNNmodule.c
creating /tmp/tmpqcc3m_h4/src.linux-x86_64-3.11
Reading fortran codes...
	Reading file 'CH4OCl_PIPNN.f90' (format:free)
Line #222 in CH4OCl_PIPNN.f90:"c    ifunc=1, transfer function is hyperbolic tangent function, 'tansig' "
	analyzeline: No name/args pattern found for line.
Line #223 in CH4OCl_PIPNN.f90:"c    ifunc=2, transfer function is log sigmoid function, 'logsig' "
	analyzeline: No name/args pattern found for line.
Line #224 in CH4OCl_PIPNN.f90:"c    ifunc=3, transfer function is pure linear function, 'purelin'. It is imposed to the output layer by default "
	analyzeline: No name/args pattern found for line.
crackline: groupcounter=5 groupname={0: '', 1: 'module', 2: 'interface', 3: 'function', 4: 'function', 5: 'function', 6: 'subroutine'}
crackline: Mismatch of blocks encountered. Trying to fix it by assuming "end" statement.
crackline: groupcounter=4 groupname={0: '', 1: 'module', 2: 'interface', 3: 'function', 4: 'function', 5: 'function', 6: 'subroutine'}
crackline: Mismatch of blocks encountered. Trying to fix it by assuming "end" statement.
crackline: groupcounter=3 groupname={0: '', 1: 'module', 2: 'interface', 3: 'function', 4: 'function', 5: 'function', 6: 'subroutine'}
crackline: Mismatch of blocks encountered. Trying to fix it by assuming "end" statement.
crackline: groupcounter=2 groupname={0: '', 1: 'module', 2: 'interface', 3: 'function', 4: 'function', 5: 'function', 6: 'subroutine'}
crackline: Mismatch of blocks encountered. Trying to fix it by assuming "end" statement.
crackline: groupcounter=1 groupname={0: '', 1: 'module', 2: 'interface', 3: 'function', 4: 'function', 5: 'function', 6: 'subroutine'}
crackline: Mismatch of blocks encountered. Trying to fix it by assuming "end" statement.
Post-processing...
	Block: CH4OCl_PIPNN
			Block: nnparam
In: :CH4OCl_PIPNN:CH4OCl_PIPNN.f90:nnparam
get_parameters: got "eval() arg 1 must be a string, bytes or code object" on 4
In: :CH4OCl_PIPNN:CH4OCl_PIPNN.f90:nnparam
get_parameters: got "eval() arg 1 must be a string, bytes or code object" on 4
In: :CH4OCl_PIPNN:CH4OCl_PIPNN.f90:nnparam
get_parameters: got "eval() arg 1 must be a string, bytes or code object" on 4
In: :CH4OCl_PIPNN:CH4OCl_PIPNN.f90:nnparam
get_parameters: got "eval() arg 1 must be a string, bytes or code object" on 4
			Block: pes
In: :CH4OCl_PIPNN:CH4OCl_PIPNN.f90:pes
get_parameters: got "eval() arg 1 must be a string, bytes or code object" on 4
In: :CH4OCl_PIPNN:CH4OCl_PIPNN.f90:pes
get_parameters: got "eval() arg 1 must be a string, bytes or code object" on 4
In: :CH4OCl_PIPNN:CH4OCl_PIPNN.f90:pes
get_parameters: got "eval() arg 1 must be a string, bytes or code object" on 4
In: :CH4OCl_PIPNN:CH4OCl_PIPNN.f90:pes
get_parameters: got "eval() arg 1 must be a string, bytes or code object" on 4
			Block: clch3ohpipnn
In: :CH4OCl_PIPNN:CH4OCl_PIPNN.f90:clch3ohpipnn
get_parameters: got "eval() arg 1 must be a string, bytes or code object" on 4
In: :CH4OCl_PIPNN:CH4OCl_PIPNN.f90:clch3ohpipnn
get_parameters: got "eval() arg 1 must be a string, bytes or code object" on 4
In: :CH4OCl_PIPNN:CH4OCl_PIPNN.f90:clch3ohpipnn
get_parameters: got "eval() arg 1 must be a string, bytes or code object" on 4
In: :CH4OCl_PIPNN:CH4OCl_PIPNN.f90:clch3ohpipnn
get_parameters: got "eval() arg 1 must be a string, bytes or code object" on 4
			Block: pes_init
In: :CH4OCl_PIPNN:CH4OCl_PIPNN.f90:pes_init
get_parameters: got "eval() arg 1 must be a string, bytes or code object" on 4
In: :CH4OCl_PIPNN:CH4OCl_PIPNN.f90:pes_init
get_parameters: got "eval() arg 1 must be a string, bytes or code object" on 4
In: :CH4OCl_PIPNN:CH4OCl_PIPNN.f90:pes_init
get_parameters: got "eval() arg 1 must be a string, bytes or code object" on 4
In: :CH4OCl_PIPNN:CH4OCl_PIPNN.f90:pes_init
get_parameters: got "eval() arg 1 must be a string, bytes or code object" on 4
			Block: getpota
In: :CH4OCl_PIPNN:CH4OCl_PIPNN.f90:getpota
get_parameters: got "eval() arg 1 must be a string, bytes or code object" on 4
In: :CH4OCl_PIPNN:CH4OCl_PIPNN.f90:getpota
get_parameters: got "eval() arg 1 must be a string, bytes or code object" on 4
In: :CH4OCl_PIPNN:CH4OCl_PIPNN.f90:getpota
get_parameters: got "eval() arg 1 must be a string, bytes or code object" on 4
In: :CH4OCl_PIPNN:CH4OCl_PIPNN.f90:getpota
get_parameters: got "eval() arg 1 must be a string, bytes or code object" on 4
			Block: tranfun
Applying post-processing hooks...
  character_backward_compatibility_hook
Post-processing (stage 2)...
	Block: CH4OCl_PIPNN
		Block: unknown_interface
			Block: nnparam
			Block: pes
			Block: clch3ohpipnn
			Block: pes_init
			Block: getpota
			Block: tranfun
Building modules...
    Building module "CH4OCl_PIPNN"...
    Generating possibly empty wrappers"
    Maybe empty "CH4OCl_PIPNN-f2pywrappers.f"
        Constructing wrapper function "pes"...
          p,g,d = pes(x,igrad,path)
    Generating possibly empty wrappers"
    Maybe empty "CH4OCl_PIPNN-f2pywrappers.f"
        Constructing wrapper function "clch3ohpipnn"...
          clch3ohpipnn(ct,vpes)
    Generating possibly empty wrappers"
    Maybe empty "CH4OCl_PIPNN-f2pywrappers.f"
        Constructing wrapper function "pes_init"...
          pes_init(path)
    Generating possibly empty wrappers"
    Maybe empty "CH4OCl_PIPNN-f2pywrappers.f"
        Constructing wrapper function "getpota"...
          getpota(x,vpot)
    Generating possibly empty wrappers"
    Maybe empty "CH4OCl_PIPNN-f2pywrappers.f"
		Creating wrapper for Fortran function "tranfun"("tranfun")...
        Constructing wrapper function "tranfun"...
          tranfun = tranfun(x,ifunc)
		Constructing F90 module support for "nnparam"...
		  Variables: alpha pi radian nbasis ndim natom vpesmin ninput noutput nhid nlayer ifunc nwe nodemax nscale nodes weighta biasa pdela pavga
getarrdims:warning: assumed shape array, using 0 instead of ':'
getarrdims:warning: assumed shape array, using 0 instead of ':'
getarrdims:warning: assumed shape array, using 0 instead of ':'
getarrdims:warning: assumed shape array, using 0 instead of ':'
getarrdims:warning: assumed shape array, using 0 instead of ':'
getarrdims:warning: assumed shape array, using 0 instead of ':'
getarrdims:warning: assumed shape array, using 0 instead of ':'
getarrdims:warning: assumed shape array, using 0 instead of ':'
    Wrote C/API module "CH4OCl_PIPNN" to file "/tmp/tmpqcc3m_h4/src.linux-x86_64-3.11/CH4OCl_PIPNNmodule.c"
    Fortran 77 wrappers are saved to "/tmp/tmpqcc3m_h4/src.linux-x86_64-3.11/CH4OCl_PIPNN-f2pywrappers.f"
    Fortran 90 wrappers are saved to "/tmp/tmpqcc3m_h4/src.linux-x86_64-3.11/CH4OCl_PIPNN-f2pywrappers2.f90"
INFO:   adding '/tmp/tmpqcc3m_h4/src.linux-x86_64-3.11/fortranobject.c' to sources.
INFO:   adding '/tmp/tmpqcc3m_h4/src.linux-x86_64-3.11' to include_dirs.
copying /home/truhlard/shuxx055/anaconda3/envs/test/lib/python3.11/site-packages/numpy/f2py/src/fortranobject.c -> /tmp/tmpqcc3m_h4/src.linux-x86_64-3.11
copying /home/truhlard/shuxx055/anaconda3/envs/test/lib/python3.11/site-packages/numpy/f2py/src/fortranobject.h -> /tmp/tmpqcc3m_h4/src.linux-x86_64-3.11
INFO:   adding '/tmp/tmpqcc3m_h4/src.linux-x86_64-3.11/CH4OCl_PIPNN-f2pywrappers.f' to sources.
INFO:   adding '/tmp/tmpqcc3m_h4/src.linux-x86_64-3.11/CH4OCl_PIPNN-f2pywrappers2.f90' to sources.
INFO: build_src: building npy-pkg config files
/home/truhlard/shuxx055/anaconda3/envs/test/lib/python3.11/site-packages/setuptools/_distutils/cmd.py:66: SetuptoolsDeprecationWarning: setup.py install is deprecated.
!!

        ********************************************************************************
        Please avoid running ``setup.py`` directly.
        Instead, use pypa/build, pypa/installer or other
        standards-based tools.

        See https://blog.ganssle.io/articles/2021/10/setup-py-deprecated.html for details.
        ********************************************************************************

!!
  self.initialize_options()
running build_ext
INFO: customize UnixCCompiler
INFO: customize UnixCCompiler using build_ext
INFO: get_default_fcompiler: matching types: '['arm', 'gnu95', 'intel', 'lahey', 'pg', 'nv', 'absoft', 'nag', 'vast', 'compaq', 'intele', 'intelem', 'gnu', 'g95', 'pathf95', 'nagfor', 'fujitsu']'
INFO: customize ArmFlangCompiler
WARN: Could not locate executable armflang
INFO: customize Gnu95FCompiler
INFO: Found executable /home/truhlard/shuxx055/anaconda3/envs/test/bin/gfortran
INFO: customize Gnu95FCompiler
INFO: customize Gnu95FCompiler using build_ext
INFO: building 'CH4OCl_PIPNN' extension
INFO: compiling C sources
INFO: C compiler: gcc -pthread -B /home/truhlard/shuxx055/anaconda3/envs/test/compiler_compat -DNDEBUG -fwrapv -O2 -Wall -fPIC -O2 -isystem /home/truhlard/shuxx055/anaconda3/envs/test/include -fPIC -O2 -isystem /home/truhlard/shuxx055/anaconda3/envs/test/include -fPIC

creating /tmp/tmpqcc3m_h4/tmp
creating /tmp/tmpqcc3m_h4/tmp/tmpqcc3m_h4
creating /tmp/tmpqcc3m_h4/tmp/tmpqcc3m_h4/src.linux-x86_64-3.11
INFO: compile options: '-DNPY_DISABLE_OPTIMIZATION=1 -I/tmp/tmpqcc3m_h4/src.linux-x86_64-3.11 -I/home/truhlard/shuxx055/anaconda3/envs/test/lib/python3.11/site-packages/numpy/core/include -I/home/truhlard/shuxx055/anaconda3/envs/test/include/python3.11 -c'
INFO: gcc: /tmp/tmpqcc3m_h4/src.linux-x86_64-3.11/fortranobject.c
INFO: gcc: /tmp/tmpqcc3m_h4/src.linux-x86_64-3.11/CH4OCl_PIPNNmodule.c
INFO: compiling Fortran 90 module sources
INFO: Fortran f77 compiler: /home/truhlard/shuxx055/anaconda3/envs/test/bin/gfortran -Wall -g -ffixed-form -fno-second-underscore -fPIC -O3 -funroll-loops
Fortran f90 compiler: /home/truhlard/shuxx055/anaconda3/envs/test/bin/gfortran -fallow-argument-mismatch -std=legacy -fPIC -O3 -funroll-loops
Fortran fix compiler: /home/truhlard/shuxx055/anaconda3/envs/test/bin/gfortran -Wall -g -ffixed-form -fno-second-underscore -fallow-argument-mismatch -std=legacy -fPIC -O3 -funroll-loops
INFO: compile options: '-I/tmp/tmpqcc3m_h4/src.linux-x86_64-3.11 -I/home/truhlard/shuxx055/anaconda3/envs/test/lib/python3.11/site-packages/numpy/core/include -I/home/truhlard/shuxx055/anaconda3/envs/test/include/python3.11 -c'
extra options: '-J/tmp/tmpqcc3m_h4/ -I/tmp/tmpqcc3m_h4/'
INFO: gfortran:fix: CH4OCl_PIPNN.f90
CH4OCl_PIPNN.f90:71:62:

   71 |        real*8 ct(3,natom),xvec(3,ndim),cx(3,natom),cy(3,natom)
      |                                                              1
Warning: Unused variable 'cy' declared at (1) [-Wunused-variable]
CH4OCl_PIPNN.f90:69:25:

   69 |        integer i,j,k,lpes
      |                         1
Warning: Unused variable 'lpes' declared at (1) [-Wunused-variable]
CH4OCl_PIPNN.f90:70:53:

   70 |        real*8 rb(ndim),xbond(ndim),basis(nbasis),tmp1,txinput(nbasis-1)
      |                                                     1
Warning: Unused variable 'tmp1' declared at (1) [-Wunused-variable]
CH4OCl_PIPNN.f90:72:46:

   72 |        real*8 vpes,vpesa,vpesb,vpesc,vpesH,vnn
      |                                              1
Warning: Unused variable 'vnn' declared at (1) [-Wunused-variable]
CH4OCl_PIPNN.f90:72:24:

   72 |        real*8 vpes,vpesa,vpesb,vpesc,vpesH,vnn
      |                        1
Warning: Unused variable 'vpesa' declared at (1) [-Wunused-variable]
CH4OCl_PIPNN.f90:72:30:

   72 |        real*8 vpes,vpesa,vpesb,vpesc,vpesH,vnn
      |                              1
Warning: Unused variable 'vpesb' declared at (1) [-Wunused-variable]
CH4OCl_PIPNN.f90:72:36:

   72 |        real*8 vpes,vpesa,vpesb,vpesc,vpesH,vnn
      |                                    1
Warning: Unused variable 'vpesc' declared at (1) [-Wunused-variable]
CH4OCl_PIPNN.f90:72:42:

   72 |        real*8 vpes,vpesa,vpesb,vpesc,vpesH,vnn
      |                                          1
Warning: Unused variable 'vpesh' declared at (1) [-Wunused-variable]
CH4OCl_PIPNN.f90:176:17:

  176 |         integer j,k,neu1,neu2,ndriv
      |                 1
Warning: Unused variable 'j' declared at (1) [-Wunused-variable]
CH4OCl_PIPNN.f90:176:19:

  176 |         integer j,k,neu1,neu2,ndriv
      |                   1
Warning: Unused variable 'k' declared at (1) [-Wunused-variable]
CH4OCl_PIPNN.f90:176:35:

  176 |         integer j,k,neu1,neu2,ndriv
      |                                   1
Warning: Unused variable 'ndriv' declared at (1) [-Wunused-variable]
CH4OCl_PIPNN.f90:176:24:

  176 |         integer j,k,neu1,neu2,ndriv
      |                        1
Warning: Unused variable 'neu1' declared at (1) [-Wunused-variable]
CH4OCl_PIPNN.f90:176:29:

  176 |         integer j,k,neu1,neu2,ndriv
      |                             1
Warning: Unused variable 'neu2' declared at (1) [-Wunused-variable]
CH4OCl_PIPNN.f90:116:21:

  116 |       character f1*80,line*80
      |                     1
Warning: Unused variable 'f1' declared at (1) [-Wunused-variable]
CH4OCl_PIPNN.f90:115:33:

  115 |       integer ibasis,npd,iterm,ib,nfile
      |                                 1
Warning: Unused variable 'ib' declared at (1) [-Wunused-variable]
CH4OCl_PIPNN.f90:115:20:

  115 |       integer ibasis,npd,iterm,ib,nfile
      |                    1
Warning: Unused variable 'ibasis' declared at (1) [-Wunused-variable]
CH4OCl_PIPNN.f90:115:30:

  115 |       integer ibasis,npd,iterm,ib,nfile
      |                              1
Warning: Unused variable 'iterm' declared at (1) [-Wunused-variable]
CH4OCl_PIPNN.f90:116:29:

  116 |       character f1*80,line*80
      |                             1
Warning: Unused variable 'line' declared at (1) [-Wunused-variable]
CH4OCl_PIPNN.f90:115:24:

  115 |       integer ibasis,npd,iterm,ib,nfile
      |                        1
Warning: Unused variable 'npd' declared at (1) [-Wunused-variable]
CH4OCl_PIPNN.f90:32:31:

   32 |       integer :: iatom, idir, j, istate
      |                               1
Warning: Unused variable 'j' declared at (1) [-Wunused-variable]
CH4OCl_PIPNN.f90:218:8:

  218 |         function tranfun(x,ifunc)
      |        ^
Warning: '__result_tranfun' may be used uninitialized [-Wmaybe-uninitialized]
INFO: compiling Fortran sources
INFO: Fortran f77 compiler: /home/truhlard/shuxx055/anaconda3/envs/test/bin/gfortran -Wall -g -ffixed-form -fno-second-underscore -fPIC -O3 -funroll-loops
Fortran f90 compiler: /home/truhlard/shuxx055/anaconda3/envs/test/bin/gfortran -fallow-argument-mismatch -std=legacy -fPIC -O3 -funroll-loops
Fortran fix compiler: /home/truhlard/shuxx055/anaconda3/envs/test/bin/gfortran -Wall -g -ffixed-form -fno-second-underscore -fallow-argument-mismatch -std=legacy -fPIC -O3 -funroll-loops
INFO: compile options: '-I/tmp/tmpqcc3m_h4/src.linux-x86_64-3.11 -I/home/truhlard/shuxx055/anaconda3/envs/test/lib/python3.11/site-packages/numpy/core/include -I/home/truhlard/shuxx055/anaconda3/envs/test/include/python3.11 -c'
extra options: '-J/tmp/tmpqcc3m_h4/ -I/tmp/tmpqcc3m_h4/'
INFO: gfortran:f90: /tmp/tmpqcc3m_h4/src.linux-x86_64-3.11/CH4OCl_PIPNN-f2pywrappers2.f90
INFO: gfortran:f77: /tmp/tmpqcc3m_h4/src.linux-x86_64-3.11/CH4OCl_PIPNN-f2pywrappers.f
INFO: /home/truhlard/shuxx055/anaconda3/envs/test/bin/gfortran -Wall -g -Wall -g -shared /tmp/tmpqcc3m_h4/tmp/tmpqcc3m_h4/src.linux-x86_64-3.11/CH4OCl_PIPNNmodule.o /tmp/tmpqcc3m_h4/tmp/tmpqcc3m_h4/src.linux-x86_64-3.11/fortranobject.o /tmp/tmpqcc3m_h4/CH4OCl_PIPNN.o /tmp/tmpqcc3m_h4/tmp/tmpqcc3m_h4/src.linux-x86_64-3.11/CH4OCl_PIPNN-f2pywrappers.o /tmp/tmpqcc3m_h4/tmp/tmpqcc3m_h4/src.linux-x86_64-3.11/CH4OCl_PIPNN-f2pywrappers2.o -L/panfs/jay/groups/16/truhlard/shuxx055/anaconda3/envs/test/bin/../lib/gcc/x86_64-conda-linux-gnu/13.1.0/../../../../x86_64-conda-linux-gnu/lib/../lib -L/panfs/jay/groups/16/truhlard/shuxx055/anaconda3/envs/test/bin/../lib/gcc/x86_64-conda-linux-gnu/13.1.0/../../../../x86_64-conda-linux-gnu/lib/../lib -lmkl_intel_lp64 -lmkl_sequential -lmkl_core -lgfortran -o ./CH4OCl_PIPNN.cpython-311-x86_64-linux-gnu.so
Removing build directory /tmp/tmpqcc3m_h4
