running build
running config_cc
INFO: unifing config_cc, config, build_clib, build_ext, build commands --compiler options
running config_fc
INFO: unifing config_fc, config, build_clib, build_ext, build commands --fcompiler options
running build_src
INFO: build_src
INFO: building extension "F2H2_GEN_SQSBDE_1995" sources
INFO: f2py options: []
INFO: f2py:> /tmp/tmp5lk2aikg/src.linux-x86_64-3.11/F2H2_GEN_SQSBDE_1995module.c
creating /tmp/tmp5lk2aikg/src.linux-x86_64-3.11
analyzeline: Failed to evaluate '4.0d0*pi*1.0d-07'. Ignoring: invalid decimal literal (<string>, line 1)
analyzeline: Failed to evaluate '1.0d0/(cmu_0*clight**2)'. Ignoring: invalid decimal literal (<string>, line 1)
Reading fortran codes...
	Reading file 'F2H2_GEN_SQSBDE_1995.f' (format:fix,strict)
Line #15 in F2H2_GEN_SQSBDE_1995.f:"      PARAMETER (JSURF=INT(ISURF*(ISURF+1)/2))"
	determineexprtype: could not determine expressions ('int') type.
Line #15 in F2H2_GEN_SQSBDE_1995.f:"      PARAMETER (JSURF=INT(ISURF*(ISURF+1)/2))"
	determineexprtype: could not determine expressions ('int(isurf*(isurf+1)/2)') type.
Line #124 in F2H2_GEN_SQSBDE_1995.f:"      PARAMETER (PI = 3.141592653589793D0)                              "
	get_parameters: got "eval() arg 1 must be a string, bytes or code object" on 4
Line #125 in F2H2_GEN_SQSBDE_1995.f:"      PARAMETER (NATOM = 25)                                            "
	get_parameters: got "eval() arg 1 must be a string, bytes or code object" on 4
Line #125 in F2H2_GEN_SQSBDE_1995.f:"      PARAMETER (NATOM = 25)                                            "
	get_parameters: got "eval() arg 1 must be a string, bytes or code object" on 4
Line #127 in F2H2_GEN_SQSBDE_1995.f:"      parameter (ma=135)                                                "
	get_parameters: got "eval() arg 1 must be a string, bytes or code object" on 4
Line #127 in F2H2_GEN_SQSBDE_1995.f:"      parameter (ma=135)                                                "
	get_parameters: got "eval() arg 1 must be a string, bytes or code object" on 4
Line #269 in F2H2_GEN_SQSBDE_1995.f:"      parameter (ndmax=1100)                                            "
	get_parameters: got "eval() arg 1 must be a string, bytes or code object" on 4
Line #270 in F2H2_GEN_SQSBDE_1995.f:"      PARAMETER (PI = 3.141592653589793D0)                              "
	get_parameters: got "eval() arg 1 must be a string, bytes or code object" on 4
Line #271 in F2H2_GEN_SQSBDE_1995.f:"      PARAMETER (NATOM = 25)                                            "
	get_parameters: got "eval() arg 1 must be a string, bytes or code object" on 4
Line #271 in F2H2_GEN_SQSBDE_1995.f:"      PARAMETER (NATOM = 25)                                            "
	get_parameters: got "eval() arg 1 must be a string, bytes or code object" on 4
Line #273 in F2H2_GEN_SQSBDE_1995.f:"      parameter (ma=135)                                                "
	get_parameters: got "eval() arg 1 must be a string, bytes or code object" on 4
Line #273 in F2H2_GEN_SQSBDE_1995.f:"      parameter (ma=135)                                                "
	get_parameters: got "eval() arg 1 must be a string, bytes or code object" on 4
Line #331 in F2H2_GEN_SQSBDE_1995.f:"      PARAMETER (PI = 3.141592653589793D0)                              "
	get_parameters: got "eval() arg 1 must be a string, bytes or code object" on 4
Line #332 in F2H2_GEN_SQSBDE_1995.f:"      PARAMETER (NATOM = 25)                                            "
	get_parameters: got "eval() arg 1 must be a string, bytes or code object" on 4
Line #332 in F2H2_GEN_SQSBDE_1995.f:"      PARAMETER (NATOM = 25)                                            "
	get_parameters: got "eval() arg 1 must be a string, bytes or code object" on 4
Line #334 in F2H2_GEN_SQSBDE_1995.f:"      parameter (ma=135)                                                "
	get_parameters: got "eval() arg 1 must be a string, bytes or code object" on 4
Line #334 in F2H2_GEN_SQSBDE_1995.f:"      parameter (ma=135)                                                "
	get_parameters: got "eval() arg 1 must be a string, bytes or code object" on 4
Line #601 in F2H2_GEN_SQSBDE_1995.f:"      PARAMETER (PI = 3.141592653589793D0)                              "
	get_parameters: got "eval() arg 1 must be a string, bytes or code object" on 4
Line #602 in F2H2_GEN_SQSBDE_1995.f:"      PARAMETER (NATOM = 25)                                            "
	get_parameters: got "eval() arg 1 must be a string, bytes or code object" on 4
Line #602 in F2H2_GEN_SQSBDE_1995.f:"      PARAMETER (NATOM = 25)                                            "
	get_parameters: got "eval() arg 1 must be a string, bytes or code object" on 4
Line #603 in F2H2_GEN_SQSBDE_1995.f:"      parameter (ma=135)                                                "
	get_parameters: got "eval() arg 1 must be a string, bytes or code object" on 4
Line #603 in F2H2_GEN_SQSBDE_1995.f:"      parameter (ma=135)                                                "
	get_parameters: got "eval() arg 1 must be a string, bytes or code object" on 4
Line #605 in F2H2_GEN_SQSBDE_1995.f:"      PARAMETER (AM=1.1953D0,DM=0.21704D0,ONE=1.0D0)                    "
	get_parameters: got "eval() arg 1 must be a string, bytes or code object" on 4
Line #605 in F2H2_GEN_SQSBDE_1995.f:"      PARAMETER (AM=1.1953D0,DM=0.21704D0,ONE=1.0D0)                    "
	get_parameters: got "eval() arg 1 must be a string, bytes or code object" on 4
Line #605 in F2H2_GEN_SQSBDE_1995.f:"      PARAMETER (AM=1.1953D0,DM=0.21704D0,ONE=1.0D0)                    "
	get_parameters: got "eval() arg 1 must be a string, bytes or code object" on 4
Line #605 in F2H2_GEN_SQSBDE_1995.f:"      PARAMETER (AM=1.1953D0,DM=0.21704D0,ONE=1.0D0)                    "
	get_parameters: got "eval() arg 1 must be a string, bytes or code object" on 4
Line #605 in F2H2_GEN_SQSBDE_1995.f:"      PARAMETER (AM=1.1953D0,DM=0.21704D0,ONE=1.0D0)                    "
	get_parameters: got "eval() arg 1 must be a string, bytes or code object" on 4
Line #605 in F2H2_GEN_SQSBDE_1995.f:"      PARAMETER (AM=1.1953D0,DM=0.21704D0,ONE=1.0D0)                    "
	get_parameters: got "eval() arg 1 must be a string, bytes or code object" on 4
Line #605 in F2H2_GEN_SQSBDE_1995.f:"      PARAMETER (AM=1.1953D0,DM=0.21704D0,ONE=1.0D0)                    "
	get_parameters: got "eval() arg 1 must be a string, bytes or code object" on 4
Line #605 in F2H2_GEN_SQSBDE_1995.f:"      PARAMETER (AM=1.1953D0,DM=0.21704D0,ONE=1.0D0)                    "
	get_parameters: got "eval() arg 1 must be a string, bytes or code object" on 4
Line #605 in F2H2_GEN_SQSBDE_1995.f:"      PARAMETER (AM=1.1953D0,DM=0.21704D0,ONE=1.0D0)                    "
	get_parameters: got "eval() arg 1 must be a string, bytes or code object" on 4
Line #647 in F2H2_GEN_SQSBDE_1995.f:"      PARAMETER (PI = 3.141592653589793D0)                              "
	get_parameters: got "eval() arg 1 must be a string, bytes or code object" on 4
Line #648 in F2H2_GEN_SQSBDE_1995.f:"      PARAMETER (NATOM = 25)                                            "
	get_parameters: got "eval() arg 1 must be a string, bytes or code object" on 4
Line #648 in F2H2_GEN_SQSBDE_1995.f:"      PARAMETER (NATOM = 25)                                            "
	get_parameters: got "eval() arg 1 must be a string, bytes or code object" on 4
Line #650 in F2H2_GEN_SQSBDE_1995.f:"      parameter (ma=135)                                                "
	get_parameters: got "eval() arg 1 must be a string, bytes or code object" on 4
Line #650 in F2H2_GEN_SQSBDE_1995.f:"      parameter (ma=135)                                                "
	get_parameters: got "eval() arg 1 must be a string, bytes or code object" on 4
Line #820 in F2H2_GEN_SQSBDE_1995.f:"      PARAMETER (PI = 3.141592653589793D0)"
	get_parameters: got "eval() arg 1 must be a string, bytes or code object" on 4
Line #990 in F2H2_GEN_SQSBDE_1995.f:"      PARAMETER(        PI = 3.141592653589793D0)"
	get_parameters: got "eval() arg 1 must be a string, bytes or code object" on 4
Line #991 in F2H2_GEN_SQSBDE_1995.f:"      PARAMETER(    CLIGHT = 2.99792458D08)"
	get_parameters: got "eval() arg 1 must be a string, bytes or code object" on 4
Line #991 in F2H2_GEN_SQSBDE_1995.f:"      PARAMETER(    CLIGHT = 2.99792458D08)"
	get_parameters: got "eval() arg 1 must be a string, bytes or code object" on 4
Line #992 in F2H2_GEN_SQSBDE_1995.f:"      PARAMETER(     CMU_0 = 4.0D0*PI*1.0D-07)"
	get_parameters: got "eval() arg 1 must be a string, bytes or code object" on 4
Line #992 in F2H2_GEN_SQSBDE_1995.f:"      PARAMETER(     CMU_0 = 4.0D0*PI*1.0D-07)"
	get_parameters: got "eval() arg 1 must be a string, bytes or code object" on 4
Line #992 in F2H2_GEN_SQSBDE_1995.f:"      PARAMETER(     CMU_0 = 4.0D0*PI*1.0D-07)"
	get_parameters: got "eval() arg 1 must be a string, bytes or code object" on 4
Line #993 in F2H2_GEN_SQSBDE_1995.f:"      PARAMETER(CEPSILON_0 = 1.0D0/(CMU_0*CLIGHT**2))"
	get_parameters: got "eval() arg 1 must be a string, bytes or code object" on 4
Line #993 in F2H2_GEN_SQSBDE_1995.f:"      PARAMETER(CEPSILON_0 = 1.0D0/(CMU_0*CLIGHT**2))"
	get_parameters: got "eval() arg 1 must be a string, bytes or code object" on 4
Line #993 in F2H2_GEN_SQSBDE_1995.f:"      PARAMETER(CEPSILON_0 = 1.0D0/(CMU_0*CLIGHT**2))"
	get_parameters: got "eval() arg 1 must be a string, bytes or code object" on 4
Line #993 in F2H2_GEN_SQSBDE_1995.f:"      PARAMETER(CEPSILON_0 = 1.0D0/(CMU_0*CLIGHT**2))"
	determineexprtype: could not determine expressions ('1.0d0/(cmu_0*clight**2)') type.
Line #994 in F2H2_GEN_SQSBDE_1995.f:"      PARAMETER(        CE = 1.602176462D-19)"
	get_parameters: got "eval() arg 1 must be a string, bytes or code object" on 4
Line #994 in F2H2_GEN_SQSBDE_1995.f:"      PARAMETER(        CE = 1.602176462D-19)"
	get_parameters: got "eval() arg 1 must be a string, bytes or code object" on 4
Line #994 in F2H2_GEN_SQSBDE_1995.f:"      PARAMETER(        CE = 1.602176462D-19)"
	get_parameters: got "eval() arg 1 must be a string, bytes or code object" on 4
Line #995 in F2H2_GEN_SQSBDE_1995.f:"      PARAMETER(   CPLANCK = 6.62606876D-34)"
	get_parameters: got "eval() arg 1 must be a string, bytes or code object" on 4
Line #995 in F2H2_GEN_SQSBDE_1995.f:"      PARAMETER(   CPLANCK = 6.62606876D-34)"
	get_parameters: got "eval() arg 1 must be a string, bytes or code object" on 4
Line #995 in F2H2_GEN_SQSBDE_1995.f:"      PARAMETER(   CPLANCK = 6.62606876D-34)"
	get_parameters: got "eval() arg 1 must be a string, bytes or code object" on 4
Line #995 in F2H2_GEN_SQSBDE_1995.f:"      PARAMETER(   CPLANCK = 6.62606876D-34)"
	get_parameters: got "eval() arg 1 must be a string, bytes or code object" on 4
Line #996 in F2H2_GEN_SQSBDE_1995.f:"      PARAMETER(      CM_E = 9.10938188D-31)"
	get_parameters: got "eval() arg 1 must be a string, bytes or code object" on 4
Line #996 in F2H2_GEN_SQSBDE_1995.f:"      PARAMETER(      CM_E = 9.10938188D-31)"
	get_parameters: got "eval() arg 1 must be a string, bytes or code object" on 4
Line #996 in F2H2_GEN_SQSBDE_1995.f:"      PARAMETER(      CM_E = 9.10938188D-31)"
	get_parameters: got "eval() arg 1 must be a string, bytes or code object" on 4
Line #996 in F2H2_GEN_SQSBDE_1995.f:"      PARAMETER(      CM_E = 9.10938188D-31)"
	get_parameters: got "eval() arg 1 must be a string, bytes or code object" on 4
Line #996 in F2H2_GEN_SQSBDE_1995.f:"      PARAMETER(      CM_E = 9.10938188D-31)"
	get_parameters: got "eval() arg 1 must be a string, bytes or code object" on 4
Line #997 in F2H2_GEN_SQSBDE_1995.f:"      PARAMETER(      CANG = 1.0D-10)"
	get_parameters: got "eval() arg 1 must be a string, bytes or code object" on 4
Line #997 in F2H2_GEN_SQSBDE_1995.f:"      PARAMETER(      CANG = 1.0D-10)"
	get_parameters: got "eval() arg 1 must be a string, bytes or code object" on 4
Line #997 in F2H2_GEN_SQSBDE_1995.f:"      PARAMETER(      CANG = 1.0D-10)"
	get_parameters: got "eval() arg 1 must be a string, bytes or code object" on 4
Line #997 in F2H2_GEN_SQSBDE_1995.f:"      PARAMETER(      CANG = 1.0D-10)"
	get_parameters: got "eval() arg 1 must be a string, bytes or code object" on 4
Line #997 in F2H2_GEN_SQSBDE_1995.f:"      PARAMETER(      CANG = 1.0D-10)"
	get_parameters: got "eval() arg 1 must be a string, bytes or code object" on 4
Line #997 in F2H2_GEN_SQSBDE_1995.f:"      PARAMETER(      CANG = 1.0D-10)"
	get_parameters: got "eval() arg 1 must be a string, bytes or code object" on 4
Line #998 in F2H2_GEN_SQSBDE_1995.f:"      PARAMETER( CAVOGADRO = 6.02214199D23)"
	get_parameters: got "eval() arg 1 must be a string, bytes or code object" on 4
Line #998 in F2H2_GEN_SQSBDE_1995.f:"      PARAMETER( CAVOGADRO = 6.02214199D23)"
	get_parameters: got "eval() arg 1 must be a string, bytes or code object" on 4
Line #998 in F2H2_GEN_SQSBDE_1995.f:"      PARAMETER( CAVOGADRO = 6.02214199D23)"
	get_parameters: got "eval() arg 1 must be a string, bytes or code object" on 4
Line #998 in F2H2_GEN_SQSBDE_1995.f:"      PARAMETER( CAVOGADRO = 6.02214199D23)"
	get_parameters: got "eval() arg 1 must be a string, bytes or code object" on 4
Line #998 in F2H2_GEN_SQSBDE_1995.f:"      PARAMETER( CAVOGADRO = 6.02214199D23)"
	get_parameters: got "eval() arg 1 must be a string, bytes or code object" on 4
Line #998 in F2H2_GEN_SQSBDE_1995.f:"      PARAMETER( CAVOGADRO = 6.02214199D23)"
	get_parameters: got "eval() arg 1 must be a string, bytes or code object" on 4
Line #998 in F2H2_GEN_SQSBDE_1995.f:"      PARAMETER( CAVOGADRO = 6.02214199D23)"
	get_parameters: got "eval() arg 1 must be a string, bytes or code object" on 4
Line #999 in F2H2_GEN_SQSBDE_1995.f:"      PARAMETER(     CKCAL = 4.184D10)"
	get_parameters: got "eval() arg 1 must be a string, bytes or code object" on 4
Line #999 in F2H2_GEN_SQSBDE_1995.f:"      PARAMETER(     CKCAL = 4.184D10)"
	get_parameters: got "eval() arg 1 must be a string, bytes or code object" on 4
Line #999 in F2H2_GEN_SQSBDE_1995.f:"      PARAMETER(     CKCAL = 4.184D10)"
	get_parameters: got "eval() arg 1 must be a string, bytes or code object" on 4
Line #999 in F2H2_GEN_SQSBDE_1995.f:"      PARAMETER(     CKCAL = 4.184D10)"
	get_parameters: got "eval() arg 1 must be a string, bytes or code object" on 4
Line #999 in F2H2_GEN_SQSBDE_1995.f:"      PARAMETER(     CKCAL = 4.184D10)"
	get_parameters: got "eval() arg 1 must be a string, bytes or code object" on 4
Line #999 in F2H2_GEN_SQSBDE_1995.f:"      PARAMETER(     CKCAL = 4.184D10)"
	get_parameters: got "eval() arg 1 must be a string, bytes or code object" on 4
Line #999 in F2H2_GEN_SQSBDE_1995.f:"      PARAMETER(     CKCAL = 4.184D10)"
	get_parameters: got "eval() arg 1 must be a string, bytes or code object" on 4
Line #999 in F2H2_GEN_SQSBDE_1995.f:"      PARAMETER(     CKCAL = 4.184D10)"
	get_parameters: got "eval() arg 1 must be a string, bytes or code object" on 4
Line #1000 in F2H2_GEN_SQSBDE_1995.f:"      PARAMETER(  HTOMILLH = 1000.D0)"
	get_parameters: got "eval() arg 1 must be a string, bytes or code object" on 4
Line #1000 in F2H2_GEN_SQSBDE_1995.f:"      PARAMETER(  HTOMILLH = 1000.D0)"
	get_parameters: got "eval() arg 1 must be a string, bytes or code object" on 4
Line #1000 in F2H2_GEN_SQSBDE_1995.f:"      PARAMETER(  HTOMILLH = 1000.D0)"
	get_parameters: got "eval() arg 1 must be a string, bytes or code object" on 4
Line #1000 in F2H2_GEN_SQSBDE_1995.f:"      PARAMETER(  HTOMILLH = 1000.D0)"
	get_parameters: got "eval() arg 1 must be a string, bytes or code object" on 4
Line #1000 in F2H2_GEN_SQSBDE_1995.f:"      PARAMETER(  HTOMILLH = 1000.D0)"
	get_parameters: got "eval() arg 1 must be a string, bytes or code object" on 4
Line #1000 in F2H2_GEN_SQSBDE_1995.f:"      PARAMETER(  HTOMILLH = 1000.D0)"
	get_parameters: got "eval() arg 1 must be a string, bytes or code object" on 4
Line #1000 in F2H2_GEN_SQSBDE_1995.f:"      PARAMETER(  HTOMILLH = 1000.D0)"
	get_parameters: got "eval() arg 1 must be a string, bytes or code object" on 4
Line #1000 in F2H2_GEN_SQSBDE_1995.f:"      PARAMETER(  HTOMILLH = 1000.D0)"
	get_parameters: got "eval() arg 1 must be a string, bytes or code object" on 4
Line #1000 in F2H2_GEN_SQSBDE_1995.f:"      PARAMETER(  HTOMILLH = 1000.D0)"
	get_parameters: got "eval() arg 1 must be a string, bytes or code object" on 4
Line #1001 in F2H2_GEN_SQSBDE_1995.f:"      PARAMETER(     HTOEV = 27.2113834D0)"
	get_parameters: got "eval() arg 1 must be a string, bytes or code object" on 4
Line #1001 in F2H2_GEN_SQSBDE_1995.f:"      PARAMETER(     HTOEV = 27.2113834D0)"
	get_parameters: got "eval() arg 1 must be a string, bytes or code object" on 4
Line #1001 in F2H2_GEN_SQSBDE_1995.f:"      PARAMETER(     HTOEV = 27.2113834D0)"
	get_parameters: got "eval() arg 1 must be a string, bytes or code object" on 4
Line #1001 in F2H2_GEN_SQSBDE_1995.f:"      PARAMETER(     HTOEV = 27.2113834D0)"
	get_parameters: got "eval() arg 1 must be a string, bytes or code object" on 4
getstrlength: expected a signature of a string but got: {'typespec': 'character', 'charselector': {'*': '75'}, 'attrspec': [], 'dimension': ['5']}
Line #1001 in F2H2_GEN_SQSBDE_1995.f:"      PARAMETER(     HTOEV = 27.2113834D0)"
	get_parameters: got "eval() arg 1 must be a string, bytes or code object" on 4
Line #1001 in F2H2_GEN_SQSBDE_1995.f:"      PARAMETER(     HTOEV = 27.2113834D0)"
	get_parameters: got "eval() arg 1 must be a string, bytes or code object" on 4
Line #1001 in F2H2_GEN_SQSBDE_1995.f:"      PARAMETER(     HTOEV = 27.2113834D0)"
	get_parameters: got "eval() arg 1 must be a string, bytes or code object" on 4
Line #1001 in F2H2_GEN_SQSBDE_1995.f:"      PARAMETER(     HTOEV = 27.2113834D0)"
	get_parameters: got "eval() arg 1 must be a string, bytes or code object" on 4
Line #1001 in F2H2_GEN_SQSBDE_1995.f:"      PARAMETER(     HTOEV = 27.2113834D0)"
	get_parameters: got "eval() arg 1 must be a string, bytes or code object" on 4
Line #1001 in F2H2_GEN_SQSBDE_1995.f:"      PARAMETER(     HTOEV = 27.2113834D0)"
	get_parameters: got "eval() arg 1 must be a string, bytes or code object" on 4
Line #1002 in F2H2_GEN_SQSBDE_1995.f:"      PARAMETER(   HTOKCAL = 627.509470D0)"
	get_parameters: got "eval() arg 1 must be a string, bytes or code object" on 4
Line #1002 in F2H2_GEN_SQSBDE_1995.f:"      PARAMETER(   HTOKCAL = 627.509470D0)"
	get_parameters: got "eval() arg 1 must be a string, bytes or code object" on 4
Line #1002 in F2H2_GEN_SQSBDE_1995.f:"      PARAMETER(   HTOKCAL = 627.509470D0)"
	get_parameters: got "eval() arg 1 must be a string, bytes or code object" on 4
Line #1002 in F2H2_GEN_SQSBDE_1995.f:"      PARAMETER(   HTOKCAL = 627.509470D0)"
	get_parameters: got "eval() arg 1 must be a string, bytes or code object" on 4
Line #1002 in F2H2_GEN_SQSBDE_1995.f:"      PARAMETER(   HTOKCAL = 627.509470D0)"
	get_parameters: got "eval() arg 1 must be a string, bytes or code object" on 4
Line #1002 in F2H2_GEN_SQSBDE_1995.f:"      PARAMETER(   HTOKCAL = 627.509470D0)"
	get_parameters: got "eval() arg 1 must be a string, bytes or code object" on 4
Line #1002 in F2H2_GEN_SQSBDE_1995.f:"      PARAMETER(   HTOKCAL = 627.509470D0)"
	get_parameters: got "eval() arg 1 must be a string, bytes or code object" on 4
Line #1002 in F2H2_GEN_SQSBDE_1995.f:"      PARAMETER(   HTOKCAL = 627.509470D0)"
	get_parameters: got "eval() arg 1 must be a string, bytes or code object" on 4
Line #1002 in F2H2_GEN_SQSBDE_1995.f:"      PARAMETER(   HTOKCAL = 627.509470D0)"
	get_parameters: got "eval() arg 1 must be a string, bytes or code object" on 4
Line #1002 in F2H2_GEN_SQSBDE_1995.f:"      PARAMETER(   HTOKCAL = 627.509470D0)"
	get_parameters: got "eval() arg 1 must be a string, bytes or code object" on 4
Line #1002 in F2H2_GEN_SQSBDE_1995.f:"      PARAMETER(   HTOKCAL = 627.509470D0)"
	get_parameters: got "eval() arg 1 must be a string, bytes or code object" on 4
Line #1003 in F2H2_GEN_SQSBDE_1995.f:"      PARAMETER(   HTOWAVE = 219474.631D0)"
	get_parameters: got "eval() arg 1 must be a string, bytes or code object" on 4
Line #1003 in F2H2_GEN_SQSBDE_1995.f:"      PARAMETER(   HTOWAVE = 219474.631D0)"
	get_parameters: got "eval() arg 1 must be a string, bytes or code object" on 4
Line #1003 in F2H2_GEN_SQSBDE_1995.f:"      PARAMETER(   HTOWAVE = 219474.631D0)"
	get_parameters: got "eval() arg 1 must be a string, bytes or code object" on 4
Line #1003 in F2H2_GEN_SQSBDE_1995.f:"      PARAMETER(   HTOWAVE = 219474.631D0)"
	get_parameters: got "eval() arg 1 must be a string, bytes or code object" on 4
Line #1003 in F2H2_GEN_SQSBDE_1995.f:"      PARAMETER(   HTOWAVE = 219474.631D0)"
	get_parameters: got "eval() arg 1 must be a string, bytes or code object" on 4
Line #1003 in F2H2_GEN_SQSBDE_1995.f:"      PARAMETER(   HTOWAVE = 219474.631D0)"
	get_parameters: got "eval() arg 1 must be a string, bytes or code object" on 4
Line #1003 in F2H2_GEN_SQSBDE_1995.f:"      PARAMETER(   HTOWAVE = 219474.631D0)"
	get_parameters: got "eval() arg 1 must be a string, bytes or code object" on 4
Line #1003 in F2H2_GEN_SQSBDE_1995.f:"      PARAMETER(   HTOWAVE = 219474.631D0)"
	get_parameters: got "eval() arg 1 must be a string, bytes or code object" on 4
Line #1003 in F2H2_GEN_SQSBDE_1995.f:"      PARAMETER(   HTOWAVE = 219474.631D0)"
	get_parameters: got "eval() arg 1 must be a string, bytes or code object" on 4
Line #1003 in F2H2_GEN_SQSBDE_1995.f:"      PARAMETER(   HTOWAVE = 219474.631D0)"
	get_parameters: got "eval() arg 1 must be a string, bytes or code object" on 4
Line #1003 in F2H2_GEN_SQSBDE_1995.f:"      PARAMETER(   HTOWAVE = 219474.631D0)"
	get_parameters: got "eval() arg 1 must be a string, bytes or code object" on 4
Line #1003 in F2H2_GEN_SQSBDE_1995.f:"      PARAMETER(   HTOWAVE = 219474.631D0)"
	get_parameters: got "eval() arg 1 must be a string, bytes or code object" on 4
Line #1004 in F2H2_GEN_SQSBDE_1995.f:"      PARAMETER(     HTOKJ = 2625.49962D0)"
	get_parameters: got "eval() arg 1 must be a string, bytes or code object" on 4
Line #1004 in F2H2_GEN_SQSBDE_1995.f:"      PARAMETER(     HTOKJ = 2625.49962D0)"
	get_parameters: got "eval() arg 1 must be a string, bytes or code object" on 4
Line #1004 in F2H2_GEN_SQSBDE_1995.f:"      PARAMETER(     HTOKJ = 2625.49962D0)"
	get_parameters: got "eval() arg 1 must be a string, bytes or code object" on 4
Line #1004 in F2H2_GEN_SQSBDE_1995.f:"      PARAMETER(     HTOKJ = 2625.49962D0)"
	get_parameters: got "eval() arg 1 must be a string, bytes or code object" on 4
Line #1004 in F2H2_GEN_SQSBDE_1995.f:"      PARAMETER(     HTOKJ = 2625.49962D0)"
	get_parameters: got "eval() arg 1 must be a string, bytes or code object" on 4
Line #1004 in F2H2_GEN_SQSBDE_1995.f:"      PARAMETER(     HTOKJ = 2625.49962D0)"
	get_parameters: got "eval() arg 1 must be a string, bytes or code object" on 4
Line #1004 in F2H2_GEN_SQSBDE_1995.f:"      PARAMETER(     HTOKJ = 2625.49962D0)"
	get_parameters: got "eval() arg 1 must be a string, bytes or code object" on 4
Line #1004 in F2H2_GEN_SQSBDE_1995.f:"      PARAMETER(     HTOKJ = 2625.49962D0)"
	get_parameters: got "eval() arg 1 must be a string, bytes or code object" on 4
Line #1004 in F2H2_GEN_SQSBDE_1995.f:"      PARAMETER(     HTOKJ = 2625.49962D0)"
	get_parameters: got "eval() arg 1 must be a string, bytes or code object" on 4
Line #1004 in F2H2_GEN_SQSBDE_1995.f:"      PARAMETER(     HTOKJ = 2625.49962D0)"
	get_parameters: got "eval() arg 1 must be a string, bytes or code object" on 4
Line #1004 in F2H2_GEN_SQSBDE_1995.f:"      PARAMETER(     HTOKJ = 2625.49962D0)"
	get_parameters: got "eval() arg 1 must be a string, bytes or code object" on 4
Line #1004 in F2H2_GEN_SQSBDE_1995.f:"      PARAMETER(     HTOKJ = 2625.49962D0)"
	get_parameters: got "eval() arg 1 must be a string, bytes or code object" on 4
Line #1004 in F2H2_GEN_SQSBDE_1995.f:"      PARAMETER(     HTOKJ = 2625.49962D0)"
	get_parameters: got "eval() arg 1 must be a string, bytes or code object" on 4
Line #1005 in F2H2_GEN_SQSBDE_1995.f:"      PARAMETER(    BOHR_A = .5291772083D0)"
	get_parameters: got "eval() arg 1 must be a string, bytes or code object" on 4
Line #1005 in F2H2_GEN_SQSBDE_1995.f:"      PARAMETER(    BOHR_A = .5291772083D0)"
	get_parameters: got "eval() arg 1 must be a string, bytes or code object" on 4
Line #1005 in F2H2_GEN_SQSBDE_1995.f:"      PARAMETER(    BOHR_A = .5291772083D0)"
	get_parameters: got "eval() arg 1 must be a string, bytes or code object" on 4
Line #1005 in F2H2_GEN_SQSBDE_1995.f:"      PARAMETER(    BOHR_A = .5291772083D0)"
	get_parameters: got "eval() arg 1 must be a string, bytes or code object" on 4
Line #1005 in F2H2_GEN_SQSBDE_1995.f:"      PARAMETER(    BOHR_A = .5291772083D0)"
	get_parameters: got "eval() arg 1 must be a string, bytes or code object" on 4
Line #1005 in F2H2_GEN_SQSBDE_1995.f:"      PARAMETER(    BOHR_A = .5291772083D0)"
	get_parameters: got "eval() arg 1 must be a string, bytes or code object" on 4
Line #1005 in F2H2_GEN_SQSBDE_1995.f:"      PARAMETER(    BOHR_A = .5291772083D0)"
	get_parameters: got "eval() arg 1 must be a string, bytes or code object" on 4
Line #1005 in F2H2_GEN_SQSBDE_1995.f:"      PARAMETER(    BOHR_A = .5291772083D0)"
	get_parameters: got "eval() arg 1 must be a string, bytes or code object" on 4
Line #1005 in F2H2_GEN_SQSBDE_1995.f:"      PARAMETER(    BOHR_A = .5291772083D0)"
	get_parameters: got "eval() arg 1 must be a string, bytes or code object" on 4
Line #1005 in F2H2_GEN_SQSBDE_1995.f:"      PARAMETER(    BOHR_A = .5291772083D0)"
	get_parameters: got "eval() arg 1 must be a string, bytes or code object" on 4
Line #1005 in F2H2_GEN_SQSBDE_1995.f:"      PARAMETER(    BOHR_A = .5291772083D0)"
	get_parameters: got "eval() arg 1 must be a string, bytes or code object" on 4
Line #1005 in F2H2_GEN_SQSBDE_1995.f:"      PARAMETER(    BOHR_A = .5291772083D0)"
	get_parameters: got "eval() arg 1 must be a string, bytes or code object" on 4
Line #1005 in F2H2_GEN_SQSBDE_1995.f:"      PARAMETER(    BOHR_A = .5291772083D0)"
	get_parameters: got "eval() arg 1 must be a string, bytes or code object" on 4
Line #1005 in F2H2_GEN_SQSBDE_1995.f:"      PARAMETER(    BOHR_A = .5291772083D0)"
	get_parameters: got "eval() arg 1 must be a string, bytes or code object" on 4
Post-processing...
	Block: F2H2_GEN_SQSBDE_1995
			Block: pes
			Block: prepot
In: :F2H2_GEN_SQSBDE_1995:F2H2_GEN_SQSBDE_1995.f:prepot
get_parameters: got "eval() arg 1 must be a string, bytes or code object" on 4
In: :F2H2_GEN_SQSBDE_1995:F2H2_GEN_SQSBDE_1995.f:prepot
get_parameters: got "eval() arg 1 must be a string, bytes or code object" on 4
			Block: gsrsqs
In: :F2H2_GEN_SQSBDE_1995:F2H2_GEN_SQSBDE_1995.f:gsrsqs
get_parameters: got "eval() arg 1 must be a string, bytes or code object" on 4
In: :F2H2_GEN_SQSBDE_1995:F2H2_GEN_SQSBDE_1995.f:gsrsqs
get_parameters: got "eval() arg 1 must be a string, bytes or code object" on 4
			Block: pot
In: :F2H2_GEN_SQSBDE_1995:F2H2_GEN_SQSBDE_1995.f:pot
get_parameters: got "eval() arg 1 must be a string, bytes or code object" on 4
In: :F2H2_GEN_SQSBDE_1995:F2H2_GEN_SQSBDE_1995.f:pot
get_parameters: got "eval() arg 1 must be a string, bytes or code object" on 4
{}
In: :F2H2_GEN_SQSBDE_1995:F2H2_GEN_SQSBDE_1995.f:ptntl
vars2fortran: No typespec for argument "x".
			Block: ptntl
In: :F2H2_GEN_SQSBDE_1995:F2H2_GEN_SQSBDE_1995.f:ptntl
get_parameters: got "eval() arg 1 must be a string, bytes or code object" on 4
In: :F2H2_GEN_SQSBDE_1995:F2H2_GEN_SQSBDE_1995.f:ptntl
get_parameters: got "eval() arg 1 must be a string, bytes or code object" on 4
In: :F2H2_GEN_SQSBDE_1995:F2H2_GEN_SQSBDE_1995.f:ptntl
get_parameters: got "eval() arg 1 must be a string, bytes or code object" on 4
In: :F2H2_GEN_SQSBDE_1995:F2H2_GEN_SQSBDE_1995.f:ptntl
get_parameters: got "eval() arg 1 must be a string, bytes or code object" on 4
In: :F2H2_GEN_SQSBDE_1995:F2H2_GEN_SQSBDE_1995.f:ptntl
get_parameters: got "eval() arg 1 must be a string, bytes or code object" on 4
			Block: ptpacm
In: :F2H2_GEN_SQSBDE_1995:F2H2_GEN_SQSBDE_1995.f:ptpacm
get_parameters: got "eval() arg 1 must be a string, bytes or code object" on 4
In: :F2H2_GEN_SQSBDE_1995:F2H2_GEN_SQSBDE_1995.f:ptpacm
get_parameters: got "eval() arg 1 must be a string, bytes or code object" on 4
			Block: potinfo
In: :F2H2_GEN_SQSBDE_1995:F2H2_GEN_SQSBDE_1995.f:potinfo
get_parameters: got "eval() arg 1 must be a string, bytes or code object" on 4
In: :F2H2_GEN_SQSBDE_1995:F2H2_GEN_SQSBDE_1995.f:potinfo
get_parameters: got "eval() arg 1 must be a string, bytes or code object" on 4
			Block: ancvrt
In: :F2H2_GEN_SQSBDE_1995:F2H2_GEN_SQSBDE_1995.f:ancvrt
get_parameters: got "eval() arg 1 must be a string, bytes or code object" on 4
In: :F2H2_GEN_SQSBDE_1995:F2H2_GEN_SQSBDE_1995.f:ancvrt
get_parameters: got "eval() arg 1 must be a string, bytes or code object" on 4
In: :F2H2_GEN_SQSBDE_1995:F2H2_GEN_SQSBDE_1995.f:ancvrt
get_parameters: got "eval() arg 1 must be a string, bytes or code object" on 4
In: :F2H2_GEN_SQSBDE_1995:F2H2_GEN_SQSBDE_1995.f:ancvrt
get_parameters: got "eval() arg 1 must be a string, bytes or code object" on 4
In: :F2H2_GEN_SQSBDE_1995:F2H2_GEN_SQSBDE_1995.f:ancvrt
get_parameters: got "eval() arg 1 must be a string, bytes or code object" on 4
In: :F2H2_GEN_SQSBDE_1995:F2H2_GEN_SQSBDE_1995.f:ancvrt
get_parameters: got "eval() arg 1 must be a string, bytes or code object" on 4
In: :F2H2_GEN_SQSBDE_1995:F2H2_GEN_SQSBDE_1995.f:ancvrt
get_parameters: got "eval() arg 1 must be a string, bytes or code object" on 4
In: :F2H2_GEN_SQSBDE_1995:F2H2_GEN_SQSBDE_1995.f:ancvrt
get_parameters: got "eval() arg 1 must be a string, bytes or code object" on 4
In: :F2H2_GEN_SQSBDE_1995:F2H2_GEN_SQSBDE_1995.f:ancvrt
get_parameters: got "eval() arg 1 must be a string, bytes or code object" on 4
In: :F2H2_GEN_SQSBDE_1995:F2H2_GEN_SQSBDE_1995.f:ancvrt
get_parameters: got "eval() arg 1 must be a string, bytes or code object" on 4
In: :F2H2_GEN_SQSBDE_1995:F2H2_GEN_SQSBDE_1995.f:ancvrt
get_parameters: got "eval() arg 1 must be a string, bytes or code object" on 4
In: :F2H2_GEN_SQSBDE_1995:F2H2_GEN_SQSBDE_1995.f:ancvrt
get_parameters: got "eval() arg 1 must be a string, bytes or code object" on 4
In: :F2H2_GEN_SQSBDE_1995:F2H2_GEN_SQSBDE_1995.f:ancvrt
get_parameters: got "eval() arg 1 must be a string, bytes or code object" on 4
In: :F2H2_GEN_SQSBDE_1995:F2H2_GEN_SQSBDE_1995.f:ancvrt
get_parameters: got "eval() arg 1 must be a string, bytes or code object" on 4
In: :F2H2_GEN_SQSBDE_1995:F2H2_GEN_SQSBDE_1995.f:ancvrt
get_parameters: got "eval() arg 1 must be a string, bytes or code object" on 4
			Block: cartou
In: :F2H2_GEN_SQSBDE_1995:F2H2_GEN_SQSBDE_1995.f:cartou
get_parameters: got "eval() arg 1 must be a string, bytes or code object" on 4
			Block: carttor
			Block: eunitzero
In: :F2H2_GEN_SQSBDE_1995:F2H2_GEN_SQSBDE_1995.f:eunitzero
get_parameters: got "eval() arg 1 must be a string, bytes or code object" on 4
			Block: rtocart
In: :F2H2_GEN_SQSBDE_1995:F2H2_GEN_SQSBDE_1995.f:rtocart
get_parameters: got "eval() arg 1 must be a string, bytes or code object" on 4
			Block: dedcou
In: :F2H2_GEN_SQSBDE_1995:F2H2_GEN_SQSBDE_1995.f:dedcou
get_parameters: got "eval() arg 1 must be a string, bytes or code object" on 4
Applying post-processing hooks...
  character_backward_compatibility_hook
Post-processing (stage 2)...
Building modules...
    Building module "F2H2_GEN_SQSBDE_1995"...
    Generating possibly empty wrappers"
    Maybe empty "F2H2_GEN_SQSBDE_1995-f2pywrappers.f"
        Constructing wrapper function "pes"...
          p,g,d = pes(x,igrad)
    Generating possibly empty wrappers"
    Maybe empty "F2H2_GEN_SQSBDE_1995-f2pywrappers.f"
        Constructing wrapper function "prepot"...
          prepot()
    Generating possibly empty wrappers"
    Maybe empty "F2H2_GEN_SQSBDE_1995-f2pywrappers.f"
        Constructing wrapper function "gsrsqs"...
          gsrsqs()
    Generating possibly empty wrappers"
    Maybe empty "F2H2_GEN_SQSBDE_1995-f2pywrappers.f"
        Constructing wrapper function "pot"...
          pot()
    Generating possibly empty wrappers"
    Maybe empty "F2H2_GEN_SQSBDE_1995-f2pywrappers.f"
		Creating wrapper for Fortran function "ptntl"("ptntl")...
        Constructing wrapper function "ptntl"...
          ptntl = ptntl(x)
    Generating possibly empty wrappers"
    Maybe empty "F2H2_GEN_SQSBDE_1995-f2pywrappers.f"
        Constructing wrapper function "potinfo"...
          potinfo()
    Generating possibly empty wrappers"
    Maybe empty "F2H2_GEN_SQSBDE_1995-f2pywrappers.f"
        Constructing wrapper function "ancvrt"...
          ancvrt()
    Generating possibly empty wrappers"
    Maybe empty "F2H2_GEN_SQSBDE_1995-f2pywrappers.f"
        Constructing wrapper function "cartou"...
          cartou()
    Generating possibly empty wrappers"
    Maybe empty "F2H2_GEN_SQSBDE_1995-f2pywrappers.f"
        Constructing wrapper function "carttor"...
          carttor()
    Generating possibly empty wrappers"
    Maybe empty "F2H2_GEN_SQSBDE_1995-f2pywrappers.f"
        Constructing wrapper function "eunitzero"...
          eunitzero()
    Generating possibly empty wrappers"
    Maybe empty "F2H2_GEN_SQSBDE_1995-f2pywrappers.f"
        Constructing wrapper function "rtocart"...
          rtocart()
    Generating possibly empty wrappers"
    Maybe empty "F2H2_GEN_SQSBDE_1995-f2pywrappers.f"
        Constructing wrapper function "dedcou"...
          dedcou()
		Constructing COMMON block support for "usrocm"...
		  pengygs,pengyes,pengyij,dgscart,descart,dijcart
		Constructing COMMON block support for "usricm"...
		  cart,anuzero,nulbl,nflag,nasurf,nder
		Constructing COMMON block support for "pt1cm"...
		  r,engygs,degsdr
		Constructing COMMON block support for "pt3cm"...
		  ezero
		Constructing COMMON block support for "pt4cm"...
		  engyes,deesdr
		Constructing COMMON block support for "pt5cm"...
		  engyij,deijdr
		Constructing COMMON block support for "infocm"...
		  cartnu,indexes,irctnt,natoms,icartr,mder,msurf,ref
		Constructing COMMON block support for "potcm"...
		  a,da,fac,fct,efct,ar,ac
		Constructing COMMON block support for "ang"...
		  g,pf
		Constructing COMMON block support for "utilcm"...
		  dgscartnu,descartnu,dijcartnu,cnvrtd,cnvrte,cnvrtde,ireorder,ksdiag,kediag,ksoffd,keoffd
    Wrote C/API module "F2H2_GEN_SQSBDE_1995" to file "/tmp/tmp5lk2aikg/src.linux-x86_64-3.11/F2H2_GEN_SQSBDE_1995module.c"
    Fortran 77 wrappers are saved to "/tmp/tmp5lk2aikg/src.linux-x86_64-3.11/F2H2_GEN_SQSBDE_1995-f2pywrappers.f"
INFO:   adding '/tmp/tmp5lk2aikg/src.linux-x86_64-3.11/fortranobject.c' to sources.
INFO:   adding '/tmp/tmp5lk2aikg/src.linux-x86_64-3.11' to include_dirs.
copying /home/truhlard/shuxx055/anaconda3/lib/python3.11/site-packages/numpy/f2py/src/fortranobject.c -> /tmp/tmp5lk2aikg/src.linux-x86_64-3.11
copying /home/truhlard/shuxx055/anaconda3/lib/python3.11/site-packages/numpy/f2py/src/fortranobject.h -> /tmp/tmp5lk2aikg/src.linux-x86_64-3.11
INFO:   adding '/tmp/tmp5lk2aikg/src.linux-x86_64-3.11/F2H2_GEN_SQSBDE_1995-f2pywrappers.f' to sources.
INFO: build_src: building npy-pkg config files
/home/truhlard/shuxx055/anaconda3/lib/python3.11/site-packages/setuptools/_distutils/cmd.py:66: SetuptoolsDeprecationWarning: setup.py install is deprecated.
!!

        ********************************************************************************
        Please avoid running ``setup.py`` directly.
        Instead, use pypa/build, pypa/installer, pypa/build or
        other standards-based tools.

        See https://blog.ganssle.io/articles/2021/10/setup-py-deprecated.html for details.
        ********************************************************************************

!!
  self.initialize_options()
running build_ext
INFO: customize UnixCCompiler
INFO: customize UnixCCompiler using build_ext
INFO: get_default_fcompiler: matching types: '['arm', 'gnu95', 'intel', 'lahey', 'pg', 'nv', 'absoft', 'nag', 'vast', 'compaq', 'intele', 'intelem', 'gnu', 'g95', 'pathf95', 'nagfor', 'fujitsu']'
INFO: customize ArmFlangCompiler
WARN: Could not locate executable armflang
INFO: customize Gnu95FCompiler
INFO: Found executable /home/truhlard/shuxx055/anaconda3/bin/gfortran
INFO: customize Gnu95FCompiler
INFO: customize Gnu95FCompiler using build_ext
INFO: building 'F2H2_GEN_SQSBDE_1995' extension
INFO: compiling C sources
INFO: C compiler: gcc -pthread -B /home/truhlard/shuxx055/anaconda3/compiler_compat -DNDEBUG -fwrapv -O2 -Wall -fPIC -O2 -isystem /home/truhlard/shuxx055/anaconda3/include -fPIC -O2 -isystem /home/truhlard/shuxx055/anaconda3/include -fPIC

creating /tmp/tmp5lk2aikg/tmp
creating /tmp/tmp5lk2aikg/tmp/tmp5lk2aikg
creating /tmp/tmp5lk2aikg/tmp/tmp5lk2aikg/src.linux-x86_64-3.11
INFO: compile options: '-DNPY_DISABLE_OPTIMIZATION=1 -I/tmp/tmp5lk2aikg/src.linux-x86_64-3.11 -I/home/truhlard/shuxx055/anaconda3/lib/python3.11/site-packages/numpy/core/include -I/home/truhlard/shuxx055/anaconda3/include/python3.11 -c'
INFO: gcc: /tmp/tmp5lk2aikg/src.linux-x86_64-3.11/fortranobject.c
INFO: gcc: /tmp/tmp5lk2aikg/src.linux-x86_64-3.11/F2H2_GEN_SQSBDE_1995module.c
INFO: compiling Fortran sources
INFO: Fortran f77 compiler: /home/truhlard/shuxx055/anaconda3/bin/gfortran -fallow-argument-mismatch -std=legacy -fPIC -O3 -funroll-loops
Fortran f90 compiler: /home/truhlard/shuxx055/anaconda3/bin/gfortran -Wall -g -fno-second-underscore -fPIC -O3 -funroll-loops
Fortran fix compiler: /home/truhlard/shuxx055/anaconda3/bin/gfortran -Wall -g -ffixed-form -fno-second-underscore -Wall -g -fno-second-underscore -fPIC -O3 -funroll-loops
INFO: compile options: '-I/tmp/tmp5lk2aikg/src.linux-x86_64-3.11 -I/home/truhlard/shuxx055/anaconda3/lib/python3.11/site-packages/numpy/core/include -I/home/truhlard/shuxx055/anaconda3/include/python3.11 -c'
INFO: gfortran:f77: /tmp/tmp5lk2aikg/src.linux-x86_64-3.11/F2H2_GEN_SQSBDE_1995-f2pywrappers.f
INFO: gfortran:f77: F2H2_GEN_SQSBDE_1995.f
INFO: /home/truhlard/shuxx055/anaconda3/bin/gfortran -Wall -g -Wall -g -shared /tmp/tmp5lk2aikg/tmp/tmp5lk2aikg/src.linux-x86_64-3.11/F2H2_GEN_SQSBDE_1995module.o /tmp/tmp5lk2aikg/tmp/tmp5lk2aikg/src.linux-x86_64-3.11/fortranobject.o /tmp/tmp5lk2aikg/F2H2_GEN_SQSBDE_1995.o /tmp/tmp5lk2aikg/tmp/tmp5lk2aikg/src.linux-x86_64-3.11/F2H2_GEN_SQSBDE_1995-f2pywrappers.o -L/panfs/jay/groups/16/truhlard/shuxx055/anaconda3/bin/../lib/gcc/x86_64-conda-linux-gnu/13.1.0/../../../../x86_64-conda-linux-gnu/lib/../lib -L/panfs/jay/groups/16/truhlard/shuxx055/anaconda3/bin/../lib/gcc/x86_64-conda-linux-gnu/13.1.0/../../../../x86_64-conda-linux-gnu/lib/../lib -lmkl_intel_lp64 -lmkl_sequential -lmkl_core -lgfortran -o ./F2H2_GEN_SQSBDE_1995.cpython-311-x86_64-linux-gnu.so
Removing build directory /tmp/tmp5lk2aikg
