running build
running config_cc
INFO: unifing config_cc, config, build_clib, build_ext, build commands --compiler options
running config_fc
INFO: unifing config_fc, config, build_clib, build_ext, build commands --fcompiler options
running build_src
INFO: build_src
INFO: building extension "F2H2_GEN_JBKKL_1990" sources
INFO: f2py options: []
INFO: f2py:> /tmp/tmpsn33s5_2/src.linux-x86_64-3.11/F2H2_GEN_JBKKL_1990module.c
creating /tmp/tmpsn33s5_2/src.linux-x86_64-3.11
Reading fortran codes...
	Reading file 'F2H2_GEN_JBKKL_1990.f' (format:fix,strict)
Line #149 in F2H2_GEN_JBKKL_1990.f:"      parameter (zero=0.0d0,one=1.d0,two=2.d0,four=4.d0)"
	get_parameters: got "eval() arg 1 must be a string, bytes or code object" on 4
Line #149 in F2H2_GEN_JBKKL_1990.f:"      parameter (zero=0.0d0,one=1.d0,two=2.d0,four=4.d0)"
	get_parameters: got "eval() arg 1 must be a string, bytes or code object" on 4
Line #149 in F2H2_GEN_JBKKL_1990.f:"      parameter (zero=0.0d0,one=1.d0,two=2.d0,four=4.d0)"
	get_parameters: got "eval() arg 1 must be a string, bytes or code object" on 4
Line #149 in F2H2_GEN_JBKKL_1990.f:"      parameter (zero=0.0d0,one=1.d0,two=2.d0,four=4.d0)"
	get_parameters: got "eval() arg 1 must be a string, bytes or code object" on 4
Line #149 in F2H2_GEN_JBKKL_1990.f:"      parameter (zero=0.0d0,one=1.d0,two=2.d0,four=4.d0)"
	get_parameters: got "eval() arg 1 must be a string, bytes or code object" on 4
Line #149 in F2H2_GEN_JBKKL_1990.f:"      parameter (zero=0.0d0,one=1.d0,two=2.d0,four=4.d0)"
	get_parameters: got "eval() arg 1 must be a string, bytes or code object" on 4
Line #152 in F2H2_GEN_JBKKL_1990.f:"      parameter (izero=0)"
	get_parameters: got "eval() arg 1 must be a string, bytes or code object" on 4
Line #152 in F2H2_GEN_JBKKL_1990.f:"      parameter (izero=0)"
	get_parameters: got "eval() arg 1 must be a string, bytes or code object" on 4
Line #152 in F2H2_GEN_JBKKL_1990.f:"      parameter (izero=0)"
	get_parameters: got "eval() arg 1 must be a string, bytes or code object" on 4
Line #152 in F2H2_GEN_JBKKL_1990.f:"      parameter (izero=0)"
	get_parameters: got "eval() arg 1 must be a string, bytes or code object" on 4
Post-processing...
	Block: F2H2_GEN_JBKKL_1990
			Block: pes
			Block: carttor
			Block: bjinit
{}
In: :F2H2_GEN_JBKKL_1990:F2H2_GEN_JBKKL_1990.f:trbunk
vars2fortran: No typespec for argument "r".
{}
In: :F2H2_GEN_JBKKL_1990:F2H2_GEN_JBKKL_1990.f:trbunk
vars2fortran: No typespec for argument "r1".
{}
In: :F2H2_GEN_JBKKL_1990:F2H2_GEN_JBKKL_1990.f:trbunk
vars2fortran: No typespec for argument "r2".
{}
In: :F2H2_GEN_JBKKL_1990:F2H2_GEN_JBKKL_1990.f:trbunk
vars2fortran: No typespec for argument "v".
{}
In: :F2H2_GEN_JBKKL_1990:F2H2_GEN_JBKKL_1990.f:trbunk
vars2fortran: No typespec for argument "iq1".
{}
In: :F2H2_GEN_JBKKL_1990:F2H2_GEN_JBKKL_1990.f:trbunk
vars2fortran: No typespec for argument "iq2".
{}
In: :F2H2_GEN_JBKKL_1990:F2H2_GEN_JBKKL_1990.f:trbunk
vars2fortran: No typespec for argument "imu".
			Block: trbunk
In: :F2H2_GEN_JBKKL_1990:F2H2_GEN_JBKKL_1990.f:trbunk
get_parameters: got "eval() arg 1 must be a string, bytes or code object" on 4
In: :F2H2_GEN_JBKKL_1990:F2H2_GEN_JBKKL_1990.f:trbunk
get_parameters: got "eval() arg 1 must be a string, bytes or code object" on 4
In: :F2H2_GEN_JBKKL_1990:F2H2_GEN_JBKKL_1990.f:trbunk
get_parameters: got "eval() arg 1 must be a string, bytes or code object" on 4
In: :F2H2_GEN_JBKKL_1990:F2H2_GEN_JBKKL_1990.f:trbunk
get_parameters: got "eval() arg 1 must be a string, bytes or code object" on 4
{}
In: :F2H2_GEN_JBKKL_1990:F2H2_GEN_JBKKL_1990.f:threej
vars2fortran: No typespec for argument "a".
{}
In: :F2H2_GEN_JBKKL_1990:F2H2_GEN_JBKKL_1990.f:threej
vars2fortran: No typespec for argument "b".
{}
In: :F2H2_GEN_JBKKL_1990:F2H2_GEN_JBKKL_1990.f:threej
vars2fortran: No typespec for argument "c".
{}
In: :F2H2_GEN_JBKKL_1990:F2H2_GEN_JBKKL_1990.f:threej
vars2fortran: No typespec for argument "al".
{}
In: :F2H2_GEN_JBKKL_1990:F2H2_GEN_JBKKL_1990.f:threej
vars2fortran: No typespec for argument "be".
{}
In: :F2H2_GEN_JBKKL_1990:F2H2_GEN_JBKKL_1990.f:threej
vars2fortran: No typespec for argument "ga".
			Block: threej
{}
In: :F2H2_GEN_JBKKL_1990:F2H2_GEN_JBKKL_1990.f:vcalc
vars2fortran: No typespec for argument "r1".
{}
In: :F2H2_GEN_JBKKL_1990:F2H2_GEN_JBKKL_1990.f:vcalc
vars2fortran: No typespec for argument "r2".
{}
In: :F2H2_GEN_JBKKL_1990:F2H2_GEN_JBKKL_1990.f:vcalc
vars2fortran: No typespec for argument "rab".
			Block: vcalc
{}
In: :F2H2_GEN_JBKKL_1990:F2H2_GEN_JBKKL_1990.f:fakt
vars2fortran: No typespec for argument "a".
			Block: fakt
Applying post-processing hooks...
  character_backward_compatibility_hook
Post-processing (stage 2)...
Building modules...
    Building module "F2H2_GEN_JBKKL_1990"...
    Generating possibly empty wrappers"
    Maybe empty "F2H2_GEN_JBKKL_1990-f2pywrappers.f"
        Constructing wrapper function "pes"...
          p,g,d = pes(x,igrad,path)
    Generating possibly empty wrappers"
    Maybe empty "F2H2_GEN_JBKKL_1990-f2pywrappers.f"
        Constructing wrapper function "carttor"...
          carttor(cartnu,r)
    Generating possibly empty wrappers"
    Maybe empty "F2H2_GEN_JBKKL_1990-f2pywrappers.f"
        Constructing wrapper function "bjinit"...
          bjinit(path)
    Generating possibly empty wrappers"
    Maybe empty "F2H2_GEN_JBKKL_1990-f2pywrappers.f"
        Constructing wrapper function "trbunk"...
          trbunk(r,r1,r2,v,iq1,iq2,imu)
    Generating possibly empty wrappers"
    Maybe empty "F2H2_GEN_JBKKL_1990-f2pywrappers.f"
		Creating wrapper for Fortran function "threej"("threej")...
        Constructing wrapper function "threej"...
          threej = threej(a,b,c,al,be,ga)
    Generating possibly empty wrappers"
    Maybe empty "F2H2_GEN_JBKKL_1990-f2pywrappers.f"
        Constructing wrapper function "vcalc"...
          vcalc(r1,r2,rab)
    Generating possibly empty wrappers"
    Maybe empty "F2H2_GEN_JBKKL_1990-f2pywrappers.f"
		Creating wrapper for Fortran function "fakt"("fakt")...
        Constructing wrapper function "fakt"...
          fakt = fakt(a)
		Constructing COMMON block support for "params"...
		  c
		Constructing COMMON block support for "acoef"...
		  a
		Constructing COMMON block support for "consts"...
		  pi,bo,ha,vl,pc
    Wrote C/API module "F2H2_GEN_JBKKL_1990" to file "/tmp/tmpsn33s5_2/src.linux-x86_64-3.11/F2H2_GEN_JBKKL_1990module.c"
    Fortran 77 wrappers are saved to "/tmp/tmpsn33s5_2/src.linux-x86_64-3.11/F2H2_GEN_JBKKL_1990-f2pywrappers.f"
INFO:   adding '/tmp/tmpsn33s5_2/src.linux-x86_64-3.11/fortranobject.c' to sources.
INFO:   adding '/tmp/tmpsn33s5_2/src.linux-x86_64-3.11' to include_dirs.
copying /home/truhlard/shuxx055/anaconda3/lib/python3.11/site-packages/numpy/f2py/src/fortranobject.c -> /tmp/tmpsn33s5_2/src.linux-x86_64-3.11
copying /home/truhlard/shuxx055/anaconda3/lib/python3.11/site-packages/numpy/f2py/src/fortranobject.h -> /tmp/tmpsn33s5_2/src.linux-x86_64-3.11
INFO:   adding '/tmp/tmpsn33s5_2/src.linux-x86_64-3.11/F2H2_GEN_JBKKL_1990-f2pywrappers.f' to sources.
INFO: build_src: building npy-pkg config files
/home/truhlard/shuxx055/anaconda3/lib/python3.11/site-packages/setuptools/_distutils/cmd.py:66: SetuptoolsDeprecationWarning: setup.py install is deprecated.
!!

        ********************************************************************************
        Please avoid running ``setup.py`` directly.
        Instead, use pypa/build, pypa/installer, pypa/build or
        other standards-based tools.

        See https://blog.ganssle.io/articles/2021/10/setup-py-deprecated.html for details.
        ********************************************************************************

!!
  self.initialize_options()
running build_ext
INFO: customize UnixCCompiler
INFO: customize UnixCCompiler using build_ext
INFO: get_default_fcompiler: matching types: '['arm', 'gnu95', 'intel', 'lahey', 'pg', 'nv', 'absoft', 'nag', 'vast', 'compaq', 'intele', 'intelem', 'gnu', 'g95', 'pathf95', 'nagfor', 'fujitsu']'
INFO: customize ArmFlangCompiler
WARN: Could not locate executable armflang
INFO: customize Gnu95FCompiler
INFO: Found executable /home/truhlard/shuxx055/anaconda3/bin/gfortran
INFO: customize Gnu95FCompiler
INFO: customize Gnu95FCompiler using build_ext
INFO: building 'F2H2_GEN_JBKKL_1990' extension
INFO: compiling C sources
INFO: C compiler: gcc -pthread -B /home/truhlard/shuxx055/anaconda3/compiler_compat -DNDEBUG -fwrapv -O2 -Wall -fPIC -O2 -isystem /home/truhlard/shuxx055/anaconda3/include -fPIC -O2 -isystem /home/truhlard/shuxx055/anaconda3/include -fPIC

creating /tmp/tmpsn33s5_2/tmp
creating /tmp/tmpsn33s5_2/tmp/tmpsn33s5_2
creating /tmp/tmpsn33s5_2/tmp/tmpsn33s5_2/src.linux-x86_64-3.11
INFO: compile options: '-DNPY_DISABLE_OPTIMIZATION=1 -I/tmp/tmpsn33s5_2/src.linux-x86_64-3.11 -I/home/truhlard/shuxx055/anaconda3/lib/python3.11/site-packages/numpy/core/include -I/home/truhlard/shuxx055/anaconda3/include/python3.11 -c'
INFO: gcc: /tmp/tmpsn33s5_2/src.linux-x86_64-3.11/fortranobject.c
INFO: gcc: /tmp/tmpsn33s5_2/src.linux-x86_64-3.11/F2H2_GEN_JBKKL_1990module.c
INFO: compiling Fortran sources
INFO: Fortran f77 compiler: /home/truhlard/shuxx055/anaconda3/bin/gfortran -fallow-argument-mismatch -std=legacy -fPIC -O3 -funroll-loops
Fortran f90 compiler: /home/truhlard/shuxx055/anaconda3/bin/gfortran -Wall -g -fno-second-underscore -fPIC -O3 -funroll-loops
Fortran fix compiler: /home/truhlard/shuxx055/anaconda3/bin/gfortran -Wall -g -ffixed-form -fno-second-underscore -Wall -g -fno-second-underscore -fPIC -O3 -funroll-loops
INFO: compile options: '-I/tmp/tmpsn33s5_2/src.linux-x86_64-3.11 -I/home/truhlard/shuxx055/anaconda3/lib/python3.11/site-packages/numpy/core/include -I/home/truhlard/shuxx055/anaconda3/include/python3.11 -c'
INFO: gfortran:f77: /tmp/tmpsn33s5_2/src.linux-x86_64-3.11/F2H2_GEN_JBKKL_1990-f2pywrappers.f
INFO: gfortran:f77: F2H2_GEN_JBKKL_1990.f
INFO: /home/truhlard/shuxx055/anaconda3/bin/gfortran -Wall -g -Wall -g -shared /tmp/tmpsn33s5_2/tmp/tmpsn33s5_2/src.linux-x86_64-3.11/F2H2_GEN_JBKKL_1990module.o /tmp/tmpsn33s5_2/tmp/tmpsn33s5_2/src.linux-x86_64-3.11/fortranobject.o /tmp/tmpsn33s5_2/F2H2_GEN_JBKKL_1990.o /tmp/tmpsn33s5_2/tmp/tmpsn33s5_2/src.linux-x86_64-3.11/F2H2_GEN_JBKKL_1990-f2pywrappers.o -L/panfs/jay/groups/16/truhlard/shuxx055/anaconda3/bin/../lib/gcc/x86_64-conda-linux-gnu/13.1.0/../../../../x86_64-conda-linux-gnu/lib/../lib -L/panfs/jay/groups/16/truhlard/shuxx055/anaconda3/bin/../lib/gcc/x86_64-conda-linux-gnu/13.1.0/../../../../x86_64-conda-linux-gnu/lib/../lib -lmkl_intel_lp64 -lmkl_sequential -lmkl_core -lgfortran -o ./F2H2_GEN_JBKKL_1990.cpython-311-x86_64-linux-gnu.so
Removing build directory /tmp/tmpsn33s5_2
