running build
running config_cc
INFO: unifing config_cc, config, build_clib, build_ext, build commands --compiler options
running config_fc
INFO: unifing config_fc, config, build_clib, build_ext, build commands --fcompiler options
running build_src
INFO: build_src
INFO: building extension "CH5_GEN_J2_1987" sources
INFO: f2py options: []
INFO: f2py:> /tmp/tmpb0z156yw/src.linux-x86_64-3.11/CH5_GEN_J2_1987module.c
creating /tmp/tmpb0z156yw/src.linux-x86_64-3.11
rmbadname1: Replacing "switch" with "switch_bn".
analyzeline: Failed to evaluate '4.0d0*pi*1.0d-07'. Ignoring: invalid decimal literal (<string>, line 1)
analyzeline: Failed to evaluate '1.0d0/(cmu_0*clight**2)'. Ignoring: invalid decimal literal (<string>, line 1)
Reading fortran codes...
	Reading file 'CH5_GEN_J2_1987.f' (format:fix,strict)
Line #15 in CH5_GEN_J2_1987.f:"      PARAMETER (JSURF=INT(ISURF*(ISURF+1)/2))"
	determineexprtype: could not determine expressions ('int') type.
Line #15 in CH5_GEN_J2_1987.f:"      PARAMETER (JSURF=INT(ISURF*(ISURF+1)/2))"
	determineexprtype: could not determine expressions ('int(isurf*(isurf+1)/2)') type.
Line #106 in CH5_GEN_J2_1987.f:"      PARAMETER (PI = 3.141592653589793D0)"
	get_parameters: got "eval() arg 1 must be a string, bytes or code object" on 4
Line #108 in CH5_GEN_J2_1987.f:"      PARAMETER (NATOM = 25)"
	get_parameters: got "eval() arg 1 must be a string, bytes or code object" on 4
Line #108 in CH5_GEN_J2_1987.f:"      PARAMETER (NATOM = 25)"
	get_parameters: got "eval() arg 1 must be a string, bytes or code object" on 4
Line #441 in CH5_GEN_J2_1987.f:"      PARAMETER (PI = 3.141592653589793D0)"
	get_parameters: got "eval() arg 1 must be a string, bytes or code object" on 4
Line #443 in CH5_GEN_J2_1987.f:"      PARAMETER (NATOM = 25)"
	get_parameters: got "eval() arg 1 must be a string, bytes or code object" on 4
Line #443 in CH5_GEN_J2_1987.f:"      PARAMETER (NATOM = 25)"
	get_parameters: got "eval() arg 1 must be a string, bytes or code object" on 4
Line #502 in CH5_GEN_J2_1987.f:"      PARAMETER (PI = 3.141592653589793D0)"
	get_parameters: got "eval() arg 1 must be a string, bytes or code object" on 4
Line #504 in CH5_GEN_J2_1987.f:"      PARAMETER (NATOM = 25)"
	get_parameters: got "eval() arg 1 must be a string, bytes or code object" on 4
Line #504 in CH5_GEN_J2_1987.f:"      PARAMETER (NATOM = 25)"
	get_parameters: got "eval() arg 1 must be a string, bytes or code object" on 4
Line #565 in CH5_GEN_J2_1987.f:"      PARAMETER (PI = 3.141592653589793D0)"
	get_parameters: got "eval() arg 1 must be a string, bytes or code object" on 4
Line #567 in CH5_GEN_J2_1987.f:"      PARAMETER (NATOM = 25)"
	get_parameters: got "eval() arg 1 must be a string, bytes or code object" on 4
Line #567 in CH5_GEN_J2_1987.f:"      PARAMETER (NATOM = 25)"
	get_parameters: got "eval() arg 1 must be a string, bytes or code object" on 4
Line #653 in CH5_GEN_J2_1987.f:"      PARAMETER (PI = 3.141592653589793D0)"
	get_parameters: got "eval() arg 1 must be a string, bytes or code object" on 4
Line #655 in CH5_GEN_J2_1987.f:"      PARAMETER (NATOM = 25)"
	get_parameters: got "eval() arg 1 must be a string, bytes or code object" on 4
Line #655 in CH5_GEN_J2_1987.f:"      PARAMETER (NATOM = 25)"
	get_parameters: got "eval() arg 1 must be a string, bytes or code object" on 4
Line #769 in CH5_GEN_J2_1987.f:"      PARAMETER (PI = 3.141592653589793D0)"
	get_parameters: got "eval() arg 1 must be a string, bytes or code object" on 4
Line #771 in CH5_GEN_J2_1987.f:"      PARAMETER (NATOM = 25)"
	get_parameters: got "eval() arg 1 must be a string, bytes or code object" on 4
Line #771 in CH5_GEN_J2_1987.f:"      PARAMETER (NATOM = 25)"
	get_parameters: got "eval() arg 1 must be a string, bytes or code object" on 4
Line #843 in CH5_GEN_J2_1987.f:"      PARAMETER (PI = 3.141592653589793D0)"
	get_parameters: got "eval() arg 1 must be a string, bytes or code object" on 4
Line #845 in CH5_GEN_J2_1987.f:"      PARAMETER (NATOM = 25)"
	get_parameters: got "eval() arg 1 must be a string, bytes or code object" on 4
Line #845 in CH5_GEN_J2_1987.f:"      PARAMETER (NATOM = 25)"
	get_parameters: got "eval() arg 1 must be a string, bytes or code object" on 4
Line #1160 in CH5_GEN_J2_1987.f:"      PARAMETER (PI = 3.141592653589793D0)"
	get_parameters: got "eval() arg 1 must be a string, bytes or code object" on 4
Line #1162 in CH5_GEN_J2_1987.f:"      PARAMETER (NATOM = 25)"
	get_parameters: got "eval() arg 1 must be a string, bytes or code object" on 4
Line #1162 in CH5_GEN_J2_1987.f:"      PARAMETER (NATOM = 25)"
	get_parameters: got "eval() arg 1 must be a string, bytes or code object" on 4
Line #1301 in CH5_GEN_J2_1987.f:"      PARAMETER (PI = 3.141592653589793D0)"
	get_parameters: got "eval() arg 1 must be a string, bytes or code object" on 4
Line #1303 in CH5_GEN_J2_1987.f:"      PARAMETER (NATOM = 25)"
	get_parameters: got "eval() arg 1 must be a string, bytes or code object" on 4
Line #1303 in CH5_GEN_J2_1987.f:"      PARAMETER (NATOM = 25)"
	get_parameters: got "eval() arg 1 must be a string, bytes or code object" on 4
Line #1406 in CH5_GEN_J2_1987.f:"      PARAMETER (PI = 3.141592653589793D0)"
	get_parameters: got "eval() arg 1 must be a string, bytes or code object" on 4
Line #1408 in CH5_GEN_J2_1987.f:"      PARAMETER (NATOM = 25)"
	get_parameters: got "eval() arg 1 must be a string, bytes or code object" on 4
Line #1408 in CH5_GEN_J2_1987.f:"      PARAMETER (NATOM = 25)"
	get_parameters: got "eval() arg 1 must be a string, bytes or code object" on 4
Line #1506 in CH5_GEN_J2_1987.f:"      PARAMETER (PI = 3.141592653589793D0)"
	get_parameters: got "eval() arg 1 must be a string, bytes or code object" on 4
Line #1508 in CH5_GEN_J2_1987.f:"      PARAMETER (NATOM = 25)"
	get_parameters: got "eval() arg 1 must be a string, bytes or code object" on 4
Line #1508 in CH5_GEN_J2_1987.f:"      PARAMETER (NATOM = 25)"
	get_parameters: got "eval() arg 1 must be a string, bytes or code object" on 4
Line #1614 in CH5_GEN_J2_1987.f:"      PARAMETER (PI = 3.141592653589793D0)                              "
	get_parameters: got "eval() arg 1 must be a string, bytes or code object" on 4
Line #1615 in CH5_GEN_J2_1987.f:"      PARAMETER (NATOM = 25)                                            "
	get_parameters: got "eval() arg 1 must be a string, bytes or code object" on 4
Line #1615 in CH5_GEN_J2_1987.f:"      PARAMETER (NATOM = 25)                                            "
	get_parameters: got "eval() arg 1 must be a string, bytes or code object" on 4
Line #1617 in CH5_GEN_J2_1987.f:"      PARAMETER (N3TMMN = 18)                                           "
	get_parameters: got "eval() arg 1 must be a string, bytes or code object" on 4
Line #1617 in CH5_GEN_J2_1987.f:"      PARAMETER (N3TMMN = 18)                                           "
	get_parameters: got "eval() arg 1 must be a string, bytes or code object" on 4
Line #1686 in CH5_GEN_J2_1987.f:"      PARAMETER (PI = 3.141592653589793D0)"
	get_parameters: got "eval() arg 1 must be a string, bytes or code object" on 4
Line #1688 in CH5_GEN_J2_1987.f:"      PARAMETER (NATOM = 25)"
	get_parameters: got "eval() arg 1 must be a string, bytes or code object" on 4
Line #1688 in CH5_GEN_J2_1987.f:"      PARAMETER (NATOM = 25)"
	get_parameters: got "eval() arg 1 must be a string, bytes or code object" on 4
Line #1756 in CH5_GEN_J2_1987.f:"      PARAMETER (PI = 3.141592653589793D0)"
	get_parameters: got "eval() arg 1 must be a string, bytes or code object" on 4
Line #1926 in CH5_GEN_J2_1987.f:"      PARAMETER(        PI = 3.141592653589793D0)"
	get_parameters: got "eval() arg 1 must be a string, bytes or code object" on 4
Line #1927 in CH5_GEN_J2_1987.f:"      PARAMETER(    CLIGHT = 2.99792458D08)"
	get_parameters: got "eval() arg 1 must be a string, bytes or code object" on 4
Line #1927 in CH5_GEN_J2_1987.f:"      PARAMETER(    CLIGHT = 2.99792458D08)"
	get_parameters: got "eval() arg 1 must be a string, bytes or code object" on 4
Line #1928 in CH5_GEN_J2_1987.f:"      PARAMETER(     CMU_0 = 4.0D0*PI*1.0D-07)"
	get_parameters: got "eval() arg 1 must be a string, bytes or code object" on 4
Line #1928 in CH5_GEN_J2_1987.f:"      PARAMETER(     CMU_0 = 4.0D0*PI*1.0D-07)"
	get_parameters: got "eval() arg 1 must be a string, bytes or code object" on 4
Line #1928 in CH5_GEN_J2_1987.f:"      PARAMETER(     CMU_0 = 4.0D0*PI*1.0D-07)"
	get_parameters: got "eval() arg 1 must be a string, bytes or code object" on 4
Line #1929 in CH5_GEN_J2_1987.f:"      PARAMETER(CEPSILON_0 = 1.0D0/(CMU_0*CLIGHT**2))"
	get_parameters: got "eval() arg 1 must be a string, bytes or code object" on 4
Line #1929 in CH5_GEN_J2_1987.f:"      PARAMETER(CEPSILON_0 = 1.0D0/(CMU_0*CLIGHT**2))"
	get_parameters: got "eval() arg 1 must be a string, bytes or code object" on 4
Line #1929 in CH5_GEN_J2_1987.f:"      PARAMETER(CEPSILON_0 = 1.0D0/(CMU_0*CLIGHT**2))"
	get_parameters: got "eval() arg 1 must be a string, bytes or code object" on 4
Line #1929 in CH5_GEN_J2_1987.f:"      PARAMETER(CEPSILON_0 = 1.0D0/(CMU_0*CLIGHT**2))"
	determineexprtype: could not determine expressions ('1.0d0/(cmu_0*clight**2)') type.
Line #1930 in CH5_GEN_J2_1987.f:"      PARAMETER(        CE = 1.602176462D-19)"
	get_parameters: got "eval() arg 1 must be a string, bytes or code object" on 4
Line #1930 in CH5_GEN_J2_1987.f:"      PARAMETER(        CE = 1.602176462D-19)"
	get_parameters: got "eval() arg 1 must be a string, bytes or code object" on 4
Line #1930 in CH5_GEN_J2_1987.f:"      PARAMETER(        CE = 1.602176462D-19)"
	get_parameters: got "eval() arg 1 must be a string, bytes or code object" on 4
Line #1931 in CH5_GEN_J2_1987.f:"      PARAMETER(   CPLANCK = 6.62606876D-34)"
	get_parameters: got "eval() arg 1 must be a string, bytes or code object" on 4
Line #1931 in CH5_GEN_J2_1987.f:"      PARAMETER(   CPLANCK = 6.62606876D-34)"
	get_parameters: got "eval() arg 1 must be a string, bytes or code object" on 4
Line #1931 in CH5_GEN_J2_1987.f:"      PARAMETER(   CPLANCK = 6.62606876D-34)"
	get_parameters: got "eval() arg 1 must be a string, bytes or code object" on 4
Line #1931 in CH5_GEN_J2_1987.f:"      PARAMETER(   CPLANCK = 6.62606876D-34)"
	get_parameters: got "eval() arg 1 must be a string, bytes or code object" on 4
Line #1932 in CH5_GEN_J2_1987.f:"      PARAMETER(      CM_E = 9.10938188D-31)"
	get_parameters: got "eval() arg 1 must be a string, bytes or code object" on 4
Line #1932 in CH5_GEN_J2_1987.f:"      PARAMETER(      CM_E = 9.10938188D-31)"
	get_parameters: got "eval() arg 1 must be a string, bytes or code object" on 4
Line #1932 in CH5_GEN_J2_1987.f:"      PARAMETER(      CM_E = 9.10938188D-31)"
	get_parameters: got "eval() arg 1 must be a string, bytes or code object" on 4
Line #1932 in CH5_GEN_J2_1987.f:"      PARAMETER(      CM_E = 9.10938188D-31)"
	get_parameters: got "eval() arg 1 must be a string, bytes or code object" on 4
Line #1932 in CH5_GEN_J2_1987.f:"      PARAMETER(      CM_E = 9.10938188D-31)"
	get_parameters: got "eval() arg 1 must be a string, bytes or code object" on 4
Line #1933 in CH5_GEN_J2_1987.f:"      PARAMETER(      CANG = 1.0D-10)"
	get_parameters: got "eval() arg 1 must be a string, bytes or code object" on 4
Line #1933 in CH5_GEN_J2_1987.f:"      PARAMETER(      CANG = 1.0D-10)"
	get_parameters: got "eval() arg 1 must be a string, bytes or code object" on 4
Line #1933 in CH5_GEN_J2_1987.f:"      PARAMETER(      CANG = 1.0D-10)"
	get_parameters: got "eval() arg 1 must be a string, bytes or code object" on 4
Line #1933 in CH5_GEN_J2_1987.f:"      PARAMETER(      CANG = 1.0D-10)"
	get_parameters: got "eval() arg 1 must be a string, bytes or code object" on 4
Line #1933 in CH5_GEN_J2_1987.f:"      PARAMETER(      CANG = 1.0D-10)"
	get_parameters: got "eval() arg 1 must be a string, bytes or code object" on 4
Line #1933 in CH5_GEN_J2_1987.f:"      PARAMETER(      CANG = 1.0D-10)"
	get_parameters: got "eval() arg 1 must be a string, bytes or code object" on 4
Line #1934 in CH5_GEN_J2_1987.f:"      PARAMETER( CAVOGADRO = 6.02214199D23)"
	get_parameters: got "eval() arg 1 must be a string, bytes or code object" on 4
Line #1934 in CH5_GEN_J2_1987.f:"      PARAMETER( CAVOGADRO = 6.02214199D23)"
	get_parameters: got "eval() arg 1 must be a string, bytes or code object" on 4
Line #1934 in CH5_GEN_J2_1987.f:"      PARAMETER( CAVOGADRO = 6.02214199D23)"
	get_parameters: got "eval() arg 1 must be a string, bytes or code object" on 4
Line #1934 in CH5_GEN_J2_1987.f:"      PARAMETER( CAVOGADRO = 6.02214199D23)"
	get_parameters: got "eval() arg 1 must be a string, bytes or code object" on 4
Line #1934 in CH5_GEN_J2_1987.f:"      PARAMETER( CAVOGADRO = 6.02214199D23)"
	get_parameters: got "eval() arg 1 must be a string, bytes or code object" on 4
Line #1934 in CH5_GEN_J2_1987.f:"      PARAMETER( CAVOGADRO = 6.02214199D23)"
	get_parameters: got "eval() arg 1 must be a string, bytes or code object" on 4
Line #1934 in CH5_GEN_J2_1987.f:"      PARAMETER( CAVOGADRO = 6.02214199D23)"
	get_parameters: got "eval() arg 1 must be a string, bytes or code object" on 4
Line #1935 in CH5_GEN_J2_1987.f:"      PARAMETER(     CKCAL = 4.184D10)"
	get_parameters: got "eval() arg 1 must be a string, bytes or code object" on 4
Line #1935 in CH5_GEN_J2_1987.f:"      PARAMETER(     CKCAL = 4.184D10)"
	get_parameters: got "eval() arg 1 must be a string, bytes or code object" on 4
Line #1935 in CH5_GEN_J2_1987.f:"      PARAMETER(     CKCAL = 4.184D10)"
	get_parameters: got "eval() arg 1 must be a string, bytes or code object" on 4
Line #1935 in CH5_GEN_J2_1987.f:"      PARAMETER(     CKCAL = 4.184D10)"
	get_parameters: got "eval() arg 1 must be a string, bytes or code object" on 4
Line #1935 in CH5_GEN_J2_1987.f:"      PARAMETER(     CKCAL = 4.184D10)"
	get_parameters: got "eval() arg 1 must be a string, bytes or code object" on 4
Line #1935 in CH5_GEN_J2_1987.f:"      PARAMETER(     CKCAL = 4.184D10)"
	get_parameters: got "eval() arg 1 must be a string, bytes or code object" on 4
Line #1935 in CH5_GEN_J2_1987.f:"      PARAMETER(     CKCAL = 4.184D10)"
	get_parameters: got "eval() arg 1 must be a string, bytes or code object" on 4
Line #1935 in CH5_GEN_J2_1987.f:"      PARAMETER(     CKCAL = 4.184D10)"
	get_parameters: got "eval() arg 1 must be a string, bytes or code object" on 4
Line #1936 in CH5_GEN_J2_1987.f:"      PARAMETER(  HTOMILLH = 1000.D0)"
	get_parameters: got "eval() arg 1 must be a string, bytes or code object" on 4
Line #1936 in CH5_GEN_J2_1987.f:"      PARAMETER(  HTOMILLH = 1000.D0)"
	get_parameters: got "eval() arg 1 must be a string, bytes or code object" on 4
Line #1936 in CH5_GEN_J2_1987.f:"      PARAMETER(  HTOMILLH = 1000.D0)"
	get_parameters: got "eval() arg 1 must be a string, bytes or code object" on 4
Line #1936 in CH5_GEN_J2_1987.f:"      PARAMETER(  HTOMILLH = 1000.D0)"
	get_parameters: got "eval() arg 1 must be a string, bytes or code object" on 4
Line #1936 in CH5_GEN_J2_1987.f:"      PARAMETER(  HTOMILLH = 1000.D0)"
	get_parameters: got "eval() arg 1 must be a string, bytes or code object" on 4
Line #1936 in CH5_GEN_J2_1987.f:"      PARAMETER(  HTOMILLH = 1000.D0)"
	get_parameters: got "eval() arg 1 must be a string, bytes or code object" on 4
Line #1936 in CH5_GEN_J2_1987.f:"      PARAMETER(  HTOMILLH = 1000.D0)"
	get_parameters: got "eval() arg 1 must be a string, bytes or code object" on 4
Line #1936 in CH5_GEN_J2_1987.f:"      PARAMETER(  HTOMILLH = 1000.D0)"
	get_parameters: got "eval() arg 1 must be a string, bytes or code object" on 4
Line #1936 in CH5_GEN_J2_1987.f:"      PARAMETER(  HTOMILLH = 1000.D0)"
	get_parameters: got "eval() arg 1 must be a string, bytes or code object" on 4
Line #1937 in CH5_GEN_J2_1987.f:"      PARAMETER(     HTOEV = 27.2113834D0)"
	get_parameters: got "eval() arg 1 must be a string, bytes or code object" on 4
Line #1937 in CH5_GEN_J2_1987.f:"      PARAMETER(     HTOEV = 27.2113834D0)"
	get_parameters: got "eval() arg 1 must be a string, bytes or code object" on 4
Line #1937 in CH5_GEN_J2_1987.f:"      PARAMETER(     HTOEV = 27.2113834D0)"
	get_parameters: got "eval() arg 1 must be a string, bytes or code object" on 4
Line #1937 in CH5_GEN_J2_1987.f:"      PARAMETER(     HTOEV = 27.2113834D0)"
	get_parameters: got "eval() arg 1 must be a string, bytes or code object" on 4
Line #1937 in CH5_GEN_J2_1987.f:"      PARAMETER(     HTOEV = 27.2113834D0)"
	get_parameters: got "eval() arg 1 must be a string, bytes or code object" on 4
Line #1937 in CH5_GEN_J2_1987.f:"      PARAMETER(     HTOEV = 27.2113834D0)"
	get_parameters: got "eval() arg 1 must be a string, bytes or code object" on 4
Line #1937 in CH5_GEN_J2_1987.f:"      PARAMETER(     HTOEV = 27.2113834D0)"
	get_parameters: got "eval() arg 1 must be a string, bytes or code object" on 4
Line #1937 in CH5_GEN_J2_1987.f:"      PARAMETER(     HTOEV = 27.2113834D0)"
	get_parameters: got "eval() arg 1 must be a string, bytes or code object" on 4
Line #1937 in CH5_GEN_J2_1987.f:"      PARAMETER(     HTOEV = 27.2113834D0)"
	get_parameters: got "eval() arg 1 must be a string, bytes or code object" on 4
buildmodule: Could not find the body of interfaced routine "switch". Skipping.

getstrlength: expected a signature of a string but got: {'typespec': 'character', 'charselector': {'*': '75'}, 'attrspec': [], 'dimension': ['5']}
Line #1937 in CH5_GEN_J2_1987.f:"      PARAMETER(     HTOEV = 27.2113834D0)"
	get_parameters: got "eval() arg 1 must be a string, bytes or code object" on 4
Line #1938 in CH5_GEN_J2_1987.f:"      PARAMETER(   HTOKCAL = 627.509470D0)"
	get_parameters: got "eval() arg 1 must be a string, bytes or code object" on 4
Line #1938 in CH5_GEN_J2_1987.f:"      PARAMETER(   HTOKCAL = 627.509470D0)"
	get_parameters: got "eval() arg 1 must be a string, bytes or code object" on 4
Line #1938 in CH5_GEN_J2_1987.f:"      PARAMETER(   HTOKCAL = 627.509470D0)"
	get_parameters: got "eval() arg 1 must be a string, bytes or code object" on 4
Line #1938 in CH5_GEN_J2_1987.f:"      PARAMETER(   HTOKCAL = 627.509470D0)"
	get_parameters: got "eval() arg 1 must be a string, bytes or code object" on 4
Line #1938 in CH5_GEN_J2_1987.f:"      PARAMETER(   HTOKCAL = 627.509470D0)"
	get_parameters: got "eval() arg 1 must be a string, bytes or code object" on 4
Line #1938 in CH5_GEN_J2_1987.f:"      PARAMETER(   HTOKCAL = 627.509470D0)"
	get_parameters: got "eval() arg 1 must be a string, bytes or code object" on 4
Line #1938 in CH5_GEN_J2_1987.f:"      PARAMETER(   HTOKCAL = 627.509470D0)"
	get_parameters: got "eval() arg 1 must be a string, bytes or code object" on 4
Line #1938 in CH5_GEN_J2_1987.f:"      PARAMETER(   HTOKCAL = 627.509470D0)"
	get_parameters: got "eval() arg 1 must be a string, bytes or code object" on 4
Line #1938 in CH5_GEN_J2_1987.f:"      PARAMETER(   HTOKCAL = 627.509470D0)"
	get_parameters: got "eval() arg 1 must be a string, bytes or code object" on 4
Line #1938 in CH5_GEN_J2_1987.f:"      PARAMETER(   HTOKCAL = 627.509470D0)"
	get_parameters: got "eval() arg 1 must be a string, bytes or code object" on 4
Line #1938 in CH5_GEN_J2_1987.f:"      PARAMETER(   HTOKCAL = 627.509470D0)"
	get_parameters: got "eval() arg 1 must be a string, bytes or code object" on 4
Line #1939 in CH5_GEN_J2_1987.f:"      PARAMETER(   HTOWAVE = 219474.631D0)"
	get_parameters: got "eval() arg 1 must be a string, bytes or code object" on 4
Line #1939 in CH5_GEN_J2_1987.f:"      PARAMETER(   HTOWAVE = 219474.631D0)"
	get_parameters: got "eval() arg 1 must be a string, bytes or code object" on 4
Line #1939 in CH5_GEN_J2_1987.f:"      PARAMETER(   HTOWAVE = 219474.631D0)"
	get_parameters: got "eval() arg 1 must be a string, bytes or code object" on 4
Line #1939 in CH5_GEN_J2_1987.f:"      PARAMETER(   HTOWAVE = 219474.631D0)"
	get_parameters: got "eval() arg 1 must be a string, bytes or code object" on 4
Line #1939 in CH5_GEN_J2_1987.f:"      PARAMETER(   HTOWAVE = 219474.631D0)"
	get_parameters: got "eval() arg 1 must be a string, bytes or code object" on 4
Line #1939 in CH5_GEN_J2_1987.f:"      PARAMETER(   HTOWAVE = 219474.631D0)"
	get_parameters: got "eval() arg 1 must be a string, bytes or code object" on 4
Line #1939 in CH5_GEN_J2_1987.f:"      PARAMETER(   HTOWAVE = 219474.631D0)"
	get_parameters: got "eval() arg 1 must be a string, bytes or code object" on 4
Line #1939 in CH5_GEN_J2_1987.f:"      PARAMETER(   HTOWAVE = 219474.631D0)"
	get_parameters: got "eval() arg 1 must be a string, bytes or code object" on 4
Line #1939 in CH5_GEN_J2_1987.f:"      PARAMETER(   HTOWAVE = 219474.631D0)"
	get_parameters: got "eval() arg 1 must be a string, bytes or code object" on 4
Line #1939 in CH5_GEN_J2_1987.f:"      PARAMETER(   HTOWAVE = 219474.631D0)"
	get_parameters: got "eval() arg 1 must be a string, bytes or code object" on 4
Line #1939 in CH5_GEN_J2_1987.f:"      PARAMETER(   HTOWAVE = 219474.631D0)"
	get_parameters: got "eval() arg 1 must be a string, bytes or code object" on 4
Line #1939 in CH5_GEN_J2_1987.f:"      PARAMETER(   HTOWAVE = 219474.631D0)"
	get_parameters: got "eval() arg 1 must be a string, bytes or code object" on 4
Line #1940 in CH5_GEN_J2_1987.f:"      PARAMETER(     HTOKJ = 2625.49962D0)"
	get_parameters: got "eval() arg 1 must be a string, bytes or code object" on 4
Line #1940 in CH5_GEN_J2_1987.f:"      PARAMETER(     HTOKJ = 2625.49962D0)"
	get_parameters: got "eval() arg 1 must be a string, bytes or code object" on 4
Line #1940 in CH5_GEN_J2_1987.f:"      PARAMETER(     HTOKJ = 2625.49962D0)"
	get_parameters: got "eval() arg 1 must be a string, bytes or code object" on 4
Line #1940 in CH5_GEN_J2_1987.f:"      PARAMETER(     HTOKJ = 2625.49962D0)"
	get_parameters: got "eval() arg 1 must be a string, bytes or code object" on 4
Line #1940 in CH5_GEN_J2_1987.f:"      PARAMETER(     HTOKJ = 2625.49962D0)"
	get_parameters: got "eval() arg 1 must be a string, bytes or code object" on 4
Line #1940 in CH5_GEN_J2_1987.f:"      PARAMETER(     HTOKJ = 2625.49962D0)"
	get_parameters: got "eval() arg 1 must be a string, bytes or code object" on 4
Line #1940 in CH5_GEN_J2_1987.f:"      PARAMETER(     HTOKJ = 2625.49962D0)"
	get_parameters: got "eval() arg 1 must be a string, bytes or code object" on 4
Line #1940 in CH5_GEN_J2_1987.f:"      PARAMETER(     HTOKJ = 2625.49962D0)"
	get_parameters: got "eval() arg 1 must be a string, bytes or code object" on 4
Line #1940 in CH5_GEN_J2_1987.f:"      PARAMETER(     HTOKJ = 2625.49962D0)"
	get_parameters: got "eval() arg 1 must be a string, bytes or code object" on 4
Line #1940 in CH5_GEN_J2_1987.f:"      PARAMETER(     HTOKJ = 2625.49962D0)"
	get_parameters: got "eval() arg 1 must be a string, bytes or code object" on 4
Line #1940 in CH5_GEN_J2_1987.f:"      PARAMETER(     HTOKJ = 2625.49962D0)"
	get_parameters: got "eval() arg 1 must be a string, bytes or code object" on 4
Line #1940 in CH5_GEN_J2_1987.f:"      PARAMETER(     HTOKJ = 2625.49962D0)"
	get_parameters: got "eval() arg 1 must be a string, bytes or code object" on 4
Line #1940 in CH5_GEN_J2_1987.f:"      PARAMETER(     HTOKJ = 2625.49962D0)"
	get_parameters: got "eval() arg 1 must be a string, bytes or code object" on 4
Line #1941 in CH5_GEN_J2_1987.f:"      PARAMETER(    BOHR_A = .5291772083D0)"
	get_parameters: got "eval() arg 1 must be a string, bytes or code object" on 4
Line #1941 in CH5_GEN_J2_1987.f:"      PARAMETER(    BOHR_A = .5291772083D0)"
	get_parameters: got "eval() arg 1 must be a string, bytes or code object" on 4
Line #1941 in CH5_GEN_J2_1987.f:"      PARAMETER(    BOHR_A = .5291772083D0)"
	get_parameters: got "eval() arg 1 must be a string, bytes or code object" on 4
Line #1941 in CH5_GEN_J2_1987.f:"      PARAMETER(    BOHR_A = .5291772083D0)"
	get_parameters: got "eval() arg 1 must be a string, bytes or code object" on 4
Line #1941 in CH5_GEN_J2_1987.f:"      PARAMETER(    BOHR_A = .5291772083D0)"
	get_parameters: got "eval() arg 1 must be a string, bytes or code object" on 4
Line #1941 in CH5_GEN_J2_1987.f:"      PARAMETER(    BOHR_A = .5291772083D0)"
	get_parameters: got "eval() arg 1 must be a string, bytes or code object" on 4
Line #1941 in CH5_GEN_J2_1987.f:"      PARAMETER(    BOHR_A = .5291772083D0)"
	get_parameters: got "eval() arg 1 must be a string, bytes or code object" on 4
Line #1941 in CH5_GEN_J2_1987.f:"      PARAMETER(    BOHR_A = .5291772083D0)"
	get_parameters: got "eval() arg 1 must be a string, bytes or code object" on 4
Line #1941 in CH5_GEN_J2_1987.f:"      PARAMETER(    BOHR_A = .5291772083D0)"
	get_parameters: got "eval() arg 1 must be a string, bytes or code object" on 4
Line #1941 in CH5_GEN_J2_1987.f:"      PARAMETER(    BOHR_A = .5291772083D0)"
	get_parameters: got "eval() arg 1 must be a string, bytes or code object" on 4
Line #1941 in CH5_GEN_J2_1987.f:"      PARAMETER(    BOHR_A = .5291772083D0)"
	get_parameters: got "eval() arg 1 must be a string, bytes or code object" on 4
Line #1941 in CH5_GEN_J2_1987.f:"      PARAMETER(    BOHR_A = .5291772083D0)"
	get_parameters: got "eval() arg 1 must be a string, bytes or code object" on 4
Line #1941 in CH5_GEN_J2_1987.f:"      PARAMETER(    BOHR_A = .5291772083D0)"
	get_parameters: got "eval() arg 1 must be a string, bytes or code object" on 4
Line #1941 in CH5_GEN_J2_1987.f:"      PARAMETER(    BOHR_A = .5291772083D0)"
	get_parameters: got "eval() arg 1 must be a string, bytes or code object" on 4
Post-processing...
	Block: CH5_GEN_J2_1987
			Block: pes
			Block: pot
In: :CH5_GEN_J2_1987:CH5_GEN_J2_1987.f:pot
get_parameters: got "eval() arg 1 must be a string, bytes or code object" on 4
In: :CH5_GEN_J2_1987:CH5_GEN_J2_1987.f:pot
get_parameters: got "eval() arg 1 must be a string, bytes or code object" on 4
			Block: angle
In: :CH5_GEN_J2_1987:CH5_GEN_J2_1987.f:angle
get_parameters: got "eval() arg 1 must be a string, bytes or code object" on 4
In: :CH5_GEN_J2_1987:CH5_GEN_J2_1987.f:angle
get_parameters: got "eval() arg 1 must be a string, bytes or code object" on 4
			Block: calpha
In: :CH5_GEN_J2_1987:CH5_GEN_J2_1987.f:calpha
get_parameters: got "eval() arg 1 must be a string, bytes or code object" on 4
In: :CH5_GEN_J2_1987:CH5_GEN_J2_1987.f:calpha
get_parameters: got "eval() arg 1 must be a string, bytes or code object" on 4
			Block: dista
In: :CH5_GEN_J2_1987:CH5_GEN_J2_1987.f:dista
get_parameters: got "eval() arg 1 must be a string, bytes or code object" on 4
In: :CH5_GEN_J2_1987:CH5_GEN_J2_1987.f:dista
get_parameters: got "eval() arg 1 must be a string, bytes or code object" on 4
			Block: drdxc
In: :CH5_GEN_J2_1987:CH5_GEN_J2_1987.f:drdxc
get_parameters: got "eval() arg 1 must be a string, bytes or code object" on 4
In: :CH5_GEN_J2_1987:CH5_GEN_J2_1987.f:drdxc
get_parameters: got "eval() arg 1 must be a string, bytes or code object" on 4
{}
In: :CH5_GEN_J2_1987:CH5_GEN_J2_1987.f:force
vars2fortran: No typespec for argument "dadr1".
			Block: force
In: :CH5_GEN_J2_1987:CH5_GEN_J2_1987.f:force
get_parameters: got "eval() arg 1 must be a string, bytes or code object" on 4
In: :CH5_GEN_J2_1987:CH5_GEN_J2_1987.f:force
get_parameters: got "eval() arg 1 must be a string, bytes or code object" on 4
{'attrspec': ['dimension(na,ma)']}
In: :CH5_GEN_J2_1987:CH5_GEN_J2_1987.f:mult
vars2fortran: No typespec for argument "a".
{}
In: :CH5_GEN_J2_1987:CH5_GEN_J2_1987.f:mult
vars2fortran: No typespec for argument "na".
{}
In: :CH5_GEN_J2_1987:CH5_GEN_J2_1987.f:mult
vars2fortran: No typespec for argument "ma".
{'attrspec': ['dimension(nb,mb)']}
In: :CH5_GEN_J2_1987:CH5_GEN_J2_1987.f:mult
vars2fortran: No typespec for argument "b".
{}
In: :CH5_GEN_J2_1987:CH5_GEN_J2_1987.f:mult
vars2fortran: No typespec for argument "nb".
{}
In: :CH5_GEN_J2_1987:CH5_GEN_J2_1987.f:mult
vars2fortran: No typespec for argument "mb".
{'attrspec': ['dimension(na,mb)']}
In: :CH5_GEN_J2_1987:CH5_GEN_J2_1987.f:mult
vars2fortran: No typespec for argument "c".
			Block: mult
{}
In: :CH5_GEN_J2_1987:CH5_GEN_J2_1987.f:oopb
vars2fortran: No typespec for argument "voop".
{'attrspec': ['dimension(18)']}
In: :CH5_GEN_J2_1987:CH5_GEN_J2_1987.f:oopb
vars2fortran: No typespec for argument "dvoop".
{}
In: :CH5_GEN_J2_1987:CH5_GEN_J2_1987.f:oopb
vars2fortran: No typespec for argument "v".
{'attrspec': ['dimension(18)']}
In: :CH5_GEN_J2_1987:CH5_GEN_J2_1987.f:oopb
vars2fortran: No typespec for argument "x".
{'attrspec': ['dimension(18)']}
In: :CH5_GEN_J2_1987:CH5_GEN_J2_1987.f:oopb
vars2fortran: No typespec for argument "dx".
			Block: oopb
In: :CH5_GEN_J2_1987:CH5_GEN_J2_1987.f:oopb
get_parameters: got "eval() arg 1 must be a string, bytes or code object" on 4
In: :CH5_GEN_J2_1987:CH5_GEN_J2_1987.f:oopb
get_parameters: got "eval() arg 1 must be a string, bytes or code object" on 4
{}
In: :CH5_GEN_J2_1987:CH5_GEN_J2_1987.f:sech
vars2fortran: No typespec for argument "x".
			Block: sech
{}
In: :CH5_GEN_J2_1987:CH5_GEN_J2_1987.f:switch_bn
vars2fortran: No typespec for argument "kmax".
{}
In: :CH5_GEN_J2_1987:CH5_GEN_J2_1987.f:switch_bn
vars2fortran: No typespec for argument "lmg".
{}
In: :CH5_GEN_J2_1987:CH5_GEN_J2_1987.f:switch_bn
vars2fortran: No typespec for argument "v".
{'attrspec': ['dimension(18)']}
In: :CH5_GEN_J2_1987:CH5_GEN_J2_1987.f:switch_bn
vars2fortran: No typespec for argument "coord".
{'attrspec': ['dimension(18)']}
In: :CH5_GEN_J2_1987:CH5_GEN_J2_1987.f:switch_bn
vars2fortran: No typespec for argument "dxx".
			Block: switch_bn
In: :CH5_GEN_J2_1987:CH5_GEN_J2_1987.f:switch_bn
get_parameters: got "eval() arg 1 must be a string, bytes or code object" on 4
In: :CH5_GEN_J2_1987:CH5_GEN_J2_1987.f:switch_bn
get_parameters: got "eval() arg 1 must be a string, bytes or code object" on 4
{}
In: :CH5_GEN_J2_1987:CH5_GEN_J2_1987.f:theta
vars2fortran: No typespec for argument "asf".
{}
In: :CH5_GEN_J2_1987:CH5_GEN_J2_1987.f:theta
vars2fortran: No typespec for argument "dasf".
{}
In: :CH5_GEN_J2_1987:CH5_GEN_J2_1987.f:theta
vars2fortran: No typespec for argument "asb".
{}
In: :CH5_GEN_J2_1987:CH5_GEN_J2_1987.f:theta
vars2fortran: No typespec for argument "dasb".
			Block: theta
In: :CH5_GEN_J2_1987:CH5_GEN_J2_1987.f:theta
get_parameters: got "eval() arg 1 must be a string, bytes or code object" on 4
In: :CH5_GEN_J2_1987:CH5_GEN_J2_1987.f:theta
get_parameters: got "eval() arg 1 must be a string, bytes or code object" on 4
{}
In: :CH5_GEN_J2_1987:CH5_GEN_J2_1987.f:tri
vars2fortran: No typespec for argument "rr1".
{}
In: :CH5_GEN_J2_1987:CH5_GEN_J2_1987.f:tri
vars2fortran: No typespec for argument "rr2".
{}
In: :CH5_GEN_J2_1987:CH5_GEN_J2_1987.f:tri
vars2fortran: No typespec for argument "rr3".
{}
In: :CH5_GEN_J2_1987:CH5_GEN_J2_1987.f:tri
vars2fortran: No typespec for argument "dr1".
{}
In: :CH5_GEN_J2_1987:CH5_GEN_J2_1987.f:tri
vars2fortran: No typespec for argument "dr2".
{}
In: :CH5_GEN_J2_1987:CH5_GEN_J2_1987.f:tri
vars2fortran: No typespec for argument "dr3".
{}
In: :CH5_GEN_J2_1987:CH5_GEN_J2_1987.f:tri
vars2fortran: No typespec for argument "i".
{}
In: :CH5_GEN_J2_1987:CH5_GEN_J2_1987.f:tri
vars2fortran: No typespec for argument "j".
{}
In: :CH5_GEN_J2_1987:CH5_GEN_J2_1987.f:tri
vars2fortran: No typespec for argument "k".
{}
In: :CH5_GEN_J2_1987:CH5_GEN_J2_1987.f:tri
vars2fortran: No typespec for argument "e".
{}
In: :CH5_GEN_J2_1987:CH5_GEN_J2_1987.f:tri
vars2fortran: No typespec for argument "dtot".
			Block: tri
In: :CH5_GEN_J2_1987:CH5_GEN_J2_1987.f:tri
get_parameters: got "eval() arg 1 must be a string, bytes or code object" on 4
In: :CH5_GEN_J2_1987:CH5_GEN_J2_1987.f:tri
get_parameters: got "eval() arg 1 must be a string, bytes or code object" on 4
			Block: triple
In: :CH5_GEN_J2_1987:CH5_GEN_J2_1987.f:triple
get_parameters: got "eval() arg 1 must be a string, bytes or code object" on 4
In: :CH5_GEN_J2_1987:CH5_GEN_J2_1987.f:triple
get_parameters: got "eval() arg 1 must be a string, bytes or code object" on 4
			Block: prepot
In: :CH5_GEN_J2_1987:CH5_GEN_J2_1987.f:prepot
get_parameters: got "eval() arg 1 must be a string, bytes or code object" on 4
In: :CH5_GEN_J2_1987:CH5_GEN_J2_1987.f:prepot
get_parameters: got "eval() arg 1 must be a string, bytes or code object" on 4
			Block: ptpacm
In: :CH5_GEN_J2_1987:CH5_GEN_J2_1987.f:ptpacm
get_parameters: got "eval() arg 1 must be a string, bytes or code object" on 4
In: :CH5_GEN_J2_1987:CH5_GEN_J2_1987.f:ptpacm
get_parameters: got "eval() arg 1 must be a string, bytes or code object" on 4
			Block: potinfo
In: :CH5_GEN_J2_1987:CH5_GEN_J2_1987.f:potinfo
get_parameters: got "eval() arg 1 must be a string, bytes or code object" on 4
In: :CH5_GEN_J2_1987:CH5_GEN_J2_1987.f:potinfo
get_parameters: got "eval() arg 1 must be a string, bytes or code object" on 4
			Block: ancvrt
In: :CH5_GEN_J2_1987:CH5_GEN_J2_1987.f:ancvrt
get_parameters: got "eval() arg 1 must be a string, bytes or code object" on 4
In: :CH5_GEN_J2_1987:CH5_GEN_J2_1987.f:ancvrt
get_parameters: got "eval() arg 1 must be a string, bytes or code object" on 4
In: :CH5_GEN_J2_1987:CH5_GEN_J2_1987.f:ancvrt
get_parameters: got "eval() arg 1 must be a string, bytes or code object" on 4
In: :CH5_GEN_J2_1987:CH5_GEN_J2_1987.f:ancvrt
get_parameters: got "eval() arg 1 must be a string, bytes or code object" on 4
In: :CH5_GEN_J2_1987:CH5_GEN_J2_1987.f:ancvrt
get_parameters: got "eval() arg 1 must be a string, bytes or code object" on 4
In: :CH5_GEN_J2_1987:CH5_GEN_J2_1987.f:ancvrt
get_parameters: got "eval() arg 1 must be a string, bytes or code object" on 4
In: :CH5_GEN_J2_1987:CH5_GEN_J2_1987.f:ancvrt
get_parameters: got "eval() arg 1 must be a string, bytes or code object" on 4
In: :CH5_GEN_J2_1987:CH5_GEN_J2_1987.f:ancvrt
get_parameters: got "eval() arg 1 must be a string, bytes or code object" on 4
In: :CH5_GEN_J2_1987:CH5_GEN_J2_1987.f:ancvrt
get_parameters: got "eval() arg 1 must be a string, bytes or code object" on 4
In: :CH5_GEN_J2_1987:CH5_GEN_J2_1987.f:ancvrt
get_parameters: got "eval() arg 1 must be a string, bytes or code object" on 4
In: :CH5_GEN_J2_1987:CH5_GEN_J2_1987.f:ancvrt
get_parameters: got "eval() arg 1 must be a string, bytes or code object" on 4
In: :CH5_GEN_J2_1987:CH5_GEN_J2_1987.f:ancvrt
get_parameters: got "eval() arg 1 must be a string, bytes or code object" on 4
In: :CH5_GEN_J2_1987:CH5_GEN_J2_1987.f:ancvrt
get_parameters: got "eval() arg 1 must be a string, bytes or code object" on 4
In: :CH5_GEN_J2_1987:CH5_GEN_J2_1987.f:ancvrt
get_parameters: got "eval() arg 1 must be a string, bytes or code object" on 4
In: :CH5_GEN_J2_1987:CH5_GEN_J2_1987.f:ancvrt
get_parameters: got "eval() arg 1 must be a string, bytes or code object" on 4
			Block: cartou
In: :CH5_GEN_J2_1987:CH5_GEN_J2_1987.f:cartou
get_parameters: got "eval() arg 1 must be a string, bytes or code object" on 4
			Block: carttor
			Block: eunitzero
In: :CH5_GEN_J2_1987:CH5_GEN_J2_1987.f:eunitzero
get_parameters: got "eval() arg 1 must be a string, bytes or code object" on 4
			Block: rtocart
In: :CH5_GEN_J2_1987:CH5_GEN_J2_1987.f:rtocart
get_parameters: got "eval() arg 1 must be a string, bytes or code object" on 4
			Block: dedcou
In: :CH5_GEN_J2_1987:CH5_GEN_J2_1987.f:dedcou
get_parameters: got "eval() arg 1 must be a string, bytes or code object" on 4
Applying post-processing hooks...
  character_backward_compatibility_hook
Post-processing (stage 2)...
Building modules...
    Building module "CH5_GEN_J2_1987"...
    Generating possibly empty wrappers"
    Maybe empty "CH5_GEN_J2_1987-f2pywrappers.f"
        Constructing wrapper function "pes"...
          p,g,d = pes(x,igrad)
    Generating possibly empty wrappers"
    Maybe empty "CH5_GEN_J2_1987-f2pywrappers.f"
        Constructing wrapper function "pot"...
          pot()
    Generating possibly empty wrappers"
    Maybe empty "CH5_GEN_J2_1987-f2pywrappers.f"
        Constructing wrapper function "angle"...
          angle()
    Generating possibly empty wrappers"
    Maybe empty "CH5_GEN_J2_1987-f2pywrappers.f"
        Constructing wrapper function "calpha"...
          calpha()
    Generating possibly empty wrappers"
    Maybe empty "CH5_GEN_J2_1987-f2pywrappers.f"
        Constructing wrapper function "dista"...
          dista()
    Generating possibly empty wrappers"
    Maybe empty "CH5_GEN_J2_1987-f2pywrappers.f"
        Constructing wrapper function "drdxc"...
          drdxc()
    Generating possibly empty wrappers"
    Maybe empty "CH5_GEN_J2_1987-f2pywrappers.f"
        Constructing wrapper function "force"...
          force(dadr1)
    Generating possibly empty wrappers"
    Maybe empty "CH5_GEN_J2_1987-f2pywrappers.f"
        Constructing wrapper function "mult"...
          mult(a,b,c,[na,ma,nb,mb])
    Generating possibly empty wrappers"
    Maybe empty "CH5_GEN_J2_1987-f2pywrappers.f"
        Constructing wrapper function "oopb"...
          oopb(voop,dvoop,v,x,dx)
    Generating possibly empty wrappers"
    Maybe empty "CH5_GEN_J2_1987-f2pywrappers.f"
		Creating wrapper for Fortran function "sech"("sech")...
        Constructing wrapper function "sech"...
          sech = sech(x)
    Generating possibly empty wrappers"
    Maybe empty "CH5_GEN_J2_1987-f2pywrappers.f"
        Constructing wrapper function "theta"...
          theta(asf,dasf,asb,dasb)
    Generating possibly empty wrappers"
    Maybe empty "CH5_GEN_J2_1987-f2pywrappers.f"
        Constructing wrapper function "tri"...
          tri(rr1,rr2,rr3,dr1,dr2,dr3,i,j,k,e,dtot)
    Generating possibly empty wrappers"
    Maybe empty "CH5_GEN_J2_1987-f2pywrappers.f"
        Constructing wrapper function "triple"...
          triple()
    Generating possibly empty wrappers"
    Maybe empty "CH5_GEN_J2_1987-f2pywrappers.f"
        Constructing wrapper function "prepot"...
          prepot()
    Generating possibly empty wrappers"
    Maybe empty "CH5_GEN_J2_1987-f2pywrappers.f"
        Constructing wrapper function "potinfo"...
          potinfo()
    Generating possibly empty wrappers"
    Maybe empty "CH5_GEN_J2_1987-f2pywrappers.f"
        Constructing wrapper function "ancvrt"...
          ancvrt()
    Generating possibly empty wrappers"
    Maybe empty "CH5_GEN_J2_1987-f2pywrappers.f"
        Constructing wrapper function "cartou"...
          cartou()
    Generating possibly empty wrappers"
    Maybe empty "CH5_GEN_J2_1987-f2pywrappers.f"
        Constructing wrapper function "carttor"...
          carttor()
    Generating possibly empty wrappers"
    Maybe empty "CH5_GEN_J2_1987-f2pywrappers.f"
        Constructing wrapper function "eunitzero"...
          eunitzero()
    Generating possibly empty wrappers"
    Maybe empty "CH5_GEN_J2_1987-f2pywrappers.f"
        Constructing wrapper function "rtocart"...
          rtocart()
    Generating possibly empty wrappers"
    Maybe empty "CH5_GEN_J2_1987-f2pywrappers.f"
        Constructing wrapper function "dedcou"...
          dedcou()
		Constructing COMMON block support for "usrocm"...
		  pengygs,pengyes,pengyij,dgscart,descart,dijcart
		Constructing COMMON block support for "usricm"...
		  cart,anuzero,nulbl,nflag,nasurf,nder
		Constructing COMMON block support for "pt1cm"...
		  r,engygs,degsdr
		Constructing COMMON block support for "pt3cm"...
		  ezero
		Constructing COMMON block support for "pt4cm"...
		  engyes,deesdr
		Constructing COMMON block support for "pt5cm"...
		  engyij,deijdr
		Constructing COMMON block support for "infocm"...
		  cartnu,indexes,irctnt,natoms,icartr,mder,msurf,ref
		Constructing COMMON block support for "icorcm"...
		  ar,der
		Constructing COMMON block support for "potxcm"...
		  x,y,z,energy,drdx,dedx
		Constructing COMMON block support for "potrcm"...
		  ag,r2,acs,ass
		Constructing COMMON block support for "pdatcm"...
		  d1,d3,alph,re,beta,cc,aa,aparm,refv,tau,cp,b1,c1
		Constructing COMMON block support for "dervcp"...
		  deccr1,deccr5,deccr6
		Constructing COMMON block support for "temcom"...
		  rtem,dtemp,etem
		Constructing COMMON block support for "alpdcm"...
		  dalp
		Constructing COMMON block support for "pdt3cm"...
		  fk0,fa,ca,cb
		Constructing COMMON block support for "testcm"...
		  gamma,dgamma
		Constructing COMMON block support for "pdt2cm"...
		  aphi,bphi,cphi,pch4,fch3,hch3,rnot,a3,b3,delt,dij,a0,b0,c0,d,rex
		Constructing COMMON block support for "utilcm"...
		  dgscartnu,descartnu,dijcartnu,cnvrtd,cnvrte,cnvrtde,ireorder,ksdiag,kediag,ksoffd,keoffd
    Wrote C/API module "CH5_GEN_J2_1987" to file "/tmp/tmpb0z156yw/src.linux-x86_64-3.11/CH5_GEN_J2_1987module.c"
    Fortran 77 wrappers are saved to "/tmp/tmpb0z156yw/src.linux-x86_64-3.11/CH5_GEN_J2_1987-f2pywrappers.f"
INFO:   adding '/tmp/tmpb0z156yw/src.linux-x86_64-3.11/fortranobject.c' to sources.
INFO:   adding '/tmp/tmpb0z156yw/src.linux-x86_64-3.11' to include_dirs.
copying /home/truhlard/shuxx055/anaconda3/lib/python3.11/site-packages/numpy/f2py/src/fortranobject.c -> /tmp/tmpb0z156yw/src.linux-x86_64-3.11
copying /home/truhlard/shuxx055/anaconda3/lib/python3.11/site-packages/numpy/f2py/src/fortranobject.h -> /tmp/tmpb0z156yw/src.linux-x86_64-3.11
INFO:   adding '/tmp/tmpb0z156yw/src.linux-x86_64-3.11/CH5_GEN_J2_1987-f2pywrappers.f' to sources.
INFO: build_src: building npy-pkg config files
/home/truhlard/shuxx055/anaconda3/lib/python3.11/site-packages/setuptools/_distutils/cmd.py:66: SetuptoolsDeprecationWarning: setup.py install is deprecated.
!!

        ********************************************************************************
        Please avoid running ``setup.py`` directly.
        Instead, use pypa/build, pypa/installer, pypa/build or
        other standards-based tools.

        See https://blog.ganssle.io/articles/2021/10/setup-py-deprecated.html for details.
        ********************************************************************************

!!
  self.initialize_options()
running build_ext
INFO: customize UnixCCompiler
INFO: customize UnixCCompiler using build_ext
INFO: get_default_fcompiler: matching types: '['arm', 'gnu95', 'intel', 'lahey', 'pg', 'nv', 'absoft', 'nag', 'vast', 'compaq', 'intele', 'intelem', 'gnu', 'g95', 'pathf95', 'nagfor', 'fujitsu']'
INFO: customize ArmFlangCompiler
WARN: Could not locate executable armflang
INFO: customize Gnu95FCompiler
INFO: Found executable /home/truhlard/shuxx055/anaconda3/bin/gfortran
INFO: customize Gnu95FCompiler
INFO: customize Gnu95FCompiler using build_ext
INFO: building 'CH5_GEN_J2_1987' extension
INFO: compiling C sources
INFO: C compiler: gcc -pthread -B /home/truhlard/shuxx055/anaconda3/compiler_compat -DNDEBUG -fwrapv -O2 -Wall -fPIC -O2 -isystem /home/truhlard/shuxx055/anaconda3/include -fPIC -O2 -isystem /home/truhlard/shuxx055/anaconda3/include -fPIC

creating /tmp/tmpb0z156yw/tmp
creating /tmp/tmpb0z156yw/tmp/tmpb0z156yw
creating /tmp/tmpb0z156yw/tmp/tmpb0z156yw/src.linux-x86_64-3.11
INFO: compile options: '-DNPY_DISABLE_OPTIMIZATION=1 -I/tmp/tmpb0z156yw/src.linux-x86_64-3.11 -I/home/truhlard/shuxx055/anaconda3/lib/python3.11/site-packages/numpy/core/include -I/home/truhlard/shuxx055/anaconda3/include/python3.11 -c'
INFO: gcc: /tmp/tmpb0z156yw/src.linux-x86_64-3.11/fortranobject.c
INFO: gcc: /tmp/tmpb0z156yw/src.linux-x86_64-3.11/CH5_GEN_J2_1987module.c
INFO: compiling Fortran sources
INFO: Fortran f77 compiler: /home/truhlard/shuxx055/anaconda3/bin/gfortran -fallow-argument-mismatch -std=legacy -fPIC -O3 -funroll-loops
Fortran f90 compiler: /home/truhlard/shuxx055/anaconda3/bin/gfortran -Wall -g -fno-second-underscore -fPIC -O3 -funroll-loops
Fortran fix compiler: /home/truhlard/shuxx055/anaconda3/bin/gfortran -Wall -g -ffixed-form -fno-second-underscore -Wall -g -fno-second-underscore -fPIC -O3 -funroll-loops
INFO: compile options: '-I/tmp/tmpb0z156yw/src.linux-x86_64-3.11 -I/home/truhlard/shuxx055/anaconda3/lib/python3.11/site-packages/numpy/core/include -I/home/truhlard/shuxx055/anaconda3/include/python3.11 -c'
INFO: gfortran:f77: /tmp/tmpb0z156yw/src.linux-x86_64-3.11/CH5_GEN_J2_1987-f2pywrappers.f
INFO: gfortran:f77: CH5_GEN_J2_1987.f
INFO: /home/truhlard/shuxx055/anaconda3/bin/gfortran -Wall -g -Wall -g -shared /tmp/tmpb0z156yw/tmp/tmpb0z156yw/src.linux-x86_64-3.11/CH5_GEN_J2_1987module.o /tmp/tmpb0z156yw/tmp/tmpb0z156yw/src.linux-x86_64-3.11/fortranobject.o /tmp/tmpb0z156yw/CH5_GEN_J2_1987.o /tmp/tmpb0z156yw/tmp/tmpb0z156yw/src.linux-x86_64-3.11/CH5_GEN_J2_1987-f2pywrappers.o -L/panfs/jay/groups/16/truhlard/shuxx055/anaconda3/bin/../lib/gcc/x86_64-conda-linux-gnu/13.1.0/../../../../x86_64-conda-linux-gnu/lib/../lib -L/panfs/jay/groups/16/truhlard/shuxx055/anaconda3/bin/../lib/gcc/x86_64-conda-linux-gnu/13.1.0/../../../../x86_64-conda-linux-gnu/lib/../lib -lmkl_intel_lp64 -lmkl_sequential -lmkl_core -lgfortran -o ./CH5_GEN_J2_1987.cpython-311-x86_64-linux-gnu.so
Removing build directory /tmp/tmpb0z156yw
