running build
running config_cc
INFO: unifing config_cc, config, build_clib, build_ext, build commands --compiler options
running config_fc
INFO: unifing config_fc, config, build_clib, build_ext, build commands --fcompiler options
running build_src
INFO: build_src
INFO: building extension "CH5_LEPS_JJ_2002" sources
INFO: f2py options: []
INFO: f2py:> /tmp/tmpbh36kapg/src.linux-x86_64-3.11/CH5_LEPS_JJ_2002module.c
creating /tmp/tmpbh36kapg/src.linux-x86_64-3.11
rmbadname1: Replacing "switch" with "switch_bn".
analyzeline: Failed to evaluate '4.0d0*pi*1.0d-07'. Ignoring: invalid decimal literal (<string>, line 1)
analyzeline: Failed to evaluate '1.0d0/(cmu_0*clight**2)'. Ignoring: invalid decimal literal (<string>, line 1)
Reading fortran codes...
	Reading file 'CH5_LEPS_JJ_2002.f' (format:fix,strict)
Line #15 in CH5_LEPS_JJ_2002.f:"      PARAMETER (JSURF=INT(ISURF*(ISURF+1)/2))"
	determineexprtype: could not determine expressions ('int') type.
Line #15 in CH5_LEPS_JJ_2002.f:"      PARAMETER (JSURF=INT(ISURF*(ISURF+1)/2))"
	determineexprtype: could not determine expressions ('int(isurf*(isurf+1)/2)') type.
Line #99 in CH5_LEPS_JJ_2002.f:"      PARAMETER (PI = 3.141592653589793D0)"
	get_parameters: got "eval() arg 1 must be a string, bytes or code object" on 4
Line #101 in CH5_LEPS_JJ_2002.f:"      PARAMETER (NATOM = 25)"
	get_parameters: got "eval() arg 1 must be a string, bytes or code object" on 4
Line #101 in CH5_LEPS_JJ_2002.f:"      PARAMETER (NATOM = 25)"
	get_parameters: got "eval() arg 1 must be a string, bytes or code object" on 4
Line #223 in CH5_LEPS_JJ_2002.f:"      PARAMETER (PI = 3.141592653589793D0)"
	get_parameters: got "eval() arg 1 must be a string, bytes or code object" on 4
Line #225 in CH5_LEPS_JJ_2002.f:"      PARAMETER (NATOM = 25)"
	get_parameters: got "eval() arg 1 must be a string, bytes or code object" on 4
Line #225 in CH5_LEPS_JJ_2002.f:"      PARAMETER (NATOM = 25)"
	get_parameters: got "eval() arg 1 must be a string, bytes or code object" on 4
Line #303 in CH5_LEPS_JJ_2002.f:"      PARAMETER (PI = 3.141592653589793D0)"
	get_parameters: got "eval() arg 1 must be a string, bytes or code object" on 4
Line #305 in CH5_LEPS_JJ_2002.f:"      PARAMETER (NATOM = 25)"
	get_parameters: got "eval() arg 1 must be a string, bytes or code object" on 4
Line #305 in CH5_LEPS_JJ_2002.f:"      PARAMETER (NATOM = 25)"
	get_parameters: got "eval() arg 1 must be a string, bytes or code object" on 4
Line #443 in CH5_LEPS_JJ_2002.f:"      PARAMETER (PI = 3.141592653589793D0)"
	get_parameters: got "eval() arg 1 must be a string, bytes or code object" on 4
Line #445 in CH5_LEPS_JJ_2002.f:"      PARAMETER (NATOM = 25)"
	get_parameters: got "eval() arg 1 must be a string, bytes or code object" on 4
Line #445 in CH5_LEPS_JJ_2002.f:"      PARAMETER (NATOM = 25)"
	get_parameters: got "eval() arg 1 must be a string, bytes or code object" on 4
Line #649 in CH5_LEPS_JJ_2002.f:"      PARAMETER (PI = 3.141592653589793D0)"
	get_parameters: got "eval() arg 1 must be a string, bytes or code object" on 4
Line #651 in CH5_LEPS_JJ_2002.f:"      PARAMETER (NATOM = 25)"
	get_parameters: got "eval() arg 1 must be a string, bytes or code object" on 4
Line #651 in CH5_LEPS_JJ_2002.f:"      PARAMETER (NATOM = 25)"
	get_parameters: got "eval() arg 1 must be a string, bytes or code object" on 4
Line #802 in CH5_LEPS_JJ_2002.f:"      PARAMETER (PI = 3.141592653589793D0)"
	get_parameters: got "eval() arg 1 must be a string, bytes or code object" on 4
Line #804 in CH5_LEPS_JJ_2002.f:"      PARAMETER (NATOM = 25)"
	get_parameters: got "eval() arg 1 must be a string, bytes or code object" on 4
Line #804 in CH5_LEPS_JJ_2002.f:"      PARAMETER (NATOM = 25)"
	get_parameters: got "eval() arg 1 must be a string, bytes or code object" on 4
Line #926 in CH5_LEPS_JJ_2002.f:"      PARAMETER (PI = 3.141592653589793D0)"
	get_parameters: got "eval() arg 1 must be a string, bytes or code object" on 4
Line #928 in CH5_LEPS_JJ_2002.f:"      PARAMETER (NATOM = 25)"
	get_parameters: got "eval() arg 1 must be a string, bytes or code object" on 4
Line #928 in CH5_LEPS_JJ_2002.f:"      PARAMETER (NATOM = 25)"
	get_parameters: got "eval() arg 1 must be a string, bytes or code object" on 4
Line #1177 in CH5_LEPS_JJ_2002.f:"      PARAMETER (PI = 3.141592653589793D0)"
	get_parameters: got "eval() arg 1 must be a string, bytes or code object" on 4
Line #1179 in CH5_LEPS_JJ_2002.f:"      PARAMETER (NATOM = 25)"
	get_parameters: got "eval() arg 1 must be a string, bytes or code object" on 4
Line #1179 in CH5_LEPS_JJ_2002.f:"      PARAMETER (NATOM = 25)"
	get_parameters: got "eval() arg 1 must be a string, bytes or code object" on 4
Line #1287 in CH5_LEPS_JJ_2002.f:"      PARAMETER (PI = 3.141592653589793D0)"
	get_parameters: got "eval() arg 1 must be a string, bytes or code object" on 4
Line #1289 in CH5_LEPS_JJ_2002.f:"      PARAMETER (NATOM = 25)"
	get_parameters: got "eval() arg 1 must be a string, bytes or code object" on 4
Line #1289 in CH5_LEPS_JJ_2002.f:"      PARAMETER (NATOM = 25)"
	get_parameters: got "eval() arg 1 must be a string, bytes or code object" on 4
Line #1482 in CH5_LEPS_JJ_2002.f:"      PARAMETER (PI = 3.141592653589793D0)"
	get_parameters: got "eval() arg 1 must be a string, bytes or code object" on 4
Line #1484 in CH5_LEPS_JJ_2002.f:"      PARAMETER (NATOM = 25)"
	get_parameters: got "eval() arg 1 must be a string, bytes or code object" on 4
Line #1484 in CH5_LEPS_JJ_2002.f:"      PARAMETER (NATOM = 25)"
	get_parameters: got "eval() arg 1 must be a string, bytes or code object" on 4
Line #1624 in CH5_LEPS_JJ_2002.f:"      PARAMETER (PI = 3.141592653589793D0)"
	get_parameters: got "eval() arg 1 must be a string, bytes or code object" on 4
Line #1625 in CH5_LEPS_JJ_2002.f:"      PARAMETER (NATOM = 25)"
	get_parameters: got "eval() arg 1 must be a string, bytes or code object" on 4
Line #1625 in CH5_LEPS_JJ_2002.f:"      PARAMETER (NATOM = 25)"
	get_parameters: got "eval() arg 1 must be a string, bytes or code object" on 4
Line #1627 in CH5_LEPS_JJ_2002.f:"      PARAMETER (N3TMMN = 18)"
	get_parameters: got "eval() arg 1 must be a string, bytes or code object" on 4
Line #1627 in CH5_LEPS_JJ_2002.f:"      PARAMETER (N3TMMN = 18)"
	get_parameters: got "eval() arg 1 must be a string, bytes or code object" on 4
Line #1726 in CH5_LEPS_JJ_2002.f:"      PARAMETER (PI = 3.141592653589793D0)"
	get_parameters: got "eval() arg 1 must be a string, bytes or code object" on 4
Line #1728 in CH5_LEPS_JJ_2002.f:"      PARAMETER (NATOM = 25)"
	get_parameters: got "eval() arg 1 must be a string, bytes or code object" on 4
Line #1728 in CH5_LEPS_JJ_2002.f:"      PARAMETER (NATOM = 25)"
	get_parameters: got "eval() arg 1 must be a string, bytes or code object" on 4
Line #1815 in CH5_LEPS_JJ_2002.f:"      PARAMETER (PI = 3.141592653589793D0)"
	get_parameters: got "eval() arg 1 must be a string, bytes or code object" on 4
Line #1985 in CH5_LEPS_JJ_2002.f:"      PARAMETER(        PI = 3.141592653589793D0)"
	get_parameters: got "eval() arg 1 must be a string, bytes or code object" on 4
Line #1986 in CH5_LEPS_JJ_2002.f:"      PARAMETER(    CLIGHT = 2.99792458D08)"
	get_parameters: got "eval() arg 1 must be a string, bytes or code object" on 4
Line #1986 in CH5_LEPS_JJ_2002.f:"      PARAMETER(    CLIGHT = 2.99792458D08)"
	get_parameters: got "eval() arg 1 must be a string, bytes or code object" on 4
Line #1987 in CH5_LEPS_JJ_2002.f:"      PARAMETER(     CMU_0 = 4.0D0*PI*1.0D-07)"
	get_parameters: got "eval() arg 1 must be a string, bytes or code object" on 4
Line #1987 in CH5_LEPS_JJ_2002.f:"      PARAMETER(     CMU_0 = 4.0D0*PI*1.0D-07)"
	get_parameters: got "eval() arg 1 must be a string, bytes or code object" on 4
Line #1987 in CH5_LEPS_JJ_2002.f:"      PARAMETER(     CMU_0 = 4.0D0*PI*1.0D-07)"
	get_parameters: got "eval() arg 1 must be a string, bytes or code object" on 4
Line #1988 in CH5_LEPS_JJ_2002.f:"      PARAMETER(CEPSILON_0 = 1.0D0/(CMU_0*CLIGHT**2))"
	get_parameters: got "eval() arg 1 must be a string, bytes or code object" on 4
Line #1988 in CH5_LEPS_JJ_2002.f:"      PARAMETER(CEPSILON_0 = 1.0D0/(CMU_0*CLIGHT**2))"
	get_parameters: got "eval() arg 1 must be a string, bytes or code object" on 4
Line #1988 in CH5_LEPS_JJ_2002.f:"      PARAMETER(CEPSILON_0 = 1.0D0/(CMU_0*CLIGHT**2))"
	get_parameters: got "eval() arg 1 must be a string, bytes or code object" on 4
Line #1988 in CH5_LEPS_JJ_2002.f:"      PARAMETER(CEPSILON_0 = 1.0D0/(CMU_0*CLIGHT**2))"
	determineexprtype: could not determine expressions ('1.0d0/(cmu_0*clight**2)') type.
Line #1989 in CH5_LEPS_JJ_2002.f:"      PARAMETER(        CE = 1.602176462D-19)"
	get_parameters: got "eval() arg 1 must be a string, bytes or code object" on 4
Line #1989 in CH5_LEPS_JJ_2002.f:"      PARAMETER(        CE = 1.602176462D-19)"
	get_parameters: got "eval() arg 1 must be a string, bytes or code object" on 4
Line #1989 in CH5_LEPS_JJ_2002.f:"      PARAMETER(        CE = 1.602176462D-19)"
	get_parameters: got "eval() arg 1 must be a string, bytes or code object" on 4
Line #1990 in CH5_LEPS_JJ_2002.f:"      PARAMETER(   CPLANCK = 6.62606876D-34)"
	get_parameters: got "eval() arg 1 must be a string, bytes or code object" on 4
Line #1990 in CH5_LEPS_JJ_2002.f:"      PARAMETER(   CPLANCK = 6.62606876D-34)"
	get_parameters: got "eval() arg 1 must be a string, bytes or code object" on 4
Line #1990 in CH5_LEPS_JJ_2002.f:"      PARAMETER(   CPLANCK = 6.62606876D-34)"
	get_parameters: got "eval() arg 1 must be a string, bytes or code object" on 4
Line #1990 in CH5_LEPS_JJ_2002.f:"      PARAMETER(   CPLANCK = 6.62606876D-34)"
	get_parameters: got "eval() arg 1 must be a string, bytes or code object" on 4
Line #1991 in CH5_LEPS_JJ_2002.f:"      PARAMETER(      CM_E = 9.10938188D-31)"
	get_parameters: got "eval() arg 1 must be a string, bytes or code object" on 4
Line #1991 in CH5_LEPS_JJ_2002.f:"      PARAMETER(      CM_E = 9.10938188D-31)"
	get_parameters: got "eval() arg 1 must be a string, bytes or code object" on 4
Line #1991 in CH5_LEPS_JJ_2002.f:"      PARAMETER(      CM_E = 9.10938188D-31)"
	get_parameters: got "eval() arg 1 must be a string, bytes or code object" on 4
Line #1991 in CH5_LEPS_JJ_2002.f:"      PARAMETER(      CM_E = 9.10938188D-31)"
	get_parameters: got "eval() arg 1 must be a string, bytes or code object" on 4
Line #1991 in CH5_LEPS_JJ_2002.f:"      PARAMETER(      CM_E = 9.10938188D-31)"
	get_parameters: got "eval() arg 1 must be a string, bytes or code object" on 4
Line #1992 in CH5_LEPS_JJ_2002.f:"      PARAMETER(      CANG = 1.0D-10)"
	get_parameters: got "eval() arg 1 must be a string, bytes or code object" on 4
Line #1992 in CH5_LEPS_JJ_2002.f:"      PARAMETER(      CANG = 1.0D-10)"
	get_parameters: got "eval() arg 1 must be a string, bytes or code object" on 4
Line #1992 in CH5_LEPS_JJ_2002.f:"      PARAMETER(      CANG = 1.0D-10)"
	get_parameters: got "eval() arg 1 must be a string, bytes or code object" on 4
Line #1992 in CH5_LEPS_JJ_2002.f:"      PARAMETER(      CANG = 1.0D-10)"
	get_parameters: got "eval() arg 1 must be a string, bytes or code object" on 4
Line #1992 in CH5_LEPS_JJ_2002.f:"      PARAMETER(      CANG = 1.0D-10)"
	get_parameters: got "eval() arg 1 must be a string, bytes or code object" on 4
Line #1992 in CH5_LEPS_JJ_2002.f:"      PARAMETER(      CANG = 1.0D-10)"
	get_parameters: got "eval() arg 1 must be a string, bytes or code object" on 4
Line #1993 in CH5_LEPS_JJ_2002.f:"      PARAMETER( CAVOGADRO = 6.02214199D23)"
	get_parameters: got "eval() arg 1 must be a string, bytes or code object" on 4
Line #1993 in CH5_LEPS_JJ_2002.f:"      PARAMETER( CAVOGADRO = 6.02214199D23)"
	get_parameters: got "eval() arg 1 must be a string, bytes or code object" on 4
Line #1993 in CH5_LEPS_JJ_2002.f:"      PARAMETER( CAVOGADRO = 6.02214199D23)"
	get_parameters: got "eval() arg 1 must be a string, bytes or code object" on 4
Line #1993 in CH5_LEPS_JJ_2002.f:"      PARAMETER( CAVOGADRO = 6.02214199D23)"
	get_parameters: got "eval() arg 1 must be a string, bytes or code object" on 4
Line #1993 in CH5_LEPS_JJ_2002.f:"      PARAMETER( CAVOGADRO = 6.02214199D23)"
	get_parameters: got "eval() arg 1 must be a string, bytes or code object" on 4
Line #1993 in CH5_LEPS_JJ_2002.f:"      PARAMETER( CAVOGADRO = 6.02214199D23)"
	get_parameters: got "eval() arg 1 must be a string, bytes or code object" on 4
Line #1993 in CH5_LEPS_JJ_2002.f:"      PARAMETER( CAVOGADRO = 6.02214199D23)"
	get_parameters: got "eval() arg 1 must be a string, bytes or code object" on 4
Line #1994 in CH5_LEPS_JJ_2002.f:"      PARAMETER(     CKCAL = 4.184D10)"
	get_parameters: got "eval() arg 1 must be a string, bytes or code object" on 4
Line #1994 in CH5_LEPS_JJ_2002.f:"      PARAMETER(     CKCAL = 4.184D10)"
	get_parameters: got "eval() arg 1 must be a string, bytes or code object" on 4
Line #1994 in CH5_LEPS_JJ_2002.f:"      PARAMETER(     CKCAL = 4.184D10)"
	get_parameters: got "eval() arg 1 must be a string, bytes or code object" on 4
Line #1994 in CH5_LEPS_JJ_2002.f:"      PARAMETER(     CKCAL = 4.184D10)"
	get_parameters: got "eval() arg 1 must be a string, bytes or code object" on 4
Line #1994 in CH5_LEPS_JJ_2002.f:"      PARAMETER(     CKCAL = 4.184D10)"
	get_parameters: got "eval() arg 1 must be a string, bytes or code object" on 4
Line #1994 in CH5_LEPS_JJ_2002.f:"      PARAMETER(     CKCAL = 4.184D10)"
	get_parameters: got "eval() arg 1 must be a string, bytes or code object" on 4
Line #1994 in CH5_LEPS_JJ_2002.f:"      PARAMETER(     CKCAL = 4.184D10)"
	get_parameters: got "eval() arg 1 must be a string, bytes or code object" on 4
Line #1994 in CH5_LEPS_JJ_2002.f:"      PARAMETER(     CKCAL = 4.184D10)"
	get_parameters: got "eval() arg 1 must be a string, bytes or code object" on 4
Line #1995 in CH5_LEPS_JJ_2002.f:"      PARAMETER(  HTOMILLH = 1000.D0)"
	get_parameters: got "eval() arg 1 must be a string, bytes or code object" on 4
Line #1995 in CH5_LEPS_JJ_2002.f:"      PARAMETER(  HTOMILLH = 1000.D0)"
	get_parameters: got "eval() arg 1 must be a string, bytes or code object" on 4
Line #1995 in CH5_LEPS_JJ_2002.f:"      PARAMETER(  HTOMILLH = 1000.D0)"
	get_parameters: got "eval() arg 1 must be a string, bytes or code object" on 4
Line #1995 in CH5_LEPS_JJ_2002.f:"      PARAMETER(  HTOMILLH = 1000.D0)"
	get_parameters: got "eval() arg 1 must be a string, bytes or code object" on 4
Line #1995 in CH5_LEPS_JJ_2002.f:"      PARAMETER(  HTOMILLH = 1000.D0)"
	get_parameters: got "eval() arg 1 must be a string, bytes or code object" on 4
Line #1995 in CH5_LEPS_JJ_2002.f:"      PARAMETER(  HTOMILLH = 1000.D0)"
	get_parameters: got "eval() arg 1 must be a string, bytes or code object" on 4
Line #1995 in CH5_LEPS_JJ_2002.f:"      PARAMETER(  HTOMILLH = 1000.D0)"
	get_parameters: got "eval() arg 1 must be a string, bytes or code object" on 4
Line #1995 in CH5_LEPS_JJ_2002.f:"      PARAMETER(  HTOMILLH = 1000.D0)"
	get_parameters: got "eval() arg 1 must be a string, bytes or code object" on 4
Line #1995 in CH5_LEPS_JJ_2002.f:"      PARAMETER(  HTOMILLH = 1000.D0)"
	get_parameters: got "eval() arg 1 must be a string, bytes or code object" on 4
Line #1996 in CH5_LEPS_JJ_2002.f:"      PARAMETER(     HTOEV = 27.2113834D0)"
	get_parameters: got "eval() arg 1 must be a string, bytes or code object" on 4
Line #1996 in CH5_LEPS_JJ_2002.f:"      PARAMETER(     HTOEV = 27.2113834D0)"
	get_parameters: got "eval() arg 1 must be a string, bytes or code object" on 4
Line #1996 in CH5_LEPS_JJ_2002.f:"      PARAMETER(     HTOEV = 27.2113834D0)"
	get_parameters: got "eval() arg 1 must be a string, bytes or code object" on 4
Line #1996 in CH5_LEPS_JJ_2002.f:"      PARAMETER(     HTOEV = 27.2113834D0)"
	get_parameters: got "eval() arg 1 must be a string, bytes or code object" on 4
Line #1996 in CH5_LEPS_JJ_2002.f:"      PARAMETER(     HTOEV = 27.2113834D0)"
	get_parameters: got "eval() arg 1 must be a string, bytes or code object" on 4
Line #1996 in CH5_LEPS_JJ_2002.f:"      PARAMETER(     HTOEV = 27.2113834D0)"
	get_parameters: got "eval() arg 1 must be a string, bytes or code object" on 4
Line #1996 in CH5_LEPS_JJ_2002.f:"      PARAMETER(     HTOEV = 27.2113834D0)"
	get_parameters: got "eval() arg 1 must be a string, bytes or code object" on 4
Line #1996 in CH5_LEPS_JJ_2002.f:"      PARAMETER(     HTOEV = 27.2113834D0)"
	get_parameters: got "eval() arg 1 must be a string, bytes or code object" on 4
Line #1996 in CH5_LEPS_JJ_2002.f:"      PARAMETER(     HTOEV = 27.2113834D0)"
	get_parameters: got "eval() arg 1 must be a string, bytes or code object" on 4
Line #1996 in CH5_LEPS_JJ_2002.f:"      PARAMETER(     HTOEV = 27.2113834D0)"
	get_parameters: got "eval() arg 1 must be a string, bytes or code object" on 4
Line #1997 in CH5_LEPS_JJ_2002.f:"      PARAMETER(   HTOKCAL = 627.509470D0)"
	get_parameters: got "eval() arg 1 must be a string, bytes or code object" on 4
Line #1997 in CH5_LEPS_JJ_2002.f:"      PARAMETER(   HTOKCAL = 627.509470D0)"
	get_parameters: got "eval() arg 1 must be a string, bytes or code object" on 4
getstrlength: expected a signature of a string but got: {'typespec': 'character', 'charselector': {'*': '75'}, 'attrspec': [], 'dimension': ['5']}
Line #1997 in CH5_LEPS_JJ_2002.f:"      PARAMETER(   HTOKCAL = 627.509470D0)"
	get_parameters: got "eval() arg 1 must be a string, bytes or code object" on 4
Line #1997 in CH5_LEPS_JJ_2002.f:"      PARAMETER(   HTOKCAL = 627.509470D0)"
	get_parameters: got "eval() arg 1 must be a string, bytes or code object" on 4
Line #1997 in CH5_LEPS_JJ_2002.f:"      PARAMETER(   HTOKCAL = 627.509470D0)"
	get_parameters: got "eval() arg 1 must be a string, bytes or code object" on 4
Line #1997 in CH5_LEPS_JJ_2002.f:"      PARAMETER(   HTOKCAL = 627.509470D0)"
	get_parameters: got "eval() arg 1 must be a string, bytes or code object" on 4
Line #1997 in CH5_LEPS_JJ_2002.f:"      PARAMETER(   HTOKCAL = 627.509470D0)"
	get_parameters: got "eval() arg 1 must be a string, bytes or code object" on 4
Line #1997 in CH5_LEPS_JJ_2002.f:"      PARAMETER(   HTOKCAL = 627.509470D0)"
	get_parameters: got "eval() arg 1 must be a string, bytes or code object" on 4
Line #1997 in CH5_LEPS_JJ_2002.f:"      PARAMETER(   HTOKCAL = 627.509470D0)"
	get_parameters: got "eval() arg 1 must be a string, bytes or code object" on 4
Line #1997 in CH5_LEPS_JJ_2002.f:"      PARAMETER(   HTOKCAL = 627.509470D0)"
	get_parameters: got "eval() arg 1 must be a string, bytes or code object" on 4
Line #1997 in CH5_LEPS_JJ_2002.f:"      PARAMETER(   HTOKCAL = 627.509470D0)"
	get_parameters: got "eval() arg 1 must be a string, bytes or code object" on 4
Line #1998 in CH5_LEPS_JJ_2002.f:"      PARAMETER(   HTOWAVE = 219474.631D0)"
	get_parameters: got "eval() arg 1 must be a string, bytes or code object" on 4
Line #1998 in CH5_LEPS_JJ_2002.f:"      PARAMETER(   HTOWAVE = 219474.631D0)"
	get_parameters: got "eval() arg 1 must be a string, bytes or code object" on 4
Line #1998 in CH5_LEPS_JJ_2002.f:"      PARAMETER(   HTOWAVE = 219474.631D0)"
	get_parameters: got "eval() arg 1 must be a string, bytes or code object" on 4
Line #1998 in CH5_LEPS_JJ_2002.f:"      PARAMETER(   HTOWAVE = 219474.631D0)"
	get_parameters: got "eval() arg 1 must be a string, bytes or code object" on 4
Line #1998 in CH5_LEPS_JJ_2002.f:"      PARAMETER(   HTOWAVE = 219474.631D0)"
	get_parameters: got "eval() arg 1 must be a string, bytes or code object" on 4
Line #1998 in CH5_LEPS_JJ_2002.f:"      PARAMETER(   HTOWAVE = 219474.631D0)"
	get_parameters: got "eval() arg 1 must be a string, bytes or code object" on 4
Line #1998 in CH5_LEPS_JJ_2002.f:"      PARAMETER(   HTOWAVE = 219474.631D0)"
	get_parameters: got "eval() arg 1 must be a string, bytes or code object" on 4
Line #1998 in CH5_LEPS_JJ_2002.f:"      PARAMETER(   HTOWAVE = 219474.631D0)"
	get_parameters: got "eval() arg 1 must be a string, bytes or code object" on 4
Line #1998 in CH5_LEPS_JJ_2002.f:"      PARAMETER(   HTOWAVE = 219474.631D0)"
	get_parameters: got "eval() arg 1 must be a string, bytes or code object" on 4
Line #1998 in CH5_LEPS_JJ_2002.f:"      PARAMETER(   HTOWAVE = 219474.631D0)"
	get_parameters: got "eval() arg 1 must be a string, bytes or code object" on 4
Line #1998 in CH5_LEPS_JJ_2002.f:"      PARAMETER(   HTOWAVE = 219474.631D0)"
	get_parameters: got "eval() arg 1 must be a string, bytes or code object" on 4
Line #1998 in CH5_LEPS_JJ_2002.f:"      PARAMETER(   HTOWAVE = 219474.631D0)"
	get_parameters: got "eval() arg 1 must be a string, bytes or code object" on 4
Line #1999 in CH5_LEPS_JJ_2002.f:"      PARAMETER(     HTOKJ = 2625.49962D0)"
	get_parameters: got "eval() arg 1 must be a string, bytes or code object" on 4
Line #1999 in CH5_LEPS_JJ_2002.f:"      PARAMETER(     HTOKJ = 2625.49962D0)"
	get_parameters: got "eval() arg 1 must be a string, bytes or code object" on 4
Line #1999 in CH5_LEPS_JJ_2002.f:"      PARAMETER(     HTOKJ = 2625.49962D0)"
	get_parameters: got "eval() arg 1 must be a string, bytes or code object" on 4
Line #1999 in CH5_LEPS_JJ_2002.f:"      PARAMETER(     HTOKJ = 2625.49962D0)"
	get_parameters: got "eval() arg 1 must be a string, bytes or code object" on 4
Line #1999 in CH5_LEPS_JJ_2002.f:"      PARAMETER(     HTOKJ = 2625.49962D0)"
	get_parameters: got "eval() arg 1 must be a string, bytes or code object" on 4
Line #1999 in CH5_LEPS_JJ_2002.f:"      PARAMETER(     HTOKJ = 2625.49962D0)"
	get_parameters: got "eval() arg 1 must be a string, bytes or code object" on 4
Line #1999 in CH5_LEPS_JJ_2002.f:"      PARAMETER(     HTOKJ = 2625.49962D0)"
	get_parameters: got "eval() arg 1 must be a string, bytes or code object" on 4
Line #1999 in CH5_LEPS_JJ_2002.f:"      PARAMETER(     HTOKJ = 2625.49962D0)"
	get_parameters: got "eval() arg 1 must be a string, bytes or code object" on 4
Line #1999 in CH5_LEPS_JJ_2002.f:"      PARAMETER(     HTOKJ = 2625.49962D0)"
	get_parameters: got "eval() arg 1 must be a string, bytes or code object" on 4
Line #1999 in CH5_LEPS_JJ_2002.f:"      PARAMETER(     HTOKJ = 2625.49962D0)"
	get_parameters: got "eval() arg 1 must be a string, bytes or code object" on 4
Line #1999 in CH5_LEPS_JJ_2002.f:"      PARAMETER(     HTOKJ = 2625.49962D0)"
	get_parameters: got "eval() arg 1 must be a string, bytes or code object" on 4
Line #1999 in CH5_LEPS_JJ_2002.f:"      PARAMETER(     HTOKJ = 2625.49962D0)"
	get_parameters: got "eval() arg 1 must be a string, bytes or code object" on 4
Line #1999 in CH5_LEPS_JJ_2002.f:"      PARAMETER(     HTOKJ = 2625.49962D0)"
	get_parameters: got "eval() arg 1 must be a string, bytes or code object" on 4
Line #2000 in CH5_LEPS_JJ_2002.f:"      PARAMETER(    BOHR_A = .5291772083D0)"
	get_parameters: got "eval() arg 1 must be a string, bytes or code object" on 4
Line #2000 in CH5_LEPS_JJ_2002.f:"      PARAMETER(    BOHR_A = .5291772083D0)"
	get_parameters: got "eval() arg 1 must be a string, bytes or code object" on 4
Line #2000 in CH5_LEPS_JJ_2002.f:"      PARAMETER(    BOHR_A = .5291772083D0)"
	get_parameters: got "eval() arg 1 must be a string, bytes or code object" on 4
Line #2000 in CH5_LEPS_JJ_2002.f:"      PARAMETER(    BOHR_A = .5291772083D0)"
	get_parameters: got "eval() arg 1 must be a string, bytes or code object" on 4
Line #2000 in CH5_LEPS_JJ_2002.f:"      PARAMETER(    BOHR_A = .5291772083D0)"
	get_parameters: got "eval() arg 1 must be a string, bytes or code object" on 4
Line #2000 in CH5_LEPS_JJ_2002.f:"      PARAMETER(    BOHR_A = .5291772083D0)"
	get_parameters: got "eval() arg 1 must be a string, bytes or code object" on 4
Line #2000 in CH5_LEPS_JJ_2002.f:"      PARAMETER(    BOHR_A = .5291772083D0)"
	get_parameters: got "eval() arg 1 must be a string, bytes or code object" on 4
Line #2000 in CH5_LEPS_JJ_2002.f:"      PARAMETER(    BOHR_A = .5291772083D0)"
	get_parameters: got "eval() arg 1 must be a string, bytes or code object" on 4
Line #2000 in CH5_LEPS_JJ_2002.f:"      PARAMETER(    BOHR_A = .5291772083D0)"
	get_parameters: got "eval() arg 1 must be a string, bytes or code object" on 4
Line #2000 in CH5_LEPS_JJ_2002.f:"      PARAMETER(    BOHR_A = .5291772083D0)"
	get_parameters: got "eval() arg 1 must be a string, bytes or code object" on 4
Line #2000 in CH5_LEPS_JJ_2002.f:"      PARAMETER(    BOHR_A = .5291772083D0)"
	get_parameters: got "eval() arg 1 must be a string, bytes or code object" on 4
Line #2000 in CH5_LEPS_JJ_2002.f:"      PARAMETER(    BOHR_A = .5291772083D0)"
	get_parameters: got "eval() arg 1 must be a string, bytes or code object" on 4
Line #2000 in CH5_LEPS_JJ_2002.f:"      PARAMETER(    BOHR_A = .5291772083D0)"
	get_parameters: got "eval() arg 1 must be a string, bytes or code object" on 4
Line #2000 in CH5_LEPS_JJ_2002.f:"      PARAMETER(    BOHR_A = .5291772083D0)"
	get_parameters: got "eval() arg 1 must be a string, bytes or code object" on 4
Post-processing...
	Block: CH5_LEPS_JJ_2002
			Block: pes
			Block: pot
In: :CH5_LEPS_JJ_2002:CH5_LEPS_JJ_2002.f:pot
get_parameters: got "eval() arg 1 must be a string, bytes or code object" on 4
In: :CH5_LEPS_JJ_2002:CH5_LEPS_JJ_2002.f:pot
get_parameters: got "eval() arg 1 must be a string, bytes or code object" on 4
			Block: coorden
In: :CH5_LEPS_JJ_2002:CH5_LEPS_JJ_2002.f:coorden
get_parameters: got "eval() arg 1 must be a string, bytes or code object" on 4
In: :CH5_LEPS_JJ_2002:CH5_LEPS_JJ_2002.f:coorden
get_parameters: got "eval() arg 1 must be a string, bytes or code object" on 4
			Block: refangles
In: :CH5_LEPS_JJ_2002:CH5_LEPS_JJ_2002.f:refangles
get_parameters: got "eval() arg 1 must be a string, bytes or code object" on 4
In: :CH5_LEPS_JJ_2002:CH5_LEPS_JJ_2002.f:refangles
get_parameters: got "eval() arg 1 must be a string, bytes or code object" on 4
{}
In: :CH5_LEPS_JJ_2002:CH5_LEPS_JJ_2002.f:stretch
vars2fortran: No typespec for argument "vstr".
			Block: stretch
In: :CH5_LEPS_JJ_2002:CH5_LEPS_JJ_2002.f:stretch
get_parameters: got "eval() arg 1 must be a string, bytes or code object" on 4
In: :CH5_LEPS_JJ_2002:CH5_LEPS_JJ_2002.f:stretch
get_parameters: got "eval() arg 1 must be a string, bytes or code object" on 4
{}
In: :CH5_LEPS_JJ_2002:CH5_LEPS_JJ_2002.f:opbend
vars2fortran: No typespec for argument "vop".
			Block: opbend
In: :CH5_LEPS_JJ_2002:CH5_LEPS_JJ_2002.f:opbend
get_parameters: got "eval() arg 1 must be a string, bytes or code object" on 4
In: :CH5_LEPS_JJ_2002:CH5_LEPS_JJ_2002.f:opbend
get_parameters: got "eval() arg 1 must be a string, bytes or code object" on 4
{}
In: :CH5_LEPS_JJ_2002:CH5_LEPS_JJ_2002.f:ipbend
vars2fortran: No typespec for argument "vip".
			Block: ipbend
In: :CH5_LEPS_JJ_2002:CH5_LEPS_JJ_2002.f:ipbend
get_parameters: got "eval() arg 1 must be a string, bytes or code object" on 4
In: :CH5_LEPS_JJ_2002:CH5_LEPS_JJ_2002.f:ipbend
get_parameters: got "eval() arg 1 must be a string, bytes or code object" on 4
{}
In: :CH5_LEPS_JJ_2002:CH5_LEPS_JJ_2002.f:calcdelta
vars2fortran: No typespec for argument "i".
{}
In: :CH5_LEPS_JJ_2002:CH5_LEPS_JJ_2002.f:calcdelta
vars2fortran: No typespec for argument "j".
{}
In: :CH5_LEPS_JJ_2002:CH5_LEPS_JJ_2002.f:calcdelta
vars2fortran: No typespec for argument "k".
{}
In: :CH5_LEPS_JJ_2002:CH5_LEPS_JJ_2002.f:calcdelta
vars2fortran: No typespec for argument "l".
{}
In: :CH5_LEPS_JJ_2002:CH5_LEPS_JJ_2002.f:calcdelta
vars2fortran: No typespec for argument "sum2".
{}
In: :CH5_LEPS_JJ_2002:CH5_LEPS_JJ_2002.f:calcdelta
vars2fortran: No typespec for argument "sum4".
			Block: calcdelta
In: :CH5_LEPS_JJ_2002:CH5_LEPS_JJ_2002.f:calcdelta
get_parameters: got "eval() arg 1 must be a string, bytes or code object" on 4
In: :CH5_LEPS_JJ_2002:CH5_LEPS_JJ_2002.f:calcdelta
get_parameters: got "eval() arg 1 must be a string, bytes or code object" on 4
			Block: opforce
In: :CH5_LEPS_JJ_2002:CH5_LEPS_JJ_2002.f:opforce
get_parameters: got "eval() arg 1 must be a string, bytes or code object" on 4
In: :CH5_LEPS_JJ_2002:CH5_LEPS_JJ_2002.f:opforce
get_parameters: got "eval() arg 1 must be a string, bytes or code object" on 4
			Block: ipforce
In: :CH5_LEPS_JJ_2002:CH5_LEPS_JJ_2002.f:ipforce
get_parameters: got "eval() arg 1 must be a string, bytes or code object" on 4
In: :CH5_LEPS_JJ_2002:CH5_LEPS_JJ_2002.f:ipforce
get_parameters: got "eval() arg 1 must be a string, bytes or code object" on 4
			Block: switchf
In: :CH5_LEPS_JJ_2002:CH5_LEPS_JJ_2002.f:switchf
get_parameters: got "eval() arg 1 must be a string, bytes or code object" on 4
In: :CH5_LEPS_JJ_2002:CH5_LEPS_JJ_2002.f:switchf
get_parameters: got "eval() arg 1 must be a string, bytes or code object" on 4
			Block: prepot
In: :CH5_LEPS_JJ_2002:CH5_LEPS_JJ_2002.f:prepot
get_parameters: got "eval() arg 1 must be a string, bytes or code object" on 4
In: :CH5_LEPS_JJ_2002:CH5_LEPS_JJ_2002.f:prepot
get_parameters: got "eval() arg 1 must be a string, bytes or code object" on 4
			Block: ptpacm
In: :CH5_LEPS_JJ_2002:CH5_LEPS_JJ_2002.f:ptpacm
get_parameters: got "eval() arg 1 must be a string, bytes or code object" on 4
In: :CH5_LEPS_JJ_2002:CH5_LEPS_JJ_2002.f:ptpacm
get_parameters: got "eval() arg 1 must be a string, bytes or code object" on 4
			Block: potinfo
In: :CH5_LEPS_JJ_2002:CH5_LEPS_JJ_2002.f:potinfo
get_parameters: got "eval() arg 1 must be a string, bytes or code object" on 4
In: :CH5_LEPS_JJ_2002:CH5_LEPS_JJ_2002.f:potinfo
get_parameters: got "eval() arg 1 must be a string, bytes or code object" on 4
			Block: ancvrt
In: :CH5_LEPS_JJ_2002:CH5_LEPS_JJ_2002.f:ancvrt
get_parameters: got "eval() arg 1 must be a string, bytes or code object" on 4
In: :CH5_LEPS_JJ_2002:CH5_LEPS_JJ_2002.f:ancvrt
get_parameters: got "eval() arg 1 must be a string, bytes or code object" on 4
In: :CH5_LEPS_JJ_2002:CH5_LEPS_JJ_2002.f:ancvrt
get_parameters: got "eval() arg 1 must be a string, bytes or code object" on 4
In: :CH5_LEPS_JJ_2002:CH5_LEPS_JJ_2002.f:ancvrt
get_parameters: got "eval() arg 1 must be a string, bytes or code object" on 4
In: :CH5_LEPS_JJ_2002:CH5_LEPS_JJ_2002.f:ancvrt
get_parameters: got "eval() arg 1 must be a string, bytes or code object" on 4
In: :CH5_LEPS_JJ_2002:CH5_LEPS_JJ_2002.f:ancvrt
get_parameters: got "eval() arg 1 must be a string, bytes or code object" on 4
In: :CH5_LEPS_JJ_2002:CH5_LEPS_JJ_2002.f:ancvrt
get_parameters: got "eval() arg 1 must be a string, bytes or code object" on 4
In: :CH5_LEPS_JJ_2002:CH5_LEPS_JJ_2002.f:ancvrt
get_parameters: got "eval() arg 1 must be a string, bytes or code object" on 4
In: :CH5_LEPS_JJ_2002:CH5_LEPS_JJ_2002.f:ancvrt
get_parameters: got "eval() arg 1 must be a string, bytes or code object" on 4
In: :CH5_LEPS_JJ_2002:CH5_LEPS_JJ_2002.f:ancvrt
get_parameters: got "eval() arg 1 must be a string, bytes or code object" on 4
In: :CH5_LEPS_JJ_2002:CH5_LEPS_JJ_2002.f:ancvrt
get_parameters: got "eval() arg 1 must be a string, bytes or code object" on 4
In: :CH5_LEPS_JJ_2002:CH5_LEPS_JJ_2002.f:ancvrt
get_parameters: got "eval() arg 1 must be a string, bytes or code object" on 4
In: :CH5_LEPS_JJ_2002:CH5_LEPS_JJ_2002.f:ancvrt
get_parameters: got "eval() arg 1 must be a string, bytes or code object" on 4
In: :CH5_LEPS_JJ_2002:CH5_LEPS_JJ_2002.f:ancvrt
get_parameters: got "eval() arg 1 must be a string, bytes or code object" on 4
In: :CH5_LEPS_JJ_2002:CH5_LEPS_JJ_2002.f:ancvrt
get_parameters: got "eval() arg 1 must be a string, bytes or code object" on 4
			Block: cartou
In: :CH5_LEPS_JJ_2002:CH5_LEPS_JJ_2002.f:cartou
get_parameters: got "eval() arg 1 must be a string, bytes or code object" on 4
			Block: carttor
			Block: eunitzero
In: :CH5_LEPS_JJ_2002:CH5_LEPS_JJ_2002.f:eunitzero
get_parameters: got "eval() arg 1 must be a string, bytes or code object" on 4
			Block: rtocart
In: :CH5_LEPS_JJ_2002:CH5_LEPS_JJ_2002.f:rtocart
get_parameters: got "eval() arg 1 must be a string, bytes or code object" on 4
			Block: dedcou
In: :CH5_LEPS_JJ_2002:CH5_LEPS_JJ_2002.f:dedcou
get_parameters: got "eval() arg 1 must be a string, bytes or code object" on 4
Applying post-processing hooks...
  character_backward_compatibility_hook
Post-processing (stage 2)...
Building modules...
    Building module "CH5_LEPS_JJ_2002"...
    Generating possibly empty wrappers"
    Maybe empty "CH5_LEPS_JJ_2002-f2pywrappers.f"
        Constructing wrapper function "pes"...
          p,g,d = pes(x,igrad)
    Generating possibly empty wrappers"
    Maybe empty "CH5_LEPS_JJ_2002-f2pywrappers.f"
        Constructing wrapper function "pot"...
          pot()
    Generating possibly empty wrappers"
    Maybe empty "CH5_LEPS_JJ_2002-f2pywrappers.f"
        Constructing wrapper function "coorden"...
          coorden()
    Generating possibly empty wrappers"
    Maybe empty "CH5_LEPS_JJ_2002-f2pywrappers.f"
        Constructing wrapper function "refangles"...
          refangles()
    Generating possibly empty wrappers"
    Maybe empty "CH5_LEPS_JJ_2002-f2pywrappers.f"
        Constructing wrapper function "stretch"...
          stretch(vstr)
    Generating possibly empty wrappers"
    Maybe empty "CH5_LEPS_JJ_2002-f2pywrappers.f"
        Constructing wrapper function "opbend"...
          opbend(vop)
    Generating possibly empty wrappers"
    Maybe empty "CH5_LEPS_JJ_2002-f2pywrappers.f"
        Constructing wrapper function "ipbend"...
          ipbend(vip)
    Generating possibly empty wrappers"
    Maybe empty "CH5_LEPS_JJ_2002-f2pywrappers.f"
        Constructing wrapper function "calcdelta"...
          calcdelta(i,j,k,l,sum2,sum4)
    Generating possibly empty wrappers"
    Maybe empty "CH5_LEPS_JJ_2002-f2pywrappers.f"
        Constructing wrapper function "opforce"...
          opforce()
    Generating possibly empty wrappers"
    Maybe empty "CH5_LEPS_JJ_2002-f2pywrappers.f"
        Constructing wrapper function "ipforce"...
          ipforce()
    Generating possibly empty wrappers"
    Maybe empty "CH5_LEPS_JJ_2002-f2pywrappers.f"
        Constructing wrapper function "switchf"...
          switchf()
    Generating possibly empty wrappers"
    Maybe empty "CH5_LEPS_JJ_2002-f2pywrappers.f"
        Constructing wrapper function "prepot"...
          prepot()
    Generating possibly empty wrappers"
    Maybe empty "CH5_LEPS_JJ_2002-f2pywrappers.f"
        Constructing wrapper function "potinfo"...
          potinfo()
    Generating possibly empty wrappers"
    Maybe empty "CH5_LEPS_JJ_2002-f2pywrappers.f"
        Constructing wrapper function "ancvrt"...
          ancvrt()
    Generating possibly empty wrappers"
    Maybe empty "CH5_LEPS_JJ_2002-f2pywrappers.f"
        Constructing wrapper function "cartou"...
          cartou()
    Generating possibly empty wrappers"
    Maybe empty "CH5_LEPS_JJ_2002-f2pywrappers.f"
        Constructing wrapper function "carttor"...
          carttor()
    Generating possibly empty wrappers"
    Maybe empty "CH5_LEPS_JJ_2002-f2pywrappers.f"
        Constructing wrapper function "eunitzero"...
          eunitzero()
    Generating possibly empty wrappers"
    Maybe empty "CH5_LEPS_JJ_2002-f2pywrappers.f"
        Constructing wrapper function "rtocart"...
          rtocart()
    Generating possibly empty wrappers"
    Maybe empty "CH5_LEPS_JJ_2002-f2pywrappers.f"
        Constructing wrapper function "dedcou"...
          dedcou()
		Constructing COMMON block support for "usrocm"...
		  pengygs,pengyes,pengyij,dgscart,descart,dijcart
		Constructing COMMON block support for "usricm"...
		  cart,anuzero,nulbl,nflag,nasurf,nder
		Constructing COMMON block support for "pt1cm"...
		  r,engygs,degsdr
		Constructing COMMON block support for "pt3cm"...
		  ezero
		Constructing COMMON block support for "pt4cm"...
		  engyes,deesdr
		Constructing COMMON block support for "pt5cm"...
		  engyij,deijdr
		Constructing COMMON block support for "infocm"...
		  cartnu,indexes,irctnt,natoms,icartr,mder,msurf,ref
		Constructing COMMON block support for "potcm"...
		  nnc,nnb,nnh,r0ch,d1ch,d3ch,a1ch,b1ch,c1ch,r0hh,d1hh,d3hh,ahh,r0cb,d1cb,d3cb,acb,a3s,b3s,aphi,bphi,cphi,atheta,btheta,ctheta,fch3,hch3,fkinf,ak,bk,aa1,aa2,aa3,aa4
		Constructing COMMON block support for "angles"...
		  theta0,dtheta0
		Constructing COMMON block support for "bonds"...
		  rcb,rch,rbh
		Constructing COMMON block support for "coords"...
		  tcb,tch,tbh
		Constructing COMMON block support for "delta1"...
		  fdelta,hdelta
		Constructing COMMON block support for "delta2"...
		  dfdelta,dhdelta
		Constructing COMMON block support for "force1"...
		  fk0,f1,dfdc,dfdh
		Constructing COMMON block support for "fsw1"...
		  a1s,b1s,a2s,b2s
		Constructing COMMON block support for "ip1"...
		  s1,ds1,s2,ds2
		Constructing COMMON block support for "ndx"...
		  nc,nhb,nh
		Constructing COMMON block support for "op1"...
		  s3,ds3
		Constructing COMMON block support for "qpdot_pl"...
		  q,pdot
		Constructing COMMON block support for "switch1"...
		  sphi,dsphi,stheta,dstheta
		Constructing COMMON block support for "utilcm"...
		  dgscartnu,descartnu,dijcartnu,cnvrtd,cnvrte,cnvrtde,ireorder,ksdiag,kediag,ksoffd,keoffd
    Wrote C/API module "CH5_LEPS_JJ_2002" to file "/tmp/tmpbh36kapg/src.linux-x86_64-3.11/CH5_LEPS_JJ_2002module.c"
    Fortran 77 wrappers are saved to "/tmp/tmpbh36kapg/src.linux-x86_64-3.11/CH5_LEPS_JJ_2002-f2pywrappers.f"
INFO:   adding '/tmp/tmpbh36kapg/src.linux-x86_64-3.11/fortranobject.c' to sources.
INFO:   adding '/tmp/tmpbh36kapg/src.linux-x86_64-3.11' to include_dirs.
copying /home/truhlard/shuxx055/anaconda3/envs/test/lib/python3.11/site-packages/numpy/f2py/src/fortranobject.c -> /tmp/tmpbh36kapg/src.linux-x86_64-3.11
copying /home/truhlard/shuxx055/anaconda3/envs/test/lib/python3.11/site-packages/numpy/f2py/src/fortranobject.h -> /tmp/tmpbh36kapg/src.linux-x86_64-3.11
INFO:   adding '/tmp/tmpbh36kapg/src.linux-x86_64-3.11/CH5_LEPS_JJ_2002-f2pywrappers.f' to sources.
INFO: build_src: building npy-pkg config files
/home/truhlard/shuxx055/anaconda3/envs/test/lib/python3.11/site-packages/setuptools/_distutils/cmd.py:66: SetuptoolsDeprecationWarning: setup.py install is deprecated.
!!

        ********************************************************************************
        Please avoid running ``setup.py`` directly.
        Instead, use pypa/build, pypa/installer or other
        standards-based tools.

        See https://blog.ganssle.io/articles/2021/10/setup-py-deprecated.html for details.
        ********************************************************************************

!!
  self.initialize_options()
running build_ext
INFO: customize UnixCCompiler
INFO: customize UnixCCompiler using build_ext
INFO: get_default_fcompiler: matching types: '['arm', 'gnu95', 'intel', 'lahey', 'pg', 'nv', 'absoft', 'nag', 'vast', 'compaq', 'intele', 'intelem', 'gnu', 'g95', 'pathf95', 'nagfor', 'fujitsu']'
INFO: customize ArmFlangCompiler
WARN: Could not locate executable armflang
INFO: customize Gnu95FCompiler
INFO: Found executable /home/truhlard/shuxx055/anaconda3/envs/test/bin/gfortran
INFO: customize Gnu95FCompiler
INFO: customize Gnu95FCompiler using build_ext
INFO: building 'CH5_LEPS_JJ_2002' extension
INFO: compiling C sources
INFO: C compiler: gcc -pthread -B /home/truhlard/shuxx055/anaconda3/envs/test/compiler_compat -DNDEBUG -fwrapv -O2 -Wall -fPIC -O2 -isystem /home/truhlard/shuxx055/anaconda3/envs/test/include -fPIC -O2 -isystem /home/truhlard/shuxx055/anaconda3/envs/test/include -fPIC

creating /tmp/tmpbh36kapg/tmp
creating /tmp/tmpbh36kapg/tmp/tmpbh36kapg
creating /tmp/tmpbh36kapg/tmp/tmpbh36kapg/src.linux-x86_64-3.11
INFO: compile options: '-DNPY_DISABLE_OPTIMIZATION=1 -I/tmp/tmpbh36kapg/src.linux-x86_64-3.11 -I/home/truhlard/shuxx055/anaconda3/envs/test/lib/python3.11/site-packages/numpy/core/include -I/home/truhlard/shuxx055/anaconda3/envs/test/include/python3.11 -c'
INFO: gcc: /tmp/tmpbh36kapg/src.linux-x86_64-3.11/fortranobject.c
INFO: gcc: /tmp/tmpbh36kapg/src.linux-x86_64-3.11/CH5_LEPS_JJ_2002module.c
INFO: compiling Fortran sources
INFO: Fortran f77 compiler: /home/truhlard/shuxx055/anaconda3/envs/test/bin/gfortran -fallow-argument-mismatch -std=legacy -fPIC -O3 -funroll-loops
Fortran f90 compiler: /home/truhlard/shuxx055/anaconda3/envs/test/bin/gfortran -Wall -g -fno-second-underscore -fPIC -O3 -funroll-loops
Fortran fix compiler: /home/truhlard/shuxx055/anaconda3/envs/test/bin/gfortran -Wall -g -ffixed-form -fno-second-underscore -Wall -g -fno-second-underscore -fPIC -O3 -funroll-loops
INFO: compile options: '-I/tmp/tmpbh36kapg/src.linux-x86_64-3.11 -I/home/truhlard/shuxx055/anaconda3/envs/test/lib/python3.11/site-packages/numpy/core/include -I/home/truhlard/shuxx055/anaconda3/envs/test/include/python3.11 -c'
INFO: gfortran:f77: /tmp/tmpbh36kapg/src.linux-x86_64-3.11/CH5_LEPS_JJ_2002-f2pywrappers.f
INFO: gfortran:f77: CH5_LEPS_JJ_2002.f
INFO: /home/truhlard/shuxx055/anaconda3/envs/test/bin/gfortran -Wall -g -Wall -g -shared /tmp/tmpbh36kapg/tmp/tmpbh36kapg/src.linux-x86_64-3.11/CH5_LEPS_JJ_2002module.o /tmp/tmpbh36kapg/tmp/tmpbh36kapg/src.linux-x86_64-3.11/fortranobject.o /tmp/tmpbh36kapg/CH5_LEPS_JJ_2002.o /tmp/tmpbh36kapg/tmp/tmpbh36kapg/src.linux-x86_64-3.11/CH5_LEPS_JJ_2002-f2pywrappers.o -L/panfs/jay/groups/16/truhlard/shuxx055/anaconda3/envs/test/bin/../lib/gcc/x86_64-conda-linux-gnu/13.1.0/../../../../x86_64-conda-linux-gnu/lib/../lib -L/panfs/jay/groups/16/truhlard/shuxx055/anaconda3/envs/test/bin/../lib/gcc/x86_64-conda-linux-gnu/13.1.0/../../../../x86_64-conda-linux-gnu/lib/../lib -lmkl_intel_lp64 -lmkl_sequential -lmkl_core -lgfortran -o ./CH5_LEPS_JJ_2002.cpython-311-x86_64-linux-gnu.so
Removing build directory /tmp/tmpbh36kapg
