running build
running config_cc
INFO: unifing config_cc, config, build_clib, build_ext, build commands --compiler options
running config_fc
INFO: unifing config_fc, config, build_clib, build_ext, build commands --fcompiler options
running build_src
INFO: build_src
INFO: building extension "H2CO_PIP" sources
INFO: f2py options: []
INFO: f2py:> /tmp/tmpv40s8jkr/src.linux-x86_64-3.11/H2CO_PIPmodule.c
creating /tmp/tmpv40s8jkr/src.linux-x86_64-3.11
Reading fortran codes...
	Reading file 'H2CO_PIP.f90' (format:free)
Line #126 in H2CO_PIP.f90:"      parameter (a0 = 0.52918d0) "
	get_parameters: got "eval() arg 1 must be a string, bytes or code object" on 4
Line #127 in H2CO_PIP.f90:"      parameter (pi = 3.1415926536d0) "
	get_parameters: got "eval() arg 1 must be a string, bytes or code object" on 4
Line #127 in H2CO_PIP.f90:"      parameter (pi = 3.1415926536d0) "
	get_parameters: got "eval() arg 1 must be a string, bytes or code object" on 4
Line #170 in H2CO_PIP.f90:"      PARAMETER(AU2EV=27.2116D0)         "
	get_parameters: got "eval() arg 1 must be a string, bytes or code object" on 4
Line #171 in H2CO_PIP.f90:"      PARAMETER(EV2CM=8065.44D0)         "
	get_parameters: got "eval() arg 1 must be a string, bytes or code object" on 4
Line #171 in H2CO_PIP.f90:"      PARAMETER(EV2CM=8065.44D0)         "
	get_parameters: got "eval() arg 1 must be a string, bytes or code object" on 4
Line #172 in H2CO_PIP.f90:"      PARAMETER(KC2EV=23.061D0)          "
	get_parameters: got "eval() arg 1 must be a string, bytes or code object" on 4
Line #172 in H2CO_PIP.f90:"      PARAMETER(KC2EV=23.061D0)          "
	get_parameters: got "eval() arg 1 must be a string, bytes or code object" on 4
Line #172 in H2CO_PIP.f90:"      PARAMETER(KC2EV=23.061D0)          "
	get_parameters: got "eval() arg 1 must be a string, bytes or code object" on 4
Line #174 in H2CO_PIP.f90:"      PARAMETER(AU2CM=AU2EV*EV2CM)       "
	get_parameters: got "eval() arg 1 must be a string, bytes or code object" on 4
Line #174 in H2CO_PIP.f90:"      PARAMETER(AU2CM=AU2EV*EV2CM)       "
	get_parameters: got "eval() arg 1 must be a string, bytes or code object" on 4
Line #174 in H2CO_PIP.f90:"      PARAMETER(AU2CM=AU2EV*EV2CM)       "
	get_parameters: got "eval() arg 1 must be a string, bytes or code object" on 4
Line #174 in H2CO_PIP.f90:"      PARAMETER(AU2CM=AU2EV*EV2CM)       "
	get_parameters: got "eval() arg 1 must be a string, bytes or code object" on 4
Line #185 in H2CO_PIP.f90:"      PARAMETER(MAXLIN=500, MAXTAN=200)  "
	get_parameters: got "eval() arg 1 must be a string, bytes or code object" on 4
Line #185 in H2CO_PIP.f90:"      PARAMETER(MAXLIN=500, MAXTAN=200)  "
	get_parameters: got "eval() arg 1 must be a string, bytes or code object" on 4
Line #185 in H2CO_PIP.f90:"      PARAMETER(MAXLIN=500, MAXTAN=200)  "
	get_parameters: got "eval() arg 1 must be a string, bytes or code object" on 4
Line #185 in H2CO_PIP.f90:"      PARAMETER(MAXLIN=500, MAXTAN=200)  "
	get_parameters: got "eval() arg 1 must be a string, bytes or code object" on 4
Line #185 in H2CO_PIP.f90:"      PARAMETER(MAXLIN=500, MAXTAN=200)  "
	get_parameters: got "eval() arg 1 must be a string, bytes or code object" on 4
Line #185 in H2CO_PIP.f90:"      PARAMETER(MAXLIN=500, MAXTAN=200)  "
	get_parameters: got "eval() arg 1 must be a string, bytes or code object" on 4
Line #185 in H2CO_PIP.f90:"      PARAMETER(MAXLIN=500, MAXTAN=200)  "
	get_parameters: got "eval() arg 1 must be a string, bytes or code object" on 4
Line #185 in H2CO_PIP.f90:"      PARAMETER(MAXLIN=500, MAXTAN=200)  "
	get_parameters: got "eval() arg 1 must be a string, bytes or code object" on 4
Line #198 in H2CO_PIP.f90:"      LOGICAL QINIT(2)/.false.,.false./  "
	updatevars: could not crack entity declaration "qinit(2)/.false.". Ignoring.
Line #198 in H2CO_PIP.f90:"      LOGICAL QINIT(2)/.false.,.false./  "
	updatevars: no name pattern found for entity='.false./'. Skipping.
Line #407 in H2CO_PIP.f90:"      PARAMETER(AU2EV=27.2116D0)         "
	get_parameters: got "eval() arg 1 must be a string, bytes or code object" on 4
Line #429 in H2CO_PIP.f90:"      PARAMETER(AU2EV=27.2116D0)         "
	get_parameters: got "eval() arg 1 must be a string, bytes or code object" on 4
Post-processing...
	Block: H2CO_PIP
			Block: shell
			Block: pes_init
			Block: getpot
			Block: edis
			Block: basis
			Block: hcopot
In: :H2CO_PIP:H2CO_PIP.f90:hcopot
get_parameters: got "eval() arg 1 must be a string, bytes or code object" on 4
In: :H2CO_PIP:H2CO_PIP.f90:hcopot
get_parameters: got "eval() arg 1 must be a string, bytes or code object" on 4
In: :H2CO_PIP:H2CO_PIP.f90:hcopot
get_parameters: got "eval() arg 1 must be a string, bytes or code object" on 4
			Block: pot3in
			Block: pothco
In: :H2CO_PIP:H2CO_PIP.f90:pothco
get_parameters: got "eval() arg 1 must be a string, bytes or code object" on 4
In: :H2CO_PIP:H2CO_PIP.f90:pothco
get_parameters: got "eval() arg 1 must be a string, bytes or code object" on 4
In: :H2CO_PIP:H2CO_PIP.f90:pothco
get_parameters: got "eval() arg 1 must be a string, bytes or code object" on 4
In: :H2CO_PIP:H2CO_PIP.f90:pothco
get_parameters: got "eval() arg 1 must be a string, bytes or code object" on 4
In: :H2CO_PIP:H2CO_PIP.f90:pothco
get_parameters: got "eval() arg 1 must be a string, bytes or code object" on 4
In: :H2CO_PIP:H2CO_PIP.f90:pothco
get_parameters: got "eval() arg 1 must be a string, bytes or code object" on 4
In: :H2CO_PIP:H2CO_PIP.f90:pothco
get_parameters: got "eval() arg 1 must be a string, bytes or code object" on 4
			Block: v2oh
In: :H2CO_PIP:H2CO_PIP.f90:v2oh
get_parameters: got "eval() arg 1 must be a string, bytes or code object" on 4
In: :H2CO_PIP:H2CO_PIP.f90:v2oh
get_parameters: got "eval() arg 1 must be a string, bytes or code object" on 4
			Block: v2ch
In: :H2CO_PIP:H2CO_PIP.f90:v2ch
get_parameters: got "eval() arg 1 must be a string, bytes or code object" on 4
In: :H2CO_PIP:H2CO_PIP.f90:v2ch
get_parameters: got "eval() arg 1 must be a string, bytes or code object" on 4
			Block: pes
Applying post-processing hooks...
  character_backward_compatibility_hook
Post-processing (stage 2)...
	Block: H2CO_PIP
		Block: unknown_interface
			Block: shell
			Block: pes_init
			Block: getpot
			Block: edis
			Block: basis
			Block: hcopot
			Block: pot3in
			Block: pothco
			Block: v2oh
			Block: v2ch
			Block: pes
Building modules...
    Building module "H2CO_PIP"...
    Generating possibly empty wrappers"
    Maybe empty "H2CO_PIP-f2pywrappers.f"
        Constructing wrapper function "pes_init"...
          pes_init(path)
    Generating possibly empty wrappers"
    Maybe empty "H2CO_PIP-f2pywrappers.f"
        Constructing wrapper function "getpot"...
          getpot(cood,v,path)
    Generating possibly empty wrappers"
    Maybe empty "H2CO_PIP-f2pywrappers.f"
        Constructing wrapper function "edis"...
          edist = edis(dis,atomi,atomj)
    Generating possibly empty wrappers"
    Maybe empty "H2CO_PIP-f2pywrappers.f"
        Constructing wrapper function "basis"...
          basis(bas,y)
    Generating possibly empty wrappers"
    Maybe empty "H2CO_PIP-f2pywrappers.f"
        Constructing wrapper function "hcopot"...
          hcopot(f,rhc,rco,roh,path)
    Generating possibly empty wrappers"
    Maybe empty "H2CO_PIP-f2pywrappers.f"
        Constructing wrapper function "pot3in"...
          pot3in(path)
    Generating possibly empty wrappers"
    Maybe empty "H2CO_PIP-f2pywrappers.f"
		Creating wrapper for Fortran function "pothco"("pothco")...
        Constructing wrapper function "pothco"...
          pothco = pothco(rhc,rco,rcos,istate)
    Generating possibly empty wrappers"
    Maybe empty "H2CO_PIP-f2pywrappers.f"
		Creating wrapper for Fortran function "v2oh"("v2oh")...
        Constructing wrapper function "v2oh"...
          v2oh = v2oh(r)
    Generating possibly empty wrappers"
    Maybe empty "H2CO_PIP-f2pywrappers.f"
		Creating wrapper for Fortran function "v2ch"("v2ch")...
        Constructing wrapper function "v2ch"...
          v2ch = v2ch(r)
    Generating possibly empty wrappers"
    Maybe empty "H2CO_PIP-f2pywrappers.f"
        Constructing wrapper function "pes"...
          p,gradient_out,d = pes(x,igrad,path)
		Constructing F90 module support for "shell"...
		  Variables: total coff cof power
    Wrote C/API module "H2CO_PIP" to file "/tmp/tmpv40s8jkr/src.linux-x86_64-3.11/H2CO_PIPmodule.c"
    Fortran 77 wrappers are saved to "/tmp/tmpv40s8jkr/src.linux-x86_64-3.11/H2CO_PIP-f2pywrappers.f"
    Fortran 90 wrappers are saved to "/tmp/tmpv40s8jkr/src.linux-x86_64-3.11/H2CO_PIP-f2pywrappers2.f90"
INFO:   adding '/tmp/tmpv40s8jkr/src.linux-x86_64-3.11/fortranobject.c' to sources.
INFO:   adding '/tmp/tmpv40s8jkr/src.linux-x86_64-3.11' to include_dirs.
copying /home/truhlard/shuxx055/anaconda3/lib/python3.11/site-packages/numpy/f2py/src/fortranobject.c -> /tmp/tmpv40s8jkr/src.linux-x86_64-3.11
copying /home/truhlard/shuxx055/anaconda3/lib/python3.11/site-packages/numpy/f2py/src/fortranobject.h -> /tmp/tmpv40s8jkr/src.linux-x86_64-3.11
INFO:   adding '/tmp/tmpv40s8jkr/src.linux-x86_64-3.11/H2CO_PIP-f2pywrappers.f' to sources.
INFO:   adding '/tmp/tmpv40s8jkr/src.linux-x86_64-3.11/H2CO_PIP-f2pywrappers2.f90' to sources.
INFO: build_src: building npy-pkg config files
/home/truhlard/shuxx055/anaconda3/lib/python3.11/site-packages/setuptools/_distutils/cmd.py:66: SetuptoolsDeprecationWarning: setup.py install is deprecated.
!!

        ********************************************************************************
        Please avoid running ``setup.py`` directly.
        Instead, use pypa/build, pypa/installer, pypa/build or
        other standards-based tools.

        See https://blog.ganssle.io/articles/2021/10/setup-py-deprecated.html for details.
        ********************************************************************************

!!
  self.initialize_options()
running build_ext
INFO: customize UnixCCompiler
INFO: customize UnixCCompiler using build_ext
INFO: get_default_fcompiler: matching types: '['arm', 'gnu95', 'intel', 'lahey', 'pg', 'nv', 'absoft', 'nag', 'vast', 'compaq', 'intele', 'intelem', 'gnu', 'g95', 'pathf95', 'nagfor', 'fujitsu']'
INFO: customize ArmFlangCompiler
WARN: Could not locate executable armflang
INFO: customize Gnu95FCompiler
INFO: Found executable /home/truhlard/shuxx055/anaconda3/bin/gfortran
INFO: customize Gnu95FCompiler
INFO: customize Gnu95FCompiler using build_ext
INFO: building 'H2CO_PIP' extension
INFO: compiling C sources
INFO: C compiler: gcc -pthread -B /home/truhlard/shuxx055/anaconda3/compiler_compat -DNDEBUG -fwrapv -O2 -Wall -fPIC -O2 -isystem /home/truhlard/shuxx055/anaconda3/include -fPIC -O2 -isystem /home/truhlard/shuxx055/anaconda3/include -fPIC

creating /tmp/tmpv40s8jkr/tmp
creating /tmp/tmpv40s8jkr/tmp/tmpv40s8jkr
creating /tmp/tmpv40s8jkr/tmp/tmpv40s8jkr/src.linux-x86_64-3.11
INFO: compile options: '-DNPY_DISABLE_OPTIMIZATION=1 -I/tmp/tmpv40s8jkr/src.linux-x86_64-3.11 -I/home/truhlard/shuxx055/anaconda3/lib/python3.11/site-packages/numpy/core/include -I/home/truhlard/shuxx055/anaconda3/include/python3.11 -c'
INFO: gcc: /tmp/tmpv40s8jkr/src.linux-x86_64-3.11/H2CO_PIPmodule.c
INFO: gcc: /tmp/tmpv40s8jkr/src.linux-x86_64-3.11/fortranobject.c
INFO: compiling Fortran 90 module sources
INFO: Fortran f77 compiler: /home/truhlard/shuxx055/anaconda3/bin/gfortran -Wall -g -ffixed-form -fno-second-underscore -fPIC -O3 -funroll-loops
Fortran f90 compiler: /home/truhlard/shuxx055/anaconda3/bin/gfortran -fallow-argument-mismatch -std=legacy -fPIC -O3 -funroll-loops
Fortran fix compiler: /home/truhlard/shuxx055/anaconda3/bin/gfortran -Wall -g -ffixed-form -fno-second-underscore -fallow-argument-mismatch -std=legacy -fPIC -O3 -funroll-loops
INFO: compile options: '-I/tmp/tmpv40s8jkr/src.linux-x86_64-3.11 -I/home/truhlard/shuxx055/anaconda3/lib/python3.11/site-packages/numpy/core/include -I/home/truhlard/shuxx055/anaconda3/include/python3.11 -c'
extra options: '-J/tmp/tmpv40s8jkr/ -I/tmp/tmpv40s8jkr/'
INFO: gfortran:f90: H2CO_PIP.f90
INFO: compiling Fortran sources
INFO: Fortran f77 compiler: /home/truhlard/shuxx055/anaconda3/bin/gfortran -Wall -g -ffixed-form -fno-second-underscore -fPIC -O3 -funroll-loops
Fortran f90 compiler: /home/truhlard/shuxx055/anaconda3/bin/gfortran -fallow-argument-mismatch -std=legacy -fPIC -O3 -funroll-loops
Fortran fix compiler: /home/truhlard/shuxx055/anaconda3/bin/gfortran -Wall -g -ffixed-form -fno-second-underscore -fallow-argument-mismatch -std=legacy -fPIC -O3 -funroll-loops
INFO: compile options: '-I/tmp/tmpv40s8jkr/src.linux-x86_64-3.11 -I/home/truhlard/shuxx055/anaconda3/lib/python3.11/site-packages/numpy/core/include -I/home/truhlard/shuxx055/anaconda3/include/python3.11 -c'
extra options: '-J/tmp/tmpv40s8jkr/ -I/tmp/tmpv40s8jkr/'
INFO: gfortran:f90: /tmp/tmpv40s8jkr/src.linux-x86_64-3.11/H2CO_PIP-f2pywrappers2.f90
INFO: gfortran:f77: /tmp/tmpv40s8jkr/src.linux-x86_64-3.11/H2CO_PIP-f2pywrappers.f
INFO: /home/truhlard/shuxx055/anaconda3/bin/gfortran -Wall -g -Wall -g -shared /tmp/tmpv40s8jkr/tmp/tmpv40s8jkr/src.linux-x86_64-3.11/H2CO_PIPmodule.o /tmp/tmpv40s8jkr/tmp/tmpv40s8jkr/src.linux-x86_64-3.11/fortranobject.o /tmp/tmpv40s8jkr/H2CO_PIP.o /tmp/tmpv40s8jkr/tmp/tmpv40s8jkr/src.linux-x86_64-3.11/H2CO_PIP-f2pywrappers.o /tmp/tmpv40s8jkr/tmp/tmpv40s8jkr/src.linux-x86_64-3.11/H2CO_PIP-f2pywrappers2.o -L/panfs/jay/groups/16/truhlard/shuxx055/anaconda3/bin/../lib/gcc/x86_64-conda-linux-gnu/13.1.0/../../../../x86_64-conda-linux-gnu/lib/../lib -L/panfs/jay/groups/16/truhlard/shuxx055/anaconda3/bin/../lib/gcc/x86_64-conda-linux-gnu/13.1.0/../../../../x86_64-conda-linux-gnu/lib/../lib -lmkl_intel_lp64 -lmkl_sequential -lmkl_core -lgfortran -o ./H2CO_PIP.cpython-311-x86_64-linux-gnu.so
Removing build directory /tmp/tmpv40s8jkr
