running build
running config_cc
INFO: unifing config_cc, config, build_clib, build_ext, build commands --compiler options
running config_fc
INFO: unifing config_fc, config, build_clib, build_ext, build commands --fcompiler options
running build_src
INFO: build_src
INFO: building extension "GeH5_LEPS" sources
INFO: f2py options: []
INFO: f2py:> /tmp/tmpqk95rogb/src.linux-x86_64-3.11/GeH5_LEPSmodule.c
creating /tmp/tmpqk95rogb/src.linux-x86_64-3.11
rmbadname1: Replacing "switch" with "switch_bn".
analyzeline: Failed to evaluate '4.0d0*pi*1.0d-07'. Ignoring: invalid decimal literal (<string>, line 1)
analyzeline: Failed to evaluate '1.0d0/(cmu_0*clight**2)'. Ignoring: invalid decimal literal (<string>, line 1)
Reading fortran codes...
	Reading file 'GeH5_LEPS.f90' (format:fix)
Line #28 in GeH5_LEPS.f90:"      PARAMETER (JSURF=INT(ISURF*(ISURF+1)/2)) "
	determineexprtype: could not determine expressions ('int') type.
Line #28 in GeH5_LEPS.f90:"      PARAMETER (JSURF=INT(ISURF*(ISURF+1)/2)) "
	determineexprtype: could not determine expressions ('int(isurf*(isurf+1)/2)') type.
Line #96 in GeH5_LEPS.f90:"      PARAMETER (PI = 3.141592653589793D0) "
	get_parameters: got "eval() arg 1 must be a string, bytes or code object" on 4
Line #98 in GeH5_LEPS.f90:"      PARAMETER (NATOM = 25) "
	get_parameters: got "eval() arg 1 must be a string, bytes or code object" on 4
Line #98 in GeH5_LEPS.f90:"      PARAMETER (NATOM = 25) "
	get_parameters: got "eval() arg 1 must be a string, bytes or code object" on 4
Line #215 in GeH5_LEPS.f90:"      PARAMETER (PI = 3.141592653589793D0) "
	get_parameters: got "eval() arg 1 must be a string, bytes or code object" on 4
Line #217 in GeH5_LEPS.f90:"      PARAMETER (NATOM = 25) "
	get_parameters: got "eval() arg 1 must be a string, bytes or code object" on 4
Line #217 in GeH5_LEPS.f90:"      PARAMETER (NATOM = 25) "
	get_parameters: got "eval() arg 1 must be a string, bytes or code object" on 4
Line #295 in GeH5_LEPS.f90:"      PARAMETER (PI = 3.141592653589793D0) "
	get_parameters: got "eval() arg 1 must be a string, bytes or code object" on 4
Line #297 in GeH5_LEPS.f90:"      PARAMETER (NATOM = 25) "
	get_parameters: got "eval() arg 1 must be a string, bytes or code object" on 4
Line #297 in GeH5_LEPS.f90:"      PARAMETER (NATOM = 25) "
	get_parameters: got "eval() arg 1 must be a string, bytes or code object" on 4
Line #436 in GeH5_LEPS.f90:"      PARAMETER (PI = 3.141592653589793D0) "
	get_parameters: got "eval() arg 1 must be a string, bytes or code object" on 4
Line #438 in GeH5_LEPS.f90:"      PARAMETER (NATOM = 25) "
	get_parameters: got "eval() arg 1 must be a string, bytes or code object" on 4
Line #438 in GeH5_LEPS.f90:"      PARAMETER (NATOM = 25) "
	get_parameters: got "eval() arg 1 must be a string, bytes or code object" on 4
Line #642 in GeH5_LEPS.f90:"      PARAMETER (PI = 3.141592653589793D0) "
	get_parameters: got "eval() arg 1 must be a string, bytes or code object" on 4
Line #644 in GeH5_LEPS.f90:"      PARAMETER (NATOM = 25) "
	get_parameters: got "eval() arg 1 must be a string, bytes or code object" on 4
Line #644 in GeH5_LEPS.f90:"      PARAMETER (NATOM = 25) "
	get_parameters: got "eval() arg 1 must be a string, bytes or code object" on 4
Line #795 in GeH5_LEPS.f90:"      PARAMETER (PI = 3.141592653589793D0) "
	get_parameters: got "eval() arg 1 must be a string, bytes or code object" on 4
Line #797 in GeH5_LEPS.f90:"      PARAMETER (NATOM = 25) "
	get_parameters: got "eval() arg 1 must be a string, bytes or code object" on 4
Line #797 in GeH5_LEPS.f90:"      PARAMETER (NATOM = 25) "
	get_parameters: got "eval() arg 1 must be a string, bytes or code object" on 4
Line #919 in GeH5_LEPS.f90:"      PARAMETER (PI = 3.141592653589793D0) "
	get_parameters: got "eval() arg 1 must be a string, bytes or code object" on 4
Line #921 in GeH5_LEPS.f90:"      PARAMETER (NATOM = 25) "
	get_parameters: got "eval() arg 1 must be a string, bytes or code object" on 4
Line #921 in GeH5_LEPS.f90:"      PARAMETER (NATOM = 25) "
	get_parameters: got "eval() arg 1 must be a string, bytes or code object" on 4
Line #1170 in GeH5_LEPS.f90:"      PARAMETER (PI = 3.141592653589793D0) "
	get_parameters: got "eval() arg 1 must be a string, bytes or code object" on 4
Line #1172 in GeH5_LEPS.f90:"      PARAMETER (NATOM = 25) "
	get_parameters: got "eval() arg 1 must be a string, bytes or code object" on 4
Line #1172 in GeH5_LEPS.f90:"      PARAMETER (NATOM = 25) "
	get_parameters: got "eval() arg 1 must be a string, bytes or code object" on 4
Line #1280 in GeH5_LEPS.f90:"      PARAMETER (PI = 3.141592653589793D0) "
	get_parameters: got "eval() arg 1 must be a string, bytes or code object" on 4
Line #1282 in GeH5_LEPS.f90:"      PARAMETER (NATOM = 25) "
	get_parameters: got "eval() arg 1 must be a string, bytes or code object" on 4
Line #1282 in GeH5_LEPS.f90:"      PARAMETER (NATOM = 25) "
	get_parameters: got "eval() arg 1 must be a string, bytes or code object" on 4
Line #1475 in GeH5_LEPS.f90:"      PARAMETER (PI = 3.141592653589793D0) "
	get_parameters: got "eval() arg 1 must be a string, bytes or code object" on 4
Line #1477 in GeH5_LEPS.f90:"      PARAMETER (NATOM = 25) "
	get_parameters: got "eval() arg 1 must be a string, bytes or code object" on 4
Line #1477 in GeH5_LEPS.f90:"      PARAMETER (NATOM = 25) "
	get_parameters: got "eval() arg 1 must be a string, bytes or code object" on 4
Line #1617 in GeH5_LEPS.f90:"      PARAMETER (PI = 3.141592653589793D0) "
	get_parameters: got "eval() arg 1 must be a string, bytes or code object" on 4
Line #1618 in GeH5_LEPS.f90:"      PARAMETER (NATOM = 25) "
	get_parameters: got "eval() arg 1 must be a string, bytes or code object" on 4
Line #1618 in GeH5_LEPS.f90:"      PARAMETER (NATOM = 25) "
	get_parameters: got "eval() arg 1 must be a string, bytes or code object" on 4
Line #1620 in GeH5_LEPS.f90:"      PARAMETER (N3TMMN = 18) "
	get_parameters: got "eval() arg 1 must be a string, bytes or code object" on 4
Line #1620 in GeH5_LEPS.f90:"      PARAMETER (N3TMMN = 18) "
	get_parameters: got "eval() arg 1 must be a string, bytes or code object" on 4
Line #1719 in GeH5_LEPS.f90:"      PARAMETER (PI = 3.141592653589793D0) "
	get_parameters: got "eval() arg 1 must be a string, bytes or code object" on 4
Line #1721 in GeH5_LEPS.f90:"      PARAMETER (NATOM = 25) "
	get_parameters: got "eval() arg 1 must be a string, bytes or code object" on 4
Line #1721 in GeH5_LEPS.f90:"      PARAMETER (NATOM = 25) "
	get_parameters: got "eval() arg 1 must be a string, bytes or code object" on 4
Line #1809 in GeH5_LEPS.f90:"      PARAMETER (PI = 3.141592653589793D0) "
	get_parameters: got "eval() arg 1 must be a string, bytes or code object" on 4
Line #1979 in GeH5_LEPS.f90:"      PARAMETER(        PI = 3.141592653589793D0) "
	get_parameters: got "eval() arg 1 must be a string, bytes or code object" on 4
Line #1980 in GeH5_LEPS.f90:"      PARAMETER(    CLIGHT = 2.99792458D08) "
	get_parameters: got "eval() arg 1 must be a string, bytes or code object" on 4
Line #1980 in GeH5_LEPS.f90:"      PARAMETER(    CLIGHT = 2.99792458D08) "
	get_parameters: got "eval() arg 1 must be a string, bytes or code object" on 4
Line #1981 in GeH5_LEPS.f90:"      PARAMETER(     CMU_0 = 4.0D0*PI*1.0D-07) "
	get_parameters: got "eval() arg 1 must be a string, bytes or code object" on 4
Line #1981 in GeH5_LEPS.f90:"      PARAMETER(     CMU_0 = 4.0D0*PI*1.0D-07) "
	get_parameters: got "eval() arg 1 must be a string, bytes or code object" on 4
Line #1981 in GeH5_LEPS.f90:"      PARAMETER(     CMU_0 = 4.0D0*PI*1.0D-07) "
	get_parameters: got "eval() arg 1 must be a string, bytes or code object" on 4
Line #1982 in GeH5_LEPS.f90:"      PARAMETER(CEPSILON_0 = 1.0D0/(CMU_0*CLIGHT**2)) "
	get_parameters: got "eval() arg 1 must be a string, bytes or code object" on 4
Line #1982 in GeH5_LEPS.f90:"      PARAMETER(CEPSILON_0 = 1.0D0/(CMU_0*CLIGHT**2)) "
	get_parameters: got "eval() arg 1 must be a string, bytes or code object" on 4
Line #1982 in GeH5_LEPS.f90:"      PARAMETER(CEPSILON_0 = 1.0D0/(CMU_0*CLIGHT**2)) "
	get_parameters: got "eval() arg 1 must be a string, bytes or code object" on 4
Line #1982 in GeH5_LEPS.f90:"      PARAMETER(CEPSILON_0 = 1.0D0/(CMU_0*CLIGHT**2)) "
	determineexprtype: could not determine expressions ('1.0d0/(cmu_0*clight**2)') type.
Line #1983 in GeH5_LEPS.f90:"      PARAMETER(        CE = 1.602176462D-19) "
	get_parameters: got "eval() arg 1 must be a string, bytes or code object" on 4
Line #1983 in GeH5_LEPS.f90:"      PARAMETER(        CE = 1.602176462D-19) "
	get_parameters: got "eval() arg 1 must be a string, bytes or code object" on 4
Line #1983 in GeH5_LEPS.f90:"      PARAMETER(        CE = 1.602176462D-19) "
	get_parameters: got "eval() arg 1 must be a string, bytes or code object" on 4
Line #1984 in GeH5_LEPS.f90:"      PARAMETER(   CPLANCK = 6.62606876D-34) "
	get_parameters: got "eval() arg 1 must be a string, bytes or code object" on 4
Line #1984 in GeH5_LEPS.f90:"      PARAMETER(   CPLANCK = 6.62606876D-34) "
	get_parameters: got "eval() arg 1 must be a string, bytes or code object" on 4
Line #1984 in GeH5_LEPS.f90:"      PARAMETER(   CPLANCK = 6.62606876D-34) "
	get_parameters: got "eval() arg 1 must be a string, bytes or code object" on 4
Line #1984 in GeH5_LEPS.f90:"      PARAMETER(   CPLANCK = 6.62606876D-34) "
	get_parameters: got "eval() arg 1 must be a string, bytes or code object" on 4
Line #1985 in GeH5_LEPS.f90:"      PARAMETER(      CM_E = 9.10938188D-31) "
	get_parameters: got "eval() arg 1 must be a string, bytes or code object" on 4
Line #1985 in GeH5_LEPS.f90:"      PARAMETER(      CM_E = 9.10938188D-31) "
	get_parameters: got "eval() arg 1 must be a string, bytes or code object" on 4
Line #1985 in GeH5_LEPS.f90:"      PARAMETER(      CM_E = 9.10938188D-31) "
	get_parameters: got "eval() arg 1 must be a string, bytes or code object" on 4
Line #1985 in GeH5_LEPS.f90:"      PARAMETER(      CM_E = 9.10938188D-31) "
	get_parameters: got "eval() arg 1 must be a string, bytes or code object" on 4
Line #1985 in GeH5_LEPS.f90:"      PARAMETER(      CM_E = 9.10938188D-31) "
	get_parameters: got "eval() arg 1 must be a string, bytes or code object" on 4
Line #1986 in GeH5_LEPS.f90:"      PARAMETER(      CANG = 1.0D-10) "
	get_parameters: got "eval() arg 1 must be a string, bytes or code object" on 4
Line #1986 in GeH5_LEPS.f90:"      PARAMETER(      CANG = 1.0D-10) "
	get_parameters: got "eval() arg 1 must be a string, bytes or code object" on 4
Line #1986 in GeH5_LEPS.f90:"      PARAMETER(      CANG = 1.0D-10) "
	get_parameters: got "eval() arg 1 must be a string, bytes or code object" on 4
Line #1986 in GeH5_LEPS.f90:"      PARAMETER(      CANG = 1.0D-10) "
	get_parameters: got "eval() arg 1 must be a string, bytes or code object" on 4
Line #1986 in GeH5_LEPS.f90:"      PARAMETER(      CANG = 1.0D-10) "
	get_parameters: got "eval() arg 1 must be a string, bytes or code object" on 4
Line #1986 in GeH5_LEPS.f90:"      PARAMETER(      CANG = 1.0D-10) "
	get_parameters: got "eval() arg 1 must be a string, bytes or code object" on 4
Line #1987 in GeH5_LEPS.f90:"      PARAMETER( CAVOGADRO = 6.02214199D23) "
	get_parameters: got "eval() arg 1 must be a string, bytes or code object" on 4
Line #1987 in GeH5_LEPS.f90:"      PARAMETER( CAVOGADRO = 6.02214199D23) "
	get_parameters: got "eval() arg 1 must be a string, bytes or code object" on 4
Line #1987 in GeH5_LEPS.f90:"      PARAMETER( CAVOGADRO = 6.02214199D23) "
	get_parameters: got "eval() arg 1 must be a string, bytes or code object" on 4
Line #1987 in GeH5_LEPS.f90:"      PARAMETER( CAVOGADRO = 6.02214199D23) "
	get_parameters: got "eval() arg 1 must be a string, bytes or code object" on 4
Line #1987 in GeH5_LEPS.f90:"      PARAMETER( CAVOGADRO = 6.02214199D23) "
	get_parameters: got "eval() arg 1 must be a string, bytes or code object" on 4
Line #1987 in GeH5_LEPS.f90:"      PARAMETER( CAVOGADRO = 6.02214199D23) "
	get_parameters: got "eval() arg 1 must be a string, bytes or code object" on 4
Line #1987 in GeH5_LEPS.f90:"      PARAMETER( CAVOGADRO = 6.02214199D23) "
	get_parameters: got "eval() arg 1 must be a string, bytes or code object" on 4
Line #1988 in GeH5_LEPS.f90:"      PARAMETER(     CKCAL = 4.184D10) "
	get_parameters: got "eval() arg 1 must be a string, bytes or code object" on 4
Line #1988 in GeH5_LEPS.f90:"      PARAMETER(     CKCAL = 4.184D10) "
	get_parameters: got "eval() arg 1 must be a string, bytes or code object" on 4
Line #1988 in GeH5_LEPS.f90:"      PARAMETER(     CKCAL = 4.184D10) "
	get_parameters: got "eval() arg 1 must be a string, bytes or code object" on 4
Line #1988 in GeH5_LEPS.f90:"      PARAMETER(     CKCAL = 4.184D10) "
	get_parameters: got "eval() arg 1 must be a string, bytes or code object" on 4
Line #1988 in GeH5_LEPS.f90:"      PARAMETER(     CKCAL = 4.184D10) "
	get_parameters: got "eval() arg 1 must be a string, bytes or code object" on 4
Line #1988 in GeH5_LEPS.f90:"      PARAMETER(     CKCAL = 4.184D10) "
	get_parameters: got "eval() arg 1 must be a string, bytes or code object" on 4
Line #1988 in GeH5_LEPS.f90:"      PARAMETER(     CKCAL = 4.184D10) "
	get_parameters: got "eval() arg 1 must be a string, bytes or code object" on 4
Line #1988 in GeH5_LEPS.f90:"      PARAMETER(     CKCAL = 4.184D10) "
	get_parameters: got "eval() arg 1 must be a string, bytes or code object" on 4
Line #1989 in GeH5_LEPS.f90:"      PARAMETER(  HTOMILLH = 1000.D0) "
	get_parameters: got "eval() arg 1 must be a string, bytes or code object" on 4
Line #1989 in GeH5_LEPS.f90:"      PARAMETER(  HTOMILLH = 1000.D0) "
	get_parameters: got "eval() arg 1 must be a string, bytes or code object" on 4
Line #1989 in GeH5_LEPS.f90:"      PARAMETER(  HTOMILLH = 1000.D0) "
	get_parameters: got "eval() arg 1 must be a string, bytes or code object" on 4
Line #1989 in GeH5_LEPS.f90:"      PARAMETER(  HTOMILLH = 1000.D0) "
	get_parameters: got "eval() arg 1 must be a string, bytes or code object" on 4
Line #1989 in GeH5_LEPS.f90:"      PARAMETER(  HTOMILLH = 1000.D0) "
	get_parameters: got "eval() arg 1 must be a string, bytes or code object" on 4
Line #1989 in GeH5_LEPS.f90:"      PARAMETER(  HTOMILLH = 1000.D0) "
	get_parameters: got "eval() arg 1 must be a string, bytes or code object" on 4
Line #1989 in GeH5_LEPS.f90:"      PARAMETER(  HTOMILLH = 1000.D0) "
	get_parameters: got "eval() arg 1 must be a string, bytes or code object" on 4
Line #1989 in GeH5_LEPS.f90:"      PARAMETER(  HTOMILLH = 1000.D0) "
	get_parameters: got "eval() arg 1 must be a string, bytes or code object" on 4
Line #1989 in GeH5_LEPS.f90:"      PARAMETER(  HTOMILLH = 1000.D0) "
	get_parameters: got "eval() arg 1 must be a string, bytes or code object" on 4
Line #1990 in GeH5_LEPS.f90:"      PARAMETER(     HTOEV = 27.2113834D0) "
	get_parameters: got "eval() arg 1 must be a string, bytes or code object" on 4
Line #1990 in GeH5_LEPS.f90:"      PARAMETER(     HTOEV = 27.2113834D0) "
	get_parameters: got "eval() arg 1 must be a string, bytes or code object" on 4
Line #1990 in GeH5_LEPS.f90:"      PARAMETER(     HTOEV = 27.2113834D0) "
	get_parameters: got "eval() arg 1 must be a string, bytes or code object" on 4
Line #1990 in GeH5_LEPS.f90:"      PARAMETER(     HTOEV = 27.2113834D0) "
	get_parameters: got "eval() arg 1 must be a string, bytes or code object" on 4
Line #1990 in GeH5_LEPS.f90:"      PARAMETER(     HTOEV = 27.2113834D0) "
	get_parameters: got "eval() arg 1 must be a string, bytes or code object" on 4
Line #1990 in GeH5_LEPS.f90:"      PARAMETER(     HTOEV = 27.2113834D0) "
	get_parameters: got "eval() arg 1 must be a string, bytes or code object" on 4
Line #1990 in GeH5_LEPS.f90:"      PARAMETER(     HTOEV = 27.2113834D0) "
	get_parameters: got "eval() arg 1 must be a string, bytes or code object" on 4
Line #1990 in GeH5_LEPS.f90:"      PARAMETER(     HTOEV = 27.2113834D0) "
	get_parameters: got "eval() arg 1 must be a string, bytes or code object" on 4
Line #1990 in GeH5_LEPS.f90:"      PARAMETER(     HTOEV = 27.2113834D0) "
	get_parameters: got "eval() arg 1 must be a string, bytes or code object" on 4
Line #1990 in GeH5_LEPS.f90:"      PARAMETER(     HTOEV = 27.2113834D0) "
	get_parameters: got "eval() arg 1 must be a string, bytes or code object" on 4
Line #1991 in GeH5_LEPS.f90:"      PARAMETER(   HTOKCAL = 627.509470D0) "
	get_parameters: got "eval() arg 1 must be a string, bytes or code object" on 4
Line #1991 in GeH5_LEPS.f90:"      PARAMETER(   HTOKCAL = 627.509470D0) "
	get_parameters: got "eval() arg 1 must be a string, bytes or code object" on 4
Line #1991 in GeH5_LEPS.f90:"      PARAMETER(   HTOKCAL = 627.509470D0) "
	get_parameters: got "eval() arg 1 must be a string, bytes or code object" on 4
Line #1991 in GeH5_LEPS.f90:"      PARAMETER(   HTOKCAL = 627.509470D0) "
	get_parameters: got "eval() arg 1 must be a string, bytes or code object" on 4
Line #1991 in GeH5_LEPS.f90:"      PARAMETER(   HTOKCAL = 627.509470D0) "
	get_parameters: got "eval() arg 1 must be a string, bytes or code object" on 4
getstrlength: expected a signature of a string but got: {'typespec': 'character', 'charselector': {'*': '75'}, 'attrspec': [], 'dimension': ['5']}
Line #1991 in GeH5_LEPS.f90:"      PARAMETER(   HTOKCAL = 627.509470D0) "
	get_parameters: got "eval() arg 1 must be a string, bytes or code object" on 4
Line #1991 in GeH5_LEPS.f90:"      PARAMETER(   HTOKCAL = 627.509470D0) "
	get_parameters: got "eval() arg 1 must be a string, bytes or code object" on 4
Line #1991 in GeH5_LEPS.f90:"      PARAMETER(   HTOKCAL = 627.509470D0) "
	get_parameters: got "eval() arg 1 must be a string, bytes or code object" on 4
Line #1991 in GeH5_LEPS.f90:"      PARAMETER(   HTOKCAL = 627.509470D0) "
	get_parameters: got "eval() arg 1 must be a string, bytes or code object" on 4
Line #1991 in GeH5_LEPS.f90:"      PARAMETER(   HTOKCAL = 627.509470D0) "
	get_parameters: got "eval() arg 1 must be a string, bytes or code object" on 4
Line #1991 in GeH5_LEPS.f90:"      PARAMETER(   HTOKCAL = 627.509470D0) "
	get_parameters: got "eval() arg 1 must be a string, bytes or code object" on 4
Line #1992 in GeH5_LEPS.f90:"      PARAMETER(   HTOWAVE = 219474.631D0) "
	get_parameters: got "eval() arg 1 must be a string, bytes or code object" on 4
Line #1992 in GeH5_LEPS.f90:"      PARAMETER(   HTOWAVE = 219474.631D0) "
	get_parameters: got "eval() arg 1 must be a string, bytes or code object" on 4
Line #1992 in GeH5_LEPS.f90:"      PARAMETER(   HTOWAVE = 219474.631D0) "
	get_parameters: got "eval() arg 1 must be a string, bytes or code object" on 4
Line #1992 in GeH5_LEPS.f90:"      PARAMETER(   HTOWAVE = 219474.631D0) "
	get_parameters: got "eval() arg 1 must be a string, bytes or code object" on 4
Line #1992 in GeH5_LEPS.f90:"      PARAMETER(   HTOWAVE = 219474.631D0) "
	get_parameters: got "eval() arg 1 must be a string, bytes or code object" on 4
Line #1992 in GeH5_LEPS.f90:"      PARAMETER(   HTOWAVE = 219474.631D0) "
	get_parameters: got "eval() arg 1 must be a string, bytes or code object" on 4
Line #1992 in GeH5_LEPS.f90:"      PARAMETER(   HTOWAVE = 219474.631D0) "
	get_parameters: got "eval() arg 1 must be a string, bytes or code object" on 4
Line #1992 in GeH5_LEPS.f90:"      PARAMETER(   HTOWAVE = 219474.631D0) "
	get_parameters: got "eval() arg 1 must be a string, bytes or code object" on 4
Line #1992 in GeH5_LEPS.f90:"      PARAMETER(   HTOWAVE = 219474.631D0) "
	get_parameters: got "eval() arg 1 must be a string, bytes or code object" on 4
Line #1992 in GeH5_LEPS.f90:"      PARAMETER(   HTOWAVE = 219474.631D0) "
	get_parameters: got "eval() arg 1 must be a string, bytes or code object" on 4
Line #1992 in GeH5_LEPS.f90:"      PARAMETER(   HTOWAVE = 219474.631D0) "
	get_parameters: got "eval() arg 1 must be a string, bytes or code object" on 4
Line #1992 in GeH5_LEPS.f90:"      PARAMETER(   HTOWAVE = 219474.631D0) "
	get_parameters: got "eval() arg 1 must be a string, bytes or code object" on 4
Line #1993 in GeH5_LEPS.f90:"      PARAMETER(     HTOKJ = 2625.49962D0) "
	get_parameters: got "eval() arg 1 must be a string, bytes or code object" on 4
Line #1993 in GeH5_LEPS.f90:"      PARAMETER(     HTOKJ = 2625.49962D0) "
	get_parameters: got "eval() arg 1 must be a string, bytes or code object" on 4
Line #1993 in GeH5_LEPS.f90:"      PARAMETER(     HTOKJ = 2625.49962D0) "
	get_parameters: got "eval() arg 1 must be a string, bytes or code object" on 4
Line #1993 in GeH5_LEPS.f90:"      PARAMETER(     HTOKJ = 2625.49962D0) "
	get_parameters: got "eval() arg 1 must be a string, bytes or code object" on 4
Line #1993 in GeH5_LEPS.f90:"      PARAMETER(     HTOKJ = 2625.49962D0) "
	get_parameters: got "eval() arg 1 must be a string, bytes or code object" on 4
Line #1993 in GeH5_LEPS.f90:"      PARAMETER(     HTOKJ = 2625.49962D0) "
	get_parameters: got "eval() arg 1 must be a string, bytes or code object" on 4
Line #1993 in GeH5_LEPS.f90:"      PARAMETER(     HTOKJ = 2625.49962D0) "
	get_parameters: got "eval() arg 1 must be a string, bytes or code object" on 4
Line #1993 in GeH5_LEPS.f90:"      PARAMETER(     HTOKJ = 2625.49962D0) "
	get_parameters: got "eval() arg 1 must be a string, bytes or code object" on 4
Line #1993 in GeH5_LEPS.f90:"      PARAMETER(     HTOKJ = 2625.49962D0) "
	get_parameters: got "eval() arg 1 must be a string, bytes or code object" on 4
Line #1993 in GeH5_LEPS.f90:"      PARAMETER(     HTOKJ = 2625.49962D0) "
	get_parameters: got "eval() arg 1 must be a string, bytes or code object" on 4
Line #1993 in GeH5_LEPS.f90:"      PARAMETER(     HTOKJ = 2625.49962D0) "
	get_parameters: got "eval() arg 1 must be a string, bytes or code object" on 4
Line #1993 in GeH5_LEPS.f90:"      PARAMETER(     HTOKJ = 2625.49962D0) "
	get_parameters: got "eval() arg 1 must be a string, bytes or code object" on 4
Line #1993 in GeH5_LEPS.f90:"      PARAMETER(     HTOKJ = 2625.49962D0) "
	get_parameters: got "eval() arg 1 must be a string, bytes or code object" on 4
Line #1994 in GeH5_LEPS.f90:"      PARAMETER(    BOHR_A = .5291772083D0) "
	get_parameters: got "eval() arg 1 must be a string, bytes or code object" on 4
Line #1994 in GeH5_LEPS.f90:"      PARAMETER(    BOHR_A = .5291772083D0) "
	get_parameters: got "eval() arg 1 must be a string, bytes or code object" on 4
Line #1994 in GeH5_LEPS.f90:"      PARAMETER(    BOHR_A = .5291772083D0) "
	get_parameters: got "eval() arg 1 must be a string, bytes or code object" on 4
Line #1994 in GeH5_LEPS.f90:"      PARAMETER(    BOHR_A = .5291772083D0) "
	get_parameters: got "eval() arg 1 must be a string, bytes or code object" on 4
Line #1994 in GeH5_LEPS.f90:"      PARAMETER(    BOHR_A = .5291772083D0) "
	get_parameters: got "eval() arg 1 must be a string, bytes or code object" on 4
Line #1994 in GeH5_LEPS.f90:"      PARAMETER(    BOHR_A = .5291772083D0) "
	get_parameters: got "eval() arg 1 must be a string, bytes or code object" on 4
Line #1994 in GeH5_LEPS.f90:"      PARAMETER(    BOHR_A = .5291772083D0) "
	get_parameters: got "eval() arg 1 must be a string, bytes or code object" on 4
Line #1994 in GeH5_LEPS.f90:"      PARAMETER(    BOHR_A = .5291772083D0) "
	get_parameters: got "eval() arg 1 must be a string, bytes or code object" on 4
Line #1994 in GeH5_LEPS.f90:"      PARAMETER(    BOHR_A = .5291772083D0) "
	get_parameters: got "eval() arg 1 must be a string, bytes or code object" on 4
Line #1994 in GeH5_LEPS.f90:"      PARAMETER(    BOHR_A = .5291772083D0) "
	get_parameters: got "eval() arg 1 must be a string, bytes or code object" on 4
Line #1994 in GeH5_LEPS.f90:"      PARAMETER(    BOHR_A = .5291772083D0) "
	get_parameters: got "eval() arg 1 must be a string, bytes or code object" on 4
Line #1994 in GeH5_LEPS.f90:"      PARAMETER(    BOHR_A = .5291772083D0) "
	get_parameters: got "eval() arg 1 must be a string, bytes or code object" on 4
Line #1994 in GeH5_LEPS.f90:"      PARAMETER(    BOHR_A = .5291772083D0) "
	get_parameters: got "eval() arg 1 must be a string, bytes or code object" on 4
Line #1994 in GeH5_LEPS.f90:"      PARAMETER(    BOHR_A = .5291772083D0) "
	get_parameters: got "eval() arg 1 must be a string, bytes or code object" on 4
Post-processing...
	Block: GeH5_LEPS
			Block: pes
			Block: pot
In: :GeH5_LEPS:GeH5_LEPS.f90:pot
get_parameters: got "eval() arg 1 must be a string, bytes or code object" on 4
In: :GeH5_LEPS:GeH5_LEPS.f90:pot
get_parameters: got "eval() arg 1 must be a string, bytes or code object" on 4
			Block: coorden
In: :GeH5_LEPS:GeH5_LEPS.f90:coorden
get_parameters: got "eval() arg 1 must be a string, bytes or code object" on 4
In: :GeH5_LEPS:GeH5_LEPS.f90:coorden
get_parameters: got "eval() arg 1 must be a string, bytes or code object" on 4
			Block: refangles
In: :GeH5_LEPS:GeH5_LEPS.f90:refangles
get_parameters: got "eval() arg 1 must be a string, bytes or code object" on 4
In: :GeH5_LEPS:GeH5_LEPS.f90:refangles
get_parameters: got "eval() arg 1 must be a string, bytes or code object" on 4
{}
In: :GeH5_LEPS:GeH5_LEPS.f90:stretch
vars2fortran: No typespec for argument "vstr".
			Block: stretch
In: :GeH5_LEPS:GeH5_LEPS.f90:stretch
get_parameters: got "eval() arg 1 must be a string, bytes or code object" on 4
In: :GeH5_LEPS:GeH5_LEPS.f90:stretch
get_parameters: got "eval() arg 1 must be a string, bytes or code object" on 4
{}
In: :GeH5_LEPS:GeH5_LEPS.f90:opbend
vars2fortran: No typespec for argument "vop".
			Block: opbend
In: :GeH5_LEPS:GeH5_LEPS.f90:opbend
get_parameters: got "eval() arg 1 must be a string, bytes or code object" on 4
In: :GeH5_LEPS:GeH5_LEPS.f90:opbend
get_parameters: got "eval() arg 1 must be a string, bytes or code object" on 4
{}
In: :GeH5_LEPS:GeH5_LEPS.f90:ipbend
vars2fortran: No typespec for argument "vip".
			Block: ipbend
In: :GeH5_LEPS:GeH5_LEPS.f90:ipbend
get_parameters: got "eval() arg 1 must be a string, bytes or code object" on 4
In: :GeH5_LEPS:GeH5_LEPS.f90:ipbend
get_parameters: got "eval() arg 1 must be a string, bytes or code object" on 4
{}
In: :GeH5_LEPS:GeH5_LEPS.f90:calcdelta
vars2fortran: No typespec for argument "i".
{}
In: :GeH5_LEPS:GeH5_LEPS.f90:calcdelta
vars2fortran: No typespec for argument "j".
{}
In: :GeH5_LEPS:GeH5_LEPS.f90:calcdelta
vars2fortran: No typespec for argument "k".
{}
In: :GeH5_LEPS:GeH5_LEPS.f90:calcdelta
vars2fortran: No typespec for argument "l".
{}
In: :GeH5_LEPS:GeH5_LEPS.f90:calcdelta
vars2fortran: No typespec for argument "sum2".
{}
In: :GeH5_LEPS:GeH5_LEPS.f90:calcdelta
vars2fortran: No typespec for argument "sum4".
			Block: calcdelta
In: :GeH5_LEPS:GeH5_LEPS.f90:calcdelta
get_parameters: got "eval() arg 1 must be a string, bytes or code object" on 4
In: :GeH5_LEPS:GeH5_LEPS.f90:calcdelta
get_parameters: got "eval() arg 1 must be a string, bytes or code object" on 4
			Block: opforce
In: :GeH5_LEPS:GeH5_LEPS.f90:opforce
get_parameters: got "eval() arg 1 must be a string, bytes or code object" on 4
In: :GeH5_LEPS:GeH5_LEPS.f90:opforce
get_parameters: got "eval() arg 1 must be a string, bytes or code object" on 4
			Block: ipforce
In: :GeH5_LEPS:GeH5_LEPS.f90:ipforce
get_parameters: got "eval() arg 1 must be a string, bytes or code object" on 4
In: :GeH5_LEPS:GeH5_LEPS.f90:ipforce
get_parameters: got "eval() arg 1 must be a string, bytes or code object" on 4
			Block: switchf
In: :GeH5_LEPS:GeH5_LEPS.f90:switchf
get_parameters: got "eval() arg 1 must be a string, bytes or code object" on 4
In: :GeH5_LEPS:GeH5_LEPS.f90:switchf
get_parameters: got "eval() arg 1 must be a string, bytes or code object" on 4
			Block: prepot
In: :GeH5_LEPS:GeH5_LEPS.f90:prepot
get_parameters: got "eval() arg 1 must be a string, bytes or code object" on 4
In: :GeH5_LEPS:GeH5_LEPS.f90:prepot
get_parameters: got "eval() arg 1 must be a string, bytes or code object" on 4
			Block: ptpacm
In: :GeH5_LEPS:GeH5_LEPS.f90:ptpacm
get_parameters: got "eval() arg 1 must be a string, bytes or code object" on 4
In: :GeH5_LEPS:GeH5_LEPS.f90:ptpacm
get_parameters: got "eval() arg 1 must be a string, bytes or code object" on 4
			Block: potinfo
In: :GeH5_LEPS:GeH5_LEPS.f90:potinfo
get_parameters: got "eval() arg 1 must be a string, bytes or code object" on 4
In: :GeH5_LEPS:GeH5_LEPS.f90:potinfo
get_parameters: got "eval() arg 1 must be a string, bytes or code object" on 4
			Block: ancvrt
In: :GeH5_LEPS:GeH5_LEPS.f90:ancvrt
get_parameters: got "eval() arg 1 must be a string, bytes or code object" on 4
In: :GeH5_LEPS:GeH5_LEPS.f90:ancvrt
get_parameters: got "eval() arg 1 must be a string, bytes or code object" on 4
In: :GeH5_LEPS:GeH5_LEPS.f90:ancvrt
get_parameters: got "eval() arg 1 must be a string, bytes or code object" on 4
In: :GeH5_LEPS:GeH5_LEPS.f90:ancvrt
get_parameters: got "eval() arg 1 must be a string, bytes or code object" on 4
In: :GeH5_LEPS:GeH5_LEPS.f90:ancvrt
get_parameters: got "eval() arg 1 must be a string, bytes or code object" on 4
In: :GeH5_LEPS:GeH5_LEPS.f90:ancvrt
get_parameters: got "eval() arg 1 must be a string, bytes or code object" on 4
In: :GeH5_LEPS:GeH5_LEPS.f90:ancvrt
get_parameters: got "eval() arg 1 must be a string, bytes or code object" on 4
In: :GeH5_LEPS:GeH5_LEPS.f90:ancvrt
get_parameters: got "eval() arg 1 must be a string, bytes or code object" on 4
In: :GeH5_LEPS:GeH5_LEPS.f90:ancvrt
get_parameters: got "eval() arg 1 must be a string, bytes or code object" on 4
In: :GeH5_LEPS:GeH5_LEPS.f90:ancvrt
get_parameters: got "eval() arg 1 must be a string, bytes or code object" on 4
In: :GeH5_LEPS:GeH5_LEPS.f90:ancvrt
get_parameters: got "eval() arg 1 must be a string, bytes or code object" on 4
In: :GeH5_LEPS:GeH5_LEPS.f90:ancvrt
get_parameters: got "eval() arg 1 must be a string, bytes or code object" on 4
In: :GeH5_LEPS:GeH5_LEPS.f90:ancvrt
get_parameters: got "eval() arg 1 must be a string, bytes or code object" on 4
In: :GeH5_LEPS:GeH5_LEPS.f90:ancvrt
get_parameters: got "eval() arg 1 must be a string, bytes or code object" on 4
In: :GeH5_LEPS:GeH5_LEPS.f90:ancvrt
get_parameters: got "eval() arg 1 must be a string, bytes or code object" on 4
			Block: cartou
In: :GeH5_LEPS:GeH5_LEPS.f90:cartou
get_parameters: got "eval() arg 1 must be a string, bytes or code object" on 4
			Block: carttor
			Block: eunitzero
In: :GeH5_LEPS:GeH5_LEPS.f90:eunitzero
get_parameters: got "eval() arg 1 must be a string, bytes or code object" on 4
			Block: rtocart
In: :GeH5_LEPS:GeH5_LEPS.f90:rtocart
get_parameters: got "eval() arg 1 must be a string, bytes or code object" on 4
			Block: dedcou
In: :GeH5_LEPS:GeH5_LEPS.f90:dedcou
get_parameters: got "eval() arg 1 must be a string, bytes or code object" on 4
Applying post-processing hooks...
  character_backward_compatibility_hook
Post-processing (stage 2)...
Building modules...
    Building module "GeH5_LEPS"...
    Generating possibly empty wrappers"
    Maybe empty "GeH5_LEPS-f2pywrappers.f"
        Constructing wrapper function "pes"...
          p,g,d = pes(x,igrad)
    Generating possibly empty wrappers"
    Maybe empty "GeH5_LEPS-f2pywrappers.f"
        Constructing wrapper function "pot"...
          pot()
    Generating possibly empty wrappers"
    Maybe empty "GeH5_LEPS-f2pywrappers.f"
        Constructing wrapper function "coorden"...
          coorden()
    Generating possibly empty wrappers"
    Maybe empty "GeH5_LEPS-f2pywrappers.f"
        Constructing wrapper function "refangles"...
          refangles()
    Generating possibly empty wrappers"
    Maybe empty "GeH5_LEPS-f2pywrappers.f"
        Constructing wrapper function "stretch"...
          stretch(vstr)
    Generating possibly empty wrappers"
    Maybe empty "GeH5_LEPS-f2pywrappers.f"
        Constructing wrapper function "opbend"...
          opbend(vop)
    Generating possibly empty wrappers"
    Maybe empty "GeH5_LEPS-f2pywrappers.f"
        Constructing wrapper function "ipbend"...
          ipbend(vip)
    Generating possibly empty wrappers"
    Maybe empty "GeH5_LEPS-f2pywrappers.f"
        Constructing wrapper function "calcdelta"...
          calcdelta(i,j,k,l,sum2,sum4)
    Generating possibly empty wrappers"
    Maybe empty "GeH5_LEPS-f2pywrappers.f"
        Constructing wrapper function "opforce"...
          opforce()
    Generating possibly empty wrappers"
    Maybe empty "GeH5_LEPS-f2pywrappers.f"
        Constructing wrapper function "ipforce"...
          ipforce()
    Generating possibly empty wrappers"
    Maybe empty "GeH5_LEPS-f2pywrappers.f"
        Constructing wrapper function "switchf"...
          switchf()
    Generating possibly empty wrappers"
    Maybe empty "GeH5_LEPS-f2pywrappers.f"
        Constructing wrapper function "prepot"...
          prepot()
    Generating possibly empty wrappers"
    Maybe empty "GeH5_LEPS-f2pywrappers.f"
        Constructing wrapper function "potinfo"...
          potinfo()
    Generating possibly empty wrappers"
    Maybe empty "GeH5_LEPS-f2pywrappers.f"
        Constructing wrapper function "ancvrt"...
          ancvrt()
    Generating possibly empty wrappers"
    Maybe empty "GeH5_LEPS-f2pywrappers.f"
        Constructing wrapper function "cartou"...
          cartou()
    Generating possibly empty wrappers"
    Maybe empty "GeH5_LEPS-f2pywrappers.f"
        Constructing wrapper function "carttor"...
          carttor()
    Generating possibly empty wrappers"
    Maybe empty "GeH5_LEPS-f2pywrappers.f"
        Constructing wrapper function "eunitzero"...
          eunitzero()
    Generating possibly empty wrappers"
    Maybe empty "GeH5_LEPS-f2pywrappers.f"
        Constructing wrapper function "rtocart"...
          rtocart()
    Generating possibly empty wrappers"
    Maybe empty "GeH5_LEPS-f2pywrappers.f"
        Constructing wrapper function "dedcou"...
          dedcou()
		Constructing COMMON block support for "usrocm"...
		  pengygs,pengyes,pengyij,dgscart,descart,dijcart
		Constructing COMMON block support for "usricm"...
		  cart,anuzero,nulbl,nflag,nasurf,nder
		Constructing COMMON block support for "pt1cm"...
		  r,engygs,degsdr
		Constructing COMMON block support for "pt3cm"...
		  ezero
		Constructing COMMON block support for "pt4cm"...
		  engyes,deesdr
		Constructing COMMON block support for "pt5cm"...
		  engyij,deijdr
		Constructing COMMON block support for "infocm"...
		  cartnu,indexes,irctnt,natoms,icartr,mder,msurf,ref
		Constructing COMMON block support for "potcm"...
		  nnc,nnb,nnh,r0ch,d1ch,d3ch,a1ch,b1ch,c1ch,r0hh,d1hh,d3hh,ahh,r0cb,d1cb,d3cb,acb,a3s,b3s,aphi,bphi,cphi,atheta,btheta,ctheta,fch3,hch3,fkinf,ak,bk,aa1,aa2,aa3,aa4
		Constructing COMMON block support for "angles"...
		  theta0,dtheta0
		Constructing COMMON block support for "bonds"...
		  rcb,rch,rbh
		Constructing COMMON block support for "coords"...
		  tcb,tch,tbh
		Constructing COMMON block support for "delta1"...
		  fdelta,hdelta
		Constructing COMMON block support for "delta2"...
		  dfdelta,dhdelta
		Constructing COMMON block support for "force1"...
		  fk0,f1,dfdc,dfdh
		Constructing COMMON block support for "fsw1"...
		  a1s,b1s,a2s,b2s
		Constructing COMMON block support for "ip1"...
		  s1,ds1,s2,ds2
		Constructing COMMON block support for "ndx"...
		  nc,nhb,nh
		Constructing COMMON block support for "op1"...
		  s3,ds3
		Constructing COMMON block support for "qpdot_pl"...
		  q,pdot
		Constructing COMMON block support for "switch1"...
		  sphi,dsphi,stheta,dstheta
		Constructing COMMON block support for "utilcm"...
		  dgscartnu,descartnu,dijcartnu,cnvrtd,cnvrte,cnvrtde,ireorder,ksdiag,kediag,ksoffd,keoffd
    Wrote C/API module "GeH5_LEPS" to file "/tmp/tmpqk95rogb/src.linux-x86_64-3.11/GeH5_LEPSmodule.c"
    Fortran 77 wrappers are saved to "/tmp/tmpqk95rogb/src.linux-x86_64-3.11/GeH5_LEPS-f2pywrappers.f"
INFO:   adding '/tmp/tmpqk95rogb/src.linux-x86_64-3.11/fortranobject.c' to sources.
INFO:   adding '/tmp/tmpqk95rogb/src.linux-x86_64-3.11' to include_dirs.
copying /home/truhlard/shuxx055/anaconda3/lib/python3.11/site-packages/numpy/f2py/src/fortranobject.c -> /tmp/tmpqk95rogb/src.linux-x86_64-3.11
copying /home/truhlard/shuxx055/anaconda3/lib/python3.11/site-packages/numpy/f2py/src/fortranobject.h -> /tmp/tmpqk95rogb/src.linux-x86_64-3.11
INFO:   adding '/tmp/tmpqk95rogb/src.linux-x86_64-3.11/GeH5_LEPS-f2pywrappers.f' to sources.
INFO: build_src: building npy-pkg config files
/home/truhlard/shuxx055/anaconda3/lib/python3.11/site-packages/setuptools/_distutils/cmd.py:66: SetuptoolsDeprecationWarning: setup.py install is deprecated.
!!

        ********************************************************************************
        Please avoid running ``setup.py`` directly.
        Instead, use pypa/build, pypa/installer, pypa/build or
        other standards-based tools.

        See https://blog.ganssle.io/articles/2021/10/setup-py-deprecated.html for details.
        ********************************************************************************

!!
  self.initialize_options()
running build_ext
INFO: customize UnixCCompiler
INFO: customize UnixCCompiler using build_ext
INFO: get_default_fcompiler: matching types: '['arm', 'gnu95', 'intel', 'lahey', 'pg', 'nv', 'absoft', 'nag', 'vast', 'compaq', 'intele', 'intelem', 'gnu', 'g95', 'pathf95', 'nagfor', 'fujitsu']'
INFO: customize ArmFlangCompiler
WARN: Could not locate executable armflang
INFO: customize Gnu95FCompiler
INFO: Found executable /home/truhlard/shuxx055/anaconda3/bin/gfortran
INFO: customize Gnu95FCompiler
INFO: customize Gnu95FCompiler using build_ext
INFO: building 'GeH5_LEPS' extension
INFO: compiling C sources
INFO: C compiler: gcc -pthread -B /home/truhlard/shuxx055/anaconda3/compiler_compat -DNDEBUG -fwrapv -O2 -Wall -fPIC -O2 -isystem /home/truhlard/shuxx055/anaconda3/include -fPIC -O2 -isystem /home/truhlard/shuxx055/anaconda3/include -fPIC

creating /tmp/tmpqk95rogb/tmp
creating /tmp/tmpqk95rogb/tmp/tmpqk95rogb
creating /tmp/tmpqk95rogb/tmp/tmpqk95rogb/src.linux-x86_64-3.11
INFO: compile options: '-DNPY_DISABLE_OPTIMIZATION=1 -I/tmp/tmpqk95rogb/src.linux-x86_64-3.11 -I/home/truhlard/shuxx055/anaconda3/lib/python3.11/site-packages/numpy/core/include -I/home/truhlard/shuxx055/anaconda3/include/python3.11 -c'
INFO: gcc: /tmp/tmpqk95rogb/src.linux-x86_64-3.11/fortranobject.c
INFO: gcc: /tmp/tmpqk95rogb/src.linux-x86_64-3.11/GeH5_LEPSmodule.c
INFO: compiling Fortran sources
INFO: Fortran f77 compiler: /home/truhlard/shuxx055/anaconda3/bin/gfortran -Wall -g -ffixed-form -fno-second-underscore -fPIC -O3 -funroll-loops
Fortran f90 compiler: /home/truhlard/shuxx055/anaconda3/bin/gfortran -fallow-argument-mismatch -std=legacy -fPIC -O3 -funroll-loops
Fortran fix compiler: /home/truhlard/shuxx055/anaconda3/bin/gfortran -Wall -g -ffixed-form -fno-second-underscore -fallow-argument-mismatch -std=legacy -fPIC -O3 -funroll-loops
INFO: compile options: '-I/tmp/tmpqk95rogb/src.linux-x86_64-3.11 -I/home/truhlard/shuxx055/anaconda3/lib/python3.11/site-packages/numpy/core/include -I/home/truhlard/shuxx055/anaconda3/include/python3.11 -c'
INFO: gfortran:fix: GeH5_LEPS.f90
GeH5_LEPS.f90:2362:5:

 2362 |  2001 FORMAT(6F12.8)
      |     1
Warning: Label 2001 at (1) defined but not used [-Wunused-label]
GeH5_LEPS.f90:2380:25:

 2380 |       CHARACTER*75 REF(5)
      |                         1
Warning: Unused variable 'ref' declared at (1) [-Wunused-variable]
GeH5_LEPS.f90:2490:72:

 2490 |                   Y = DEESDR(M1,J1)
      |                                                                        ^
Warning: 'j1' may be used uninitialized [-Wmaybe-uninitialized]
GeH5_LEPS.f90:2461:20:

 2461 |                DO J1=KSDIAG,KEDIAG
      |                    ^
note: 'j1' was declared here
INFO: gfortran:f77: /tmp/tmpqk95rogb/src.linux-x86_64-3.11/GeH5_LEPS-f2pywrappers.f
INFO: /home/truhlard/shuxx055/anaconda3/bin/gfortran -Wall -g -Wall -g -shared /tmp/tmpqk95rogb/tmp/tmpqk95rogb/src.linux-x86_64-3.11/GeH5_LEPSmodule.o /tmp/tmpqk95rogb/tmp/tmpqk95rogb/src.linux-x86_64-3.11/fortranobject.o /tmp/tmpqk95rogb/GeH5_LEPS.o /tmp/tmpqk95rogb/tmp/tmpqk95rogb/src.linux-x86_64-3.11/GeH5_LEPS-f2pywrappers.o -L/panfs/jay/groups/16/truhlard/shuxx055/anaconda3/bin/../lib/gcc/x86_64-conda-linux-gnu/13.1.0/../../../../x86_64-conda-linux-gnu/lib/../lib -L/panfs/jay/groups/16/truhlard/shuxx055/anaconda3/bin/../lib/gcc/x86_64-conda-linux-gnu/13.1.0/../../../../x86_64-conda-linux-gnu/lib/../lib -lmkl_intel_lp64 -lmkl_sequential -lmkl_core -lgfortran -o ./GeH5_LEPS.cpython-311-x86_64-linux-gnu.so
Removing build directory /tmp/tmpqk95rogb
