running build
running config_cc
INFO: unifing config_cc, config, build_clib, build_ext, build commands --compiler options
running config_fc
INFO: unifing config_fc, config, build_clib, build_ext, build commands --fcompiler options
running build_src
INFO: build_src
INFO: building extension "Aln_reGol" sources
INFO: f2py options: []
INFO: f2py:> /tmp/tmph7253nkg/src.linux-x86_64-3.11/Aln_reGolmodule.c
creating /tmp/tmph7253nkg/src.linux-x86_64-3.11
Reading fortran codes...
	Reading file 'Aln_reGol.f' (format:fix,strict)
Line #73 in Aln_reGol.f:"      parameter(autoang=0.529177249d0)"
	get_parameters: got "eval() arg 1 must be a string, bytes or code object" on 4
Post-processing...
	Block: Aln_reGol
			Block: pes
{'attrspec': ['dimension(maxatom)']}
In: :Aln_reGol:Aln_reGol.f:pot
vars2fortran: No typespec for argument "x".
{'attrspec': ['dimension(maxatom)']}
In: :Aln_reGol:Aln_reGol.f:pot
vars2fortran: No typespec for argument "y".
{'attrspec': ['dimension(maxatom)']}
In: :Aln_reGol:Aln_reGol.f:pot
vars2fortran: No typespec for argument "z".
{}
In: :Aln_reGol:Aln_reGol.f:pot
vars2fortran: No typespec for argument "v".
{}
In: :Aln_reGol:Aln_reGol.f:pot
vars2fortran: No typespec for argument "natom".
{}
In: :Aln_reGol:Aln_reGol.f:pot
vars2fortran: No typespec for argument "maxatom".
			Block: pot
In: :Aln_reGol:Aln_reGol.f:pot
get_parameters: got "eval() arg 1 must be a string, bytes or code object" on 4
In: :Aln_reGol:Aln_reGol.f:pot
get_parameters: got "eval() arg 1 must be a string, bytes or code object" on 4
Applying post-processing hooks...
  character_backward_compatibility_hook
Post-processing (stage 2)...
Building modules...
    Building module "Aln_reGol"...
    Generating possibly empty wrappers"
    Maybe empty "Aln_reGol-f2pywrappers.f"
        Constructing wrapper function "pes"...
          p,g,d = pes(xyz,natoms,igrad)
    Generating possibly empty wrappers"
    Maybe empty "Aln_reGol-f2pywrappers.f"
        Constructing wrapper function "pot"...
          pot(x,y,z,v,natom,[maxatom])
    Wrote C/API module "Aln_reGol" to file "/tmp/tmph7253nkg/src.linux-x86_64-3.11/Aln_reGolmodule.c"
INFO:   adding '/tmp/tmph7253nkg/src.linux-x86_64-3.11/fortranobject.c' to sources.
INFO:   adding '/tmp/tmph7253nkg/src.linux-x86_64-3.11' to include_dirs.
copying /home/truhlard/shuxx055/anaconda3/envs/test/lib/python3.11/site-packages/numpy/f2py/src/fortranobject.c -> /tmp/tmph7253nkg/src.linux-x86_64-3.11
copying /home/truhlard/shuxx055/anaconda3/envs/test/lib/python3.11/site-packages/numpy/f2py/src/fortranobject.h -> /tmp/tmph7253nkg/src.linux-x86_64-3.11
INFO:   adding '/tmp/tmph7253nkg/src.linux-x86_64-3.11/Aln_reGol-f2pywrappers.f' to sources.
INFO: build_src: building npy-pkg config files
/home/truhlard/shuxx055/anaconda3/envs/test/lib/python3.11/site-packages/setuptools/_distutils/cmd.py:66: SetuptoolsDeprecationWarning: setup.py install is deprecated.
!!

        ********************************************************************************
        Please avoid running ``setup.py`` directly.
        Instead, use pypa/build, pypa/installer or other
        standards-based tools.

        See https://blog.ganssle.io/articles/2021/10/setup-py-deprecated.html for details.
        ********************************************************************************

!!
  self.initialize_options()
running build_ext
INFO: customize UnixCCompiler
INFO: customize UnixCCompiler using build_ext
INFO: get_default_fcompiler: matching types: '['arm', 'gnu95', 'intel', 'lahey', 'pg', 'nv', 'absoft', 'nag', 'vast', 'compaq', 'intele', 'intelem', 'gnu', 'g95', 'pathf95', 'nagfor', 'fujitsu']'
INFO: customize ArmFlangCompiler
WARN: Could not locate executable armflang
INFO: customize Gnu95FCompiler
INFO: Found executable /home/truhlard/shuxx055/anaconda3/envs/test/bin/gfortran
INFO: customize Gnu95FCompiler
INFO: customize Gnu95FCompiler using build_ext
INFO: building 'Aln_reGol' extension
INFO: compiling C sources
INFO: C compiler: gcc -pthread -B /home/truhlard/shuxx055/anaconda3/envs/test/compiler_compat -DNDEBUG -fwrapv -O2 -Wall -fPIC -O2 -isystem /home/truhlard/shuxx055/anaconda3/envs/test/include -fPIC -O2 -isystem /home/truhlard/shuxx055/anaconda3/envs/test/include -fPIC

creating /tmp/tmph7253nkg/tmp
creating /tmp/tmph7253nkg/tmp/tmph7253nkg
creating /tmp/tmph7253nkg/tmp/tmph7253nkg/src.linux-x86_64-3.11
INFO: compile options: '-DNPY_DISABLE_OPTIMIZATION=1 -I/tmp/tmph7253nkg/src.linux-x86_64-3.11 -I/home/truhlard/shuxx055/anaconda3/envs/test/lib/python3.11/site-packages/numpy/core/include -I/home/truhlard/shuxx055/anaconda3/envs/test/include/python3.11 -c'
INFO: gcc: /tmp/tmph7253nkg/src.linux-x86_64-3.11/fortranobject.c
INFO: gcc: /tmp/tmph7253nkg/src.linux-x86_64-3.11/Aln_reGolmodule.c
INFO: compiling Fortran sources
INFO: Fortran f77 compiler: /home/truhlard/shuxx055/anaconda3/envs/test/bin/gfortran -fallow-argument-mismatch -std=legacy -fPIC -O3 -funroll-loops
Fortran f90 compiler: /home/truhlard/shuxx055/anaconda3/envs/test/bin/gfortran -Wall -g -fno-second-underscore -fPIC -O3 -funroll-loops
Fortran fix compiler: /home/truhlard/shuxx055/anaconda3/envs/test/bin/gfortran -Wall -g -ffixed-form -fno-second-underscore -Wall -g -fno-second-underscore -fPIC -O3 -funroll-loops
INFO: compile options: '-I/tmp/tmph7253nkg/src.linux-x86_64-3.11 -I/home/truhlard/shuxx055/anaconda3/envs/test/lib/python3.11/site-packages/numpy/core/include -I/home/truhlard/shuxx055/anaconda3/envs/test/include/python3.11 -c'
INFO: gfortran:f77: /tmp/tmph7253nkg/src.linux-x86_64-3.11/Aln_reGol-f2pywrappers.f
INFO: gfortran:f77: Aln_reGol.f
INFO: /home/truhlard/shuxx055/anaconda3/envs/test/bin/gfortran -Wall -g -Wall -g -shared /tmp/tmph7253nkg/tmp/tmph7253nkg/src.linux-x86_64-3.11/Aln_reGolmodule.o /tmp/tmph7253nkg/tmp/tmph7253nkg/src.linux-x86_64-3.11/fortranobject.o /tmp/tmph7253nkg/Aln_reGol.o /tmp/tmph7253nkg/tmp/tmph7253nkg/src.linux-x86_64-3.11/Aln_reGol-f2pywrappers.o -L/panfs/jay/groups/16/truhlard/shuxx055/anaconda3/envs/test/bin/../lib/gcc/x86_64-conda-linux-gnu/13.1.0/../../../../x86_64-conda-linux-gnu/lib/../lib -L/panfs/jay/groups/16/truhlard/shuxx055/anaconda3/envs/test/bin/../lib/gcc/x86_64-conda-linux-gnu/13.1.0/../../../../x86_64-conda-linux-gnu/lib/../lib -lmkl_intel_lp64 -lmkl_sequential -lmkl_core -lgfortran -o ./Aln_reGol.cpython-311-x86_64-linux-gnu.so
Removing build directory /tmp/tmph7253nkg
