running build
running config_cc
INFO: unifing config_cc, config, build_clib, build_ext, build commands --compiler options
running config_fc
INFO: unifing config_fc, config, build_clib, build_ext, build commands --fcompiler options
running build_src
INFO: build_src
INFO: building extension "COCO_PIPNN" sources
INFO: f2py options: []
INFO: f2py:> /tmp/tmp0rgi4bcf/src.linux-x86_64-3.11/COCO_PIPNNmodule.c
creating /tmp/tmp0rgi4bcf/src.linux-x86_64-3.11
Reading fortran codes...
	Reading file 'COCO_PIPNN.f90' (format:free)
Line #425 in COCO_PIPNN.f90:"  real*8,parameter :: w1(ns)=[  2.5731334302226245d+00,                               -4.1635475296365723d+00,                                6.2652688635816842d+00,                               -8.1228824615517947d+00,                                2.5634824563114837d+01,                               -1.6643878666848999d+00,                                1.2863481593265147d+01,                               -5.1395051186435685d+00] "
	updatevars: no name pattern found for entity='-4.1635475296365723d+00'. Skipping.
Line #425 in COCO_PIPNN.f90:"  real*8,parameter :: w1(ns)=[  2.5731334302226245d+00,                               -4.1635475296365723d+00,                                6.2652688635816842d+00,                               -8.1228824615517947d+00,                                2.5634824563114837d+01,                               -1.6643878666848999d+00,                                1.2863481593265147d+01,                               -5.1395051186435685d+00] "
	updatevars: could not crack entity declaration "6.2652688635816842d+00". Ignoring.
Line #425 in COCO_PIPNN.f90:"  real*8,parameter :: w1(ns)=[  2.5731334302226245d+00,                               -4.1635475296365723d+00,                                6.2652688635816842d+00,                               -8.1228824615517947d+00,                                2.5634824563114837d+01,                               -1.6643878666848999d+00,                                1.2863481593265147d+01,                               -5.1395051186435685d+00] "
	updatevars: no name pattern found for entity='-8.1228824615517947d+00'. Skipping.
Line #425 in COCO_PIPNN.f90:"  real*8,parameter :: w1(ns)=[  2.5731334302226245d+00,                               -4.1635475296365723d+00,                                6.2652688635816842d+00,                               -8.1228824615517947d+00,                                2.5634824563114837d+01,                               -1.6643878666848999d+00,                                1.2863481593265147d+01,                               -5.1395051186435685d+00] "
	updatevars: could not crack entity declaration "2.5634824563114837d+01". Ignoring.
Line #425 in COCO_PIPNN.f90:"  real*8,parameter :: w1(ns)=[  2.5731334302226245d+00,                               -4.1635475296365723d+00,                                6.2652688635816842d+00,                               -8.1228824615517947d+00,                                2.5634824563114837d+01,                               -1.6643878666848999d+00,                                1.2863481593265147d+01,                               -5.1395051186435685d+00] "
	updatevars: no name pattern found for entity='-1.6643878666848999d+00'. Skipping.
Line #425 in COCO_PIPNN.f90:"  real*8,parameter :: w1(ns)=[  2.5731334302226245d+00,                               -4.1635475296365723d+00,                                6.2652688635816842d+00,                               -8.1228824615517947d+00,                                2.5634824563114837d+01,                               -1.6643878666848999d+00,                                1.2863481593265147d+01,                               -5.1395051186435685d+00] "
	updatevars: could not crack entity declaration "1.2863481593265147d+01". Ignoring.
Line #425 in COCO_PIPNN.f90:"  real*8,parameter :: w1(ns)=[  2.5731334302226245d+00,                               -4.1635475296365723d+00,                                6.2652688635816842d+00,                               -8.1228824615517947d+00,                                2.5634824563114837d+01,                               -1.6643878666848999d+00,                                1.2863481593265147d+01,                               -5.1395051186435685d+00] "
	updatevars: no name pattern found for entity='-5.1395051186435685d+00]'. Skipping.
Line #433 in COCO_PIPNN.f90:"  real*8,parameter :: b1(ns)=[ -1.6421783363943476d+00,                                1.5364774081764951d+00,                               -1.1338455332512607d+00,                               -1.4448051810696709d+00,                                7.5217573991947644d+00,                               -1.4005229119446290d+00,                                1.1053854378210930d+01,                               -5.9299626180269485d+00] "
	updatevars: could not crack entity declaration "1.5364774081764951d+00". Ignoring.
Line #433 in COCO_PIPNN.f90:"  real*8,parameter :: b1(ns)=[ -1.6421783363943476d+00,                                1.5364774081764951d+00,                               -1.1338455332512607d+00,                               -1.4448051810696709d+00,                                7.5217573991947644d+00,                               -1.4005229119446290d+00,                                1.1053854378210930d+01,                               -5.9299626180269485d+00] "
	updatevars: no name pattern found for entity='-1.1338455332512607d+00'. Skipping.
Line #433 in COCO_PIPNN.f90:"  real*8,parameter :: b1(ns)=[ -1.6421783363943476d+00,                                1.5364774081764951d+00,                               -1.1338455332512607d+00,                               -1.4448051810696709d+00,                                7.5217573991947644d+00,                               -1.4005229119446290d+00,                                1.1053854378210930d+01,                               -5.9299626180269485d+00] "
	updatevars: no name pattern found for entity='-1.4448051810696709d+00'. Skipping.
Line #433 in COCO_PIPNN.f90:"  real*8,parameter :: b1(ns)=[ -1.6421783363943476d+00,                                1.5364774081764951d+00,                               -1.1338455332512607d+00,                               -1.4448051810696709d+00,                                7.5217573991947644d+00,                               -1.4005229119446290d+00,                                1.1053854378210930d+01,                               -5.9299626180269485d+00] "
	updatevars: could not crack entity declaration "7.5217573991947644d+00". Ignoring.
Line #433 in COCO_PIPNN.f90:"  real*8,parameter :: b1(ns)=[ -1.6421783363943476d+00,                                1.5364774081764951d+00,                               -1.1338455332512607d+00,                               -1.4448051810696709d+00,                                7.5217573991947644d+00,                               -1.4005229119446290d+00,                                1.1053854378210930d+01,                               -5.9299626180269485d+00] "
	updatevars: no name pattern found for entity='-1.4005229119446290d+00'. Skipping.
Line #433 in COCO_PIPNN.f90:"  real*8,parameter :: b1(ns)=[ -1.6421783363943476d+00,                                1.5364774081764951d+00,                               -1.1338455332512607d+00,                               -1.4448051810696709d+00,                                7.5217573991947644d+00,                               -1.4005229119446290d+00,                                1.1053854378210930d+01,                               -5.9299626180269485d+00] "
	updatevars: could not crack entity declaration "1.1053854378210930d+01". Ignoring.
Line #433 in COCO_PIPNN.f90:"  real*8,parameter :: b1(ns)=[ -1.6421783363943476d+00,                                1.5364774081764951d+00,                               -1.1338455332512607d+00,                               -1.4448051810696709d+00,                                7.5217573991947644d+00,                               -1.4005229119446290d+00,                                1.1053854378210930d+01,                               -5.9299626180269485d+00] "
	updatevars: no name pattern found for entity='-5.9299626180269485d+00]'. Skipping.
Line #441 in COCO_PIPNN.f90:"  real*8,parameter :: w2(ns)=[ -8.8664820626030757d-03,                                7.8571245473773067d-03,                               -3.6411047563733342d-03,                               -4.0358215533209145d-03,                                9.6640587889626451d-04,                               -1.4325782866595651d+00,                                1.2002568907875554d-02,                                8.3983298757280007d+00] "
	updatevars: could not crack entity declaration "7.8571245473773067d-03". Ignoring.
Line #441 in COCO_PIPNN.f90:"  real*8,parameter :: w2(ns)=[ -8.8664820626030757d-03,                                7.8571245473773067d-03,                               -3.6411047563733342d-03,                               -4.0358215533209145d-03,                                9.6640587889626451d-04,                               -1.4325782866595651d+00,                                1.2002568907875554d-02,                                8.3983298757280007d+00] "
	updatevars: no name pattern found for entity='-3.6411047563733342d-03'. Skipping.
Line #441 in COCO_PIPNN.f90:"  real*8,parameter :: w2(ns)=[ -8.8664820626030757d-03,                                7.8571245473773067d-03,                               -3.6411047563733342d-03,                               -4.0358215533209145d-03,                                9.6640587889626451d-04,                               -1.4325782866595651d+00,                                1.2002568907875554d-02,                                8.3983298757280007d+00] "
	updatevars: no name pattern found for entity='-4.0358215533209145d-03'. Skipping.
Line #441 in COCO_PIPNN.f90:"  real*8,parameter :: w2(ns)=[ -8.8664820626030757d-03,                                7.8571245473773067d-03,                               -3.6411047563733342d-03,                               -4.0358215533209145d-03,                                9.6640587889626451d-04,                               -1.4325782866595651d+00,                                1.2002568907875554d-02,                                8.3983298757280007d+00] "
	updatevars: could not crack entity declaration "9.6640587889626451d-04". Ignoring.
Line #441 in COCO_PIPNN.f90:"  real*8,parameter :: w2(ns)=[ -8.8664820626030757d-03,                                7.8571245473773067d-03,                               -3.6411047563733342d-03,                               -4.0358215533209145d-03,                                9.6640587889626451d-04,                               -1.4325782866595651d+00,                                1.2002568907875554d-02,                                8.3983298757280007d+00] "
	updatevars: no name pattern found for entity='-1.4325782866595651d+00'. Skipping.
Line #441 in COCO_PIPNN.f90:"  real*8,parameter :: w2(ns)=[ -8.8664820626030757d-03,                                7.8571245473773067d-03,                               -3.6411047563733342d-03,                               -4.0358215533209145d-03,                                9.6640587889626451d-04,                               -1.4325782866595651d+00,                                1.2002568907875554d-02,                                8.3983298757280007d+00] "
	updatevars: could not crack entity declaration "1.2002568907875554d-02". Ignoring.
Line #441 in COCO_PIPNN.f90:"  real*8,parameter :: w2(ns)=[ -8.8664820626030757d-03,                                7.8571245473773067d-03,                               -3.6411047563733342d-03,                               -4.0358215533209145d-03,                                9.6640587889626451d-04,                               -1.4325782866595651d+00,                                1.2002568907875554d-02,                                8.3983298757280007d+00] "
	updatevars: could not crack entity declaration "8.3983298757280007d+00]". Ignoring.
Post-processing...
	Block: COCO_PIPNN
			Block: pes
			Block: evdrdx
			Block: pes_ococ
In: :COCO_PIPNN:COCO_PIPNN.f90:pes_ococ
get_parameters: got "eval() arg 1 must be a string, bytes or code object" on 4
			Block: potco
In: :COCO_PIPNN:COCO_PIPNN.f90:potco
get_parameters: got "eval() arg 1 must be a string, bytes or code object" on 4
{'typespec': 'real', 'kindselector': {'*': '8'}, 'attrspec': ['parameter']}
In: :COCO_PIPNN:COCO_PIPNN.f90:potco
get_parameters:parameter '6' does not have value?!
{'typespec': 'real', 'kindselector': {'*': '8'}, 'attrspec': ['parameter']}
In: :COCO_PIPNN:COCO_PIPNN.f90:potco
get_parameters:parameter '2' does not have value?!
{'typespec': 'real', 'kindselector': {'*': '8'}, 'attrspec': ['parameter']}
In: :COCO_PIPNN:COCO_PIPNN.f90:potco
get_parameters:parameter '1' does not have value?!
In: :COCO_PIPNN:COCO_PIPNN.f90:potco
get_parameters: got "eval() arg 1 must be a string, bytes or code object" on 4
{'typespec': 'real', 'kindselector': {'*': '8'}, 'attrspec': ['parameter']}
In: :COCO_PIPNN:COCO_PIPNN.f90:potco
get_parameters:parameter '7' does not have value?!
In: :COCO_PIPNN:COCO_PIPNN.f90:potco
get_parameters: got "eval() arg 1 must be a string, bytes or code object" on 4
{'typespec': 'real', 'kindselector': {'*': '8'}, 'attrspec': ['parameter']}
In: :COCO_PIPNN:COCO_PIPNN.f90:potco
get_parameters:parameter '9' does not have value?!
{'typespec': 'real', 'kindselector': {'*': '8'}, 'attrspec': ['parameter']}
In: :COCO_PIPNN:COCO_PIPNN.f90:potco
get_parameters:parameter '8' does not have value?!
In: :COCO_PIPNN:COCO_PIPNN.f90:potco
get_parameters: got "eval() arg 1 must be a string, bytes or code object" on 4
In: :COCO_PIPNN:COCO_PIPNN.f90:potco
get_parameters: got "eval() arg 1 must be a string, bytes or code object" on 4
In: :COCO_PIPNN:COCO_PIPNN.f90:potco
get_parameters: got "eval() arg 1 must be a string, bytes or code object" on 4
In: :COCO_PIPNN:COCO_PIPNN.f90:potco
get_parameters: got "eval() arg 1 must be a string, bytes or code object" on 4
In: :COCO_PIPNN:COCO_PIPNN.f90:potco
get_parameters: got "eval() arg 1 must be a string, bytes or code object" on 4
Applying post-processing hooks...
  character_backward_compatibility_hook
Post-processing (stage 2)...
Building modules...
    Building module "COCO_PIPNN"...
    Generating possibly empty wrappers"
    Maybe empty "COCO_PIPNN-f2pywrappers.f"
        Constructing wrapper function "pes"...
          p,g,d = pes(x,igrad,path)
    Generating possibly empty wrappers"
    Maybe empty "COCO_PIPNN-f2pywrappers.f"
        Constructing wrapper function "evdrdx"...
          evdrdx(x,r,drdx)
    Generating possibly empty wrappers"
    Maybe empty "COCO_PIPNN-f2pywrappers.f"
        Constructing wrapper function "pes_ococ"...
          v,dvdr = pes_ococ(r,idv,path)
    Generating possibly empty wrappers"
    Maybe empty "COCO_PIPNN-f2pywrappers.f"
        Constructing wrapper function "potco"...
          v,dv = potco(r)
    Wrote C/API module "COCO_PIPNN" to file "/tmp/tmp0rgi4bcf/src.linux-x86_64-3.11/COCO_PIPNNmodule.c"
INFO:   adding '/tmp/tmp0rgi4bcf/src.linux-x86_64-3.11/fortranobject.c' to sources.
INFO:   adding '/tmp/tmp0rgi4bcf/src.linux-x86_64-3.11' to include_dirs.
copying /home/truhlard/shuxx055/anaconda3/envs/test/lib/python3.11/site-packages/numpy/f2py/src/fortranobject.c -> /tmp/tmp0rgi4bcf/src.linux-x86_64-3.11
copying /home/truhlard/shuxx055/anaconda3/envs/test/lib/python3.11/site-packages/numpy/f2py/src/fortranobject.h -> /tmp/tmp0rgi4bcf/src.linux-x86_64-3.11
INFO:   adding '/tmp/tmp0rgi4bcf/src.linux-x86_64-3.11/COCO_PIPNN-f2pywrappers.f' to sources.
INFO: build_src: building npy-pkg config files
/home/truhlard/shuxx055/anaconda3/envs/test/lib/python3.11/site-packages/setuptools/_distutils/cmd.py:66: SetuptoolsDeprecationWarning: setup.py install is deprecated.
!!

        ********************************************************************************
        Please avoid running ``setup.py`` directly.
        Instead, use pypa/build, pypa/installer or other
        standards-based tools.

        See https://blog.ganssle.io/articles/2021/10/setup-py-deprecated.html for details.
        ********************************************************************************

!!
  self.initialize_options()
running build_ext
INFO: customize UnixCCompiler
INFO: customize UnixCCompiler using build_ext
INFO: get_default_fcompiler: matching types: '['arm', 'gnu95', 'intel', 'lahey', 'pg', 'nv', 'absoft', 'nag', 'vast', 'compaq', 'intele', 'intelem', 'gnu', 'g95', 'pathf95', 'nagfor', 'fujitsu']'
INFO: customize ArmFlangCompiler
WARN: Could not locate executable armflang
INFO: customize Gnu95FCompiler
INFO: Found executable /home/truhlard/shuxx055/anaconda3/envs/test/bin/gfortran
INFO: customize Gnu95FCompiler
INFO: customize Gnu95FCompiler using build_ext
INFO: building 'COCO_PIPNN' extension
INFO: compiling C sources
INFO: C compiler: gcc -pthread -B /home/truhlard/shuxx055/anaconda3/envs/test/compiler_compat -DNDEBUG -fwrapv -O2 -Wall -fPIC -O2 -isystem /home/truhlard/shuxx055/anaconda3/envs/test/include -fPIC -O2 -isystem /home/truhlard/shuxx055/anaconda3/envs/test/include -fPIC

creating /tmp/tmp0rgi4bcf/tmp
creating /tmp/tmp0rgi4bcf/tmp/tmp0rgi4bcf
creating /tmp/tmp0rgi4bcf/tmp/tmp0rgi4bcf/src.linux-x86_64-3.11
INFO: compile options: '-DNPY_DISABLE_OPTIMIZATION=1 -I/tmp/tmp0rgi4bcf/src.linux-x86_64-3.11 -I/home/truhlard/shuxx055/anaconda3/envs/test/lib/python3.11/site-packages/numpy/core/include -I/home/truhlard/shuxx055/anaconda3/envs/test/include/python3.11 -c'
INFO: gcc: /tmp/tmp0rgi4bcf/src.linux-x86_64-3.11/fortranobject.c
INFO: gcc: /tmp/tmp0rgi4bcf/src.linux-x86_64-3.11/COCO_PIPNNmodule.c
INFO: compiling Fortran sources
INFO: Fortran f77 compiler: /home/truhlard/shuxx055/anaconda3/envs/test/bin/gfortran -Wall -g -ffixed-form -fno-second-underscore -fPIC -O3 -funroll-loops
Fortran f90 compiler: /home/truhlard/shuxx055/anaconda3/envs/test/bin/gfortran -fallow-argument-mismatch -std=legacy -fPIC -O3 -funroll-loops
Fortran fix compiler: /home/truhlard/shuxx055/anaconda3/envs/test/bin/gfortran -Wall -g -ffixed-form -fno-second-underscore -fallow-argument-mismatch -std=legacy -fPIC -O3 -funroll-loops
INFO: compile options: '-I/tmp/tmp0rgi4bcf/src.linux-x86_64-3.11 -I/home/truhlard/shuxx055/anaconda3/envs/test/lib/python3.11/site-packages/numpy/core/include -I/home/truhlard/shuxx055/anaconda3/envs/test/include/python3.11 -c'
INFO: gfortran:f90: COCO_PIPNN.f90
INFO: gfortran:f77: /tmp/tmp0rgi4bcf/src.linux-x86_64-3.11/COCO_PIPNN-f2pywrappers.f
INFO: /home/truhlard/shuxx055/anaconda3/envs/test/bin/gfortran -Wall -g -Wall -g -shared /tmp/tmp0rgi4bcf/tmp/tmp0rgi4bcf/src.linux-x86_64-3.11/COCO_PIPNNmodule.o /tmp/tmp0rgi4bcf/tmp/tmp0rgi4bcf/src.linux-x86_64-3.11/fortranobject.o /tmp/tmp0rgi4bcf/COCO_PIPNN.o /tmp/tmp0rgi4bcf/tmp/tmp0rgi4bcf/src.linux-x86_64-3.11/COCO_PIPNN-f2pywrappers.o -L/panfs/jay/groups/16/truhlard/shuxx055/anaconda3/envs/test/bin/../lib/gcc/x86_64-conda-linux-gnu/13.1.0/../../../../x86_64-conda-linux-gnu/lib/../lib -L/panfs/jay/groups/16/truhlard/shuxx055/anaconda3/envs/test/bin/../lib/gcc/x86_64-conda-linux-gnu/13.1.0/../../../../x86_64-conda-linux-gnu/lib/../lib -lmkl_intel_lp64 -lmkl_sequential -lmkl_core -lgfortran -o ./COCO_PIPNN.cpython-311-x86_64-linux-gnu.so
Removing build directory /tmp/tmp0rgi4bcf
