running build
running config_cc
INFO: unifing config_cc, config, build_clib, build_ext, build commands --compiler options
running config_fc
INFO: unifing config_fc, config, build_clib, build_ext, build commands --fcompiler options
running build_src
INFO: build_src
INFO: building extension "H3_GEN_BKMP3_1996" sources
INFO: f2py options: []
INFO: f2py:> /tmp/tmpmvit3kla/src.linux-x86_64-3.11/H3_GEN_BKMP3_1996module.c
creating /tmp/tmpmvit3kla/src.linux-x86_64-3.11
Reading fortran codes...
	Reading file 'H3_GEN_BKMP3_1996.f90' (format:free)
{'before': '', 'this': 'dimension', 'after': 'dvlon(3),dvas(3),dvbnda(3),dvbndb(3), '}
Line #163 in H3_GEN_BKMP3_1996.f90:"      dimension dVlon(3),dVas(3),dVbnda(3),dVbndb(3), "
	analyzeline: no name pattern found in dimension statement for ''. Skipping.
Line #219 in H3_GEN_BKMP3_1996.f90:"      call vbcb95(r,icompc,T,dT,ipr, "
	analyzeline: No name/args pattern found for line.
Line #295 in H3_GEN_BKMP3_1996.f90:"      parameter( rl=0.95d0, rr=1.15d0 ) "
	get_parameters: got "eval() arg 1 must be a string, bytes or code object" on 4
Line #296 in H3_GEN_BKMP3_1996.f90:"      parameter( z1=1.d0, z2=2.d0, z4=4.d0) "
	get_parameters: got "eval() arg 1 must be a string, bytes or code object" on 4
Line #296 in H3_GEN_BKMP3_1996.f90:"      parameter( z1=1.d0, z2=2.d0, z4=4.d0) "
	get_parameters: got "eval() arg 1 must be a string, bytes or code object" on 4
Line #296 in H3_GEN_BKMP3_1996.f90:"      parameter( z1=1.d0, z2=2.d0, z4=4.d0) "
	get_parameters: got "eval() arg 1 must be a string, bytes or code object" on 4
Line #296 in H3_GEN_BKMP3_1996.f90:"      parameter( z1=1.d0, z2=2.d0, z4=4.d0) "
	get_parameters: got "eval() arg 1 must be a string, bytes or code object" on 4
Line #296 in H3_GEN_BKMP3_1996.f90:"      parameter( z1=1.d0, z2=2.d0, z4=4.d0) "
	get_parameters: got "eval() arg 1 must be a string, bytes or code object" on 4
Line #296 in H3_GEN_BKMP3_1996.f90:"      parameter( z1=1.d0, z2=2.d0, z4=4.d0) "
	get_parameters: got "eval() arg 1 must be a string, bytes or code object" on 4
Line #296 in H3_GEN_BKMP3_1996.f90:"      parameter( z1=1.d0, z2=2.d0, z4=4.d0) "
	get_parameters: got "eval() arg 1 must be a string, bytes or code object" on 4
Line #296 in H3_GEN_BKMP3_1996.f90:"      parameter( z1=1.d0, z2=2.d0, z4=4.d0) "
	get_parameters: got "eval() arg 1 must be a string, bytes or code object" on 4
Line #296 in H3_GEN_BKMP3_1996.f90:"      parameter( z1=1.d0, z2=2.d0, z4=4.d0) "
	get_parameters: got "eval() arg 1 must be a string, bytes or code object" on 4
Line #298 in H3_GEN_BKMP3_1996.f90:"      parameter( "
	analyzeline: could not extract name,expr in parameter statement "" of ""
Line #355 in H3_GEN_BKMP3_1996.f90:"      parameter(a0=0.03537359271649620,    a1= 2.013977588700072    , "
	get_parameters: got "eval() arg 1 must be a string, bytes or code object" on 4
Line #364 in H3_GEN_BKMP3_1996.f90:"      parameter( r0=3.5284882d0,  DD=0.160979391d0, "
	get_parameters: got "eval() arg 1 must be a string, bytes or code object" on 4
Line #364 in H3_GEN_BKMP3_1996.f90:"      parameter( r0=3.5284882d0,  DD=0.160979391d0, "
	get_parameters: got "eval() arg 1 must be a string, bytes or code object" on 4
Line #364 in H3_GEN_BKMP3_1996.f90:"      parameter( r0=3.5284882d0,  DD=0.160979391d0, "
	get_parameters: got "eval() arg 1 must be a string, bytes or code object" on 4
Line #364 in H3_GEN_BKMP3_1996.f90:"      parameter( r0=3.5284882d0,  DD=0.160979391d0, "
	get_parameters: got "eval() arg 1 must be a string, bytes or code object" on 4
Line #364 in H3_GEN_BKMP3_1996.f90:"      parameter( r0=3.5284882d0,  DD=0.160979391d0, "
	get_parameters: got "eval() arg 1 must be a string, bytes or code object" on 4
Line #456 in H3_GEN_BKMP3_1996.f90:"      parameter( half=0.5d0, two=2.d0 , eps2=1.d-12 ) "
	get_parameters: got "eval() arg 1 must be a string, bytes or code object" on 4
Line #456 in H3_GEN_BKMP3_1996.f90:"      parameter( half=0.5d0, two=2.d0 , eps2=1.d-12 ) "
	get_parameters: got "eval() arg 1 must be a string, bytes or code object" on 4
Line #456 in H3_GEN_BKMP3_1996.f90:"      parameter( half=0.5d0, two=2.d0 , eps2=1.d-12 ) "
	get_parameters: got "eval() arg 1 must be a string, bytes or code object" on 4
Line #517 in H3_GEN_BKMP3_1996.f90:"      parameter(  "
	analyzeline: could not extract name,expr in parameter statement "" of ""
Line #609 in H3_GEN_BKMP3_1996.f90:"      parameter( rr = 1.15d0, rp = 1.25d0 ) "
	get_parameters: got "eval() arg 1 must be a string, bytes or code object" on 4
{'before': '', 'this': 'dimension', 'after': 'dpr(3),dt(3),dsumt(3),dterm1(3),determ(3),dseries(3), '}
Line #643 in H3_GEN_BKMP3_1996.f90:"      dimension dPr(3),dT(3),dsumT(3),dterm1(3),determ(3),dseries(3), "
	analyzeline: no name pattern found in dimension statement for ''. Skipping.
Line #646 in H3_GEN_BKMP3_1996.f90:"      parameter(  "
	analyzeline: could not extract name,expr in parameter statement "" of ""
Line #743 in H3_GEN_BKMP3_1996.f90:"      parameter( rr=1.15d0, rp=1.25d0 ) "
	get_parameters: got "eval() arg 1 must be a string, bytes or code object" on 4
Line #745 in H3_GEN_BKMP3_1996.f90:"      parameter(  "
	analyzeline: could not extract name,expr in parameter statement "" of ""
Line #798 in H3_GEN_BKMP3_1996.f90:"      subroutine vbcb95(rpass,icompc,T,dT,ipr, "
	analyzeline: No name/args pattern found for line.
{'before': '', 'this': 'dimension', 'after': 'dcb1(3),dcb2(3),dcb3(3),dcb4(3),dcb5(3),dcb6(3), '}
Line #825 in H3_GEN_BKMP3_1996.f90:"      dimension dCb1(3),dCb2(3),dCb3(3),dCb4(3),dCb5(3),dCb6(3), "
	analyzeline: no name pattern found in dimension statement for ''. Skipping.
Line #830 in H3_GEN_BKMP3_1996.f90:"      parameter( z58=0.625d0, z38=0.375d0 )   "
	get_parameters: got "eval() arg 1 must be a string, bytes or code object" on 4
Line #832 in H3_GEN_BKMP3_1996.f90:"      parameter(beta1=0.52d0, beta2=0.052d0, beta3=0.79d0 )  "
	get_parameters: got "eval() arg 1 must be a string, bytes or code object" on 4
Line #832 in H3_GEN_BKMP3_1996.f90:"      parameter(beta1=0.52d0, beta2=0.052d0, beta3=0.79d0 )  "
	get_parameters: got "eval() arg 1 must be a string, bytes or code object" on 4
Line #832 in H3_GEN_BKMP3_1996.f90:"      parameter(beta1=0.52d0, beta2=0.052d0, beta3=0.79d0 )  "
	get_parameters: got "eval() arg 1 must be a string, bytes or code object" on 4
Line #832 in H3_GEN_BKMP3_1996.f90:"      parameter(beta1=0.52d0, beta2=0.052d0, beta3=0.79d0 )  "
	get_parameters: got "eval() arg 1 must be a string, bytes or code object" on 4
Line #832 in H3_GEN_BKMP3_1996.f90:"      parameter(beta1=0.52d0, beta2=0.052d0, beta3=0.79d0 )  "
	get_parameters: got "eval() arg 1 must be a string, bytes or code object" on 4
Line #832 in H3_GEN_BKMP3_1996.f90:"      parameter(beta1=0.52d0, beta2=0.052d0, beta3=0.79d0 )  "
	get_parameters: got "eval() arg 1 must be a string, bytes or code object" on 4
Line #832 in H3_GEN_BKMP3_1996.f90:"      parameter(beta1=0.52d0, beta2=0.052d0, beta3=0.79d0 )  "
	get_parameters: got "eval() arg 1 must be a string, bytes or code object" on 4
Line #832 in H3_GEN_BKMP3_1996.f90:"      parameter(beta1=0.52d0, beta2=0.052d0, beta3=0.79d0 )  "
	get_parameters: got "eval() arg 1 must be a string, bytes or code object" on 4
Line #832 in H3_GEN_BKMP3_1996.f90:"      parameter(beta1=0.52d0, beta2=0.052d0, beta3=0.79d0 )  "
	get_parameters: got "eval() arg 1 must be a string, bytes or code object" on 4
Line #834 in H3_GEN_BKMP3_1996.f90:"      parameter(  "
	analyzeline: could not extract name,expr in parameter statement "" of ""
Line #842 in H3_GEN_BKMP3_1996.f90:"      parameter(  "
	analyzeline: could not extract name,expr in parameter statement "" of ""
Line #867 in H3_GEN_BKMP3_1996.f90:"      parameter(  "
	analyzeline: could not extract name,expr in parameter statement "" of ""
Line #880 in H3_GEN_BKMP3_1996.f90:"      parameter(  "
	analyzeline: could not extract name,expr in parameter statement "" of ""
Line #1473 in H3_GEN_BKMP3_1996.f90:"      parameter( istop1 = 1 , istop2 = 1 ) "
	get_parameters: got "eval() arg 1 must be a string, bytes or code object" on 4
Line #1473 in H3_GEN_BKMP3_1996.f90:"      parameter( istop1 = 1 , istop2 = 1 ) "
	get_parameters: got "eval() arg 1 must be a string, bytes or code object" on 4
Post-processing...
	Block: H3_GEN_BKMP3_1996
			Block: pes
			Block: prepot
In: :H3_GEN_BKMP3_1996:H3_GEN_BKMP3_1996.f90:prepot
get_parameters: got "eval() arg 1 must be a string, bytes or code object" on 4
{}
In: :H3_GEN_BKMP3_1996:H3_GEN_BKMP3_1996.f90:surfid
vars2fortran: No typespec for argument "h3id".
			Block: surfid
{'attrspec': ['dimension(3)']}
In: :H3_GEN_BKMP3_1996:H3_GEN_BKMP3_1996.f90:bkmp2
vars2fortran: No typespec for argument "r".
{}
In: :H3_GEN_BKMP3_1996:H3_GEN_BKMP3_1996.f90:bkmp2
vars2fortran: No typespec for argument "vtot".
{'attrspec': ['dimension(3)']}
In: :H3_GEN_BKMP3_1996:H3_GEN_BKMP3_1996.f90:bkmp2
vars2fortran: No typespec for argument "dvtot".
{}
In: :H3_GEN_BKMP3_1996:H3_GEN_BKMP3_1996.f90:bkmp2
vars2fortran: No typespec for argument "id".
			Block: bkmp2
{}
In: :H3_GEN_BKMP3_1996:H3_GEN_BKMP3_1996.f90:triplet95
vars2fortran: No typespec for argument "r".
{'attrspec': ['dimension(3)']}
In: :H3_GEN_BKMP3_1996:H3_GEN_BKMP3_1996.f90:triplet95
vars2fortran: No typespec for argument "e3".
{}
In: :H3_GEN_BKMP3_1996:H3_GEN_BKMP3_1996.f90:triplet95
vars2fortran: No typespec for argument "id".
			Block: triplet95
In: :H3_GEN_BKMP3_1996:H3_GEN_BKMP3_1996.f90:triplet95
get_parameters: got "eval() arg 1 must be a string, bytes or code object" on 4
In: :H3_GEN_BKMP3_1996:H3_GEN_BKMP3_1996.f90:triplet95
get_parameters: got "eval() arg 1 must be a string, bytes or code object" on 4
In: :H3_GEN_BKMP3_1996:H3_GEN_BKMP3_1996.f90:triplet95
get_parameters: got "eval() arg 1 must be a string, bytes or code object" on 4
In: :H3_GEN_BKMP3_1996:H3_GEN_BKMP3_1996.f90:triplet95
get_parameters: got "eval() arg 1 must be a string, bytes or code object" on 4
In: :H3_GEN_BKMP3_1996:H3_GEN_BKMP3_1996.f90:triplet95
get_parameters: got "eval() arg 1 must be a string, bytes or code object" on 4
{}
In: :H3_GEN_BKMP3_1996:H3_GEN_BKMP3_1996.f90:vh2opt95
vars2fortran: No typespec for argument "r".
{'attrspec': ['dimension(3)']}
In: :H3_GEN_BKMP3_1996:H3_GEN_BKMP3_1996.f90:vh2opt95
vars2fortran: No typespec for argument "e".
{}
In: :H3_GEN_BKMP3_1996:H3_GEN_BKMP3_1996.f90:vh2opt95
vars2fortran: No typespec for argument "ideriv".
			Block: vh2opt95
In: :H3_GEN_BKMP3_1996:H3_GEN_BKMP3_1996.f90:vh2opt95
get_parameters: got "eval() arg 1 must be a string, bytes or code object" on 4
In: :H3_GEN_BKMP3_1996:H3_GEN_BKMP3_1996.f90:vh2opt95
get_parameters: got "eval() arg 1 must be a string, bytes or code object" on 4
In: :H3_GEN_BKMP3_1996:H3_GEN_BKMP3_1996.f90:vh2opt95
get_parameters: got "eval() arg 1 must be a string, bytes or code object" on 4
In: :H3_GEN_BKMP3_1996:H3_GEN_BKMP3_1996.f90:vh2opt95
get_parameters: got "eval() arg 1 must be a string, bytes or code object" on 4
{'attrspec': ['dimension(3)']}
In: :H3_GEN_BKMP3_1996:H3_GEN_BKMP3_1996.f90:h3lond95
vars2fortran: No typespec for argument "r".
{}
In: :H3_GEN_BKMP3_1996:H3_GEN_BKMP3_1996.f90:h3lond95
vars2fortran: No typespec for argument "vlon".
{'attrspec': ['dimension(3)']}
In: :H3_GEN_BKMP3_1996:H3_GEN_BKMP3_1996.f90:h3lond95
vars2fortran: No typespec for argument "dvlon".
			Block: h3lond95
In: :H3_GEN_BKMP3_1996:H3_GEN_BKMP3_1996.f90:h3lond95
get_parameters: got "eval() arg 1 must be a string, bytes or code object" on 4
In: :H3_GEN_BKMP3_1996:H3_GEN_BKMP3_1996.f90:h3lond95
get_parameters: got "eval() arg 1 must be a string, bytes or code object" on 4
In: :H3_GEN_BKMP3_1996:H3_GEN_BKMP3_1996.f90:h3lond95
get_parameters: got "eval() arg 1 must be a string, bytes or code object" on 4
{'attrspec': ['dimension(3)']}
In: :H3_GEN_BKMP3_1996:H3_GEN_BKMP3_1996.f90:vascal95
vars2fortran: No typespec for argument "rpass".
{}
In: :H3_GEN_BKMP3_1996:H3_GEN_BKMP3_1996.f90:vascal95
vars2fortran: No typespec for argument "vas".
{'attrspec': ['dimension(3)']}
In: :H3_GEN_BKMP3_1996:H3_GEN_BKMP3_1996.f90:vascal95
vars2fortran: No typespec for argument "dvas".
			Block: vascal95
{}
In: :H3_GEN_BKMP3_1996:H3_GEN_BKMP3_1996.f90:acalc95
vars2fortran: No typespec for argument "r1".
{}
In: :H3_GEN_BKMP3_1996:H3_GEN_BKMP3_1996.f90:acalc95
vars2fortran: No typespec for argument "r2".
{}
In: :H3_GEN_BKMP3_1996:H3_GEN_BKMP3_1996.f90:acalc95
vars2fortran: No typespec for argument "r3".
{}
In: :H3_GEN_BKMP3_1996:H3_GEN_BKMP3_1996.f90:acalc95
vars2fortran: No typespec for argument "a".
{'attrspec': ['dimension(3)']}
In: :H3_GEN_BKMP3_1996:H3_GEN_BKMP3_1996.f90:acalc95
vars2fortran: No typespec for argument "da".
			Block: acalc95
{'attrspec': ['dimension(3)']}
In: :H3_GEN_BKMP3_1996:H3_GEN_BKMP3_1996.f90:compac95
vars2fortran: No typespec for argument "r".
{}
In: :H3_GEN_BKMP3_1996:H3_GEN_BKMP3_1996.f90:compac95
vars2fortran: No typespec for argument "icompc".
{'attrspec': ['dimension(3)']}
In: :H3_GEN_BKMP3_1996:H3_GEN_BKMP3_1996.f90:compac95
vars2fortran: No typespec for argument "t".
{'attrspec': ['dimension(3)']}
In: :H3_GEN_BKMP3_1996:H3_GEN_BKMP3_1996.f90:compac95
vars2fortran: No typespec for argument "dt".
			Block: compac95
In: :H3_GEN_BKMP3_1996:H3_GEN_BKMP3_1996.f90:compac95
get_parameters: got "eval() arg 1 must be a string, bytes or code object" on 4
In: :H3_GEN_BKMP3_1996:H3_GEN_BKMP3_1996.f90:compac95
get_parameters: got "eval() arg 1 must be a string, bytes or code object" on 4
{'attrspec': ['dimension(3)']}
In: :H3_GEN_BKMP3_1996:H3_GEN_BKMP3_1996.f90:casym95
vars2fortran: No typespec for argument "r".
{}
In: :H3_GEN_BKMP3_1996:H3_GEN_BKMP3_1996.f90:casym95
vars2fortran: No typespec for argument "cas".
{}
In: :H3_GEN_BKMP3_1996:H3_GEN_BKMP3_1996.f90:casym95
vars2fortran: No typespec for argument "dcas".
{}
In: :H3_GEN_BKMP3_1996:H3_GEN_BKMP3_1996.f90:casym95
vars2fortran: No typespec for argument "id".
{'attrspec': ['dimension(3)']}
In: :H3_GEN_BKMP3_1996:H3_GEN_BKMP3_1996.f90:casym95
vars2fortran: No typespec for argument "t".
{'attrspec': ['dimension(3)']}
In: :H3_GEN_BKMP3_1996:H3_GEN_BKMP3_1996.f90:casym95
vars2fortran: No typespec for argument "dt".
			Block: casym95
{'attrspec': ['dimension(3)']}
In: :H3_GEN_BKMP3_1996:H3_GEN_BKMP3_1996.f90:csym95
vars2fortran: No typespec for argument "r".
{}
In: :H3_GEN_BKMP3_1996:H3_GEN_BKMP3_1996.f90:csym95
vars2fortran: No typespec for argument "cal".
{'attrspec': ['dimension(3)']}
In: :H3_GEN_BKMP3_1996:H3_GEN_BKMP3_1996.f90:csym95
vars2fortran: No typespec for argument "dcal".
			Block: csym95
In: :H3_GEN_BKMP3_1996:H3_GEN_BKMP3_1996.f90:csym95
get_parameters: got "eval() arg 1 must be a string, bytes or code object" on 4
In: :H3_GEN_BKMP3_1996:H3_GEN_BKMP3_1996.f90:csym95
get_parameters: got "eval() arg 1 must be a string, bytes or code object" on 4
			Block: unknown_subroutine
In: :H3_GEN_BKMP3_1996:H3_GEN_BKMP3_1996.f90:unknown_subroutine
get_parameters: got "eval() arg 1 must be a string, bytes or code object" on 4
In: :H3_GEN_BKMP3_1996:H3_GEN_BKMP3_1996.f90:unknown_subroutine
get_parameters: got "eval() arg 1 must be a string, bytes or code object" on 4
In: :H3_GEN_BKMP3_1996:H3_GEN_BKMP3_1996.f90:unknown_subroutine
get_parameters: got "eval() arg 1 must be a string, bytes or code object" on 4
In: :H3_GEN_BKMP3_1996:H3_GEN_BKMP3_1996.f90:unknown_subroutine
get_parameters: got "eval() arg 1 must be a string, bytes or code object" on 4
In: :H3_GEN_BKMP3_1996:H3_GEN_BKMP3_1996.f90:unknown_subroutine
get_parameters: got "eval() arg 1 must be a string, bytes or code object" on 4
{'attrspec': ['dimension(3)']}
In: :H3_GEN_BKMP3_1996:H3_GEN_BKMP3_1996.f90:chgeom
vars2fortran: No typespec for argument "r".
{}
In: :H3_GEN_BKMP3_1996:H3_GEN_BKMP3_1996.f90:chgeom
vars2fortran: No typespec for argument "ivalid".
			Block: chgeom
In: :H3_GEN_BKMP3_1996:H3_GEN_BKMP3_1996.f90:chgeom
get_parameters: got "eval() arg 1 must be a string, bytes or code object" on 4
Applying post-processing hooks...
  character_backward_compatibility_hook
Post-processing (stage 2)...
Building modules...
    Building module "H3_GEN_BKMP3_1996"...
    Generating possibly empty wrappers"
    Maybe empty "H3_GEN_BKMP3_1996-f2pywrappers.f"
        Constructing wrapper function "pes"...
          p,g,d = pes(x,igrad)
    Generating possibly empty wrappers"
    Maybe empty "H3_GEN_BKMP3_1996-f2pywrappers.f"
        Constructing wrapper function "prepot"...
          prepot()
    Generating possibly empty wrappers"
    Maybe empty "H3_GEN_BKMP3_1996-f2pywrappers.f"
        Constructing wrapper function "pot"...
          pot(rvp,evp,nt,nsurf)
    Generating possibly empty wrappers"
    Maybe empty "H3_GEN_BKMP3_1996-f2pywrappers.f"
        Constructing wrapper function "surfid"...
          surfid(h3id)
    Generating possibly empty wrappers"
    Maybe empty "H3_GEN_BKMP3_1996-f2pywrappers.f"
        Constructing wrapper function "bkmp2"...
          bkmp2(r,vtot,dvtot,id)
    Generating possibly empty wrappers"
    Maybe empty "H3_GEN_BKMP3_1996-f2pywrappers.f"
        Constructing wrapper function "triplet95"...
          triplet95(r,e3,id)
    Generating possibly empty wrappers"
    Maybe empty "H3_GEN_BKMP3_1996-f2pywrappers.f"
        Constructing wrapper function "vh2opt95"...
          vh2opt95(r,e,ideriv)
    Generating possibly empty wrappers"
    Maybe empty "H3_GEN_BKMP3_1996-f2pywrappers.f"
        Constructing wrapper function "h3lond95"...
          h3lond95(r,vlon,dvlon)
    Generating possibly empty wrappers"
    Maybe empty "H3_GEN_BKMP3_1996-f2pywrappers.f"
        Constructing wrapper function "vascal95"...
          vascal95(rpass,vas,dvas)
    Generating possibly empty wrappers"
    Maybe empty "H3_GEN_BKMP3_1996-f2pywrappers.f"
        Constructing wrapper function "acalc95"...
          acalc95(r1,r2,r3,a,da)
    Generating possibly empty wrappers"
    Maybe empty "H3_GEN_BKMP3_1996-f2pywrappers.f"
        Constructing wrapper function "compac95"...
          compac95(r,icompc,t,dt)
    Generating possibly empty wrappers"
    Maybe empty "H3_GEN_BKMP3_1996-f2pywrappers.f"
        Constructing wrapper function "casym95"...
          casym95(r,cas,dcas,id,t,dt)
    Generating possibly empty wrappers"
    Maybe empty "H3_GEN_BKMP3_1996-f2pywrappers.f"
        Constructing wrapper function "csym95"...
          csym95(r,cal,dcal)
    Generating possibly empty wrappers"
    Maybe empty "H3_GEN_BKMP3_1996-f2pywrappers.f"
        Constructing wrapper function "unknown_subroutine"...
          unknown_subroutine()
    Generating possibly empty wrappers"
    Maybe empty "H3_GEN_BKMP3_1996-f2pywrappers.f"
        Constructing wrapper function "chgeom"...
          chgeom(r,ivalid)
    Wrote C/API module "H3_GEN_BKMP3_1996" to file "/tmp/tmpmvit3kla/src.linux-x86_64-3.11/H3_GEN_BKMP3_1996module.c"
INFO:   adding '/tmp/tmpmvit3kla/src.linux-x86_64-3.11/fortranobject.c' to sources.
INFO:   adding '/tmp/tmpmvit3kla/src.linux-x86_64-3.11' to include_dirs.
copying /home/truhlard/shuxx055/anaconda3/envs/test/lib/python3.11/site-packages/numpy/f2py/src/fortranobject.c -> /tmp/tmpmvit3kla/src.linux-x86_64-3.11
copying /home/truhlard/shuxx055/anaconda3/envs/test/lib/python3.11/site-packages/numpy/f2py/src/fortranobject.h -> /tmp/tmpmvit3kla/src.linux-x86_64-3.11
INFO:   adding '/tmp/tmpmvit3kla/src.linux-x86_64-3.11/H3_GEN_BKMP3_1996-f2pywrappers.f' to sources.
INFO: build_src: building npy-pkg config files
/home/truhlard/shuxx055/anaconda3/envs/test/lib/python3.11/site-packages/setuptools/_distutils/cmd.py:66: SetuptoolsDeprecationWarning: setup.py install is deprecated.
!!

        ********************************************************************************
        Please avoid running ``setup.py`` directly.
        Instead, use pypa/build, pypa/installer or other
        standards-based tools.

        See https://blog.ganssle.io/articles/2021/10/setup-py-deprecated.html for details.
        ********************************************************************************

!!
  self.initialize_options()
running build_ext
INFO: customize UnixCCompiler
INFO: customize UnixCCompiler using build_ext
INFO: get_default_fcompiler: matching types: '['arm', 'gnu95', 'intel', 'lahey', 'pg', 'nv', 'absoft', 'nag', 'vast', 'compaq', 'intele', 'intelem', 'gnu', 'g95', 'pathf95', 'nagfor', 'fujitsu']'
INFO: customize ArmFlangCompiler
WARN: Could not locate executable armflang
INFO: customize Gnu95FCompiler
INFO: Found executable /home/truhlard/shuxx055/anaconda3/envs/test/bin/gfortran
INFO: customize Gnu95FCompiler
INFO: customize Gnu95FCompiler using build_ext
INFO: building 'H3_GEN_BKMP3_1996' extension
INFO: compiling C sources
INFO: C compiler: gcc -pthread -B /home/truhlard/shuxx055/anaconda3/envs/test/compiler_compat -DNDEBUG -fwrapv -O2 -Wall -fPIC -O2 -isystem /home/truhlard/shuxx055/anaconda3/envs/test/include -fPIC -O2 -isystem /home/truhlard/shuxx055/anaconda3/envs/test/include -fPIC

creating /tmp/tmpmvit3kla/tmp
creating /tmp/tmpmvit3kla/tmp/tmpmvit3kla
creating /tmp/tmpmvit3kla/tmp/tmpmvit3kla/src.linux-x86_64-3.11
INFO: compile options: '-DNPY_DISABLE_OPTIMIZATION=1 -I/tmp/tmpmvit3kla/src.linux-x86_64-3.11 -I/home/truhlard/shuxx055/anaconda3/envs/test/lib/python3.11/site-packages/numpy/core/include -I/home/truhlard/shuxx055/anaconda3/envs/test/include/python3.11 -c'
INFO: gcc: /tmp/tmpmvit3kla/src.linux-x86_64-3.11/fortranobject.c
INFO: gcc: /tmp/tmpmvit3kla/src.linux-x86_64-3.11/H3_GEN_BKMP3_1996module.c
INFO: compiling Fortran sources
INFO: Fortran f77 compiler: /home/truhlard/shuxx055/anaconda3/envs/test/bin/gfortran -Wall -g -ffixed-form -fno-second-underscore -fPIC -O3 -funroll-loops
Fortran f90 compiler: /home/truhlard/shuxx055/anaconda3/envs/test/bin/gfortran -fallow-argument-mismatch -std=legacy -fPIC -O3 -funroll-loops
Fortran fix compiler: /home/truhlard/shuxx055/anaconda3/envs/test/bin/gfortran -Wall -g -ffixed-form -fno-second-underscore -fallow-argument-mismatch -std=legacy -fPIC -O3 -funroll-loops
INFO: compile options: '-I/tmp/tmpmvit3kla/src.linux-x86_64-3.11 -I/home/truhlard/shuxx055/anaconda3/envs/test/lib/python3.11/site-packages/numpy/core/include -I/home/truhlard/shuxx055/anaconda3/envs/test/include/python3.11 -c'
INFO: gfortran:fix: H3_GEN_BKMP3_1996.f90
f951: Warning: Nonconforming tab character in column 1 of line 100 [-Wtabs]
f951: Warning: Nonconforming tab character in column 1 of line 101 [-Wtabs]
f951: Warning: Nonconforming tab character in column 1 of line 122 [-Wtabs]
f951: Warning: Nonconforming tab character in column 1 of line 194 [-Wtabs]
f951: Warning: Nonconforming tab character in column 1 of line 195 [-Wtabs]
f951: Warning: Nonconforming tab character in column 1 of line 196 [-Wtabs]
f951: Warning: Nonconforming tab character in column 1 of line 197 [-Wtabs]
f951: Warning: Nonconforming tab character in column 1 of line 198 [-Wtabs]
f951: Warning: Nonconforming tab character in column 1 of line 199 [-Wtabs]
f951: Warning: Nonconforming tab character in column 1 of line 200 [-Wtabs]
f951: Warning: Nonconforming tab character in column 1 of line 201 [-Wtabs]
f951: Warning: Nonconforming tab character in column 1 of line 205 [-Wtabs]
f951: Warning: Nonconforming tab character in column 1 of line 206 [-Wtabs]
f951: Warning: Nonconforming tab character in column 1 of line 207 [-Wtabs]
f951: Warning: Nonconforming tab character in column 1 of line 208 [-Wtabs]
f951: Warning: Nonconforming tab character in column 1 of line 233 [-Wtabs]
f951: Warning: Nonconforming tab character in column 1 of line 234 [-Wtabs]
f951: Warning: Nonconforming tab character in column 1 of line 237 [-Wtabs]
f951: Warning: Nonconforming tab character in column 1 of line 238 [-Wtabs]
f951: Warning: Nonconforming tab character in column 1 of line 240 [-Wtabs]
f951: Warning: Nonconforming tab character in column 1 of line 241 [-Wtabs]
f951: Warning: Nonconforming tab character in column 1 of line 242 [-Wtabs]
f951: Warning: Nonconforming tab character in column 1 of line 245 [-Wtabs]
f951: Warning: Nonconforming tab character in column 1 of line 246 [-Wtabs]
f951: Warning: Nonconforming tab character in column 1 of line 330 [-Wtabs]
f951: Warning: Nonconforming tab character in column 1 of line 333 [-Wtabs]
f951: Warning: Nonconforming tab character in column 1 of line 337 [-Wtabs]
f951: Warning: Nonconforming tab character in column 1 of line 338 [-Wtabs]
f951: Warning: Nonconforming tab character in column 1 of line 408 [-Wtabs]
f951: Warning: Nonconforming tab character in column 1 of line 414 [-Wtabs]
f951: Warning: Nonconforming tab character in column 1 of line 415 [-Wtabs]
f951: Warning: Nonconforming tab character in column 1 of line 417 [-Wtabs]
f951: Warning: Nonconforming tab character in column 1 of line 428 [-Wtabs]
f951: Warning: Nonconforming tab character in column 1 of line 433 [-Wtabs]
f951: Warning: Nonconforming tab character in column 1 of line 435 [-Wtabs]
f951: Warning: Nonconforming tab character in column 1 of line 438 [-Wtabs]
f951: Warning: Nonconforming tab character in column 1 of line 460 [-Wtabs]
f951: Warning: Nonconforming tab character in column 1 of line 461 [-Wtabs]
f951: Warning: Nonconforming tab character in column 1 of line 462 [-Wtabs]
f951: Warning: Nonconforming tab character in column 1 of line 463 [-Wtabs]
f951: Warning: Nonconforming tab character in column 1 of line 464 [-Wtabs]
f951: Warning: Nonconforming tab character in column 1 of line 465 [-Wtabs]
f951: Warning: Nonconforming tab character in column 1 of line 477 [-Wtabs]
f951: Warning: Nonconforming tab character in column 1 of line 489 [-Wtabs]
f951: Warning: Nonconforming tab character in column 1 of line 490 [-Wtabs]
f951: Warning: Nonconforming tab character in column 1 of line 548 [-Wtabs]
f951: Warning: Nonconforming tab character in column 1 of line 612 [-Wtabs]
f951: Warning: Nonconforming tab character in column 1 of line 613 [-Wtabs]
f951: Warning: Nonconforming tab character in column 1 of line 623 [-Wtabs]
f951: Warning: Nonconforming tab character in column 1 of line 624 [-Wtabs]
f951: Warning: Nonconforming tab character in column 1 of line 625 [-Wtabs]
f951: Warning: Nonconforming tab character in column 1 of line 626 [-Wtabs]
f951: Warning: Nonconforming tab character in column 1 of line 627 [-Wtabs]
f951: Warning: Nonconforming tab character in column 1 of line 688 [-Wtabs]
f951: Warning: Nonconforming tab character in column 1 of line 690 [-Wtabs]
f951: Warning: Nonconforming tab character in column 1 of line 691 [-Wtabs]
f951: Warning: Nonconforming tab character in column 1 of line 692 [-Wtabs]
f951: Warning: Nonconforming tab character in column 1 of line 693 [-Wtabs]
f951: Warning: Nonconforming tab character in column 1 of line 694 [-Wtabs]
f951: Warning: Nonconforming tab character in column 1 of line 697 [-Wtabs]
f951: Warning: Nonconforming tab character in column 1 of line 698 [-Wtabs]
f951: Warning: Nonconforming tab character in column 1 of line 699 [-Wtabs]
f951: Warning: Nonconforming tab character in column 1 of line 700 [-Wtabs]
f951: Warning: Nonconforming tab character in column 1 of line 701 [-Wtabs]
f951: Warning: Nonconforming tab character in column 1 of line 702 [-Wtabs]
f951: Warning: Nonconforming tab character in column 1 of line 703 [-Wtabs]
f951: Warning: Nonconforming tab character in column 1 of line 704 [-Wtabs]
f951: Warning: Nonconforming tab character in column 1 of line 708 [-Wtabs]
f951: Warning: Nonconforming tab character in column 1 of line 715 [-Wtabs]
f951: Warning: Nonconforming tab character in column 1 of line 716 [-Wtabs]
f951: Warning: Nonconforming tab character in column 1 of line 717 [-Wtabs]
f951: Warning: Nonconforming tab character in column 1 of line 718 [-Wtabs]
f951: Warning: Nonconforming tab character in column 1 of line 762 [-Wtabs]
f951: Warning: Nonconforming tab character in column 1 of line 763 [-Wtabs]
f951: Warning: Nonconforming tab character in column 1 of line 764 [-Wtabs]
f951: Warning: Nonconforming tab character in column 1 of line 765 [-Wtabs]
f951: Warning: Nonconforming tab character in column 1 of line 766 [-Wtabs]
f951: Warning: Nonconforming tab character in column 1 of line 768 [-Wtabs]
f951: Warning: Nonconforming tab character in column 1 of line 769 [-Wtabs]
f951: Warning: Nonconforming tab character in column 1 of line 771 [-Wtabs]
f951: Warning: Nonconforming tab character in column 3 of line 772 [-Wtabs]
f951: Warning: Nonconforming tab character in column 1 of line 775 [-Wtabs]
f951: Warning: Nonconforming tab character in column 1 of line 783 [-Wtabs]
f951: Warning: Nonconforming tab character in column 1 of line 785 [-Wtabs]
f951: Warning: Nonconforming tab character in column 1 of line 786 [-Wtabs]
f951: Warning: Nonconforming tab character in column 1 of line 1032 [-Wtabs]
f951: Warning: Nonconforming tab character in column 1 of line 1033 [-Wtabs]
f951: Warning: Nonconforming tab character in column 1 of line 1034 [-Wtabs]
f951: Warning: Nonconforming tab character in column 1 of line 1035 [-Wtabs]
f951: Warning: Nonconforming tab character in column 1 of line 1036 [-Wtabs]
f951: Warning: Nonconforming tab character in column 1 of line 1037 [-Wtabs]
f951: Warning: Nonconforming tab character in column 1 of line 1038 [-Wtabs]
f951: Warning: Nonconforming tab character in column 1 of line 1039 [-Wtabs]
f951: Warning: Nonconforming tab character in column 1 of line 1040 [-Wtabs]
f951: Warning: Nonconforming tab character in column 1 of line 1044 [-Wtabs]
f951: Warning: Nonconforming tab character in column 1 of line 1045 [-Wtabs]
f951: Warning: Nonconforming tab character in column 1 of line 1046 [-Wtabs]
f951: Warning: Nonconforming tab character in column 1 of line 1055 [-Wtabs]
f951: Warning: Nonconforming tab character in column 1 of line 1066 [-Wtabs]
f951: Warning: Nonconforming tab character in column 1 of line 1067 [-Wtabs]
f951: Warning: Nonconforming tab character in column 1 of line 1069 [-Wtabs]
f951: Warning: Nonconforming tab character in column 1 of line 1070 [-Wtabs]
f951: Warning: Nonconforming tab character in column 1 of line 1071 [-Wtabs]
f951: Warning: Nonconforming tab character in column 1 of line 1097 [-Wtabs]
f951: Warning: Nonconforming tab character in column 1 of line 1098 [-Wtabs]
f951: Warning: Nonconforming tab character in column 1 of line 1099 [-Wtabs]
f951: Warning: Nonconforming tab character in column 1 of line 1105 [-Wtabs]
f951: Warning: Nonconforming tab character in column 1 of line 1115 [-Wtabs]
f951: Warning: Nonconforming tab character in column 1 of line 1126 [-Wtabs]
f951: Warning: Nonconforming tab character in column 1 of line 1127 [-Wtabs]
f951: Warning: Nonconforming tab character in column 1 of line 1129 [-Wtabs]
f951: Warning: Nonconforming tab character in column 1 of line 1130 [-Wtabs]
f951: Warning: Nonconforming tab character in column 1 of line 1131 [-Wtabs]
f951: Warning: Nonconforming tab character in column 1 of line 1157 [-Wtabs]
f951: Warning: Nonconforming tab character in column 1 of line 1158 [-Wtabs]
f951: Warning: Nonconforming tab character in column 1 of line 1159 [-Wtabs]
f951: Warning: Nonconforming tab character in column 1 of line 1165 [-Wtabs]
f951: Warning: Nonconforming tab character in column 1 of line 1188 [-Wtabs]
f951: Warning: Nonconforming tab character in column 1 of line 1223 [-Wtabs]
f951: Warning: Nonconforming tab character in column 1 of line 1225 [-Wtabs]
f951: Warning: Nonconforming tab character in column 1 of line 1227 [-Wtabs]
f951: Warning: Nonconforming tab character in column 1 of line 1230 [-Wtabs]
f951: Warning: Nonconforming tab character in column 1 of line 1231 [-Wtabs]
f951: Warning: Nonconforming tab character in column 1 of line 1232 [-Wtabs]
f951: Warning: Nonconforming tab character in column 1 of line 1234 [-Wtabs]
f951: Warning: Nonconforming tab character in column 1 of line 1236 [-Wtabs]
f951: Warning: Nonconforming tab character in column 1 of line 1238 [-Wtabs]
f951: Warning: Nonconforming tab character in column 1 of line 1241 [-Wtabs]
f951: Warning: Nonconforming tab character in column 1 of line 1243 [-Wtabs]
f951: Warning: Nonconforming tab character in column 1 of line 1245 [-Wtabs]
f951: Warning: Nonconforming tab character in column 1 of line 1248 [-Wtabs]
f951: Warning: Nonconforming tab character in column 1 of line 1250 [-Wtabs]
f951: Warning: Nonconforming tab character in column 1 of line 1252 [-Wtabs]
f951: Warning: Nonconforming tab character in column 1 of line 1255 [-Wtabs]
f951: Warning: Nonconforming tab character in column 1 of line 1256 [-Wtabs]
f951: Warning: Nonconforming tab character in column 1 of line 1257 [-Wtabs]
f951: Warning: Nonconforming tab character in column 1 of line 1259 [-Wtabs]
f951: Warning: Nonconforming tab character in column 1 of line 1261 [-Wtabs]
f951: Warning: Nonconforming tab character in column 1 of line 1263 [-Wtabs]
f951: Warning: Nonconforming tab character in column 1 of line 1265 [-Wtabs]
f951: Warning: Nonconforming tab character in column 1 of line 1267 [-Wtabs]
f951: Warning: Nonconforming tab character in column 1 of line 1269 [-Wtabs]
f951: Warning: Nonconforming tab character in column 1 of line 1312 [-Wtabs]
f951: Warning: Nonconforming tab character in column 1 of line 1314 [-Wtabs]
f951: Warning: Nonconforming tab character in column 1 of line 1316 [-Wtabs]
f951: Warning: Nonconforming tab character in column 1 of line 1319 [-Wtabs]
f951: Warning: Nonconforming tab character in column 1 of line 1320 [-Wtabs]
f951: Warning: Nonconforming tab character in column 1 of line 1321 [-Wtabs]
f951: Warning: Nonconforming tab character in column 1 of line 1323 [-Wtabs]
f951: Warning: Nonconforming tab character in column 1 of line 1325 [-Wtabs]
f951: Warning: Nonconforming tab character in column 1 of line 1327 [-Wtabs]
f951: Warning: Nonconforming tab character in column 1 of line 1330 [-Wtabs]
f951: Warning: Nonconforming tab character in column 1 of line 1332 [-Wtabs]
f951: Warning: Nonconforming tab character in column 1 of line 1334 [-Wtabs]
f951: Warning: Nonconforming tab character in column 1 of line 1337 [-Wtabs]
f951: Warning: Nonconforming tab character in column 1 of line 1339 [-Wtabs]
f951: Warning: Nonconforming tab character in column 1 of line 1341 [-Wtabs]
f951: Warning: Nonconforming tab character in column 1 of line 1344 [-Wtabs]
f951: Warning: Nonconforming tab character in column 1 of line 1345 [-Wtabs]
f951: Warning: Nonconforming tab character in column 1 of line 1346 [-Wtabs]
f951: Warning: Nonconforming tab character in column 1 of line 1348 [-Wtabs]
f951: Warning: Nonconforming tab character in column 1 of line 1350 [-Wtabs]
f951: Warning: Nonconforming tab character in column 1 of line 1352 [-Wtabs]
f951: Warning: Nonconforming tab character in column 1 of line 1354 [-Wtabs]
f951: Warning: Nonconforming tab character in column 1 of line 1356 [-Wtabs]
f951: Warning: Nonconforming tab character in column 1 of line 1358 [-Wtabs]
H3_GEN_BKMP3_1996.f90:436:8:

  436 |      .          -120.d0*C10 *r2  / rr27 +30.d0 *C6 *r4 / rr62
      |         1~~~~~~~
Warning: Nonconforming tab character at (1) [-Wtabs]
H3_GEN_BKMP3_1996.f90:437:8:

  437 |      .          + 24.d0* C8 *r2  / rr43 +10.d0 *C10    / rr26
      |         1~~~~~~~
Warning: Nonconforming tab character at (1) [-Wtabs]
H3_GEN_BKMP3_1996.f90:272:5:

  272 |  7751 format(/,3(1x,g16.10))
      |     1
Warning: Label 7751 at (1) defined but not used [-Wunused-label]
H3_GEN_BKMP3_1996.f90:271:5:

  271 |  7750 format(3(1x,g16.10))
      |     1
Warning: Label 7750 at (1) defined but not used [-Wunused-label]
H3_GEN_BKMP3_1996.f90:181:5:

  181 |  6999 format('invalid geometry, v,dv=',4f8.2)
      |     1
Warning: Label 6999 at (1) defined but not used [-Wunused-label]
H3_GEN_BKMP3_1996.f90:1416:5:

 1416 |  7700 format('    dB2 =   ',3(1x,g12.6),/,
      |     1
Warning: Label 7700 at (1) defined but not used [-Wunused-label]
H3_GEN_BKMP3_1996.f90:1415:5:

 1415 |  7650 format('    B2 =    ',g12.6,'       B3 =  ',g12.6)
      |     1
Warning: Label 7650 at (1) defined but not used [-Wunused-label]
H3_GEN_BKMP3_1996.f90:1443:5:

 1443 |  7200 format('  dT    = ',3(1x,g18.12),/,
      |     1
Warning: Label 7200 at (1) defined but not used [-Wunused-label]
H3_GEN_BKMP3_1996.f90:1425:5:

 1425 |  7155 format('  Vb1 = ',g16.10,'  Vb2 = ',g16.10,/,
      |     1
Warning: Label 7155 at (1) defined but not used [-Wunused-label]
H3_GEN_BKMP3_1996.f90:1432:5:

 1432 |  7152 format('Subr.Cbend:   k=',i1,'     derivatives: ',/,
      |     1
Warning: Label 7152 at (1) defined but not used [-Wunused-label]
H3_GEN_BKMP3_1996.f90:1418:5:

 1418 |  7150 format(' k=',i1,'     derivatives: ',/,
      |     1
Warning: Label 7150 at (1) defined but not used [-Wunused-label]
H3_GEN_BKMP3_1996.f90:1414:5:

 1414 |  7100 format('    Vbnda = ',g12.6,'     Vbndb = ',g12.6)
      |     1
Warning: Label 7100 at (1) defined but not used [-Wunused-label]
H3_GEN_BKMP3_1996.f90:1451:5:

 1451 |  7010 format('    ri2-rj2-rk2: ',3(1x,e12.6),/,
      |     1
Warning: Label 7010 at (1) defined but not used [-Wunused-label]
H3_GEN_BKMP3_1996.f90:1449:5:

 1449 |  7000 format('    dc(j)/dr(i) derivatives: ',/,
      |     1
Warning: Label 7000 at (1) defined but not used [-Wunused-label]
H3_GEN_BKMP3_1996.f90:1448:5:

 1448 |  6020 format('    db1a: ',3(1x,e12.6),/,'    db1b: ',3(1x,e12.6))
      |     1
Warning: Label 6020 at (1) defined but not used [-Wunused-label]
H3_GEN_BKMP3_1996.f90:1447:5:

 1447 |  6010 format('    b1a = ',f16.10,'     b1b = ',f16.10)
      |     1
Warning: Label 6010 at (1) defined but not used [-Wunused-label]
H3_GEN_BKMP3_1996.f90:1446:5:

 1446 |  6000 format(' from subr.b1ab:  r=',3(1x,f9.6))
      |     1
Warning: Label 6000 at (1) defined but not used [-Wunused-label]
H3_GEN_BKMP3_1996.f90:1431:5:

 1431 |  2033 format(5x,'sumT = ',g12.6 ,'  cbnds(k) = ',g12.6)
      |     1
Warning: Label 2033 at (1) defined but not used [-Wunused-label]
H3_GEN_BKMP3_1996.f90:1428:5:

 1428 |  2020 format(5x,'k=',i1,' cb1,cb2,cb3= ',3(1x,g16.10),
      |     1
Warning: Label 2020 at (1) defined but not used [-Wunused-label]
H3_GEN_BKMP3_1996.f90:1413:5:

 1413 |  2010 format(5x,'B1a, B1b, B2, B3 = ',4(1x,g12.6))
      |     1
Warning: Label 2010 at (1) defined but not used [-Wunused-label]
H3_GEN_BKMP3_1996.f90:1412:5:

 1412 |  2000 format(5x,'r1, r2, r3 = ',3(1x,f12.8))
      |     1
Warning: Label 2000 at (1) defined but not used [-Wunused-label]
H3_GEN_BKMP3_1996.f90:93:36:

   93 |       ENTRY POT (rvp, evp, nt, nsurf)
      |                                    1
Warning: Unused dummy argument 'nsurf' at (1) [-Wunused-dummy-argument]
H3_GEN_BKMP3_1996.f90:126:38:

  126 |       subroutine bkmp2(r,Vtot,dVtot,id)
      |                                      1
Warning: Unused dummy argument 'id' at (1) [-Wunused-dummy-argument]
H3_GEN_BKMP3_1996.f90:798:45:

  798 |       subroutine vbcb95(rpass,icompc,T,dT,ipr,
      |                                             1
Warning: Unused dummy argument 'ipr' at (1) [-Wunused-dummy-argument]
H3_GEN_BKMP3_1996.f90:281:34:

  281 |       subroutine triplet95(r,E3,id)
      |                                  1
Warning: Unused dummy argument 'id' at (1) [-Wunused-dummy-argument]
H3_GEN_BKMP3_1996.f90:15:38:

   15 |       logical, save :: first_time_data=.true.
      |                                      1
Warning: Unused variable 'first_time_data' declared at (1) [-Wunused-variable]
H3_GEN_BKMP3_1996.f90:14:31:

   14 |       integer :: iatom, idir, i, j
      |                               1
Warning: Unused variable 'i' declared at (1) [-Wunused-variable]
H3_GEN_BKMP3_1996.f90:14:22:

   14 |       integer :: iatom, idir, i, j
      |                      1
Warning: Unused variable 'iatom' declared at (1) [-Wunused-variable]
H3_GEN_BKMP3_1996.f90:14:28:

   14 |       integer :: iatom, idir, i, j
      |                            1
Warning: Unused variable 'idir' declared at (1) [-Wunused-variable]
H3_GEN_BKMP3_1996.f90:14:34:

   14 |       integer :: iatom, idir, i, j
      |                                  1
Warning: Unused variable 'j' declared at (1) [-Wunused-variable]
INFO: gfortran:f77: /tmp/tmpmvit3kla/src.linux-x86_64-3.11/H3_GEN_BKMP3_1996-f2pywrappers.f
INFO: /home/truhlard/shuxx055/anaconda3/envs/test/bin/gfortran -Wall -g -Wall -g -shared /tmp/tmpmvit3kla/tmp/tmpmvit3kla/src.linux-x86_64-3.11/H3_GEN_BKMP3_1996module.o /tmp/tmpmvit3kla/tmp/tmpmvit3kla/src.linux-x86_64-3.11/fortranobject.o /tmp/tmpmvit3kla/H3_GEN_BKMP3_1996.o /tmp/tmpmvit3kla/tmp/tmpmvit3kla/src.linux-x86_64-3.11/H3_GEN_BKMP3_1996-f2pywrappers.o -L/panfs/jay/groups/16/truhlard/shuxx055/anaconda3/envs/test/bin/../lib/gcc/x86_64-conda-linux-gnu/13.1.0/../../../../x86_64-conda-linux-gnu/lib/../lib -L/panfs/jay/groups/16/truhlard/shuxx055/anaconda3/envs/test/bin/../lib/gcc/x86_64-conda-linux-gnu/13.1.0/../../../../x86_64-conda-linux-gnu/lib/../lib -lmkl_intel_lp64 -lmkl_sequential -lmkl_core -lgfortran -o ./H3_GEN_BKMP3_1996.cpython-311-x86_64-linux-gnu.so
Removing build directory /tmp/tmpmvit3kla
