running build
running config_cc
INFO: unifing config_cc, config, build_clib, build_ext, build commands --compiler options
running config_fc
INFO: unifing config_fc, config, build_clib, build_ext, build commands --fcompiler options
running build_src
INFO: build_src
INFO: building extension "H3_GEN_BH_2009" sources
INFO: f2py options: []
INFO: f2py:> /tmp/tmpz22_7_us/src.linux-x86_64-3.11/H3_GEN_BH_2009module.c
creating /tmp/tmpz22_7_us/src.linux-x86_64-3.11
Reading fortran codes...
	Reading file 'H3_GEN_BH_2009.f90' (format:free)
Post-processing...
	Block: H3_GEN_BH_2009
			Block: zmasses
			Block: pot
			Block: prepotbodcdh2
			Block: bodc2body
			Block: indexa2
			Block: prepot_leps
			Block: leps
			Block: prepotcbs
			Block: indexa3
			Block: trip
			Block: singlet
			Block: golden
In: :H3_GEN_BH_2009:H3_GEN_BH_2009.f90:golden
get_parameters: got "eval() arg 1 must be a string, bytes or code object" on 8
In: :H3_GEN_BH_2009:H3_GEN_BH_2009.f90:golden
get_parameters: got "eval() arg 1 must be a string, bytes or code object" on 8
			Block: fcn
			Block: pes
			Block: evdrdx
Applying post-processing hooks...
  character_backward_compatibility_hook
Post-processing (stage 2)...
	Block: H3_GEN_BH_2009
		Block: unknown_interface
			Block: zmasses
			Block: pot
			Block: prepotbodcdh2
			Block: bodc2body
			Block: indexa2
			Block: prepot_leps
			Block: leps
			Block: prepotcbs
			Block: indexa3
			Block: trip
			Block: singlet
			Block: golden
			Block: fcn
			Block: pes
			Block: evdrdx
Building modules...
    Building module "H3_GEN_BH_2009"...
    Generating possibly empty wrappers"
    Maybe empty "H3_GEN_BH_2009-f2pywrappers.f"
        Constructing wrapper function "pot"...
          evp,dvp = pot(rvp)
    Generating possibly empty wrappers"
    Maybe empty "H3_GEN_BH_2009-f2pywrappers.f"
        Constructing wrapper function "prepotbodcdh2"...
          prepotbodcdh2()
    Generating possibly empty wrappers"
    Maybe empty "H3_GEN_BH_2009-f2pywrappers.f"
        Constructing wrapper function "potbodcdh2"...
          potbodcdh2(r1x,r2x,r3x,eee,dv)
    Generating possibly empty wrappers"
    Maybe empty "H3_GEN_BH_2009-f2pywrappers.f"
		Creating wrapper for Fortran function "bodc2body"("bodc2body")...
        Constructing wrapper function "bodc2body"...
          bodc2body = bodc2body(r1x,dv)
    Generating possibly empty wrappers"
    Maybe empty "H3_GEN_BH_2009-f2pywrappers.f"
        Constructing wrapper function "indexa2"...
          indexa2(mbig,mtop)
    Generating possibly empty wrappers"
    Maybe empty "H3_GEN_BH_2009-f2pywrappers.f"
        Constructing wrapper function "prepot_leps"...
          prepot_leps()
    Generating possibly empty wrappers"
    Maybe empty "H3_GEN_BH_2009-f2pywrappers.f"
        Constructing wrapper function "leps"...
          leps(r,v1,v2,xma,xmb,xmc,gtot,dgtot)
    Generating possibly empty wrappers"
    Maybe empty "H3_GEN_BH_2009-f2pywrappers.f"
        Constructing wrapper function "prepotcbs"...
          prepotcbs()
    Generating possibly empty wrappers"
    Maybe empty "H3_GEN_BH_2009-f2pywrappers.f"
        Constructing wrapper function "potcbs"...
          potcbs(r1x,r2x,r3x,eee,dv)
    Generating possibly empty wrappers"
    Maybe empty "H3_GEN_BH_2009-f2pywrappers.f"
        Constructing wrapper function "indexa3"...
          indexa3(mbig,mtop)
    Generating possibly empty wrappers"
    Maybe empty "H3_GEN_BH_2009-f2pywrappers.f"
        Constructing wrapper function "trip"...
          trip(r,v,dv)
    Generating possibly empty wrappers"
    Maybe empty "H3_GEN_BH_2009-f2pywrappers.f"
        Constructing wrapper function "singlet"...
          singlet(r,v,dv)
    Generating possibly empty wrappers"
    Maybe empty "H3_GEN_BH_2009-f2pywrappers.f"
        Constructing wrapper function "golden"...
          golden(ax,bx,cx,tol,xmin,fval)
    Generating possibly empty wrappers"
    Maybe empty "H3_GEN_BH_2009-f2pywrappers.f"
		Creating wrapper for Fortran function "fcn"("fcn")...
        Constructing wrapper function "fcn"...
          fcn = fcn(x)
    Generating possibly empty wrappers"
    Maybe empty "H3_GEN_BH_2009-f2pywrappers.f"
        Constructing wrapper function "pes"...
          p,g,d = pes(x,igrad)
    Generating possibly empty wrappers"
    Maybe empty "H3_GEN_BH_2009-f2pywrappers.f"
        Constructing wrapper function "evdrdx"...
          drdx = evdrdx(x,r)
		Constructing COMMON block support for "indy2"...
		  iind,jind,kind,ipar,maxi,maxi2
		Constructing COMMON block support for "lepscm"...
		  d,re,beta,sato,rt3
		Constructing COMMON block support for "indy"...
		  iind,jind,kind,ipar,maxi,maxi2
		Constructing F90 module support for "zmasses"...
		  Variables: zmass1 zmass2
    Wrote C/API module "H3_GEN_BH_2009" to file "/tmp/tmpz22_7_us/src.linux-x86_64-3.11/H3_GEN_BH_2009module.c"
    Fortran 77 wrappers are saved to "/tmp/tmpz22_7_us/src.linux-x86_64-3.11/H3_GEN_BH_2009-f2pywrappers.f"
    Fortran 90 wrappers are saved to "/tmp/tmpz22_7_us/src.linux-x86_64-3.11/H3_GEN_BH_2009-f2pywrappers2.f90"
INFO:   adding '/tmp/tmpz22_7_us/src.linux-x86_64-3.11/fortranobject.c' to sources.
INFO:   adding '/tmp/tmpz22_7_us/src.linux-x86_64-3.11' to include_dirs.
copying /home/truhlard/shuxx055/anaconda3/envs/test/lib/python3.11/site-packages/numpy/f2py/src/fortranobject.c -> /tmp/tmpz22_7_us/src.linux-x86_64-3.11
copying /home/truhlard/shuxx055/anaconda3/envs/test/lib/python3.11/site-packages/numpy/f2py/src/fortranobject.h -> /tmp/tmpz22_7_us/src.linux-x86_64-3.11
INFO:   adding '/tmp/tmpz22_7_us/src.linux-x86_64-3.11/H3_GEN_BH_2009-f2pywrappers.f' to sources.
INFO:   adding '/tmp/tmpz22_7_us/src.linux-x86_64-3.11/H3_GEN_BH_2009-f2pywrappers2.f90' to sources.
INFO: build_src: building npy-pkg config files
/home/truhlard/shuxx055/anaconda3/envs/test/lib/python3.11/site-packages/setuptools/_distutils/cmd.py:66: SetuptoolsDeprecationWarning: setup.py install is deprecated.
!!

        ********************************************************************************
        Please avoid running ``setup.py`` directly.
        Instead, use pypa/build, pypa/installer or other
        standards-based tools.

        See https://blog.ganssle.io/articles/2021/10/setup-py-deprecated.html for details.
        ********************************************************************************

!!
  self.initialize_options()
running build_ext
INFO: customize UnixCCompiler
INFO: customize UnixCCompiler using build_ext
INFO: get_default_fcompiler: matching types: '['arm', 'gnu95', 'intel', 'lahey', 'pg', 'nv', 'absoft', 'nag', 'vast', 'compaq', 'intele', 'intelem', 'gnu', 'g95', 'pathf95', 'nagfor', 'fujitsu']'
INFO: customize ArmFlangCompiler
WARN: Could not locate executable armflang
INFO: customize Gnu95FCompiler
INFO: Found executable /home/truhlard/shuxx055/anaconda3/envs/test/bin/gfortran
INFO: customize Gnu95FCompiler
INFO: customize Gnu95FCompiler using build_ext
INFO: building 'H3_GEN_BH_2009' extension
INFO: compiling C sources
INFO: C compiler: gcc -pthread -B /home/truhlard/shuxx055/anaconda3/envs/test/compiler_compat -DNDEBUG -fwrapv -O2 -Wall -fPIC -O2 -isystem /home/truhlard/shuxx055/anaconda3/envs/test/include -fPIC -O2 -isystem /home/truhlard/shuxx055/anaconda3/envs/test/include -fPIC

creating /tmp/tmpz22_7_us/tmp
creating /tmp/tmpz22_7_us/tmp/tmpz22_7_us
creating /tmp/tmpz22_7_us/tmp/tmpz22_7_us/src.linux-x86_64-3.11
INFO: compile options: '-DNPY_DISABLE_OPTIMIZATION=1 -I/tmp/tmpz22_7_us/src.linux-x86_64-3.11 -I/home/truhlard/shuxx055/anaconda3/envs/test/lib/python3.11/site-packages/numpy/core/include -I/home/truhlard/shuxx055/anaconda3/envs/test/include/python3.11 -c'
INFO: gcc: /tmp/tmpz22_7_us/src.linux-x86_64-3.11/fortranobject.c
INFO: gcc: /tmp/tmpz22_7_us/src.linux-x86_64-3.11/H3_GEN_BH_2009module.c
INFO: compiling Fortran 90 module sources
INFO: Fortran f77 compiler: /home/truhlard/shuxx055/anaconda3/envs/test/bin/gfortran -Wall -g -ffixed-form -fno-second-underscore -fPIC -O3 -funroll-loops
Fortran f90 compiler: /home/truhlard/shuxx055/anaconda3/envs/test/bin/gfortran -fallow-argument-mismatch -std=legacy -fPIC -O3 -funroll-loops
Fortran fix compiler: /home/truhlard/shuxx055/anaconda3/envs/test/bin/gfortran -Wall -g -ffixed-form -fno-second-underscore -fallow-argument-mismatch -std=legacy -fPIC -O3 -funroll-loops
INFO: compile options: '-I/tmp/tmpz22_7_us/src.linux-x86_64-3.11 -I/home/truhlard/shuxx055/anaconda3/envs/test/lib/python3.11/site-packages/numpy/core/include -I/home/truhlard/shuxx055/anaconda3/envs/test/include/python3.11 -c'
extra options: '-J/tmp/tmpz22_7_us/ -I/tmp/tmpz22_7_us/'
INFO: gfortran:f90: H3_GEN_BH_2009.f90
INFO: compiling Fortran sources
INFO: Fortran f77 compiler: /home/truhlard/shuxx055/anaconda3/envs/test/bin/gfortran -Wall -g -ffixed-form -fno-second-underscore -fPIC -O3 -funroll-loops
Fortran f90 compiler: /home/truhlard/shuxx055/anaconda3/envs/test/bin/gfortran -fallow-argument-mismatch -std=legacy -fPIC -O3 -funroll-loops
Fortran fix compiler: /home/truhlard/shuxx055/anaconda3/envs/test/bin/gfortran -Wall -g -ffixed-form -fno-second-underscore -fallow-argument-mismatch -std=legacy -fPIC -O3 -funroll-loops
INFO: compile options: '-I/tmp/tmpz22_7_us/src.linux-x86_64-3.11 -I/home/truhlard/shuxx055/anaconda3/envs/test/lib/python3.11/site-packages/numpy/core/include -I/home/truhlard/shuxx055/anaconda3/envs/test/include/python3.11 -c'
extra options: '-J/tmp/tmpz22_7_us/ -I/tmp/tmpz22_7_us/'
INFO: gfortran:f90: /tmp/tmpz22_7_us/src.linux-x86_64-3.11/H3_GEN_BH_2009-f2pywrappers2.f90
INFO: gfortran:f77: /tmp/tmpz22_7_us/src.linux-x86_64-3.11/H3_GEN_BH_2009-f2pywrappers.f
INFO: /home/truhlard/shuxx055/anaconda3/envs/test/bin/gfortran -Wall -g -Wall -g -shared /tmp/tmpz22_7_us/tmp/tmpz22_7_us/src.linux-x86_64-3.11/H3_GEN_BH_2009module.o /tmp/tmpz22_7_us/tmp/tmpz22_7_us/src.linux-x86_64-3.11/fortranobject.o /tmp/tmpz22_7_us/H3_GEN_BH_2009.o /tmp/tmpz22_7_us/tmp/tmpz22_7_us/src.linux-x86_64-3.11/H3_GEN_BH_2009-f2pywrappers.o /tmp/tmpz22_7_us/tmp/tmpz22_7_us/src.linux-x86_64-3.11/H3_GEN_BH_2009-f2pywrappers2.o -L/panfs/jay/groups/16/truhlard/shuxx055/anaconda3/envs/test/bin/../lib/gcc/x86_64-conda-linux-gnu/13.1.0/../../../../x86_64-conda-linux-gnu/lib/../lib -L/panfs/jay/groups/16/truhlard/shuxx055/anaconda3/envs/test/bin/../lib/gcc/x86_64-conda-linux-gnu/13.1.0/../../../../x86_64-conda-linux-gnu/lib/../lib -lmkl_intel_lp64 -lmkl_sequential -lmkl_core -lgfortran -o ./H3_GEN_BH_2009.cpython-311-x86_64-linux-gnu.so
Removing build directory /tmp/tmpz22_7_us
