running build
running config_cc
INFO: unifing config_cc, config, build_clib, build_ext, build commands --compiler options
running config_fc
INFO: unifing config_fc, config, build_clib, build_ext, build commands --fcompiler options
running build_src
INFO: build_src
INFO: building extension "H3_GEN_DMBE_1987" sources
INFO: f2py options: []
INFO: f2py:> /tmp/tmp5q8j6uqf/src.linux-x86_64-3.11/H3_GEN_DMBE_1987module.c
creating /tmp/tmp5q8j6uqf/src.linux-x86_64-3.11
analyzeline: Failed to evaluate '4.0d0*pi*1.0d-07'. Ignoring: invalid decimal literal (<string>, line 1)
analyzeline: Failed to evaluate '1.0d0/(cmu_0*clight**2)'. Ignoring: invalid decimal literal (<string>, line 1)
Reading fortran codes...
	Reading file 'H3_GEN_DMBE_1987.f' (format:fix,strict)
Line #16 in H3_GEN_DMBE_1987.f:"      PARAMETER (JSURF=INT(ISURF*(ISURF+1)/2))"
	determineexprtype: could not determine expressions ('int') type.
Line #16 in H3_GEN_DMBE_1987.f:"      PARAMETER (JSURF=INT(ISURF*(ISURF+1)/2))"
	determineexprtype: could not determine expressions ('int(isurf*(isurf+1)/2)') type.
Line #229 in H3_GEN_DMBE_1987.f:"      PARAMETER (PI = 3.141592653589793D0)                              "
	get_parameters: got "eval() arg 1 must be a string, bytes or code object" on 4
Line #231 in H3_GEN_DMBE_1987.f:"      PARAMETER (NATOM = 25)                                            "
	get_parameters: got "eval() arg 1 must be a string, bytes or code object" on 4
Line #231 in H3_GEN_DMBE_1987.f:"      PARAMETER (NATOM = 25)                                            "
	get_parameters: got "eval() arg 1 must be a string, bytes or code object" on 4
Line #368 in H3_GEN_DMBE_1987.f:"      PARAMETER (PI = 3.141592653589793D0)                              "
	get_parameters: got "eval() arg 1 must be a string, bytes or code object" on 4
Line #538 in H3_GEN_DMBE_1987.f:"      PARAMETER (PI = 3.141592653589793D0)                              "
	get_parameters: got "eval() arg 1 must be a string, bytes or code object" on 4
Line #540 in H3_GEN_DMBE_1987.f:"      PARAMETER (NATOM = 25)                                            "
	get_parameters: got "eval() arg 1 must be a string, bytes or code object" on 4
Line #540 in H3_GEN_DMBE_1987.f:"      PARAMETER (NATOM = 25)                                            "
	get_parameters: got "eval() arg 1 must be a string, bytes or code object" on 4
Line #644 in H3_GEN_DMBE_1987.f:"      PARAMETER (PI = 3.141592653589793D0)                              "
	get_parameters: got "eval() arg 1 must be a string, bytes or code object" on 4
Line #646 in H3_GEN_DMBE_1987.f:"      PARAMETER (NATOM = 25)                                            "
	get_parameters: got "eval() arg 1 must be a string, bytes or code object" on 4
Line #646 in H3_GEN_DMBE_1987.f:"      PARAMETER (NATOM = 25)                                            "
	get_parameters: got "eval() arg 1 must be a string, bytes or code object" on 4
Line #798 in H3_GEN_DMBE_1987.f:"      PARAMETER (PI = 3.141592653589793D0)                              "
	get_parameters: got "eval() arg 1 must be a string, bytes or code object" on 4
Line #800 in H3_GEN_DMBE_1987.f:"      PARAMETER (NATOM = 25)                                            "
	get_parameters: got "eval() arg 1 must be a string, bytes or code object" on 4
Line #800 in H3_GEN_DMBE_1987.f:"      PARAMETER (NATOM = 25)                                            "
	get_parameters: got "eval() arg 1 must be a string, bytes or code object" on 4
Line #941 in H3_GEN_DMBE_1987.f:"      PARAMETER (PI = 3.141592653589793D0)                              "
	get_parameters: got "eval() arg 1 must be a string, bytes or code object" on 4
Line #943 in H3_GEN_DMBE_1987.f:"      PARAMETER (NATOM = 25)                                            "
	get_parameters: got "eval() arg 1 must be a string, bytes or code object" on 4
Line #943 in H3_GEN_DMBE_1987.f:"      PARAMETER (NATOM = 25)                                            "
	get_parameters: got "eval() arg 1 must be a string, bytes or code object" on 4
Line #1073 in H3_GEN_DMBE_1987.f:"      PARAMETER (PI = 3.141592653589793D0)                              "
	get_parameters: got "eval() arg 1 must be a string, bytes or code object" on 4
Line #1075 in H3_GEN_DMBE_1987.f:"      PARAMETER (NATOM = 25)                                            "
	get_parameters: got "eval() arg 1 must be a string, bytes or code object" on 4
Line #1075 in H3_GEN_DMBE_1987.f:"      PARAMETER (NATOM = 25)                                            "
	get_parameters: got "eval() arg 1 must be a string, bytes or code object" on 4
Line #1263 in H3_GEN_DMBE_1987.f:"      PARAMETER (PI = 3.141592653589793D0)                              "
	get_parameters: got "eval() arg 1 must be a string, bytes or code object" on 4
Line #1265 in H3_GEN_DMBE_1987.f:"      PARAMETER (NATOM = 25)                                            "
	get_parameters: got "eval() arg 1 must be a string, bytes or code object" on 4
Line #1265 in H3_GEN_DMBE_1987.f:"      PARAMETER (NATOM = 25)                                            "
	get_parameters: got "eval() arg 1 must be a string, bytes or code object" on 4
Line #1367 in H3_GEN_DMBE_1987.f:"      PARAMETER (PI = 3.141592653589793D0)                              "
	get_parameters: got "eval() arg 1 must be a string, bytes or code object" on 4
Line #1369 in H3_GEN_DMBE_1987.f:"      PARAMETER (NATOM = 25)                                            "
	get_parameters: got "eval() arg 1 must be a string, bytes or code object" on 4
Line #1369 in H3_GEN_DMBE_1987.f:"      PARAMETER (NATOM = 25)                                            "
	get_parameters: got "eval() arg 1 must be a string, bytes or code object" on 4
Line #1539 in H3_GEN_DMBE_1987.f:"      PARAMETER (PI = 3.141592653589793D0)                              "
	get_parameters: got "eval() arg 1 must be a string, bytes or code object" on 4
Line #1541 in H3_GEN_DMBE_1987.f:"      PARAMETER (NATOM = 25)                                            "
	get_parameters: got "eval() arg 1 must be a string, bytes or code object" on 4
Line #1541 in H3_GEN_DMBE_1987.f:"      PARAMETER (NATOM = 25)                                            "
	get_parameters: got "eval() arg 1 must be a string, bytes or code object" on 4
Line #1638 in H3_GEN_DMBE_1987.f:"      PARAMETER (PI = 3.141592653589793D0)                              "
	get_parameters: got "eval() arg 1 must be a string, bytes or code object" on 4
Line #1640 in H3_GEN_DMBE_1987.f:"      PARAMETER (NATOM = 25)                                            "
	get_parameters: got "eval() arg 1 must be a string, bytes or code object" on 4
Line #1640 in H3_GEN_DMBE_1987.f:"      PARAMETER (NATOM = 25)                                            "
	get_parameters: got "eval() arg 1 must be a string, bytes or code object" on 4
Line #1751 in H3_GEN_DMBE_1987.f:"      PARAMETER (PI = 3.141592653589793D0)                              "
	get_parameters: got "eval() arg 1 must be a string, bytes or code object" on 4
Line #1753 in H3_GEN_DMBE_1987.f:"      PARAMETER (NATOM = 25)                                            "
	get_parameters: got "eval() arg 1 must be a string, bytes or code object" on 4
Line #1753 in H3_GEN_DMBE_1987.f:"      PARAMETER (NATOM = 25)                                            "
	get_parameters: got "eval() arg 1 must be a string, bytes or code object" on 4
Line #1894 in H3_GEN_DMBE_1987.f:"      PARAMETER (PI = 3.141592653589793D0)                              "
	get_parameters: got "eval() arg 1 must be a string, bytes or code object" on 4
Line #1896 in H3_GEN_DMBE_1987.f:"      PARAMETER (NATOM = 25)                                            "
	get_parameters: got "eval() arg 1 must be a string, bytes or code object" on 4
Line #1896 in H3_GEN_DMBE_1987.f:"      PARAMETER (NATOM = 25)                                            "
	get_parameters: got "eval() arg 1 must be a string, bytes or code object" on 4
Line #1997 in H3_GEN_DMBE_1987.f:"      PARAMETER (PI = 3.141592653589793D0)                              "
	get_parameters: got "eval() arg 1 must be a string, bytes or code object" on 4
Line #1999 in H3_GEN_DMBE_1987.f:"      PARAMETER (NATOM = 25)                                            "
	get_parameters: got "eval() arg 1 must be a string, bytes or code object" on 4
Line #1999 in H3_GEN_DMBE_1987.f:"      PARAMETER (NATOM = 25)                                            "
	get_parameters: got "eval() arg 1 must be a string, bytes or code object" on 4
Line #2139 in H3_GEN_DMBE_1987.f:"      PARAMETER (PI = 3.141592653589793D0)"
	get_parameters: got "eval() arg 1 must be a string, bytes or code object" on 4
Line #2309 in H3_GEN_DMBE_1987.f:"      PARAMETER(        PI = 3.141592653589793D0)"
	get_parameters: got "eval() arg 1 must be a string, bytes or code object" on 4
Line #2310 in H3_GEN_DMBE_1987.f:"      PARAMETER(    CLIGHT = 2.99792458D08)"
	get_parameters: got "eval() arg 1 must be a string, bytes or code object" on 4
Line #2310 in H3_GEN_DMBE_1987.f:"      PARAMETER(    CLIGHT = 2.99792458D08)"
	get_parameters: got "eval() arg 1 must be a string, bytes or code object" on 4
Line #2311 in H3_GEN_DMBE_1987.f:"      PARAMETER(     CMU_0 = 4.0D0*PI*1.0D-07)"
	get_parameters: got "eval() arg 1 must be a string, bytes or code object" on 4
Line #2311 in H3_GEN_DMBE_1987.f:"      PARAMETER(     CMU_0 = 4.0D0*PI*1.0D-07)"
	get_parameters: got "eval() arg 1 must be a string, bytes or code object" on 4
Line #2311 in H3_GEN_DMBE_1987.f:"      PARAMETER(     CMU_0 = 4.0D0*PI*1.0D-07)"
	get_parameters: got "eval() arg 1 must be a string, bytes or code object" on 4
Line #2312 in H3_GEN_DMBE_1987.f:"      PARAMETER(CEPSILON_0 = 1.0D0/(CMU_0*CLIGHT**2))"
	get_parameters: got "eval() arg 1 must be a string, bytes or code object" on 4
Line #2312 in H3_GEN_DMBE_1987.f:"      PARAMETER(CEPSILON_0 = 1.0D0/(CMU_0*CLIGHT**2))"
	get_parameters: got "eval() arg 1 must be a string, bytes or code object" on 4
Line #2312 in H3_GEN_DMBE_1987.f:"      PARAMETER(CEPSILON_0 = 1.0D0/(CMU_0*CLIGHT**2))"
	get_parameters: got "eval() arg 1 must be a string, bytes or code object" on 4
Line #2312 in H3_GEN_DMBE_1987.f:"      PARAMETER(CEPSILON_0 = 1.0D0/(CMU_0*CLIGHT**2))"
	determineexprtype: could not determine expressions ('1.0d0/(cmu_0*clight**2)') type.
Line #2313 in H3_GEN_DMBE_1987.f:"      PARAMETER(        CE = 1.602176462D-19)"
	get_parameters: got "eval() arg 1 must be a string, bytes or code object" on 4
Line #2313 in H3_GEN_DMBE_1987.f:"      PARAMETER(        CE = 1.602176462D-19)"
	get_parameters: got "eval() arg 1 must be a string, bytes or code object" on 4
Line #2313 in H3_GEN_DMBE_1987.f:"      PARAMETER(        CE = 1.602176462D-19)"
	get_parameters: got "eval() arg 1 must be a string, bytes or code object" on 4
Line #2314 in H3_GEN_DMBE_1987.f:"      PARAMETER(   CPLANCK = 6.62606876D-34)"
	get_parameters: got "eval() arg 1 must be a string, bytes or code object" on 4
Line #2314 in H3_GEN_DMBE_1987.f:"      PARAMETER(   CPLANCK = 6.62606876D-34)"
	get_parameters: got "eval() arg 1 must be a string, bytes or code object" on 4
Line #2314 in H3_GEN_DMBE_1987.f:"      PARAMETER(   CPLANCK = 6.62606876D-34)"
	get_parameters: got "eval() arg 1 must be a string, bytes or code object" on 4
Line #2314 in H3_GEN_DMBE_1987.f:"      PARAMETER(   CPLANCK = 6.62606876D-34)"
	get_parameters: got "eval() arg 1 must be a string, bytes or code object" on 4
Line #2315 in H3_GEN_DMBE_1987.f:"      PARAMETER(      CM_E = 9.10938188D-31)"
	get_parameters: got "eval() arg 1 must be a string, bytes or code object" on 4
Line #2315 in H3_GEN_DMBE_1987.f:"      PARAMETER(      CM_E = 9.10938188D-31)"
	get_parameters: got "eval() arg 1 must be a string, bytes or code object" on 4
Line #2315 in H3_GEN_DMBE_1987.f:"      PARAMETER(      CM_E = 9.10938188D-31)"
	get_parameters: got "eval() arg 1 must be a string, bytes or code object" on 4
Line #2315 in H3_GEN_DMBE_1987.f:"      PARAMETER(      CM_E = 9.10938188D-31)"
	get_parameters: got "eval() arg 1 must be a string, bytes or code object" on 4
Line #2315 in H3_GEN_DMBE_1987.f:"      PARAMETER(      CM_E = 9.10938188D-31)"
	get_parameters: got "eval() arg 1 must be a string, bytes or code object" on 4
Line #2316 in H3_GEN_DMBE_1987.f:"      PARAMETER(      CANG = 1.0D-10)"
	get_parameters: got "eval() arg 1 must be a string, bytes or code object" on 4
Line #2316 in H3_GEN_DMBE_1987.f:"      PARAMETER(      CANG = 1.0D-10)"
	get_parameters: got "eval() arg 1 must be a string, bytes or code object" on 4
Line #2316 in H3_GEN_DMBE_1987.f:"      PARAMETER(      CANG = 1.0D-10)"
	get_parameters: got "eval() arg 1 must be a string, bytes or code object" on 4
Line #2316 in H3_GEN_DMBE_1987.f:"      PARAMETER(      CANG = 1.0D-10)"
	get_parameters: got "eval() arg 1 must be a string, bytes or code object" on 4
Line #2316 in H3_GEN_DMBE_1987.f:"      PARAMETER(      CANG = 1.0D-10)"
	get_parameters: got "eval() arg 1 must be a string, bytes or code object" on 4
Line #2316 in H3_GEN_DMBE_1987.f:"      PARAMETER(      CANG = 1.0D-10)"
	get_parameters: got "eval() arg 1 must be a string, bytes or code object" on 4
Line #2317 in H3_GEN_DMBE_1987.f:"      PARAMETER( CAVOGADRO = 6.02214199D23)"
	get_parameters: got "eval() arg 1 must be a string, bytes or code object" on 4
Line #2317 in H3_GEN_DMBE_1987.f:"      PARAMETER( CAVOGADRO = 6.02214199D23)"
	get_parameters: got "eval() arg 1 must be a string, bytes or code object" on 4
Line #2317 in H3_GEN_DMBE_1987.f:"      PARAMETER( CAVOGADRO = 6.02214199D23)"
	get_parameters: got "eval() arg 1 must be a string, bytes or code object" on 4
Line #2317 in H3_GEN_DMBE_1987.f:"      PARAMETER( CAVOGADRO = 6.02214199D23)"
	get_parameters: got "eval() arg 1 must be a string, bytes or code object" on 4
Line #2317 in H3_GEN_DMBE_1987.f:"      PARAMETER( CAVOGADRO = 6.02214199D23)"
	get_parameters: got "eval() arg 1 must be a string, bytes or code object" on 4
Line #2317 in H3_GEN_DMBE_1987.f:"      PARAMETER( CAVOGADRO = 6.02214199D23)"
	get_parameters: got "eval() arg 1 must be a string, bytes or code object" on 4
Line #2317 in H3_GEN_DMBE_1987.f:"      PARAMETER( CAVOGADRO = 6.02214199D23)"
	get_parameters: got "eval() arg 1 must be a string, bytes or code object" on 4
Line #2318 in H3_GEN_DMBE_1987.f:"      PARAMETER(     CKCAL = 4.184D10)"
	get_parameters: got "eval() arg 1 must be a string, bytes or code object" on 4
Line #2318 in H3_GEN_DMBE_1987.f:"      PARAMETER(     CKCAL = 4.184D10)"
	get_parameters: got "eval() arg 1 must be a string, bytes or code object" on 4
Line #2318 in H3_GEN_DMBE_1987.f:"      PARAMETER(     CKCAL = 4.184D10)"
	get_parameters: got "eval() arg 1 must be a string, bytes or code object" on 4
Line #2318 in H3_GEN_DMBE_1987.f:"      PARAMETER(     CKCAL = 4.184D10)"
	get_parameters: got "eval() arg 1 must be a string, bytes or code object" on 4
Line #2318 in H3_GEN_DMBE_1987.f:"      PARAMETER(     CKCAL = 4.184D10)"
	get_parameters: got "eval() arg 1 must be a string, bytes or code object" on 4
Line #2318 in H3_GEN_DMBE_1987.f:"      PARAMETER(     CKCAL = 4.184D10)"
	get_parameters: got "eval() arg 1 must be a string, bytes or code object" on 4
Line #2318 in H3_GEN_DMBE_1987.f:"      PARAMETER(     CKCAL = 4.184D10)"
	get_parameters: got "eval() arg 1 must be a string, bytes or code object" on 4
Line #2318 in H3_GEN_DMBE_1987.f:"      PARAMETER(     CKCAL = 4.184D10)"
	get_parameters: got "eval() arg 1 must be a string, bytes or code object" on 4
Line #2319 in H3_GEN_DMBE_1987.f:"      PARAMETER(  HTOMILLH = 1000.D0)"
	get_parameters: got "eval() arg 1 must be a string, bytes or code object" on 4
Line #2319 in H3_GEN_DMBE_1987.f:"      PARAMETER(  HTOMILLH = 1000.D0)"
	get_parameters: got "eval() arg 1 must be a string, bytes or code object" on 4
Line #2319 in H3_GEN_DMBE_1987.f:"      PARAMETER(  HTOMILLH = 1000.D0)"
	get_parameters: got "eval() arg 1 must be a string, bytes or code object" on 4
Line #2319 in H3_GEN_DMBE_1987.f:"      PARAMETER(  HTOMILLH = 1000.D0)"
	get_parameters: got "eval() arg 1 must be a string, bytes or code object" on 4
Line #2319 in H3_GEN_DMBE_1987.f:"      PARAMETER(  HTOMILLH = 1000.D0)"
	get_parameters: got "eval() arg 1 must be a string, bytes or code object" on 4
Line #2319 in H3_GEN_DMBE_1987.f:"      PARAMETER(  HTOMILLH = 1000.D0)"
	get_parameters: got "eval() arg 1 must be a string, bytes or code object" on 4
Line #2319 in H3_GEN_DMBE_1987.f:"      PARAMETER(  HTOMILLH = 1000.D0)"
	get_parameters: got "eval() arg 1 must be a string, bytes or code object" on 4
Line #2319 in H3_GEN_DMBE_1987.f:"      PARAMETER(  HTOMILLH = 1000.D0)"
	get_parameters: got "eval() arg 1 must be a string, bytes or code object" on 4
Line #2319 in H3_GEN_DMBE_1987.f:"      PARAMETER(  HTOMILLH = 1000.D0)"
	get_parameters: got "eval() arg 1 must be a string, bytes or code object" on 4
getstrlength: expected a signature of a string but got: {'typespec': 'character', 'charselector': {'*': '75'}, 'attrspec': [], 'dimension': ['5']}
Line #2320 in H3_GEN_DMBE_1987.f:"      PARAMETER(     HTOEV = 27.2113834D0)"
	get_parameters: got "eval() arg 1 must be a string, bytes or code object" on 4
Line #2320 in H3_GEN_DMBE_1987.f:"      PARAMETER(     HTOEV = 27.2113834D0)"
	get_parameters: got "eval() arg 1 must be a string, bytes or code object" on 4
Line #2320 in H3_GEN_DMBE_1987.f:"      PARAMETER(     HTOEV = 27.2113834D0)"
	get_parameters: got "eval() arg 1 must be a string, bytes or code object" on 4
Line #2320 in H3_GEN_DMBE_1987.f:"      PARAMETER(     HTOEV = 27.2113834D0)"
	get_parameters: got "eval() arg 1 must be a string, bytes or code object" on 4
Line #2320 in H3_GEN_DMBE_1987.f:"      PARAMETER(     HTOEV = 27.2113834D0)"
	get_parameters: got "eval() arg 1 must be a string, bytes or code object" on 4
Line #2320 in H3_GEN_DMBE_1987.f:"      PARAMETER(     HTOEV = 27.2113834D0)"
	get_parameters: got "eval() arg 1 must be a string, bytes or code object" on 4
Line #2320 in H3_GEN_DMBE_1987.f:"      PARAMETER(     HTOEV = 27.2113834D0)"
	get_parameters: got "eval() arg 1 must be a string, bytes or code object" on 4
Line #2320 in H3_GEN_DMBE_1987.f:"      PARAMETER(     HTOEV = 27.2113834D0)"
	get_parameters: got "eval() arg 1 must be a string, bytes or code object" on 4
Line #2320 in H3_GEN_DMBE_1987.f:"      PARAMETER(     HTOEV = 27.2113834D0)"
	get_parameters: got "eval() arg 1 must be a string, bytes or code object" on 4
Line #2320 in H3_GEN_DMBE_1987.f:"      PARAMETER(     HTOEV = 27.2113834D0)"
	get_parameters: got "eval() arg 1 must be a string, bytes or code object" on 4
Line #2321 in H3_GEN_DMBE_1987.f:"      PARAMETER(   HTOKCAL = 627.509470D0)"
	get_parameters: got "eval() arg 1 must be a string, bytes or code object" on 4
Line #2321 in H3_GEN_DMBE_1987.f:"      PARAMETER(   HTOKCAL = 627.509470D0)"
	get_parameters: got "eval() arg 1 must be a string, bytes or code object" on 4
Line #2321 in H3_GEN_DMBE_1987.f:"      PARAMETER(   HTOKCAL = 627.509470D0)"
	get_parameters: got "eval() arg 1 must be a string, bytes or code object" on 4
Line #2321 in H3_GEN_DMBE_1987.f:"      PARAMETER(   HTOKCAL = 627.509470D0)"
	get_parameters: got "eval() arg 1 must be a string, bytes or code object" on 4
Line #2321 in H3_GEN_DMBE_1987.f:"      PARAMETER(   HTOKCAL = 627.509470D0)"
	get_parameters: got "eval() arg 1 must be a string, bytes or code object" on 4
Line #2321 in H3_GEN_DMBE_1987.f:"      PARAMETER(   HTOKCAL = 627.509470D0)"
	get_parameters: got "eval() arg 1 must be a string, bytes or code object" on 4
Line #2321 in H3_GEN_DMBE_1987.f:"      PARAMETER(   HTOKCAL = 627.509470D0)"
	get_parameters: got "eval() arg 1 must be a string, bytes or code object" on 4
Line #2321 in H3_GEN_DMBE_1987.f:"      PARAMETER(   HTOKCAL = 627.509470D0)"
	get_parameters: got "eval() arg 1 must be a string, bytes or code object" on 4
Line #2321 in H3_GEN_DMBE_1987.f:"      PARAMETER(   HTOKCAL = 627.509470D0)"
	get_parameters: got "eval() arg 1 must be a string, bytes or code object" on 4
Line #2321 in H3_GEN_DMBE_1987.f:"      PARAMETER(   HTOKCAL = 627.509470D0)"
	get_parameters: got "eval() arg 1 must be a string, bytes or code object" on 4
Line #2321 in H3_GEN_DMBE_1987.f:"      PARAMETER(   HTOKCAL = 627.509470D0)"
	get_parameters: got "eval() arg 1 must be a string, bytes or code object" on 4
Line #2322 in H3_GEN_DMBE_1987.f:"      PARAMETER(   HTOWAVE = 219474.631D0)"
	get_parameters: got "eval() arg 1 must be a string, bytes or code object" on 4
Line #2322 in H3_GEN_DMBE_1987.f:"      PARAMETER(   HTOWAVE = 219474.631D0)"
	get_parameters: got "eval() arg 1 must be a string, bytes or code object" on 4
Line #2322 in H3_GEN_DMBE_1987.f:"      PARAMETER(   HTOWAVE = 219474.631D0)"
	get_parameters: got "eval() arg 1 must be a string, bytes or code object" on 4
Line #2322 in H3_GEN_DMBE_1987.f:"      PARAMETER(   HTOWAVE = 219474.631D0)"
	get_parameters: got "eval() arg 1 must be a string, bytes or code object" on 4
Line #2322 in H3_GEN_DMBE_1987.f:"      PARAMETER(   HTOWAVE = 219474.631D0)"
	get_parameters: got "eval() arg 1 must be a string, bytes or code object" on 4
Line #2322 in H3_GEN_DMBE_1987.f:"      PARAMETER(   HTOWAVE = 219474.631D0)"
	get_parameters: got "eval() arg 1 must be a string, bytes or code object" on 4
Line #2322 in H3_GEN_DMBE_1987.f:"      PARAMETER(   HTOWAVE = 219474.631D0)"
	get_parameters: got "eval() arg 1 must be a string, bytes or code object" on 4
Line #2322 in H3_GEN_DMBE_1987.f:"      PARAMETER(   HTOWAVE = 219474.631D0)"
	get_parameters: got "eval() arg 1 must be a string, bytes or code object" on 4
Line #2322 in H3_GEN_DMBE_1987.f:"      PARAMETER(   HTOWAVE = 219474.631D0)"
	get_parameters: got "eval() arg 1 must be a string, bytes or code object" on 4
Line #2322 in H3_GEN_DMBE_1987.f:"      PARAMETER(   HTOWAVE = 219474.631D0)"
	get_parameters: got "eval() arg 1 must be a string, bytes or code object" on 4
Line #2322 in H3_GEN_DMBE_1987.f:"      PARAMETER(   HTOWAVE = 219474.631D0)"
	get_parameters: got "eval() arg 1 must be a string, bytes or code object" on 4
Line #2322 in H3_GEN_DMBE_1987.f:"      PARAMETER(   HTOWAVE = 219474.631D0)"
	get_parameters: got "eval() arg 1 must be a string, bytes or code object" on 4
Line #2323 in H3_GEN_DMBE_1987.f:"      PARAMETER(     HTOKJ = 2625.49962D0)"
	get_parameters: got "eval() arg 1 must be a string, bytes or code object" on 4
Line #2323 in H3_GEN_DMBE_1987.f:"      PARAMETER(     HTOKJ = 2625.49962D0)"
	get_parameters: got "eval() arg 1 must be a string, bytes or code object" on 4
Line #2323 in H3_GEN_DMBE_1987.f:"      PARAMETER(     HTOKJ = 2625.49962D0)"
	get_parameters: got "eval() arg 1 must be a string, bytes or code object" on 4
Line #2323 in H3_GEN_DMBE_1987.f:"      PARAMETER(     HTOKJ = 2625.49962D0)"
	get_parameters: got "eval() arg 1 must be a string, bytes or code object" on 4
Line #2323 in H3_GEN_DMBE_1987.f:"      PARAMETER(     HTOKJ = 2625.49962D0)"
	get_parameters: got "eval() arg 1 must be a string, bytes or code object" on 4
Line #2323 in H3_GEN_DMBE_1987.f:"      PARAMETER(     HTOKJ = 2625.49962D0)"
	get_parameters: got "eval() arg 1 must be a string, bytes or code object" on 4
Line #2323 in H3_GEN_DMBE_1987.f:"      PARAMETER(     HTOKJ = 2625.49962D0)"
	get_parameters: got "eval() arg 1 must be a string, bytes or code object" on 4
Line #2323 in H3_GEN_DMBE_1987.f:"      PARAMETER(     HTOKJ = 2625.49962D0)"
	get_parameters: got "eval() arg 1 must be a string, bytes or code object" on 4
Line #2323 in H3_GEN_DMBE_1987.f:"      PARAMETER(     HTOKJ = 2625.49962D0)"
	get_parameters: got "eval() arg 1 must be a string, bytes or code object" on 4
Line #2323 in H3_GEN_DMBE_1987.f:"      PARAMETER(     HTOKJ = 2625.49962D0)"
	get_parameters: got "eval() arg 1 must be a string, bytes or code object" on 4
Line #2323 in H3_GEN_DMBE_1987.f:"      PARAMETER(     HTOKJ = 2625.49962D0)"
	get_parameters: got "eval() arg 1 must be a string, bytes or code object" on 4
Line #2323 in H3_GEN_DMBE_1987.f:"      PARAMETER(     HTOKJ = 2625.49962D0)"
	get_parameters: got "eval() arg 1 must be a string, bytes or code object" on 4
Line #2323 in H3_GEN_DMBE_1987.f:"      PARAMETER(     HTOKJ = 2625.49962D0)"
	get_parameters: got "eval() arg 1 must be a string, bytes or code object" on 4
Line #2324 in H3_GEN_DMBE_1987.f:"      PARAMETER(    BOHR_A = .5291772083D0)"
	get_parameters: got "eval() arg 1 must be a string, bytes or code object" on 4
Line #2324 in H3_GEN_DMBE_1987.f:"      PARAMETER(    BOHR_A = .5291772083D0)"
	get_parameters: got "eval() arg 1 must be a string, bytes or code object" on 4
Line #2324 in H3_GEN_DMBE_1987.f:"      PARAMETER(    BOHR_A = .5291772083D0)"
	get_parameters: got "eval() arg 1 must be a string, bytes or code object" on 4
Line #2324 in H3_GEN_DMBE_1987.f:"      PARAMETER(    BOHR_A = .5291772083D0)"
	get_parameters: got "eval() arg 1 must be a string, bytes or code object" on 4
Line #2324 in H3_GEN_DMBE_1987.f:"      PARAMETER(    BOHR_A = .5291772083D0)"
	get_parameters: got "eval() arg 1 must be a string, bytes or code object" on 4
Line #2324 in H3_GEN_DMBE_1987.f:"      PARAMETER(    BOHR_A = .5291772083D0)"
	get_parameters: got "eval() arg 1 must be a string, bytes or code object" on 4
Line #2324 in H3_GEN_DMBE_1987.f:"      PARAMETER(    BOHR_A = .5291772083D0)"
	get_parameters: got "eval() arg 1 must be a string, bytes or code object" on 4
Line #2324 in H3_GEN_DMBE_1987.f:"      PARAMETER(    BOHR_A = .5291772083D0)"
	get_parameters: got "eval() arg 1 must be a string, bytes or code object" on 4
Line #2324 in H3_GEN_DMBE_1987.f:"      PARAMETER(    BOHR_A = .5291772083D0)"
	get_parameters: got "eval() arg 1 must be a string, bytes or code object" on 4
Line #2324 in H3_GEN_DMBE_1987.f:"      PARAMETER(    BOHR_A = .5291772083D0)"
	get_parameters: got "eval() arg 1 must be a string, bytes or code object" on 4
Line #2324 in H3_GEN_DMBE_1987.f:"      PARAMETER(    BOHR_A = .5291772083D0)"
	get_parameters: got "eval() arg 1 must be a string, bytes or code object" on 4
Line #2324 in H3_GEN_DMBE_1987.f:"      PARAMETER(    BOHR_A = .5291772083D0)"
	get_parameters: got "eval() arg 1 must be a string, bytes or code object" on 4
Line #2324 in H3_GEN_DMBE_1987.f:"      PARAMETER(    BOHR_A = .5291772083D0)"
	get_parameters: got "eval() arg 1 must be a string, bytes or code object" on 4
Line #2324 in H3_GEN_DMBE_1987.f:"      PARAMETER(    BOHR_A = .5291772083D0)"
	get_parameters: got "eval() arg 1 must be a string, bytes or code object" on 4
Post-processing...
	Block: H3_GEN_DMBE_1987
			Block: pes
			Block: evdrdx
			Block: prepot
In: :H3_GEN_DMBE_1987:H3_GEN_DMBE_1987.f:prepot
get_parameters: got "eval() arg 1 must be a string, bytes or code object" on 4
In: :H3_GEN_DMBE_1987:H3_GEN_DMBE_1987.f:prepot
get_parameters: got "eval() arg 1 must be a string, bytes or code object" on 4
			Block: pot
In: :H3_GEN_DMBE_1987:H3_GEN_DMBE_1987.f:pot
get_parameters: got "eval() arg 1 must be a string, bytes or code object" on 4
In: :H3_GEN_DMBE_1987:H3_GEN_DMBE_1987.f:pot
get_parameters: got "eval() arg 1 must be a string, bytes or code object" on 4
			Block: ptpacm
In: :H3_GEN_DMBE_1987:H3_GEN_DMBE_1987.f:ptpacm
get_parameters: got "eval() arg 1 must be a string, bytes or code object" on 4
In: :H3_GEN_DMBE_1987:H3_GEN_DMBE_1987.f:ptpacm
get_parameters: got "eval() arg 1 must be a string, bytes or code object" on 4
{}
In: :H3_GEN_DMBE_1987:H3_GEN_DMBE_1987.f:h3coor
vars2fortran: No typespec for argument "r1".
{}
In: :H3_GEN_DMBE_1987:H3_GEN_DMBE_1987.f:h3coor
vars2fortran: No typespec for argument "r2".
{}
In: :H3_GEN_DMBE_1987:H3_GEN_DMBE_1987.f:h3coor
vars2fortran: No typespec for argument "r3".
			Block: h3coor
In: :H3_GEN_DMBE_1987:H3_GEN_DMBE_1987.f:h3coor
get_parameters: got "eval() arg 1 must be a string, bytes or code object" on 4
In: :H3_GEN_DMBE_1987:H3_GEN_DMBE_1987.f:h3coor
get_parameters: got "eval() arg 1 must be a string, bytes or code object" on 4
			Block: h3cor2
In: :H3_GEN_DMBE_1987:H3_GEN_DMBE_1987.f:h3cor2
get_parameters: got "eval() arg 1 must be a string, bytes or code object" on 4
In: :H3_GEN_DMBE_1987:H3_GEN_DMBE_1987.f:h3cor2
get_parameters: got "eval() arg 1 must be a string, bytes or code object" on 4
{}
In: :H3_GEN_DMBE_1987:H3_GEN_DMBE_1987.f:h3cor3
vars2fortran: No typespec for argument "ce3".
{'attrspec': ['dimension(3)']}
In: :H3_GEN_DMBE_1987:H3_GEN_DMBE_1987.f:h3cor3
vars2fortran: No typespec for argument "dc3".
			Block: h3cor3
In: :H3_GEN_DMBE_1987:H3_GEN_DMBE_1987.f:h3cor3
get_parameters: got "eval() arg 1 must be a string, bytes or code object" on 4
In: :H3_GEN_DMBE_1987:H3_GEN_DMBE_1987.f:h3cor3
get_parameters: got "eval() arg 1 must be a string, bytes or code object" on 4
{}
In: :H3_GEN_DMBE_1987:H3_GEN_DMBE_1987.f:h3leps
vars2fortran: No typespec for argument "vleps".
{}
In: :H3_GEN_DMBE_1987:H3_GEN_DMBE_1987.f:h3leps
vars2fortran: No typespec for argument "vleps2".
{'attrspec': ['dimension(3)']}
In: :H3_GEN_DMBE_1987:H3_GEN_DMBE_1987.f:h3leps
vars2fortran: No typespec for argument "dlep".
{'attrspec': ['dimension(3)']}
In: :H3_GEN_DMBE_1987:H3_GEN_DMBE_1987.f:h3leps
vars2fortran: No typespec for argument "dlep2".
			Block: h3leps
In: :H3_GEN_DMBE_1987:H3_GEN_DMBE_1987.f:h3leps
get_parameters: got "eval() arg 1 must be a string, bytes or code object" on 4
In: :H3_GEN_DMBE_1987:H3_GEN_DMBE_1987.f:h3leps
get_parameters: got "eval() arg 1 must be a string, bytes or code object" on 4
{}
In: :H3_GEN_DMBE_1987:H3_GEN_DMBE_1987.f:h3va
vars2fortran: No typespec for argument "r1".
{}
In: :H3_GEN_DMBE_1987:H3_GEN_DMBE_1987.f:h3va
vars2fortran: No typespec for argument "r2".
{}
In: :H3_GEN_DMBE_1987:H3_GEN_DMBE_1987.f:h3va
vars2fortran: No typespec for argument "r3".
{}
In: :H3_GEN_DMBE_1987:H3_GEN_DMBE_1987.f:h3va
vars2fortran: No typespec for argument "va".
{'attrspec': ['dimension(3)']}
In: :H3_GEN_DMBE_1987:H3_GEN_DMBE_1987.f:h3va
vars2fortran: No typespec for argument "dva".
			Block: h3va
In: :H3_GEN_DMBE_1987:H3_GEN_DMBE_1987.f:h3va
get_parameters: got "eval() arg 1 must be a string, bytes or code object" on 4
In: :H3_GEN_DMBE_1987:H3_GEN_DMBE_1987.f:h3va
get_parameters: got "eval() arg 1 must be a string, bytes or code object" on 4
{}
In: :H3_GEN_DMBE_1987:H3_GEN_DMBE_1987.f:h3vii
vars2fortran: No typespec for argument "r1".
{}
In: :H3_GEN_DMBE_1987:H3_GEN_DMBE_1987.f:h3vii
vars2fortran: No typespec for argument "r2".
{}
In: :H3_GEN_DMBE_1987:H3_GEN_DMBE_1987.f:h3vii
vars2fortran: No typespec for argument "r3".
{}
In: :H3_GEN_DMBE_1987:H3_GEN_DMBE_1987.f:h3vii
vars2fortran: No typespec for argument "e".
{'attrspec': ['dimension(3)']}
In: :H3_GEN_DMBE_1987:H3_GEN_DMBE_1987.f:h3vii
vars2fortran: No typespec for argument "dv2".
			Block: h3vii
In: :H3_GEN_DMBE_1987:H3_GEN_DMBE_1987.f:h3vii
get_parameters: got "eval() arg 1 must be a string, bytes or code object" on 4
In: :H3_GEN_DMBE_1987:H3_GEN_DMBE_1987.f:h3vii
get_parameters: got "eval() arg 1 must be a string, bytes or code object" on 4
{}
In: :H3_GEN_DMBE_1987:H3_GEN_DMBE_1987.f:h3viii
vars2fortran: No typespec for argument "viii".
{'attrspec': ['dimension(3)']}
In: :H3_GEN_DMBE_1987:H3_GEN_DMBE_1987.f:h3viii
vars2fortran: No typespec for argument "dv3".
			Block: h3viii
In: :H3_GEN_DMBE_1987:H3_GEN_DMBE_1987.f:h3viii
get_parameters: got "eval() arg 1 must be a string, bytes or code object" on 4
In: :H3_GEN_DMBE_1987:H3_GEN_DMBE_1987.f:h3viii
get_parameters: got "eval() arg 1 must be a string, bytes or code object" on 4
{}
In: :H3_GEN_DMBE_1987:H3_GEN_DMBE_1987.f:capf
vars2fortran: No typespec for argument "r1".
{}
In: :H3_GEN_DMBE_1987:H3_GEN_DMBE_1987.f:capf
vars2fortran: No typespec for argument "r2".
{}
In: :H3_GEN_DMBE_1987:H3_GEN_DMBE_1987.f:capf
vars2fortran: No typespec for argument "r3".
			Block: capf
In: :H3_GEN_DMBE_1987:H3_GEN_DMBE_1987.f:capf
get_parameters: got "eval() arg 1 must be a string, bytes or code object" on 4
In: :H3_GEN_DMBE_1987:H3_GEN_DMBE_1987.f:capf
get_parameters: got "eval() arg 1 must be a string, bytes or code object" on 4
{}
In: :H3_GEN_DMBE_1987:H3_GEN_DMBE_1987.f:h2cor2
vars2fortran: No typespec for argument "rr".
			Block: h2cor2
In: :H3_GEN_DMBE_1987:H3_GEN_DMBE_1987.f:h2cor2
get_parameters: got "eval() arg 1 must be a string, bytes or code object" on 4
In: :H3_GEN_DMBE_1987:H3_GEN_DMBE_1987.f:h2cor2
get_parameters: got "eval() arg 1 must be a string, bytes or code object" on 4
{}
In: :H3_GEN_DMBE_1987:H3_GEN_DMBE_1987.f:damp
vars2fortran: No typespec for argument "rmp".
{}
In: :H3_GEN_DMBE_1987:H3_GEN_DMBE_1987.f:damp
vars2fortran: No typespec for argument "n".
{}
In: :H3_GEN_DMBE_1987:H3_GEN_DMBE_1987.f:damp
vars2fortran: No typespec for argument "d2".
{}
In: :H3_GEN_DMBE_1987:H3_GEN_DMBE_1987.f:damp
vars2fortran: No typespec for argument "d3".
{}
In: :H3_GEN_DMBE_1987:H3_GEN_DMBE_1987.f:damp
vars2fortran: No typespec for argument "d4".
			Block: damp
In: :H3_GEN_DMBE_1987:H3_GEN_DMBE_1987.f:damp
get_parameters: got "eval() arg 1 must be a string, bytes or code object" on 4
In: :H3_GEN_DMBE_1987:H3_GEN_DMBE_1987.f:damp
get_parameters: got "eval() arg 1 must be a string, bytes or code object" on 4
{}
In: :H3_GEN_DMBE_1987:H3_GEN_DMBE_1987.f:kappa
vars2fortran: No typespec for argument "qlc".
{}
In: :H3_GEN_DMBE_1987:H3_GEN_DMBE_1987.f:kappa
vars2fortran: No typespec for argument "capk".
{'attrspec': ['dimension(4)']}
In: :H3_GEN_DMBE_1987:H3_GEN_DMBE_1987.f:kappa
vars2fortran: No typespec for argument "dcapk".
			Block: kappa
In: :H3_GEN_DMBE_1987:H3_GEN_DMBE_1987.f:kappa
get_parameters: got "eval() arg 1 must be a string, bytes or code object" on 4
In: :H3_GEN_DMBE_1987:H3_GEN_DMBE_1987.f:kappa
get_parameters: got "eval() arg 1 must be a string, bytes or code object" on 4
			Block: potinfo
In: :H3_GEN_DMBE_1987:H3_GEN_DMBE_1987.f:potinfo
get_parameters: got "eval() arg 1 must be a string, bytes or code object" on 4
In: :H3_GEN_DMBE_1987:H3_GEN_DMBE_1987.f:potinfo
get_parameters: got "eval() arg 1 must be a string, bytes or code object" on 4
			Block: ancvrt
In: :H3_GEN_DMBE_1987:H3_GEN_DMBE_1987.f:ancvrt
get_parameters: got "eval() arg 1 must be a string, bytes or code object" on 4
In: :H3_GEN_DMBE_1987:H3_GEN_DMBE_1987.f:ancvrt
get_parameters: got "eval() arg 1 must be a string, bytes or code object" on 4
In: :H3_GEN_DMBE_1987:H3_GEN_DMBE_1987.f:ancvrt
get_parameters: got "eval() arg 1 must be a string, bytes or code object" on 4
In: :H3_GEN_DMBE_1987:H3_GEN_DMBE_1987.f:ancvrt
get_parameters: got "eval() arg 1 must be a string, bytes or code object" on 4
In: :H3_GEN_DMBE_1987:H3_GEN_DMBE_1987.f:ancvrt
get_parameters: got "eval() arg 1 must be a string, bytes or code object" on 4
In: :H3_GEN_DMBE_1987:H3_GEN_DMBE_1987.f:ancvrt
get_parameters: got "eval() arg 1 must be a string, bytes or code object" on 4
In: :H3_GEN_DMBE_1987:H3_GEN_DMBE_1987.f:ancvrt
get_parameters: got "eval() arg 1 must be a string, bytes or code object" on 4
In: :H3_GEN_DMBE_1987:H3_GEN_DMBE_1987.f:ancvrt
get_parameters: got "eval() arg 1 must be a string, bytes or code object" on 4
In: :H3_GEN_DMBE_1987:H3_GEN_DMBE_1987.f:ancvrt
get_parameters: got "eval() arg 1 must be a string, bytes or code object" on 4
In: :H3_GEN_DMBE_1987:H3_GEN_DMBE_1987.f:ancvrt
get_parameters: got "eval() arg 1 must be a string, bytes or code object" on 4
In: :H3_GEN_DMBE_1987:H3_GEN_DMBE_1987.f:ancvrt
get_parameters: got "eval() arg 1 must be a string, bytes or code object" on 4
In: :H3_GEN_DMBE_1987:H3_GEN_DMBE_1987.f:ancvrt
get_parameters: got "eval() arg 1 must be a string, bytes or code object" on 4
In: :H3_GEN_DMBE_1987:H3_GEN_DMBE_1987.f:ancvrt
get_parameters: got "eval() arg 1 must be a string, bytes or code object" on 4
In: :H3_GEN_DMBE_1987:H3_GEN_DMBE_1987.f:ancvrt
get_parameters: got "eval() arg 1 must be a string, bytes or code object" on 4
In: :H3_GEN_DMBE_1987:H3_GEN_DMBE_1987.f:ancvrt
get_parameters: got "eval() arg 1 must be a string, bytes or code object" on 4
			Block: cartou
In: :H3_GEN_DMBE_1987:H3_GEN_DMBE_1987.f:cartou
get_parameters: got "eval() arg 1 must be a string, bytes or code object" on 4
			Block: carttor
			Block: eunitzero
In: :H3_GEN_DMBE_1987:H3_GEN_DMBE_1987.f:eunitzero
get_parameters: got "eval() arg 1 must be a string, bytes or code object" on 4
			Block: rtocart
In: :H3_GEN_DMBE_1987:H3_GEN_DMBE_1987.f:rtocart
get_parameters: got "eval() arg 1 must be a string, bytes or code object" on 4
			Block: dedcou
In: :H3_GEN_DMBE_1987:H3_GEN_DMBE_1987.f:dedcou
get_parameters: got "eval() arg 1 must be a string, bytes or code object" on 4
Applying post-processing hooks...
  character_backward_compatibility_hook
Post-processing (stage 2)...
Building modules...
    Building module "H3_GEN_DMBE_1987"...
    Generating possibly empty wrappers"
    Maybe empty "H3_GEN_DMBE_1987-f2pywrappers.f"
        Constructing wrapper function "pes"...
          p,g,d = pes(x,igrad)
    Generating possibly empty wrappers"
    Maybe empty "H3_GEN_DMBE_1987-f2pywrappers.f"
        Constructing wrapper function "evdrdx"...
          drdx = evdrdx(x,r)
    Generating possibly empty wrappers"
    Maybe empty "H3_GEN_DMBE_1987-f2pywrappers.f"
        Constructing wrapper function "prepot"...
          prepot()
    Generating possibly empty wrappers"
    Maybe empty "H3_GEN_DMBE_1987-f2pywrappers.f"
        Constructing wrapper function "pot"...
          pot()
    Generating possibly empty wrappers"
    Maybe empty "H3_GEN_DMBE_1987-f2pywrappers.f"
        Constructing wrapper function "h3coor"...
          h3coor(r1,r2,r3)
    Generating possibly empty wrappers"
    Maybe empty "H3_GEN_DMBE_1987-f2pywrappers.f"
        Constructing wrapper function "h3cor2"...
          h3cor2()
    Generating possibly empty wrappers"
    Maybe empty "H3_GEN_DMBE_1987-f2pywrappers.f"
        Constructing wrapper function "h3cor3"...
          h3cor3(ce3,dc3)
    Generating possibly empty wrappers"
    Maybe empty "H3_GEN_DMBE_1987-f2pywrappers.f"
        Constructing wrapper function "h3leps"...
          h3leps(vleps,vleps2,dlep,dlep2)
    Generating possibly empty wrappers"
    Maybe empty "H3_GEN_DMBE_1987-f2pywrappers.f"
        Constructing wrapper function "h3va"...
          h3va(r1,r2,r3,va,dva)
    Generating possibly empty wrappers"
    Maybe empty "H3_GEN_DMBE_1987-f2pywrappers.f"
        Constructing wrapper function "h3vii"...
          h3vii(r1,r2,r3,e,dv2)
    Generating possibly empty wrappers"
    Maybe empty "H3_GEN_DMBE_1987-f2pywrappers.f"
        Constructing wrapper function "h3viii"...
          h3viii(viii,dv3)
    Generating possibly empty wrappers"
    Maybe empty "H3_GEN_DMBE_1987-f2pywrappers.f"
        Constructing wrapper function "capf"...
          capf(r1,r2,r3)
    Generating possibly empty wrappers"
    Maybe empty "H3_GEN_DMBE_1987-f2pywrappers.f"
        Constructing wrapper function "h2cor2"...
          h2cor2(rr)
    Generating possibly empty wrappers"
    Maybe empty "H3_GEN_DMBE_1987-f2pywrappers.f"
        Constructing wrapper function "damp"...
          damp(rmp,n,d2,d3,d4)
    Generating possibly empty wrappers"
    Maybe empty "H3_GEN_DMBE_1987-f2pywrappers.f"
        Constructing wrapper function "kappa"...
          kappa(qlc,capk,dcapk)
    Generating possibly empty wrappers"
    Maybe empty "H3_GEN_DMBE_1987-f2pywrappers.f"
        Constructing wrapper function "potinfo"...
          potinfo()
    Generating possibly empty wrappers"
    Maybe empty "H3_GEN_DMBE_1987-f2pywrappers.f"
        Constructing wrapper function "ancvrt"...
          ancvrt()
    Generating possibly empty wrappers"
    Maybe empty "H3_GEN_DMBE_1987-f2pywrappers.f"
        Constructing wrapper function "cartou"...
          cartou()
    Generating possibly empty wrappers"
    Maybe empty "H3_GEN_DMBE_1987-f2pywrappers.f"
        Constructing wrapper function "carttor"...
          carttor()
    Generating possibly empty wrappers"
    Maybe empty "H3_GEN_DMBE_1987-f2pywrappers.f"
        Constructing wrapper function "eunitzero"...
          eunitzero()
    Generating possibly empty wrappers"
    Maybe empty "H3_GEN_DMBE_1987-f2pywrappers.f"
        Constructing wrapper function "rtocart"...
          rtocart()
    Generating possibly empty wrappers"
    Maybe empty "H3_GEN_DMBE_1987-f2pywrappers.f"
        Constructing wrapper function "dedcou"...
          dedcou()
		Constructing COMMON block support for "pt1cm"...
		  r,engygs,degsdr
		Constructing COMMON block support for "pt4cm"...
		  engyes,deesdr
		Constructing COMMON block support for "pt5cm"...
		  engyij,deijdr
		Constructing COMMON block support for "usrocm"...
		  pengygs,pengyes,pengyij,dgscart,descart,dijcart
		Constructing COMMON block support for "usricm"...
		  cart,anuzero,nulbl,nflag,nasurf,nder
		Constructing COMMON block support for "pt3cm"...
		  ezero
		Constructing COMMON block support for "infocm"...
		  cartnu,indexes,irctnt,natoms,icartr,mder,msurf,ref
		Constructing COMMON block support for "h3dmcm"...
		  alph2,alpha5,alph0,alph1,al0,al1,al2,al3,az2,beta1,beta2,beta3,bet0,bet1,cd0,cd1,chh,ck0,ck1,dampa,dampb,hfd,hfa1,hfa2,hfa3,hfgam,h2rm,h2rmt,h2r0,h2ta,h2tb1,h2tb2,h2tb3,h2tb4,rhol,sqrt3,xpar
		Constructing COMMON block support for "h3cocm"...
		  per,per2,r12,r22,r32,qcoord,dq1,dq2,dq3,rho,drho1,drho2,drho3,s,s2,ds1,ds2,ds3,cphi3,dcphi1,dcphi2,dcphi3
		Constructing COMMON block support for "h3crcm"...
		  corrs,dcorrs,corrt,dcorrt,damp,ddamp
		Constructing COMMON block support for "ijconvert"...
		  cnvrtq,cnvrts,cnvrtchi,icouple
		Constructing COMMON block support for "coupcm"...
		  phi,dphi,sphi3,dsphi3
		Constructing COMMON block support for "dmpcm"...
		  dpol,y,tt,tt1,parb
		Constructing COMMON block support for "cor2cm"...
		  corrs,corrt,dcor2
		Constructing COMMON block support for "utilcm"...
		  dgscartnu,descartnu,dijcartnu,cnvrtd,cnvrte,cnvrtde,ireorder,ksdiag,kediag,ksoffd,keoffd
    Wrote C/API module "H3_GEN_DMBE_1987" to file "/tmp/tmp5q8j6uqf/src.linux-x86_64-3.11/H3_GEN_DMBE_1987module.c"
    Fortran 77 wrappers are saved to "/tmp/tmp5q8j6uqf/src.linux-x86_64-3.11/H3_GEN_DMBE_1987-f2pywrappers.f"
INFO:   adding '/tmp/tmp5q8j6uqf/src.linux-x86_64-3.11/fortranobject.c' to sources.
INFO:   adding '/tmp/tmp5q8j6uqf/src.linux-x86_64-3.11' to include_dirs.
copying /home/truhlard/shuxx055/anaconda3/lib/python3.11/site-packages/numpy/f2py/src/fortranobject.c -> /tmp/tmp5q8j6uqf/src.linux-x86_64-3.11
copying /home/truhlard/shuxx055/anaconda3/lib/python3.11/site-packages/numpy/f2py/src/fortranobject.h -> /tmp/tmp5q8j6uqf/src.linux-x86_64-3.11
INFO:   adding '/tmp/tmp5q8j6uqf/src.linux-x86_64-3.11/H3_GEN_DMBE_1987-f2pywrappers.f' to sources.
INFO: build_src: building npy-pkg config files
/home/truhlard/shuxx055/anaconda3/lib/python3.11/site-packages/setuptools/_distutils/cmd.py:66: SetuptoolsDeprecationWarning: setup.py install is deprecated.
!!

        ********************************************************************************
        Please avoid running ``setup.py`` directly.
        Instead, use pypa/build, pypa/installer, pypa/build or
        other standards-based tools.

        See https://blog.ganssle.io/articles/2021/10/setup-py-deprecated.html for details.
        ********************************************************************************

!!
  self.initialize_options()
running build_ext
INFO: customize UnixCCompiler
INFO: customize UnixCCompiler using build_ext
INFO: get_default_fcompiler: matching types: '['arm', 'gnu95', 'intel', 'lahey', 'pg', 'nv', 'absoft', 'nag', 'vast', 'compaq', 'intele', 'intelem', 'gnu', 'g95', 'pathf95', 'nagfor', 'fujitsu']'
INFO: customize ArmFlangCompiler
WARN: Could not locate executable armflang
INFO: customize Gnu95FCompiler
INFO: Found executable /home/truhlard/shuxx055/anaconda3/bin/gfortran
INFO: customize Gnu95FCompiler
INFO: customize Gnu95FCompiler using build_ext
INFO: building 'H3_GEN_DMBE_1987' extension
INFO: compiling C sources
INFO: C compiler: gcc -pthread -B /home/truhlard/shuxx055/anaconda3/compiler_compat -DNDEBUG -fwrapv -O2 -Wall -fPIC -O2 -isystem /home/truhlard/shuxx055/anaconda3/include -fPIC -O2 -isystem /home/truhlard/shuxx055/anaconda3/include -fPIC

creating /tmp/tmp5q8j6uqf/tmp
creating /tmp/tmp5q8j6uqf/tmp/tmp5q8j6uqf
creating /tmp/tmp5q8j6uqf/tmp/tmp5q8j6uqf/src.linux-x86_64-3.11
INFO: compile options: '-DNPY_DISABLE_OPTIMIZATION=1 -I/tmp/tmp5q8j6uqf/src.linux-x86_64-3.11 -I/home/truhlard/shuxx055/anaconda3/lib/python3.11/site-packages/numpy/core/include -I/home/truhlard/shuxx055/anaconda3/include/python3.11 -c'
INFO: gcc: /tmp/tmp5q8j6uqf/src.linux-x86_64-3.11/H3_GEN_DMBE_1987module.c
INFO: gcc: /tmp/tmp5q8j6uqf/src.linux-x86_64-3.11/fortranobject.c
INFO: compiling Fortran sources
INFO: Fortran f77 compiler: /home/truhlard/shuxx055/anaconda3/bin/gfortran -fallow-argument-mismatch -std=legacy -fPIC -O3 -funroll-loops
Fortran f90 compiler: /home/truhlard/shuxx055/anaconda3/bin/gfortran -Wall -g -fno-second-underscore -fPIC -O3 -funroll-loops
Fortran fix compiler: /home/truhlard/shuxx055/anaconda3/bin/gfortran -Wall -g -ffixed-form -fno-second-underscore -Wall -g -fno-second-underscore -fPIC -O3 -funroll-loops
INFO: compile options: '-I/tmp/tmp5q8j6uqf/src.linux-x86_64-3.11 -I/home/truhlard/shuxx055/anaconda3/lib/python3.11/site-packages/numpy/core/include -I/home/truhlard/shuxx055/anaconda3/include/python3.11 -c'
INFO: gfortran:f77: /tmp/tmp5q8j6uqf/src.linux-x86_64-3.11/H3_GEN_DMBE_1987-f2pywrappers.f
INFO: gfortran:f77: H3_GEN_DMBE_1987.f
INFO: /home/truhlard/shuxx055/anaconda3/bin/gfortran -Wall -g -Wall -g -shared /tmp/tmp5q8j6uqf/tmp/tmp5q8j6uqf/src.linux-x86_64-3.11/H3_GEN_DMBE_1987module.o /tmp/tmp5q8j6uqf/tmp/tmp5q8j6uqf/src.linux-x86_64-3.11/fortranobject.o /tmp/tmp5q8j6uqf/H3_GEN_DMBE_1987.o /tmp/tmp5q8j6uqf/tmp/tmp5q8j6uqf/src.linux-x86_64-3.11/H3_GEN_DMBE_1987-f2pywrappers.o -L/panfs/jay/groups/16/truhlard/shuxx055/anaconda3/bin/../lib/gcc/x86_64-conda-linux-gnu/13.1.0/../../../../x86_64-conda-linux-gnu/lib/../lib -L/panfs/jay/groups/16/truhlard/shuxx055/anaconda3/bin/../lib/gcc/x86_64-conda-linux-gnu/13.1.0/../../../../x86_64-conda-linux-gnu/lib/../lib -lmkl_intel_lp64 -lmkl_sequential -lmkl_core -lgfortran -o ./H3_GEN_DMBE_1987.cpython-311-x86_64-linux-gnu.so
Removing build directory /tmp/tmp5q8j6uqf
