running build
running config_cc
INFO: unifing config_cc, config, build_clib, build_ext, build commands --compiler options
running config_fc
INFO: unifing config_fc, config, build_clib, build_ext, build commands --fcompiler options
running build_src
INFO: build_src
INFO: building extension "NaH2_LEPS_7L_2000_DPEM" sources
INFO: f2py options: []
INFO: f2py:> /tmp/tmp2d2943eu/src.linux-x86_64-3.11/NaH2_LEPS_7L_2000_DPEMmodule.c
creating /tmp/tmp2d2943eu/src.linux-x86_64-3.11
Reading fortran codes...
	Reading file 'NaH2_LEPS_7L_2000_DPEM.f' (format:fix,strict)
Post-processing...
	Block: NaH2_LEPS_7L_2000_DPEM
			Block: dpem
			Block: evdrdx
			Block: diagonalize
			Block: prepot
{'attrspec': ['dimension(nt,3)']}
In: :NaH2_LEPS_7L_2000_DPEM:NaH2_LEPS_7L_2000_DPEM.f:pot
vars2fortran: No typespec for argument "r".
{'attrspec': ['dimension(nt)']}
In: :NaH2_LEPS_7L_2000_DPEM:NaH2_LEPS_7L_2000_DPEM.f:pot
vars2fortran: No typespec for argument "e".
{}
In: :NaH2_LEPS_7L_2000_DPEM:NaH2_LEPS_7L_2000_DPEM.f:pot
vars2fortran: No typespec for argument "nt".
{}
In: :NaH2_LEPS_7L_2000_DPEM:NaH2_LEPS_7L_2000_DPEM.f:pot
vars2fortran: No typespec for argument "nsurf".
			Block: pot
			Block: prepot11
			Block: prepot12
			Block: prepot22
Applying post-processing hooks...
  character_backward_compatibility_hook
Post-processing (stage 2)...
Building modules...
    Building module "NaH2_LEPS_7L_2000_DPEM"...
    Generating possibly empty wrappers"
    Maybe empty "NaH2_LEPS_7L_2000_DPEM-f2pywrappers.f"
        Constructing wrapper function "dpem"...
          u,ug = dpem(x,igrad)
    Generating possibly empty wrappers"
    Maybe empty "NaH2_LEPS_7L_2000_DPEM-f2pywrappers.f"
        Constructing wrapper function "evdrdx"...
          drdx = evdrdx(x,r)
    Generating possibly empty wrappers"
    Maybe empty "NaH2_LEPS_7L_2000_DPEM-f2pywrappers.f"
        Constructing wrapper function "diagonalize"...
          ev_s,u_ss = diagonalize(a_ss,[n])
    Generating possibly empty wrappers"
    Maybe empty "NaH2_LEPS_7L_2000_DPEM-f2pywrappers.f"
        Constructing wrapper function "prepot"...
          prepot()
    Generating possibly empty wrappers"
    Maybe empty "NaH2_LEPS_7L_2000_DPEM-f2pywrappers.f"
        Constructing wrapper function "pot"...
          pot(r,e,nsurf,[nt])
    Generating possibly empty wrappers"
    Maybe empty "NaH2_LEPS_7L_2000_DPEM-f2pywrappers.f"
        Constructing wrapper function "prepot11"...
          prepot11()
    Generating possibly empty wrappers"
    Maybe empty "NaH2_LEPS_7L_2000_DPEM-f2pywrappers.f"
        Constructing wrapper function "pot11"...
          pot11(r,e,nt)
    Generating possibly empty wrappers"
    Maybe empty "NaH2_LEPS_7L_2000_DPEM-f2pywrappers.f"
        Constructing wrapper function "prepot12"...
          prepot12()
    Generating possibly empty wrappers"
    Maybe empty "NaH2_LEPS_7L_2000_DPEM-f2pywrappers.f"
        Constructing wrapper function "pot12"...
          pot12(r,e,nt)
    Generating possibly empty wrappers"
    Maybe empty "NaH2_LEPS_7L_2000_DPEM-f2pywrappers.f"
        Constructing wrapper function "prepot22"...
          prepot22()
    Generating possibly empty wrappers"
    Maybe empty "NaH2_LEPS_7L_2000_DPEM-f2pywrappers.f"
        Constructing wrapper function "pot22"...
          pot22(r,e,nt)
		Constructing COMMON block support for "com_para"...
		  g_myrank,g_nprocs
    Wrote C/API module "NaH2_LEPS_7L_2000_DPEM" to file "/tmp/tmp2d2943eu/src.linux-x86_64-3.11/NaH2_LEPS_7L_2000_DPEMmodule.c"
    Fortran 77 wrappers are saved to "/tmp/tmp2d2943eu/src.linux-x86_64-3.11/NaH2_LEPS_7L_2000_DPEM-f2pywrappers.f"
INFO:   adding '/tmp/tmp2d2943eu/src.linux-x86_64-3.11/fortranobject.c' to sources.
INFO:   adding '/tmp/tmp2d2943eu/src.linux-x86_64-3.11' to include_dirs.
copying /home/truhlard/shuxx055/anaconda3/envs/test/lib/python3.11/site-packages/numpy/f2py/src/fortranobject.c -> /tmp/tmp2d2943eu/src.linux-x86_64-3.11
copying /home/truhlard/shuxx055/anaconda3/envs/test/lib/python3.11/site-packages/numpy/f2py/src/fortranobject.h -> /tmp/tmp2d2943eu/src.linux-x86_64-3.11
INFO:   adding '/tmp/tmp2d2943eu/src.linux-x86_64-3.11/NaH2_LEPS_7L_2000_DPEM-f2pywrappers.f' to sources.
INFO: build_src: building npy-pkg config files
/home/truhlard/shuxx055/anaconda3/envs/test/lib/python3.11/site-packages/setuptools/_distutils/cmd.py:66: SetuptoolsDeprecationWarning: setup.py install is deprecated.
!!

        ********************************************************************************
        Please avoid running ``setup.py`` directly.
        Instead, use pypa/build, pypa/installer or other
        standards-based tools.

        See https://blog.ganssle.io/articles/2021/10/setup-py-deprecated.html for details.
        ********************************************************************************

!!
  self.initialize_options()
running build_ext
INFO: customize UnixCCompiler
INFO: customize UnixCCompiler using build_ext
INFO: get_default_fcompiler: matching types: '['arm', 'gnu95', 'intel', 'lahey', 'pg', 'nv', 'absoft', 'nag', 'vast', 'compaq', 'intele', 'intelem', 'gnu', 'g95', 'pathf95', 'nagfor', 'fujitsu']'
INFO: customize ArmFlangCompiler
WARN: Could not locate executable armflang
INFO: customize Gnu95FCompiler
INFO: Found executable /home/truhlard/shuxx055/anaconda3/envs/test/bin/gfortran
INFO: customize Gnu95FCompiler
INFO: customize Gnu95FCompiler using build_ext
INFO: building 'NaH2_LEPS_7L_2000_DPEM' extension
INFO: compiling C sources
INFO: C compiler: gcc -pthread -B /home/truhlard/shuxx055/anaconda3/envs/test/compiler_compat -DNDEBUG -fwrapv -O2 -Wall -fPIC -O2 -isystem /home/truhlard/shuxx055/anaconda3/envs/test/include -fPIC -O2 -isystem /home/truhlard/shuxx055/anaconda3/envs/test/include -fPIC

creating /tmp/tmp2d2943eu/tmp
creating /tmp/tmp2d2943eu/tmp/tmp2d2943eu
creating /tmp/tmp2d2943eu/tmp/tmp2d2943eu/src.linux-x86_64-3.11
INFO: compile options: '-DNPY_DISABLE_OPTIMIZATION=1 -I/tmp/tmp2d2943eu/src.linux-x86_64-3.11 -I/home/truhlard/shuxx055/anaconda3/envs/test/lib/python3.11/site-packages/numpy/core/include -I/home/truhlard/shuxx055/anaconda3/envs/test/include/python3.11 -c'
INFO: gcc: /tmp/tmp2d2943eu/src.linux-x86_64-3.11/fortranobject.c
INFO: gcc: /tmp/tmp2d2943eu/src.linux-x86_64-3.11/NaH2_LEPS_7L_2000_DPEMmodule.c
INFO: compiling Fortran sources
INFO: Fortran f77 compiler: /home/truhlard/shuxx055/anaconda3/envs/test/bin/gfortran -fallow-argument-mismatch -std=legacy -fPIC -O3 -funroll-loops
Fortran f90 compiler: /home/truhlard/shuxx055/anaconda3/envs/test/bin/gfortran -Wall -g -fno-second-underscore -fPIC -O3 -funroll-loops
Fortran fix compiler: /home/truhlard/shuxx055/anaconda3/envs/test/bin/gfortran -Wall -g -ffixed-form -fno-second-underscore -Wall -g -fno-second-underscore -fPIC -O3 -funroll-loops
INFO: compile options: '-I/tmp/tmp2d2943eu/src.linux-x86_64-3.11 -I/home/truhlard/shuxx055/anaconda3/envs/test/lib/python3.11/site-packages/numpy/core/include -I/home/truhlard/shuxx055/anaconda3/envs/test/include/python3.11 -c'
INFO: gfortran:f77: /tmp/tmp2d2943eu/src.linux-x86_64-3.11/NaH2_LEPS_7L_2000_DPEM-f2pywrappers.f
INFO: gfortran:f77: NaH2_LEPS_7L_2000_DPEM.f
NaH2_LEPS_7L_2000_DPEM.f:196:30:

  196 |             call pot11(r(i,1),v11,1)
      |                              1
Warning: Rank mismatch in argument 'e' at (1) (rank-1 and scalar)
NaH2_LEPS_7L_2000_DPEM.f:197:30:

  197 |             call pot12(r(i,1),v12,1)
      |                              1
Warning: Rank mismatch in argument 'e' at (1) (rank-1 and scalar)
NaH2_LEPS_7L_2000_DPEM.f:198:30:

  198 |             call pot22(r(i,1),v22,1)
      |                              1
Warning: Rank mismatch in argument 'e' at (1) (rank-1 and scalar)
INFO: /home/truhlard/shuxx055/anaconda3/envs/test/bin/gfortran -Wall -g -Wall -g -shared /tmp/tmp2d2943eu/tmp/tmp2d2943eu/src.linux-x86_64-3.11/NaH2_LEPS_7L_2000_DPEMmodule.o /tmp/tmp2d2943eu/tmp/tmp2d2943eu/src.linux-x86_64-3.11/fortranobject.o /tmp/tmp2d2943eu/NaH2_LEPS_7L_2000_DPEM.o /tmp/tmp2d2943eu/tmp/tmp2d2943eu/src.linux-x86_64-3.11/NaH2_LEPS_7L_2000_DPEM-f2pywrappers.o -L/panfs/jay/groups/16/truhlard/shuxx055/anaconda3/envs/test/bin/../lib/gcc/x86_64-conda-linux-gnu/13.1.0/../../../../x86_64-conda-linux-gnu/lib/../lib -L/panfs/jay/groups/16/truhlard/shuxx055/anaconda3/envs/test/bin/../lib/gcc/x86_64-conda-linux-gnu/13.1.0/../../../../x86_64-conda-linux-gnu/lib/../lib -lmkl_intel_lp64 -lmkl_sequential -lmkl_core -lgfortran -o ./NaH2_LEPS_7L_2000_DPEM.cpython-311-x86_64-linux-gnu.so
Removing build directory /tmp/tmp2d2943eu
