running build
running config_cc
INFO: unifing config_cc, config, build_clib, build_ext, build commands --compiler options
running config_fc
INFO: unifing config_fc, config, build_clib, build_ext, build commands --fcompiler options
running build_src
INFO: build_src
INFO: building extension "FH2_GEN_5SECG3_1993" sources
INFO: f2py options: []
INFO: f2py:> /tmp/tmpwfnl3gnx/src.linux-x86_64-3.11/FH2_GEN_5SECG3_1993module.c
creating /tmp/tmpwfnl3gnx/src.linux-x86_64-3.11
rmbadname1: Replacing "switch" with "switch_bn".
analyzeline: Failed to evaluate '4.0d0*pi*1.0d-07'. Ignoring: invalid decimal literal (<string>, line 1)
analyzeline: Failed to evaluate '1.0d0/(cmu_0*clight**2)'. Ignoring: invalid decimal literal (<string>, line 1)
Reading fortran codes...
	Reading file 'FH2_GEN_5SECG3_1993.f' (format:fix,strict)
Line #15 in FH2_GEN_5SECG3_1993.f:"      PARAMETER (JSURF=INT(ISURF*(ISURF+1)/2))"
	determineexprtype: could not determine expressions ('int') type.
Line #15 in FH2_GEN_5SECG3_1993.f:"      PARAMETER (JSURF=INT(ISURF*(ISURF+1)/2))"
	determineexprtype: could not determine expressions ('int(isurf*(isurf+1)/2)') type.
Line #149 in FH2_GEN_5SECG3_1993.f:"      PARAMETER (PI = 3.141592653589793D0)                              "
	get_parameters: got "eval() arg 1 must be a string, bytes or code object" on 4
Line #151 in FH2_GEN_5SECG3_1993.f:"      PARAMETER (NATOM = 25)                                            "
	get_parameters: got "eval() arg 1 must be a string, bytes or code object" on 4
Line #151 in FH2_GEN_5SECG3_1993.f:"      PARAMETER (NATOM = 25)                                            "
	get_parameters: got "eval() arg 1 must be a string, bytes or code object" on 4
Line #294 in FH2_GEN_5SECG3_1993.f:"      PARAMETER (PI = 3.141592653589793D0)                              "
	get_parameters: got "eval() arg 1 must be a string, bytes or code object" on 4
Line #296 in FH2_GEN_5SECG3_1993.f:"      PARAMETER (NATOM = 25)                                            "
	get_parameters: got "eval() arg 1 must be a string, bytes or code object" on 4
Line #296 in FH2_GEN_5SECG3_1993.f:"      PARAMETER (NATOM = 25)                                            "
	get_parameters: got "eval() arg 1 must be a string, bytes or code object" on 4
Line #424 in FH2_GEN_5SECG3_1993.f:"      PARAMETER (PI = 3.141592653589793D0)                              "
	get_parameters: got "eval() arg 1 must be a string, bytes or code object" on 4
Line #426 in FH2_GEN_5SECG3_1993.f:"      PARAMETER (NATOM = 25)                                            "
	get_parameters: got "eval() arg 1 must be a string, bytes or code object" on 4
Line #426 in FH2_GEN_5SECG3_1993.f:"      PARAMETER (NATOM = 25)                                            "
	get_parameters: got "eval() arg 1 must be a string, bytes or code object" on 4
Line #511 in FH2_GEN_5SECG3_1993.f:"      PARAMETER (PI = 3.141592653589793D0)                              "
	get_parameters: got "eval() arg 1 must be a string, bytes or code object" on 4
Line #513 in FH2_GEN_5SECG3_1993.f:"      PARAMETER (NATOM = 25)                                            "
	get_parameters: got "eval() arg 1 must be a string, bytes or code object" on 4
Line #513 in FH2_GEN_5SECG3_1993.f:"      PARAMETER (NATOM = 25)                                            "
	get_parameters: got "eval() arg 1 must be a string, bytes or code object" on 4
Line #623 in FH2_GEN_5SECG3_1993.f:"      PARAMETER (PI = 3.141592653589793D0)                              "
	get_parameters: got "eval() arg 1 must be a string, bytes or code object" on 4
Line #625 in FH2_GEN_5SECG3_1993.f:"      PARAMETER (NATOM = 25)                                            "
	get_parameters: got "eval() arg 1 must be a string, bytes or code object" on 4
Line #625 in FH2_GEN_5SECG3_1993.f:"      PARAMETER (NATOM = 25)                                            "
	get_parameters: got "eval() arg 1 must be a string, bytes or code object" on 4
Line #747 in FH2_GEN_5SECG3_1993.f:"      PARAMETER (PI = 3.141592653589793D0)                              "
	get_parameters: got "eval() arg 1 must be a string, bytes or code object" on 4
Line #749 in FH2_GEN_5SECG3_1993.f:"      PARAMETER (NATOM = 25)                                            "
	get_parameters: got "eval() arg 1 must be a string, bytes or code object" on 4
Line #749 in FH2_GEN_5SECG3_1993.f:"      PARAMETER (NATOM = 25)                                            "
	get_parameters: got "eval() arg 1 must be a string, bytes or code object" on 4
Line #1015 in FH2_GEN_5SECG3_1993.f:"      PARAMETER (PI = 3.141592653589793D0)                              "
	get_parameters: got "eval() arg 1 must be a string, bytes or code object" on 4
Line #1017 in FH2_GEN_5SECG3_1993.f:"      PARAMETER (NATOM = 25)                                            "
	get_parameters: got "eval() arg 1 must be a string, bytes or code object" on 4
Line #1017 in FH2_GEN_5SECG3_1993.f:"      PARAMETER (NATOM = 25)                                            "
	get_parameters: got "eval() arg 1 must be a string, bytes or code object" on 4
Line #1112 in FH2_GEN_5SECG3_1993.f:"      PARAMETER (PI = 3.141592653589793D0)                              "
	get_parameters: got "eval() arg 1 must be a string, bytes or code object" on 4
Line #1114 in FH2_GEN_5SECG3_1993.f:"      PARAMETER (NATOM = 25)                                            "
	get_parameters: got "eval() arg 1 must be a string, bytes or code object" on 4
Line #1114 in FH2_GEN_5SECG3_1993.f:"      PARAMETER (NATOM = 25)                                            "
	get_parameters: got "eval() arg 1 must be a string, bytes or code object" on 4
Line #1168 in FH2_GEN_5SECG3_1993.f:"      PARAMETER (PI = 3.141592653589793D0)                              "
	get_parameters: got "eval() arg 1 must be a string, bytes or code object" on 4
Line #1170 in FH2_GEN_5SECG3_1993.f:"      PARAMETER (NATOM = 25)                                            "
	get_parameters: got "eval() arg 1 must be a string, bytes or code object" on 4
Line #1170 in FH2_GEN_5SECG3_1993.f:"      PARAMETER (NATOM = 25)                                            "
	get_parameters: got "eval() arg 1 must be a string, bytes or code object" on 4
Line #1252 in FH2_GEN_5SECG3_1993.f:"      PARAMETER (PI = 3.141592653589793D0)                              "
	get_parameters: got "eval() arg 1 must be a string, bytes or code object" on 4
Line #1254 in FH2_GEN_5SECG3_1993.f:"      PARAMETER (NATOM = 25)                                            "
	get_parameters: got "eval() arg 1 must be a string, bytes or code object" on 4
Line #1254 in FH2_GEN_5SECG3_1993.f:"      PARAMETER (NATOM = 25)                                            "
	get_parameters: got "eval() arg 1 must be a string, bytes or code object" on 4
Line #1347 in FH2_GEN_5SECG3_1993.f:"      PARAMETER (PI = 3.141592653589793D0)"
	get_parameters: got "eval() arg 1 must be a string, bytes or code object" on 4
Line #1517 in FH2_GEN_5SECG3_1993.f:"      PARAMETER(        PI = 3.141592653589793D0)"
	get_parameters: got "eval() arg 1 must be a string, bytes or code object" on 4
Line #1518 in FH2_GEN_5SECG3_1993.f:"      PARAMETER(    CLIGHT = 2.99792458D08)"
	get_parameters: got "eval() arg 1 must be a string, bytes or code object" on 4
Line #1518 in FH2_GEN_5SECG3_1993.f:"      PARAMETER(    CLIGHT = 2.99792458D08)"
	get_parameters: got "eval() arg 1 must be a string, bytes or code object" on 4
Line #1519 in FH2_GEN_5SECG3_1993.f:"      PARAMETER(     CMU_0 = 4.0D0*PI*1.0D-07)"
	get_parameters: got "eval() arg 1 must be a string, bytes or code object" on 4
Line #1519 in FH2_GEN_5SECG3_1993.f:"      PARAMETER(     CMU_0 = 4.0D0*PI*1.0D-07)"
	get_parameters: got "eval() arg 1 must be a string, bytes or code object" on 4
Line #1519 in FH2_GEN_5SECG3_1993.f:"      PARAMETER(     CMU_0 = 4.0D0*PI*1.0D-07)"
	get_parameters: got "eval() arg 1 must be a string, bytes or code object" on 4
Line #1520 in FH2_GEN_5SECG3_1993.f:"      PARAMETER(CEPSILON_0 = 1.0D0/(CMU_0*CLIGHT**2))"
	get_parameters: got "eval() arg 1 must be a string, bytes or code object" on 4
Line #1520 in FH2_GEN_5SECG3_1993.f:"      PARAMETER(CEPSILON_0 = 1.0D0/(CMU_0*CLIGHT**2))"
	get_parameters: got "eval() arg 1 must be a string, bytes or code object" on 4
Line #1520 in FH2_GEN_5SECG3_1993.f:"      PARAMETER(CEPSILON_0 = 1.0D0/(CMU_0*CLIGHT**2))"
	get_parameters: got "eval() arg 1 must be a string, bytes or code object" on 4
Line #1520 in FH2_GEN_5SECG3_1993.f:"      PARAMETER(CEPSILON_0 = 1.0D0/(CMU_0*CLIGHT**2))"
	determineexprtype: could not determine expressions ('1.0d0/(cmu_0*clight**2)') type.
Line #1521 in FH2_GEN_5SECG3_1993.f:"      PARAMETER(        CE = 1.602176462D-19)"
	get_parameters: got "eval() arg 1 must be a string, bytes or code object" on 4
Line #1521 in FH2_GEN_5SECG3_1993.f:"      PARAMETER(        CE = 1.602176462D-19)"
	get_parameters: got "eval() arg 1 must be a string, bytes or code object" on 4
Line #1521 in FH2_GEN_5SECG3_1993.f:"      PARAMETER(        CE = 1.602176462D-19)"
	get_parameters: got "eval() arg 1 must be a string, bytes or code object" on 4
Line #1522 in FH2_GEN_5SECG3_1993.f:"      PARAMETER(   CPLANCK = 6.62606876D-34)"
	get_parameters: got "eval() arg 1 must be a string, bytes or code object" on 4
Line #1522 in FH2_GEN_5SECG3_1993.f:"      PARAMETER(   CPLANCK = 6.62606876D-34)"
	get_parameters: got "eval() arg 1 must be a string, bytes or code object" on 4
Line #1522 in FH2_GEN_5SECG3_1993.f:"      PARAMETER(   CPLANCK = 6.62606876D-34)"
	get_parameters: got "eval() arg 1 must be a string, bytes or code object" on 4
Line #1522 in FH2_GEN_5SECG3_1993.f:"      PARAMETER(   CPLANCK = 6.62606876D-34)"
	get_parameters: got "eval() arg 1 must be a string, bytes or code object" on 4
Line #1523 in FH2_GEN_5SECG3_1993.f:"      PARAMETER(      CM_E = 9.10938188D-31)"
	get_parameters: got "eval() arg 1 must be a string, bytes or code object" on 4
Line #1523 in FH2_GEN_5SECG3_1993.f:"      PARAMETER(      CM_E = 9.10938188D-31)"
	get_parameters: got "eval() arg 1 must be a string, bytes or code object" on 4
Line #1523 in FH2_GEN_5SECG3_1993.f:"      PARAMETER(      CM_E = 9.10938188D-31)"
	get_parameters: got "eval() arg 1 must be a string, bytes or code object" on 4
Line #1523 in FH2_GEN_5SECG3_1993.f:"      PARAMETER(      CM_E = 9.10938188D-31)"
	get_parameters: got "eval() arg 1 must be a string, bytes or code object" on 4
Line #1523 in FH2_GEN_5SECG3_1993.f:"      PARAMETER(      CM_E = 9.10938188D-31)"
	get_parameters: got "eval() arg 1 must be a string, bytes or code object" on 4
Line #1524 in FH2_GEN_5SECG3_1993.f:"      PARAMETER(      CANG = 1.0D-10)"
	get_parameters: got "eval() arg 1 must be a string, bytes or code object" on 4
Line #1524 in FH2_GEN_5SECG3_1993.f:"      PARAMETER(      CANG = 1.0D-10)"
	get_parameters: got "eval() arg 1 must be a string, bytes or code object" on 4
Line #1524 in FH2_GEN_5SECG3_1993.f:"      PARAMETER(      CANG = 1.0D-10)"
	get_parameters: got "eval() arg 1 must be a string, bytes or code object" on 4
Line #1524 in FH2_GEN_5SECG3_1993.f:"      PARAMETER(      CANG = 1.0D-10)"
	get_parameters: got "eval() arg 1 must be a string, bytes or code object" on 4
Line #1524 in FH2_GEN_5SECG3_1993.f:"      PARAMETER(      CANG = 1.0D-10)"
	get_parameters: got "eval() arg 1 must be a string, bytes or code object" on 4
Line #1524 in FH2_GEN_5SECG3_1993.f:"      PARAMETER(      CANG = 1.0D-10)"
	get_parameters: got "eval() arg 1 must be a string, bytes or code object" on 4
Line #1525 in FH2_GEN_5SECG3_1993.f:"      PARAMETER( CAVOGADRO = 6.02214199D23)"
	get_parameters: got "eval() arg 1 must be a string, bytes or code object" on 4
Line #1525 in FH2_GEN_5SECG3_1993.f:"      PARAMETER( CAVOGADRO = 6.02214199D23)"
	get_parameters: got "eval() arg 1 must be a string, bytes or code object" on 4
Line #1525 in FH2_GEN_5SECG3_1993.f:"      PARAMETER( CAVOGADRO = 6.02214199D23)"
	get_parameters: got "eval() arg 1 must be a string, bytes or code object" on 4
Line #1525 in FH2_GEN_5SECG3_1993.f:"      PARAMETER( CAVOGADRO = 6.02214199D23)"
	get_parameters: got "eval() arg 1 must be a string, bytes or code object" on 4
Line #1525 in FH2_GEN_5SECG3_1993.f:"      PARAMETER( CAVOGADRO = 6.02214199D23)"
	get_parameters: got "eval() arg 1 must be a string, bytes or code object" on 4
Line #1525 in FH2_GEN_5SECG3_1993.f:"      PARAMETER( CAVOGADRO = 6.02214199D23)"
	get_parameters: got "eval() arg 1 must be a string, bytes or code object" on 4
Line #1525 in FH2_GEN_5SECG3_1993.f:"      PARAMETER( CAVOGADRO = 6.02214199D23)"
	get_parameters: got "eval() arg 1 must be a string, bytes or code object" on 4
Line #1526 in FH2_GEN_5SECG3_1993.f:"      PARAMETER(     CKCAL = 4.184D10)"
	get_parameters: got "eval() arg 1 must be a string, bytes or code object" on 4
Line #1526 in FH2_GEN_5SECG3_1993.f:"      PARAMETER(     CKCAL = 4.184D10)"
	get_parameters: got "eval() arg 1 must be a string, bytes or code object" on 4
Line #1526 in FH2_GEN_5SECG3_1993.f:"      PARAMETER(     CKCAL = 4.184D10)"
	get_parameters: got "eval() arg 1 must be a string, bytes or code object" on 4
Line #1526 in FH2_GEN_5SECG3_1993.f:"      PARAMETER(     CKCAL = 4.184D10)"
	get_parameters: got "eval() arg 1 must be a string, bytes or code object" on 4
Line #1526 in FH2_GEN_5SECG3_1993.f:"      PARAMETER(     CKCAL = 4.184D10)"
	get_parameters: got "eval() arg 1 must be a string, bytes or code object" on 4
Line #1526 in FH2_GEN_5SECG3_1993.f:"      PARAMETER(     CKCAL = 4.184D10)"
	get_parameters: got "eval() arg 1 must be a string, bytes or code object" on 4
Line #1526 in FH2_GEN_5SECG3_1993.f:"      PARAMETER(     CKCAL = 4.184D10)"
	get_parameters: got "eval() arg 1 must be a string, bytes or code object" on 4
Line #1526 in FH2_GEN_5SECG3_1993.f:"      PARAMETER(     CKCAL = 4.184D10)"
	get_parameters: got "eval() arg 1 must be a string, bytes or code object" on 4
Line #1527 in FH2_GEN_5SECG3_1993.f:"      PARAMETER(  HTOMILLH = 1000.D0)"
	get_parameters: got "eval() arg 1 must be a string, bytes or code object" on 4
Line #1527 in FH2_GEN_5SECG3_1993.f:"      PARAMETER(  HTOMILLH = 1000.D0)"
	get_parameters: got "eval() arg 1 must be a string, bytes or code object" on 4
Line #1527 in FH2_GEN_5SECG3_1993.f:"      PARAMETER(  HTOMILLH = 1000.D0)"
	get_parameters: got "eval() arg 1 must be a string, bytes or code object" on 4
Line #1527 in FH2_GEN_5SECG3_1993.f:"      PARAMETER(  HTOMILLH = 1000.D0)"
	get_parameters: got "eval() arg 1 must be a string, bytes or code object" on 4
Line #1527 in FH2_GEN_5SECG3_1993.f:"      PARAMETER(  HTOMILLH = 1000.D0)"
	get_parameters: got "eval() arg 1 must be a string, bytes or code object" on 4
Line #1527 in FH2_GEN_5SECG3_1993.f:"      PARAMETER(  HTOMILLH = 1000.D0)"
	get_parameters: got "eval() arg 1 must be a string, bytes or code object" on 4
Line #1527 in FH2_GEN_5SECG3_1993.f:"      PARAMETER(  HTOMILLH = 1000.D0)"
	get_parameters: got "eval() arg 1 must be a string, bytes or code object" on 4
Line #1527 in FH2_GEN_5SECG3_1993.f:"      PARAMETER(  HTOMILLH = 1000.D0)"
	get_parameters: got "eval() arg 1 must be a string, bytes or code object" on 4
Line #1527 in FH2_GEN_5SECG3_1993.f:"      PARAMETER(  HTOMILLH = 1000.D0)"
	get_parameters: got "eval() arg 1 must be a string, bytes or code object" on 4
Line #1528 in FH2_GEN_5SECG3_1993.f:"      PARAMETER(     HTOEV = 27.2113834D0)"
	get_parameters: got "eval() arg 1 must be a string, bytes or code object" on 4
Line #1528 in FH2_GEN_5SECG3_1993.f:"      PARAMETER(     HTOEV = 27.2113834D0)"
	get_parameters: got "eval() arg 1 must be a string, bytes or code object" on 4
Line #1528 in FH2_GEN_5SECG3_1993.f:"      PARAMETER(     HTOEV = 27.2113834D0)"
	get_parameters: got "eval() arg 1 must be a string, bytes or code object" on 4
Line #1528 in FH2_GEN_5SECG3_1993.f:"      PARAMETER(     HTOEV = 27.2113834D0)"
	get_parameters: got "eval() arg 1 must be a string, bytes or code object" on 4
Line #1528 in FH2_GEN_5SECG3_1993.f:"      PARAMETER(     HTOEV = 27.2113834D0)"
	get_parameters: got "eval() arg 1 must be a string, bytes or code object" on 4
Line #1528 in FH2_GEN_5SECG3_1993.f:"      PARAMETER(     HTOEV = 27.2113834D0)"
	get_parameters: got "eval() arg 1 must be a string, bytes or code object" on 4
Line #1528 in FH2_GEN_5SECG3_1993.f:"      PARAMETER(     HTOEV = 27.2113834D0)"
	get_parameters: got "eval() arg 1 must be a string, bytes or code object" on 4
Line #1528 in FH2_GEN_5SECG3_1993.f:"      PARAMETER(     HTOEV = 27.2113834D0)"
	get_parameters: got "eval() arg 1 must be a string, bytes or code object" on 4
Line #1528 in FH2_GEN_5SECG3_1993.f:"      PARAMETER(     HTOEV = 27.2113834D0)"
	get_parameters: got "eval() arg 1 must be a string, bytes or code object" on 4
Line #1528 in FH2_GEN_5SECG3_1993.f:"      PARAMETER(     HTOEV = 27.2113834D0)"
	get_parameters: got "eval() arg 1 must be a string, bytes or code object" on 4
buildmodule: Could not find the body of interfaced routine "switch". Skipping.

getstrlength: expected a signature of a string but got: {'typespec': 'character', 'charselector': {'*': '75'}, 'attrspec': [], 'dimension': ['5']}
Line #1529 in FH2_GEN_5SECG3_1993.f:"      PARAMETER(   HTOKCAL = 627.509470D0)"
	get_parameters: got "eval() arg 1 must be a string, bytes or code object" on 4
Line #1529 in FH2_GEN_5SECG3_1993.f:"      PARAMETER(   HTOKCAL = 627.509470D0)"
	get_parameters: got "eval() arg 1 must be a string, bytes or code object" on 4
Line #1529 in FH2_GEN_5SECG3_1993.f:"      PARAMETER(   HTOKCAL = 627.509470D0)"
	get_parameters: got "eval() arg 1 must be a string, bytes or code object" on 4
Line #1529 in FH2_GEN_5SECG3_1993.f:"      PARAMETER(   HTOKCAL = 627.509470D0)"
	get_parameters: got "eval() arg 1 must be a string, bytes or code object" on 4
Line #1529 in FH2_GEN_5SECG3_1993.f:"      PARAMETER(   HTOKCAL = 627.509470D0)"
	get_parameters: got "eval() arg 1 must be a string, bytes or code object" on 4
Line #1529 in FH2_GEN_5SECG3_1993.f:"      PARAMETER(   HTOKCAL = 627.509470D0)"
	get_parameters: got "eval() arg 1 must be a string, bytes or code object" on 4
Line #1529 in FH2_GEN_5SECG3_1993.f:"      PARAMETER(   HTOKCAL = 627.509470D0)"
	get_parameters: got "eval() arg 1 must be a string, bytes or code object" on 4
Line #1529 in FH2_GEN_5SECG3_1993.f:"      PARAMETER(   HTOKCAL = 627.509470D0)"
	get_parameters: got "eval() arg 1 must be a string, bytes or code object" on 4
Line #1529 in FH2_GEN_5SECG3_1993.f:"      PARAMETER(   HTOKCAL = 627.509470D0)"
	get_parameters: got "eval() arg 1 must be a string, bytes or code object" on 4
Line #1529 in FH2_GEN_5SECG3_1993.f:"      PARAMETER(   HTOKCAL = 627.509470D0)"
	get_parameters: got "eval() arg 1 must be a string, bytes or code object" on 4
Line #1529 in FH2_GEN_5SECG3_1993.f:"      PARAMETER(   HTOKCAL = 627.509470D0)"
	get_parameters: got "eval() arg 1 must be a string, bytes or code object" on 4
Line #1530 in FH2_GEN_5SECG3_1993.f:"      PARAMETER(   HTOWAVE = 219474.631D0)"
	get_parameters: got "eval() arg 1 must be a string, bytes or code object" on 4
Line #1530 in FH2_GEN_5SECG3_1993.f:"      PARAMETER(   HTOWAVE = 219474.631D0)"
	get_parameters: got "eval() arg 1 must be a string, bytes or code object" on 4
Line #1530 in FH2_GEN_5SECG3_1993.f:"      PARAMETER(   HTOWAVE = 219474.631D0)"
	get_parameters: got "eval() arg 1 must be a string, bytes or code object" on 4
Line #1530 in FH2_GEN_5SECG3_1993.f:"      PARAMETER(   HTOWAVE = 219474.631D0)"
	get_parameters: got "eval() arg 1 must be a string, bytes or code object" on 4
Line #1530 in FH2_GEN_5SECG3_1993.f:"      PARAMETER(   HTOWAVE = 219474.631D0)"
	get_parameters: got "eval() arg 1 must be a string, bytes or code object" on 4
Line #1530 in FH2_GEN_5SECG3_1993.f:"      PARAMETER(   HTOWAVE = 219474.631D0)"
	get_parameters: got "eval() arg 1 must be a string, bytes or code object" on 4
Line #1530 in FH2_GEN_5SECG3_1993.f:"      PARAMETER(   HTOWAVE = 219474.631D0)"
	get_parameters: got "eval() arg 1 must be a string, bytes or code object" on 4
Line #1530 in FH2_GEN_5SECG3_1993.f:"      PARAMETER(   HTOWAVE = 219474.631D0)"
	get_parameters: got "eval() arg 1 must be a string, bytes or code object" on 4
Line #1530 in FH2_GEN_5SECG3_1993.f:"      PARAMETER(   HTOWAVE = 219474.631D0)"
	get_parameters: got "eval() arg 1 must be a string, bytes or code object" on 4
Line #1530 in FH2_GEN_5SECG3_1993.f:"      PARAMETER(   HTOWAVE = 219474.631D0)"
	get_parameters: got "eval() arg 1 must be a string, bytes or code object" on 4
Line #1530 in FH2_GEN_5SECG3_1993.f:"      PARAMETER(   HTOWAVE = 219474.631D0)"
	get_parameters: got "eval() arg 1 must be a string, bytes or code object" on 4
Line #1530 in FH2_GEN_5SECG3_1993.f:"      PARAMETER(   HTOWAVE = 219474.631D0)"
	get_parameters: got "eval() arg 1 must be a string, bytes or code object" on 4
Line #1531 in FH2_GEN_5SECG3_1993.f:"      PARAMETER(     HTOKJ = 2625.49962D0)"
	get_parameters: got "eval() arg 1 must be a string, bytes or code object" on 4
Line #1531 in FH2_GEN_5SECG3_1993.f:"      PARAMETER(     HTOKJ = 2625.49962D0)"
	get_parameters: got "eval() arg 1 must be a string, bytes or code object" on 4
Line #1531 in FH2_GEN_5SECG3_1993.f:"      PARAMETER(     HTOKJ = 2625.49962D0)"
	get_parameters: got "eval() arg 1 must be a string, bytes or code object" on 4
Line #1531 in FH2_GEN_5SECG3_1993.f:"      PARAMETER(     HTOKJ = 2625.49962D0)"
	get_parameters: got "eval() arg 1 must be a string, bytes or code object" on 4
Line #1531 in FH2_GEN_5SECG3_1993.f:"      PARAMETER(     HTOKJ = 2625.49962D0)"
	get_parameters: got "eval() arg 1 must be a string, bytes or code object" on 4
Line #1531 in FH2_GEN_5SECG3_1993.f:"      PARAMETER(     HTOKJ = 2625.49962D0)"
	get_parameters: got "eval() arg 1 must be a string, bytes or code object" on 4
Line #1531 in FH2_GEN_5SECG3_1993.f:"      PARAMETER(     HTOKJ = 2625.49962D0)"
	get_parameters: got "eval() arg 1 must be a string, bytes or code object" on 4
Line #1531 in FH2_GEN_5SECG3_1993.f:"      PARAMETER(     HTOKJ = 2625.49962D0)"
	get_parameters: got "eval() arg 1 must be a string, bytes or code object" on 4
Line #1531 in FH2_GEN_5SECG3_1993.f:"      PARAMETER(     HTOKJ = 2625.49962D0)"
	get_parameters: got "eval() arg 1 must be a string, bytes or code object" on 4
Line #1531 in FH2_GEN_5SECG3_1993.f:"      PARAMETER(     HTOKJ = 2625.49962D0)"
	get_parameters: got "eval() arg 1 must be a string, bytes or code object" on 4
Line #1531 in FH2_GEN_5SECG3_1993.f:"      PARAMETER(     HTOKJ = 2625.49962D0)"
	get_parameters: got "eval() arg 1 must be a string, bytes or code object" on 4
Line #1531 in FH2_GEN_5SECG3_1993.f:"      PARAMETER(     HTOKJ = 2625.49962D0)"
	get_parameters: got "eval() arg 1 must be a string, bytes or code object" on 4
Line #1531 in FH2_GEN_5SECG3_1993.f:"      PARAMETER(     HTOKJ = 2625.49962D0)"
	get_parameters: got "eval() arg 1 must be a string, bytes or code object" on 4
Line #1532 in FH2_GEN_5SECG3_1993.f:"      PARAMETER(    BOHR_A = .5291772083D0)"
	get_parameters: got "eval() arg 1 must be a string, bytes or code object" on 4
Line #1532 in FH2_GEN_5SECG3_1993.f:"      PARAMETER(    BOHR_A = .5291772083D0)"
	get_parameters: got "eval() arg 1 must be a string, bytes or code object" on 4
Line #1532 in FH2_GEN_5SECG3_1993.f:"      PARAMETER(    BOHR_A = .5291772083D0)"
	get_parameters: got "eval() arg 1 must be a string, bytes or code object" on 4
Line #1532 in FH2_GEN_5SECG3_1993.f:"      PARAMETER(    BOHR_A = .5291772083D0)"
	get_parameters: got "eval() arg 1 must be a string, bytes or code object" on 4
Line #1532 in FH2_GEN_5SECG3_1993.f:"      PARAMETER(    BOHR_A = .5291772083D0)"
	get_parameters: got "eval() arg 1 must be a string, bytes or code object" on 4
Line #1532 in FH2_GEN_5SECG3_1993.f:"      PARAMETER(    BOHR_A = .5291772083D0)"
	get_parameters: got "eval() arg 1 must be a string, bytes or code object" on 4
Line #1532 in FH2_GEN_5SECG3_1993.f:"      PARAMETER(    BOHR_A = .5291772083D0)"
	get_parameters: got "eval() arg 1 must be a string, bytes or code object" on 4
Line #1532 in FH2_GEN_5SECG3_1993.f:"      PARAMETER(    BOHR_A = .5291772083D0)"
	get_parameters: got "eval() arg 1 must be a string, bytes or code object" on 4
Line #1532 in FH2_GEN_5SECG3_1993.f:"      PARAMETER(    BOHR_A = .5291772083D0)"
	get_parameters: got "eval() arg 1 must be a string, bytes or code object" on 4
Line #1532 in FH2_GEN_5SECG3_1993.f:"      PARAMETER(    BOHR_A = .5291772083D0)"
	get_parameters: got "eval() arg 1 must be a string, bytes or code object" on 4
Line #1532 in FH2_GEN_5SECG3_1993.f:"      PARAMETER(    BOHR_A = .5291772083D0)"
	get_parameters: got "eval() arg 1 must be a string, bytes or code object" on 4
Line #1532 in FH2_GEN_5SECG3_1993.f:"      PARAMETER(    BOHR_A = .5291772083D0)"
	get_parameters: got "eval() arg 1 must be a string, bytes or code object" on 4
Line #1532 in FH2_GEN_5SECG3_1993.f:"      PARAMETER(    BOHR_A = .5291772083D0)"
	get_parameters: got "eval() arg 1 must be a string, bytes or code object" on 4
Line #1532 in FH2_GEN_5SECG3_1993.f:"      PARAMETER(    BOHR_A = .5291772083D0)"
	get_parameters: got "eval() arg 1 must be a string, bytes or code object" on 4
Post-processing...
	Block: FH2_GEN_5SECG3_1993
			Block: pes
			Block: prepot
In: :FH2_GEN_5SECG3_1993:FH2_GEN_5SECG3_1993.f:prepot
get_parameters: got "eval() arg 1 must be a string, bytes or code object" on 4
In: :FH2_GEN_5SECG3_1993:FH2_GEN_5SECG3_1993.f:prepot
get_parameters: got "eval() arg 1 must be a string, bytes or code object" on 4
			Block: pot
In: :FH2_GEN_5SECG3_1993:FH2_GEN_5SECG3_1993.f:pot
get_parameters: got "eval() arg 1 must be a string, bytes or code object" on 4
In: :FH2_GEN_5SECG3_1993:FH2_GEN_5SECG3_1993.f:pot
get_parameters: got "eval() arg 1 must be a string, bytes or code object" on 4
			Block: corr2
In: :FH2_GEN_5SECG3_1993:FH2_GEN_5SECG3_1993.f:corr2
get_parameters: got "eval() arg 1 must be a string, bytes or code object" on 4
In: :FH2_GEN_5SECG3_1993:FH2_GEN_5SECG3_1993.f:corr2
get_parameters: got "eval() arg 1 must be a string, bytes or code object" on 4
{'attrspec': ['dimension(3)']}
In: :FH2_GEN_5SECG3_1993:FH2_GEN_5SECG3_1993.f:damp
vars2fortran: No typespec for argument "rt1".
{'attrspec': ['dimension(3)']}
In: :FH2_GEN_5SECG3_1993:FH2_GEN_5SECG3_1993.f:damp
vars2fortran: No typespec for argument "rt2".
			Block: damp
In: :FH2_GEN_5SECG3_1993:FH2_GEN_5SECG3_1993.f:damp
get_parameters: got "eval() arg 1 must be a string, bytes or code object" on 4
In: :FH2_GEN_5SECG3_1993:FH2_GEN_5SECG3_1993.f:damp
get_parameters: got "eval() arg 1 must be a string, bytes or code object" on 4
			Block: corr3
In: :FH2_GEN_5SECG3_1993:FH2_GEN_5SECG3_1993.f:corr3
get_parameters: got "eval() arg 1 must be a string, bytes or code object" on 4
In: :FH2_GEN_5SECG3_1993:FH2_GEN_5SECG3_1993.f:corr3
get_parameters: got "eval() arg 1 must be a string, bytes or code object" on 4
			Block: vlond
In: :FH2_GEN_5SECG3_1993:FH2_GEN_5SECG3_1993.f:vlond
get_parameters: got "eval() arg 1 must be a string, bytes or code object" on 4
In: :FH2_GEN_5SECG3_1993:FH2_GEN_5SECG3_1993.f:vlond
get_parameters: got "eval() arg 1 must be a string, bytes or code object" on 4
			Block: thcent
In: :FH2_GEN_5SECG3_1993:FH2_GEN_5SECG3_1993.f:thcent
get_parameters: got "eval() arg 1 must be a string, bytes or code object" on 4
In: :FH2_GEN_5SECG3_1993:FH2_GEN_5SECG3_1993.f:thcent
get_parameters: got "eval() arg 1 must be a string, bytes or code object" on 4
{}
In: :FH2_GEN_5SECG3_1993:FH2_GEN_5SECG3_1993.f:xtanh
vars2fortran: No typespec for argument "i".
{'attrspec': ['dimension(10)']}
In: :FH2_GEN_5SECG3_1993:FH2_GEN_5SECG3_1993.f:xtanh
vars2fortran: No typespec for argument "a".
			Block: xtanh
In: :FH2_GEN_5SECG3_1993:FH2_GEN_5SECG3_1993.f:xtanh
get_parameters: got "eval() arg 1 must be a string, bytes or code object" on 4
In: :FH2_GEN_5SECG3_1993:FH2_GEN_5SECG3_1993.f:xtanh
get_parameters: got "eval() arg 1 must be a string, bytes or code object" on 4
			Block: switch_bn
In: :FH2_GEN_5SECG3_1993:FH2_GEN_5SECG3_1993.f:switch_bn
get_parameters: got "eval() arg 1 must be a string, bytes or code object" on 4
In: :FH2_GEN_5SECG3_1993:FH2_GEN_5SECG3_1993.f:switch_bn
get_parameters: got "eval() arg 1 must be a string, bytes or code object" on 4
			Block: ptpacm
In: :FH2_GEN_5SECG3_1993:FH2_GEN_5SECG3_1993.f:ptpacm
get_parameters: got "eval() arg 1 must be a string, bytes or code object" on 4
In: :FH2_GEN_5SECG3_1993:FH2_GEN_5SECG3_1993.f:ptpacm
get_parameters: got "eval() arg 1 must be a string, bytes or code object" on 4
			Block: potinfo
In: :FH2_GEN_5SECG3_1993:FH2_GEN_5SECG3_1993.f:potinfo
get_parameters: got "eval() arg 1 must be a string, bytes or code object" on 4
In: :FH2_GEN_5SECG3_1993:FH2_GEN_5SECG3_1993.f:potinfo
get_parameters: got "eval() arg 1 must be a string, bytes or code object" on 4
			Block: ancvrt
In: :FH2_GEN_5SECG3_1993:FH2_GEN_5SECG3_1993.f:ancvrt
get_parameters: got "eval() arg 1 must be a string, bytes or code object" on 4
In: :FH2_GEN_5SECG3_1993:FH2_GEN_5SECG3_1993.f:ancvrt
get_parameters: got "eval() arg 1 must be a string, bytes or code object" on 4
In: :FH2_GEN_5SECG3_1993:FH2_GEN_5SECG3_1993.f:ancvrt
get_parameters: got "eval() arg 1 must be a string, bytes or code object" on 4
In: :FH2_GEN_5SECG3_1993:FH2_GEN_5SECG3_1993.f:ancvrt
get_parameters: got "eval() arg 1 must be a string, bytes or code object" on 4
In: :FH2_GEN_5SECG3_1993:FH2_GEN_5SECG3_1993.f:ancvrt
get_parameters: got "eval() arg 1 must be a string, bytes or code object" on 4
In: :FH2_GEN_5SECG3_1993:FH2_GEN_5SECG3_1993.f:ancvrt
get_parameters: got "eval() arg 1 must be a string, bytes or code object" on 4
In: :FH2_GEN_5SECG3_1993:FH2_GEN_5SECG3_1993.f:ancvrt
get_parameters: got "eval() arg 1 must be a string, bytes or code object" on 4
In: :FH2_GEN_5SECG3_1993:FH2_GEN_5SECG3_1993.f:ancvrt
get_parameters: got "eval() arg 1 must be a string, bytes or code object" on 4
In: :FH2_GEN_5SECG3_1993:FH2_GEN_5SECG3_1993.f:ancvrt
get_parameters: got "eval() arg 1 must be a string, bytes or code object" on 4
In: :FH2_GEN_5SECG3_1993:FH2_GEN_5SECG3_1993.f:ancvrt
get_parameters: got "eval() arg 1 must be a string, bytes or code object" on 4
In: :FH2_GEN_5SECG3_1993:FH2_GEN_5SECG3_1993.f:ancvrt
get_parameters: got "eval() arg 1 must be a string, bytes or code object" on 4
In: :FH2_GEN_5SECG3_1993:FH2_GEN_5SECG3_1993.f:ancvrt
get_parameters: got "eval() arg 1 must be a string, bytes or code object" on 4
In: :FH2_GEN_5SECG3_1993:FH2_GEN_5SECG3_1993.f:ancvrt
get_parameters: got "eval() arg 1 must be a string, bytes or code object" on 4
In: :FH2_GEN_5SECG3_1993:FH2_GEN_5SECG3_1993.f:ancvrt
get_parameters: got "eval() arg 1 must be a string, bytes or code object" on 4
In: :FH2_GEN_5SECG3_1993:FH2_GEN_5SECG3_1993.f:ancvrt
get_parameters: got "eval() arg 1 must be a string, bytes or code object" on 4
			Block: cartou
In: :FH2_GEN_5SECG3_1993:FH2_GEN_5SECG3_1993.f:cartou
get_parameters: got "eval() arg 1 must be a string, bytes or code object" on 4
			Block: carttor
			Block: eunitzero
In: :FH2_GEN_5SECG3_1993:FH2_GEN_5SECG3_1993.f:eunitzero
get_parameters: got "eval() arg 1 must be a string, bytes or code object" on 4
			Block: rtocart
In: :FH2_GEN_5SECG3_1993:FH2_GEN_5SECG3_1993.f:rtocart
get_parameters: got "eval() arg 1 must be a string, bytes or code object" on 4
			Block: dedcou
In: :FH2_GEN_5SECG3_1993:FH2_GEN_5SECG3_1993.f:dedcou
get_parameters: got "eval() arg 1 must be a string, bytes or code object" on 4
Applying post-processing hooks...
  character_backward_compatibility_hook
Post-processing (stage 2)...
Building modules...
    Building module "FH2_GEN_5SECG3_1993"...
    Generating possibly empty wrappers"
    Maybe empty "FH2_GEN_5SECG3_1993-f2pywrappers.f"
        Constructing wrapper function "pes"...
          p,g,d = pes(x,igrad)
    Generating possibly empty wrappers"
    Maybe empty "FH2_GEN_5SECG3_1993-f2pywrappers.f"
        Constructing wrapper function "prepot"...
          prepot()
    Generating possibly empty wrappers"
    Maybe empty "FH2_GEN_5SECG3_1993-f2pywrappers.f"
        Constructing wrapper function "pot"...
          pot()
    Generating possibly empty wrappers"
    Maybe empty "FH2_GEN_5SECG3_1993-f2pywrappers.f"
        Constructing wrapper function "corr2"...
          corr2()
    Generating possibly empty wrappers"
    Maybe empty "FH2_GEN_5SECG3_1993-f2pywrappers.f"
        Constructing wrapper function "damp"...
          damp(rt1,rt2)
    Generating possibly empty wrappers"
    Maybe empty "FH2_GEN_5SECG3_1993-f2pywrappers.f"
        Constructing wrapper function "corr3"...
          corr3()
    Generating possibly empty wrappers"
    Maybe empty "FH2_GEN_5SECG3_1993-f2pywrappers.f"
        Constructing wrapper function "vlond"...
          vlond()
    Generating possibly empty wrappers"
    Maybe empty "FH2_GEN_5SECG3_1993-f2pywrappers.f"
        Constructing wrapper function "thcent"...
          thcent()
    Generating possibly empty wrappers"
    Maybe empty "FH2_GEN_5SECG3_1993-f2pywrappers.f"
        Constructing wrapper function "xtanh"...
          xtanh(i,a)
    Generating possibly empty wrappers"
    Maybe empty "FH2_GEN_5SECG3_1993-f2pywrappers.f"
        Constructing wrapper function "potinfo"...
          potinfo()
    Generating possibly empty wrappers"
    Maybe empty "FH2_GEN_5SECG3_1993-f2pywrappers.f"
        Constructing wrapper function "ancvrt"...
          ancvrt()
    Generating possibly empty wrappers"
    Maybe empty "FH2_GEN_5SECG3_1993-f2pywrappers.f"
        Constructing wrapper function "cartou"...
          cartou()
    Generating possibly empty wrappers"
    Maybe empty "FH2_GEN_5SECG3_1993-f2pywrappers.f"
        Constructing wrapper function "carttor"...
          carttor()
    Generating possibly empty wrappers"
    Maybe empty "FH2_GEN_5SECG3_1993-f2pywrappers.f"
        Constructing wrapper function "eunitzero"...
          eunitzero()
    Generating possibly empty wrappers"
    Maybe empty "FH2_GEN_5SECG3_1993-f2pywrappers.f"
        Constructing wrapper function "rtocart"...
          rtocart()
    Generating possibly empty wrappers"
    Maybe empty "FH2_GEN_5SECG3_1993-f2pywrappers.f"
        Constructing wrapper function "dedcou"...
          dedcou()
		Constructing COMMON block support for "usrocm"...
		  pengygs,pengyes,pengyij,dgscart,descart,dijcart
		Constructing COMMON block support for "usricm"...
		  cart,anuzero,nulbl,nflag,nasurf,nder
		Constructing COMMON block support for "pt3cm"...
		  ezero
		Constructing COMMON block support for "infocm"...
		  cartnu,indexes,irctnt,natoms,icartr,mder,msurf,ref
		Constructing COMMON block support for "asycm"...
		  easyab,easybc,easyac
		Constructing COMMON block support for "decm"...
		  disse
		Constructing COMMON block support for "dist"...
		  rm,r0
		Constructing COMMON block support for "ref"...
		  ro
		Constructing COMMON block support for "tpar"...
		  xhh,xhf,p
		Constructing COMMON block support for "atat"...
		  chh,chf
		Constructing COMMON block support for "trial"...
		  eta1,eta2,eta3,etap1,etap2,etap3
		Constructing COMMON block support for "kkp"...
		  ck1,ck2,ck3,ckp1,ckp2,ckp3
		Constructing COMMON block support for "diat"...
		  d,a1,a2,a3,gamma
		Constructing COMMON block support for "swpar"...
		  dec,rb,sw,dsw
		Constructing COMMON block support for "local"...
		  c3c,alf,alfp,alft,p3c,q3c,betp
		Constructing COMMON block support for "dispc"...
		  alph0,alph1,bet0,bet1
		Constructing COMMON block support for "dampc"...
		  ad1,ad2,ad3,bd1,bd2,bd3
		Constructing COMMON block support for "dpc"...
		  dp1,dp2,dp3,ddp1,ddp2,ddp3
		Constructing COMMON block support for "degsdrcm"...
		  dcorr2,dcorr3,dldr,de3c
		Constructing COMMON block support for "engycm"...
		  ecor2b,ecor3b,elond,e3c
		Constructing COMMON block support for "par"...
		  bhh,bhf
		Constructing COMMON block support for "vtanh"...
		  rtanh,drtanh
		Constructing COMMON block support for "pt1cm"...
		  r,engygs,degsdr
		Constructing COMMON block support for "pt4cm"...
		  engyes,deesdr
		Constructing COMMON block support for "pt5cm"...
		  engyij,deijdr
		Constructing COMMON block support for "utilcm"...
		  dgscartnu,descartnu,dijcartnu,cnvrtd,cnvrte,cnvrtde,ireorder,ksdiag,kediag,ksoffd,keoffd
    Wrote C/API module "FH2_GEN_5SECG3_1993" to file "/tmp/tmpwfnl3gnx/src.linux-x86_64-3.11/FH2_GEN_5SECG3_1993module.c"
    Fortran 77 wrappers are saved to "/tmp/tmpwfnl3gnx/src.linux-x86_64-3.11/FH2_GEN_5SECG3_1993-f2pywrappers.f"
INFO:   adding '/tmp/tmpwfnl3gnx/src.linux-x86_64-3.11/fortranobject.c' to sources.
INFO:   adding '/tmp/tmpwfnl3gnx/src.linux-x86_64-3.11' to include_dirs.
copying /home/truhlard/shuxx055/anaconda3/envs/test/lib/python3.11/site-packages/numpy/f2py/src/fortranobject.c -> /tmp/tmpwfnl3gnx/src.linux-x86_64-3.11
copying /home/truhlard/shuxx055/anaconda3/envs/test/lib/python3.11/site-packages/numpy/f2py/src/fortranobject.h -> /tmp/tmpwfnl3gnx/src.linux-x86_64-3.11
INFO:   adding '/tmp/tmpwfnl3gnx/src.linux-x86_64-3.11/FH2_GEN_5SECG3_1993-f2pywrappers.f' to sources.
INFO: build_src: building npy-pkg config files
/home/truhlard/shuxx055/anaconda3/envs/test/lib/python3.11/site-packages/setuptools/_distutils/cmd.py:66: SetuptoolsDeprecationWarning: setup.py install is deprecated.
!!

        ********************************************************************************
        Please avoid running ``setup.py`` directly.
        Instead, use pypa/build, pypa/installer or other
        standards-based tools.

        See https://blog.ganssle.io/articles/2021/10/setup-py-deprecated.html for details.
        ********************************************************************************

!!
  self.initialize_options()
running build_ext
INFO: customize UnixCCompiler
INFO: customize UnixCCompiler using build_ext
INFO: get_default_fcompiler: matching types: '['arm', 'gnu95', 'intel', 'lahey', 'pg', 'nv', 'absoft', 'nag', 'vast', 'compaq', 'intele', 'intelem', 'gnu', 'g95', 'pathf95', 'nagfor', 'fujitsu']'
INFO: customize ArmFlangCompiler
WARN: Could not locate executable armflang
INFO: customize Gnu95FCompiler
INFO: Found executable /home/truhlard/shuxx055/anaconda3/envs/test/bin/gfortran
INFO: customize Gnu95FCompiler
INFO: customize Gnu95FCompiler using build_ext
INFO: building 'FH2_GEN_5SECG3_1993' extension
INFO: compiling C sources
INFO: C compiler: gcc -pthread -B /home/truhlard/shuxx055/anaconda3/envs/test/compiler_compat -DNDEBUG -fwrapv -O2 -Wall -fPIC -O2 -isystem /home/truhlard/shuxx055/anaconda3/envs/test/include -fPIC -O2 -isystem /home/truhlard/shuxx055/anaconda3/envs/test/include -fPIC

creating /tmp/tmpwfnl3gnx/tmp
creating /tmp/tmpwfnl3gnx/tmp/tmpwfnl3gnx
creating /tmp/tmpwfnl3gnx/tmp/tmpwfnl3gnx/src.linux-x86_64-3.11
INFO: compile options: '-DNPY_DISABLE_OPTIMIZATION=1 -I/tmp/tmpwfnl3gnx/src.linux-x86_64-3.11 -I/home/truhlard/shuxx055/anaconda3/envs/test/lib/python3.11/site-packages/numpy/core/include -I/home/truhlard/shuxx055/anaconda3/envs/test/include/python3.11 -c'
INFO: gcc: /tmp/tmpwfnl3gnx/src.linux-x86_64-3.11/fortranobject.c
INFO: gcc: /tmp/tmpwfnl3gnx/src.linux-x86_64-3.11/FH2_GEN_5SECG3_1993module.c
INFO: compiling Fortran sources
INFO: Fortran f77 compiler: /home/truhlard/shuxx055/anaconda3/envs/test/bin/gfortran -fallow-argument-mismatch -std=legacy -fPIC -O3 -funroll-loops
Fortran f90 compiler: /home/truhlard/shuxx055/anaconda3/envs/test/bin/gfortran -Wall -g -fno-second-underscore -fPIC -O3 -funroll-loops
Fortran fix compiler: /home/truhlard/shuxx055/anaconda3/envs/test/bin/gfortran -Wall -g -ffixed-form -fno-second-underscore -Wall -g -fno-second-underscore -fPIC -O3 -funroll-loops
INFO: compile options: '-I/tmp/tmpwfnl3gnx/src.linux-x86_64-3.11 -I/home/truhlard/shuxx055/anaconda3/envs/test/lib/python3.11/site-packages/numpy/core/include -I/home/truhlard/shuxx055/anaconda3/envs/test/include/python3.11 -c'
INFO: gfortran:f77: /tmp/tmpwfnl3gnx/src.linux-x86_64-3.11/FH2_GEN_5SECG3_1993-f2pywrappers.f
INFO: gfortran:f77: FH2_GEN_5SECG3_1993.f
INFO: /home/truhlard/shuxx055/anaconda3/envs/test/bin/gfortran -Wall -g -Wall -g -shared /tmp/tmpwfnl3gnx/tmp/tmpwfnl3gnx/src.linux-x86_64-3.11/FH2_GEN_5SECG3_1993module.o /tmp/tmpwfnl3gnx/tmp/tmpwfnl3gnx/src.linux-x86_64-3.11/fortranobject.o /tmp/tmpwfnl3gnx/FH2_GEN_5SECG3_1993.o /tmp/tmpwfnl3gnx/tmp/tmpwfnl3gnx/src.linux-x86_64-3.11/FH2_GEN_5SECG3_1993-f2pywrappers.o -L/panfs/jay/groups/16/truhlard/shuxx055/anaconda3/envs/test/bin/../lib/gcc/x86_64-conda-linux-gnu/13.1.0/../../../../x86_64-conda-linux-gnu/lib/../lib -L/panfs/jay/groups/16/truhlard/shuxx055/anaconda3/envs/test/bin/../lib/gcc/x86_64-conda-linux-gnu/13.1.0/../../../../x86_64-conda-linux-gnu/lib/../lib -lmkl_intel_lp64 -lmkl_sequential -lmkl_core -lgfortran -o ./FH2_GEN_5SECG3_1993.cpython-311-x86_64-linux-gnu.so
Removing build directory /tmp/tmpwfnl3gnx
