running build
running config_cc
INFO: unifing config_cc, config, build_clib, build_ext, build commands --compiler options
running config_fc
INFO: unifing config_fc, config, build_clib, build_ext, build commands --fcompiler options
running build_src
INFO: build_src
INFO: building extension "HClOH_PIPNN" sources
INFO: f2py options: []
INFO: f2py:> /tmp/tmpl74sl21w/src.linux-x86_64-3.11/HClOH_PIPNNmodule.c
creating /tmp/tmpl74sl21w/src.linux-x86_64-3.11
get_useparameters: mapping for {'only': 1, 'map': {'vpescut': 'vpescut'}} not impl.
Reading fortran codes...
	Reading file 'HClOH_PIPNN.f90' (format:fix)
Post-processing...
	Block: HClOH_PIPNN
			Block: nnparam
In: :HClOH_PIPNN:HClOH_PIPNN.f90:nnparam
get_parameters: got "eval() arg 1 must be a string, bytes or code object" on 8
			Block: pes
In: :HClOH_PIPNN:HClOH_PIPNN.f90:pes
get_parameters: got "eval() arg 1 must be a string, bytes or code object" on 8
			Block: hcloh_pes_interface
In: :HClOH_PIPNN:HClOH_PIPNN.f90:hcloh_pes_interface
get_parameters: got "eval() arg 1 must be a string, bytes or code object" on 8
			Block: hclohnn
In: :HClOH_PIPNN:HClOH_PIPNN.f90:hclohnn
get_parameters: got "eval() arg 1 must be a string, bytes or code object" on 8
In: :HClOH_PIPNN:HClOH_PIPNN.f90:hclohnn
get_parameters: got "eval() arg 1 must be a string, bytes or code object" on 8
			Block: pes_init
In: :HClOH_PIPNN:HClOH_PIPNN.f90:pes_init
get_parameters: got "eval() arg 1 must be a string, bytes or code object" on 8
			Block: getpota
In: :HClOH_PIPNN:HClOH_PIPNN.f90:getpota
get_parameters: got "eval() arg 1 must be a string, bytes or code object" on 8
			Block: getpotb
In: :HClOH_PIPNN:HClOH_PIPNN.f90:getpotb
get_parameters: got "eval() arg 1 must be a string, bytes or code object" on 8
			Block: getpotc
In: :HClOH_PIPNN:HClOH_PIPNN.f90:getpotc
get_parameters: got "eval() arg 1 must be a string, bytes or code object" on 8
			Block: tranfun
			Block: bemsav
			Block: evmono
			Block: evpoly
			Block: before_vpes
Applying post-processing hooks...
  character_backward_compatibility_hook
Post-processing (stage 2)...
	Block: HClOH_PIPNN
		Block: unknown_interface
			Block: nnparam
			Block: pes
			Block: hcloh_pes_interface
			Block: hclohnn
			Block: pes_init
			Block: getpota
			Block: getpotb
			Block: getpotc
			Block: tranfun
			Block: bemsav
			Block: evmono
			Block: evpoly
			Block: before_vpes
Building modules...
    Building module "HClOH_PIPNN"...
    Generating possibly empty wrappers"
    Maybe empty "HClOH_PIPNN-f2pywrappers.f"
        Constructing wrapper function "pes"...
          p,g,d = pes(x,igrad,path)
    Generating possibly empty wrappers"
    Maybe empty "HClOH_PIPNN-f2pywrappers.f"
        Constructing wrapper function "hcloh_pes_interface"...
          hcloh_pes_interface(ct,vpes)
    Generating possibly empty wrappers"
    Maybe empty "HClOH_PIPNN-f2pywrappers.f"
        Constructing wrapper function "hclohnn"...
          hclohnn(ct,vpes,vpesa,vpesb,vpesc)
    Generating possibly empty wrappers"
    Maybe empty "HClOH_PIPNN-f2pywrappers.f"
        Constructing wrapper function "pes_init"...
          pes_init(path)
    Generating possibly empty wrappers"
    Maybe empty "HClOH_PIPNN-f2pywrappers.f"
        Constructing wrapper function "getpota"...
          getpota(x,vpot)
    Generating possibly empty wrappers"
    Maybe empty "HClOH_PIPNN-f2pywrappers.f"
        Constructing wrapper function "getpotb"...
          getpotb(x,vpot)
    Generating possibly empty wrappers"
    Maybe empty "HClOH_PIPNN-f2pywrappers.f"
        Constructing wrapper function "getpotc"...
          getpotc(x,vpot)
    Generating possibly empty wrappers"
    Maybe empty "HClOH_PIPNN-f2pywrappers.f"
		Creating wrapper for Fortran function "tranfun"("tranfun")...
        Constructing wrapper function "tranfun"...
          tranfun = tranfun(x,ifunc)
    Generating possibly empty wrappers"
    Maybe empty "HClOH_PIPNN-f2pywrappers.f"
        Constructing wrapper function "bemsav"...
          bemsav(x,p)
    Generating possibly empty wrappers"
    Maybe empty "HClOH_PIPNN-f2pywrappers.f"
        Constructing wrapper function "evmono"...
          evmono(x,m)
    Generating possibly empty wrappers"
    Maybe empty "HClOH_PIPNN-f2pywrappers.f"
        Constructing wrapper function "evpoly"...
          evpoly(m,p)
    Generating possibly empty wrappers"
    Maybe empty "HClOH_PIPNN-f2pywrappers.f"
        Constructing wrapper function "before_vpes"...
          before_vpes(xct,lxc)
		Constructing F90 module support for "nnparam"...
		  Variables: ninput noutput nhid nlayer ifunc nwe nodemax nscale nodes weighta biasa pdela pavga weightb biasb pdelb pavgb weightc biasc pdelc pavgc vpescut
getarrdims:warning: assumed shape array, using 0 instead of ':'
getarrdims:warning: assumed shape array, using 0 instead of ':'
getarrdims:warning: assumed shape array, using 0 instead of ':'
getarrdims:warning: assumed shape array, using 0 instead of ':'
getarrdims:warning: assumed shape array, using 0 instead of ':'
getarrdims:warning: assumed shape array, using 0 instead of ':'
getarrdims:warning: assumed shape array, using 0 instead of ':'
getarrdims:warning: assumed shape array, using 0 instead of ':'
getarrdims:warning: assumed shape array, using 0 instead of ':'
getarrdims:warning: assumed shape array, using 0 instead of ':'
getarrdims:warning: assumed shape array, using 0 instead of ':'
getarrdims:warning: assumed shape array, using 0 instead of ':'
getarrdims:warning: assumed shape array, using 0 instead of ':'
getarrdims:warning: assumed shape array, using 0 instead of ':'
getarrdims:warning: assumed shape array, using 0 instead of ':'
getarrdims:warning: assumed shape array, using 0 instead of ':'
getarrdims:warning: assumed shape array, using 0 instead of ':'
getarrdims:warning: assumed shape array, using 0 instead of ':'
getarrdims:warning: assumed shape array, using 0 instead of ':'
getarrdims:warning: assumed shape array, using 0 instead of ':'
getarrdims:warning: assumed shape array, using 0 instead of ':'
getarrdims:warning: assumed shape array, using 0 instead of ':'
    Wrote C/API module "HClOH_PIPNN" to file "/tmp/tmpl74sl21w/src.linux-x86_64-3.11/HClOH_PIPNNmodule.c"
    Fortran 77 wrappers are saved to "/tmp/tmpl74sl21w/src.linux-x86_64-3.11/HClOH_PIPNN-f2pywrappers.f"
    Fortran 90 wrappers are saved to "/tmp/tmpl74sl21w/src.linux-x86_64-3.11/HClOH_PIPNN-f2pywrappers2.f90"
INFO:   adding '/tmp/tmpl74sl21w/src.linux-x86_64-3.11/fortranobject.c' to sources.
INFO:   adding '/tmp/tmpl74sl21w/src.linux-x86_64-3.11' to include_dirs.
copying /home/truhlard/shuxx055/anaconda3/lib/python3.11/site-packages/numpy/f2py/src/fortranobject.c -> /tmp/tmpl74sl21w/src.linux-x86_64-3.11
copying /home/truhlard/shuxx055/anaconda3/lib/python3.11/site-packages/numpy/f2py/src/fortranobject.h -> /tmp/tmpl74sl21w/src.linux-x86_64-3.11
INFO:   adding '/tmp/tmpl74sl21w/src.linux-x86_64-3.11/HClOH_PIPNN-f2pywrappers.f' to sources.
INFO:   adding '/tmp/tmpl74sl21w/src.linux-x86_64-3.11/HClOH_PIPNN-f2pywrappers2.f90' to sources.
INFO: build_src: building npy-pkg config files
/home/truhlard/shuxx055/anaconda3/lib/python3.11/site-packages/setuptools/_distutils/cmd.py:66: SetuptoolsDeprecationWarning: setup.py install is deprecated.
!!

        ********************************************************************************
        Please avoid running ``setup.py`` directly.
        Instead, use pypa/build, pypa/installer, pypa/build or
        other standards-based tools.

        See https://blog.ganssle.io/articles/2021/10/setup-py-deprecated.html for details.
        ********************************************************************************

!!
  self.initialize_options()
running build_ext
INFO: customize UnixCCompiler
INFO: customize UnixCCompiler using build_ext
INFO: get_default_fcompiler: matching types: '['arm', 'gnu95', 'intel', 'lahey', 'pg', 'nv', 'absoft', 'nag', 'vast', 'compaq', 'intele', 'intelem', 'gnu', 'g95', 'pathf95', 'nagfor', 'fujitsu']'
INFO: customize ArmFlangCompiler
WARN: Could not locate executable armflang
INFO: customize Gnu95FCompiler
INFO: Found executable /home/truhlard/shuxx055/anaconda3/bin/gfortran
INFO: customize Gnu95FCompiler
INFO: customize Gnu95FCompiler using build_ext
INFO: building 'HClOH_PIPNN' extension
INFO: compiling C sources
INFO: C compiler: gcc -pthread -B /home/truhlard/shuxx055/anaconda3/compiler_compat -DNDEBUG -fwrapv -O2 -Wall -fPIC -O2 -isystem /home/truhlard/shuxx055/anaconda3/include -fPIC -O2 -isystem /home/truhlard/shuxx055/anaconda3/include -fPIC

creating /tmp/tmpl74sl21w/tmp
creating /tmp/tmpl74sl21w/tmp/tmpl74sl21w
creating /tmp/tmpl74sl21w/tmp/tmpl74sl21w/src.linux-x86_64-3.11
INFO: compile options: '-DNPY_DISABLE_OPTIMIZATION=1 -I/tmp/tmpl74sl21w/src.linux-x86_64-3.11 -I/home/truhlard/shuxx055/anaconda3/lib/python3.11/site-packages/numpy/core/include -I/home/truhlard/shuxx055/anaconda3/include/python3.11 -c'
INFO: gcc: /tmp/tmpl74sl21w/src.linux-x86_64-3.11/HClOH_PIPNNmodule.c
INFO: gcc: /tmp/tmpl74sl21w/src.linux-x86_64-3.11/fortranobject.c
/tmp/tmpl74sl21w/src.linux-x86_64-3.11/HClOH_PIPNNmodule.c: In function 'f2py_setup_nnparam':
/tmp/tmpl74sl21w/src.linux-x86_64-3.11/HClOH_PIPNNmodule.c:1682:35: warning: assignment to 'f2py_init_func' {aka 'void (*)(int *, long int *, void (*)(char *, long int *), int *)'} from incompatible pointer type 'void (*)(int *, int *, void (*)(char *, int *), int *)' [-Wincompatible-pointer-types]
 1682 |   f2py_nnparam_def[i_f2py++].func = nodes;
      |                                   ^
/tmp/tmpl74sl21w/src.linux-x86_64-3.11/HClOH_PIPNNmodule.c:1683:35: warning: assignment to 'f2py_init_func' {aka 'void (*)(int *, long int *, void (*)(char *, long int *), int *)'} from incompatible pointer type 'void (*)(int *, int *, void (*)(char *, int *), int *)' [-Wincompatible-pointer-types]
 1683 |   f2py_nnparam_def[i_f2py++].func = weighta;
      |                                   ^
/tmp/tmpl74sl21w/src.linux-x86_64-3.11/HClOH_PIPNNmodule.c:1684:35: warning: assignment to 'f2py_init_func' {aka 'void (*)(int *, long int *, void (*)(char *, long int *), int *)'} from incompatible pointer type 'void (*)(int *, int *, void (*)(char *, int *), int *)' [-Wincompatible-pointer-types]
 1684 |   f2py_nnparam_def[i_f2py++].func = biasa;
      |                                   ^
/tmp/tmpl74sl21w/src.linux-x86_64-3.11/HClOH_PIPNNmodule.c:1685:35: warning: assignment to 'f2py_init_func' {aka 'void (*)(int *, long int *, void (*)(char *, long int *), int *)'} from incompatible pointer type 'void (*)(int *, int *, void (*)(char *, int *), int *)' [-Wincompatible-pointer-types]
 1685 |   f2py_nnparam_def[i_f2py++].func = pdela;
      |                                   ^
/tmp/tmpl74sl21w/src.linux-x86_64-3.11/HClOH_PIPNNmodule.c:1686:35: warning: assignment to 'f2py_init_func' {aka 'void (*)(int *, long int *, void (*)(char *, long int *), int *)'} from incompatible pointer type 'void (*)(int *, int *, void (*)(char *, int *), int *)' [-Wincompatible-pointer-types]
 1686 |   f2py_nnparam_def[i_f2py++].func = pavga;
      |                                   ^
/tmp/tmpl74sl21w/src.linux-x86_64-3.11/HClOH_PIPNNmodule.c:1687:35: warning: assignment to 'f2py_init_func' {aka 'void (*)(int *, long int *, void (*)(char *, long int *), int *)'} from incompatible pointer type 'void (*)(int *, int *, void (*)(char *, int *), int *)' [-Wincompatible-pointer-types]
 1687 |   f2py_nnparam_def[i_f2py++].func = weightb;
      |                                   ^
/tmp/tmpl74sl21w/src.linux-x86_64-3.11/HClOH_PIPNNmodule.c:1688:35: warning: assignment to 'f2py_init_func' {aka 'void (*)(int *, long int *, void (*)(char *, long int *), int *)'} from incompatible pointer type 'void (*)(int *, int *, void (*)(char *, int *), int *)' [-Wincompatible-pointer-types]
 1688 |   f2py_nnparam_def[i_f2py++].func = biasb;
      |                                   ^
/tmp/tmpl74sl21w/src.linux-x86_64-3.11/HClOH_PIPNNmodule.c:1689:35: warning: assignment to 'f2py_init_func' {aka 'void (*)(int *, long int *, void (*)(char *, long int *), int *)'} from incompatible pointer type 'void (*)(int *, int *, void (*)(char *, int *), int *)' [-Wincompatible-pointer-types]
 1689 |   f2py_nnparam_def[i_f2py++].func = pdelb;
      |                                   ^
/tmp/tmpl74sl21w/src.linux-x86_64-3.11/HClOH_PIPNNmodule.c:1690:35: warning: assignment to 'f2py_init_func' {aka 'void (*)(int *, long int *, void (*)(char *, long int *), int *)'} from incompatible pointer type 'void (*)(int *, int *, void (*)(char *, int *), int *)' [-Wincompatible-pointer-types]
 1690 |   f2py_nnparam_def[i_f2py++].func = pavgb;
      |                                   ^
/tmp/tmpl74sl21w/src.linux-x86_64-3.11/HClOH_PIPNNmodule.c:1691:35: warning: assignment to 'f2py_init_func' {aka 'void (*)(int *, long int *, void (*)(char *, long int *), int *)'} from incompatible pointer type 'void (*)(int *, int *, void (*)(char *, int *), int *)' [-Wincompatible-pointer-types]
 1691 |   f2py_nnparam_def[i_f2py++].func = weightc;
      |                                   ^
/tmp/tmpl74sl21w/src.linux-x86_64-3.11/HClOH_PIPNNmodule.c:1692:35: warning: assignment to 'f2py_init_func' {aka 'void (*)(int *, long int *, void (*)(char *, long int *), int *)'} from incompatible pointer type 'void (*)(int *, int *, void (*)(char *, int *), int *)' [-Wincompatible-pointer-types]
 1692 |   f2py_nnparam_def[i_f2py++].func = biasc;
      |                                   ^
/tmp/tmpl74sl21w/src.linux-x86_64-3.11/HClOH_PIPNNmodule.c:1693:35: warning: assignment to 'f2py_init_func' {aka 'void (*)(int *, long int *, void (*)(char *, long int *), int *)'} from incompatible pointer type 'void (*)(int *, int *, void (*)(char *, int *), int *)' [-Wincompatible-pointer-types]
 1693 |   f2py_nnparam_def[i_f2py++].func = pdelc;
      |                                   ^
/tmp/tmpl74sl21w/src.linux-x86_64-3.11/HClOH_PIPNNmodule.c:1694:35: warning: assignment to 'f2py_init_func' {aka 'void (*)(int *, long int *, void (*)(char *, long int *), int *)'} from incompatible pointer type 'void (*)(int *, int *, void (*)(char *, int *), int *)' [-Wincompatible-pointer-types]
 1694 |   f2py_nnparam_def[i_f2py++].func = pavgc;
      |                                   ^
INFO: compiling Fortran 90 module sources
INFO: Fortran f77 compiler: /home/truhlard/shuxx055/anaconda3/bin/gfortran -Wall -g -ffixed-form -fno-second-underscore -fPIC -O3 -funroll-loops
Fortran f90 compiler: /home/truhlard/shuxx055/anaconda3/bin/gfortran -fallow-argument-mismatch -std=legacy -fPIC -O3 -funroll-loops
Fortran fix compiler: /home/truhlard/shuxx055/anaconda3/bin/gfortran -Wall -g -ffixed-form -fno-second-underscore -fallow-argument-mismatch -std=legacy -fPIC -O3 -funroll-loops
INFO: compile options: '-I/tmp/tmpl74sl21w/src.linux-x86_64-3.11 -I/home/truhlard/shuxx055/anaconda3/lib/python3.11/site-packages/numpy/core/include -I/home/truhlard/shuxx055/anaconda3/include/python3.11 -c'
extra options: '-J/tmp/tmpl74sl21w/ -I/tmp/tmpl74sl21w/'
INFO: gfortran:f90: HClOH_PIPNN.f90
INFO: compiling Fortran sources
INFO: Fortran f77 compiler: /home/truhlard/shuxx055/anaconda3/bin/gfortran -Wall -g -ffixed-form -fno-second-underscore -fPIC -O3 -funroll-loops
Fortran f90 compiler: /home/truhlard/shuxx055/anaconda3/bin/gfortran -fallow-argument-mismatch -std=legacy -fPIC -O3 -funroll-loops
Fortran fix compiler: /home/truhlard/shuxx055/anaconda3/bin/gfortran -Wall -g -ffixed-form -fno-second-underscore -fallow-argument-mismatch -std=legacy -fPIC -O3 -funroll-loops
INFO: compile options: '-I/tmp/tmpl74sl21w/src.linux-x86_64-3.11 -I/home/truhlard/shuxx055/anaconda3/lib/python3.11/site-packages/numpy/core/include -I/home/truhlard/shuxx055/anaconda3/include/python3.11 -c'
extra options: '-J/tmp/tmpl74sl21w/ -I/tmp/tmpl74sl21w/'
INFO: gfortran:f90: /tmp/tmpl74sl21w/src.linux-x86_64-3.11/HClOH_PIPNN-f2pywrappers2.f90
INFO: gfortran:f77: /tmp/tmpl74sl21w/src.linux-x86_64-3.11/HClOH_PIPNN-f2pywrappers.f
INFO: /home/truhlard/shuxx055/anaconda3/bin/gfortran -Wall -g -Wall -g -shared /tmp/tmpl74sl21w/tmp/tmpl74sl21w/src.linux-x86_64-3.11/HClOH_PIPNNmodule.o /tmp/tmpl74sl21w/tmp/tmpl74sl21w/src.linux-x86_64-3.11/fortranobject.o /tmp/tmpl74sl21w/HClOH_PIPNN.o /tmp/tmpl74sl21w/tmp/tmpl74sl21w/src.linux-x86_64-3.11/HClOH_PIPNN-f2pywrappers.o /tmp/tmpl74sl21w/tmp/tmpl74sl21w/src.linux-x86_64-3.11/HClOH_PIPNN-f2pywrappers2.o -L/panfs/jay/groups/16/truhlard/shuxx055/anaconda3/bin/../lib/gcc/x86_64-conda-linux-gnu/13.1.0/../../../../x86_64-conda-linux-gnu/lib/../lib -L/panfs/jay/groups/16/truhlard/shuxx055/anaconda3/bin/../lib/gcc/x86_64-conda-linux-gnu/13.1.0/../../../../x86_64-conda-linux-gnu/lib/../lib -lmkl_intel_lp64 -lmkl_sequential -lmkl_core -lgfortran -o ./HClOH_PIPNN.cpython-311-x86_64-linux-gnu.so
Removing build directory /tmp/tmpl74sl21w
