running build
running config_cc
INFO: unifing config_cc, config, build_clib, build_ext, build commands --compiler options
running config_fc
INFO: unifing config_fc, config, build_clib, build_ext, build commands --fcompiler options
running build_src
INFO: build_src
INFO: building extension "CH4O_LEP_2014" sources
INFO: f2py options: []
INFO: f2py:> /tmp/tmpn4sg8xxu/src.linux-x86_64-3.11/CH4O_LEP_2014module.c
creating /tmp/tmpn4sg8xxu/src.linux-x86_64-3.11
rmbadname1: Replacing "switch" with "switch_bn".
analyzeline: Failed to evaluate '4.0d0*pi*1.0d-07'. Ignoring: invalid decimal literal (<string>, line 1)
analyzeline: Failed to evaluate '1.0d0/(cmu_0*clight**2)'. Ignoring: invalid decimal literal (<string>, line 1)
Reading fortran codes...
	Reading file 'CH4O_LEP_2014.f' (format:fix,strict)
Line #15 in CH4O_LEP_2014.f:"      PARAMETER (JSURF=INT(ISURF*(ISURF+1)/2))"
	determineexprtype: could not determine expressions ('int') type.
Line #15 in CH4O_LEP_2014.f:"      PARAMETER (JSURF=INT(ISURF*(ISURF+1)/2))"
	determineexprtype: could not determine expressions ('int(isurf*(isurf+1)/2)') type.
Line #97 in CH4O_LEP_2014.f:"      PARAMETER (PI = 3.141592653589793D0)"
	get_parameters: got "eval() arg 1 must be a string, bytes or code object" on 4
Line #99 in CH4O_LEP_2014.f:"      PARAMETER (NATOM = 25)"
	get_parameters: got "eval() arg 1 must be a string, bytes or code object" on 4
Line #99 in CH4O_LEP_2014.f:"      PARAMETER (NATOM = 25)"
	get_parameters: got "eval() arg 1 must be a string, bytes or code object" on 4
Line #222 in CH4O_LEP_2014.f:"      PARAMETER (PI = 3.141592653589793D0)"
	get_parameters: got "eval() arg 1 must be a string, bytes or code object" on 4
Line #224 in CH4O_LEP_2014.f:"      PARAMETER (NATOM = 25)"
	get_parameters: got "eval() arg 1 must be a string, bytes or code object" on 4
Line #224 in CH4O_LEP_2014.f:"      PARAMETER (NATOM = 25)"
	get_parameters: got "eval() arg 1 must be a string, bytes or code object" on 4
Line #303 in CH4O_LEP_2014.f:"      PARAMETER (PI = 3.141592653589793D0)"
	get_parameters: got "eval() arg 1 must be a string, bytes or code object" on 4
Line #305 in CH4O_LEP_2014.f:"      PARAMETER (NATOM = 25)"
	get_parameters: got "eval() arg 1 must be a string, bytes or code object" on 4
Line #305 in CH4O_LEP_2014.f:"      PARAMETER (NATOM = 25)"
	get_parameters: got "eval() arg 1 must be a string, bytes or code object" on 4
Line #444 in CH4O_LEP_2014.f:"      PARAMETER (PI = 3.141592653589793D0)"
	get_parameters: got "eval() arg 1 must be a string, bytes or code object" on 4
Line #446 in CH4O_LEP_2014.f:"      PARAMETER (NATOM = 25)"
	get_parameters: got "eval() arg 1 must be a string, bytes or code object" on 4
Line #446 in CH4O_LEP_2014.f:"      PARAMETER (NATOM = 25)"
	get_parameters: got "eval() arg 1 must be a string, bytes or code object" on 4
Line #651 in CH4O_LEP_2014.f:"      PARAMETER (PI = 3.141592653589793D0)"
	get_parameters: got "eval() arg 1 must be a string, bytes or code object" on 4
Line #653 in CH4O_LEP_2014.f:"      PARAMETER (NATOM = 25)"
	get_parameters: got "eval() arg 1 must be a string, bytes or code object" on 4
Line #653 in CH4O_LEP_2014.f:"      PARAMETER (NATOM = 25)"
	get_parameters: got "eval() arg 1 must be a string, bytes or code object" on 4
Line #805 in CH4O_LEP_2014.f:"      PARAMETER (PI = 3.141592653589793D0)"
	get_parameters: got "eval() arg 1 must be a string, bytes or code object" on 4
Line #807 in CH4O_LEP_2014.f:"      PARAMETER (NATOM = 25)"
	get_parameters: got "eval() arg 1 must be a string, bytes or code object" on 4
Line #807 in CH4O_LEP_2014.f:"      PARAMETER (NATOM = 25)"
	get_parameters: got "eval() arg 1 must be a string, bytes or code object" on 4
Line #925 in CH4O_LEP_2014.f:"      PARAMETER (PI = 3.141592653589793D0)"
	get_parameters: got "eval() arg 1 must be a string, bytes or code object" on 4
Line #927 in CH4O_LEP_2014.f:"      PARAMETER (NATOM = 25)"
	get_parameters: got "eval() arg 1 must be a string, bytes or code object" on 4
Line #927 in CH4O_LEP_2014.f:"      PARAMETER (NATOM = 25)"
	get_parameters: got "eval() arg 1 must be a string, bytes or code object" on 4
Line #1041 in CH4O_LEP_2014.f:"      PARAMETER (PI = 3.141592653589793D0)"
	get_parameters: got "eval() arg 1 must be a string, bytes or code object" on 4
Line #1043 in CH4O_LEP_2014.f:"      PARAMETER (NATOM = 25)"
	get_parameters: got "eval() arg 1 must be a string, bytes or code object" on 4
Line #1043 in CH4O_LEP_2014.f:"      PARAMETER (NATOM = 25)"
	get_parameters: got "eval() arg 1 must be a string, bytes or code object" on 4
Line #1293 in CH4O_LEP_2014.f:"      PARAMETER (PI = 3.141592653589793D0)"
	get_parameters: got "eval() arg 1 must be a string, bytes or code object" on 4
Line #1295 in CH4O_LEP_2014.f:"      PARAMETER (NATOM = 25)"
	get_parameters: got "eval() arg 1 must be a string, bytes or code object" on 4
Line #1295 in CH4O_LEP_2014.f:"      PARAMETER (NATOM = 25)"
	get_parameters: got "eval() arg 1 must be a string, bytes or code object" on 4
Line #1404 in CH4O_LEP_2014.f:"      PARAMETER (PI = 3.141592653589793D0)"
	get_parameters: got "eval() arg 1 must be a string, bytes or code object" on 4
Line #1406 in CH4O_LEP_2014.f:"      PARAMETER (NATOM = 25)"
	get_parameters: got "eval() arg 1 must be a string, bytes or code object" on 4
Line #1406 in CH4O_LEP_2014.f:"      PARAMETER (NATOM = 25)"
	get_parameters: got "eval() arg 1 must be a string, bytes or code object" on 4
Line #1600 in CH4O_LEP_2014.f:"      PARAMETER (PI = 3.141592653589793D0)"
	get_parameters: got "eval() arg 1 must be a string, bytes or code object" on 4
Line #1602 in CH4O_LEP_2014.f:"      PARAMETER (NATOM = 25)"
	get_parameters: got "eval() arg 1 must be a string, bytes or code object" on 4
Line #1602 in CH4O_LEP_2014.f:"      PARAMETER (NATOM = 25)"
	get_parameters: got "eval() arg 1 must be a string, bytes or code object" on 4
Line #1743 in CH4O_LEP_2014.f:"      PARAMETER (PI = 3.141592653589793D0)"
	get_parameters: got "eval() arg 1 must be a string, bytes or code object" on 4
Line #1744 in CH4O_LEP_2014.f:"      PARAMETER (NATOM = 25)"
	get_parameters: got "eval() arg 1 must be a string, bytes or code object" on 4
Line #1744 in CH4O_LEP_2014.f:"      PARAMETER (NATOM = 25)"
	get_parameters: got "eval() arg 1 must be a string, bytes or code object" on 4
Line #1746 in CH4O_LEP_2014.f:"      PARAMETER (N3TMMN = 18)"
	get_parameters: got "eval() arg 1 must be a string, bytes or code object" on 4
Line #1746 in CH4O_LEP_2014.f:"      PARAMETER (N3TMMN = 18)"
	get_parameters: got "eval() arg 1 must be a string, bytes or code object" on 4
Line #1852 in CH4O_LEP_2014.f:"      PARAMETER (PI = 3.141592653589793D0)"
	get_parameters: got "eval() arg 1 must be a string, bytes or code object" on 4
Line #1854 in CH4O_LEP_2014.f:"      PARAMETER (NATOM = 25)"
	get_parameters: got "eval() arg 1 must be a string, bytes or code object" on 4
Line #1854 in CH4O_LEP_2014.f:"      PARAMETER (NATOM = 25)"
	get_parameters: got "eval() arg 1 must be a string, bytes or code object" on 4
Line #1954 in CH4O_LEP_2014.f:"      PARAMETER (PI = 3.141592653589793D0)"
	get_parameters: got "eval() arg 1 must be a string, bytes or code object" on 4
Line #2124 in CH4O_LEP_2014.f:"      PARAMETER(        PI = 3.141592653589793D0)"
	get_parameters: got "eval() arg 1 must be a string, bytes or code object" on 4
Line #2125 in CH4O_LEP_2014.f:"      PARAMETER(    CLIGHT = 2.99792458D08)"
	get_parameters: got "eval() arg 1 must be a string, bytes or code object" on 4
Line #2125 in CH4O_LEP_2014.f:"      PARAMETER(    CLIGHT = 2.99792458D08)"
	get_parameters: got "eval() arg 1 must be a string, bytes or code object" on 4
Line #2126 in CH4O_LEP_2014.f:"      PARAMETER(     CMU_0 = 4.0D0*PI*1.0D-07)"
	get_parameters: got "eval() arg 1 must be a string, bytes or code object" on 4
Line #2126 in CH4O_LEP_2014.f:"      PARAMETER(     CMU_0 = 4.0D0*PI*1.0D-07)"
	get_parameters: got "eval() arg 1 must be a string, bytes or code object" on 4
Line #2126 in CH4O_LEP_2014.f:"      PARAMETER(     CMU_0 = 4.0D0*PI*1.0D-07)"
	get_parameters: got "eval() arg 1 must be a string, bytes or code object" on 4
Line #2127 in CH4O_LEP_2014.f:"      PARAMETER(CEPSILON_0 = 1.0D0/(CMU_0*CLIGHT**2))"
	get_parameters: got "eval() arg 1 must be a string, bytes or code object" on 4
Line #2127 in CH4O_LEP_2014.f:"      PARAMETER(CEPSILON_0 = 1.0D0/(CMU_0*CLIGHT**2))"
	get_parameters: got "eval() arg 1 must be a string, bytes or code object" on 4
Line #2127 in CH4O_LEP_2014.f:"      PARAMETER(CEPSILON_0 = 1.0D0/(CMU_0*CLIGHT**2))"
	get_parameters: got "eval() arg 1 must be a string, bytes or code object" on 4
Line #2127 in CH4O_LEP_2014.f:"      PARAMETER(CEPSILON_0 = 1.0D0/(CMU_0*CLIGHT**2))"
	determineexprtype: could not determine expressions ('1.0d0/(cmu_0*clight**2)') type.
Line #2128 in CH4O_LEP_2014.f:"      PARAMETER(        CE = 1.602176462D-19)"
	get_parameters: got "eval() arg 1 must be a string, bytes or code object" on 4
Line #2128 in CH4O_LEP_2014.f:"      PARAMETER(        CE = 1.602176462D-19)"
	get_parameters: got "eval() arg 1 must be a string, bytes or code object" on 4
Line #2128 in CH4O_LEP_2014.f:"      PARAMETER(        CE = 1.602176462D-19)"
	get_parameters: got "eval() arg 1 must be a string, bytes or code object" on 4
Line #2129 in CH4O_LEP_2014.f:"      PARAMETER(   CPLANCK = 6.62606876D-34)"
	get_parameters: got "eval() arg 1 must be a string, bytes or code object" on 4
Line #2129 in CH4O_LEP_2014.f:"      PARAMETER(   CPLANCK = 6.62606876D-34)"
	get_parameters: got "eval() arg 1 must be a string, bytes or code object" on 4
Line #2129 in CH4O_LEP_2014.f:"      PARAMETER(   CPLANCK = 6.62606876D-34)"
	get_parameters: got "eval() arg 1 must be a string, bytes or code object" on 4
Line #2129 in CH4O_LEP_2014.f:"      PARAMETER(   CPLANCK = 6.62606876D-34)"
	get_parameters: got "eval() arg 1 must be a string, bytes or code object" on 4
Line #2130 in CH4O_LEP_2014.f:"      PARAMETER(      CM_E = 9.10938188D-31)"
	get_parameters: got "eval() arg 1 must be a string, bytes or code object" on 4
Line #2130 in CH4O_LEP_2014.f:"      PARAMETER(      CM_E = 9.10938188D-31)"
	get_parameters: got "eval() arg 1 must be a string, bytes or code object" on 4
Line #2130 in CH4O_LEP_2014.f:"      PARAMETER(      CM_E = 9.10938188D-31)"
	get_parameters: got "eval() arg 1 must be a string, bytes or code object" on 4
Line #2130 in CH4O_LEP_2014.f:"      PARAMETER(      CM_E = 9.10938188D-31)"
	get_parameters: got "eval() arg 1 must be a string, bytes or code object" on 4
Line #2130 in CH4O_LEP_2014.f:"      PARAMETER(      CM_E = 9.10938188D-31)"
	get_parameters: got "eval() arg 1 must be a string, bytes or code object" on 4
Line #2131 in CH4O_LEP_2014.f:"      PARAMETER(      CANG = 1.0D-10)"
	get_parameters: got "eval() arg 1 must be a string, bytes or code object" on 4
Line #2131 in CH4O_LEP_2014.f:"      PARAMETER(      CANG = 1.0D-10)"
	get_parameters: got "eval() arg 1 must be a string, bytes or code object" on 4
Line #2131 in CH4O_LEP_2014.f:"      PARAMETER(      CANG = 1.0D-10)"
	get_parameters: got "eval() arg 1 must be a string, bytes or code object" on 4
Line #2131 in CH4O_LEP_2014.f:"      PARAMETER(      CANG = 1.0D-10)"
	get_parameters: got "eval() arg 1 must be a string, bytes or code object" on 4
Line #2131 in CH4O_LEP_2014.f:"      PARAMETER(      CANG = 1.0D-10)"
	get_parameters: got "eval() arg 1 must be a string, bytes or code object" on 4
Line #2131 in CH4O_LEP_2014.f:"      PARAMETER(      CANG = 1.0D-10)"
	get_parameters: got "eval() arg 1 must be a string, bytes or code object" on 4
Line #2132 in CH4O_LEP_2014.f:"      PARAMETER( CAVOGADRO = 6.02214199D23)"
	get_parameters: got "eval() arg 1 must be a string, bytes or code object" on 4
Line #2132 in CH4O_LEP_2014.f:"      PARAMETER( CAVOGADRO = 6.02214199D23)"
	get_parameters: got "eval() arg 1 must be a string, bytes or code object" on 4
Line #2132 in CH4O_LEP_2014.f:"      PARAMETER( CAVOGADRO = 6.02214199D23)"
	get_parameters: got "eval() arg 1 must be a string, bytes or code object" on 4
Line #2132 in CH4O_LEP_2014.f:"      PARAMETER( CAVOGADRO = 6.02214199D23)"
	get_parameters: got "eval() arg 1 must be a string, bytes or code object" on 4
Line #2132 in CH4O_LEP_2014.f:"      PARAMETER( CAVOGADRO = 6.02214199D23)"
	get_parameters: got "eval() arg 1 must be a string, bytes or code object" on 4
Line #2132 in CH4O_LEP_2014.f:"      PARAMETER( CAVOGADRO = 6.02214199D23)"
	get_parameters: got "eval() arg 1 must be a string, bytes or code object" on 4
Line #2132 in CH4O_LEP_2014.f:"      PARAMETER( CAVOGADRO = 6.02214199D23)"
	get_parameters: got "eval() arg 1 must be a string, bytes or code object" on 4
Line #2133 in CH4O_LEP_2014.f:"      PARAMETER(     CKCAL = 4.184D10)"
	get_parameters: got "eval() arg 1 must be a string, bytes or code object" on 4
Line #2133 in CH4O_LEP_2014.f:"      PARAMETER(     CKCAL = 4.184D10)"
	get_parameters: got "eval() arg 1 must be a string, bytes or code object" on 4
Line #2133 in CH4O_LEP_2014.f:"      PARAMETER(     CKCAL = 4.184D10)"
	get_parameters: got "eval() arg 1 must be a string, bytes or code object" on 4
Line #2133 in CH4O_LEP_2014.f:"      PARAMETER(     CKCAL = 4.184D10)"
	get_parameters: got "eval() arg 1 must be a string, bytes or code object" on 4
Line #2133 in CH4O_LEP_2014.f:"      PARAMETER(     CKCAL = 4.184D10)"
	get_parameters: got "eval() arg 1 must be a string, bytes or code object" on 4
Line #2133 in CH4O_LEP_2014.f:"      PARAMETER(     CKCAL = 4.184D10)"
	get_parameters: got "eval() arg 1 must be a string, bytes or code object" on 4
Line #2133 in CH4O_LEP_2014.f:"      PARAMETER(     CKCAL = 4.184D10)"
	get_parameters: got "eval() arg 1 must be a string, bytes or code object" on 4
Line #2133 in CH4O_LEP_2014.f:"      PARAMETER(     CKCAL = 4.184D10)"
	get_parameters: got "eval() arg 1 must be a string, bytes or code object" on 4
Line #2134 in CH4O_LEP_2014.f:"      PARAMETER(  HTOMILLH = 1000.D0)"
	get_parameters: got "eval() arg 1 must be a string, bytes or code object" on 4
Line #2134 in CH4O_LEP_2014.f:"      PARAMETER(  HTOMILLH = 1000.D0)"
	get_parameters: got "eval() arg 1 must be a string, bytes or code object" on 4
Line #2134 in CH4O_LEP_2014.f:"      PARAMETER(  HTOMILLH = 1000.D0)"
	get_parameters: got "eval() arg 1 must be a string, bytes or code object" on 4
Line #2134 in CH4O_LEP_2014.f:"      PARAMETER(  HTOMILLH = 1000.D0)"
	get_parameters: got "eval() arg 1 must be a string, bytes or code object" on 4
Line #2134 in CH4O_LEP_2014.f:"      PARAMETER(  HTOMILLH = 1000.D0)"
	get_parameters: got "eval() arg 1 must be a string, bytes or code object" on 4
Line #2134 in CH4O_LEP_2014.f:"      PARAMETER(  HTOMILLH = 1000.D0)"
	get_parameters: got "eval() arg 1 must be a string, bytes or code object" on 4
Line #2134 in CH4O_LEP_2014.f:"      PARAMETER(  HTOMILLH = 1000.D0)"
	get_parameters: got "eval() arg 1 must be a string, bytes or code object" on 4
Line #2134 in CH4O_LEP_2014.f:"      PARAMETER(  HTOMILLH = 1000.D0)"
	get_parameters: got "eval() arg 1 must be a string, bytes or code object" on 4
Line #2134 in CH4O_LEP_2014.f:"      PARAMETER(  HTOMILLH = 1000.D0)"
	get_parameters: got "eval() arg 1 must be a string, bytes or code object" on 4
Line #2135 in CH4O_LEP_2014.f:"      PARAMETER(     HTOEV = 27.2113834D0)"
	get_parameters: got "eval() arg 1 must be a string, bytes or code object" on 4
Line #2135 in CH4O_LEP_2014.f:"      PARAMETER(     HTOEV = 27.2113834D0)"
	get_parameters: got "eval() arg 1 must be a string, bytes or code object" on 4
Line #2135 in CH4O_LEP_2014.f:"      PARAMETER(     HTOEV = 27.2113834D0)"
	get_parameters: got "eval() arg 1 must be a string, bytes or code object" on 4
Line #2135 in CH4O_LEP_2014.f:"      PARAMETER(     HTOEV = 27.2113834D0)"
	get_parameters: got "eval() arg 1 must be a string, bytes or code object" on 4
Line #2135 in CH4O_LEP_2014.f:"      PARAMETER(     HTOEV = 27.2113834D0)"
	get_parameters: got "eval() arg 1 must be a string, bytes or code object" on 4
Line #2135 in CH4O_LEP_2014.f:"      PARAMETER(     HTOEV = 27.2113834D0)"
	get_parameters: got "eval() arg 1 must be a string, bytes or code object" on 4
Line #2135 in CH4O_LEP_2014.f:"      PARAMETER(     HTOEV = 27.2113834D0)"
	get_parameters: got "eval() arg 1 must be a string, bytes or code object" on 4
Line #2135 in CH4O_LEP_2014.f:"      PARAMETER(     HTOEV = 27.2113834D0)"
	get_parameters: got "eval() arg 1 must be a string, bytes or code object" on 4
Line #2135 in CH4O_LEP_2014.f:"      PARAMETER(     HTOEV = 27.2113834D0)"
	get_parameters: got "eval() arg 1 must be a string, bytes or code object" on 4
Line #2135 in CH4O_LEP_2014.f:"      PARAMETER(     HTOEV = 27.2113834D0)"
	get_parameters: got "eval() arg 1 must be a string, bytes or code object" on 4
Line #2136 in CH4O_LEP_2014.f:"      PARAMETER(   HTOKCAL = 627.509470D0)"
	get_parameters: got "eval() arg 1 must be a string, bytes or code object" on 4
Line #2136 in CH4O_LEP_2014.f:"      PARAMETER(   HTOKCAL = 627.509470D0)"
	getstrlength: expected a signature of a string but got: {'typespec': 'character', 'charselector': {'*': '75'}, 'attrspec': [], 'dimension': ['5']}
get_parameters: got "eval() arg 1 must be a string, bytes or code object" on 4
Line #2136 in CH4O_LEP_2014.f:"      PARAMETER(   HTOKCAL = 627.509470D0)"
	get_parameters: got "eval() arg 1 must be a string, bytes or code object" on 4
Line #2136 in CH4O_LEP_2014.f:"      PARAMETER(   HTOKCAL = 627.509470D0)"
	get_parameters: got "eval() arg 1 must be a string, bytes or code object" on 4
Line #2136 in CH4O_LEP_2014.f:"      PARAMETER(   HTOKCAL = 627.509470D0)"
	get_parameters: got "eval() arg 1 must be a string, bytes or code object" on 4
Line #2136 in CH4O_LEP_2014.f:"      PARAMETER(   HTOKCAL = 627.509470D0)"
	get_parameters: got "eval() arg 1 must be a string, bytes or code object" on 4
Line #2136 in CH4O_LEP_2014.f:"      PARAMETER(   HTOKCAL = 627.509470D0)"
	get_parameters: got "eval() arg 1 must be a string, bytes or code object" on 4
Line #2136 in CH4O_LEP_2014.f:"      PARAMETER(   HTOKCAL = 627.509470D0)"
	get_parameters: got "eval() arg 1 must be a string, bytes or code object" on 4
Line #2136 in CH4O_LEP_2014.f:"      PARAMETER(   HTOKCAL = 627.509470D0)"
	get_parameters: got "eval() arg 1 must be a string, bytes or code object" on 4
Line #2136 in CH4O_LEP_2014.f:"      PARAMETER(   HTOKCAL = 627.509470D0)"
	get_parameters: got "eval() arg 1 must be a string, bytes or code object" on 4
Line #2136 in CH4O_LEP_2014.f:"      PARAMETER(   HTOKCAL = 627.509470D0)"
	get_parameters: got "eval() arg 1 must be a string, bytes or code object" on 4
Line #2137 in CH4O_LEP_2014.f:"      PARAMETER(   HTOWAVE = 219474.631D0)"
	get_parameters: got "eval() arg 1 must be a string, bytes or code object" on 4
Line #2137 in CH4O_LEP_2014.f:"      PARAMETER(   HTOWAVE = 219474.631D0)"
	get_parameters: got "eval() arg 1 must be a string, bytes or code object" on 4
Line #2137 in CH4O_LEP_2014.f:"      PARAMETER(   HTOWAVE = 219474.631D0)"
	get_parameters: got "eval() arg 1 must be a string, bytes or code object" on 4
Line #2137 in CH4O_LEP_2014.f:"      PARAMETER(   HTOWAVE = 219474.631D0)"
	get_parameters: got "eval() arg 1 must be a string, bytes or code object" on 4
Line #2137 in CH4O_LEP_2014.f:"      PARAMETER(   HTOWAVE = 219474.631D0)"
	get_parameters: got "eval() arg 1 must be a string, bytes or code object" on 4
Line #2137 in CH4O_LEP_2014.f:"      PARAMETER(   HTOWAVE = 219474.631D0)"
	get_parameters: got "eval() arg 1 must be a string, bytes or code object" on 4
Line #2137 in CH4O_LEP_2014.f:"      PARAMETER(   HTOWAVE = 219474.631D0)"
	get_parameters: got "eval() arg 1 must be a string, bytes or code object" on 4
Line #2137 in CH4O_LEP_2014.f:"      PARAMETER(   HTOWAVE = 219474.631D0)"
	get_parameters: got "eval() arg 1 must be a string, bytes or code object" on 4
Line #2137 in CH4O_LEP_2014.f:"      PARAMETER(   HTOWAVE = 219474.631D0)"
	get_parameters: got "eval() arg 1 must be a string, bytes or code object" on 4
Line #2137 in CH4O_LEP_2014.f:"      PARAMETER(   HTOWAVE = 219474.631D0)"
	get_parameters: got "eval() arg 1 must be a string, bytes or code object" on 4
Line #2137 in CH4O_LEP_2014.f:"      PARAMETER(   HTOWAVE = 219474.631D0)"
	get_parameters: got "eval() arg 1 must be a string, bytes or code object" on 4
Line #2137 in CH4O_LEP_2014.f:"      PARAMETER(   HTOWAVE = 219474.631D0)"
	get_parameters: got "eval() arg 1 must be a string, bytes or code object" on 4
Line #2138 in CH4O_LEP_2014.f:"      PARAMETER(     HTOKJ = 2625.49962D0)"
	get_parameters: got "eval() arg 1 must be a string, bytes or code object" on 4
Line #2138 in CH4O_LEP_2014.f:"      PARAMETER(     HTOKJ = 2625.49962D0)"
	get_parameters: got "eval() arg 1 must be a string, bytes or code object" on 4
Line #2138 in CH4O_LEP_2014.f:"      PARAMETER(     HTOKJ = 2625.49962D0)"
	get_parameters: got "eval() arg 1 must be a string, bytes or code object" on 4
Line #2138 in CH4O_LEP_2014.f:"      PARAMETER(     HTOKJ = 2625.49962D0)"
	get_parameters: got "eval() arg 1 must be a string, bytes or code object" on 4
Line #2138 in CH4O_LEP_2014.f:"      PARAMETER(     HTOKJ = 2625.49962D0)"
	get_parameters: got "eval() arg 1 must be a string, bytes or code object" on 4
Line #2138 in CH4O_LEP_2014.f:"      PARAMETER(     HTOKJ = 2625.49962D0)"
	get_parameters: got "eval() arg 1 must be a string, bytes or code object" on 4
Line #2138 in CH4O_LEP_2014.f:"      PARAMETER(     HTOKJ = 2625.49962D0)"
	get_parameters: got "eval() arg 1 must be a string, bytes or code object" on 4
Line #2138 in CH4O_LEP_2014.f:"      PARAMETER(     HTOKJ = 2625.49962D0)"
	get_parameters: got "eval() arg 1 must be a string, bytes or code object" on 4
Line #2138 in CH4O_LEP_2014.f:"      PARAMETER(     HTOKJ = 2625.49962D0)"
	get_parameters: got "eval() arg 1 must be a string, bytes or code object" on 4
Line #2138 in CH4O_LEP_2014.f:"      PARAMETER(     HTOKJ = 2625.49962D0)"
	get_parameters: got "eval() arg 1 must be a string, bytes or code object" on 4
Line #2138 in CH4O_LEP_2014.f:"      PARAMETER(     HTOKJ = 2625.49962D0)"
	get_parameters: got "eval() arg 1 must be a string, bytes or code object" on 4
Line #2138 in CH4O_LEP_2014.f:"      PARAMETER(     HTOKJ = 2625.49962D0)"
	get_parameters: got "eval() arg 1 must be a string, bytes or code object" on 4
Line #2138 in CH4O_LEP_2014.f:"      PARAMETER(     HTOKJ = 2625.49962D0)"
	get_parameters: got "eval() arg 1 must be a string, bytes or code object" on 4
Line #2139 in CH4O_LEP_2014.f:"      PARAMETER(    BOHR_A = .5291772083D0)"
	get_parameters: got "eval() arg 1 must be a string, bytes or code object" on 4
Line #2139 in CH4O_LEP_2014.f:"      PARAMETER(    BOHR_A = .5291772083D0)"
	get_parameters: got "eval() arg 1 must be a string, bytes or code object" on 4
Line #2139 in CH4O_LEP_2014.f:"      PARAMETER(    BOHR_A = .5291772083D0)"
	get_parameters: got "eval() arg 1 must be a string, bytes or code object" on 4
Line #2139 in CH4O_LEP_2014.f:"      PARAMETER(    BOHR_A = .5291772083D0)"
	get_parameters: got "eval() arg 1 must be a string, bytes or code object" on 4
Line #2139 in CH4O_LEP_2014.f:"      PARAMETER(    BOHR_A = .5291772083D0)"
	get_parameters: got "eval() arg 1 must be a string, bytes or code object" on 4
Line #2139 in CH4O_LEP_2014.f:"      PARAMETER(    BOHR_A = .5291772083D0)"
	get_parameters: got "eval() arg 1 must be a string, bytes or code object" on 4
Line #2139 in CH4O_LEP_2014.f:"      PARAMETER(    BOHR_A = .5291772083D0)"
	get_parameters: got "eval() arg 1 must be a string, bytes or code object" on 4
Line #2139 in CH4O_LEP_2014.f:"      PARAMETER(    BOHR_A = .5291772083D0)"
	get_parameters: got "eval() arg 1 must be a string, bytes or code object" on 4
Line #2139 in CH4O_LEP_2014.f:"      PARAMETER(    BOHR_A = .5291772083D0)"
	get_parameters: got "eval() arg 1 must be a string, bytes or code object" on 4
Line #2139 in CH4O_LEP_2014.f:"      PARAMETER(    BOHR_A = .5291772083D0)"
	get_parameters: got "eval() arg 1 must be a string, bytes or code object" on 4
Line #2139 in CH4O_LEP_2014.f:"      PARAMETER(    BOHR_A = .5291772083D0)"
	get_parameters: got "eval() arg 1 must be a string, bytes or code object" on 4
Line #2139 in CH4O_LEP_2014.f:"      PARAMETER(    BOHR_A = .5291772083D0)"
	get_parameters: got "eval() arg 1 must be a string, bytes or code object" on 4
Line #2139 in CH4O_LEP_2014.f:"      PARAMETER(    BOHR_A = .5291772083D0)"
	get_parameters: got "eval() arg 1 must be a string, bytes or code object" on 4
Line #2139 in CH4O_LEP_2014.f:"      PARAMETER(    BOHR_A = .5291772083D0)"
	get_parameters: got "eval() arg 1 must be a string, bytes or code object" on 4
Post-processing...
	Block: CH4O_LEP_2014
			Block: pes
			Block: pot
In: :CH4O_LEP_2014:CH4O_LEP_2014.f:pot
get_parameters: got "eval() arg 1 must be a string, bytes or code object" on 4
In: :CH4O_LEP_2014:CH4O_LEP_2014.f:pot
get_parameters: got "eval() arg 1 must be a string, bytes or code object" on 4
			Block: coorden
In: :CH4O_LEP_2014:CH4O_LEP_2014.f:coorden
get_parameters: got "eval() arg 1 must be a string, bytes or code object" on 4
In: :CH4O_LEP_2014:CH4O_LEP_2014.f:coorden
get_parameters: got "eval() arg 1 must be a string, bytes or code object" on 4
			Block: refangles
In: :CH4O_LEP_2014:CH4O_LEP_2014.f:refangles
get_parameters: got "eval() arg 1 must be a string, bytes or code object" on 4
In: :CH4O_LEP_2014:CH4O_LEP_2014.f:refangles
get_parameters: got "eval() arg 1 must be a string, bytes or code object" on 4
{}
In: :CH4O_LEP_2014:CH4O_LEP_2014.f:stretch
vars2fortran: No typespec for argument "vstr".
			Block: stretch
In: :CH4O_LEP_2014:CH4O_LEP_2014.f:stretch
get_parameters: got "eval() arg 1 must be a string, bytes or code object" on 4
In: :CH4O_LEP_2014:CH4O_LEP_2014.f:stretch
get_parameters: got "eval() arg 1 must be a string, bytes or code object" on 4
{}
In: :CH4O_LEP_2014:CH4O_LEP_2014.f:opbend
vars2fortran: No typespec for argument "vop".
			Block: opbend
In: :CH4O_LEP_2014:CH4O_LEP_2014.f:opbend
get_parameters: got "eval() arg 1 must be a string, bytes or code object" on 4
In: :CH4O_LEP_2014:CH4O_LEP_2014.f:opbend
get_parameters: got "eval() arg 1 must be a string, bytes or code object" on 4
{}
In: :CH4O_LEP_2014:CH4O_LEP_2014.f:ipbend
vars2fortran: No typespec for argument "vip".
			Block: ipbend
In: :CH4O_LEP_2014:CH4O_LEP_2014.f:ipbend
get_parameters: got "eval() arg 1 must be a string, bytes or code object" on 4
In: :CH4O_LEP_2014:CH4O_LEP_2014.f:ipbend
get_parameters: got "eval() arg 1 must be a string, bytes or code object" on 4
{}
In: :CH4O_LEP_2014:CH4O_LEP_2014.f:vander
vars2fortran: No typespec for argument "evdw".
			Block: vander
In: :CH4O_LEP_2014:CH4O_LEP_2014.f:vander
get_parameters: got "eval() arg 1 must be a string, bytes or code object" on 4
In: :CH4O_LEP_2014:CH4O_LEP_2014.f:vander
get_parameters: got "eval() arg 1 must be a string, bytes or code object" on 4
{}
In: :CH4O_LEP_2014:CH4O_LEP_2014.f:calcdelta
vars2fortran: No typespec for argument "i".
{}
In: :CH4O_LEP_2014:CH4O_LEP_2014.f:calcdelta
vars2fortran: No typespec for argument "j".
{}
In: :CH4O_LEP_2014:CH4O_LEP_2014.f:calcdelta
vars2fortran: No typespec for argument "k".
{}
In: :CH4O_LEP_2014:CH4O_LEP_2014.f:calcdelta
vars2fortran: No typespec for argument "l".
{}
In: :CH4O_LEP_2014:CH4O_LEP_2014.f:calcdelta
vars2fortran: No typespec for argument "sum2".
{}
In: :CH4O_LEP_2014:CH4O_LEP_2014.f:calcdelta
vars2fortran: No typespec for argument "sum4".
			Block: calcdelta
In: :CH4O_LEP_2014:CH4O_LEP_2014.f:calcdelta
get_parameters: got "eval() arg 1 must be a string, bytes or code object" on 4
In: :CH4O_LEP_2014:CH4O_LEP_2014.f:calcdelta
get_parameters: got "eval() arg 1 must be a string, bytes or code object" on 4
			Block: opforce
In: :CH4O_LEP_2014:CH4O_LEP_2014.f:opforce
get_parameters: got "eval() arg 1 must be a string, bytes or code object" on 4
In: :CH4O_LEP_2014:CH4O_LEP_2014.f:opforce
get_parameters: got "eval() arg 1 must be a string, bytes or code object" on 4
			Block: ipforce
In: :CH4O_LEP_2014:CH4O_LEP_2014.f:ipforce
get_parameters: got "eval() arg 1 must be a string, bytes or code object" on 4
In: :CH4O_LEP_2014:CH4O_LEP_2014.f:ipforce
get_parameters: got "eval() arg 1 must be a string, bytes or code object" on 4
			Block: switchf
In: :CH4O_LEP_2014:CH4O_LEP_2014.f:switchf
get_parameters: got "eval() arg 1 must be a string, bytes or code object" on 4
In: :CH4O_LEP_2014:CH4O_LEP_2014.f:switchf
get_parameters: got "eval() arg 1 must be a string, bytes or code object" on 4
			Block: prepot
In: :CH4O_LEP_2014:CH4O_LEP_2014.f:prepot
get_parameters: got "eval() arg 1 must be a string, bytes or code object" on 4
In: :CH4O_LEP_2014:CH4O_LEP_2014.f:prepot
get_parameters: got "eval() arg 1 must be a string, bytes or code object" on 4
			Block: ptpacm
In: :CH4O_LEP_2014:CH4O_LEP_2014.f:ptpacm
get_parameters: got "eval() arg 1 must be a string, bytes or code object" on 4
In: :CH4O_LEP_2014:CH4O_LEP_2014.f:ptpacm
get_parameters: got "eval() arg 1 must be a string, bytes or code object" on 4
			Block: potinfo
In: :CH4O_LEP_2014:CH4O_LEP_2014.f:potinfo
get_parameters: got "eval() arg 1 must be a string, bytes or code object" on 4
In: :CH4O_LEP_2014:CH4O_LEP_2014.f:potinfo
get_parameters: got "eval() arg 1 must be a string, bytes or code object" on 4
			Block: ancvrt
In: :CH4O_LEP_2014:CH4O_LEP_2014.f:ancvrt
get_parameters: got "eval() arg 1 must be a string, bytes or code object" on 4
In: :CH4O_LEP_2014:CH4O_LEP_2014.f:ancvrt
get_parameters: got "eval() arg 1 must be a string, bytes or code object" on 4
In: :CH4O_LEP_2014:CH4O_LEP_2014.f:ancvrt
get_parameters: got "eval() arg 1 must be a string, bytes or code object" on 4
In: :CH4O_LEP_2014:CH4O_LEP_2014.f:ancvrt
get_parameters: got "eval() arg 1 must be a string, bytes or code object" on 4
In: :CH4O_LEP_2014:CH4O_LEP_2014.f:ancvrt
get_parameters: got "eval() arg 1 must be a string, bytes or code object" on 4
In: :CH4O_LEP_2014:CH4O_LEP_2014.f:ancvrt
get_parameters: got "eval() arg 1 must be a string, bytes or code object" on 4
In: :CH4O_LEP_2014:CH4O_LEP_2014.f:ancvrt
get_parameters: got "eval() arg 1 must be a string, bytes or code object" on 4
In: :CH4O_LEP_2014:CH4O_LEP_2014.f:ancvrt
get_parameters: got "eval() arg 1 must be a string, bytes or code object" on 4
In: :CH4O_LEP_2014:CH4O_LEP_2014.f:ancvrt
get_parameters: got "eval() arg 1 must be a string, bytes or code object" on 4
In: :CH4O_LEP_2014:CH4O_LEP_2014.f:ancvrt
get_parameters: got "eval() arg 1 must be a string, bytes or code object" on 4
In: :CH4O_LEP_2014:CH4O_LEP_2014.f:ancvrt
get_parameters: got "eval() arg 1 must be a string, bytes or code object" on 4
In: :CH4O_LEP_2014:CH4O_LEP_2014.f:ancvrt
get_parameters: got "eval() arg 1 must be a string, bytes or code object" on 4
In: :CH4O_LEP_2014:CH4O_LEP_2014.f:ancvrt
get_parameters: got "eval() arg 1 must be a string, bytes or code object" on 4
In: :CH4O_LEP_2014:CH4O_LEP_2014.f:ancvrt
get_parameters: got "eval() arg 1 must be a string, bytes or code object" on 4
In: :CH4O_LEP_2014:CH4O_LEP_2014.f:ancvrt
get_parameters: got "eval() arg 1 must be a string, bytes or code object" on 4
			Block: cartou
In: :CH4O_LEP_2014:CH4O_LEP_2014.f:cartou
get_parameters: got "eval() arg 1 must be a string, bytes or code object" on 4
			Block: carttor
			Block: eunitzero
In: :CH4O_LEP_2014:CH4O_LEP_2014.f:eunitzero
get_parameters: got "eval() arg 1 must be a string, bytes or code object" on 4
			Block: rtocart
In: :CH4O_LEP_2014:CH4O_LEP_2014.f:rtocart
get_parameters: got "eval() arg 1 must be a string, bytes or code object" on 4
			Block: dedcou
In: :CH4O_LEP_2014:CH4O_LEP_2014.f:dedcou
get_parameters: got "eval() arg 1 must be a string, bytes or code object" on 4
Applying post-processing hooks...
  character_backward_compatibility_hook
Post-processing (stage 2)...
Building modules...
    Building module "CH4O_LEP_2014"...
    Generating possibly empty wrappers"
    Maybe empty "CH4O_LEP_2014-f2pywrappers.f"
        Constructing wrapper function "pes"...
          p,g,d = pes(x,igrad)
    Generating possibly empty wrappers"
    Maybe empty "CH4O_LEP_2014-f2pywrappers.f"
        Constructing wrapper function "pot"...
          pot()
    Generating possibly empty wrappers"
    Maybe empty "CH4O_LEP_2014-f2pywrappers.f"
        Constructing wrapper function "coorden"...
          coorden()
    Generating possibly empty wrappers"
    Maybe empty "CH4O_LEP_2014-f2pywrappers.f"
        Constructing wrapper function "refangles"...
          refangles()
    Generating possibly empty wrappers"
    Maybe empty "CH4O_LEP_2014-f2pywrappers.f"
        Constructing wrapper function "stretch"...
          stretch(vstr)
    Generating possibly empty wrappers"
    Maybe empty "CH4O_LEP_2014-f2pywrappers.f"
        Constructing wrapper function "opbend"...
          opbend(vop)
    Generating possibly empty wrappers"
    Maybe empty "CH4O_LEP_2014-f2pywrappers.f"
        Constructing wrapper function "ipbend"...
          ipbend(vip)
    Generating possibly empty wrappers"
    Maybe empty "CH4O_LEP_2014-f2pywrappers.f"
        Constructing wrapper function "vander"...
          vander(evdw)
    Generating possibly empty wrappers"
    Maybe empty "CH4O_LEP_2014-f2pywrappers.f"
        Constructing wrapper function "calcdelta"...
          calcdelta(i,j,k,l,sum2,sum4)
    Generating possibly empty wrappers"
    Maybe empty "CH4O_LEP_2014-f2pywrappers.f"
        Constructing wrapper function "opforce"...
          opforce()
    Generating possibly empty wrappers"
    Maybe empty "CH4O_LEP_2014-f2pywrappers.f"
        Constructing wrapper function "ipforce"...
          ipforce()
    Generating possibly empty wrappers"
    Maybe empty "CH4O_LEP_2014-f2pywrappers.f"
        Constructing wrapper function "switchf"...
          switchf()
    Generating possibly empty wrappers"
    Maybe empty "CH4O_LEP_2014-f2pywrappers.f"
        Constructing wrapper function "prepot"...
          prepot()
    Generating possibly empty wrappers"
    Maybe empty "CH4O_LEP_2014-f2pywrappers.f"
        Constructing wrapper function "potinfo"...
          potinfo()
    Generating possibly empty wrappers"
    Maybe empty "CH4O_LEP_2014-f2pywrappers.f"
        Constructing wrapper function "ancvrt"...
          ancvrt()
    Generating possibly empty wrappers"
    Maybe empty "CH4O_LEP_2014-f2pywrappers.f"
        Constructing wrapper function "cartou"...
          cartou()
    Generating possibly empty wrappers"
    Maybe empty "CH4O_LEP_2014-f2pywrappers.f"
        Constructing wrapper function "carttor"...
          carttor()
    Generating possibly empty wrappers"
    Maybe empty "CH4O_LEP_2014-f2pywrappers.f"
        Constructing wrapper function "eunitzero"...
          eunitzero()
    Generating possibly empty wrappers"
    Maybe empty "CH4O_LEP_2014-f2pywrappers.f"
        Constructing wrapper function "rtocart"...
          rtocart()
    Generating possibly empty wrappers"
    Maybe empty "CH4O_LEP_2014-f2pywrappers.f"
        Constructing wrapper function "dedcou"...
          dedcou()
		Constructing COMMON block support for "usrocm"...
		  pengygs,pengyes,pengyij,dgscart,descart,dijcart
		Constructing COMMON block support for "usricm"...
		  cart,anuzero,nulbl,nflag,nasurf,nder
		Constructing COMMON block support for "pt1cm"...
		  r,engygs,degsdr
		Constructing COMMON block support for "pt3cm"...
		  ezero
		Constructing COMMON block support for "pt4cm"...
		  engyes,deesdr
		Constructing COMMON block support for "pt5cm"...
		  engyij,deijdr
		Constructing COMMON block support for "infocm"...
		  cartnu,indexes,irctnt,natoms,icartr,mder,msurf,ref
		Constructing COMMON block support for "potcm"...
		  nnc,nnb,nnh,r0ch,d1ch,d3ch,a1ch,b1ch,c1ch,r0hh,d1hh,d3hh,ahh,r0cb,d1cb,d3cb,acb,a3s,b3s,aphi,bphi,cphi,atheta,btheta,ctheta,fch3,hch3,fkinf,ak,bk,aa1,aa2,aa3,aa4,a1s,b1s,a2s,b2s,vdwe,vdwr,vdwc1,vdwc2,vdt1,vdt2,vdtr
		Constructing COMMON block support for "angles"...
		  theta0,dtheta0
		Constructing COMMON block support for "bonds"...
		  rcb,rch,rbh
		Constructing COMMON block support for "coords"...
		  tcb,tch,tbh
		Constructing COMMON block support for "delta1"...
		  fdelta,hdelta
		Constructing COMMON block support for "delta2"...
		  dfdelta,dhdelta
		Constructing COMMON block support for "force1"...
		  fk0,f1,dfdc,dfdh
		Constructing COMMON block support for "ip1"...
		  s1,ds1,s2,ds2
		Constructing COMMON block support for "ndx"...
		  nc,nhb,nh
		Constructing COMMON block support for "op1"...
		  s3,ds3
		Constructing COMMON block support for "qpdot_pl"...
		  q,pdot
		Constructing COMMON block support for "switch1"...
		  sphi,dsphi,stheta,dstheta
		Constructing COMMON block support for "utilcm"...
		  dgscartnu,descartnu,dijcartnu,cnvrtd,cnvrte,cnvrtde,ireorder,ksdiag,kediag,ksoffd,keoffd
    Wrote C/API module "CH4O_LEP_2014" to file "/tmp/tmpn4sg8xxu/src.linux-x86_64-3.11/CH4O_LEP_2014module.c"
    Fortran 77 wrappers are saved to "/tmp/tmpn4sg8xxu/src.linux-x86_64-3.11/CH4O_LEP_2014-f2pywrappers.f"
INFO:   adding '/tmp/tmpn4sg8xxu/src.linux-x86_64-3.11/fortranobject.c' to sources.
INFO:   adding '/tmp/tmpn4sg8xxu/src.linux-x86_64-3.11' to include_dirs.
copying /home/truhlard/shuxx055/anaconda3/lib/python3.11/site-packages/numpy/f2py/src/fortranobject.c -> /tmp/tmpn4sg8xxu/src.linux-x86_64-3.11
copying /home/truhlard/shuxx055/anaconda3/lib/python3.11/site-packages/numpy/f2py/src/fortranobject.h -> /tmp/tmpn4sg8xxu/src.linux-x86_64-3.11
INFO:   adding '/tmp/tmpn4sg8xxu/src.linux-x86_64-3.11/CH4O_LEP_2014-f2pywrappers.f' to sources.
INFO: build_src: building npy-pkg config files
/home/truhlard/shuxx055/anaconda3/lib/python3.11/site-packages/setuptools/_distutils/cmd.py:66: SetuptoolsDeprecationWarning: setup.py install is deprecated.
!!

        ********************************************************************************
        Please avoid running ``setup.py`` directly.
        Instead, use pypa/build, pypa/installer, pypa/build or
        other standards-based tools.

        See https://blog.ganssle.io/articles/2021/10/setup-py-deprecated.html for details.
        ********************************************************************************

!!
  self.initialize_options()
running build_ext
INFO: customize UnixCCompiler
INFO: customize UnixCCompiler using build_ext
INFO: get_default_fcompiler: matching types: '['arm', 'gnu95', 'intel', 'lahey', 'pg', 'nv', 'absoft', 'nag', 'vast', 'compaq', 'intele', 'intelem', 'gnu', 'g95', 'pathf95', 'nagfor', 'fujitsu']'
INFO: customize ArmFlangCompiler
WARN: Could not locate executable armflang
INFO: customize Gnu95FCompiler
INFO: Found executable /home/truhlard/shuxx055/anaconda3/bin/gfortran
INFO: customize Gnu95FCompiler
INFO: customize Gnu95FCompiler using build_ext
INFO: building 'CH4O_LEP_2014' extension
INFO: compiling C sources
INFO: C compiler: gcc -pthread -B /home/truhlard/shuxx055/anaconda3/compiler_compat -DNDEBUG -fwrapv -O2 -Wall -fPIC -O2 -isystem /home/truhlard/shuxx055/anaconda3/include -fPIC -O2 -isystem /home/truhlard/shuxx055/anaconda3/include -fPIC

creating /tmp/tmpn4sg8xxu/tmp
creating /tmp/tmpn4sg8xxu/tmp/tmpn4sg8xxu
creating /tmp/tmpn4sg8xxu/tmp/tmpn4sg8xxu/src.linux-x86_64-3.11
INFO: compile options: '-DNPY_DISABLE_OPTIMIZATION=1 -I/tmp/tmpn4sg8xxu/src.linux-x86_64-3.11 -I/home/truhlard/shuxx055/anaconda3/lib/python3.11/site-packages/numpy/core/include -I/home/truhlard/shuxx055/anaconda3/include/python3.11 -c'
INFO: gcc: /tmp/tmpn4sg8xxu/src.linux-x86_64-3.11/CH4O_LEP_2014module.c
INFO: gcc: /tmp/tmpn4sg8xxu/src.linux-x86_64-3.11/fortranobject.c
INFO: compiling Fortran sources
INFO: Fortran f77 compiler: /home/truhlard/shuxx055/anaconda3/bin/gfortran -fallow-argument-mismatch -std=legacy -fPIC -O3 -funroll-loops
Fortran f90 compiler: /home/truhlard/shuxx055/anaconda3/bin/gfortran -Wall -g -fno-second-underscore -fPIC -O3 -funroll-loops
Fortran fix compiler: /home/truhlard/shuxx055/anaconda3/bin/gfortran -Wall -g -ffixed-form -fno-second-underscore -Wall -g -fno-second-underscore -fPIC -O3 -funroll-loops
INFO: compile options: '-I/tmp/tmpn4sg8xxu/src.linux-x86_64-3.11 -I/home/truhlard/shuxx055/anaconda3/lib/python3.11/site-packages/numpy/core/include -I/home/truhlard/shuxx055/anaconda3/include/python3.11 -c'
INFO: gfortran:f77: /tmp/tmpn4sg8xxu/src.linux-x86_64-3.11/CH4O_LEP_2014-f2pywrappers.f
INFO: gfortran:f77: CH4O_LEP_2014.f
INFO: /home/truhlard/shuxx055/anaconda3/bin/gfortran -Wall -g -Wall -g -shared /tmp/tmpn4sg8xxu/tmp/tmpn4sg8xxu/src.linux-x86_64-3.11/CH4O_LEP_2014module.o /tmp/tmpn4sg8xxu/tmp/tmpn4sg8xxu/src.linux-x86_64-3.11/fortranobject.o /tmp/tmpn4sg8xxu/CH4O_LEP_2014.o /tmp/tmpn4sg8xxu/tmp/tmpn4sg8xxu/src.linux-x86_64-3.11/CH4O_LEP_2014-f2pywrappers.o -L/panfs/jay/groups/16/truhlard/shuxx055/anaconda3/bin/../lib/gcc/x86_64-conda-linux-gnu/13.1.0/../../../../x86_64-conda-linux-gnu/lib/../lib -L/panfs/jay/groups/16/truhlard/shuxx055/anaconda3/bin/../lib/gcc/x86_64-conda-linux-gnu/13.1.0/../../../../x86_64-conda-linux-gnu/lib/../lib -lmkl_intel_lp64 -lmkl_sequential -lmkl_core -lgfortran -o ./CH4O_LEP_2014.cpython-311-x86_64-linux-gnu.so
Removing build directory /tmp/tmpn4sg8xxu
