running build
running config_cc
INFO: unifing config_cc, config, build_clib, build_ext, build commands --compiler options
running config_fc
INFO: unifing config_fc, config, build_clib, build_ext, build commands --fcompiler options
running build_src
INFO: build_src
INFO: building extension "NaFH_LEPS_TTYPP1_1998" sources
INFO: f2py options: []
INFO: f2py:> /tmp/tmp_fmth7k0/src.linux-x86_64-3.11/NaFH_LEPS_TTYPP1_1998module.c
creating /tmp/tmp_fmth7k0/src.linux-x86_64-3.11
Reading fortran codes...
	Reading file 'NaFH_LEPS_TTYPP1_1998.f' (format:fix,strict)
Post-processing...
	Block: NaFH_LEPS_TTYPP1_1998
			Block: pes
			Block: diagonalize
			Block: prepot
{'attrspec': ['dimension(nt,3)']}
In: :NaFH_LEPS_TTYPP1_1998:NaFH_LEPS_TTYPP1_1998.f:pot
vars2fortran: No typespec for argument "r".
{'attrspec': ['dimension(nt)']}
In: :NaFH_LEPS_TTYPP1_1998:NaFH_LEPS_TTYPP1_1998.f:pot
vars2fortran: No typespec for argument "e".
{}
In: :NaFH_LEPS_TTYPP1_1998:NaFH_LEPS_TTYPP1_1998.f:pot
vars2fortran: No typespec for argument "nt".
{}
In: :NaFH_LEPS_TTYPP1_1998:NaFH_LEPS_TTYPP1_1998.f:pot
vars2fortran: No typespec for argument "nsurf".
			Block: pot
			Block: prepot11
			Block: prepot12
			Block: prepot22
			Block: uonetwo
Applying post-processing hooks...
  character_backward_compatibility_hook
Post-processing (stage 2)...
Building modules...
    Building module "NaFH_LEPS_TTYPP1_1998"...
    Generating possibly empty wrappers"
    Maybe empty "NaFH_LEPS_TTYPP1_1998-f2pywrappers.f"
        Constructing wrapper function "pes"...
          p,g,d = pes(x,igrad)
    Generating possibly empty wrappers"
    Maybe empty "NaFH_LEPS_TTYPP1_1998-f2pywrappers.f"
        Constructing wrapper function "diagonalize"...
          ev_s,u_ss = diagonalize(a_ss,[n])
    Generating possibly empty wrappers"
    Maybe empty "NaFH_LEPS_TTYPP1_1998-f2pywrappers.f"
        Constructing wrapper function "prepot"...
          prepot()
    Generating possibly empty wrappers"
    Maybe empty "NaFH_LEPS_TTYPP1_1998-f2pywrappers.f"
        Constructing wrapper function "pot"...
          pot(r,e,nsurf,[nt])
    Generating possibly empty wrappers"
    Maybe empty "NaFH_LEPS_TTYPP1_1998-f2pywrappers.f"
        Constructing wrapper function "prepot11"...
          prepot11()
    Generating possibly empty wrappers"
    Maybe empty "NaFH_LEPS_TTYPP1_1998-f2pywrappers.f"
        Constructing wrapper function "pot11"...
          pot11(r,e,nt)
    Generating possibly empty wrappers"
    Maybe empty "NaFH_LEPS_TTYPP1_1998-f2pywrappers.f"
        Constructing wrapper function "prepot12"...
          prepot12()
    Generating possibly empty wrappers"
    Maybe empty "NaFH_LEPS_TTYPP1_1998-f2pywrappers.f"
        Constructing wrapper function "pot12"...
          pot12(r,e,nt)
    Generating possibly empty wrappers"
    Maybe empty "NaFH_LEPS_TTYPP1_1998-f2pywrappers.f"
        Constructing wrapper function "prepot22"...
          prepot22()
    Generating possibly empty wrappers"
    Maybe empty "NaFH_LEPS_TTYPP1_1998-f2pywrappers.f"
        Constructing wrapper function "pot22"...
          pot22(r,e,nt)
		Constructing COMMON block support for "ucoupl"...
		  ahf,anaf,anah,r21,r23,r13
		Constructing COMMON block support for "ucoupl1"...
		  ccmf,ccmh
    Wrote C/API module "NaFH_LEPS_TTYPP1_1998" to file "/tmp/tmp_fmth7k0/src.linux-x86_64-3.11/NaFH_LEPS_TTYPP1_1998module.c"
    Fortran 77 wrappers are saved to "/tmp/tmp_fmth7k0/src.linux-x86_64-3.11/NaFH_LEPS_TTYPP1_1998-f2pywrappers.f"
INFO:   adding '/tmp/tmp_fmth7k0/src.linux-x86_64-3.11/fortranobject.c' to sources.
INFO:   adding '/tmp/tmp_fmth7k0/src.linux-x86_64-3.11' to include_dirs.
copying /home/truhlard/shuxx055/anaconda3/lib/python3.11/site-packages/numpy/f2py/src/fortranobject.c -> /tmp/tmp_fmth7k0/src.linux-x86_64-3.11
copying /home/truhlard/shuxx055/anaconda3/lib/python3.11/site-packages/numpy/f2py/src/fortranobject.h -> /tmp/tmp_fmth7k0/src.linux-x86_64-3.11
INFO:   adding '/tmp/tmp_fmth7k0/src.linux-x86_64-3.11/NaFH_LEPS_TTYPP1_1998-f2pywrappers.f' to sources.
INFO: build_src: building npy-pkg config files
/home/truhlard/shuxx055/anaconda3/lib/python3.11/site-packages/setuptools/_distutils/cmd.py:66: SetuptoolsDeprecationWarning: setup.py install is deprecated.
!!

        ********************************************************************************
        Please avoid running ``setup.py`` directly.
        Instead, use pypa/build, pypa/installer, pypa/build or
        other standards-based tools.

        See https://blog.ganssle.io/articles/2021/10/setup-py-deprecated.html for details.
        ********************************************************************************

!!
  self.initialize_options()
running build_ext
INFO: customize UnixCCompiler
INFO: customize UnixCCompiler using build_ext
INFO: get_default_fcompiler: matching types: '['arm', 'gnu95', 'intel', 'lahey', 'pg', 'nv', 'absoft', 'nag', 'vast', 'compaq', 'intele', 'intelem', 'gnu', 'g95', 'pathf95', 'nagfor', 'fujitsu']'
INFO: customize ArmFlangCompiler
WARN: Could not locate executable armflang
INFO: customize Gnu95FCompiler
INFO: Found executable /home/truhlard/shuxx055/anaconda3/bin/gfortran
INFO: customize Gnu95FCompiler
INFO: customize Gnu95FCompiler using build_ext
INFO: building 'NaFH_LEPS_TTYPP1_1998' extension
INFO: compiling C sources
INFO: C compiler: gcc -pthread -B /home/truhlard/shuxx055/anaconda3/compiler_compat -DNDEBUG -fwrapv -O2 -Wall -fPIC -O2 -isystem /home/truhlard/shuxx055/anaconda3/include -fPIC -O2 -isystem /home/truhlard/shuxx055/anaconda3/include -fPIC

creating /tmp/tmp_fmth7k0/tmp
creating /tmp/tmp_fmth7k0/tmp/tmp_fmth7k0
creating /tmp/tmp_fmth7k0/tmp/tmp_fmth7k0/src.linux-x86_64-3.11
INFO: compile options: '-DNPY_DISABLE_OPTIMIZATION=1 -I/tmp/tmp_fmth7k0/src.linux-x86_64-3.11 -I/home/truhlard/shuxx055/anaconda3/lib/python3.11/site-packages/numpy/core/include -I/home/truhlard/shuxx055/anaconda3/include/python3.11 -c'
INFO: gcc: /tmp/tmp_fmth7k0/src.linux-x86_64-3.11/fortranobject.c
INFO: gcc: /tmp/tmp_fmth7k0/src.linux-x86_64-3.11/NaFH_LEPS_TTYPP1_1998module.c
INFO: compiling Fortran sources
INFO: Fortran f77 compiler: /home/truhlard/shuxx055/anaconda3/bin/gfortran -fallow-argument-mismatch -std=legacy -fPIC -O3 -funroll-loops
Fortran f90 compiler: /home/truhlard/shuxx055/anaconda3/bin/gfortran -Wall -g -fno-second-underscore -fPIC -O3 -funroll-loops
Fortran fix compiler: /home/truhlard/shuxx055/anaconda3/bin/gfortran -Wall -g -ffixed-form -fno-second-underscore -Wall -g -fno-second-underscore -fPIC -O3 -funroll-loops
INFO: compile options: '-I/tmp/tmp_fmth7k0/src.linux-x86_64-3.11 -I/home/truhlard/shuxx055/anaconda3/lib/python3.11/site-packages/numpy/core/include -I/home/truhlard/shuxx055/anaconda3/include/python3.11 -c'
INFO: gfortran:f77: /tmp/tmp_fmth7k0/src.linux-x86_64-3.11/NaFH_LEPS_TTYPP1_1998-f2pywrappers.f
INFO: gfortran:f77: NaFH_LEPS_TTYPP1_1998.f
NaFH_LEPS_TTYPP1_1998.f:46:37:

   46 |         call diagonalize(nstates,u,p,t)
      |                                     1
Warning: Rank mismatch in argument 'u_ss' at (1) (rank-2 and scalar)
INFO: /home/truhlard/shuxx055/anaconda3/bin/gfortran -Wall -g -Wall -g -shared /tmp/tmp_fmth7k0/tmp/tmp_fmth7k0/src.linux-x86_64-3.11/NaFH_LEPS_TTYPP1_1998module.o /tmp/tmp_fmth7k0/tmp/tmp_fmth7k0/src.linux-x86_64-3.11/fortranobject.o /tmp/tmp_fmth7k0/NaFH_LEPS_TTYPP1_1998.o /tmp/tmp_fmth7k0/tmp/tmp_fmth7k0/src.linux-x86_64-3.11/NaFH_LEPS_TTYPP1_1998-f2pywrappers.o -L/panfs/jay/groups/16/truhlard/shuxx055/anaconda3/bin/../lib/gcc/x86_64-conda-linux-gnu/13.1.0/../../../../x86_64-conda-linux-gnu/lib/../lib -L/panfs/jay/groups/16/truhlard/shuxx055/anaconda3/bin/../lib/gcc/x86_64-conda-linux-gnu/13.1.0/../../../../x86_64-conda-linux-gnu/lib/../lib -lmkl_intel_lp64 -lmkl_sequential -lmkl_core -lgfortran -o ./NaFH_LEPS_TTYPP1_1998.cpython-311-x86_64-linux-gnu.so
Removing build directory /tmp/tmp_fmth7k0
