running build
running config_cc
INFO: unifing config_cc, config, build_clib, build_ext, build commands --compiler options
running config_fc
INFO: unifing config_fc, config, build_clib, build_ext, build commands --fcompiler options
running build_src
INFO: build_src
INFO: building extension "OH2_GEN_POL1980" sources
INFO: f2py options: []
INFO: f2py:> /tmp/tmpulssnh9_/src.linux-x86_64-3.11/OH2_GEN_POL1980module.c
creating /tmp/tmpulssnh9_/src.linux-x86_64-3.11
analyzeline: Failed to evaluate '4.0d0*pi*1.0d-07'. Ignoring: invalid decimal literal (<string>, line 1)
analyzeline: Failed to evaluate '1.0d0/(cmu_0*clight**2)'. Ignoring: invalid decimal literal (<string>, line 1)
Reading fortran codes...
	Reading file 'OH2_GEN_POL1980.f' (format:fix,strict)
Line #15 in OH2_GEN_POL1980.f:"      PARAMETER (JSURF=INT(ISURF*(ISURF+1)/2))"
	determineexprtype: could not determine expressions ('int') type.
Line #15 in OH2_GEN_POL1980.f:"      PARAMETER (JSURF=INT(ISURF*(ISURF+1)/2))"
	determineexprtype: could not determine expressions ('int(isurf*(isurf+1)/2)') type.
Line #139 in OH2_GEN_POL1980.f:"      PARAMETER (PI = 3.141592653589793D0)                              "
	get_parameters: got "eval() arg 1 must be a string, bytes or code object" on 4
Line #141 in OH2_GEN_POL1980.f:"      PARAMETER (NATOM = 25)                                            "
	get_parameters: got "eval() arg 1 must be a string, bytes or code object" on 4
Line #141 in OH2_GEN_POL1980.f:"      PARAMETER (NATOM = 25)                                            "
	get_parameters: got "eval() arg 1 must be a string, bytes or code object" on 4
Line #166 in OH2_GEN_POL1980.f:"      PARAMETER (BOHR = .52917706D0)                                    "
	get_parameters: got "eval() arg 1 must be a string, bytes or code object" on 4
Line #166 in OH2_GEN_POL1980.f:"      PARAMETER (BOHR = .52917706D0)                                    "
	get_parameters: got "eval() arg 1 must be a string, bytes or code object" on 4
Line #168 in OH2_GEN_POL1980.f:"      PARAMETER (HRTREE = 627.5095D0)                                   "
	get_parameters: got "eval() arg 1 must be a string, bytes or code object" on 4
Line #168 in OH2_GEN_POL1980.f:"      PARAMETER (HRTREE = 627.5095D0)                                   "
	get_parameters: got "eval() arg 1 must be a string, bytes or code object" on 4
Line #168 in OH2_GEN_POL1980.f:"      PARAMETER (HRTREE = 627.5095D0)                                   "
	get_parameters: got "eval() arg 1 must be a string, bytes or code object" on 4
Line #295 in OH2_GEN_POL1980.f:"      PARAMETER (PI = 3.141592653589793D0)                              "
	get_parameters: got "eval() arg 1 must be a string, bytes or code object" on 4
Line #297 in OH2_GEN_POL1980.f:"      PARAMETER (NATOM = 25)                                            "
	get_parameters: got "eval() arg 1 must be a string, bytes or code object" on 4
Line #297 in OH2_GEN_POL1980.f:"      PARAMETER (NATOM = 25)                                            "
	get_parameters: got "eval() arg 1 must be a string, bytes or code object" on 4
Line #322 in OH2_GEN_POL1980.f:"      PARAMETER (BOHR = .52917706D0)                                    "
	get_parameters: got "eval() arg 1 must be a string, bytes or code object" on 4
Line #322 in OH2_GEN_POL1980.f:"      PARAMETER (BOHR = .52917706D0)                                    "
	get_parameters: got "eval() arg 1 must be a string, bytes or code object" on 4
Line #324 in OH2_GEN_POL1980.f:"      PARAMETER (HRTREE = 627.5095D0)                                   "
	get_parameters: got "eval() arg 1 must be a string, bytes or code object" on 4
Line #324 in OH2_GEN_POL1980.f:"      PARAMETER (HRTREE = 627.5095D0)                                   "
	get_parameters: got "eval() arg 1 must be a string, bytes or code object" on 4
Line #324 in OH2_GEN_POL1980.f:"      PARAMETER (HRTREE = 627.5095D0)                                   "
	get_parameters: got "eval() arg 1 must be a string, bytes or code object" on 4
Line #488 in OH2_GEN_POL1980.f:"      PARAMETER (PI = 3.141592653589793D0)                              "
	get_parameters: got "eval() arg 1 must be a string, bytes or code object" on 4
Line #490 in OH2_GEN_POL1980.f:"      PARAMETER (NATOM = 25)                                            "
	get_parameters: got "eval() arg 1 must be a string, bytes or code object" on 4
Line #490 in OH2_GEN_POL1980.f:"      PARAMETER (NATOM = 25)                                            "
	get_parameters: got "eval() arg 1 must be a string, bytes or code object" on 4
Line #503 in OH2_GEN_POL1980.f:"      PARAMETER (DETRAD = 0.0174532D0)                                  "
	get_parameters: got "eval() arg 1 must be a string, bytes or code object" on 4
Line #503 in OH2_GEN_POL1980.f:"      PARAMETER (DETRAD = 0.0174532D0)                                  "
	get_parameters: got "eval() arg 1 must be a string, bytes or code object" on 4
Line #504 in OH2_GEN_POL1980.f:"      PARAMETER (CKCAL = 627.5095D0)                                    "
	get_parameters: got "eval() arg 1 must be a string, bytes or code object" on 4
Line #504 in OH2_GEN_POL1980.f:"      PARAMETER (CKCAL = 627.5095D0)                                    "
	get_parameters: got "eval() arg 1 must be a string, bytes or code object" on 4
Line #504 in OH2_GEN_POL1980.f:"      PARAMETER (CKCAL = 627.5095D0)                                    "
	get_parameters: got "eval() arg 1 must be a string, bytes or code object" on 4
Line #506 in OH2_GEN_POL1980.f:"      PARAMETER (BOHR = 0.529177D0)                                     "
	get_parameters: got "eval() arg 1 must be a string, bytes or code object" on 4
Line #506 in OH2_GEN_POL1980.f:"      PARAMETER (BOHR = 0.529177D0)                                     "
	get_parameters: got "eval() arg 1 must be a string, bytes or code object" on 4
Line #506 in OH2_GEN_POL1980.f:"      PARAMETER (BOHR = 0.529177D0)                                     "
	get_parameters: got "eval() arg 1 must be a string, bytes or code object" on 4
Line #506 in OH2_GEN_POL1980.f:"      PARAMETER (BOHR = 0.529177D0)                                     "
	get_parameters: got "eval() arg 1 must be a string, bytes or code object" on 4
Line #616 in OH2_GEN_POL1980.f:"      PARAMETER (PI = 3.141592653589793D0)                              "
	get_parameters: got "eval() arg 1 must be a string, bytes or code object" on 4
Line #618 in OH2_GEN_POL1980.f:"      PARAMETER (NATOM = 25)                                            "
	get_parameters: got "eval() arg 1 must be a string, bytes or code object" on 4
Line #618 in OH2_GEN_POL1980.f:"      PARAMETER (NATOM = 25)                                            "
	get_parameters: got "eval() arg 1 must be a string, bytes or code object" on 4
Line #638 in OH2_GEN_POL1980.f:"      PARAMETER (DETRAD = 0.0174532D0)                                  "
	get_parameters: got "eval() arg 1 must be a string, bytes or code object" on 4
Line #638 in OH2_GEN_POL1980.f:"      PARAMETER (DETRAD = 0.0174532D0)                                  "
	get_parameters: got "eval() arg 1 must be a string, bytes or code object" on 4
Line #639 in OH2_GEN_POL1980.f:"      PARAMETER (CKCAL = 627.5095D0)                                    "
	get_parameters: got "eval() arg 1 must be a string, bytes or code object" on 4
Line #639 in OH2_GEN_POL1980.f:"      PARAMETER (CKCAL = 627.5095D0)                                    "
	get_parameters: got "eval() arg 1 must be a string, bytes or code object" on 4
Line #639 in OH2_GEN_POL1980.f:"      PARAMETER (CKCAL = 627.5095D0)                                    "
	get_parameters: got "eval() arg 1 must be a string, bytes or code object" on 4
Line #641 in OH2_GEN_POL1980.f:"      PARAMETER (BOHR = 0.529177D0)                                     "
	get_parameters: got "eval() arg 1 must be a string, bytes or code object" on 4
Line #641 in OH2_GEN_POL1980.f:"      PARAMETER (BOHR = 0.529177D0)                                     "
	get_parameters: got "eval() arg 1 must be a string, bytes or code object" on 4
Line #641 in OH2_GEN_POL1980.f:"      PARAMETER (BOHR = 0.529177D0)                                     "
	get_parameters: got "eval() arg 1 must be a string, bytes or code object" on 4
Line #641 in OH2_GEN_POL1980.f:"      PARAMETER (BOHR = 0.529177D0)                                     "
	get_parameters: got "eval() arg 1 must be a string, bytes or code object" on 4
Line #758 in OH2_GEN_POL1980.f:"      PARAMETER (PI = 3.141592653589793D0)                              "
	get_parameters: got "eval() arg 1 must be a string, bytes or code object" on 4
Line #760 in OH2_GEN_POL1980.f:"      PARAMETER (NATOM = 25)                                            "
	get_parameters: got "eval() arg 1 must be a string, bytes or code object" on 4
Line #760 in OH2_GEN_POL1980.f:"      PARAMETER (NATOM = 25)                                            "
	get_parameters: got "eval() arg 1 must be a string, bytes or code object" on 4
Line #936 in OH2_GEN_POL1980.f:"      PARAMETER (PI = 3.141592653589793D0)                              "
	get_parameters: got "eval() arg 1 must be a string, bytes or code object" on 4
Line #938 in OH2_GEN_POL1980.f:"      PARAMETER (NATOM = 25)                                            "
	get_parameters: got "eval() arg 1 must be a string, bytes or code object" on 4
Line #938 in OH2_GEN_POL1980.f:"      PARAMETER (NATOM = 25)                                            "
	get_parameters: got "eval() arg 1 must be a string, bytes or code object" on 4
Line #1021 in OH2_GEN_POL1980.f:"         DATA (PHI(I), I=1,11)                                                  / 0.0000000d+00,  0.1000000d+02,                                    0.2000000d+02,  0.3000000d+02,                                    0.3732999d+02,  0.4000000d+02,                                    0.5000000d+02,  0.6000000d+02,                                    0.7000000d+02,  0.8000000d+02,                                    0.9000000d+02/                                          "
	analyzeline: implied-DO list "(phi(i), i=1,11)" is not supported. Skipping.
Line #1028 in OH2_GEN_POL1980.f:"         DATA (BSP(I,1), I=1,11)                                                / 0.9723777d+02,  0.9597664d+02,                                    0.9292151d+02,  0.9047624d+02,                                    0.9036362d+02,  0.9132085d+02,                                    0.9458319d+02,  0.9728180d+02,                                    0.9809436d+02,  0.9854700d+02,                                    0.9881423d+02/                                          "
	analyzeline: implied-DO list "(bsp(i,1), i=1,11)" is not supported. Skipping.
Line #1035 in OH2_GEN_POL1980.f:"         DATA (BSP(I,2), I=1,11)                                                / 0.1455982d+01,  0.1474749d+01,                                    0.1529910d+01,  0.1605620d+01,                                    0.1633813d+01,  0.1631247d+01,                                    0.1533492d+01,  0.1395812d+01,                                    0.1298821d+01,  0.1242818d+01,                                    0.1224964d+01/                                          "
	analyzeline: implied-DO list "(bsp(i,2), i=1,11)" is not supported. Skipping.
Line #1042 in OH2_GEN_POL1980.f:"         DATA (BSP(I,3), I=1,11)                                                / 0.2016270d+01,  0.1955010d+01,                                    0.1879873d+01,  0.1619415d+01,                                    0.1484336d+01,  0.1467517d+01,                                    0.1689022d+01,  0.1935001d+01,                                    0.2141747d+01,  0.2261585d+01,                                    0.2301529d+01/                                          "
	analyzeline: implied-DO list "(bsp(i,3), i=1,11)" is not supported. Skipping.
Line #1050 in OH2_GEN_POL1980.f:"         DATA (CSP(I,1), I=1,13)                                                / 0.9723777d+02, -0.7558417d-01,                                   -0.5052923d-03,  0.1237764d-02,                                   -0.7532287d-03,  0.2249910d-02,                                   -0.1043168d-01,  0.8624236d-02,                                   -0.9957934d-03,  0.1126430d-02,                                   -0.6615264d-03,  0.1681010d-03,                                   -0.5891778d-04/                                          "
	analyzeline: implied-DO list "(csp(i,1), i=1,13)" is not supported. Skipping.
Line #1058 in OH2_GEN_POL1980.f:"         DATA (CSP(I,2), I=1,13)                                                / 0.1455982d+01,  0.1101632d-02,                                    0.7749966d-05, -0.1010505d-04,                                   -0.1182017d-04,  0.3430826d-05,                                   -0.4369002d-04,  0.8096568d-04,                                   -0.1197233d-04, -0.1871181d-04,                                    0.6506310d-05, -0.1045387d-04,                                    0.8100479d-05/                                          "
	analyzeline: implied-DO list "(csp(i,2), i=1,13)" is not supported. Skipping.
Line #1067 in OH2_GEN_POL1980.f:"         DATA (CSP(I,3), I=1,13)                                                / 0.2016270d+01, -0.7200198d-02,                                    0.1074172d-04, -0.7832711d-04,                                    0.1557412d-03, -0.8529179d-04,                                    0.3140934d-03, -0.4585322d-03,                                    0.1656866d-03, -0.4269112d-04,                                    0.2110969d-04,  0.1294235d-04,                                   -0.1547269d-04/                                          "
	analyzeline: implied-DO list "(csp(i,3), i=1,13)" is not supported. Skipping.
Line #1079 in OH2_GEN_POL1980.f:"      PARAMETER (PI = 3.141592653589793D0)"
	get_parameters: got "eval() arg 1 must be a string, bytes or code object" on 4
Line #1249 in OH2_GEN_POL1980.f:"      PARAMETER(        PI = 3.141592653589793D0)"
	get_parameters: got "eval() arg 1 must be a string, bytes or code object" on 4
Line #1250 in OH2_GEN_POL1980.f:"      PARAMETER(    CLIGHT = 2.99792458D08)"
	get_parameters: got "eval() arg 1 must be a string, bytes or code object" on 4
Line #1250 in OH2_GEN_POL1980.f:"      PARAMETER(    CLIGHT = 2.99792458D08)"
	get_parameters: got "eval() arg 1 must be a string, bytes or code object" on 4
Line #1251 in OH2_GEN_POL1980.f:"      PARAMETER(     CMU_0 = 4.0D0*PI*1.0D-07)"
	get_parameters: got "eval() arg 1 must be a string, bytes or code object" on 4
Line #1251 in OH2_GEN_POL1980.f:"      PARAMETER(     CMU_0 = 4.0D0*PI*1.0D-07)"
	get_parameters: got "eval() arg 1 must be a string, bytes or code object" on 4
Line #1251 in OH2_GEN_POL1980.f:"      PARAMETER(     CMU_0 = 4.0D0*PI*1.0D-07)"
	get_parameters: got "eval() arg 1 must be a string, bytes or code object" on 4
Line #1252 in OH2_GEN_POL1980.f:"      PARAMETER(CEPSILON_0 = 1.0D0/(CMU_0*CLIGHT**2))"
	get_parameters: got "eval() arg 1 must be a string, bytes or code object" on 4
Line #1252 in OH2_GEN_POL1980.f:"      PARAMETER(CEPSILON_0 = 1.0D0/(CMU_0*CLIGHT**2))"
	get_parameters: got "eval() arg 1 must be a string, bytes or code object" on 4
Line #1252 in OH2_GEN_POL1980.f:"      PARAMETER(CEPSILON_0 = 1.0D0/(CMU_0*CLIGHT**2))"
	get_parameters: got "eval() arg 1 must be a string, bytes or code object" on 4
Line #1252 in OH2_GEN_POL1980.f:"      PARAMETER(CEPSILON_0 = 1.0D0/(CMU_0*CLIGHT**2))"
	determineexprtype: could not determine expressions ('1.0d0/(cmu_0*clight**2)') type.
Line #1253 in OH2_GEN_POL1980.f:"      PARAMETER(        CE = 1.602176462D-19)"
	get_parameters: got "eval() arg 1 must be a string, bytes or code object" on 4
Line #1253 in OH2_GEN_POL1980.f:"      PARAMETER(        CE = 1.602176462D-19)"
	get_parameters: got "eval() arg 1 must be a string, bytes or code object" on 4
Line #1253 in OH2_GEN_POL1980.f:"      PARAMETER(        CE = 1.602176462D-19)"
	get_parameters: got "eval() arg 1 must be a string, bytes or code object" on 4
Line #1254 in OH2_GEN_POL1980.f:"      PARAMETER(   CPLANCK = 6.62606876D-34)"
	get_parameters: got "eval() arg 1 must be a string, bytes or code object" on 4
Line #1254 in OH2_GEN_POL1980.f:"      PARAMETER(   CPLANCK = 6.62606876D-34)"
	get_parameters: got "eval() arg 1 must be a string, bytes or code object" on 4
Line #1254 in OH2_GEN_POL1980.f:"      PARAMETER(   CPLANCK = 6.62606876D-34)"
	get_parameters: got "eval() arg 1 must be a string, bytes or code object" on 4
Line #1254 in OH2_GEN_POL1980.f:"      PARAMETER(   CPLANCK = 6.62606876D-34)"
	get_parameters: got "eval() arg 1 must be a string, bytes or code object" on 4
Line #1255 in OH2_GEN_POL1980.f:"      PARAMETER(      CM_E = 9.10938188D-31)"
	get_parameters: got "eval() arg 1 must be a string, bytes or code object" on 4
getstrlength: expected a signature of a string but got: {'typespec': 'character', 'charselector': {'*': '75'}, 'attrspec': [], 'dimension': ['5']}
Line #1255 in OH2_GEN_POL1980.f:"      PARAMETER(      CM_E = 9.10938188D-31)"
	get_parameters: got "eval() arg 1 must be a string, bytes or code object" on 4
Line #1255 in OH2_GEN_POL1980.f:"      PARAMETER(      CM_E = 9.10938188D-31)"
	get_parameters: got "eval() arg 1 must be a string, bytes or code object" on 4
Line #1255 in OH2_GEN_POL1980.f:"      PARAMETER(      CM_E = 9.10938188D-31)"
	get_parameters: got "eval() arg 1 must be a string, bytes or code object" on 4
Line #1255 in OH2_GEN_POL1980.f:"      PARAMETER(      CM_E = 9.10938188D-31)"
	get_parameters: got "eval() arg 1 must be a string, bytes or code object" on 4
Line #1256 in OH2_GEN_POL1980.f:"      PARAMETER(      CANG = 1.0D-10)"
	get_parameters: got "eval() arg 1 must be a string, bytes or code object" on 4
Line #1256 in OH2_GEN_POL1980.f:"      PARAMETER(      CANG = 1.0D-10)"
	get_parameters: got "eval() arg 1 must be a string, bytes or code object" on 4
Line #1256 in OH2_GEN_POL1980.f:"      PARAMETER(      CANG = 1.0D-10)"
	get_parameters: got "eval() arg 1 must be a string, bytes or code object" on 4
Line #1256 in OH2_GEN_POL1980.f:"      PARAMETER(      CANG = 1.0D-10)"
	get_parameters: got "eval() arg 1 must be a string, bytes or code object" on 4
Line #1256 in OH2_GEN_POL1980.f:"      PARAMETER(      CANG = 1.0D-10)"
	get_parameters: got "eval() arg 1 must be a string, bytes or code object" on 4
Line #1256 in OH2_GEN_POL1980.f:"      PARAMETER(      CANG = 1.0D-10)"
	get_parameters: got "eval() arg 1 must be a string, bytes or code object" on 4
Line #1257 in OH2_GEN_POL1980.f:"      PARAMETER( CAVOGADRO = 6.02214199D23)"
	get_parameters: got "eval() arg 1 must be a string, bytes or code object" on 4
Line #1257 in OH2_GEN_POL1980.f:"      PARAMETER( CAVOGADRO = 6.02214199D23)"
	get_parameters: got "eval() arg 1 must be a string, bytes or code object" on 4
Line #1257 in OH2_GEN_POL1980.f:"      PARAMETER( CAVOGADRO = 6.02214199D23)"
	get_parameters: got "eval() arg 1 must be a string, bytes or code object" on 4
Line #1257 in OH2_GEN_POL1980.f:"      PARAMETER( CAVOGADRO = 6.02214199D23)"
	get_parameters: got "eval() arg 1 must be a string, bytes or code object" on 4
Line #1257 in OH2_GEN_POL1980.f:"      PARAMETER( CAVOGADRO = 6.02214199D23)"
	get_parameters: got "eval() arg 1 must be a string, bytes or code object" on 4
Line #1257 in OH2_GEN_POL1980.f:"      PARAMETER( CAVOGADRO = 6.02214199D23)"
	get_parameters: got "eval() arg 1 must be a string, bytes or code object" on 4
Line #1257 in OH2_GEN_POL1980.f:"      PARAMETER( CAVOGADRO = 6.02214199D23)"
	get_parameters: got "eval() arg 1 must be a string, bytes or code object" on 4
Line #1258 in OH2_GEN_POL1980.f:"      PARAMETER(     CKCAL = 4.184D10)"
	get_parameters: got "eval() arg 1 must be a string, bytes or code object" on 4
Line #1258 in OH2_GEN_POL1980.f:"      PARAMETER(     CKCAL = 4.184D10)"
	get_parameters: got "eval() arg 1 must be a string, bytes or code object" on 4
Line #1258 in OH2_GEN_POL1980.f:"      PARAMETER(     CKCAL = 4.184D10)"
	get_parameters: got "eval() arg 1 must be a string, bytes or code object" on 4
Line #1258 in OH2_GEN_POL1980.f:"      PARAMETER(     CKCAL = 4.184D10)"
	get_parameters: got "eval() arg 1 must be a string, bytes or code object" on 4
Line #1258 in OH2_GEN_POL1980.f:"      PARAMETER(     CKCAL = 4.184D10)"
	get_parameters: got "eval() arg 1 must be a string, bytes or code object" on 4
Line #1258 in OH2_GEN_POL1980.f:"      PARAMETER(     CKCAL = 4.184D10)"
	get_parameters: got "eval() arg 1 must be a string, bytes or code object" on 4
Line #1258 in OH2_GEN_POL1980.f:"      PARAMETER(     CKCAL = 4.184D10)"
	get_parameters: got "eval() arg 1 must be a string, bytes or code object" on 4
Line #1258 in OH2_GEN_POL1980.f:"      PARAMETER(     CKCAL = 4.184D10)"
	get_parameters: got "eval() arg 1 must be a string, bytes or code object" on 4
Line #1259 in OH2_GEN_POL1980.f:"      PARAMETER(  HTOMILLH = 1000.D0)"
	get_parameters: got "eval() arg 1 must be a string, bytes or code object" on 4
Line #1259 in OH2_GEN_POL1980.f:"      PARAMETER(  HTOMILLH = 1000.D0)"
	get_parameters: got "eval() arg 1 must be a string, bytes or code object" on 4
Line #1259 in OH2_GEN_POL1980.f:"      PARAMETER(  HTOMILLH = 1000.D0)"
	get_parameters: got "eval() arg 1 must be a string, bytes or code object" on 4
Line #1259 in OH2_GEN_POL1980.f:"      PARAMETER(  HTOMILLH = 1000.D0)"
	get_parameters: got "eval() arg 1 must be a string, bytes or code object" on 4
Line #1259 in OH2_GEN_POL1980.f:"      PARAMETER(  HTOMILLH = 1000.D0)"
	get_parameters: got "eval() arg 1 must be a string, bytes or code object" on 4
Line #1259 in OH2_GEN_POL1980.f:"      PARAMETER(  HTOMILLH = 1000.D0)"
	get_parameters: got "eval() arg 1 must be a string, bytes or code object" on 4
Line #1259 in OH2_GEN_POL1980.f:"      PARAMETER(  HTOMILLH = 1000.D0)"
	get_parameters: got "eval() arg 1 must be a string, bytes or code object" on 4
Line #1259 in OH2_GEN_POL1980.f:"      PARAMETER(  HTOMILLH = 1000.D0)"
	get_parameters: got "eval() arg 1 must be a string, bytes or code object" on 4
Line #1259 in OH2_GEN_POL1980.f:"      PARAMETER(  HTOMILLH = 1000.D0)"
	get_parameters: got "eval() arg 1 must be a string, bytes or code object" on 4
Line #1260 in OH2_GEN_POL1980.f:"      PARAMETER(     HTOEV = 27.2113834D0)"
	get_parameters: got "eval() arg 1 must be a string, bytes or code object" on 4
Line #1260 in OH2_GEN_POL1980.f:"      PARAMETER(     HTOEV = 27.2113834D0)"
	get_parameters: got "eval() arg 1 must be a string, bytes or code object" on 4
Line #1260 in OH2_GEN_POL1980.f:"      PARAMETER(     HTOEV = 27.2113834D0)"
	get_parameters: got "eval() arg 1 must be a string, bytes or code object" on 4
Line #1260 in OH2_GEN_POL1980.f:"      PARAMETER(     HTOEV = 27.2113834D0)"
	get_parameters: got "eval() arg 1 must be a string, bytes or code object" on 4
Line #1260 in OH2_GEN_POL1980.f:"      PARAMETER(     HTOEV = 27.2113834D0)"
	get_parameters: got "eval() arg 1 must be a string, bytes or code object" on 4
Line #1260 in OH2_GEN_POL1980.f:"      PARAMETER(     HTOEV = 27.2113834D0)"
	get_parameters: got "eval() arg 1 must be a string, bytes or code object" on 4
Line #1260 in OH2_GEN_POL1980.f:"      PARAMETER(     HTOEV = 27.2113834D0)"
	get_parameters: got "eval() arg 1 must be a string, bytes or code object" on 4
Line #1260 in OH2_GEN_POL1980.f:"      PARAMETER(     HTOEV = 27.2113834D0)"
	get_parameters: got "eval() arg 1 must be a string, bytes or code object" on 4
Line #1260 in OH2_GEN_POL1980.f:"      PARAMETER(     HTOEV = 27.2113834D0)"
	get_parameters: got "eval() arg 1 must be a string, bytes or code object" on 4
Line #1260 in OH2_GEN_POL1980.f:"      PARAMETER(     HTOEV = 27.2113834D0)"
	get_parameters: got "eval() arg 1 must be a string, bytes or code object" on 4
Line #1261 in OH2_GEN_POL1980.f:"      PARAMETER(   HTOKCAL = 627.509470D0)"
	get_parameters: got "eval() arg 1 must be a string, bytes or code object" on 4
Line #1261 in OH2_GEN_POL1980.f:"      PARAMETER(   HTOKCAL = 627.509470D0)"
	get_parameters: got "eval() arg 1 must be a string, bytes or code object" on 4
Line #1261 in OH2_GEN_POL1980.f:"      PARAMETER(   HTOKCAL = 627.509470D0)"
	get_parameters: got "eval() arg 1 must be a string, bytes or code object" on 4
Line #1261 in OH2_GEN_POL1980.f:"      PARAMETER(   HTOKCAL = 627.509470D0)"
	get_parameters: got "eval() arg 1 must be a string, bytes or code object" on 4
Line #1261 in OH2_GEN_POL1980.f:"      PARAMETER(   HTOKCAL = 627.509470D0)"
	get_parameters: got "eval() arg 1 must be a string, bytes or code object" on 4
Line #1261 in OH2_GEN_POL1980.f:"      PARAMETER(   HTOKCAL = 627.509470D0)"
	get_parameters: got "eval() arg 1 must be a string, bytes or code object" on 4
Line #1261 in OH2_GEN_POL1980.f:"      PARAMETER(   HTOKCAL = 627.509470D0)"
	get_parameters: got "eval() arg 1 must be a string, bytes or code object" on 4
Line #1261 in OH2_GEN_POL1980.f:"      PARAMETER(   HTOKCAL = 627.509470D0)"
	get_parameters: got "eval() arg 1 must be a string, bytes or code object" on 4
Line #1261 in OH2_GEN_POL1980.f:"      PARAMETER(   HTOKCAL = 627.509470D0)"
	get_parameters: got "eval() arg 1 must be a string, bytes or code object" on 4
Line #1261 in OH2_GEN_POL1980.f:"      PARAMETER(   HTOKCAL = 627.509470D0)"
	get_parameters: got "eval() arg 1 must be a string, bytes or code object" on 4
Line #1261 in OH2_GEN_POL1980.f:"      PARAMETER(   HTOKCAL = 627.509470D0)"
	get_parameters: got "eval() arg 1 must be a string, bytes or code object" on 4
Line #1262 in OH2_GEN_POL1980.f:"      PARAMETER(   HTOWAVE = 219474.631D0)"
	get_parameters: got "eval() arg 1 must be a string, bytes or code object" on 4
Line #1262 in OH2_GEN_POL1980.f:"      PARAMETER(   HTOWAVE = 219474.631D0)"
	get_parameters: got "eval() arg 1 must be a string, bytes or code object" on 4
Line #1262 in OH2_GEN_POL1980.f:"      PARAMETER(   HTOWAVE = 219474.631D0)"
	get_parameters: got "eval() arg 1 must be a string, bytes or code object" on 4
Line #1262 in OH2_GEN_POL1980.f:"      PARAMETER(   HTOWAVE = 219474.631D0)"
	get_parameters: got "eval() arg 1 must be a string, bytes or code object" on 4
Line #1262 in OH2_GEN_POL1980.f:"      PARAMETER(   HTOWAVE = 219474.631D0)"
	get_parameters: got "eval() arg 1 must be a string, bytes or code object" on 4
Line #1262 in OH2_GEN_POL1980.f:"      PARAMETER(   HTOWAVE = 219474.631D0)"
	get_parameters: got "eval() arg 1 must be a string, bytes or code object" on 4
Line #1262 in OH2_GEN_POL1980.f:"      PARAMETER(   HTOWAVE = 219474.631D0)"
	get_parameters: got "eval() arg 1 must be a string, bytes or code object" on 4
Line #1262 in OH2_GEN_POL1980.f:"      PARAMETER(   HTOWAVE = 219474.631D0)"
	get_parameters: got "eval() arg 1 must be a string, bytes or code object" on 4
Line #1262 in OH2_GEN_POL1980.f:"      PARAMETER(   HTOWAVE = 219474.631D0)"
	get_parameters: got "eval() arg 1 must be a string, bytes or code object" on 4
Line #1262 in OH2_GEN_POL1980.f:"      PARAMETER(   HTOWAVE = 219474.631D0)"
	get_parameters: got "eval() arg 1 must be a string, bytes or code object" on 4
Line #1262 in OH2_GEN_POL1980.f:"      PARAMETER(   HTOWAVE = 219474.631D0)"
	get_parameters: got "eval() arg 1 must be a string, bytes or code object" on 4
Line #1262 in OH2_GEN_POL1980.f:"      PARAMETER(   HTOWAVE = 219474.631D0)"
	get_parameters: got "eval() arg 1 must be a string, bytes or code object" on 4
Line #1263 in OH2_GEN_POL1980.f:"      PARAMETER(     HTOKJ = 2625.49962D0)"
	get_parameters: got "eval() arg 1 must be a string, bytes or code object" on 4
Line #1263 in OH2_GEN_POL1980.f:"      PARAMETER(     HTOKJ = 2625.49962D0)"
	get_parameters: got "eval() arg 1 must be a string, bytes or code object" on 4
Line #1263 in OH2_GEN_POL1980.f:"      PARAMETER(     HTOKJ = 2625.49962D0)"
	get_parameters: got "eval() arg 1 must be a string, bytes or code object" on 4
Line #1263 in OH2_GEN_POL1980.f:"      PARAMETER(     HTOKJ = 2625.49962D0)"
	get_parameters: got "eval() arg 1 must be a string, bytes or code object" on 4
Line #1263 in OH2_GEN_POL1980.f:"      PARAMETER(     HTOKJ = 2625.49962D0)"
	get_parameters: got "eval() arg 1 must be a string, bytes or code object" on 4
Line #1263 in OH2_GEN_POL1980.f:"      PARAMETER(     HTOKJ = 2625.49962D0)"
	get_parameters: got "eval() arg 1 must be a string, bytes or code object" on 4
Line #1263 in OH2_GEN_POL1980.f:"      PARAMETER(     HTOKJ = 2625.49962D0)"
	get_parameters: got "eval() arg 1 must be a string, bytes or code object" on 4
Line #1263 in OH2_GEN_POL1980.f:"      PARAMETER(     HTOKJ = 2625.49962D0)"
	get_parameters: got "eval() arg 1 must be a string, bytes or code object" on 4
Line #1263 in OH2_GEN_POL1980.f:"      PARAMETER(     HTOKJ = 2625.49962D0)"
	get_parameters: got "eval() arg 1 must be a string, bytes or code object" on 4
Line #1263 in OH2_GEN_POL1980.f:"      PARAMETER(     HTOKJ = 2625.49962D0)"
	get_parameters: got "eval() arg 1 must be a string, bytes or code object" on 4
Line #1263 in OH2_GEN_POL1980.f:"      PARAMETER(     HTOKJ = 2625.49962D0)"
	get_parameters: got "eval() arg 1 must be a string, bytes or code object" on 4
Line #1263 in OH2_GEN_POL1980.f:"      PARAMETER(     HTOKJ = 2625.49962D0)"
	get_parameters: got "eval() arg 1 must be a string, bytes or code object" on 4
Line #1263 in OH2_GEN_POL1980.f:"      PARAMETER(     HTOKJ = 2625.49962D0)"
	get_parameters: got "eval() arg 1 must be a string, bytes or code object" on 4
Line #1264 in OH2_GEN_POL1980.f:"      PARAMETER(    BOHR_A = .5291772083D0)"
	get_parameters: got "eval() arg 1 must be a string, bytes or code object" on 4
Line #1264 in OH2_GEN_POL1980.f:"      PARAMETER(    BOHR_A = .5291772083D0)"
	get_parameters: got "eval() arg 1 must be a string, bytes or code object" on 4
Line #1264 in OH2_GEN_POL1980.f:"      PARAMETER(    BOHR_A = .5291772083D0)"
	get_parameters: got "eval() arg 1 must be a string, bytes or code object" on 4
Line #1264 in OH2_GEN_POL1980.f:"      PARAMETER(    BOHR_A = .5291772083D0)"
	get_parameters: got "eval() arg 1 must be a string, bytes or code object" on 4
Line #1264 in OH2_GEN_POL1980.f:"      PARAMETER(    BOHR_A = .5291772083D0)"
	get_parameters: got "eval() arg 1 must be a string, bytes or code object" on 4
Line #1264 in OH2_GEN_POL1980.f:"      PARAMETER(    BOHR_A = .5291772083D0)"
	get_parameters: got "eval() arg 1 must be a string, bytes or code object" on 4
Line #1264 in OH2_GEN_POL1980.f:"      PARAMETER(    BOHR_A = .5291772083D0)"
	get_parameters: got "eval() arg 1 must be a string, bytes or code object" on 4
Line #1264 in OH2_GEN_POL1980.f:"      PARAMETER(    BOHR_A = .5291772083D0)"
	get_parameters: got "eval() arg 1 must be a string, bytes or code object" on 4
Line #1264 in OH2_GEN_POL1980.f:"      PARAMETER(    BOHR_A = .5291772083D0)"
	get_parameters: got "eval() arg 1 must be a string, bytes or code object" on 4
Line #1264 in OH2_GEN_POL1980.f:"      PARAMETER(    BOHR_A = .5291772083D0)"
	get_parameters: got "eval() arg 1 must be a string, bytes or code object" on 4
Line #1264 in OH2_GEN_POL1980.f:"      PARAMETER(    BOHR_A = .5291772083D0)"
	get_parameters: got "eval() arg 1 must be a string, bytes or code object" on 4
Line #1264 in OH2_GEN_POL1980.f:"      PARAMETER(    BOHR_A = .5291772083D0)"
	get_parameters: got "eval() arg 1 must be a string, bytes or code object" on 4
Line #1264 in OH2_GEN_POL1980.f:"      PARAMETER(    BOHR_A = .5291772083D0)"
	get_parameters: got "eval() arg 1 must be a string, bytes or code object" on 4
Line #1264 in OH2_GEN_POL1980.f:"      PARAMETER(    BOHR_A = .5291772083D0)"
	get_parameters: got "eval() arg 1 must be a string, bytes or code object" on 4
Post-processing...
	Block: OH2_GEN_POL1980
			Block: pes
			Block: prepot
In: :OH2_GEN_POL1980:OH2_GEN_POL1980.f:prepot
get_parameters: got "eval() arg 1 must be a string, bytes or code object" on 4
In: :OH2_GEN_POL1980:OH2_GEN_POL1980.f:prepot
get_parameters: got "eval() arg 1 must be a string, bytes or code object" on 4
In: :OH2_GEN_POL1980:OH2_GEN_POL1980.f:prepot
get_parameters: got "eval() arg 1 must be a string, bytes or code object" on 4
In: :OH2_GEN_POL1980:OH2_GEN_POL1980.f:prepot
get_parameters: got "eval() arg 1 must be a string, bytes or code object" on 4
			Block: pot
In: :OH2_GEN_POL1980:OH2_GEN_POL1980.f:pot
get_parameters: got "eval() arg 1 must be a string, bytes or code object" on 4
In: :OH2_GEN_POL1980:OH2_GEN_POL1980.f:pot
get_parameters: got "eval() arg 1 must be a string, bytes or code object" on 4
In: :OH2_GEN_POL1980:OH2_GEN_POL1980.f:pot
get_parameters: got "eval() arg 1 must be a string, bytes or code object" on 4
In: :OH2_GEN_POL1980:OH2_GEN_POL1980.f:pot
get_parameters: got "eval() arg 1 must be a string, bytes or code object" on 4
			Block: prepot2
In: :OH2_GEN_POL1980:OH2_GEN_POL1980.f:prepot2
get_parameters: got "eval() arg 1 must be a string, bytes or code object" on 4
In: :OH2_GEN_POL1980:OH2_GEN_POL1980.f:prepot2
get_parameters: got "eval() arg 1 must be a string, bytes or code object" on 4
In: :OH2_GEN_POL1980:OH2_GEN_POL1980.f:prepot2
get_parameters: got "eval() arg 1 must be a string, bytes or code object" on 4
In: :OH2_GEN_POL1980:OH2_GEN_POL1980.f:prepot2
get_parameters: got "eval() arg 1 must be a string, bytes or code object" on 4
In: :OH2_GEN_POL1980:OH2_GEN_POL1980.f:prepot2
get_parameters: got "eval() arg 1 must be a string, bytes or code object" on 4
			Block: pot2
In: :OH2_GEN_POL1980:OH2_GEN_POL1980.f:pot2
get_parameters: got "eval() arg 1 must be a string, bytes or code object" on 4
In: :OH2_GEN_POL1980:OH2_GEN_POL1980.f:pot2
get_parameters: got "eval() arg 1 must be a string, bytes or code object" on 4
In: :OH2_GEN_POL1980:OH2_GEN_POL1980.f:pot2
get_parameters: got "eval() arg 1 must be a string, bytes or code object" on 4
In: :OH2_GEN_POL1980:OH2_GEN_POL1980.f:pot2
get_parameters: got "eval() arg 1 must be a string, bytes or code object" on 4
In: :OH2_GEN_POL1980:OH2_GEN_POL1980.f:pot2
get_parameters: got "eval() arg 1 must be a string, bytes or code object" on 4
{}
In: :OH2_GEN_POL1980:OH2_GEN_POL1980.f:spline
vars2fortran: No typespec for argument "isw".
{}
In: :OH2_GEN_POL1980:OH2_GEN_POL1980.f:spline
vars2fortran: No typespec for argument "nn".
{'attrspec': ['dimension(nn)']}
In: :OH2_GEN_POL1980:OH2_GEN_POL1980.f:spline
vars2fortran: No typespec for argument "x".
{'attrspec': ['dimension(nn)']}
In: :OH2_GEN_POL1980:OH2_GEN_POL1980.f:spline
vars2fortran: No typespec for argument "y".
{'attrspec': ['dimension(nn+2)']}
In: :OH2_GEN_POL1980:OH2_GEN_POL1980.f:spline
vars2fortran: No typespec for argument "c".
{'attrspec': ['dimension(nn+2)']}
In: :OH2_GEN_POL1980:OH2_GEN_POL1980.f:spline
vars2fortran: No typespec for argument "d".
{}
In: :OH2_GEN_POL1980:OH2_GEN_POL1980.f:spline
vars2fortran: No typespec for argument "xpt".
			Block: spline
In: :OH2_GEN_POL1980:OH2_GEN_POL1980.f:spline
get_parameters: got "eval() arg 1 must be a string, bytes or code object" on 4
In: :OH2_GEN_POL1980:OH2_GEN_POL1980.f:spline
get_parameters: got "eval() arg 1 must be a string, bytes or code object" on 4
			Block: ptpacm
In: :OH2_GEN_POL1980:OH2_GEN_POL1980.f:ptpacm
get_parameters: got "eval() arg 1 must be a string, bytes or code object" on 4
In: :OH2_GEN_POL1980:OH2_GEN_POL1980.f:ptpacm
get_parameters: got "eval() arg 1 must be a string, bytes or code object" on 4
			Block: potinfo
In: :OH2_GEN_POL1980:OH2_GEN_POL1980.f:potinfo
get_parameters: got "eval() arg 1 must be a string, bytes or code object" on 4
In: :OH2_GEN_POL1980:OH2_GEN_POL1980.f:potinfo
get_parameters: got "eval() arg 1 must be a string, bytes or code object" on 4
			Block: ancvrt
In: :OH2_GEN_POL1980:OH2_GEN_POL1980.f:ancvrt
get_parameters: got "eval() arg 1 must be a string, bytes or code object" on 4
In: :OH2_GEN_POL1980:OH2_GEN_POL1980.f:ancvrt
get_parameters: got "eval() arg 1 must be a string, bytes or code object" on 4
In: :OH2_GEN_POL1980:OH2_GEN_POL1980.f:ancvrt
get_parameters: got "eval() arg 1 must be a string, bytes or code object" on 4
In: :OH2_GEN_POL1980:OH2_GEN_POL1980.f:ancvrt
get_parameters: got "eval() arg 1 must be a string, bytes or code object" on 4
In: :OH2_GEN_POL1980:OH2_GEN_POL1980.f:ancvrt
get_parameters: got "eval() arg 1 must be a string, bytes or code object" on 4
In: :OH2_GEN_POL1980:OH2_GEN_POL1980.f:ancvrt
get_parameters: got "eval() arg 1 must be a string, bytes or code object" on 4
In: :OH2_GEN_POL1980:OH2_GEN_POL1980.f:ancvrt
get_parameters: got "eval() arg 1 must be a string, bytes or code object" on 4
In: :OH2_GEN_POL1980:OH2_GEN_POL1980.f:ancvrt
get_parameters: got "eval() arg 1 must be a string, bytes or code object" on 4
In: :OH2_GEN_POL1980:OH2_GEN_POL1980.f:ancvrt
get_parameters: got "eval() arg 1 must be a string, bytes or code object" on 4
In: :OH2_GEN_POL1980:OH2_GEN_POL1980.f:ancvrt
get_parameters: got "eval() arg 1 must be a string, bytes or code object" on 4
In: :OH2_GEN_POL1980:OH2_GEN_POL1980.f:ancvrt
get_parameters: got "eval() arg 1 must be a string, bytes or code object" on 4
In: :OH2_GEN_POL1980:OH2_GEN_POL1980.f:ancvrt
get_parameters: got "eval() arg 1 must be a string, bytes or code object" on 4
In: :OH2_GEN_POL1980:OH2_GEN_POL1980.f:ancvrt
get_parameters: got "eval() arg 1 must be a string, bytes or code object" on 4
In: :OH2_GEN_POL1980:OH2_GEN_POL1980.f:ancvrt
get_parameters: got "eval() arg 1 must be a string, bytes or code object" on 4
In: :OH2_GEN_POL1980:OH2_GEN_POL1980.f:ancvrt
get_parameters: got "eval() arg 1 must be a string, bytes or code object" on 4
			Block: cartou
In: :OH2_GEN_POL1980:OH2_GEN_POL1980.f:cartou
get_parameters: got "eval() arg 1 must be a string, bytes or code object" on 4
			Block: carttor
			Block: eunitzero
In: :OH2_GEN_POL1980:OH2_GEN_POL1980.f:eunitzero
get_parameters: got "eval() arg 1 must be a string, bytes or code object" on 4
			Block: rtocart
In: :OH2_GEN_POL1980:OH2_GEN_POL1980.f:rtocart
get_parameters: got "eval() arg 1 must be a string, bytes or code object" on 4
			Block: dedcou
In: :OH2_GEN_POL1980:OH2_GEN_POL1980.f:dedcou
get_parameters: got "eval() arg 1 must be a string, bytes or code object" on 4
Applying post-processing hooks...
  character_backward_compatibility_hook
Post-processing (stage 2)...
Building modules...
    Building module "OH2_GEN_POL1980"...
    Generating possibly empty wrappers"
    Maybe empty "OH2_GEN_POL1980-f2pywrappers.f"
        Constructing wrapper function "pes"...
          p,g,d = pes(x,igrad)
    Generating possibly empty wrappers"
    Maybe empty "OH2_GEN_POL1980-f2pywrappers.f"
        Constructing wrapper function "prepot"...
          prepot()
    Generating possibly empty wrappers"
    Maybe empty "OH2_GEN_POL1980-f2pywrappers.f"
        Constructing wrapper function "pot"...
          pot()
    Generating possibly empty wrappers"
    Maybe empty "OH2_GEN_POL1980-f2pywrappers.f"
        Constructing wrapper function "prepot2"...
          prepot2()
    Generating possibly empty wrappers"
    Maybe empty "OH2_GEN_POL1980-f2pywrappers.f"
        Constructing wrapper function "pot2"...
          pot2()
    Generating possibly empty wrappers"
    Maybe empty "OH2_GEN_POL1980-f2pywrappers.f"
		Creating wrapper for Fortran function "spline"("spline")...
        Constructing wrapper function "spline"...
          spline = spline(isw,x,y,c,d,xpt,[nn])
    Generating possibly empty wrappers"
    Maybe empty "OH2_GEN_POL1980-f2pywrappers.f"
        Constructing wrapper function "potinfo"...
          potinfo()
    Generating possibly empty wrappers"
    Maybe empty "OH2_GEN_POL1980-f2pywrappers.f"
        Constructing wrapper function "ancvrt"...
          ancvrt()
    Generating possibly empty wrappers"
    Maybe empty "OH2_GEN_POL1980-f2pywrappers.f"
        Constructing wrapper function "cartou"...
          cartou()
    Generating possibly empty wrappers"
    Maybe empty "OH2_GEN_POL1980-f2pywrappers.f"
        Constructing wrapper function "carttor"...
          carttor()
    Generating possibly empty wrappers"
    Maybe empty "OH2_GEN_POL1980-f2pywrappers.f"
        Constructing wrapper function "eunitzero"...
          eunitzero()
    Generating possibly empty wrappers"
    Maybe empty "OH2_GEN_POL1980-f2pywrappers.f"
        Constructing wrapper function "rtocart"...
          rtocart()
    Generating possibly empty wrappers"
    Maybe empty "OH2_GEN_POL1980-f2pywrappers.f"
        Constructing wrapper function "dedcou"...
          dedcou()
		Constructing COMMON block support for "usrocm"...
		  pengygs,pengyes,pengyij,dgscart,descart,dijcart
		Constructing COMMON block support for "usricm"...
		  cart,anuzero,nulbl,nflag,nasurf,nder
		Constructing COMMON block support for "pt1cm"...
		  r,engygs,degsdr
		Constructing COMMON block support for "pt3cm"...
		  ezero
		Constructing COMMON block support for "pt4cm"...
		  engyes,deesdr
		Constructing COMMON block support for "pt5cm"...
		  engyij,deijdr
		Constructing COMMON block support for "infocm"...
		  cartnu,indexes,irctnt,natoms,icartr,mder,msurf,ref
		Constructing COMMON block support for "asycm"...
		  easyab,easybc,easyac
		Constructing COMMON block support for "ambpcm"...
		  de,beta,req,a,gamma,rbb,rhh
		Constructing COMMON block support for "precm"...
		  dbcoor,junk,bcoor
		Constructing COMMON block support for "pre2cm"...
		  d1inf,r1einf,b1inf,d2inf,r2inf,b2inf,a1inf,a2inf,r1s,r2s,vsp,alph1,alph2,v,phi,bsp,csp,d1dif,r1dif,b1dif,a1dif,d2dif,r2dif,b2dif,a2dif,step,d1,d2,r1e,r2e,b1,b2,a1,a2,iayes,nphi,nv
		Constructing COMMON block support for "utilcm"...
		  dgscartnu,descartnu,dijcartnu,cnvrtd,cnvrte,cnvrtde,ireorder,ksdiag,kediag,ksoffd,keoffd
    Wrote C/API module "OH2_GEN_POL1980" to file "/tmp/tmpulssnh9_/src.linux-x86_64-3.11/OH2_GEN_POL1980module.c"
    Fortran 77 wrappers are saved to "/tmp/tmpulssnh9_/src.linux-x86_64-3.11/OH2_GEN_POL1980-f2pywrappers.f"
INFO:   adding '/tmp/tmpulssnh9_/src.linux-x86_64-3.11/fortranobject.c' to sources.
INFO:   adding '/tmp/tmpulssnh9_/src.linux-x86_64-3.11' to include_dirs.
copying /home/truhlard/shuxx055/anaconda3/envs/test/lib/python3.11/site-packages/numpy/f2py/src/fortranobject.c -> /tmp/tmpulssnh9_/src.linux-x86_64-3.11
copying /home/truhlard/shuxx055/anaconda3/envs/test/lib/python3.11/site-packages/numpy/f2py/src/fortranobject.h -> /tmp/tmpulssnh9_/src.linux-x86_64-3.11
INFO:   adding '/tmp/tmpulssnh9_/src.linux-x86_64-3.11/OH2_GEN_POL1980-f2pywrappers.f' to sources.
INFO: build_src: building npy-pkg config files
/home/truhlard/shuxx055/anaconda3/envs/test/lib/python3.11/site-packages/setuptools/_distutils/cmd.py:66: SetuptoolsDeprecationWarning: setup.py install is deprecated.
!!

        ********************************************************************************
        Please avoid running ``setup.py`` directly.
        Instead, use pypa/build, pypa/installer or other
        standards-based tools.

        See https://blog.ganssle.io/articles/2021/10/setup-py-deprecated.html for details.
        ********************************************************************************

!!
  self.initialize_options()
running build_ext
INFO: customize UnixCCompiler
INFO: customize UnixCCompiler using build_ext
INFO: get_default_fcompiler: matching types: '['arm', 'gnu95', 'intel', 'lahey', 'pg', 'nv', 'absoft', 'nag', 'vast', 'compaq', 'intele', 'intelem', 'gnu', 'g95', 'pathf95', 'nagfor', 'fujitsu']'
INFO: customize ArmFlangCompiler
WARN: Could not locate executable armflang
INFO: customize Gnu95FCompiler
INFO: Found executable /home/truhlard/shuxx055/anaconda3/envs/test/bin/gfortran
INFO: customize Gnu95FCompiler
INFO: customize Gnu95FCompiler using build_ext
INFO: building 'OH2_GEN_POL1980' extension
INFO: compiling C sources
INFO: C compiler: gcc -pthread -B /home/truhlard/shuxx055/anaconda3/envs/test/compiler_compat -DNDEBUG -fwrapv -O2 -Wall -fPIC -O2 -isystem /home/truhlard/shuxx055/anaconda3/envs/test/include -fPIC -O2 -isystem /home/truhlard/shuxx055/anaconda3/envs/test/include -fPIC

creating /tmp/tmpulssnh9_/tmp
creating /tmp/tmpulssnh9_/tmp/tmpulssnh9_
creating /tmp/tmpulssnh9_/tmp/tmpulssnh9_/src.linux-x86_64-3.11
INFO: compile options: '-DNPY_DISABLE_OPTIMIZATION=1 -I/tmp/tmpulssnh9_/src.linux-x86_64-3.11 -I/home/truhlard/shuxx055/anaconda3/envs/test/lib/python3.11/site-packages/numpy/core/include -I/home/truhlard/shuxx055/anaconda3/envs/test/include/python3.11 -c'
INFO: gcc: /tmp/tmpulssnh9_/src.linux-x86_64-3.11/fortranobject.c
INFO: gcc: /tmp/tmpulssnh9_/src.linux-x86_64-3.11/OH2_GEN_POL1980module.c
INFO: compiling Fortran sources
INFO: Fortran f77 compiler: /home/truhlard/shuxx055/anaconda3/envs/test/bin/gfortran -fallow-argument-mismatch -std=legacy -fPIC -O3 -funroll-loops
Fortran f90 compiler: /home/truhlard/shuxx055/anaconda3/envs/test/bin/gfortran -Wall -g -fno-second-underscore -fPIC -O3 -funroll-loops
Fortran fix compiler: /home/truhlard/shuxx055/anaconda3/envs/test/bin/gfortran -Wall -g -ffixed-form -fno-second-underscore -Wall -g -fno-second-underscore -fPIC -O3 -funroll-loops
INFO: compile options: '-I/tmp/tmpulssnh9_/src.linux-x86_64-3.11 -I/home/truhlard/shuxx055/anaconda3/envs/test/lib/python3.11/site-packages/numpy/core/include -I/home/truhlard/shuxx055/anaconda3/envs/test/include/python3.11 -c'
INFO: gfortran:f77: /tmp/tmpulssnh9_/src.linux-x86_64-3.11/OH2_GEN_POL1980-f2pywrappers.f
INFO: gfortran:f77: OH2_GEN_POL1980.f
INFO: /home/truhlard/shuxx055/anaconda3/envs/test/bin/gfortran -Wall -g -Wall -g -shared /tmp/tmpulssnh9_/tmp/tmpulssnh9_/src.linux-x86_64-3.11/OH2_GEN_POL1980module.o /tmp/tmpulssnh9_/tmp/tmpulssnh9_/src.linux-x86_64-3.11/fortranobject.o /tmp/tmpulssnh9_/OH2_GEN_POL1980.o /tmp/tmpulssnh9_/tmp/tmpulssnh9_/src.linux-x86_64-3.11/OH2_GEN_POL1980-f2pywrappers.o -L/panfs/jay/groups/16/truhlard/shuxx055/anaconda3/envs/test/bin/../lib/gcc/x86_64-conda-linux-gnu/13.1.0/../../../../x86_64-conda-linux-gnu/lib/../lib -L/panfs/jay/groups/16/truhlard/shuxx055/anaconda3/envs/test/bin/../lib/gcc/x86_64-conda-linux-gnu/13.1.0/../../../../x86_64-conda-linux-gnu/lib/../lib -lmkl_intel_lp64 -lmkl_sequential -lmkl_core -lgfortran -o ./OH2_GEN_POL1980.cpython-311-x86_64-linux-gnu.so
Removing build directory /tmp/tmpulssnh9_
