running build
running config_cc
INFO: unifing config_cc, config, build_clib, build_ext, build commands --compiler options
running config_fc
INFO: unifing config_fc, config, build_clib, build_ext, build commands --fcompiler options
running build_src
INFO: build_src
INFO: building extension "OH2_App_GEN_M21986" sources
INFO: f2py options: []
INFO: f2py:> /tmp/tmp5z2dinsx/src.linux-x86_64-3.11/OH2_App_GEN_M21986module.c
creating /tmp/tmp5z2dinsx/src.linux-x86_64-3.11
analyzeline: Failed to evaluate '4.0d0*pi*1.0d-07'. Ignoring: invalid decimal literal (<string>, line 1)
analyzeline: Failed to evaluate '1.0d0/(cmu_0*clight**2)'. Ignoring: invalid decimal literal (<string>, line 1)
Reading fortran codes...
	Reading file 'OH2_App_GEN_M21986.f' (format:fix,strict)
Line #15 in OH2_App_GEN_M21986.f:"      PARAMETER (JSURF=INT(ISURF*(ISURF+1)/2))"
	determineexprtype: could not determine expressions ('int') type.
Line #15 in OH2_App_GEN_M21986.f:"      PARAMETER (JSURF=INT(ISURF*(ISURF+1)/2))"
	determineexprtype: could not determine expressions ('int(isurf*(isurf+1)/2)') type.
Line #127 in OH2_App_GEN_M21986.f:"      PARAMETER (PI = 3.141592653589793D0)                              "
	get_parameters: got "eval() arg 1 must be a string, bytes or code object" on 4
Line #129 in OH2_App_GEN_M21986.f:"      PARAMETER (NATOM = 25)                                            "
	get_parameters: got "eval() arg 1 must be a string, bytes or code object" on 4
Line #129 in OH2_App_GEN_M21986.f:"      PARAMETER (NATOM = 25)                                            "
	get_parameters: got "eval() arg 1 must be a string, bytes or code object" on 4
Line #149 in OH2_App_GEN_M21986.f:"         PARAMETER (BOHR = .52917706D0)                                 "
	get_parameters: got "eval() arg 1 must be a string, bytes or code object" on 4
Line #149 in OH2_App_GEN_M21986.f:"         PARAMETER (BOHR = .52917706D0)                                 "
	get_parameters: got "eval() arg 1 must be a string, bytes or code object" on 4
Line #153 in OH2_App_GEN_M21986.f:"         PARAMETER (HARTRE = 627.5095D0)                                "
	get_parameters: got "eval() arg 1 must be a string, bytes or code object" on 4
Line #153 in OH2_App_GEN_M21986.f:"         PARAMETER (HARTRE = 627.5095D0)                                "
	get_parameters: got "eval() arg 1 must be a string, bytes or code object" on 4
Line #153 in OH2_App_GEN_M21986.f:"         PARAMETER (HARTRE = 627.5095D0)                                "
	get_parameters: got "eval() arg 1 must be a string, bytes or code object" on 4
Line #155 in OH2_App_GEN_M21986.f:"         PARAMETER (TOL = 1.D-05)                                       "
	get_parameters: got "eval() arg 1 must be a string, bytes or code object" on 4
Line #155 in OH2_App_GEN_M21986.f:"         PARAMETER (TOL = 1.D-05)                                       "
	get_parameters: got "eval() arg 1 must be a string, bytes or code object" on 4
Line #155 in OH2_App_GEN_M21986.f:"         PARAMETER (TOL = 1.D-05)                                       "
	get_parameters: got "eval() arg 1 must be a string, bytes or code object" on 4
Line #155 in OH2_App_GEN_M21986.f:"         PARAMETER (TOL = 1.D-05)                                       "
	get_parameters: got "eval() arg 1 must be a string, bytes or code object" on 4
Line #261 in OH2_App_GEN_M21986.f:"      PARAMETER (PI = 3.141592653589793D0)                              "
	get_parameters: got "eval() arg 1 must be a string, bytes or code object" on 4
Line #263 in OH2_App_GEN_M21986.f:"      PARAMETER (NATOM = 25)                                            "
	get_parameters: got "eval() arg 1 must be a string, bytes or code object" on 4
Line #263 in OH2_App_GEN_M21986.f:"      PARAMETER (NATOM = 25)                                            "
	get_parameters: got "eval() arg 1 must be a string, bytes or code object" on 4
Line #290 in OH2_App_GEN_M21986.f:"         PARAMETER (BOHR = .52917706D0)                                 "
	get_parameters: got "eval() arg 1 must be a string, bytes or code object" on 4
Line #290 in OH2_App_GEN_M21986.f:"         PARAMETER (BOHR = .52917706D0)                                 "
	get_parameters: got "eval() arg 1 must be a string, bytes or code object" on 4
Line #294 in OH2_App_GEN_M21986.f:"         PARAMETER (HARTRE = 627.5095D0)                                "
	get_parameters: got "eval() arg 1 must be a string, bytes or code object" on 4
Line #294 in OH2_App_GEN_M21986.f:"         PARAMETER (HARTRE = 627.5095D0)                                "
	get_parameters: got "eval() arg 1 must be a string, bytes or code object" on 4
Line #294 in OH2_App_GEN_M21986.f:"         PARAMETER (HARTRE = 627.5095D0)                                "
	get_parameters: got "eval() arg 1 must be a string, bytes or code object" on 4
Line #296 in OH2_App_GEN_M21986.f:"         PARAMETER (TOL = 1.D-05)                                       "
	get_parameters: got "eval() arg 1 must be a string, bytes or code object" on 4
Line #296 in OH2_App_GEN_M21986.f:"         PARAMETER (TOL = 1.D-05)                                       "
	get_parameters: got "eval() arg 1 must be a string, bytes or code object" on 4
Line #296 in OH2_App_GEN_M21986.f:"         PARAMETER (TOL = 1.D-05)                                       "
	get_parameters: got "eval() arg 1 must be a string, bytes or code object" on 4
Line #296 in OH2_App_GEN_M21986.f:"         PARAMETER (TOL = 1.D-05)                                       "
	get_parameters: got "eval() arg 1 must be a string, bytes or code object" on 4
Line #459 in OH2_App_GEN_M21986.f:"      PARAMETER (PI = 3.141592653589793D0)                              "
	get_parameters: got "eval() arg 1 must be a string, bytes or code object" on 4
Line #461 in OH2_App_GEN_M21986.f:"      PARAMETER (NATOM = 25)                                            "
	get_parameters: got "eval() arg 1 must be a string, bytes or code object" on 4
Line #461 in OH2_App_GEN_M21986.f:"      PARAMETER (NATOM = 25)                                            "
	get_parameters: got "eval() arg 1 must be a string, bytes or code object" on 4
Line #474 in OH2_App_GEN_M21986.f:"      PARAMETER (DETRAD = 0.0174532D0)                                  "
	get_parameters: got "eval() arg 1 must be a string, bytes or code object" on 4
Line #474 in OH2_App_GEN_M21986.f:"      PARAMETER (DETRAD = 0.0174532D0)                                  "
	get_parameters: got "eval() arg 1 must be a string, bytes or code object" on 4
Line #475 in OH2_App_GEN_M21986.f:"      PARAMETER (CKCAL = 627.5095D0)                                    "
	get_parameters: got "eval() arg 1 must be a string, bytes or code object" on 4
Line #475 in OH2_App_GEN_M21986.f:"      PARAMETER (CKCAL = 627.5095D0)                                    "
	get_parameters: got "eval() arg 1 must be a string, bytes or code object" on 4
Line #475 in OH2_App_GEN_M21986.f:"      PARAMETER (CKCAL = 627.5095D0)                                    "
	get_parameters: got "eval() arg 1 must be a string, bytes or code object" on 4
Line #477 in OH2_App_GEN_M21986.f:"      PARAMETER (BOHR = 0.529177D0)                                     "
	get_parameters: got "eval() arg 1 must be a string, bytes or code object" on 4
Line #477 in OH2_App_GEN_M21986.f:"      PARAMETER (BOHR = 0.529177D0)                                     "
	get_parameters: got "eval() arg 1 must be a string, bytes or code object" on 4
Line #477 in OH2_App_GEN_M21986.f:"      PARAMETER (BOHR = 0.529177D0)                                     "
	get_parameters: got "eval() arg 1 must be a string, bytes or code object" on 4
Line #477 in OH2_App_GEN_M21986.f:"      PARAMETER (BOHR = 0.529177D0)                                     "
	get_parameters: got "eval() arg 1 must be a string, bytes or code object" on 4
Line #639 in OH2_App_GEN_M21986.f:"      PARAMETER (PI = 3.141592653589793D0)                              "
	get_parameters: got "eval() arg 1 must be a string, bytes or code object" on 4
Line #641 in OH2_App_GEN_M21986.f:"      PARAMETER (NATOM = 25)                                            "
	get_parameters: got "eval() arg 1 must be a string, bytes or code object" on 4
Line #641 in OH2_App_GEN_M21986.f:"      PARAMETER (NATOM = 25)                                            "
	get_parameters: got "eval() arg 1 must be a string, bytes or code object" on 4
Line #661 in OH2_App_GEN_M21986.f:"      PARAMETER (DETRAD = 0.0174532D0)                                  "
	get_parameters: got "eval() arg 1 must be a string, bytes or code object" on 4
Line #661 in OH2_App_GEN_M21986.f:"      PARAMETER (DETRAD = 0.0174532D0)                                  "
	get_parameters: got "eval() arg 1 must be a string, bytes or code object" on 4
Line #662 in OH2_App_GEN_M21986.f:"      PARAMETER (CKCAL = 627.5095D0)                                    "
	get_parameters: got "eval() arg 1 must be a string, bytes or code object" on 4
Line #662 in OH2_App_GEN_M21986.f:"      PARAMETER (CKCAL = 627.5095D0)                                    "
	get_parameters: got "eval() arg 1 must be a string, bytes or code object" on 4
Line #662 in OH2_App_GEN_M21986.f:"      PARAMETER (CKCAL = 627.5095D0)                                    "
	get_parameters: got "eval() arg 1 must be a string, bytes or code object" on 4
Line #664 in OH2_App_GEN_M21986.f:"      PARAMETER (BOHR = 0.529177D0)                                     "
	get_parameters: got "eval() arg 1 must be a string, bytes or code object" on 4
Line #664 in OH2_App_GEN_M21986.f:"      PARAMETER (BOHR = 0.529177D0)                                     "
	get_parameters: got "eval() arg 1 must be a string, bytes or code object" on 4
Line #664 in OH2_App_GEN_M21986.f:"      PARAMETER (BOHR = 0.529177D0)                                     "
	get_parameters: got "eval() arg 1 must be a string, bytes or code object" on 4
Line #664 in OH2_App_GEN_M21986.f:"      PARAMETER (BOHR = 0.529177D0)                                     "
	get_parameters: got "eval() arg 1 must be a string, bytes or code object" on 4
Line #830 in OH2_App_GEN_M21986.f:"      PARAMETER (PI = 3.141592653589793D0)                              "
	get_parameters: got "eval() arg 1 must be a string, bytes or code object" on 4
Line #832 in OH2_App_GEN_M21986.f:"      PARAMETER (NATOM = 25)                                            "
	get_parameters: got "eval() arg 1 must be a string, bytes or code object" on 4
Line #832 in OH2_App_GEN_M21986.f:"      PARAMETER (NATOM = 25)                                            "
	get_parameters: got "eval() arg 1 must be a string, bytes or code object" on 4
Line #1006 in OH2_App_GEN_M21986.f:"      PARAMETER (PI = 3.141592653589793D0)                              "
	get_parameters: got "eval() arg 1 must be a string, bytes or code object" on 4
Line #1008 in OH2_App_GEN_M21986.f:"      PARAMETER (NATOM = 25)                                            "
	get_parameters: got "eval() arg 1 must be a string, bytes or code object" on 4
Line #1008 in OH2_App_GEN_M21986.f:"      PARAMETER (NATOM = 25)                                            "
	get_parameters: got "eval() arg 1 must be a string, bytes or code object" on 4
Line #1090 in OH2_App_GEN_M21986.f:"         DATA (PHI(I), I=1,11)                                                  / 0.0000000d+00,  0.1000000d+02,                                    0.2000000d+02,  0.3000000d+02,                                    0.3733000d+02,  0.4000000d+02,                                    0.5000000d+02,  0.6000000d+02,                                    0.7000000d+02,  0.8000000d+02,                                    0.9000000d+02/                                          "
	analyzeline: implied-DO list "(phi(i), i=1,11)" is not supported. Skipping.
Line #1097 in OH2_App_GEN_M21986.f:"         DATA (BSP(I,1), I=1,11)                                                / 0.9477920d+02,  0.9316200d+02,                                    0.9035320d+02,  0.8517960d+02,                                    0.8272720d+02,  0.8304320d+02,                                    0.8855580d+02,  0.9003100d+02,                                    0.9129800d+02,  0.9184900d+02,                                    0.9209100d+02/                                          "
	analyzeline: implied-DO list "(bsp(i,1), i=1,11)" is not supported. Skipping.
Line #1104 in OH2_App_GEN_M21986.f:"         DATA (BSP(I,2), I=1,11)                                                / 0.1456500d+01,  0.1475500d+01,                                    0.1530500d+01,  0.1606400d+01,                                    0.1634900d+01,  0.1632300d+01,                                    0.1534600d+01,  0.1396600d+01,                                    0.1299800d+01,  0.1243800d+01,                                    0.1225600d+01/                                          "
	analyzeline: implied-DO list "(bsp(i,2), i=1,11)" is not supported. Skipping.
Line #1111 in OH2_App_GEN_M21986.f:"         DATA (BSP(I,3), I=1,11)                                                / 0.2041900d+01,  0.1987500d+01,                                    0.1905400d+01,  0.1672700d+01,                                    0.1554000d+01,  0.1539400d+01,                                    0.1749300d+01,  0.2014500d+01,                                    0.2227100d+01,  0.2348800d+01,                                    0.2383800d+01/                                          "
	analyzeline: implied-DO list "(bsp(i,3), i=1,11)" is not supported. Skipping.
Line #1119 in OH2_App_GEN_M21986.f:"         DATA (CSP(I,1), I=1,13)                                                / 0.9477920d+02,  -0.1478277d+00,                                  -0.1389235d-03,  -0.3580591d-03,                                   0.1450636d-02,   0.1148717d-02,                                  -0.9458414d-03,  -0.4983968d-02,                                   0.5921762d-02,  -0.2814975d-02,                                   0.1001140d-02,  -0.2747850d-03,                                  -0.5702495d-05/                                          "
	analyzeline: implied-DO list "(csp(i,1), i=1,13)" is not supported. Skipping.
Line #1127 in OH2_App_GEN_M21986.f:"         DATA (CSP(I,2), I=1,13)                                                / 0.1456500d+01,   0.1137130d-02,                                   0.7628700d-05,  -0.9772201d-05,                                  -0.1201120d-04,   0.2800151d-05,                                  -0.4114549d-04,   0.7866376d-04,                                  -0.1122307d-04,  -0.1936703d-04,                                   0.6791209d-05,  -0.1039780d-04,                                   0.8032967d-05/                                          "
	analyzeline: implied-DO list "(csp(i,2), i=1,13)" is not supported. Skipping.
Line #1135 in OH2_App_GEN_M21986.f:"         DATA (CSP(I,3), I=1,13)                                                / 0.2041900d+01,  -0.5887558d-02,                                   0.4475579d-05,  -0.5455348d-04,                                   0.1230139d-03,  -0.6997501d-04,                                   0.2822753d-03,  -0.4019424d-03,                                   0.1215636d-03,  -0.1548133d-04,                                   0.9961687d-05,   0.1813458d-04,                                  -0.1747243d-04/                                          "
	analyzeline: implied-DO list "(csp(i,3), i=1,13)" is not supported. Skipping.
Line #1149 in OH2_App_GEN_M21986.f:"      PARAMETER (PI = 3.141592653589793D0)"
	get_parameters: got "eval() arg 1 must be a string, bytes or code object" on 4
Line #1319 in OH2_App_GEN_M21986.f:"      PARAMETER(        PI = 3.141592653589793D0)"
	get_parameters: got "eval() arg 1 must be a string, bytes or code object" on 4
Line #1320 in OH2_App_GEN_M21986.f:"      PARAMETER(    CLIGHT = 2.99792458D08)"
	get_parameters: got "eval() arg 1 must be a string, bytes or code object" on 4
Line #1320 in OH2_App_GEN_M21986.f:"      PARAMETER(    CLIGHT = 2.99792458D08)"
	get_parameters: got "eval() arg 1 must be a string, bytes or code object" on 4
Line #1321 in OH2_App_GEN_M21986.f:"      PARAMETER(     CMU_0 = 4.0D0*PI*1.0D-07)"
	get_parameters: got "eval() arg 1 must be a string, bytes or code object" on 4
Line #1321 in OH2_App_GEN_M21986.f:"      PARAMETER(     CMU_0 = 4.0D0*PI*1.0D-07)"
	get_parameters: got "eval() arg 1 must be a string, bytes or code object" on 4
Line #1321 in OH2_App_GEN_M21986.f:"      PARAMETER(     CMU_0 = 4.0D0*PI*1.0D-07)"
	get_parameters: got "eval() arg 1 must be a string, bytes or code object" on 4
Line #1322 in OH2_App_GEN_M21986.f:"      PARAMETER(CEPSILON_0 = 1.0D0/(CMU_0*CLIGHT**2))"
	get_parameters: got "eval() arg 1 must be a string, bytes or code object" on 4
Line #1322 in OH2_App_GEN_M21986.f:"      PARAMETER(CEPSILON_0 = 1.0D0/(CMU_0*CLIGHT**2))"
	get_parameters: got "eval() arg 1 must be a string, bytes or code object" on 4
Line #1322 in OH2_App_GEN_M21986.f:"      PARAMETER(CEPSILON_0 = 1.0D0/(CMU_0*CLIGHT**2))"
	get_parameters: got "eval() arg 1 must be a string, bytes or code object" on 4
Line #1322 in OH2_App_GEN_M21986.f:"      PARAMETER(CEPSILON_0 = 1.0D0/(CMU_0*CLIGHT**2))"
	determineexprtype: could not determine expressions ('1.0d0/(cmu_0*clight**2)') type.
Line #1323 in OH2_App_GEN_M21986.f:"      PARAMETER(        CE = 1.602176462D-19)"
	get_parameters: got "eval() arg 1 must be a string, bytes or code object" on 4
Line #1323 in OH2_App_GEN_M21986.f:"      PARAMETER(        CE = 1.602176462D-19)"
	get_parameters: got "eval() arg 1 must be a string, bytes or code object" on 4
Line #1323 in OH2_App_GEN_M21986.f:"      PARAMETER(        CE = 1.602176462D-19)"
	get_parameters: got "eval() arg 1 must be a string, bytes or code object" on 4
Line #1324 in OH2_App_GEN_M21986.f:"      PARAMETER(   CPLANCK = 6.62606876D-34)"
	get_parameters: got "eval() arg 1 must be a string, bytes or code object" on 4
Line #1324 in OH2_App_GEN_M21986.f:"      PARAMETER(   CPLANCK = 6.62606876D-34)"
	get_parameters: got "eval() arg 1 must be a string, bytes or code object" on 4
Line #1324 in OH2_App_GEN_M21986.f:"      PARAMETER(   CPLANCK = 6.62606876D-34)"
	get_parameters: got "eval() arg 1 must be a string, bytes or code object" on 4
Line #1324 in OH2_App_GEN_M21986.f:"      PARAMETER(   CPLANCK = 6.62606876D-34)"
	get_parameters: got "eval() arg 1 must be a string, bytes or code object" on 4
Line #1325 in OH2_App_GEN_M21986.f:"      PARAMETER(      CM_E = 9.10938188D-31)"
	get_parameters: got "eval() arg 1 must be a string, bytes or code object" on 4
Line #1325 in OH2_App_GEN_M21986.f:"      PARAMETER(      CM_E = 9.10938188D-31)"
	get_parameters: got "eval() arg 1 must be a string, bytes or code object" on 4
Line #1325 in OH2_App_GEN_M21986.f:"      PARAMETER(      CM_E = 9.10938188D-31)"
	get_parameters: got "eval() arg 1 must be a string, bytes or code object" on 4
Line #1325 in OH2_App_GEN_M21986.f:"      PARAMETER(      CM_E = 9.10938188D-31)"
	get_parameters: got "eval() arg 1 must be a string, bytes or code object" on 4
Line #1325 in OH2_App_GEN_M21986.f:"      PARAMETER(      CM_E = 9.10938188D-31)"
	get_parameters: got "eval() arg 1 must be a string, bytes or code object" on 4
Line #1326 in OH2_App_GEN_M21986.f:"      PARAMETER(      CANG = 1.0D-10)"
	get_parameters: got "eval() arg 1 must be a string, bytes or code object" on 4
Line #1326 in OH2_App_GEN_M21986.f:"      PARAMETER(      CANG = 1.0D-10)"
	get_parameters: got "eval() arg 1 must be a string, bytes or code object" on 4
Line #1326 in OH2_App_GEN_M21986.f:"      PARAMETER(      CANG = 1.0D-10)"
	get_parameters: got "eval() arg 1 must be a string, bytes or code object" on 4
Line #1326 in OH2_App_GEN_M21986.f:"      PARAMETER(      CANG = 1.0D-10)"
	get_parameters: got "eval() arg 1 must be a string, bytes or code object" on 4
Line #1326 in OH2_App_GEN_M21986.f:"      PARAMETER(      CANG = 1.0D-10)"
	get_parameters: got "eval() arg 1 must be a string, bytes or code object" on 4
Line #1326 in OH2_App_GEN_M21986.f:"      PARAMETER(      CANG = 1.0D-10)"
	get_parameters: got "eval() arg 1 must be a string, bytes or code object" on 4
Line #1327 in OH2_App_GEN_M21986.f:"      PARAMETER( CAVOGADRO = 6.02214199D23)"
	get_parameters: got "eval() arg 1 must be a string, bytes or code object" on 4
Line #1327 in OH2_App_GEN_M21986.f:"      PARAMETER( CAVOGADRO = 6.02214199D23)"
	get_parameters: got "eval() arg 1 must be a string, bytes or code object" on 4
Line #1327 in OH2_App_GEN_M21986.f:"      PARAMETER( CAVOGADRO = 6.02214199D23)"
	get_parameters: got "eval() arg 1 must be a string, bytes or code object" on 4
Line #1327 in OH2_App_GEN_M21986.f:"      PARAMETER( CAVOGADRO = 6.02214199D23)"
	get_parameters: got "eval() arg 1 must be a string, bytes or code object" on 4
Line #1327 in OH2_App_GEN_M21986.f:"      PARAMETER( CAVOGADRO = 6.02214199D23)"
	get_parameters: got "eval() arg 1 must be a string, bytes or code object" on 4
Line #1327 in OH2_App_GEN_M21986.f:"      PARAMETER( CAVOGADRO = 6.02214199D23)"
	get_parameters: got "eval() arg 1 must be a string, bytes or code object" on 4
Line #1327 in OH2_App_GEN_M21986.f:"      PARAMETER( CAVOGADRO = 6.02214199D23)"
	get_parameters: got "eval() arg 1 must be a string, bytes or code object" on 4
Line #1328 in OH2_App_GEN_M21986.f:"      PARAMETER(     CKCAL = 4.184D10)"
	get_parameters: got "eval() arg 1 must be a string, bytes or code object" on 4
Line #1328 in OH2_App_GEN_M21986.f:"      PARAMETER(     CKCAL = 4.184D10)"
	get_parameters: got "eval() arg 1 must be a string, bytes or code object" on 4
Line #1328 in OH2_App_GEN_M21986.f:"      PARAMETER(     CKCAL = 4.184D10)"
	get_parameters: got "eval() arg 1 must be a string, bytes or code object" on 4
Line #1328 in OH2_App_GEN_M21986.f:"      PARAMETER(     CKCAL = 4.184D10)"
	get_parameters: got "eval() arg 1 must be a string, bytes or code object" on 4
Line #1328 in OH2_App_GEN_M21986.f:"      PARAMETER(     CKCAL = 4.184D10)"
	get_parameters: got "eval() arg 1 must be a string, bytes or code object" on 4
Line #1328 in OH2_App_GEN_M21986.f:"      PARAMETER(     CKCAL = 4.184D10)"
	get_parameters: got "eval() arg 1 must be a string, bytes or code object" on 4
Line #1328 in OH2_App_GEN_M21986.f:"      PARAMETER(     CKCAL = 4.184D10)"
	get_parameters: got "eval() arg 1 must be a string, bytes or code object" on 4
Line #1328 in OH2_App_GEN_M21986.f:"      PARAMETER(     CKCAL = 4.184D10)"
	get_parameters: got "eval() arg 1 must be a string, bytes or code object" on 4
Line #1329 in OH2_App_GEN_M21986.f:"      PARAMETER(  HTOMILLH = 1000.D0)"
	get_parameters: got "eval() arg 1 must be a string, bytes or code object" on 4
Line #1329 in OH2_App_GEN_M21986.f:"      PARAMETER(  HTOMILLH = 1000.D0)"
	get_parameters: got "eval() arg 1 must be a string, bytes or code object" on 4
Line #1329 in OH2_App_GEN_M21986.f:"      PARAMETER(  HTOMILLH = 1000.D0)"
	get_parameters: got "eval() arg 1 must be a string, bytes or code object" on 4
Line #1329 in OH2_App_GEN_M21986.f:"      PARAMETER(  HTOMILLH = 1000.D0)"
	get_parameters: got "eval() arg 1 must be a string, bytes or code object" on 4
Line #1329 in OH2_App_GEN_M21986.f:"      PARAMETER(  HTOMILLH = 1000.D0)"
	get_parameters: got "eval() arg 1 must be a string, bytes or code object" on 4
Line #1329 in OH2_App_GEN_M21986.f:"      PARAMETER(  HTOMILLH = 1000.D0)"
	get_parameters: got "eval() arg 1 must be a string, bytes or code object" on 4
Line #1329 in OH2_App_GEN_M21986.f:"      PARAMETER(  HTOMILLH = 1000.D0)"
	get_parameters: got "eval() arg 1 must be a string, bytes or code object" on 4
Line #1329 in OH2_App_GEN_M21986.f:"      PARAMETER(  HTOMILLH = 1000.D0)"
	get_parameters: got "eval() arg 1 must be a string, bytes or code object" on 4
Line #1329 in OH2_App_GEN_M21986.f:"      PARAMETER(  HTOMILLH = 1000.D0)"
	get_parameters: got "eval() arg 1 must be a string, bytes or code object" on 4
Line #1330 in OH2_App_GEN_M21986.f:"      PARAMETER(     HTOEV = 27.2113834D0)"
	get_parameters: got "eval() arg 1 must be a string, bytes or code object" on 4
Line #1330 in OH2_App_GEN_M21986.f:"      PARAMETER(     HTOEV = 27.2113834D0)"
	get_parameters: got "eval() arg 1 must be a string, bytes or code object" on 4
Line #1330 in OH2_App_GEN_M21986.f:"      PARAMETER(     HTOEV = 27.2113834D0)"
	get_parameters: got "eval() arg 1 must be a string, bytes or code object" on 4
Line #1330 in OH2_App_GEN_M21986.f:"      PARAMETER(     HTOEV = 27.2113834D0)"
	get_parameters: got "eval() arg 1 must be a string, bytes or code object" on 4
Line #1330 in OH2_App_GEN_M21986.f:"      PARAMETER(     HTOEV = 27.2113834D0)"
	get_parameters: got "eval() arg 1 must be a string, bytes or code object" on 4
Line #1330 in OH2_App_GEN_M21986.f:"      PARAMETER(     HTOEV = 27.2113834D0)"
	get_parameters: got "eval() arg 1 must be a string, bytes or code object" on 4
Line #1330 in OH2_App_GEN_M21986.f:"      PARAMETER(     HTOEV = 27.2113834D0)"
	get_parameters: got "eval() arg 1 must be a string, bytes or code object" on 4
Line #1330 in OH2_App_GEN_M21986.f:"      PARAMETER(     HTOEV = 27.2113834D0)"
	get_parameters: got "eval() arg 1 must be a string, bytes or code object" on 4
Line #1330 in OH2_App_GEN_M21986.f:"      PARAMETER(     HTOEV = 27.2113834D0)"
	get_parameters: got "eval() arg 1 must be a string, bytes or code object" on 4
Line #1330 in OH2_App_GEN_M21986.f:"      PARAMETER(     HTOEV = 27.2113834D0)"
	get_parameters: got "eval() arg 1 must be a string, bytes or code object" on 4
Line #1331 in OH2_App_GEN_M21986.f:"      PARAMETER(   HTOKCAL = 627.509470D0)"
	get_parameters: got "eval() arg 1 must be a string, bytes or code object" on 4
Line #1331 in OH2_App_GEN_M21986.f:"      PARAMETER(   HTOKCAL = 627.509470D0)"
	get_parameters: got "eval() arg 1 must be a string, bytes or code object" on 4
Line #1331 in OH2_App_GEN_M21986.f:"      PARAMETER(   HTOKCAL = 627.509470D0)"
	get_parameters: got "eval() arg 1 must be a string, bytes or code object" on 4
Line #1331 in OH2_App_GEN_M21986.f:"      PARAMETER(   HTOKCAL = 627.509470D0)"
	get_parameters: got "eval() arg 1 must be a string, bytes or code object" on 4
Line #1331 in OH2_App_GEN_M21986.f:"      PARAMETER(   HTOKCAL = 627.509470D0)"
	get_parameters: got "eval() arg 1 must be a string, bytes or code object" on 4
Line #1331 in OH2_App_GEN_M21986.f:"      PARAMETER(   HTOKCAL = 627.509470D0)"
	get_parameters: got "eval() arg 1 must be a string, bytes or code object" on 4
Line #1331 in OH2_App_GEN_M21986.f:"      PARAMETER(   HTOKCAL = 627.509470D0)"
	get_parameters: got "eval() arg 1 must be a string, bytes or code object" on 4
Line #1331 in OH2_App_GEN_M21986.f:"      PARAMETER(   HTOKCAL = 627.509470D0)"
	get_parameters: got "eval() arg 1 must be a string, bytes or code object" on 4
Line #1331 in OH2_App_GEN_M21986.f:"      PARAMETER(   HTOKCAL = 627.509470D0)"
	get_parameters: got "eval() arg 1 must be a string, bytes or code object" on 4
Line #1331 in OH2_App_GEN_M21986.f:"      PARAMETER(   HTOKCAL = 627.509470D0)"
	get_parameters: got "eval() arg 1 must be a string, bytes or code object" on 4
Line #1331 in OH2_App_GEN_M21986.f:"      PARAMETER(   HTOKCAL = 627.509470D0)"
	get_parameters: got "eval() arg 1 must be a string, bytes or code object" on 4
Line #1332 in OH2_App_GEN_M21986.f:"      PARAMETER(   HTOWAVE = 219474.631D0)"
	get_parameters: got "eval() arg 1 must be a string, bytes or code object" on 4
Line #1332 in OH2_App_GEN_M21986.f:"      PARAMETER(   HTOWAVE = 219474.631D0)"
	get_parameters: got "eval() arg 1 must be a string, bytes or code object" on 4
Line #1332 in OH2_App_GEN_M21986.f:"      PARAMETER(   HTOWAVE = 219474.631D0)"
	get_parameters: got "eval() arg 1 must be a string, bytes or code object" on 4
Line #1332 in OH2_App_GEN_M21986.f:"      PARAMETER(   HTOWAVE = 219474.631D0)"
	get_parameters: got "eval() arg 1 must be a string, bytes or code object" on 4
Line #1332 in OH2_App_GEN_M21986.f:"      PARAMETER(   HTOWAVE = 219474.631D0)"
	get_parameters: got "eval() arg 1 must be a string, bytes or code object" on 4
Line #1332 in OH2_App_GEN_M21986.f:"      PARAMETER(   HTOWAVE = 219474.631D0)"
	get_parameters: got "eval() arg 1 must be a string, bytes or code object" on 4
Line #1332 in OH2_App_GEN_M21986.f:"      PARAMETER(   HTOWAVE = 219474.631D0)"
	get_parameters: got "eval() arg 1 must be a string, bytes or code object" on 4
Line #1332 in OH2_App_GEN_M21986.f:"      PARAMETER(   HTOWAVE = 219474.631D0)"
	get_parameters: got "eval() arg 1 must be a string, bytes or code object" on 4
Line #1332 in OH2_App_GEN_M21986.f:"      PARAMETER(   HTOWAVE = 219474.631D0)"
	get_parameters: got "eval() arg 1 must be a string, bytes or code object" on 4
Line #1332 in OH2_App_GEN_M21986.f:"      PARAMETER(   HTOWAVE = 219474.631D0)"
	get_parameters: got "eval() arg 1 must be a string, bytes or code object" on 4
Line #1332 in OH2_App_GEN_M21986.f:"      PARAMETER(   HTOWAVE = 219474.631D0)"
	get_parameters: got "eval() arg 1 must be a string, bytes or code object" on 4
Line #1332 in OH2_App_GEN_M21986.f:"      PARAMETER(   HTOWAVE = 219474.631D0)"
	get_parameters: got "eval() arg 1 must be a string, bytes or code object" on 4
Line #1333 in OH2_App_GEN_M21986.f:"      PARAMETER(     HTOKJ = 2625.49962D0)"
	get_parameters: got "eval() arg 1 must be a string, bytes or code object" on 4
Line #1333 in OH2_App_GEN_M21986.f:"      PARAMETER(     HTOKJ = 2625.49962D0)"
	get_parameters: got "eval() arg 1 must be a string, bytes or code object" on 4
Line #1333 in OH2_App_GEN_M21986.f:"      PARAMETER(     HTOKJ = 2625.49962D0)"
	get_parameters: got "eval() arg 1 must be a string, bytes or code object" on 4
Line #1333 in OH2_App_GEN_M21986.f:"      PARAMETER(     HTOKJ = 2625.49962D0)"
	get_parameters: got "eval() arg 1 must be a string, bytes or code object" on 4
Line #1333 in OH2_App_GEN_M21986.f:"      PARAMETER(     HTOKJ = 2625.49962D0)"
	get_parameters: got "eval() arg 1 must be a string, bytes or code object" on 4
Line #1333 in OH2_App_GEN_M21986.f:"      PARAMETER(     HTOKJ = 2625.49962D0)"
	get_parameters: got "eval() arg 1 must be a string, bytes or code object" on 4
Line #1333 in OH2_App_GEN_M21986.f:"      PARAMETER(     HTOKJ = 2625.49962D0)"
	get_parameters: got "eval() arg 1 must be a string, bytes or code object" on 4
Line #1333 in OH2_App_GEN_M21986.f:"      PARAMETER(     HTOKJ = 2625.49962D0)"
	get_parameters: got "eval() arg 1 must be a string, bytes or code object" on 4
Line #1333 in OH2_App_GEN_M21986.f:"      PARAMETER(     HTOKJ = 2625.49962D0)"
	get_parameters: got "eval() arg 1 must be a string, bytes or code object" on 4
Line #1333 in OH2_App_GEN_M21986.f:"      PARAMETER(     HTOKJ = 2625.49962D0)"
	get_parameters: got "eval() arg 1 must be a string, bytes or code object" on 4
Line #1333 in OH2_App_GEN_M21986.f:"      PARAMETER(     HTOKJ = 2625.49962D0)"
	get_parameters: got "eval() arg 1 must be a string, bytes or code object" on 4
Line #1333 in OH2_App_GEN_M21986.f:"      PARAMETER(     HTOKJ = 2625.49962D0)"
	get_parameters: got "eval() arg 1 must be a string, bytes or code object" on 4
Line #1333 in OH2_App_GEN_M21986.f:"      PARAMETER(     HTOKJ = 2625.49962D0)"
	get_parameters: got "eval() arg 1 must be a string, bytes or code object" on 4
Line #1334 in OH2_App_GEN_M21986.f:"      PARAMETER(    BOHR_A = .5291772083D0)"
	get_parameters: got "eval() arg 1 must be a string, bytes or code object" on 4
Line #1334 in OH2_App_GEN_M21986.f:"      PARAMETER(    BOHR_A = .5291772083D0)"
	get_parameters: got "eval() arg 1 must be a string, bytes or code object" on 4
Line #1334 in OH2_App_GEN_M21986.f:"      PARAMETER(    BOHR_A = .5291772083D0)"
	get_parameters: got "eval() arg 1 must be a string, bytes or code object" on 4
Line #1334 in OH2_App_GEN_M21986.f:"      PARAMETER(    BOHR_A = .5291772083D0)"
	get_parameters: got "eval() arg 1 must be a string, bytes or code object" on 4
Line #1334 in OH2_App_GEN_M21986.f:"      PARAMETER(    BOHR_A = .5291772083D0)"
	get_parameters: got "eval() arg 1 must be a string, bytes or code object" on 4
Line #1334 in OH2_App_GEN_M21986.f:"      PARAMETER(    BOHR_A = .5291772083D0)"
	get_parameters: got "eval() arg 1 must be a string, bytes or code object" on 4
Line #1334 in OH2_App_GEN_M21986.f:"      PARAMETER(    BOHR_A = .5291772083D0)"
	get_parameters: got "eval() arg 1 must be a string, bytes or code object" on 4
Line #1334 in OH2_App_GEN_M21986.f:"      PARAMETER(    BOHR_A = .5291772083D0)"
	get_parameters: got "eval() arg 1 must be a string, bytes or code object" on 4
Line #1334 in OH2_App_GEN_M21986.f:"      PARAMETER(    BOHR_A = .5291772083D0)"
	get_parameters: got "eval() arg 1 must be a string, bytes or code object" on 4
Line #1334 in OH2_App_GEN_M21986.f:"      PARAMETER(    BOHR_A = .5291772083D0)"
	get_parameters: got "eval() arg 1 must be a string, bytes or code object" on 4
Line #1334 in OH2_App_GEN_M21986.f:"      PARAMETER(    BOHR_A = .5291772083D0)"
	get_parameters: got "eval() arg 1 must be a string, bytes or code object" on 4
Line #1334 in OH2_App_GEN_M21986.f:"      PARAMETER(    BOHR_A = .5291772083D0)"
	getstrlength: expected a signature of a string but got: {'typespec': 'character', 'charselector': {'*': '75'}, 'attrspec': [], 'dimension': ['5']}
get_parameters: got "eval() arg 1 must be a string, bytes or code object" on 4
Line #1334 in OH2_App_GEN_M21986.f:"      PARAMETER(    BOHR_A = .5291772083D0)"
	get_parameters: got "eval() arg 1 must be a string, bytes or code object" on 4
Line #1334 in OH2_App_GEN_M21986.f:"      PARAMETER(    BOHR_A = .5291772083D0)"
	get_parameters: got "eval() arg 1 must be a string, bytes or code object" on 4
Post-processing...
	Block: OH2_App_GEN_M21986
			Block: pes
			Block: prepot
In: :OH2_App_GEN_M21986:OH2_App_GEN_M21986.f:prepot
get_parameters: got "eval() arg 1 must be a string, bytes or code object" on 4
In: :OH2_App_GEN_M21986:OH2_App_GEN_M21986.f:prepot
get_parameters: got "eval() arg 1 must be a string, bytes or code object" on 4
In: :OH2_App_GEN_M21986:OH2_App_GEN_M21986.f:prepot
get_parameters: got "eval() arg 1 must be a string, bytes or code object" on 4
In: :OH2_App_GEN_M21986:OH2_App_GEN_M21986.f:prepot
get_parameters: got "eval() arg 1 must be a string, bytes or code object" on 4
In: :OH2_App_GEN_M21986:OH2_App_GEN_M21986.f:prepot
get_parameters: got "eval() arg 1 must be a string, bytes or code object" on 4
			Block: pot
In: :OH2_App_GEN_M21986:OH2_App_GEN_M21986.f:pot
get_parameters: got "eval() arg 1 must be a string, bytes or code object" on 4
In: :OH2_App_GEN_M21986:OH2_App_GEN_M21986.f:pot
get_parameters: got "eval() arg 1 must be a string, bytes or code object" on 4
In: :OH2_App_GEN_M21986:OH2_App_GEN_M21986.f:pot
get_parameters: got "eval() arg 1 must be a string, bytes or code object" on 4
In: :OH2_App_GEN_M21986:OH2_App_GEN_M21986.f:pot
get_parameters: got "eval() arg 1 must be a string, bytes or code object" on 4
In: :OH2_App_GEN_M21986:OH2_App_GEN_M21986.f:pot
get_parameters: got "eval() arg 1 must be a string, bytes or code object" on 4
			Block: prepot2
In: :OH2_App_GEN_M21986:OH2_App_GEN_M21986.f:prepot2
get_parameters: got "eval() arg 1 must be a string, bytes or code object" on 4
In: :OH2_App_GEN_M21986:OH2_App_GEN_M21986.f:prepot2
get_parameters: got "eval() arg 1 must be a string, bytes or code object" on 4
In: :OH2_App_GEN_M21986:OH2_App_GEN_M21986.f:prepot2
get_parameters: got "eval() arg 1 must be a string, bytes or code object" on 4
In: :OH2_App_GEN_M21986:OH2_App_GEN_M21986.f:prepot2
get_parameters: got "eval() arg 1 must be a string, bytes or code object" on 4
In: :OH2_App_GEN_M21986:OH2_App_GEN_M21986.f:prepot2
get_parameters: got "eval() arg 1 must be a string, bytes or code object" on 4
			Block: pot2
In: :OH2_App_GEN_M21986:OH2_App_GEN_M21986.f:pot2
get_parameters: got "eval() arg 1 must be a string, bytes or code object" on 4
In: :OH2_App_GEN_M21986:OH2_App_GEN_M21986.f:pot2
get_parameters: got "eval() arg 1 must be a string, bytes or code object" on 4
In: :OH2_App_GEN_M21986:OH2_App_GEN_M21986.f:pot2
get_parameters: got "eval() arg 1 must be a string, bytes or code object" on 4
In: :OH2_App_GEN_M21986:OH2_App_GEN_M21986.f:pot2
get_parameters: got "eval() arg 1 must be a string, bytes or code object" on 4
In: :OH2_App_GEN_M21986:OH2_App_GEN_M21986.f:pot2
get_parameters: got "eval() arg 1 must be a string, bytes or code object" on 4
{}
In: :OH2_App_GEN_M21986:OH2_App_GEN_M21986.f:spline
vars2fortran: No typespec for argument "isw".
{}
In: :OH2_App_GEN_M21986:OH2_App_GEN_M21986.f:spline
vars2fortran: No typespec for argument "nn".
{'attrspec': ['dimension(nn)']}
In: :OH2_App_GEN_M21986:OH2_App_GEN_M21986.f:spline
vars2fortran: No typespec for argument "x".
{'attrspec': ['dimension(nn)']}
In: :OH2_App_GEN_M21986:OH2_App_GEN_M21986.f:spline
vars2fortran: No typespec for argument "y".
{'attrspec': ['dimension(nn+2)']}
In: :OH2_App_GEN_M21986:OH2_App_GEN_M21986.f:spline
vars2fortran: No typespec for argument "c".
{'attrspec': ['dimension(nn+2)']}
In: :OH2_App_GEN_M21986:OH2_App_GEN_M21986.f:spline
vars2fortran: No typespec for argument "d".
{}
In: :OH2_App_GEN_M21986:OH2_App_GEN_M21986.f:spline
vars2fortran: No typespec for argument "xpt".
			Block: spline
In: :OH2_App_GEN_M21986:OH2_App_GEN_M21986.f:spline
get_parameters: got "eval() arg 1 must be a string, bytes or code object" on 4
In: :OH2_App_GEN_M21986:OH2_App_GEN_M21986.f:spline
get_parameters: got "eval() arg 1 must be a string, bytes or code object" on 4
			Block: ptpacm
In: :OH2_App_GEN_M21986:OH2_App_GEN_M21986.f:ptpacm
get_parameters: got "eval() arg 1 must be a string, bytes or code object" on 4
In: :OH2_App_GEN_M21986:OH2_App_GEN_M21986.f:ptpacm
get_parameters: got "eval() arg 1 must be a string, bytes or code object" on 4
			Block: potinfo
In: :OH2_App_GEN_M21986:OH2_App_GEN_M21986.f:potinfo
get_parameters: got "eval() arg 1 must be a string, bytes or code object" on 4
In: :OH2_App_GEN_M21986:OH2_App_GEN_M21986.f:potinfo
get_parameters: got "eval() arg 1 must be a string, bytes or code object" on 4
			Block: ancvrt
In: :OH2_App_GEN_M21986:OH2_App_GEN_M21986.f:ancvrt
get_parameters: got "eval() arg 1 must be a string, bytes or code object" on 4
In: :OH2_App_GEN_M21986:OH2_App_GEN_M21986.f:ancvrt
get_parameters: got "eval() arg 1 must be a string, bytes or code object" on 4
In: :OH2_App_GEN_M21986:OH2_App_GEN_M21986.f:ancvrt
get_parameters: got "eval() arg 1 must be a string, bytes or code object" on 4
In: :OH2_App_GEN_M21986:OH2_App_GEN_M21986.f:ancvrt
get_parameters: got "eval() arg 1 must be a string, bytes or code object" on 4
In: :OH2_App_GEN_M21986:OH2_App_GEN_M21986.f:ancvrt
get_parameters: got "eval() arg 1 must be a string, bytes or code object" on 4
In: :OH2_App_GEN_M21986:OH2_App_GEN_M21986.f:ancvrt
get_parameters: got "eval() arg 1 must be a string, bytes or code object" on 4
In: :OH2_App_GEN_M21986:OH2_App_GEN_M21986.f:ancvrt
get_parameters: got "eval() arg 1 must be a string, bytes or code object" on 4
In: :OH2_App_GEN_M21986:OH2_App_GEN_M21986.f:ancvrt
get_parameters: got "eval() arg 1 must be a string, bytes or code object" on 4
In: :OH2_App_GEN_M21986:OH2_App_GEN_M21986.f:ancvrt
get_parameters: got "eval() arg 1 must be a string, bytes or code object" on 4
In: :OH2_App_GEN_M21986:OH2_App_GEN_M21986.f:ancvrt
get_parameters: got "eval() arg 1 must be a string, bytes or code object" on 4
In: :OH2_App_GEN_M21986:OH2_App_GEN_M21986.f:ancvrt
get_parameters: got "eval() arg 1 must be a string, bytes or code object" on 4
In: :OH2_App_GEN_M21986:OH2_App_GEN_M21986.f:ancvrt
get_parameters: got "eval() arg 1 must be a string, bytes or code object" on 4
In: :OH2_App_GEN_M21986:OH2_App_GEN_M21986.f:ancvrt
get_parameters: got "eval() arg 1 must be a string, bytes or code object" on 4
In: :OH2_App_GEN_M21986:OH2_App_GEN_M21986.f:ancvrt
get_parameters: got "eval() arg 1 must be a string, bytes or code object" on 4
In: :OH2_App_GEN_M21986:OH2_App_GEN_M21986.f:ancvrt
get_parameters: got "eval() arg 1 must be a string, bytes or code object" on 4
			Block: cartou
In: :OH2_App_GEN_M21986:OH2_App_GEN_M21986.f:cartou
get_parameters: got "eval() arg 1 must be a string, bytes or code object" on 4
			Block: carttor
			Block: eunitzero
In: :OH2_App_GEN_M21986:OH2_App_GEN_M21986.f:eunitzero
get_parameters: got "eval() arg 1 must be a string, bytes or code object" on 4
			Block: rtocart
In: :OH2_App_GEN_M21986:OH2_App_GEN_M21986.f:rtocart
get_parameters: got "eval() arg 1 must be a string, bytes or code object" on 4
			Block: dedcou
In: :OH2_App_GEN_M21986:OH2_App_GEN_M21986.f:dedcou
get_parameters: got "eval() arg 1 must be a string, bytes or code object" on 4
Applying post-processing hooks...
  character_backward_compatibility_hook
Post-processing (stage 2)...
Building modules...
    Building module "OH2_App_GEN_M21986"...
    Generating possibly empty wrappers"
    Maybe empty "OH2_App_GEN_M21986-f2pywrappers.f"
        Constructing wrapper function "pes"...
          p,g,d = pes(x,igrad)
    Generating possibly empty wrappers"
    Maybe empty "OH2_App_GEN_M21986-f2pywrappers.f"
        Constructing wrapper function "prepot"...
          prepot()
    Generating possibly empty wrappers"
    Maybe empty "OH2_App_GEN_M21986-f2pywrappers.f"
        Constructing wrapper function "pot"...
          pot()
    Generating possibly empty wrappers"
    Maybe empty "OH2_App_GEN_M21986-f2pywrappers.f"
        Constructing wrapper function "prepot2"...
          prepot2()
    Generating possibly empty wrappers"
    Maybe empty "OH2_App_GEN_M21986-f2pywrappers.f"
        Constructing wrapper function "pot2"...
          pot2()
    Generating possibly empty wrappers"
    Maybe empty "OH2_App_GEN_M21986-f2pywrappers.f"
		Creating wrapper for Fortran function "spline"("spline")...
        Constructing wrapper function "spline"...
          spline = spline(isw,x,y,c,d,xpt,[nn])
    Generating possibly empty wrappers"
    Maybe empty "OH2_App_GEN_M21986-f2pywrappers.f"
        Constructing wrapper function "potinfo"...
          potinfo()
    Generating possibly empty wrappers"
    Maybe empty "OH2_App_GEN_M21986-f2pywrappers.f"
        Constructing wrapper function "ancvrt"...
          ancvrt()
    Generating possibly empty wrappers"
    Maybe empty "OH2_App_GEN_M21986-f2pywrappers.f"
        Constructing wrapper function "cartou"...
          cartou()
    Generating possibly empty wrappers"
    Maybe empty "OH2_App_GEN_M21986-f2pywrappers.f"
        Constructing wrapper function "carttor"...
          carttor()
    Generating possibly empty wrappers"
    Maybe empty "OH2_App_GEN_M21986-f2pywrappers.f"
        Constructing wrapper function "eunitzero"...
          eunitzero()
    Generating possibly empty wrappers"
    Maybe empty "OH2_App_GEN_M21986-f2pywrappers.f"
        Constructing wrapper function "rtocart"...
          rtocart()
    Generating possibly empty wrappers"
    Maybe empty "OH2_App_GEN_M21986-f2pywrappers.f"
        Constructing wrapper function "dedcou"...
          dedcou()
		Constructing COMMON block support for "usrocm"...
		  pengygs,pengyes,pengyij,dgscart,descart,dijcart
		Constructing COMMON block support for "usricm"...
		  cart,anuzero,nulbl,nflag,nasurf,nder
		Constructing COMMON block support for "pt3cm"...
		  ezero
		Constructing COMMON block support for "infocm"...
		  cartnu,indexes,irctnt,natoms,icartr,mder,msurf,ref
		Constructing COMMON block support for "asycm"...
		  easyab,easybc,easyac
		Constructing COMMON block support for "ambpcm"...
		  d,beta,req,a,gamp,rbb,rhh,de
		Constructing COMMON block support for "precm"...
		  dbcoor
		Constructing COMMON block support for "pt1cm"...
		  r,engygs,degsdr
		Constructing COMMON block support for "pt4cm"...
		  engyes,deesdr
		Constructing COMMON block support for "pt5cm"...
		  engyij,deijdr
		Constructing COMMON block support for "pre2cm"...
		  d1inf,r1inf,b1inf,d2inf,r2inf,b2inf,a1inf,a2inf,r1s,r2s,vsp,alph1,alph2,phi,bsp,csp,d1dif,r1dif,b1dif,a1dif,d2dif,r2dif,b2dif,a2dif,dasy,iayes,nphi
		Constructing COMMON block support for "utilcm"...
		  dgscartnu,descartnu,dijcartnu,cnvrtd,cnvrte,cnvrtde,ireorder,ksdiag,kediag,ksoffd,keoffd
    Wrote C/API module "OH2_App_GEN_M21986" to file "/tmp/tmp5z2dinsx/src.linux-x86_64-3.11/OH2_App_GEN_M21986module.c"
    Fortran 77 wrappers are saved to "/tmp/tmp5z2dinsx/src.linux-x86_64-3.11/OH2_App_GEN_M21986-f2pywrappers.f"
INFO:   adding '/tmp/tmp5z2dinsx/src.linux-x86_64-3.11/fortranobject.c' to sources.
INFO:   adding '/tmp/tmp5z2dinsx/src.linux-x86_64-3.11' to include_dirs.
copying /home/truhlard/shuxx055/anaconda3/lib/python3.11/site-packages/numpy/f2py/src/fortranobject.c -> /tmp/tmp5z2dinsx/src.linux-x86_64-3.11
copying /home/truhlard/shuxx055/anaconda3/lib/python3.11/site-packages/numpy/f2py/src/fortranobject.h -> /tmp/tmp5z2dinsx/src.linux-x86_64-3.11
INFO:   adding '/tmp/tmp5z2dinsx/src.linux-x86_64-3.11/OH2_App_GEN_M21986-f2pywrappers.f' to sources.
INFO: build_src: building npy-pkg config files
/home/truhlard/shuxx055/anaconda3/lib/python3.11/site-packages/setuptools/_distutils/cmd.py:66: SetuptoolsDeprecationWarning: setup.py install is deprecated.
!!

        ********************************************************************************
        Please avoid running ``setup.py`` directly.
        Instead, use pypa/build, pypa/installer, pypa/build or
        other standards-based tools.

        See https://blog.ganssle.io/articles/2021/10/setup-py-deprecated.html for details.
        ********************************************************************************

!!
  self.initialize_options()
running build_ext
INFO: customize UnixCCompiler
INFO: customize UnixCCompiler using build_ext
INFO: get_default_fcompiler: matching types: '['arm', 'gnu95', 'intel', 'lahey', 'pg', 'nv', 'absoft', 'nag', 'vast', 'compaq', 'intele', 'intelem', 'gnu', 'g95', 'pathf95', 'nagfor', 'fujitsu']'
INFO: customize ArmFlangCompiler
WARN: Could not locate executable armflang
INFO: customize Gnu95FCompiler
INFO: Found executable /home/truhlard/shuxx055/anaconda3/bin/gfortran
INFO: customize Gnu95FCompiler
INFO: customize Gnu95FCompiler using build_ext
INFO: building 'OH2_App_GEN_M21986' extension
INFO: compiling C sources
INFO: C compiler: gcc -pthread -B /home/truhlard/shuxx055/anaconda3/compiler_compat -DNDEBUG -fwrapv -O2 -Wall -fPIC -O2 -isystem /home/truhlard/shuxx055/anaconda3/include -fPIC -O2 -isystem /home/truhlard/shuxx055/anaconda3/include -fPIC

creating /tmp/tmp5z2dinsx/tmp
creating /tmp/tmp5z2dinsx/tmp/tmp5z2dinsx
creating /tmp/tmp5z2dinsx/tmp/tmp5z2dinsx/src.linux-x86_64-3.11
INFO: compile options: '-DNPY_DISABLE_OPTIMIZATION=1 -I/tmp/tmp5z2dinsx/src.linux-x86_64-3.11 -I/home/truhlard/shuxx055/anaconda3/lib/python3.11/site-packages/numpy/core/include -I/home/truhlard/shuxx055/anaconda3/include/python3.11 -c'
INFO: gcc: /tmp/tmp5z2dinsx/src.linux-x86_64-3.11/OH2_App_GEN_M21986module.c
INFO: gcc: /tmp/tmp5z2dinsx/src.linux-x86_64-3.11/fortranobject.c
INFO: compiling Fortran sources
INFO: Fortran f77 compiler: /home/truhlard/shuxx055/anaconda3/bin/gfortran -fallow-argument-mismatch -std=legacy -fPIC -O3 -funroll-loops
Fortran f90 compiler: /home/truhlard/shuxx055/anaconda3/bin/gfortran -Wall -g -fno-second-underscore -fPIC -O3 -funroll-loops
Fortran fix compiler: /home/truhlard/shuxx055/anaconda3/bin/gfortran -Wall -g -ffixed-form -fno-second-underscore -Wall -g -fno-second-underscore -fPIC -O3 -funroll-loops
INFO: compile options: '-I/tmp/tmp5z2dinsx/src.linux-x86_64-3.11 -I/home/truhlard/shuxx055/anaconda3/lib/python3.11/site-packages/numpy/core/include -I/home/truhlard/shuxx055/anaconda3/include/python3.11 -c'
INFO: gfortran:f77: /tmp/tmp5z2dinsx/src.linux-x86_64-3.11/OH2_App_GEN_M21986-f2pywrappers.f
INFO: gfortran:f77: OH2_App_GEN_M21986.f
OH2_App_GEN_M21986.f:777:51:

  777 |          DIS = SPLINE(3,NPHI,PHI,BSP(1,1),CSP(1,1),SCRAP,ANGLE)
      |                                                   1
Warning: Rank mismatch in argument 'd' at (1) (rank-1 and scalar)
OH2_App_GEN_M21986.f:778:52:

  778 |          DDIS = SPLINE(4,NPHI,PHI,BSP(1,1),CSP(1,1),SCRAP,ANGLE)
      |                                                    1
Warning: Rank mismatch in argument 'd' at (1) (rank-1 and scalar)
OH2_App_GEN_M21986.f:779:52:

  779 |          REQ2 = SPLINE(3,NPHI,PHI,BSP(1,2),CSP(1,2),SCRAP,ANGLE)
      |                                                    1
Warning: Rank mismatch in argument 'd' at (1) (rank-1 and scalar)
OH2_App_GEN_M21986.f:780:52:

  780 |          DREQ = SPLINE(4,NPHI,PHI,BSP(1,2),CSP(1,2),SCRAP,ANGLE)
      |                                                    1
Warning: Rank mismatch in argument 'd' at (1) (rank-1 and scalar)
OH2_App_GEN_M21986.f:781:52:

  781 |          BET =  SPLINE(3,NPHI,PHI,BSP(1,3),CSP(1,3),SCRAP,ANGLE)
      |                                                    1
Warning: Rank mismatch in argument 'd' at (1) (rank-1 and scalar)
OH2_App_GEN_M21986.f:782:52:

  782 |          DBET = SPLINE(4,NPHI,PHI,BSP(1,3),CSP(1,3),SCRAP,ANGLE)
      |                                                    1
Warning: Rank mismatch in argument 'd' at (1) (rank-1 and scalar)
INFO: /home/truhlard/shuxx055/anaconda3/bin/gfortran -Wall -g -Wall -g -shared /tmp/tmp5z2dinsx/tmp/tmp5z2dinsx/src.linux-x86_64-3.11/OH2_App_GEN_M21986module.o /tmp/tmp5z2dinsx/tmp/tmp5z2dinsx/src.linux-x86_64-3.11/fortranobject.o /tmp/tmp5z2dinsx/OH2_App_GEN_M21986.o /tmp/tmp5z2dinsx/tmp/tmp5z2dinsx/src.linux-x86_64-3.11/OH2_App_GEN_M21986-f2pywrappers.o -L/panfs/jay/groups/16/truhlard/shuxx055/anaconda3/bin/../lib/gcc/x86_64-conda-linux-gnu/13.1.0/../../../../x86_64-conda-linux-gnu/lib/../lib -L/panfs/jay/groups/16/truhlard/shuxx055/anaconda3/bin/../lib/gcc/x86_64-conda-linux-gnu/13.1.0/../../../../x86_64-conda-linux-gnu/lib/../lib -lmkl_intel_lp64 -lmkl_sequential -lmkl_core -lgfortran -o ./OH2_App_GEN_M21986.cpython-311-x86_64-linux-gnu.so
Removing build directory /tmp/tmp5z2dinsx
