running build
running config_cc
INFO: unifing config_cc, config, build_clib, build_ext, build commands --compiler options
running config_fc
INFO: unifing config_fc, config, build_clib, build_ext, build commands --fcompiler options
running build_src
INFO: build_src
INFO: building extension "ClH2_LEPS_LB_1980" sources
INFO: f2py options: []
INFO: f2py:> /tmp/tmptzp2kdnp/src.linux-x86_64-3.11/ClH2_LEPS_LB_1980module.c
creating /tmp/tmptzp2kdnp/src.linux-x86_64-3.11
analyzeline: Failed to evaluate '4.0d0*pi*1.0d-07'. Ignoring: invalid decimal literal (<string>, line 1)
analyzeline: Failed to evaluate '1.0d0/(cmu_0*clight**2)'. Ignoring: invalid decimal literal (<string>, line 1)
Reading fortran codes...
	Reading file 'ClH2_LEPS_LB_1980.f' (format:fix,strict)
Line #15 in ClH2_LEPS_LB_1980.f:"      PARAMETER (JSURF=INT(ISURF*(ISURF+1)/2))"
	determineexprtype: could not determine expressions ('int') type.
Line #15 in ClH2_LEPS_LB_1980.f:"      PARAMETER (JSURF=INT(ISURF*(ISURF+1)/2))"
	determineexprtype: could not determine expressions ('int(isurf*(isurf+1)/2)') type.
Line #137 in ClH2_LEPS_LB_1980.f:"      PARAMETER (PI = 3.141592653589793D0)                              "
	get_parameters: got "eval() arg 1 must be a string, bytes or code object" on 4
Line #139 in ClH2_LEPS_LB_1980.f:"      PARAMETER (NATOM = 25)                                            "
	get_parameters: got "eval() arg 1 must be a string, bytes or code object" on 4
Line #139 in ClH2_LEPS_LB_1980.f:"      PARAMETER (NATOM = 25)                                            "
	get_parameters: got "eval() arg 1 must be a string, bytes or code object" on 4
Line #264 in ClH2_LEPS_LB_1980.f:"      PARAMETER (PI = 3.141592653589793D0)                              "
	get_parameters: got "eval() arg 1 must be a string, bytes or code object" on 4
Line #266 in ClH2_LEPS_LB_1980.f:"      PARAMETER (NATOM = 25)                                            "
	get_parameters: got "eval() arg 1 must be a string, bytes or code object" on 4
Line #266 in ClH2_LEPS_LB_1980.f:"      PARAMETER (NATOM = 25)                                            "
	get_parameters: got "eval() arg 1 must be a string, bytes or code object" on 4
Line #558 in ClH2_LEPS_LB_1980.f:"      PARAMETER (PI = 3.141592653589793D0)                              "
	get_parameters: got "eval() arg 1 must be a string, bytes or code object" on 4
Line #560 in ClH2_LEPS_LB_1980.f:"      PARAMETER (NATOM = 25)                                            "
	get_parameters: got "eval() arg 1 must be a string, bytes or code object" on 4
Line #560 in ClH2_LEPS_LB_1980.f:"      PARAMETER (NATOM = 25)                                            "
	get_parameters: got "eval() arg 1 must be a string, bytes or code object" on 4
Line #610 in ClH2_LEPS_LB_1980.f:"      PARAMETER (PI = 3.141592653589793D0)                              "
	get_parameters: got "eval() arg 1 must be a string, bytes or code object" on 4
Line #612 in ClH2_LEPS_LB_1980.f:"      PARAMETER (NATOM = 25)                                            "
	get_parameters: got "eval() arg 1 must be a string, bytes or code object" on 4
Line #612 in ClH2_LEPS_LB_1980.f:"      PARAMETER (NATOM = 25)                                            "
	get_parameters: got "eval() arg 1 must be a string, bytes or code object" on 4
Line #660 in ClH2_LEPS_LB_1980.f:"      PARAMETER (PI = 3.141592653589793D0)                              "
	get_parameters: got "eval() arg 1 must be a string, bytes or code object" on 4
Line #662 in ClH2_LEPS_LB_1980.f:"      PARAMETER (NATOM = 25)                                            "
	get_parameters: got "eval() arg 1 must be a string, bytes or code object" on 4
Line #662 in ClH2_LEPS_LB_1980.f:"      PARAMETER (NATOM = 25)                                            "
	get_parameters: got "eval() arg 1 must be a string, bytes or code object" on 4
Line #771 in ClH2_LEPS_LB_1980.f:"      PARAMETER (PI = 3.141592653589793D0)                              "
	get_parameters: got "eval() arg 1 must be a string, bytes or code object" on 4
Line #773 in ClH2_LEPS_LB_1980.f:"      PARAMETER (NATOM = 25)                                            "
	get_parameters: got "eval() arg 1 must be a string, bytes or code object" on 4
Line #773 in ClH2_LEPS_LB_1980.f:"      PARAMETER (NATOM = 25)                                            "
	get_parameters: got "eval() arg 1 must be a string, bytes or code object" on 4
Line #923 in ClH2_LEPS_LB_1980.f:"      PARAMETER (PI = 3.141592653589793D0)                              "
	get_parameters: got "eval() arg 1 must be a string, bytes or code object" on 4
Line #925 in ClH2_LEPS_LB_1980.f:"      PARAMETER (NATOM = 25)                                            "
	get_parameters: got "eval() arg 1 must be a string, bytes or code object" on 4
Line #925 in ClH2_LEPS_LB_1980.f:"      PARAMETER (NATOM = 25)                                            "
	get_parameters: got "eval() arg 1 must be a string, bytes or code object" on 4
Line #1107 in ClH2_LEPS_LB_1980.f:"      PARAMETER (PI = 3.141592653589793D0)                              "
	get_parameters: got "eval() arg 1 must be a string, bytes or code object" on 4
Line #1109 in ClH2_LEPS_LB_1980.f:"      PARAMETER (NATOM = 25)                                            "
	get_parameters: got "eval() arg 1 must be a string, bytes or code object" on 4
Line #1109 in ClH2_LEPS_LB_1980.f:"      PARAMETER (NATOM = 25)                                            "
	get_parameters: got "eval() arg 1 must be a string, bytes or code object" on 4
Line #1326 in ClH2_LEPS_LB_1980.f:"      PARAMETER (PI = 3.141592653589793D0)                              "
	get_parameters: got "eval() arg 1 must be a string, bytes or code object" on 4
Line #1328 in ClH2_LEPS_LB_1980.f:"      PARAMETER (NATOM = 25)                                            "
	get_parameters: got "eval() arg 1 must be a string, bytes or code object" on 4
Line #1328 in ClH2_LEPS_LB_1980.f:"      PARAMETER (NATOM = 25)                                            "
	get_parameters: got "eval() arg 1 must be a string, bytes or code object" on 4
Line #1439 in ClH2_LEPS_LB_1980.f:"      PARAMETER (PI = 3.141592653589793D0)"
	get_parameters: got "eval() arg 1 must be a string, bytes or code object" on 4
Line #1609 in ClH2_LEPS_LB_1980.f:"      PARAMETER(        PI = 3.141592653589793D0)"
	get_parameters: got "eval() arg 1 must be a string, bytes or code object" on 4
Line #1610 in ClH2_LEPS_LB_1980.f:"      PARAMETER(    CLIGHT = 2.99792458D08)"
	get_parameters: got "eval() arg 1 must be a string, bytes or code object" on 4
Line #1610 in ClH2_LEPS_LB_1980.f:"      PARAMETER(    CLIGHT = 2.99792458D08)"
	get_parameters: got "eval() arg 1 must be a string, bytes or code object" on 4
Line #1611 in ClH2_LEPS_LB_1980.f:"      PARAMETER(     CMU_0 = 4.0D0*PI*1.0D-07)"
	get_parameters: got "eval() arg 1 must be a string, bytes or code object" on 4
Line #1611 in ClH2_LEPS_LB_1980.f:"      PARAMETER(     CMU_0 = 4.0D0*PI*1.0D-07)"
	get_parameters: got "eval() arg 1 must be a string, bytes or code object" on 4
Line #1611 in ClH2_LEPS_LB_1980.f:"      PARAMETER(     CMU_0 = 4.0D0*PI*1.0D-07)"
	get_parameters: got "eval() arg 1 must be a string, bytes or code object" on 4
Line #1612 in ClH2_LEPS_LB_1980.f:"      PARAMETER(CEPSILON_0 = 1.0D0/(CMU_0*CLIGHT**2))"
	get_parameters: got "eval() arg 1 must be a string, bytes or code object" on 4
Line #1612 in ClH2_LEPS_LB_1980.f:"      PARAMETER(CEPSILON_0 = 1.0D0/(CMU_0*CLIGHT**2))"
	get_parameters: got "eval() arg 1 must be a string, bytes or code object" on 4
Line #1612 in ClH2_LEPS_LB_1980.f:"      PARAMETER(CEPSILON_0 = 1.0D0/(CMU_0*CLIGHT**2))"
	get_parameters: got "eval() arg 1 must be a string, bytes or code object" on 4
Line #1612 in ClH2_LEPS_LB_1980.f:"      PARAMETER(CEPSILON_0 = 1.0D0/(CMU_0*CLIGHT**2))"
	determineexprtype: could not determine expressions ('1.0d0/(cmu_0*clight**2)') type.
Line #1613 in ClH2_LEPS_LB_1980.f:"      PARAMETER(        CE = 1.602176462D-19)"
	get_parameters: got "eval() arg 1 must be a string, bytes or code object" on 4
Line #1613 in ClH2_LEPS_LB_1980.f:"      PARAMETER(        CE = 1.602176462D-19)"
	get_parameters: got "eval() arg 1 must be a string, bytes or code object" on 4
Line #1613 in ClH2_LEPS_LB_1980.f:"      PARAMETER(        CE = 1.602176462D-19)"
	get_parameters: got "eval() arg 1 must be a string, bytes or code object" on 4
Line #1614 in ClH2_LEPS_LB_1980.f:"      PARAMETER(   CPLANCK = 6.62606876D-34)"
	get_parameters: got "eval() arg 1 must be a string, bytes or code object" on 4
Line #1614 in ClH2_LEPS_LB_1980.f:"      PARAMETER(   CPLANCK = 6.62606876D-34)"
	get_parameters: got "eval() arg 1 must be a string, bytes or code object" on 4
Line #1614 in ClH2_LEPS_LB_1980.f:"      PARAMETER(   CPLANCK = 6.62606876D-34)"
	get_parameters: got "eval() arg 1 must be a string, bytes or code object" on 4
Line #1614 in ClH2_LEPS_LB_1980.f:"      PARAMETER(   CPLANCK = 6.62606876D-34)"
	get_parameters: got "eval() arg 1 must be a string, bytes or code object" on 4
Line #1615 in ClH2_LEPS_LB_1980.f:"      PARAMETER(      CM_E = 9.10938188D-31)"
	get_parameters: got "eval() arg 1 must be a string, bytes or code object" on 4
Line #1615 in ClH2_LEPS_LB_1980.f:"      PARAMETER(      CM_E = 9.10938188D-31)"
	get_parameters: got "eval() arg 1 must be a string, bytes or code object" on 4
Line #1615 in ClH2_LEPS_LB_1980.f:"      PARAMETER(      CM_E = 9.10938188D-31)"
	get_parameters: got "eval() arg 1 must be a string, bytes or code object" on 4
Line #1615 in ClH2_LEPS_LB_1980.f:"      PARAMETER(      CM_E = 9.10938188D-31)"
	get_parameters: got "eval() arg 1 must be a string, bytes or code object" on 4
Line #1615 in ClH2_LEPS_LB_1980.f:"      PARAMETER(      CM_E = 9.10938188D-31)"
	get_parameters: got "eval() arg 1 must be a string, bytes or code object" on 4
Line #1616 in ClH2_LEPS_LB_1980.f:"      PARAMETER(      CANG = 1.0D-10)"
	get_parameters: got "eval() arg 1 must be a string, bytes or code object" on 4
Line #1616 in ClH2_LEPS_LB_1980.f:"      PARAMETER(      CANG = 1.0D-10)"
	get_parameters: got "eval() arg 1 must be a string, bytes or code object" on 4
Line #1616 in ClH2_LEPS_LB_1980.f:"      PARAMETER(      CANG = 1.0D-10)"
	get_parameters: got "eval() arg 1 must be a string, bytes or code object" on 4
Line #1616 in ClH2_LEPS_LB_1980.f:"      PARAMETER(      CANG = 1.0D-10)"
	get_parameters: got "eval() arg 1 must be a string, bytes or code object" on 4
Line #1616 in ClH2_LEPS_LB_1980.f:"      PARAMETER(      CANG = 1.0D-10)"
	get_parameters: got "eval() arg 1 must be a string, bytes or code object" on 4
Line #1616 in ClH2_LEPS_LB_1980.f:"      PARAMETER(      CANG = 1.0D-10)"
	get_parameters: got "eval() arg 1 must be a string, bytes or code object" on 4
Line #1617 in ClH2_LEPS_LB_1980.f:"      PARAMETER( CAVOGADRO = 6.02214199D23)"
	get_parameters: got "eval() arg 1 must be a string, bytes or code object" on 4
Line #1617 in ClH2_LEPS_LB_1980.f:"      PARAMETER( CAVOGADRO = 6.02214199D23)"
	get_parameters: got "eval() arg 1 must be a string, bytes or code object" on 4
Line #1617 in ClH2_LEPS_LB_1980.f:"      PARAMETER( CAVOGADRO = 6.02214199D23)"
	get_parameters: got "eval() arg 1 must be a string, bytes or code object" on 4
Line #1617 in ClH2_LEPS_LB_1980.f:"      PARAMETER( CAVOGADRO = 6.02214199D23)"
	get_parameters: got "eval() arg 1 must be a string, bytes or code object" on 4
Line #1617 in ClH2_LEPS_LB_1980.f:"      PARAMETER( CAVOGADRO = 6.02214199D23)"
	get_parameters: got "eval() arg 1 must be a string, bytes or code object" on 4
Line #1617 in ClH2_LEPS_LB_1980.f:"      PARAMETER( CAVOGADRO = 6.02214199D23)"
	get_parameters: got "eval() arg 1 must be a string, bytes or code object" on 4
Line #1617 in ClH2_LEPS_LB_1980.f:"      PARAMETER( CAVOGADRO = 6.02214199D23)"
	get_parameters: got "eval() arg 1 must be a string, bytes or code object" on 4
Line #1618 in ClH2_LEPS_LB_1980.f:"      PARAMETER(     CKCAL = 4.184D10)"
	get_parameters: got "eval() arg 1 must be a string, bytes or code object" on 4
Line #1618 in ClH2_LEPS_LB_1980.f:"      PARAMETER(     CKCAL = 4.184D10)"
	get_parameters: got "eval() arg 1 must be a string, bytes or code object" on 4
Line #1618 in ClH2_LEPS_LB_1980.f:"      PARAMETER(     CKCAL = 4.184D10)"
	get_parameters: got "eval() arg 1 must be a string, bytes or code object" on 4
Line #1618 in ClH2_LEPS_LB_1980.f:"      PARAMETER(     CKCAL = 4.184D10)"
	get_parameters: got "eval() arg 1 must be a string, bytes or code object" on 4
Line #1618 in ClH2_LEPS_LB_1980.f:"      PARAMETER(     CKCAL = 4.184D10)"
	get_parameters: got "eval() arg 1 must be a string, bytes or code object" on 4
Line #1618 in ClH2_LEPS_LB_1980.f:"      PARAMETER(     CKCAL = 4.184D10)"
	get_parameters: got "eval() arg 1 must be a string, bytes or code object" on 4
Line #1618 in ClH2_LEPS_LB_1980.f:"      PARAMETER(     CKCAL = 4.184D10)"
	get_parameters: got "eval() arg 1 must be a string, bytes or code object" on 4
Line #1618 in ClH2_LEPS_LB_1980.f:"      PARAMETER(     CKCAL = 4.184D10)"
	get_parameters: got "eval() arg 1 must be a string, bytes or code object" on 4
Line #1619 in ClH2_LEPS_LB_1980.f:"      PARAMETER(  HTOMILLH = 1000.D0)"
	get_parameters: got "eval() arg 1 must be a string, bytes or code object" on 4
Line #1619 in ClH2_LEPS_LB_1980.f:"      PARAMETER(  HTOMILLH = 1000.D0)"
	get_parameters: got "eval() arg 1 must be a string, bytes or code object" on 4
Line #1619 in ClH2_LEPS_LB_1980.f:"      PARAMETER(  HTOMILLH = 1000.D0)"
	get_parameters: got "eval() arg 1 must be a string, bytes or code object" on 4
Line #1619 in ClH2_LEPS_LB_1980.f:"      PARAMETER(  HTOMILLH = 1000.D0)"
	get_parameters: got "eval() arg 1 must be a string, bytes or code object" on 4
Line #1619 in ClH2_LEPS_LB_1980.f:"      PARAMETER(  HTOMILLH = 1000.D0)"
	get_parameters: got "eval() arg 1 must be a string, bytes or code object" on 4
Line #1619 in ClH2_LEPS_LB_1980.f:"      PARAMETER(  HTOMILLH = 1000.D0)"
	get_parameters: got "eval() arg 1 must be a string, bytes or code object" on 4
Line #1619 in ClH2_LEPS_LB_1980.f:"      PARAMETER(  HTOMILLH = 1000.D0)"
	get_parameters: got "eval() arg 1 must be a string, bytes or code object" on 4
Line #1619 in ClH2_LEPS_LB_1980.f:"      PARAMETER(  HTOMILLH = 1000.D0)"
	get_parameters: got "eval() arg 1 must be a string, bytes or code object" on 4
Line #1619 in ClH2_LEPS_LB_1980.f:"      PARAMETER(  HTOMILLH = 1000.D0)"
	get_parameters: got "eval() arg 1 must be a string, bytes or code object" on 4
Line #1620 in ClH2_LEPS_LB_1980.f:"      PARAMETER(     HTOEV = 27.2113834D0)"
	get_parameters: got "eval() arg 1 must be a string, bytes or code object" on 4
Line #1620 in ClH2_LEPS_LB_1980.f:"      PARAMETER(     HTOEV = 27.2113834D0)"
	get_parameters: got "eval() arg 1 must be a string, bytes or code object" on 4
Line #1620 in ClH2_LEPS_LB_1980.f:"      PARAMETER(     HTOEV = 27.2113834D0)"
	get_parameters: got "eval() arg 1 must be a string, bytes or code object" on 4
Line #1620 in ClH2_LEPS_LB_1980.f:"      PARAMETER(     HTOEV = 27.2113834D0)"
	get_parameters: got "eval() arg 1 must be a string, bytes or code object" on 4
Line #1620 in ClH2_LEPS_LB_1980.f:"      PARAMETER(     HTOEV = 27.2113834D0)"
	get_parameters: got "eval() arg 1 must be a string, bytes or code object" on 4
Line #1620 in ClH2_LEPS_LB_1980.f:"      PARAMETER(     HTOEV = 27.2113834D0)"
	get_parameters: got "eval() arg 1 must be a string, bytes or code object" on 4
Line #1620 in ClH2_LEPS_LB_1980.f:"      PARAMETER(     HTOEV = 27.2113834D0)"
	get_parameters: got "eval() arg 1 must be a string, bytes or code object" on 4
Line #1620 in ClH2_LEPS_LB_1980.f:"      PARAMETER(     HTOEV = 27.2113834D0)"
	get_parameters: got "eval() arg 1 must be a string, bytes or code object" on 4
Line #1620 in ClH2_LEPS_LB_1980.f:"      PARAMETER(     HTOEV = 27.2113834D0)"
	get_parameters: got "eval() arg 1 must be a string, bytes or code object" on 4
Line #1620 in ClH2_LEPS_LB_1980.f:"      PARAMETER(     HTOEV = 27.2113834D0)"
	get_parameters: got "eval() arg 1 must be a string, bytes or code object" on 4
Line #1621 in ClH2_LEPS_LB_1980.f:"      PARAMETER(   HTOKCAL = 627.509470D0)"
	get_parameters: got "eval() arg 1 must be a string, bytes or code object" on 4
Line #1621 in ClH2_LEPS_LB_1980.f:"      PARAMETER(   HTOKCAL = 627.509470D0)"
	get_parameters: got "eval() arg 1 must be a string, bytes or code object" on 4
Line #1621 in ClH2_LEPS_LB_1980.f:"      PARAMETER(   HTOKCAL = 627.509470D0)"
	get_parameters: got "eval() arg 1 must be a string, bytes or code object" on 4
Line #1621 in ClH2_LEPS_LB_1980.f:"      PARAMETER(   HTOKCAL = 627.509470D0)"
	get_parameters: got "eval() arg 1 must be a string, bytes or code object" on 4
Line #1621 in ClH2_LEPS_LB_1980.f:"      PARAMETER(   HTOKCAL = 627.509470D0)"
	get_parameters: got "eval() arg 1 must be a string, bytes or code object" on 4
Line #1621 in ClH2_LEPS_LB_1980.f:"      PARAMETER(   HTOKCAL = 627.509470D0)"
	getstrlength: expected a signature of a string but got: {'typespec': 'character', 'charselector': {'*': '75'}, 'attrspec': [], 'dimension': ['5']}
get_parameters: got "eval() arg 1 must be a string, bytes or code object" on 4
Line #1621 in ClH2_LEPS_LB_1980.f:"      PARAMETER(   HTOKCAL = 627.509470D0)"
	get_parameters: got "eval() arg 1 must be a string, bytes or code object" on 4
Line #1621 in ClH2_LEPS_LB_1980.f:"      PARAMETER(   HTOKCAL = 627.509470D0)"
	get_parameters: got "eval() arg 1 must be a string, bytes or code object" on 4
Line #1621 in ClH2_LEPS_LB_1980.f:"      PARAMETER(   HTOKCAL = 627.509470D0)"
	get_parameters: got "eval() arg 1 must be a string, bytes or code object" on 4
Line #1621 in ClH2_LEPS_LB_1980.f:"      PARAMETER(   HTOKCAL = 627.509470D0)"
	get_parameters: got "eval() arg 1 must be a string, bytes or code object" on 4
Line #1621 in ClH2_LEPS_LB_1980.f:"      PARAMETER(   HTOKCAL = 627.509470D0)"
	get_parameters: got "eval() arg 1 must be a string, bytes or code object" on 4
Line #1622 in ClH2_LEPS_LB_1980.f:"      PARAMETER(   HTOWAVE = 219474.631D0)"
	get_parameters: got "eval() arg 1 must be a string, bytes or code object" on 4
Line #1622 in ClH2_LEPS_LB_1980.f:"      PARAMETER(   HTOWAVE = 219474.631D0)"
	get_parameters: got "eval() arg 1 must be a string, bytes or code object" on 4
Line #1622 in ClH2_LEPS_LB_1980.f:"      PARAMETER(   HTOWAVE = 219474.631D0)"
	get_parameters: got "eval() arg 1 must be a string, bytes or code object" on 4
Line #1622 in ClH2_LEPS_LB_1980.f:"      PARAMETER(   HTOWAVE = 219474.631D0)"
	get_parameters: got "eval() arg 1 must be a string, bytes or code object" on 4
Line #1622 in ClH2_LEPS_LB_1980.f:"      PARAMETER(   HTOWAVE = 219474.631D0)"
	get_parameters: got "eval() arg 1 must be a string, bytes or code object" on 4
Line #1622 in ClH2_LEPS_LB_1980.f:"      PARAMETER(   HTOWAVE = 219474.631D0)"
	get_parameters: got "eval() arg 1 must be a string, bytes or code object" on 4
Line #1622 in ClH2_LEPS_LB_1980.f:"      PARAMETER(   HTOWAVE = 219474.631D0)"
	get_parameters: got "eval() arg 1 must be a string, bytes or code object" on 4
Line #1622 in ClH2_LEPS_LB_1980.f:"      PARAMETER(   HTOWAVE = 219474.631D0)"
	get_parameters: got "eval() arg 1 must be a string, bytes or code object" on 4
Line #1622 in ClH2_LEPS_LB_1980.f:"      PARAMETER(   HTOWAVE = 219474.631D0)"
	get_parameters: got "eval() arg 1 must be a string, bytes or code object" on 4
Line #1622 in ClH2_LEPS_LB_1980.f:"      PARAMETER(   HTOWAVE = 219474.631D0)"
	get_parameters: got "eval() arg 1 must be a string, bytes or code object" on 4
Line #1622 in ClH2_LEPS_LB_1980.f:"      PARAMETER(   HTOWAVE = 219474.631D0)"
	get_parameters: got "eval() arg 1 must be a string, bytes or code object" on 4
Line #1622 in ClH2_LEPS_LB_1980.f:"      PARAMETER(   HTOWAVE = 219474.631D0)"
	get_parameters: got "eval() arg 1 must be a string, bytes or code object" on 4
Line #1623 in ClH2_LEPS_LB_1980.f:"      PARAMETER(     HTOKJ = 2625.49962D0)"
	get_parameters: got "eval() arg 1 must be a string, bytes or code object" on 4
Line #1623 in ClH2_LEPS_LB_1980.f:"      PARAMETER(     HTOKJ = 2625.49962D0)"
	get_parameters: got "eval() arg 1 must be a string, bytes or code object" on 4
Line #1623 in ClH2_LEPS_LB_1980.f:"      PARAMETER(     HTOKJ = 2625.49962D0)"
	get_parameters: got "eval() arg 1 must be a string, bytes or code object" on 4
Line #1623 in ClH2_LEPS_LB_1980.f:"      PARAMETER(     HTOKJ = 2625.49962D0)"
	get_parameters: got "eval() arg 1 must be a string, bytes or code object" on 4
Line #1623 in ClH2_LEPS_LB_1980.f:"      PARAMETER(     HTOKJ = 2625.49962D0)"
	get_parameters: got "eval() arg 1 must be a string, bytes or code object" on 4
Line #1623 in ClH2_LEPS_LB_1980.f:"      PARAMETER(     HTOKJ = 2625.49962D0)"
	get_parameters: got "eval() arg 1 must be a string, bytes or code object" on 4
Line #1623 in ClH2_LEPS_LB_1980.f:"      PARAMETER(     HTOKJ = 2625.49962D0)"
	get_parameters: got "eval() arg 1 must be a string, bytes or code object" on 4
Line #1623 in ClH2_LEPS_LB_1980.f:"      PARAMETER(     HTOKJ = 2625.49962D0)"
	get_parameters: got "eval() arg 1 must be a string, bytes or code object" on 4
Line #1623 in ClH2_LEPS_LB_1980.f:"      PARAMETER(     HTOKJ = 2625.49962D0)"
	get_parameters: got "eval() arg 1 must be a string, bytes or code object" on 4
Line #1623 in ClH2_LEPS_LB_1980.f:"      PARAMETER(     HTOKJ = 2625.49962D0)"
	get_parameters: got "eval() arg 1 must be a string, bytes or code object" on 4
Line #1623 in ClH2_LEPS_LB_1980.f:"      PARAMETER(     HTOKJ = 2625.49962D0)"
	get_parameters: got "eval() arg 1 must be a string, bytes or code object" on 4
Line #1623 in ClH2_LEPS_LB_1980.f:"      PARAMETER(     HTOKJ = 2625.49962D0)"
	get_parameters: got "eval() arg 1 must be a string, bytes or code object" on 4
Line #1623 in ClH2_LEPS_LB_1980.f:"      PARAMETER(     HTOKJ = 2625.49962D0)"
	get_parameters: got "eval() arg 1 must be a string, bytes or code object" on 4
Line #1624 in ClH2_LEPS_LB_1980.f:"      PARAMETER(    BOHR_A = .5291772083D0)"
	get_parameters: got "eval() arg 1 must be a string, bytes or code object" on 4
Line #1624 in ClH2_LEPS_LB_1980.f:"      PARAMETER(    BOHR_A = .5291772083D0)"
	get_parameters: got "eval() arg 1 must be a string, bytes or code object" on 4
Line #1624 in ClH2_LEPS_LB_1980.f:"      PARAMETER(    BOHR_A = .5291772083D0)"
	get_parameters: got "eval() arg 1 must be a string, bytes or code object" on 4
Line #1624 in ClH2_LEPS_LB_1980.f:"      PARAMETER(    BOHR_A = .5291772083D0)"
	get_parameters: got "eval() arg 1 must be a string, bytes or code object" on 4
Line #1624 in ClH2_LEPS_LB_1980.f:"      PARAMETER(    BOHR_A = .5291772083D0)"
	get_parameters: got "eval() arg 1 must be a string, bytes or code object" on 4
Line #1624 in ClH2_LEPS_LB_1980.f:"      PARAMETER(    BOHR_A = .5291772083D0)"
	get_parameters: got "eval() arg 1 must be a string, bytes or code object" on 4
Line #1624 in ClH2_LEPS_LB_1980.f:"      PARAMETER(    BOHR_A = .5291772083D0)"
	get_parameters: got "eval() arg 1 must be a string, bytes or code object" on 4
Line #1624 in ClH2_LEPS_LB_1980.f:"      PARAMETER(    BOHR_A = .5291772083D0)"
	get_parameters: got "eval() arg 1 must be a string, bytes or code object" on 4
Line #1624 in ClH2_LEPS_LB_1980.f:"      PARAMETER(    BOHR_A = .5291772083D0)"
	get_parameters: got "eval() arg 1 must be a string, bytes or code object" on 4
Line #1624 in ClH2_LEPS_LB_1980.f:"      PARAMETER(    BOHR_A = .5291772083D0)"
	get_parameters: got "eval() arg 1 must be a string, bytes or code object" on 4
Line #1624 in ClH2_LEPS_LB_1980.f:"      PARAMETER(    BOHR_A = .5291772083D0)"
	get_parameters: got "eval() arg 1 must be a string, bytes or code object" on 4
Line #1624 in ClH2_LEPS_LB_1980.f:"      PARAMETER(    BOHR_A = .5291772083D0)"
	get_parameters: got "eval() arg 1 must be a string, bytes or code object" on 4
Line #1624 in ClH2_LEPS_LB_1980.f:"      PARAMETER(    BOHR_A = .5291772083D0)"
	get_parameters: got "eval() arg 1 must be a string, bytes or code object" on 4
Line #1624 in ClH2_LEPS_LB_1980.f:"      PARAMETER(    BOHR_A = .5291772083D0)"
	get_parameters: got "eval() arg 1 must be a string, bytes or code object" on 4
Post-processing...
	Block: ClH2_LEPS_LB_1980
			Block: pes
			Block: prepot
In: :ClH2_LEPS_LB_1980:ClH2_LEPS_LB_1980.f:prepot
get_parameters: got "eval() arg 1 must be a string, bytes or code object" on 4
In: :ClH2_LEPS_LB_1980:ClH2_LEPS_LB_1980.f:prepot
get_parameters: got "eval() arg 1 must be a string, bytes or code object" on 4
			Block: pot
In: :ClH2_LEPS_LB_1980:ClH2_LEPS_LB_1980.f:pot
get_parameters: got "eval() arg 1 must be a string, bytes or code object" on 4
In: :ClH2_LEPS_LB_1980:ClH2_LEPS_LB_1980.f:pot
get_parameters: got "eval() arg 1 must be a string, bytes or code object" on 4
{}
In: :ClH2_LEPS_LB_1980:ClH2_LEPS_LB_1980.f:vhx
vars2fortran: No typespec for argument "rr".
{}
In: :ClH2_LEPS_LB_1980:ClH2_LEPS_LB_1980.f:vhx
vars2fortran: No typespec for argument "v1s".
{}
In: :ClH2_LEPS_LB_1980:ClH2_LEPS_LB_1980.f:vhx
vars2fortran: No typespec for argument "v3s".
{}
In: :ClH2_LEPS_LB_1980:ClH2_LEPS_LB_1980.f:vhx
vars2fortran: No typespec for argument "v1p".
{}
In: :ClH2_LEPS_LB_1980:ClH2_LEPS_LB_1980.f:vhx
vars2fortran: No typespec for argument "v3p".
{}
In: :ClH2_LEPS_LB_1980:ClH2_LEPS_LB_1980.f:vhx
vars2fortran: No typespec for argument "dv1s".
{}
In: :ClH2_LEPS_LB_1980:ClH2_LEPS_LB_1980.f:vhx
vars2fortran: No typespec for argument "dv3s".
{}
In: :ClH2_LEPS_LB_1980:ClH2_LEPS_LB_1980.f:vhx
vars2fortran: No typespec for argument "dv1p".
{}
In: :ClH2_LEPS_LB_1980:ClH2_LEPS_LB_1980.f:vhx
vars2fortran: No typespec for argument "dv3p".
			Block: vhx
In: :ClH2_LEPS_LB_1980:ClH2_LEPS_LB_1980.f:vhx
get_parameters: got "eval() arg 1 must be a string, bytes or code object" on 4
In: :ClH2_LEPS_LB_1980:ClH2_LEPS_LB_1980.f:vhx
get_parameters: got "eval() arg 1 must be a string, bytes or code object" on 4
			Block: ptpacm
In: :ClH2_LEPS_LB_1980:ClH2_LEPS_LB_1980.f:ptpacm
get_parameters: got "eval() arg 1 must be a string, bytes or code object" on 4
In: :ClH2_LEPS_LB_1980:ClH2_LEPS_LB_1980.f:ptpacm
get_parameters: got "eval() arg 1 must be a string, bytes or code object" on 4
{}
In: :ClH2_LEPS_LB_1980:ClH2_LEPS_LB_1980.f:rsp
vars2fortran: No typespec for argument "nm".
{}
In: :ClH2_LEPS_LB_1980:ClH2_LEPS_LB_1980.f:rsp
vars2fortran: No typespec for argument "n".
{}
In: :ClH2_LEPS_LB_1980:ClH2_LEPS_LB_1980.f:rsp
vars2fortran: No typespec for argument "nv".
{}
In: :ClH2_LEPS_LB_1980:ClH2_LEPS_LB_1980.f:rsp
vars2fortran: No typespec for argument "matz".
{}
In: :ClH2_LEPS_LB_1980:ClH2_LEPS_LB_1980.f:rsp
vars2fortran: No typespec for argument "ierr".
			Block: rsp
In: :ClH2_LEPS_LB_1980:ClH2_LEPS_LB_1980.f:rsp
get_parameters: got "eval() arg 1 must be a string, bytes or code object" on 4
In: :ClH2_LEPS_LB_1980:ClH2_LEPS_LB_1980.f:rsp
get_parameters: got "eval() arg 1 must be a string, bytes or code object" on 4
{}
In: :ClH2_LEPS_LB_1980:ClH2_LEPS_LB_1980.f:tred3
vars2fortran: No typespec for argument "n".
{}
In: :ClH2_LEPS_LB_1980:ClH2_LEPS_LB_1980.f:tred3
vars2fortran: No typespec for argument "nv".
			Block: tred3
In: :ClH2_LEPS_LB_1980:ClH2_LEPS_LB_1980.f:tred3
get_parameters: got "eval() arg 1 must be a string, bytes or code object" on 4
In: :ClH2_LEPS_LB_1980:ClH2_LEPS_LB_1980.f:tred3
get_parameters: got "eval() arg 1 must be a string, bytes or code object" on 4
{}
In: :ClH2_LEPS_LB_1980:ClH2_LEPS_LB_1980.f:tqlrat
vars2fortran: No typespec for argument "n".
{'attrspec': ['dimension(n)']}
In: :ClH2_LEPS_LB_1980:ClH2_LEPS_LB_1980.f:tqlrat
vars2fortran: No typespec for argument "d".
{'attrspec': ['dimension(n)']}
In: :ClH2_LEPS_LB_1980:ClH2_LEPS_LB_1980.f:tqlrat
vars2fortran: No typespec for argument "e2".
{}
In: :ClH2_LEPS_LB_1980:ClH2_LEPS_LB_1980.f:tqlrat
vars2fortran: No typespec for argument "ierr".
			Block: tqlrat
In: :ClH2_LEPS_LB_1980:ClH2_LEPS_LB_1980.f:tqlrat
get_parameters: got "eval() arg 1 must be a string, bytes or code object" on 4
In: :ClH2_LEPS_LB_1980:ClH2_LEPS_LB_1980.f:tqlrat
get_parameters: got "eval() arg 1 must be a string, bytes or code object" on 4
{}
In: :ClH2_LEPS_LB_1980:ClH2_LEPS_LB_1980.f:tql2
vars2fortran: No typespec for argument "nm".
{}
In: :ClH2_LEPS_LB_1980:ClH2_LEPS_LB_1980.f:tql2
vars2fortran: No typespec for argument "n".
{'attrspec': ['dimension(n)']}
In: :ClH2_LEPS_LB_1980:ClH2_LEPS_LB_1980.f:tql2
vars2fortran: No typespec for argument "d".
{'attrspec': ['dimension(n)']}
In: :ClH2_LEPS_LB_1980:ClH2_LEPS_LB_1980.f:tql2
vars2fortran: No typespec for argument "e".
{'attrspec': ['dimension(nm,n)']}
In: :ClH2_LEPS_LB_1980:ClH2_LEPS_LB_1980.f:tql2
vars2fortran: No typespec for argument "z".
{}
In: :ClH2_LEPS_LB_1980:ClH2_LEPS_LB_1980.f:tql2
vars2fortran: No typespec for argument "ierr".
			Block: tql2
In: :ClH2_LEPS_LB_1980:ClH2_LEPS_LB_1980.f:tql2
get_parameters: got "eval() arg 1 must be a string, bytes or code object" on 4
In: :ClH2_LEPS_LB_1980:ClH2_LEPS_LB_1980.f:tql2
get_parameters: got "eval() arg 1 must be a string, bytes or code object" on 4
{}
In: :ClH2_LEPS_LB_1980:ClH2_LEPS_LB_1980.f:trbak3
vars2fortran: No typespec for argument "nm".
{}
In: :ClH2_LEPS_LB_1980:ClH2_LEPS_LB_1980.f:trbak3
vars2fortran: No typespec for argument "n".
{}
In: :ClH2_LEPS_LB_1980:ClH2_LEPS_LB_1980.f:trbak3
vars2fortran: No typespec for argument "nv".
{'attrspec': ['dimension(nv)']}
In: :ClH2_LEPS_LB_1980:ClH2_LEPS_LB_1980.f:trbak3
vars2fortran: No typespec for argument "a".
{}
In: :ClH2_LEPS_LB_1980:ClH2_LEPS_LB_1980.f:trbak3
vars2fortran: No typespec for argument "m".
{'attrspec': ['dimension(nm,m)']}
In: :ClH2_LEPS_LB_1980:ClH2_LEPS_LB_1980.f:trbak3
vars2fortran: No typespec for argument "z".
			Block: trbak3
In: :ClH2_LEPS_LB_1980:ClH2_LEPS_LB_1980.f:trbak3
get_parameters: got "eval() arg 1 must be a string, bytes or code object" on 4
In: :ClH2_LEPS_LB_1980:ClH2_LEPS_LB_1980.f:trbak3
get_parameters: got "eval() arg 1 must be a string, bytes or code object" on 4
			Block: potinfo
In: :ClH2_LEPS_LB_1980:ClH2_LEPS_LB_1980.f:potinfo
get_parameters: got "eval() arg 1 must be a string, bytes or code object" on 4
In: :ClH2_LEPS_LB_1980:ClH2_LEPS_LB_1980.f:potinfo
get_parameters: got "eval() arg 1 must be a string, bytes or code object" on 4
			Block: ancvrt
In: :ClH2_LEPS_LB_1980:ClH2_LEPS_LB_1980.f:ancvrt
get_parameters: got "eval() arg 1 must be a string, bytes or code object" on 4
In: :ClH2_LEPS_LB_1980:ClH2_LEPS_LB_1980.f:ancvrt
get_parameters: got "eval() arg 1 must be a string, bytes or code object" on 4
In: :ClH2_LEPS_LB_1980:ClH2_LEPS_LB_1980.f:ancvrt
get_parameters: got "eval() arg 1 must be a string, bytes or code object" on 4
In: :ClH2_LEPS_LB_1980:ClH2_LEPS_LB_1980.f:ancvrt
get_parameters: got "eval() arg 1 must be a string, bytes or code object" on 4
In: :ClH2_LEPS_LB_1980:ClH2_LEPS_LB_1980.f:ancvrt
get_parameters: got "eval() arg 1 must be a string, bytes or code object" on 4
In: :ClH2_LEPS_LB_1980:ClH2_LEPS_LB_1980.f:ancvrt
get_parameters: got "eval() arg 1 must be a string, bytes or code object" on 4
In: :ClH2_LEPS_LB_1980:ClH2_LEPS_LB_1980.f:ancvrt
get_parameters: got "eval() arg 1 must be a string, bytes or code object" on 4
In: :ClH2_LEPS_LB_1980:ClH2_LEPS_LB_1980.f:ancvrt
get_parameters: got "eval() arg 1 must be a string, bytes or code object" on 4
In: :ClH2_LEPS_LB_1980:ClH2_LEPS_LB_1980.f:ancvrt
get_parameters: got "eval() arg 1 must be a string, bytes or code object" on 4
In: :ClH2_LEPS_LB_1980:ClH2_LEPS_LB_1980.f:ancvrt
get_parameters: got "eval() arg 1 must be a string, bytes or code object" on 4
In: :ClH2_LEPS_LB_1980:ClH2_LEPS_LB_1980.f:ancvrt
get_parameters: got "eval() arg 1 must be a string, bytes or code object" on 4
In: :ClH2_LEPS_LB_1980:ClH2_LEPS_LB_1980.f:ancvrt
get_parameters: got "eval() arg 1 must be a string, bytes or code object" on 4
In: :ClH2_LEPS_LB_1980:ClH2_LEPS_LB_1980.f:ancvrt
get_parameters: got "eval() arg 1 must be a string, bytes or code object" on 4
In: :ClH2_LEPS_LB_1980:ClH2_LEPS_LB_1980.f:ancvrt
get_parameters: got "eval() arg 1 must be a string, bytes or code object" on 4
In: :ClH2_LEPS_LB_1980:ClH2_LEPS_LB_1980.f:ancvrt
get_parameters: got "eval() arg 1 must be a string, bytes or code object" on 4
			Block: cartou
In: :ClH2_LEPS_LB_1980:ClH2_LEPS_LB_1980.f:cartou
get_parameters: got "eval() arg 1 must be a string, bytes or code object" on 4
			Block: carttor
			Block: eunitzero
In: :ClH2_LEPS_LB_1980:ClH2_LEPS_LB_1980.f:eunitzero
get_parameters: got "eval() arg 1 must be a string, bytes or code object" on 4
			Block: rtocart
In: :ClH2_LEPS_LB_1980:ClH2_LEPS_LB_1980.f:rtocart
get_parameters: got "eval() arg 1 must be a string, bytes or code object" on 4
			Block: dedcou
In: :ClH2_LEPS_LB_1980:ClH2_LEPS_LB_1980.f:dedcou
get_parameters: got "eval() arg 1 must be a string, bytes or code object" on 4
Applying post-processing hooks...
  character_backward_compatibility_hook
Post-processing (stage 2)...
Building modules...
    Building module "ClH2_LEPS_LB_1980"...
    Generating possibly empty wrappers"
    Maybe empty "ClH2_LEPS_LB_1980-f2pywrappers.f"
        Constructing wrapper function "pes"...
          p,g,d = pes(x,igrad)
    Generating possibly empty wrappers"
    Maybe empty "ClH2_LEPS_LB_1980-f2pywrappers.f"
        Constructing wrapper function "prepot"...
          prepot()
    Generating possibly empty wrappers"
    Maybe empty "ClH2_LEPS_LB_1980-f2pywrappers.f"
        Constructing wrapper function "pot"...
          pot()
    Generating possibly empty wrappers"
    Maybe empty "ClH2_LEPS_LB_1980-f2pywrappers.f"
        Constructing wrapper function "vhx"...
          vhx(rr,v1s,v3s,v1p,v3p,dv1s,dv3s,dv1p,dv3p)
    Generating possibly empty wrappers"
    Maybe empty "ClH2_LEPS_LB_1980-f2pywrappers.f"
        Constructing wrapper function "rsp"...
          rsp(a,w,matz,z,fv1,fv2,ierr,[nm,n,nv])
    Generating possibly empty wrappers"
    Maybe empty "ClH2_LEPS_LB_1980-f2pywrappers.f"
        Constructing wrapper function "tred3"...
          tred3(a,d,e,e2,[n,nv])
    Generating possibly empty wrappers"
    Maybe empty "ClH2_LEPS_LB_1980-f2pywrappers.f"
        Constructing wrapper function "tqlrat"...
          tqlrat(d,e2,ierr,[n])
    Generating possibly empty wrappers"
    Maybe empty "ClH2_LEPS_LB_1980-f2pywrappers.f"
        Constructing wrapper function "tql2"...
          tql2(d,e,z,ierr,[nm,n])
    Generating possibly empty wrappers"
    Maybe empty "ClH2_LEPS_LB_1980-f2pywrappers.f"
        Constructing wrapper function "trbak3"...
          trbak3(n,a,z,[nm,nv,m])
    Generating possibly empty wrappers"
    Maybe empty "ClH2_LEPS_LB_1980-f2pywrappers.f"
        Constructing wrapper function "potinfo"...
          potinfo()
    Generating possibly empty wrappers"
    Maybe empty "ClH2_LEPS_LB_1980-f2pywrappers.f"
        Constructing wrapper function "ancvrt"...
          ancvrt()
    Generating possibly empty wrappers"
    Maybe empty "ClH2_LEPS_LB_1980-f2pywrappers.f"
        Constructing wrapper function "cartou"...
          cartou()
    Generating possibly empty wrappers"
    Maybe empty "ClH2_LEPS_LB_1980-f2pywrappers.f"
        Constructing wrapper function "carttor"...
          carttor()
    Generating possibly empty wrappers"
    Maybe empty "ClH2_LEPS_LB_1980-f2pywrappers.f"
        Constructing wrapper function "eunitzero"...
          eunitzero()
    Generating possibly empty wrappers"
    Maybe empty "ClH2_LEPS_LB_1980-f2pywrappers.f"
        Constructing wrapper function "rtocart"...
          rtocart()
    Generating possibly empty wrappers"
    Maybe empty "ClH2_LEPS_LB_1980-f2pywrappers.f"
        Constructing wrapper function "dedcou"...
          dedcou()
		Constructing COMMON block support for "usrocm"...
		  pengygs,pengyes,pengyij,dgscart,descart,dijcart
		Constructing COMMON block support for "usricm"...
		  cart,anuzero,nulbl,nflag,nasurf,nder
		Constructing COMMON block support for "pt3cm"...
		  ezero
		Constructing COMMON block support for "infocm"...
		  cartnu,indexes,irctnt,natoms,icartr,mder,msurf,ref
		Constructing COMMON block support for "asycm"...
		  easyab,easybc,easyac
		Constructing COMMON block support for "precm"...
		  h,dh1,dh2,dh3,u,e,scr1,scr2,xib,c3,denom,rt34,rt38
		Constructing COMMON block support for "potcm"...
		  eps,one,rhh,ahh,dhh,bhh,xih,xix,g,alfw,rhx,ahx,dhx,bhx,etahh,eta3s,eta1p,eta3p
		Constructing COMMON block support for "pt1cm"...
		  r,engygs,degsdr
		Constructing COMMON block support for "pt4cm"...
		  engyes,deesdr
		Constructing COMMON block support for "pt5cm"...
		  engyij,deijdr
		Constructing COMMON block support for "utilcm"...
		  dgscartnu,descartnu,dijcartnu,cnvrtd,cnvrte,cnvrtde,ireorder,ksdiag,kediag,ksoffd,keoffd
    Wrote C/API module "ClH2_LEPS_LB_1980" to file "/tmp/tmptzp2kdnp/src.linux-x86_64-3.11/ClH2_LEPS_LB_1980module.c"
    Fortran 77 wrappers are saved to "/tmp/tmptzp2kdnp/src.linux-x86_64-3.11/ClH2_LEPS_LB_1980-f2pywrappers.f"
INFO:   adding '/tmp/tmptzp2kdnp/src.linux-x86_64-3.11/fortranobject.c' to sources.
INFO:   adding '/tmp/tmptzp2kdnp/src.linux-x86_64-3.11' to include_dirs.
copying /home/truhlard/shuxx055/anaconda3/lib/python3.11/site-packages/numpy/f2py/src/fortranobject.c -> /tmp/tmptzp2kdnp/src.linux-x86_64-3.11
copying /home/truhlard/shuxx055/anaconda3/lib/python3.11/site-packages/numpy/f2py/src/fortranobject.h -> /tmp/tmptzp2kdnp/src.linux-x86_64-3.11
INFO:   adding '/tmp/tmptzp2kdnp/src.linux-x86_64-3.11/ClH2_LEPS_LB_1980-f2pywrappers.f' to sources.
INFO: build_src: building npy-pkg config files
/home/truhlard/shuxx055/anaconda3/lib/python3.11/site-packages/setuptools/_distutils/cmd.py:66: SetuptoolsDeprecationWarning: setup.py install is deprecated.
!!

        ********************************************************************************
        Please avoid running ``setup.py`` directly.
        Instead, use pypa/build, pypa/installer, pypa/build or
        other standards-based tools.

        See https://blog.ganssle.io/articles/2021/10/setup-py-deprecated.html for details.
        ********************************************************************************

!!
  self.initialize_options()
running build_ext
INFO: customize UnixCCompiler
INFO: customize UnixCCompiler using build_ext
INFO: get_default_fcompiler: matching types: '['arm', 'gnu95', 'intel', 'lahey', 'pg', 'nv', 'absoft', 'nag', 'vast', 'compaq', 'intele', 'intelem', 'gnu', 'g95', 'pathf95', 'nagfor', 'fujitsu']'
INFO: customize ArmFlangCompiler
WARN: Could not locate executable armflang
INFO: customize Gnu95FCompiler
INFO: Found executable /home/truhlard/shuxx055/anaconda3/bin/gfortran
INFO: customize Gnu95FCompiler
INFO: customize Gnu95FCompiler using build_ext
INFO: building 'ClH2_LEPS_LB_1980' extension
INFO: compiling C sources
INFO: C compiler: gcc -pthread -B /home/truhlard/shuxx055/anaconda3/compiler_compat -DNDEBUG -fwrapv -O2 -Wall -fPIC -O2 -isystem /home/truhlard/shuxx055/anaconda3/include -fPIC -O2 -isystem /home/truhlard/shuxx055/anaconda3/include -fPIC

creating /tmp/tmptzp2kdnp/tmp
creating /tmp/tmptzp2kdnp/tmp/tmptzp2kdnp
creating /tmp/tmptzp2kdnp/tmp/tmptzp2kdnp/src.linux-x86_64-3.11
INFO: compile options: '-DNPY_DISABLE_OPTIMIZATION=1 -I/tmp/tmptzp2kdnp/src.linux-x86_64-3.11 -I/home/truhlard/shuxx055/anaconda3/lib/python3.11/site-packages/numpy/core/include -I/home/truhlard/shuxx055/anaconda3/include/python3.11 -c'
INFO: gcc: /tmp/tmptzp2kdnp/src.linux-x86_64-3.11/ClH2_LEPS_LB_1980module.c
INFO: gcc: /tmp/tmptzp2kdnp/src.linux-x86_64-3.11/fortranobject.c
INFO: compiling Fortran sources
INFO: Fortran f77 compiler: /home/truhlard/shuxx055/anaconda3/bin/gfortran -fallow-argument-mismatch -std=legacy -fPIC -O3 -funroll-loops
Fortran f90 compiler: /home/truhlard/shuxx055/anaconda3/bin/gfortran -Wall -g -fno-second-underscore -fPIC -O3 -funroll-loops
Fortran fix compiler: /home/truhlard/shuxx055/anaconda3/bin/gfortran -Wall -g -ffixed-form -fno-second-underscore -Wall -g -fno-second-underscore -fPIC -O3 -funroll-loops
INFO: compile options: '-I/tmp/tmptzp2kdnp/src.linux-x86_64-3.11 -I/home/truhlard/shuxx055/anaconda3/lib/python3.11/site-packages/numpy/core/include -I/home/truhlard/shuxx055/anaconda3/include/python3.11 -c'
INFO: gfortran:f77: /tmp/tmptzp2kdnp/src.linux-x86_64-3.11/ClH2_LEPS_LB_1980-f2pywrappers.f
INFO: gfortran:f77: ClH2_LEPS_LB_1980.f
INFO: /home/truhlard/shuxx055/anaconda3/bin/gfortran -Wall -g -Wall -g -shared /tmp/tmptzp2kdnp/tmp/tmptzp2kdnp/src.linux-x86_64-3.11/ClH2_LEPS_LB_1980module.o /tmp/tmptzp2kdnp/tmp/tmptzp2kdnp/src.linux-x86_64-3.11/fortranobject.o /tmp/tmptzp2kdnp/ClH2_LEPS_LB_1980.o /tmp/tmptzp2kdnp/tmp/tmptzp2kdnp/src.linux-x86_64-3.11/ClH2_LEPS_LB_1980-f2pywrappers.o -L/panfs/jay/groups/16/truhlard/shuxx055/anaconda3/bin/../lib/gcc/x86_64-conda-linux-gnu/13.1.0/../../../../x86_64-conda-linux-gnu/lib/../lib -L/panfs/jay/groups/16/truhlard/shuxx055/anaconda3/bin/../lib/gcc/x86_64-conda-linux-gnu/13.1.0/../../../../x86_64-conda-linux-gnu/lib/../lib -lmkl_intel_lp64 -lmkl_sequential -lmkl_core -lgfortran -o ./ClH2_LEPS_LB_1980.cpython-311-x86_64-linux-gnu.so
Removing build directory /tmp/tmptzp2kdnp
