running build
running config_cc
INFO: unifing config_cc, config, build_clib, build_ext, build commands --compiler options
running config_fc
INFO: unifing config_fc, config, build_clib, build_ext, build commands --fcompiler options
running build_src
INFO: build_src
INFO: building extension "ClH2_LEPS_ALTG1_1996" sources
INFO: f2py options: []
INFO: f2py:> /tmp/tmpzie7blh_/src.linux-x86_64-3.11/ClH2_LEPS_ALTG1_1996module.c
creating /tmp/tmpzie7blh_/src.linux-x86_64-3.11
analyzeline: Failed to evaluate '4.0d0*pi*1.0d-07'. Ignoring: invalid decimal literal (<string>, line 1)
analyzeline: Failed to evaluate '1.0d0/(cmu_0*clight**2)'. Ignoring: invalid decimal literal (<string>, line 1)
getstrlength: expected a signature of a string but got: {'typespec': 'character', 'charselector': {'*': '75'}, 'attrspec': [], 'dimension': ['5']}
Reading fortran codes...
	Reading file 'ClH2_LEPS_ALTG1_1996.f' (format:fix,strict)
Line #365 in ClH2_LEPS_ALTG1_1996.f:"      PARAMETER (PI = 3.141592653589793D0)"
	get_parameters: got "eval() arg 1 must be a string, bytes or code object" on 4
Line #535 in ClH2_LEPS_ALTG1_1996.f:"      PARAMETER(        PI = 3.141592653589793D0)"
	get_parameters: got "eval() arg 1 must be a string, bytes or code object" on 4
Line #536 in ClH2_LEPS_ALTG1_1996.f:"      PARAMETER(    CLIGHT = 2.99792458D08)"
	get_parameters: got "eval() arg 1 must be a string, bytes or code object" on 4
Line #536 in ClH2_LEPS_ALTG1_1996.f:"      PARAMETER(    CLIGHT = 2.99792458D08)"
	get_parameters: got "eval() arg 1 must be a string, bytes or code object" on 4
Line #537 in ClH2_LEPS_ALTG1_1996.f:"      PARAMETER(     CMU_0 = 4.0D0*PI*1.0D-07)"
	get_parameters: got "eval() arg 1 must be a string, bytes or code object" on 4
Line #537 in ClH2_LEPS_ALTG1_1996.f:"      PARAMETER(     CMU_0 = 4.0D0*PI*1.0D-07)"
	get_parameters: got "eval() arg 1 must be a string, bytes or code object" on 4
Line #537 in ClH2_LEPS_ALTG1_1996.f:"      PARAMETER(     CMU_0 = 4.0D0*PI*1.0D-07)"
	get_parameters: got "eval() arg 1 must be a string, bytes or code object" on 4
Line #538 in ClH2_LEPS_ALTG1_1996.f:"      PARAMETER(CEPSILON_0 = 1.0D0/(CMU_0*CLIGHT**2))"
	get_parameters: got "eval() arg 1 must be a string, bytes or code object" on 4
Line #538 in ClH2_LEPS_ALTG1_1996.f:"      PARAMETER(CEPSILON_0 = 1.0D0/(CMU_0*CLIGHT**2))"
	get_parameters: got "eval() arg 1 must be a string, bytes or code object" on 4
Line #538 in ClH2_LEPS_ALTG1_1996.f:"      PARAMETER(CEPSILON_0 = 1.0D0/(CMU_0*CLIGHT**2))"
	get_parameters: got "eval() arg 1 must be a string, bytes or code object" on 4
Line #538 in ClH2_LEPS_ALTG1_1996.f:"      PARAMETER(CEPSILON_0 = 1.0D0/(CMU_0*CLIGHT**2))"
	determineexprtype: could not determine expressions ('1.0d0/(cmu_0*clight**2)') type.
Line #539 in ClH2_LEPS_ALTG1_1996.f:"      PARAMETER(        CE = 1.602176462D-19)"
	get_parameters: got "eval() arg 1 must be a string, bytes or code object" on 4
Line #539 in ClH2_LEPS_ALTG1_1996.f:"      PARAMETER(        CE = 1.602176462D-19)"
	get_parameters: got "eval() arg 1 must be a string, bytes or code object" on 4
Line #539 in ClH2_LEPS_ALTG1_1996.f:"      PARAMETER(        CE = 1.602176462D-19)"
	get_parameters: got "eval() arg 1 must be a string, bytes or code object" on 4
Line #540 in ClH2_LEPS_ALTG1_1996.f:"      PARAMETER(   CPLANCK = 6.62606876D-34)"
	get_parameters: got "eval() arg 1 must be a string, bytes or code object" on 4
Line #540 in ClH2_LEPS_ALTG1_1996.f:"      PARAMETER(   CPLANCK = 6.62606876D-34)"
	get_parameters: got "eval() arg 1 must be a string, bytes or code object" on 4
Line #540 in ClH2_LEPS_ALTG1_1996.f:"      PARAMETER(   CPLANCK = 6.62606876D-34)"
	get_parameters: got "eval() arg 1 must be a string, bytes or code object" on 4
Line #540 in ClH2_LEPS_ALTG1_1996.f:"      PARAMETER(   CPLANCK = 6.62606876D-34)"
	get_parameters: got "eval() arg 1 must be a string, bytes or code object" on 4
Line #541 in ClH2_LEPS_ALTG1_1996.f:"      PARAMETER(      CM_E = 9.10938188D-31)"
	get_parameters: got "eval() arg 1 must be a string, bytes or code object" on 4
Line #541 in ClH2_LEPS_ALTG1_1996.f:"      PARAMETER(      CM_E = 9.10938188D-31)"
	get_parameters: got "eval() arg 1 must be a string, bytes or code object" on 4
Line #541 in ClH2_LEPS_ALTG1_1996.f:"      PARAMETER(      CM_E = 9.10938188D-31)"
	get_parameters: got "eval() arg 1 must be a string, bytes or code object" on 4
Line #541 in ClH2_LEPS_ALTG1_1996.f:"      PARAMETER(      CM_E = 9.10938188D-31)"
	get_parameters: got "eval() arg 1 must be a string, bytes or code object" on 4
Line #541 in ClH2_LEPS_ALTG1_1996.f:"      PARAMETER(      CM_E = 9.10938188D-31)"
	get_parameters: got "eval() arg 1 must be a string, bytes or code object" on 4
Line #542 in ClH2_LEPS_ALTG1_1996.f:"      PARAMETER(      CANG = 1.0D-10)"
	get_parameters: got "eval() arg 1 must be a string, bytes or code object" on 4
Line #542 in ClH2_LEPS_ALTG1_1996.f:"      PARAMETER(      CANG = 1.0D-10)"
	get_parameters: got "eval() arg 1 must be a string, bytes or code object" on 4
Line #542 in ClH2_LEPS_ALTG1_1996.f:"      PARAMETER(      CANG = 1.0D-10)"
	get_parameters: got "eval() arg 1 must be a string, bytes or code object" on 4
Line #542 in ClH2_LEPS_ALTG1_1996.f:"      PARAMETER(      CANG = 1.0D-10)"
	get_parameters: got "eval() arg 1 must be a string, bytes or code object" on 4
Line #542 in ClH2_LEPS_ALTG1_1996.f:"      PARAMETER(      CANG = 1.0D-10)"
	get_parameters: got "eval() arg 1 must be a string, bytes or code object" on 4
Line #542 in ClH2_LEPS_ALTG1_1996.f:"      PARAMETER(      CANG = 1.0D-10)"
	get_parameters: got "eval() arg 1 must be a string, bytes or code object" on 4
Line #543 in ClH2_LEPS_ALTG1_1996.f:"      PARAMETER( CAVOGADRO = 6.02214199D23)"
	get_parameters: got "eval() arg 1 must be a string, bytes or code object" on 4
Line #543 in ClH2_LEPS_ALTG1_1996.f:"      PARAMETER( CAVOGADRO = 6.02214199D23)"
	get_parameters: got "eval() arg 1 must be a string, bytes or code object" on 4
Line #543 in ClH2_LEPS_ALTG1_1996.f:"      PARAMETER( CAVOGADRO = 6.02214199D23)"
	get_parameters: got "eval() arg 1 must be a string, bytes or code object" on 4
Line #543 in ClH2_LEPS_ALTG1_1996.f:"      PARAMETER( CAVOGADRO = 6.02214199D23)"
	get_parameters: got "eval() arg 1 must be a string, bytes or code object" on 4
Line #543 in ClH2_LEPS_ALTG1_1996.f:"      PARAMETER( CAVOGADRO = 6.02214199D23)"
	get_parameters: got "eval() arg 1 must be a string, bytes or code object" on 4
Line #543 in ClH2_LEPS_ALTG1_1996.f:"      PARAMETER( CAVOGADRO = 6.02214199D23)"
	get_parameters: got "eval() arg 1 must be a string, bytes or code object" on 4
Line #543 in ClH2_LEPS_ALTG1_1996.f:"      PARAMETER( CAVOGADRO = 6.02214199D23)"
	get_parameters: got "eval() arg 1 must be a string, bytes or code object" on 4
Line #544 in ClH2_LEPS_ALTG1_1996.f:"      PARAMETER(     CKCAL = 4.184D10)"
	get_parameters: got "eval() arg 1 must be a string, bytes or code object" on 4
Line #544 in ClH2_LEPS_ALTG1_1996.f:"      PARAMETER(     CKCAL = 4.184D10)"
	get_parameters: got "eval() arg 1 must be a string, bytes or code object" on 4
Line #544 in ClH2_LEPS_ALTG1_1996.f:"      PARAMETER(     CKCAL = 4.184D10)"
	get_parameters: got "eval() arg 1 must be a string, bytes or code object" on 4
Line #544 in ClH2_LEPS_ALTG1_1996.f:"      PARAMETER(     CKCAL = 4.184D10)"
	get_parameters: got "eval() arg 1 must be a string, bytes or code object" on 4
Line #544 in ClH2_LEPS_ALTG1_1996.f:"      PARAMETER(     CKCAL = 4.184D10)"
	get_parameters: got "eval() arg 1 must be a string, bytes or code object" on 4
Line #544 in ClH2_LEPS_ALTG1_1996.f:"      PARAMETER(     CKCAL = 4.184D10)"
	get_parameters: got "eval() arg 1 must be a string, bytes or code object" on 4
Line #544 in ClH2_LEPS_ALTG1_1996.f:"      PARAMETER(     CKCAL = 4.184D10)"
	get_parameters: got "eval() arg 1 must be a string, bytes or code object" on 4
Line #544 in ClH2_LEPS_ALTG1_1996.f:"      PARAMETER(     CKCAL = 4.184D10)"
	get_parameters: got "eval() arg 1 must be a string, bytes or code object" on 4
Line #545 in ClH2_LEPS_ALTG1_1996.f:"      PARAMETER(  HTOMILLH = 1000.D0)"
	get_parameters: got "eval() arg 1 must be a string, bytes or code object" on 4
Line #545 in ClH2_LEPS_ALTG1_1996.f:"      PARAMETER(  HTOMILLH = 1000.D0)"
	get_parameters: got "eval() arg 1 must be a string, bytes or code object" on 4
Line #545 in ClH2_LEPS_ALTG1_1996.f:"      PARAMETER(  HTOMILLH = 1000.D0)"
	get_parameters: got "eval() arg 1 must be a string, bytes or code object" on 4
Line #545 in ClH2_LEPS_ALTG1_1996.f:"      PARAMETER(  HTOMILLH = 1000.D0)"
	get_parameters: got "eval() arg 1 must be a string, bytes or code object" on 4
Line #545 in ClH2_LEPS_ALTG1_1996.f:"      PARAMETER(  HTOMILLH = 1000.D0)"
	get_parameters: got "eval() arg 1 must be a string, bytes or code object" on 4
Line #545 in ClH2_LEPS_ALTG1_1996.f:"      PARAMETER(  HTOMILLH = 1000.D0)"
	get_parameters: got "eval() arg 1 must be a string, bytes or code object" on 4
Line #545 in ClH2_LEPS_ALTG1_1996.f:"      PARAMETER(  HTOMILLH = 1000.D0)"
	get_parameters: got "eval() arg 1 must be a string, bytes or code object" on 4
Line #545 in ClH2_LEPS_ALTG1_1996.f:"      PARAMETER(  HTOMILLH = 1000.D0)"
	get_parameters: got "eval() arg 1 must be a string, bytes or code object" on 4
Line #545 in ClH2_LEPS_ALTG1_1996.f:"      PARAMETER(  HTOMILLH = 1000.D0)"
	get_parameters: got "eval() arg 1 must be a string, bytes or code object" on 4
Line #546 in ClH2_LEPS_ALTG1_1996.f:"      PARAMETER(     HTOEV = 27.2113834D0)"
	get_parameters: got "eval() arg 1 must be a string, bytes or code object" on 4
Line #546 in ClH2_LEPS_ALTG1_1996.f:"      PARAMETER(     HTOEV = 27.2113834D0)"
	get_parameters: got "eval() arg 1 must be a string, bytes or code object" on 4
Line #546 in ClH2_LEPS_ALTG1_1996.f:"      PARAMETER(     HTOEV = 27.2113834D0)"
	get_parameters: got "eval() arg 1 must be a string, bytes or code object" on 4
Line #546 in ClH2_LEPS_ALTG1_1996.f:"      PARAMETER(     HTOEV = 27.2113834D0)"
	get_parameters: got "eval() arg 1 must be a string, bytes or code object" on 4
Line #546 in ClH2_LEPS_ALTG1_1996.f:"      PARAMETER(     HTOEV = 27.2113834D0)"
	get_parameters: got "eval() arg 1 must be a string, bytes or code object" on 4
Line #546 in ClH2_LEPS_ALTG1_1996.f:"      PARAMETER(     HTOEV = 27.2113834D0)"
	get_parameters: got "eval() arg 1 must be a string, bytes or code object" on 4
Line #546 in ClH2_LEPS_ALTG1_1996.f:"      PARAMETER(     HTOEV = 27.2113834D0)"
	get_parameters: got "eval() arg 1 must be a string, bytes or code object" on 4
Line #546 in ClH2_LEPS_ALTG1_1996.f:"      PARAMETER(     HTOEV = 27.2113834D0)"
	get_parameters: got "eval() arg 1 must be a string, bytes or code object" on 4
Line #546 in ClH2_LEPS_ALTG1_1996.f:"      PARAMETER(     HTOEV = 27.2113834D0)"
	get_parameters: got "eval() arg 1 must be a string, bytes or code object" on 4
Line #546 in ClH2_LEPS_ALTG1_1996.f:"      PARAMETER(     HTOEV = 27.2113834D0)"
	get_parameters: got "eval() arg 1 must be a string, bytes or code object" on 4
Line #547 in ClH2_LEPS_ALTG1_1996.f:"      PARAMETER(   HTOKCAL = 627.509470D0)"
	get_parameters: got "eval() arg 1 must be a string, bytes or code object" on 4
Line #547 in ClH2_LEPS_ALTG1_1996.f:"      PARAMETER(   HTOKCAL = 627.509470D0)"
	get_parameters: got "eval() arg 1 must be a string, bytes or code object" on 4
Line #547 in ClH2_LEPS_ALTG1_1996.f:"      PARAMETER(   HTOKCAL = 627.509470D0)"
	get_parameters: got "eval() arg 1 must be a string, bytes or code object" on 4
Line #547 in ClH2_LEPS_ALTG1_1996.f:"      PARAMETER(   HTOKCAL = 627.509470D0)"
	get_parameters: got "eval() arg 1 must be a string, bytes or code object" on 4
Line #547 in ClH2_LEPS_ALTG1_1996.f:"      PARAMETER(   HTOKCAL = 627.509470D0)"
	get_parameters: got "eval() arg 1 must be a string, bytes or code object" on 4
Line #547 in ClH2_LEPS_ALTG1_1996.f:"      PARAMETER(   HTOKCAL = 627.509470D0)"
	get_parameters: got "eval() arg 1 must be a string, bytes or code object" on 4
Line #547 in ClH2_LEPS_ALTG1_1996.f:"      PARAMETER(   HTOKCAL = 627.509470D0)"
	get_parameters: got "eval() arg 1 must be a string, bytes or code object" on 4
Line #547 in ClH2_LEPS_ALTG1_1996.f:"      PARAMETER(   HTOKCAL = 627.509470D0)"
	get_parameters: got "eval() arg 1 must be a string, bytes or code object" on 4
Line #547 in ClH2_LEPS_ALTG1_1996.f:"      PARAMETER(   HTOKCAL = 627.509470D0)"
	get_parameters: got "eval() arg 1 must be a string, bytes or code object" on 4
Line #547 in ClH2_LEPS_ALTG1_1996.f:"      PARAMETER(   HTOKCAL = 627.509470D0)"
	get_parameters: got "eval() arg 1 must be a string, bytes or code object" on 4
Line #547 in ClH2_LEPS_ALTG1_1996.f:"      PARAMETER(   HTOKCAL = 627.509470D0)"
	get_parameters: got "eval() arg 1 must be a string, bytes or code object" on 4
Line #548 in ClH2_LEPS_ALTG1_1996.f:"      PARAMETER(   HTOWAVE = 219474.631D0)"
	get_parameters: got "eval() arg 1 must be a string, bytes or code object" on 4
Line #548 in ClH2_LEPS_ALTG1_1996.f:"      PARAMETER(   HTOWAVE = 219474.631D0)"
	get_parameters: got "eval() arg 1 must be a string, bytes or code object" on 4
Line #548 in ClH2_LEPS_ALTG1_1996.f:"      PARAMETER(   HTOWAVE = 219474.631D0)"
	get_parameters: got "eval() arg 1 must be a string, bytes or code object" on 4
Line #548 in ClH2_LEPS_ALTG1_1996.f:"      PARAMETER(   HTOWAVE = 219474.631D0)"
	get_parameters: got "eval() arg 1 must be a string, bytes or code object" on 4
Line #548 in ClH2_LEPS_ALTG1_1996.f:"      PARAMETER(   HTOWAVE = 219474.631D0)"
	get_parameters: got "eval() arg 1 must be a string, bytes or code object" on 4
Line #548 in ClH2_LEPS_ALTG1_1996.f:"      PARAMETER(   HTOWAVE = 219474.631D0)"
	get_parameters: got "eval() arg 1 must be a string, bytes or code object" on 4
Line #548 in ClH2_LEPS_ALTG1_1996.f:"      PARAMETER(   HTOWAVE = 219474.631D0)"
	get_parameters: got "eval() arg 1 must be a string, bytes or code object" on 4
Line #548 in ClH2_LEPS_ALTG1_1996.f:"      PARAMETER(   HTOWAVE = 219474.631D0)"
	get_parameters: got "eval() arg 1 must be a string, bytes or code object" on 4
Line #548 in ClH2_LEPS_ALTG1_1996.f:"      PARAMETER(   HTOWAVE = 219474.631D0)"
	get_parameters: got "eval() arg 1 must be a string, bytes or code object" on 4
Line #548 in ClH2_LEPS_ALTG1_1996.f:"      PARAMETER(   HTOWAVE = 219474.631D0)"
	get_parameters: got "eval() arg 1 must be a string, bytes or code object" on 4
Line #548 in ClH2_LEPS_ALTG1_1996.f:"      PARAMETER(   HTOWAVE = 219474.631D0)"
	get_parameters: got "eval() arg 1 must be a string, bytes or code object" on 4
Line #548 in ClH2_LEPS_ALTG1_1996.f:"      PARAMETER(   HTOWAVE = 219474.631D0)"
	get_parameters: got "eval() arg 1 must be a string, bytes or code object" on 4
Line #549 in ClH2_LEPS_ALTG1_1996.f:"      PARAMETER(     HTOKJ = 2625.49962D0)"
	get_parameters: got "eval() arg 1 must be a string, bytes or code object" on 4
Line #549 in ClH2_LEPS_ALTG1_1996.f:"      PARAMETER(     HTOKJ = 2625.49962D0)"
	get_parameters: got "eval() arg 1 must be a string, bytes or code object" on 4
Line #549 in ClH2_LEPS_ALTG1_1996.f:"      PARAMETER(     HTOKJ = 2625.49962D0)"
	get_parameters: got "eval() arg 1 must be a string, bytes or code object" on 4
Line #549 in ClH2_LEPS_ALTG1_1996.f:"      PARAMETER(     HTOKJ = 2625.49962D0)"
	get_parameters: got "eval() arg 1 must be a string, bytes or code object" on 4
Line #549 in ClH2_LEPS_ALTG1_1996.f:"      PARAMETER(     HTOKJ = 2625.49962D0)"
	get_parameters: got "eval() arg 1 must be a string, bytes or code object" on 4
Line #549 in ClH2_LEPS_ALTG1_1996.f:"      PARAMETER(     HTOKJ = 2625.49962D0)"
	get_parameters: got "eval() arg 1 must be a string, bytes or code object" on 4
Line #549 in ClH2_LEPS_ALTG1_1996.f:"      PARAMETER(     HTOKJ = 2625.49962D0)"
	get_parameters: got "eval() arg 1 must be a string, bytes or code object" on 4
Line #549 in ClH2_LEPS_ALTG1_1996.f:"      PARAMETER(     HTOKJ = 2625.49962D0)"
	get_parameters: got "eval() arg 1 must be a string, bytes or code object" on 4
Line #549 in ClH2_LEPS_ALTG1_1996.f:"      PARAMETER(     HTOKJ = 2625.49962D0)"
	get_parameters: got "eval() arg 1 must be a string, bytes or code object" on 4
Line #549 in ClH2_LEPS_ALTG1_1996.f:"      PARAMETER(     HTOKJ = 2625.49962D0)"
	get_parameters: got "eval() arg 1 must be a string, bytes or code object" on 4
Line #549 in ClH2_LEPS_ALTG1_1996.f:"      PARAMETER(     HTOKJ = 2625.49962D0)"
	get_parameters: got "eval() arg 1 must be a string, bytes or code object" on 4
Line #549 in ClH2_LEPS_ALTG1_1996.f:"      PARAMETER(     HTOKJ = 2625.49962D0)"
	get_parameters: got "eval() arg 1 must be a string, bytes or code object" on 4
Line #549 in ClH2_LEPS_ALTG1_1996.f:"      PARAMETER(     HTOKJ = 2625.49962D0)"
	get_parameters: got "eval() arg 1 must be a string, bytes or code object" on 4
Line #550 in ClH2_LEPS_ALTG1_1996.f:"      PARAMETER(    BOHR_A = .5291772083D0)"
	get_parameters: got "eval() arg 1 must be a string, bytes or code object" on 4
Line #550 in ClH2_LEPS_ALTG1_1996.f:"      PARAMETER(    BOHR_A = .5291772083D0)"
	get_parameters: got "eval() arg 1 must be a string, bytes or code object" on 4
Line #550 in ClH2_LEPS_ALTG1_1996.f:"      PARAMETER(    BOHR_A = .5291772083D0)"
	get_parameters: got "eval() arg 1 must be a string, bytes or code object" on 4
Line #550 in ClH2_LEPS_ALTG1_1996.f:"      PARAMETER(    BOHR_A = .5291772083D0)"
	get_parameters: got "eval() arg 1 must be a string, bytes or code object" on 4
Line #550 in ClH2_LEPS_ALTG1_1996.f:"      PARAMETER(    BOHR_A = .5291772083D0)"
	get_parameters: got "eval() arg 1 must be a string, bytes or code object" on 4
Line #550 in ClH2_LEPS_ALTG1_1996.f:"      PARAMETER(    BOHR_A = .5291772083D0)"
	get_parameters: got "eval() arg 1 must be a string, bytes or code object" on 4
Line #550 in ClH2_LEPS_ALTG1_1996.f:"      PARAMETER(    BOHR_A = .5291772083D0)"
	get_parameters: got "eval() arg 1 must be a string, bytes or code object" on 4
Line #550 in ClH2_LEPS_ALTG1_1996.f:"      PARAMETER(    BOHR_A = .5291772083D0)"
	get_parameters: got "eval() arg 1 must be a string, bytes or code object" on 4
Line #550 in ClH2_LEPS_ALTG1_1996.f:"      PARAMETER(    BOHR_A = .5291772083D0)"
	get_parameters: got "eval() arg 1 must be a string, bytes or code object" on 4
Line #550 in ClH2_LEPS_ALTG1_1996.f:"      PARAMETER(    BOHR_A = .5291772083D0)"
	get_parameters: got "eval() arg 1 must be a string, bytes or code object" on 4
Line #550 in ClH2_LEPS_ALTG1_1996.f:"      PARAMETER(    BOHR_A = .5291772083D0)"
	get_parameters: got "eval() arg 1 must be a string, bytes or code object" on 4
Line #550 in ClH2_LEPS_ALTG1_1996.f:"      PARAMETER(    BOHR_A = .5291772083D0)"
	get_parameters: got "eval() arg 1 must be a string, bytes or code object" on 4
Line #550 in ClH2_LEPS_ALTG1_1996.f:"      PARAMETER(    BOHR_A = .5291772083D0)"
	get_parameters: got "eval() arg 1 must be a string, bytes or code object" on 4
Line #550 in ClH2_LEPS_ALTG1_1996.f:"      PARAMETER(    BOHR_A = .5291772083D0)"
	get_parameters: got "eval() arg 1 must be a string, bytes or code object" on 4
Post-processing...
	Block: ClH2_LEPS_ALTG1_1996
			Block: pes
			Block: evdrdx
			Block: prepot
			Block: potinfo
In: :ClH2_LEPS_ALTG1_1996:ClH2_LEPS_ALTG1_1996.f:potinfo
get_parameters: got "eval() arg 1 must be a string, bytes or code object" on 4
In: :ClH2_LEPS_ALTG1_1996:ClH2_LEPS_ALTG1_1996.f:potinfo
get_parameters: got "eval() arg 1 must be a string, bytes or code object" on 4
			Block: ancvrt
In: :ClH2_LEPS_ALTG1_1996:ClH2_LEPS_ALTG1_1996.f:ancvrt
get_parameters: got "eval() arg 1 must be a string, bytes or code object" on 4
In: :ClH2_LEPS_ALTG1_1996:ClH2_LEPS_ALTG1_1996.f:ancvrt
get_parameters: got "eval() arg 1 must be a string, bytes or code object" on 4
In: :ClH2_LEPS_ALTG1_1996:ClH2_LEPS_ALTG1_1996.f:ancvrt
get_parameters: got "eval() arg 1 must be a string, bytes or code object" on 4
In: :ClH2_LEPS_ALTG1_1996:ClH2_LEPS_ALTG1_1996.f:ancvrt
get_parameters: got "eval() arg 1 must be a string, bytes or code object" on 4
In: :ClH2_LEPS_ALTG1_1996:ClH2_LEPS_ALTG1_1996.f:ancvrt
get_parameters: got "eval() arg 1 must be a string, bytes or code object" on 4
In: :ClH2_LEPS_ALTG1_1996:ClH2_LEPS_ALTG1_1996.f:ancvrt
get_parameters: got "eval() arg 1 must be a string, bytes or code object" on 4
In: :ClH2_LEPS_ALTG1_1996:ClH2_LEPS_ALTG1_1996.f:ancvrt
get_parameters: got "eval() arg 1 must be a string, bytes or code object" on 4
In: :ClH2_LEPS_ALTG1_1996:ClH2_LEPS_ALTG1_1996.f:ancvrt
get_parameters: got "eval() arg 1 must be a string, bytes or code object" on 4
In: :ClH2_LEPS_ALTG1_1996:ClH2_LEPS_ALTG1_1996.f:ancvrt
get_parameters: got "eval() arg 1 must be a string, bytes or code object" on 4
In: :ClH2_LEPS_ALTG1_1996:ClH2_LEPS_ALTG1_1996.f:ancvrt
get_parameters: got "eval() arg 1 must be a string, bytes or code object" on 4
In: :ClH2_LEPS_ALTG1_1996:ClH2_LEPS_ALTG1_1996.f:ancvrt
get_parameters: got "eval() arg 1 must be a string, bytes or code object" on 4
In: :ClH2_LEPS_ALTG1_1996:ClH2_LEPS_ALTG1_1996.f:ancvrt
get_parameters: got "eval() arg 1 must be a string, bytes or code object" on 4
In: :ClH2_LEPS_ALTG1_1996:ClH2_LEPS_ALTG1_1996.f:ancvrt
get_parameters: got "eval() arg 1 must be a string, bytes or code object" on 4
In: :ClH2_LEPS_ALTG1_1996:ClH2_LEPS_ALTG1_1996.f:ancvrt
get_parameters: got "eval() arg 1 must be a string, bytes or code object" on 4
In: :ClH2_LEPS_ALTG1_1996:ClH2_LEPS_ALTG1_1996.f:ancvrt
get_parameters: got "eval() arg 1 must be a string, bytes or code object" on 4
			Block: cartou
In: :ClH2_LEPS_ALTG1_1996:ClH2_LEPS_ALTG1_1996.f:cartou
get_parameters: got "eval() arg 1 must be a string, bytes or code object" on 4
			Block: carttor
			Block: eunitzero
In: :ClH2_LEPS_ALTG1_1996:ClH2_LEPS_ALTG1_1996.f:eunitzero
get_parameters: got "eval() arg 1 must be a string, bytes or code object" on 4
			Block: rtocart
In: :ClH2_LEPS_ALTG1_1996:ClH2_LEPS_ALTG1_1996.f:rtocart
get_parameters: got "eval() arg 1 must be a string, bytes or code object" on 4
			Block: dedcou
In: :ClH2_LEPS_ALTG1_1996:ClH2_LEPS_ALTG1_1996.f:dedcou
get_parameters: got "eval() arg 1 must be a string, bytes or code object" on 4
Applying post-processing hooks...
  character_backward_compatibility_hook
Post-processing (stage 2)...
Building modules...
    Building module "ClH2_LEPS_ALTG1_1996"...
    Generating possibly empty wrappers"
    Maybe empty "ClH2_LEPS_ALTG1_1996-f2pywrappers.f"
        Constructing wrapper function "pes"...
          p,g,d = pes(x,igrad)
    Generating possibly empty wrappers"
    Maybe empty "ClH2_LEPS_ALTG1_1996-f2pywrappers.f"
        Constructing wrapper function "evdrdx"...
          drdx = evdrdx(x,r)
    Generating possibly empty wrappers"
    Maybe empty "ClH2_LEPS_ALTG1_1996-f2pywrappers.f"
        Constructing wrapper function "prepot"...
          prepot()
    Generating possibly empty wrappers"
    Maybe empty "ClH2_LEPS_ALTG1_1996-f2pywrappers.f"
        Constructing wrapper function "pot"...
          pot()
    Generating possibly empty wrappers"
    Maybe empty "ClH2_LEPS_ALTG1_1996-f2pywrappers.f"
        Constructing wrapper function "potinfo"...
          potinfo()
    Generating possibly empty wrappers"
    Maybe empty "ClH2_LEPS_ALTG1_1996-f2pywrappers.f"
        Constructing wrapper function "ancvrt"...
          ancvrt()
    Generating possibly empty wrappers"
    Maybe empty "ClH2_LEPS_ALTG1_1996-f2pywrappers.f"
        Constructing wrapper function "cartou"...
          cartou()
    Generating possibly empty wrappers"
    Maybe empty "ClH2_LEPS_ALTG1_1996-f2pywrappers.f"
        Constructing wrapper function "carttor"...
          carttor()
    Generating possibly empty wrappers"
    Maybe empty "ClH2_LEPS_ALTG1_1996-f2pywrappers.f"
        Constructing wrapper function "eunitzero"...
          eunitzero()
    Generating possibly empty wrappers"
    Maybe empty "ClH2_LEPS_ALTG1_1996-f2pywrappers.f"
        Constructing wrapper function "rtocart"...
          rtocart()
    Generating possibly empty wrappers"
    Maybe empty "ClH2_LEPS_ALTG1_1996-f2pywrappers.f"
        Constructing wrapper function "dedcou"...
          dedcou()
		Constructing COMMON block support for "pt1cm"...
		  r,energy,dedr
		Constructing COMMON block support for "pt2cm"...
		  nsurf,nder,ndum
		Constructing COMMON block support for "pt5cm"...
		  easyab,easybc,easyac
		Constructing COMMON block support for "pt3cm"...
		  ezero
		Constructing COMMON block support for "pt4cm"...
		  engyes,deesdr
		Constructing COMMON block support for "infocm"...
		  cartnu,indexes,irctnt,natoms,icartr,mder,msurf,ref
		Constructing COMMON block support for "usrocm"...
		  pengygs,pengyes,pengyij,dgscart,descart,dijcart
		Constructing COMMON block support for "usricm"...
		  cart,anuzero,nulbl,nflag,nasurf,nder
		Constructing COMMON block support for "utilcm"...
		  dgscartnu,descartnu,dijcartnu,cnvrtd,cnvrte,cnvrtde,ireorder,ksdiag,kediag,ksoffd,keoffd
    Wrote C/API module "ClH2_LEPS_ALTG1_1996" to file "/tmp/tmpzie7blh_/src.linux-x86_64-3.11/ClH2_LEPS_ALTG1_1996module.c"
    Fortran 77 wrappers are saved to "/tmp/tmpzie7blh_/src.linux-x86_64-3.11/ClH2_LEPS_ALTG1_1996-f2pywrappers.f"
INFO:   adding '/tmp/tmpzie7blh_/src.linux-x86_64-3.11/fortranobject.c' to sources.
INFO:   adding '/tmp/tmpzie7blh_/src.linux-x86_64-3.11' to include_dirs.
copying /home/truhlard/shuxx055/anaconda3/envs/test/lib/python3.11/site-packages/numpy/f2py/src/fortranobject.c -> /tmp/tmpzie7blh_/src.linux-x86_64-3.11
copying /home/truhlard/shuxx055/anaconda3/envs/test/lib/python3.11/site-packages/numpy/f2py/src/fortranobject.h -> /tmp/tmpzie7blh_/src.linux-x86_64-3.11
INFO:   adding '/tmp/tmpzie7blh_/src.linux-x86_64-3.11/ClH2_LEPS_ALTG1_1996-f2pywrappers.f' to sources.
INFO: build_src: building npy-pkg config files
/home/truhlard/shuxx055/anaconda3/envs/test/lib/python3.11/site-packages/setuptools/_distutils/cmd.py:66: SetuptoolsDeprecationWarning: setup.py install is deprecated.
!!

        ********************************************************************************
        Please avoid running ``setup.py`` directly.
        Instead, use pypa/build, pypa/installer or other
        standards-based tools.

        See https://blog.ganssle.io/articles/2021/10/setup-py-deprecated.html for details.
        ********************************************************************************

!!
  self.initialize_options()
running build_ext
INFO: customize UnixCCompiler
INFO: customize UnixCCompiler using build_ext
INFO: get_default_fcompiler: matching types: '['arm', 'gnu95', 'intel', 'lahey', 'pg', 'nv', 'absoft', 'nag', 'vast', 'compaq', 'intele', 'intelem', 'gnu', 'g95', 'pathf95', 'nagfor', 'fujitsu']'
INFO: customize ArmFlangCompiler
WARN: Could not locate executable armflang
INFO: customize Gnu95FCompiler
INFO: Found executable /home/truhlard/shuxx055/anaconda3/envs/test/bin/gfortran
INFO: customize Gnu95FCompiler
INFO: customize Gnu95FCompiler using build_ext
INFO: building 'ClH2_LEPS_ALTG1_1996' extension
INFO: compiling C sources
INFO: C compiler: gcc -pthread -B /home/truhlard/shuxx055/anaconda3/envs/test/compiler_compat -DNDEBUG -fwrapv -O2 -Wall -fPIC -O2 -isystem /home/truhlard/shuxx055/anaconda3/envs/test/include -fPIC -O2 -isystem /home/truhlard/shuxx055/anaconda3/envs/test/include -fPIC

creating /tmp/tmpzie7blh_/tmp
creating /tmp/tmpzie7blh_/tmp/tmpzie7blh_
creating /tmp/tmpzie7blh_/tmp/tmpzie7blh_/src.linux-x86_64-3.11
INFO: compile options: '-DNPY_DISABLE_OPTIMIZATION=1 -I/tmp/tmpzie7blh_/src.linux-x86_64-3.11 -I/home/truhlard/shuxx055/anaconda3/envs/test/lib/python3.11/site-packages/numpy/core/include -I/home/truhlard/shuxx055/anaconda3/envs/test/include/python3.11 -c'
INFO: gcc: /tmp/tmpzie7blh_/src.linux-x86_64-3.11/fortranobject.c
INFO: gcc: /tmp/tmpzie7blh_/src.linux-x86_64-3.11/ClH2_LEPS_ALTG1_1996module.c
INFO: compiling Fortran sources
INFO: Fortran f77 compiler: /home/truhlard/shuxx055/anaconda3/envs/test/bin/gfortran -fallow-argument-mismatch -std=legacy -fPIC -O3 -funroll-loops
Fortran f90 compiler: /home/truhlard/shuxx055/anaconda3/envs/test/bin/gfortran -Wall -g -fno-second-underscore -fPIC -O3 -funroll-loops
Fortran fix compiler: /home/truhlard/shuxx055/anaconda3/envs/test/bin/gfortran -Wall -g -ffixed-form -fno-second-underscore -Wall -g -fno-second-underscore -fPIC -O3 -funroll-loops
INFO: compile options: '-I/tmp/tmpzie7blh_/src.linux-x86_64-3.11 -I/home/truhlard/shuxx055/anaconda3/envs/test/lib/python3.11/site-packages/numpy/core/include -I/home/truhlard/shuxx055/anaconda3/envs/test/include/python3.11 -c'
INFO: gfortran:f77: /tmp/tmpzie7blh_/src.linux-x86_64-3.11/ClH2_LEPS_ALTG1_1996-f2pywrappers.f
INFO: gfortran:f77: ClH2_LEPS_ALTG1_1996.f
ClH2_LEPS_ALTG1_1996.f:366:20:

  366 |       COMMON /PT1CM/  R(N3ATOM), ENGYGS, DEGSDR(N3ATOM)
      |                    1
Warning: Named COMMON block 'pt1cm' at (1) shall be of the same size as elsewhere (1208 vs 56 bytes)
ClH2_LEPS_ALTG1_1996.f:369:20:

  369 |       COMMON /PT5CM/  ENGYIJ(JSURF),DEIJDR(N3ATOM,JSURF)
      |                    1
Warning: Named COMMON block 'pt5cm' at (1) shall be of the same size as elsewhere (9120 vs 24 bytes)
INFO: /home/truhlard/shuxx055/anaconda3/envs/test/bin/gfortran -Wall -g -Wall -g -shared /tmp/tmpzie7blh_/tmp/tmpzie7blh_/src.linux-x86_64-3.11/ClH2_LEPS_ALTG1_1996module.o /tmp/tmpzie7blh_/tmp/tmpzie7blh_/src.linux-x86_64-3.11/fortranobject.o /tmp/tmpzie7blh_/ClH2_LEPS_ALTG1_1996.o /tmp/tmpzie7blh_/tmp/tmpzie7blh_/src.linux-x86_64-3.11/ClH2_LEPS_ALTG1_1996-f2pywrappers.o -L/panfs/jay/groups/16/truhlard/shuxx055/anaconda3/envs/test/bin/../lib/gcc/x86_64-conda-linux-gnu/13.1.0/../../../../x86_64-conda-linux-gnu/lib/../lib -L/panfs/jay/groups/16/truhlard/shuxx055/anaconda3/envs/test/bin/../lib/gcc/x86_64-conda-linux-gnu/13.1.0/../../../../x86_64-conda-linux-gnu/lib/../lib -lmkl_intel_lp64 -lmkl_sequential -lmkl_core -lgfortran -o ./ClH2_LEPS_ALTG1_1996.cpython-311-x86_64-linux-gnu.so
Removing build directory /tmp/tmpzie7blh_
