CH5O2_VBMM_2023.f:2745:20:

 2745 |       COMMON /POTCM/ nnc1,nnc2,nnb,
      |                    1
Warning: Padding of 4 bytes required before 'r0c1hr' in COMMON 'potcm' at (1); reorder elements or use '-fno-align-commons' [-Walign-commons]
CH5O2_VBMM_2023.f:2640:13:

 2637 |        do ind=1,3
      |                                                                        2
......
 2640 |          nc2(ind)=3*nnc2+icount
      |             1
Warning: Array reference at (1) out of bounds (3 > 1) in loop beginning at (2)
CH5O2_VBMM_2023.f:382:25:

  380 |        do ind=1,3
      |                                                                        2
  381 |          tc1b(ind)=q(nc1(ind))-q(nhb(ind))
  382 |          tc2b(ind)=q(nc2(ind))-q(nhb(ind))
      |                         1
Warning: Array reference at (1) out of bounds (3 > 1) in loop beginning at (2)
CH5O2_VBMM_2023.f:383:36:

  380 |        do ind=1,3
      |                                                                        2
......
  383 |          tcc(ind)=q(nc1(ind))-q(nc2(ind))
      |                                    1
Warning: Array reference at (1) out of bounds (3 > 1) in loop beginning at (2)
CH5O2_VBMM_2023.f:386:35:

  380 |        do ind=1,3
      |                                                                        2
......
  386 |          toh(ind)=q(no(ind))-q(nc2(ind))
      |                                   1
Warning: Array reference at (1) out of bounds (3 > 1) in loop beginning at (2)
CH5O2_VBMM_2023.f:396:29:

  395 |        do ind=1,3
      |                                                                        2
  396 |            tc2h(1,ind)=q(nc2(ind))-q(n2h(1,ind))
      |                             1
Warning: Array reference at (1) out of bounds (3 > 1) in loop beginning at (2)
CH5O2_VBMM_2023.f:1608:37:

 1607 |         do ind=1,3
      |                                                                        2
 1608 |           a(ind)=q(n1h(k,ind))-q(nc2(ind))
      |                                     1
Warning: Array reference at (1) out of bounds (3 > 1) in loop beginning at (2)
CH5O2_VBMM_2023.f:1609:37:

 1607 |         do ind=1,3
      |                                                                        2
 1608 |           a(ind)=q(n1h(k,ind))-q(nc2(ind))
 1609 |           b(ind)=q(n1h(l,ind))-q(nc2(ind))
      |                                     1
Warning: Array reference at (1) out of bounds (3 > 1) in loop beginning at (2)
CH5O2_VBMM_2023.f:1621:23:

 1620 |         do ind=1,3
      |                                                                        2
 1621 |           a(ind)=q(nc2(ind))-q(n1h(j,ind))
      |                       1
Warning: Array reference at (1) out of bounds (3 > 1) in loop beginning at (2)
CH5O2_VBMM_2023.f:1635:23:

 1633 |         do ind=1,3
      |                                                                        2
 1634 |           a(ind)=q(n1h(k,ind))-q(n1h(j,ind))
 1635 |           b(ind)=q(nc2(ind))-q(n1h(j,ind))
      |                       1
Warning: Array reference at (1) out of bounds (3 > 1) in loop beginning at (2)
CH5O2_VBMM_2023.f:200:12:

  199 |       DO I=1,27
      |                                                                        2
  200 |           q(I) = R(I)
      |            1
Warning: Array reference at (1) out of bounds (27 > 24) in loop beginning at (2)
CH5O2_VBMM_2023.f:201:15:

  199 |       DO I=1,27
      |                                                                        2
  200 |           q(I) = R(I)
  201 |           pdot(I)=0.D0
      |               1
Warning: Array reference at (1) out of bounds (27 > 24) in loop beginning at (2)
CH5O2_VBMM_2023.f:117:20:

  117 |       COMMON /POTCM/ nnc1,nnc2,nnb,
      |                    1
Warning: Padding of 4 bytes required before 'r0c1hr' in COMMON 'potcm' at (1); reorder elements or use '-fno-align-commons' [-Walign-commons]
CH5O2_VBMM_2023.f:1870:20:

 1870 |       COMMON /POTCM/ nnc1,nnc2,nnb,
      |                    1
Warning: Padding of 4 bytes required before 'r0c1hr' in COMMON 'potcm' at (1); reorder elements or use '-fno-align-commons' [-Walign-commons]
CH5O2_VBMM_2023.f:2079:20:

 2079 |       COMMON /POTCM/ nnc1,nnc2,nnb,
      |                    1
Warning: Padding of 4 bytes required before 'r0c1hr' in COMMON 'potcm' at (1); reorder elements or use '-fno-align-commons' [-Walign-commons]
CH5O2_VBMM_2023.f:485:20:

  485 |       COMMON /POTCM/ nnc1,nnc2,nnb,
      |                    1
Warning: Padding of 4 bytes required before 'r0c1hr' in COMMON 'potcm' at (1); reorder elements or use '-fno-align-commons' [-Walign-commons]
CH5O2_VBMM_2023.f:1371:20:

 1371 |       COMMON /POTCM/ nnc1,nnc2,nnb,
      |                    1
Warning: Padding of 4 bytes required before 'r0c1hr' in COMMON 'potcm' at (1); reorder elements or use '-fno-align-commons' [-Walign-commons]
CH5O2_VBMM_2023.f:1517:20:

 1517 |       COMMON /POTCM/ nnc1,nnc2,nnb,
      |                    1
Warning: Padding of 4 bytes required before 'r0c1hr' in COMMON 'potcm' at (1); reorder elements or use '-fno-align-commons' [-Walign-commons]
CH5O2_VBMM_2023.f:1734:20:

 1734 |       COMMON /POTCM/ nnc1,nnc2,nnb,
      |                    1
Warning: Padding of 4 bytes required before 'r0c1hr' in COMMON 'potcm' at (1); reorder elements or use '-fno-align-commons' [-Walign-commons]
CH5O2_VBMM_2023.f:1141:20:

 1141 |       COMMON /POTCM/ nnc1,nnc2,nnb,
      |                    1
Warning: Padding of 4 bytes required before 'r0c1hr' in COMMON 'potcm' at (1); reorder elements or use '-fno-align-commons' [-Walign-commons]
CH5O2_VBMM_2023.f:965:20:

  965 |       COMMON /POTCM/ nnc1,nnc2,nnb,
      |                    1
Warning: Padding of 4 bytes required before 'r0c1hr' in COMMON 'potcm' at (1); reorder elements or use '-fno-align-commons' [-Walign-commons]
CH5O2_VBMM_2023.f:2243:20:

 2243 |       COMMON /POTCM/ nnc1,nnc2,nnb,
      |                    1
Warning: Padding of 4 bytes required before 'r0c1hr' in COMMON 'potcm' at (1); reorder elements or use '-fno-align-commons' [-Walign-commons]
CH5O2_VBMM_2023.f:601:20:

  601 |       COMMON /POTCM/ nnc1,nnc2,nnb,
      |                    1
Warning: Padding of 4 bytes required before 'r0c1hr' in COMMON 'potcm' at (1); reorder elements or use '-fno-align-commons' [-Walign-commons]
CH5O2_VBMM_2023.f:759:20:

  759 |       COMMON /POTCM/ nnc1,nnc2,nnb,
      |                    1
Warning: Padding of 4 bytes required before 'r0c1hr' in COMMON 'potcm' at (1); reorder elements or use '-fno-align-commons' [-Walign-commons]
CH5O2_VBMM_2023.f:310:20:

  310 |       COMMON /POTCM/ nnc1,nnc2,nnb,
      |                    1
Warning: Padding of 4 bytes required before 'r0c1hr' in COMMON 'potcm' at (1); reorder elements or use '-fno-align-commons' [-Walign-commons]
CH5O2_VBMM_2023.f:2534:20:

 2534 |       COMMON /POTCM/ nnc1,nnc2,nnb,
      |                    1
Warning: Padding of 4 bytes required before 'r0c1hr' in COMMON 'potcm' at (1); reorder elements or use '-fno-align-commons' [-Walign-commons]
