OH2_Ap_GEN_M21986.f:775:51:

  775 |          DIS = SPLINE(3,NPHI,PHI,BSP(1,1),CSP(1,1),SCRAP,ANGLE)
      |                                                   1
Warning: Rank mismatch in argument 'd' at (1) (rank-1 and scalar)
OH2_Ap_GEN_M21986.f:776:52:

  776 |          DDIS = SPLINE(4,NPHI,PHI,BSP(1,1),CSP(1,1),SCRAP,ANGLE)
      |                                                    1
Warning: Rank mismatch in argument 'd' at (1) (rank-1 and scalar)
OH2_Ap_GEN_M21986.f:777:52:

  777 |          REQ2 = SPLINE(3,NPHI,PHI,BSP(1,2),CSP(1,2),SCRAP,ANGLE)
      |                                                    1
Warning: Rank mismatch in argument 'd' at (1) (rank-1 and scalar)
OH2_Ap_GEN_M21986.f:778:52:

  778 |          DREQ = SPLINE(4,NPHI,PHI,BSP(1,2),CSP(1,2),SCRAP,ANGLE)
      |                                                    1
Warning: Rank mismatch in argument 'd' at (1) (rank-1 and scalar)
OH2_Ap_GEN_M21986.f:779:52:

  779 |          BET =  SPLINE(3,NPHI,PHI,BSP(1,3),CSP(1,3),SCRAP,ANGLE)
      |                                                    1
Warning: Rank mismatch in argument 'd' at (1) (rank-1 and scalar)
OH2_Ap_GEN_M21986.f:780:52:

  780 |          DBET = SPLINE(4,NPHI,PHI,BSP(1,3),CSP(1,3),SCRAP,ANGLE)
      |                                                    1
Warning: Rank mismatch in argument 'd' at (1) (rank-1 and scalar)
