CH4OCl_VBMM_2023.f:2437:20:

 2437 |       COMMON /POTCM/ nnc1,nnc2,nnb,
      |                    1
Warning: Padding of 4 bytes required before 'r0c1hr' in COMMON 'potcm' at (1); reorder elements or use '-fno-align-commons' [-Walign-commons]
CH4OCl_VBMM_2023.f:2339:13:

 2336 |        do ind=1,3
      |                                                                        2
......
 2339 |          nc2(ind)=3*nnc2+icount
      |             1
Warning: Array reference at (1) out of bounds (3 > 1) in loop beginning at (2)
CH4OCl_VBMM_2023.f:351:25:

  349 |        do ind=1,3
      |                                                                        2
  350 |          tc1b(ind)=q(nc1(ind))-q(nhb(ind))
  351 |          tc2b(ind)=q(nc2(ind))-q(nhb(ind))
      |                         1
Warning: Array reference at (1) out of bounds (3 > 1) in loop beginning at (2)
CH4OCl_VBMM_2023.f:352:36:

  349 |        do ind=1,3
      |                                                                        2
......
  352 |          tcc(ind)=q(nc1(ind))-q(nc2(ind))
      |                                    1
Warning: Array reference at (1) out of bounds (3 > 1) in loop beginning at (2)
CH4OCl_VBMM_2023.f:362:29:

  361 |        do ind=1,3
      |                                                                        2
  362 |            tc2h(1,ind)=q(nc2(ind))-q(n2h(1,ind))
      |                             1
Warning: Array reference at (1) out of bounds (3 > 1) in loop beginning at (2)
CH4OCl_VBMM_2023.f:1420:37:

 1419 |         do ind=1,3
      |                                                                        2
 1420 |           a(ind)=q(n1h(k,ind))-q(nc2(ind))
      |                                     1
Warning: Array reference at (1) out of bounds (3 > 1) in loop beginning at (2)
CH4OCl_VBMM_2023.f:1421:37:

 1419 |         do ind=1,3
      |                                                                        2
 1420 |           a(ind)=q(n1h(k,ind))-q(nc2(ind))
 1421 |           b(ind)=q(n1h(l,ind))-q(nc2(ind))
      |                                     1
Warning: Array reference at (1) out of bounds (3 > 1) in loop beginning at (2)
CH4OCl_VBMM_2023.f:1433:23:

 1432 |         do ind=1,3
      |                                                                        2
 1433 |           a(ind)=q(nc2(ind))-q(n1h(j,ind))
      |                       1
Warning: Array reference at (1) out of bounds (3 > 1) in loop beginning at (2)
CH4OCl_VBMM_2023.f:1447:23:

 1445 |         do ind=1,3
      |                                                                        2
 1446 |           a(ind)=q(n1h(k,ind))-q(n1h(j,ind))
 1447 |           b(ind)=q(nc2(ind))-q(n1h(j,ind))
      |                       1
Warning: Array reference at (1) out of bounds (3 > 1) in loop beginning at (2)
CH4OCl_VBMM_2023.f:185:12:

  184 |       DO I=1,27
      |                                                                        2
  185 |           q(I) = R(I)
      |            1
Warning: Array reference at (1) out of bounds (27 > 21) in loop beginning at (2)
CH4OCl_VBMM_2023.f:186:15:

  184 |       DO I=1,27
      |                                                                        2
  185 |           q(I) = R(I)
  186 |           pdot(I)=0.D0
      |               1
Warning: Array reference at (1) out of bounds (27 > 21) in loop beginning at (2)
CH4OCl_VBMM_2023.f:116:20:

  116 |       COMMON /POTCM/ nnc1,nnc2,nnb,
      |                    1
Warning: Padding of 4 bytes required before 'r0c1hr' in COMMON 'potcm' at (1); reorder elements or use '-fno-align-commons' [-Walign-commons]
CH4OCl_VBMM_2023.f:1670:20:

 1670 |       COMMON /POTCM/ nnc1,nnc2,nnb,
      |                    1
Warning: Padding of 4 bytes required before 'r0c1hr' in COMMON 'potcm' at (1); reorder elements or use '-fno-align-commons' [-Walign-commons]
CH4OCl_VBMM_2023.f:1818:20:

 1818 |       COMMON /POTCM/ nnc1,nnc2,nnb,
      |                    1
Warning: Padding of 4 bytes required before 'r0c1hr' in COMMON 'potcm' at (1); reorder elements or use '-fno-align-commons' [-Walign-commons]
CH4OCl_VBMM_2023.f:1210:20:

 1210 |       COMMON /POTCM/ nnc1,nnc2,nnb,
      |                    1
Warning: Padding of 4 bytes required before 'r0c1hr' in COMMON 'potcm' at (1); reorder elements or use '-fno-align-commons' [-Walign-commons]
CH4OCl_VBMM_2023.f:1343:20:

 1343 |       COMMON /POTCM/ nnc1,nnc2,nnb,
      |                    1
Warning: Padding of 4 bytes required before 'r0c1hr' in COMMON 'potcm' at (1); reorder elements or use '-fno-align-commons' [-Walign-commons]
CH4OCl_VBMM_2023.f:1546:20:

 1546 |       COMMON /POTCM/ nnc1,nnc2,nnb,
      |                    1
Warning: Padding of 4 bytes required before 'r0c1hr' in COMMON 'potcm' at (1); reorder elements or use '-fno-align-commons' [-Walign-commons]
CH4OCl_VBMM_2023.f:996:20:

  996 |       COMMON /POTCM/ nnc1,nnc2,nnb,
      |                    1
Warning: Padding of 4 bytes required before 'r0c1hr' in COMMON 'potcm' at (1); reorder elements or use '-fno-align-commons' [-Walign-commons]
CH4OCl_VBMM_2023.f:833:20:

  833 |       COMMON /POTCM/ nnc1,nnc2,nnb,
      |                    1
Warning: Padding of 4 bytes required before 'r0c1hr' in COMMON 'potcm' at (1); reorder elements or use '-fno-align-commons' [-Walign-commons]
CH4OCl_VBMM_2023.f:1969:20:

 1969 |       COMMON /POTCM/ nnc1,nnc2,nnb,
      |                    1
Warning: Padding of 4 bytes required before 'r0c1hr' in COMMON 'potcm' at (1); reorder elements or use '-fno-align-commons' [-Walign-commons]
CH4OCl_VBMM_2023.f:495:20:

  495 |       COMMON /POTCM/ nnc1,nnc2,nnb,
      |                    1
Warning: Padding of 4 bytes required before 'r0c1hr' in COMMON 'potcm' at (1); reorder elements or use '-fno-align-commons' [-Walign-commons]
CH4OCl_VBMM_2023.f:639:20:

  639 |       COMMON /POTCM/ nnc1,nnc2,nnb,
      |                    1
Warning: Padding of 4 bytes required before 'r0c1hr' in COMMON 'potcm' at (1); reorder elements or use '-fno-align-commons' [-Walign-commons]
CH4OCl_VBMM_2023.f:292:20:

  292 |       COMMON /POTCM/ nnc1,nnc2,nnb,
      |                    1
Warning: Padding of 4 bytes required before 'r0c1hr' in COMMON 'potcm' at (1); reorder elements or use '-fno-align-commons' [-Walign-commons]
CH4OCl_VBMM_2023.f:2247:20:

 2247 |       COMMON /POTCM/ nnc1,nnc2,nnb,
      |                    1
Warning: Padding of 4 bytes required before 'r0c1hr' in COMMON 'potcm' at (1); reorder elements or use '-fno-align-commons' [-Walign-commons]
