running build
running config_cc
INFO: unifing config_cc, config, build_clib, build_ext, build commands --compiler options
running config_fc
INFO: unifing config_fc, config, build_clib, build_ext, build commands --fcompiler options
running build_src
INFO: build_src
INFO: building extension "HOCO_Ar_PIP" sources
INFO: f2py options: []
INFO: f2py:> /tmp/tmpvlo8qgqb/src.linux-x86_64-3.11/HOCO_Ar_PIPmodule.c
creating /tmp/tmpvlo8qgqb/src.linux-x86_64-3.11
Reading fortran codes...
	Reading file 'HOCO_Ar_PIP.f90' (format:free)
Post-processing...
	Block: HOCO_Ar_PIP
			Block: bemsa
				Block: emsav
				Block: bemsav
				Block: evmono
				Block: evpoly
			Block: pes
			Block: prepot
In: :HOCO_Ar_PIP:HOCO_Ar_PIP.f90:prepot
get_parameters: got "eval() arg 1 must be a string, bytes or code object" on 8
			Block: pot
In: :HOCO_Ar_PIP:HOCO_Ar_PIP.f90:pot
get_parameters: got "eval() arg 1 must be a string, bytes or code object" on 8
Applying post-processing hooks...
  character_backward_compatibility_hook
Post-processing (stage 2)...
	Block: HOCO_Ar_PIP
		Block: unknown_interface
			Block: bemsa
				Block: emsav
				Block: bemsav
				Block: evmono
				Block: evpoly
			Block: pes
			Block: prepot
			Block: pot
Building modules...
    Building module "HOCO_Ar_PIP"...
    Generating possibly empty wrappers"
    Maybe empty "HOCO_Ar_PIP-f2pywrappers.f"
        Constructing wrapper function "pes"...
          p,gradient_out,d = pes(x,igrad,path)
    Generating possibly empty wrappers"
    Maybe empty "HOCO_Ar_PIP-f2pywrappers.f"
        Constructing wrapper function "prepot"...
          prepot(path)
    Generating possibly empty wrappers"
    Maybe empty "HOCO_Ar_PIP-f2pywrappers.f"
        Constructing wrapper function "pot"...
          pot(xyz,v)
		Constructing F90 module support for "bemsa"...
		  Variables: coeff
		Creating wrapper for Fortran function "emsav"("emsav")...
            Constructing wrapper function "bemsa.emsav"...
              v = emsav(x,c)
            Constructing wrapper function "bemsa.bemsav"...
              p = bemsav(x)
            Constructing wrapper function "bemsa.evmono"...
              m = evmono(x)
            Constructing wrapper function "bemsa.evpoly"...
              p = evpoly(m)
    Wrote C/API module "HOCO_Ar_PIP" to file "/tmp/tmpvlo8qgqb/src.linux-x86_64-3.11/HOCO_Ar_PIPmodule.c"
    Fortran 90 wrappers are saved to "/tmp/tmpvlo8qgqb/src.linux-x86_64-3.11/HOCO_Ar_PIP-f2pywrappers2.f90"
INFO:   adding '/tmp/tmpvlo8qgqb/src.linux-x86_64-3.11/fortranobject.c' to sources.
INFO:   adding '/tmp/tmpvlo8qgqb/src.linux-x86_64-3.11' to include_dirs.
copying /home/truhlard/shuxx055/anaconda3/lib/python3.11/site-packages/numpy/f2py/src/fortranobject.c -> /tmp/tmpvlo8qgqb/src.linux-x86_64-3.11
copying /home/truhlard/shuxx055/anaconda3/lib/python3.11/site-packages/numpy/f2py/src/fortranobject.h -> /tmp/tmpvlo8qgqb/src.linux-x86_64-3.11
INFO:   adding '/tmp/tmpvlo8qgqb/src.linux-x86_64-3.11/HOCO_Ar_PIP-f2pywrappers.f' to sources.
INFO:   adding '/tmp/tmpvlo8qgqb/src.linux-x86_64-3.11/HOCO_Ar_PIP-f2pywrappers2.f90' to sources.
INFO: build_src: building npy-pkg config files
/home/truhlard/shuxx055/anaconda3/lib/python3.11/site-packages/setuptools/_distutils/cmd.py:66: SetuptoolsDeprecationWarning: setup.py install is deprecated.
!!

        ********************************************************************************
        Please avoid running ``setup.py`` directly.
        Instead, use pypa/build, pypa/installer, pypa/build or
        other standards-based tools.

        See https://blog.ganssle.io/articles/2021/10/setup-py-deprecated.html for details.
        ********************************************************************************

!!
  self.initialize_options()
running build_ext
INFO: customize UnixCCompiler
INFO: customize UnixCCompiler using build_ext
INFO: get_default_fcompiler: matching types: '['arm', 'gnu95', 'intel', 'lahey', 'pg', 'nv', 'absoft', 'nag', 'vast', 'compaq', 'intele', 'intelem', 'gnu', 'g95', 'pathf95', 'nagfor', 'fujitsu']'
INFO: customize ArmFlangCompiler
WARN: Could not locate executable armflang
INFO: customize Gnu95FCompiler
INFO: Found executable /home/truhlard/shuxx055/anaconda3/bin/gfortran
INFO: customize Gnu95FCompiler
INFO: customize Gnu95FCompiler using build_ext
INFO: building 'HOCO_Ar_PIP' extension
INFO: compiling C sources
INFO: C compiler: gcc -pthread -B /home/truhlard/shuxx055/anaconda3/compiler_compat -DNDEBUG -fwrapv -O2 -Wall -fPIC -O2 -isystem /home/truhlard/shuxx055/anaconda3/include -fPIC -O2 -isystem /home/truhlard/shuxx055/anaconda3/include -fPIC

creating /tmp/tmpvlo8qgqb/tmp
creating /tmp/tmpvlo8qgqb/tmp/tmpvlo8qgqb
creating /tmp/tmpvlo8qgqb/tmp/tmpvlo8qgqb/src.linux-x86_64-3.11
INFO: compile options: '-DNPY_DISABLE_OPTIMIZATION=1 -I/tmp/tmpvlo8qgqb/src.linux-x86_64-3.11 -I/home/truhlard/shuxx055/anaconda3/lib/python3.11/site-packages/numpy/core/include -I/home/truhlard/shuxx055/anaconda3/include/python3.11 -c'
INFO: gcc: /tmp/tmpvlo8qgqb/src.linux-x86_64-3.11/fortranobject.c
INFO: gcc: /tmp/tmpvlo8qgqb/src.linux-x86_64-3.11/HOCO_Ar_PIPmodule.c
INFO: compiling Fortran 90 module sources
INFO: Fortran f77 compiler: /home/truhlard/shuxx055/anaconda3/bin/gfortran -Wall -g -ffixed-form -fno-second-underscore -fPIC -O3 -funroll-loops
Fortran f90 compiler: /home/truhlard/shuxx055/anaconda3/bin/gfortran -fallow-argument-mismatch -std=legacy -fPIC -O3 -funroll-loops
Fortran fix compiler: /home/truhlard/shuxx055/anaconda3/bin/gfortran -Wall -g -ffixed-form -fno-second-underscore -fallow-argument-mismatch -std=legacy -fPIC -O3 -funroll-loops
INFO: compile options: '-I/tmp/tmpvlo8qgqb/src.linux-x86_64-3.11 -I/home/truhlard/shuxx055/anaconda3/lib/python3.11/site-packages/numpy/core/include -I/home/truhlard/shuxx055/anaconda3/include/python3.11 -c'
extra options: '-J/tmp/tmpvlo8qgqb/ -I/tmp/tmpvlo8qgqb/'
INFO: gfortran:f90: HOCO_Ar_PIP.f90
INFO: compiling Fortran sources
INFO: Fortran f77 compiler: /home/truhlard/shuxx055/anaconda3/bin/gfortran -Wall -g -ffixed-form -fno-second-underscore -fPIC -O3 -funroll-loops
Fortran f90 compiler: /home/truhlard/shuxx055/anaconda3/bin/gfortran -fallow-argument-mismatch -std=legacy -fPIC -O3 -funroll-loops
Fortran fix compiler: /home/truhlard/shuxx055/anaconda3/bin/gfortran -Wall -g -ffixed-form -fno-second-underscore -fallow-argument-mismatch -std=legacy -fPIC -O3 -funroll-loops
INFO: compile options: '-I/tmp/tmpvlo8qgqb/src.linux-x86_64-3.11 -I/home/truhlard/shuxx055/anaconda3/lib/python3.11/site-packages/numpy/core/include -I/home/truhlard/shuxx055/anaconda3/include/python3.11 -c'
extra options: '-J/tmp/tmpvlo8qgqb/ -I/tmp/tmpvlo8qgqb/'
INFO: gfortran:f90: /tmp/tmpvlo8qgqb/src.linux-x86_64-3.11/HOCO_Ar_PIP-f2pywrappers2.f90
/tmp/tmpvlo8qgqb/src.linux-x86_64-3.11/HOCO_Ar_PIP-f2pywrappers2.f90:5:37:

    5 |       subroutine f2pywrap_bemsa_emsav (emsavf2pywrap, x, c)
      |                                     1
......
   19 |       subroutine f2pywrap_bemsa_emsav (emsavf2pywrap, emsav, x, c)
      |                                     2
Warning: Rank mismatch in argument 'emsav' (0/1) between (1) and (2)
INFO: gfortran:f77: /tmp/tmpvlo8qgqb/src.linux-x86_64-3.11/HOCO_Ar_PIP-f2pywrappers.f
INFO: /home/truhlard/shuxx055/anaconda3/bin/gfortran -Wall -g -Wall -g -shared /tmp/tmpvlo8qgqb/tmp/tmpvlo8qgqb/src.linux-x86_64-3.11/HOCO_Ar_PIPmodule.o /tmp/tmpvlo8qgqb/tmp/tmpvlo8qgqb/src.linux-x86_64-3.11/fortranobject.o /tmp/tmpvlo8qgqb/HOCO_Ar_PIP.o /tmp/tmpvlo8qgqb/tmp/tmpvlo8qgqb/src.linux-x86_64-3.11/HOCO_Ar_PIP-f2pywrappers.o /tmp/tmpvlo8qgqb/tmp/tmpvlo8qgqb/src.linux-x86_64-3.11/HOCO_Ar_PIP-f2pywrappers2.o -L/panfs/jay/groups/16/truhlard/shuxx055/anaconda3/bin/../lib/gcc/x86_64-conda-linux-gnu/13.1.0/../../../../x86_64-conda-linux-gnu/lib/../lib -L/panfs/jay/groups/16/truhlard/shuxx055/anaconda3/bin/../lib/gcc/x86_64-conda-linux-gnu/13.1.0/../../../../x86_64-conda-linux-gnu/lib/../lib -lmkl_intel_lp64 -lmkl_sequential -lmkl_core -lgfortran -o ./HOCO_Ar_PIP.cpython-311-x86_64-linux-gnu.so
Removing build directory /tmp/tmpvlo8qgqb
