running build
running config_cc
INFO: unifing config_cc, config, build_clib, build_ext, build commands --compiler options
running config_fc
INFO: unifing config_fc, config, build_clib, build_ext, build commands --fcompiler options
running build_src
INFO: build_src
INFO: building extension "CH4OF_PIPNN" sources
INFO: f2py options: []
INFO: f2py:> /tmp/tmpw0_ym6zj/src.linux-x86_64-3.11/CH4OF_PIPNNmodule.c
creating /tmp/tmpw0_ym6zj/src.linux-x86_64-3.11
Reading fortran codes...
	Reading file 'CH4OF_PIPNN.f90' (format:fix)
Post-processing...
	Block: CH4OF_PIPNN
			Block: nnparam
In: :CH4OF_PIPNN:CH4OF_PIPNN.f90:nnparam
get_parameters: got "eval() arg 1 must be a string, bytes or code object" on 4
In: :CH4OF_PIPNN:CH4OF_PIPNN.f90:nnparam
get_parameters: got "eval() arg 1 must be a string, bytes or code object" on 4
In: :CH4OF_PIPNN:CH4OF_PIPNN.f90:nnparam
get_parameters: got "eval() arg 1 must be a string, bytes or code object" on 4
In: :CH4OF_PIPNN:CH4OF_PIPNN.f90:nnparam
get_parameters: got "eval() arg 1 must be a string, bytes or code object" on 4
			Block: pes
In: :CH4OF_PIPNN:CH4OF_PIPNN.f90:pes
get_parameters: got "eval() arg 1 must be a string, bytes or code object" on 4
In: :CH4OF_PIPNN:CH4OF_PIPNN.f90:pes
get_parameters: got "eval() arg 1 must be a string, bytes or code object" on 4
In: :CH4OF_PIPNN:CH4OF_PIPNN.f90:pes
get_parameters: got "eval() arg 1 must be a string, bytes or code object" on 4
In: :CH4OF_PIPNN:CH4OF_PIPNN.f90:pes
get_parameters: got "eval() arg 1 must be a string, bytes or code object" on 4
			Block: fch3ohpipnn
In: :CH4OF_PIPNN:CH4OF_PIPNN.f90:fch3ohpipnn
get_parameters: got "eval() arg 1 must be a string, bytes or code object" on 4
In: :CH4OF_PIPNN:CH4OF_PIPNN.f90:fch3ohpipnn
get_parameters: got "eval() arg 1 must be a string, bytes or code object" on 4
In: :CH4OF_PIPNN:CH4OF_PIPNN.f90:fch3ohpipnn
get_parameters: got "eval() arg 1 must be a string, bytes or code object" on 4
In: :CH4OF_PIPNN:CH4OF_PIPNN.f90:fch3ohpipnn
get_parameters: got "eval() arg 1 must be a string, bytes or code object" on 4
			Block: pes_init
In: :CH4OF_PIPNN:CH4OF_PIPNN.f90:pes_init
get_parameters: got "eval() arg 1 must be a string, bytes or code object" on 4
In: :CH4OF_PIPNN:CH4OF_PIPNN.f90:pes_init
get_parameters: got "eval() arg 1 must be a string, bytes or code object" on 4
In: :CH4OF_PIPNN:CH4OF_PIPNN.f90:pes_init
get_parameters: got "eval() arg 1 must be a string, bytes or code object" on 4
In: :CH4OF_PIPNN:CH4OF_PIPNN.f90:pes_init
get_parameters: got "eval() arg 1 must be a string, bytes or code object" on 4
			Block: getpota
In: :CH4OF_PIPNN:CH4OF_PIPNN.f90:getpota
get_parameters: got "eval() arg 1 must be a string, bytes or code object" on 4
In: :CH4OF_PIPNN:CH4OF_PIPNN.f90:getpota
get_parameters: got "eval() arg 1 must be a string, bytes or code object" on 4
In: :CH4OF_PIPNN:CH4OF_PIPNN.f90:getpota
get_parameters: got "eval() arg 1 must be a string, bytes or code object" on 4
In: :CH4OF_PIPNN:CH4OF_PIPNN.f90:getpota
get_parameters: got "eval() arg 1 must be a string, bytes or code object" on 4
			Block: tranfun
			Block: bemsav
			Block: evmono
			Block: evpoly
Applying post-processing hooks...
  character_backward_compatibility_hook
Post-processing (stage 2)...
	Block: CH4OF_PIPNN
		Block: unknown_interface
			Block: nnparam
			Block: pes
			Block: fch3ohpipnn
			Block: pes_init
			Block: getpota
			Block: tranfun
			Block: bemsav
			Block: evmono
			Block: evpoly
Building modules...
    Building module "CH4OF_PIPNN"...
    Generating possibly empty wrappers"
    Maybe empty "CH4OF_PIPNN-f2pywrappers.f"
        Constructing wrapper function "pes"...
          p,g,d = pes(x,igrad,path)
    Generating possibly empty wrappers"
    Maybe empty "CH4OF_PIPNN-f2pywrappers.f"
        Constructing wrapper function "fch3ohpipnn"...
          fch3ohpipnn(ct,vpes)
    Generating possibly empty wrappers"
    Maybe empty "CH4OF_PIPNN-f2pywrappers.f"
        Constructing wrapper function "pes_init"...
          pes_init(path)
    Generating possibly empty wrappers"
    Maybe empty "CH4OF_PIPNN-f2pywrappers.f"
        Constructing wrapper function "getpota"...
          getpota(x,vpot)
    Generating possibly empty wrappers"
    Maybe empty "CH4OF_PIPNN-f2pywrappers.f"
		Creating wrapper for Fortran function "tranfun"("tranfun")...
        Constructing wrapper function "tranfun"...
          tranfun = tranfun(x,ifunc)
    Generating possibly empty wrappers"
    Maybe empty "CH4OF_PIPNN-f2pywrappers.f"
        Constructing wrapper function "bemsav"...
          p = bemsav(xmorse)
    Generating possibly empty wrappers"
    Maybe empty "CH4OF_PIPNN-f2pywrappers.f"
        Constructing wrapper function "evmono"...
          m = evmono(x)
    Generating possibly empty wrappers"
    Maybe empty "CH4OF_PIPNN-f2pywrappers.f"
        Constructing wrapper function "evpoly"...
          p = evpoly(m)
		Constructing F90 module support for "nnparam"...
		  Variables: alpha pi radian nbasis ndim natom vpesmin ninput noutput nhid nlayer ifunc nwe nodemax nscale nodes weighta biasa pdela pavga
getarrdims:warning: assumed shape array, using 0 instead of ':'
getarrdims:warning: assumed shape array, using 0 instead of ':'
getarrdims:warning: assumed shape array, using 0 instead of ':'
getarrdims:warning: assumed shape array, using 0 instead of ':'
getarrdims:warning: assumed shape array, using 0 instead of ':'
getarrdims:warning: assumed shape array, using 0 instead of ':'
getarrdims:warning: assumed shape array, using 0 instead of ':'
getarrdims:warning: assumed shape array, using 0 instead of ':'
    Wrote C/API module "CH4OF_PIPNN" to file "/tmp/tmpw0_ym6zj/src.linux-x86_64-3.11/CH4OF_PIPNNmodule.c"
    Fortran 77 wrappers are saved to "/tmp/tmpw0_ym6zj/src.linux-x86_64-3.11/CH4OF_PIPNN-f2pywrappers.f"
    Fortran 90 wrappers are saved to "/tmp/tmpw0_ym6zj/src.linux-x86_64-3.11/CH4OF_PIPNN-f2pywrappers2.f90"
INFO:   adding '/tmp/tmpw0_ym6zj/src.linux-x86_64-3.11/fortranobject.c' to sources.
INFO:   adding '/tmp/tmpw0_ym6zj/src.linux-x86_64-3.11' to include_dirs.
copying /home/truhlard/shuxx055/anaconda3/lib/python3.11/site-packages/numpy/f2py/src/fortranobject.c -> /tmp/tmpw0_ym6zj/src.linux-x86_64-3.11
copying /home/truhlard/shuxx055/anaconda3/lib/python3.11/site-packages/numpy/f2py/src/fortranobject.h -> /tmp/tmpw0_ym6zj/src.linux-x86_64-3.11
INFO:   adding '/tmp/tmpw0_ym6zj/src.linux-x86_64-3.11/CH4OF_PIPNN-f2pywrappers.f' to sources.
INFO:   adding '/tmp/tmpw0_ym6zj/src.linux-x86_64-3.11/CH4OF_PIPNN-f2pywrappers2.f90' to sources.
INFO: build_src: building npy-pkg config files
/home/truhlard/shuxx055/anaconda3/lib/python3.11/site-packages/setuptools/_distutils/cmd.py:66: SetuptoolsDeprecationWarning: setup.py install is deprecated.
!!

        ********************************************************************************
        Please avoid running ``setup.py`` directly.
        Instead, use pypa/build, pypa/installer, pypa/build or
        other standards-based tools.

        See https://blog.ganssle.io/articles/2021/10/setup-py-deprecated.html for details.
        ********************************************************************************

!!
  self.initialize_options()
running build_ext
INFO: customize UnixCCompiler
INFO: customize UnixCCompiler using build_ext
INFO: get_default_fcompiler: matching types: '['arm', 'gnu95', 'intel', 'lahey', 'pg', 'nv', 'absoft', 'nag', 'vast', 'compaq', 'intele', 'intelem', 'gnu', 'g95', 'pathf95', 'nagfor', 'fujitsu']'
INFO: customize ArmFlangCompiler
WARN: Could not locate executable armflang
INFO: customize Gnu95FCompiler
INFO: Found executable /home/truhlard/shuxx055/anaconda3/bin/gfortran
INFO: customize Gnu95FCompiler
INFO: customize Gnu95FCompiler using build_ext
INFO: building 'CH4OF_PIPNN' extension
INFO: compiling C sources
INFO: C compiler: gcc -pthread -B /home/truhlard/shuxx055/anaconda3/compiler_compat -DNDEBUG -fwrapv -O2 -Wall -fPIC -O2 -isystem /home/truhlard/shuxx055/anaconda3/include -fPIC -O2 -isystem /home/truhlard/shuxx055/anaconda3/include -fPIC

creating /tmp/tmpw0_ym6zj/tmp
creating /tmp/tmpw0_ym6zj/tmp/tmpw0_ym6zj
creating /tmp/tmpw0_ym6zj/tmp/tmpw0_ym6zj/src.linux-x86_64-3.11
INFO: compile options: '-DNPY_DISABLE_OPTIMIZATION=1 -I/tmp/tmpw0_ym6zj/src.linux-x86_64-3.11 -I/home/truhlard/shuxx055/anaconda3/lib/python3.11/site-packages/numpy/core/include -I/home/truhlard/shuxx055/anaconda3/include/python3.11 -c'
INFO: gcc: /tmp/tmpw0_ym6zj/src.linux-x86_64-3.11/CH4OF_PIPNNmodule.c
INFO: gcc: /tmp/tmpw0_ym6zj/src.linux-x86_64-3.11/fortranobject.c
/tmp/tmpw0_ym6zj/src.linux-x86_64-3.11/CH4OF_PIPNNmodule.c: In function 'f2py_setup_nnparam':
/tmp/tmpw0_ym6zj/src.linux-x86_64-3.11/CH4OF_PIPNNmodule.c:1281:35: warning: assignment to 'f2py_init_func' {aka 'void (*)(int *, long int *, void (*)(char *, long int *), int *)'} from incompatible pointer type 'void (*)(int *, int *, void (*)(char *, int *), int *)' [-Wincompatible-pointer-types]
 1281 |   f2py_nnparam_def[i_f2py++].func = nodes;
      |                                   ^
/tmp/tmpw0_ym6zj/src.linux-x86_64-3.11/CH4OF_PIPNNmodule.c:1282:35: warning: assignment to 'f2py_init_func' {aka 'void (*)(int *, long int *, void (*)(char *, long int *), int *)'} from incompatible pointer type 'void (*)(int *, int *, void (*)(char *, int *), int *)' [-Wincompatible-pointer-types]
 1282 |   f2py_nnparam_def[i_f2py++].func = weighta;
      |                                   ^
/tmp/tmpw0_ym6zj/src.linux-x86_64-3.11/CH4OF_PIPNNmodule.c:1283:35: warning: assignment to 'f2py_init_func' {aka 'void (*)(int *, long int *, void (*)(char *, long int *), int *)'} from incompatible pointer type 'void (*)(int *, int *, void (*)(char *, int *), int *)' [-Wincompatible-pointer-types]
 1283 |   f2py_nnparam_def[i_f2py++].func = biasa;
      |                                   ^
/tmp/tmpw0_ym6zj/src.linux-x86_64-3.11/CH4OF_PIPNNmodule.c:1284:35: warning: assignment to 'f2py_init_func' {aka 'void (*)(int *, long int *, void (*)(char *, long int *), int *)'} from incompatible pointer type 'void (*)(int *, int *, void (*)(char *, int *), int *)' [-Wincompatible-pointer-types]
 1284 |   f2py_nnparam_def[i_f2py++].func = pdela;
      |                                   ^
/tmp/tmpw0_ym6zj/src.linux-x86_64-3.11/CH4OF_PIPNNmodule.c:1285:35: warning: assignment to 'f2py_init_func' {aka 'void (*)(int *, long int *, void (*)(char *, long int *), int *)'} from incompatible pointer type 'void (*)(int *, int *, void (*)(char *, int *), int *)' [-Wincompatible-pointer-types]
 1285 |   f2py_nnparam_def[i_f2py++].func = pavga;
      |                                   ^
INFO: compiling Fortran 90 module sources
INFO: Fortran f77 compiler: /home/truhlard/shuxx055/anaconda3/bin/gfortran -Wall -g -ffixed-form -fno-second-underscore -fPIC -O3 -funroll-loops
Fortran f90 compiler: /home/truhlard/shuxx055/anaconda3/bin/gfortran -fallow-argument-mismatch -std=legacy -fPIC -O3 -funroll-loops
Fortran fix compiler: /home/truhlard/shuxx055/anaconda3/bin/gfortran -Wall -g -ffixed-form -fno-second-underscore -fallow-argument-mismatch -std=legacy -fPIC -O3 -funroll-loops
INFO: compile options: '-I/tmp/tmpw0_ym6zj/src.linux-x86_64-3.11 -I/home/truhlard/shuxx055/anaconda3/lib/python3.11/site-packages/numpy/core/include -I/home/truhlard/shuxx055/anaconda3/include/python3.11 -c'
extra options: '-J/tmp/tmpw0_ym6zj/ -I/tmp/tmpw0_ym6zj/'
INFO: gfortran:f90: CH4OF_PIPNN.f90
INFO: compiling Fortran sources
INFO: Fortran f77 compiler: /home/truhlard/shuxx055/anaconda3/bin/gfortran -Wall -g -ffixed-form -fno-second-underscore -fPIC -O3 -funroll-loops
Fortran f90 compiler: /home/truhlard/shuxx055/anaconda3/bin/gfortran -fallow-argument-mismatch -std=legacy -fPIC -O3 -funroll-loops
Fortran fix compiler: /home/truhlard/shuxx055/anaconda3/bin/gfortran -Wall -g -ffixed-form -fno-second-underscore -fallow-argument-mismatch -std=legacy -fPIC -O3 -funroll-loops
INFO: compile options: '-I/tmp/tmpw0_ym6zj/src.linux-x86_64-3.11 -I/home/truhlard/shuxx055/anaconda3/lib/python3.11/site-packages/numpy/core/include -I/home/truhlard/shuxx055/anaconda3/include/python3.11 -c'
extra options: '-J/tmp/tmpw0_ym6zj/ -I/tmp/tmpw0_ym6zj/'
INFO: gfortran:f90: /tmp/tmpw0_ym6zj/src.linux-x86_64-3.11/CH4OF_PIPNN-f2pywrappers2.f90
INFO: gfortran:f77: /tmp/tmpw0_ym6zj/src.linux-x86_64-3.11/CH4OF_PIPNN-f2pywrappers.f
INFO: /home/truhlard/shuxx055/anaconda3/bin/gfortran -Wall -g -Wall -g -shared /tmp/tmpw0_ym6zj/tmp/tmpw0_ym6zj/src.linux-x86_64-3.11/CH4OF_PIPNNmodule.o /tmp/tmpw0_ym6zj/tmp/tmpw0_ym6zj/src.linux-x86_64-3.11/fortranobject.o /tmp/tmpw0_ym6zj/CH4OF_PIPNN.o /tmp/tmpw0_ym6zj/tmp/tmpw0_ym6zj/src.linux-x86_64-3.11/CH4OF_PIPNN-f2pywrappers.o /tmp/tmpw0_ym6zj/tmp/tmpw0_ym6zj/src.linux-x86_64-3.11/CH4OF_PIPNN-f2pywrappers2.o -L/panfs/jay/groups/16/truhlard/shuxx055/anaconda3/bin/../lib/gcc/x86_64-conda-linux-gnu/13.1.0/../../../../x86_64-conda-linux-gnu/lib/../lib -L/panfs/jay/groups/16/truhlard/shuxx055/anaconda3/bin/../lib/gcc/x86_64-conda-linux-gnu/13.1.0/../../../../x86_64-conda-linux-gnu/lib/../lib -lmkl_intel_lp64 -lmkl_sequential -lmkl_core -lgfortran -o ./CH4OF_PIPNN.cpython-311-x86_64-linux-gnu.so
Removing build directory /tmp/tmpw0_ym6zj
