running build
running config_cc
INFO: unifing config_cc, config, build_clib, build_ext, build commands --compiler options
running config_fc
INFO: unifing config_fc, config, build_clib, build_ext, build commands --fcompiler options
running build_src
INFO: build_src
INFO: building extension "CH4OCl_PIPNN" sources
INFO: f2py options: []
INFO: f2py:> /tmp/tmp4q9pmlha/src.linux-x86_64-3.11/CH4OCl_PIPNNmodule.c
creating /tmp/tmp4q9pmlha/src.linux-x86_64-3.11
Reading fortran codes...
	Reading file 'CH4OCl_PIPNN.f90' (format:fix)
Post-processing...
	Block: CH4OCl_PIPNN
			Block: nnparam
In: :CH4OCl_PIPNN:CH4OCl_PIPNN.f90:nnparam
get_parameters: got "eval() arg 1 must be a string, bytes or code object" on 4
In: :CH4OCl_PIPNN:CH4OCl_PIPNN.f90:nnparam
get_parameters: got "eval() arg 1 must be a string, bytes or code object" on 4
In: :CH4OCl_PIPNN:CH4OCl_PIPNN.f90:nnparam
get_parameters: got "eval() arg 1 must be a string, bytes or code object" on 4
In: :CH4OCl_PIPNN:CH4OCl_PIPNN.f90:nnparam
get_parameters: got "eval() arg 1 must be a string, bytes or code object" on 4
			Block: pes
In: :CH4OCl_PIPNN:CH4OCl_PIPNN.f90:pes
get_parameters: got "eval() arg 1 must be a string, bytes or code object" on 4
In: :CH4OCl_PIPNN:CH4OCl_PIPNN.f90:pes
get_parameters: got "eval() arg 1 must be a string, bytes or code object" on 4
In: :CH4OCl_PIPNN:CH4OCl_PIPNN.f90:pes
get_parameters: got "eval() arg 1 must be a string, bytes or code object" on 4
In: :CH4OCl_PIPNN:CH4OCl_PIPNN.f90:pes
get_parameters: got "eval() arg 1 must be a string, bytes or code object" on 4
			Block: clch3ohpipnn
In: :CH4OCl_PIPNN:CH4OCl_PIPNN.f90:clch3ohpipnn
get_parameters: got "eval() arg 1 must be a string, bytes or code object" on 4
In: :CH4OCl_PIPNN:CH4OCl_PIPNN.f90:clch3ohpipnn
get_parameters: got "eval() arg 1 must be a string, bytes or code object" on 4
In: :CH4OCl_PIPNN:CH4OCl_PIPNN.f90:clch3ohpipnn
get_parameters: got "eval() arg 1 must be a string, bytes or code object" on 4
In: :CH4OCl_PIPNN:CH4OCl_PIPNN.f90:clch3ohpipnn
get_parameters: got "eval() arg 1 must be a string, bytes or code object" on 4
			Block: pes_init
In: :CH4OCl_PIPNN:CH4OCl_PIPNN.f90:pes_init
get_parameters: got "eval() arg 1 must be a string, bytes or code object" on 4
In: :CH4OCl_PIPNN:CH4OCl_PIPNN.f90:pes_init
get_parameters: got "eval() arg 1 must be a string, bytes or code object" on 4
In: :CH4OCl_PIPNN:CH4OCl_PIPNN.f90:pes_init
get_parameters: got "eval() arg 1 must be a string, bytes or code object" on 4
In: :CH4OCl_PIPNN:CH4OCl_PIPNN.f90:pes_init
get_parameters: got "eval() arg 1 must be a string, bytes or code object" on 4
			Block: getpota
In: :CH4OCl_PIPNN:CH4OCl_PIPNN.f90:getpota
get_parameters: got "eval() arg 1 must be a string, bytes or code object" on 4
In: :CH4OCl_PIPNN:CH4OCl_PIPNN.f90:getpota
get_parameters: got "eval() arg 1 must be a string, bytes or code object" on 4
In: :CH4OCl_PIPNN:CH4OCl_PIPNN.f90:getpota
get_parameters: got "eval() arg 1 must be a string, bytes or code object" on 4
In: :CH4OCl_PIPNN:CH4OCl_PIPNN.f90:getpota
get_parameters: got "eval() arg 1 must be a string, bytes or code object" on 4
			Block: tranfun
			Block: bemsav
			Block: evmono
			Block: evpoly
Applying post-processing hooks...
  character_backward_compatibility_hook
Post-processing (stage 2)...
	Block: CH4OCl_PIPNN
		Block: unknown_interface
			Block: nnparam
			Block: pes
			Block: clch3ohpipnn
			Block: pes_init
			Block: getpota
			Block: tranfun
			Block: bemsav
			Block: evmono
			Block: evpoly
Building modules...
    Building module "CH4OCl_PIPNN"...
    Generating possibly empty wrappers"
    Maybe empty "CH4OCl_PIPNN-f2pywrappers.f"
        Constructing wrapper function "pes"...
          p,g,d = pes(x,igrad,path)
    Generating possibly empty wrappers"
    Maybe empty "CH4OCl_PIPNN-f2pywrappers.f"
        Constructing wrapper function "clch3ohpipnn"...
          clch3ohpipnn(ct,vpes)
    Generating possibly empty wrappers"
    Maybe empty "CH4OCl_PIPNN-f2pywrappers.f"
        Constructing wrapper function "pes_init"...
          pes_init(path)
    Generating possibly empty wrappers"
    Maybe empty "CH4OCl_PIPNN-f2pywrappers.f"
        Constructing wrapper function "getpota"...
          getpota(x,vpot)
    Generating possibly empty wrappers"
    Maybe empty "CH4OCl_PIPNN-f2pywrappers.f"
		Creating wrapper for Fortran function "tranfun"("tranfun")...
        Constructing wrapper function "tranfun"...
          tranfun = tranfun(x,ifunc)
    Generating possibly empty wrappers"
    Maybe empty "CH4OCl_PIPNN-f2pywrappers.f"
        Constructing wrapper function "bemsav"...
          p = bemsav(xmorse)
    Generating possibly empty wrappers"
    Maybe empty "CH4OCl_PIPNN-f2pywrappers.f"
        Constructing wrapper function "evmono"...
          m = evmono(x)
    Generating possibly empty wrappers"
    Maybe empty "CH4OCl_PIPNN-f2pywrappers.f"
        Constructing wrapper function "evpoly"...
          p = evpoly(m)
		Constructing F90 module support for "nnparam"...
		  Variables: alpha pi radian nbasis ndim natom vpesmin ninput noutput nhid nlayer ifunc nwe nodemax nscale nodes weighta biasa pdela pavga
getarrdims:warning: assumed shape array, using 0 instead of ':'
getarrdims:warning: assumed shape array, using 0 instead of ':'
getarrdims:warning: assumed shape array, using 0 instead of ':'
getarrdims:warning: assumed shape array, using 0 instead of ':'
getarrdims:warning: assumed shape array, using 0 instead of ':'
getarrdims:warning: assumed shape array, using 0 instead of ':'
getarrdims:warning: assumed shape array, using 0 instead of ':'
getarrdims:warning: assumed shape array, using 0 instead of ':'
    Wrote C/API module "CH4OCl_PIPNN" to file "/tmp/tmp4q9pmlha/src.linux-x86_64-3.11/CH4OCl_PIPNNmodule.c"
    Fortran 77 wrappers are saved to "/tmp/tmp4q9pmlha/src.linux-x86_64-3.11/CH4OCl_PIPNN-f2pywrappers.f"
    Fortran 90 wrappers are saved to "/tmp/tmp4q9pmlha/src.linux-x86_64-3.11/CH4OCl_PIPNN-f2pywrappers2.f90"
INFO:   adding '/tmp/tmp4q9pmlha/src.linux-x86_64-3.11/fortranobject.c' to sources.
INFO:   adding '/tmp/tmp4q9pmlha/src.linux-x86_64-3.11' to include_dirs.
copying /home/truhlard/shuxx055/anaconda3/lib/python3.11/site-packages/numpy/f2py/src/fortranobject.c -> /tmp/tmp4q9pmlha/src.linux-x86_64-3.11
copying /home/truhlard/shuxx055/anaconda3/lib/python3.11/site-packages/numpy/f2py/src/fortranobject.h -> /tmp/tmp4q9pmlha/src.linux-x86_64-3.11
INFO:   adding '/tmp/tmp4q9pmlha/src.linux-x86_64-3.11/CH4OCl_PIPNN-f2pywrappers.f' to sources.
INFO:   adding '/tmp/tmp4q9pmlha/src.linux-x86_64-3.11/CH4OCl_PIPNN-f2pywrappers2.f90' to sources.
INFO: build_src: building npy-pkg config files
/home/truhlard/shuxx055/anaconda3/lib/python3.11/site-packages/setuptools/_distutils/cmd.py:66: SetuptoolsDeprecationWarning: setup.py install is deprecated.
!!

        ********************************************************************************
        Please avoid running ``setup.py`` directly.
        Instead, use pypa/build, pypa/installer, pypa/build or
        other standards-based tools.

        See https://blog.ganssle.io/articles/2021/10/setup-py-deprecated.html for details.
        ********************************************************************************

!!
  self.initialize_options()
running build_ext
INFO: customize UnixCCompiler
INFO: customize UnixCCompiler using build_ext
INFO: get_default_fcompiler: matching types: '['arm', 'gnu95', 'intel', 'lahey', 'pg', 'nv', 'absoft', 'nag', 'vast', 'compaq', 'intele', 'intelem', 'gnu', 'g95', 'pathf95', 'nagfor', 'fujitsu']'
INFO: customize ArmFlangCompiler
WARN: Could not locate executable armflang
INFO: customize Gnu95FCompiler
INFO: Found executable /home/truhlard/shuxx055/anaconda3/bin/gfortran
INFO: customize Gnu95FCompiler
INFO: customize Gnu95FCompiler using build_ext
INFO: building 'CH4OCl_PIPNN' extension
INFO: compiling C sources
INFO: C compiler: gcc -pthread -B /home/truhlard/shuxx055/anaconda3/compiler_compat -DNDEBUG -fwrapv -O2 -Wall -fPIC -O2 -isystem /home/truhlard/shuxx055/anaconda3/include -fPIC -O2 -isystem /home/truhlard/shuxx055/anaconda3/include -fPIC

creating /tmp/tmp4q9pmlha/tmp
creating /tmp/tmp4q9pmlha/tmp/tmp4q9pmlha
creating /tmp/tmp4q9pmlha/tmp/tmp4q9pmlha/src.linux-x86_64-3.11
INFO: compile options: '-DNPY_DISABLE_OPTIMIZATION=1 -I/tmp/tmp4q9pmlha/src.linux-x86_64-3.11 -I/home/truhlard/shuxx055/anaconda3/lib/python3.11/site-packages/numpy/core/include -I/home/truhlard/shuxx055/anaconda3/include/python3.11 -c'
INFO: gcc: /tmp/tmp4q9pmlha/src.linux-x86_64-3.11/fortranobject.c
INFO: gcc: /tmp/tmp4q9pmlha/src.linux-x86_64-3.11/CH4OCl_PIPNNmodule.c
/tmp/tmp4q9pmlha/src.linux-x86_64-3.11/CH4OCl_PIPNNmodule.c: In function 'f2py_setup_nnparam':
/tmp/tmp4q9pmlha/src.linux-x86_64-3.11/CH4OCl_PIPNNmodule.c:1281:35: warning: assignment to 'f2py_init_func' {aka 'void (*)(int *, long int *, void (*)(char *, long int *), int *)'} from incompatible pointer type 'void (*)(int *, int *, void (*)(char *, int *), int *)' [-Wincompatible-pointer-types]
 1281 |   f2py_nnparam_def[i_f2py++].func = nodes;
      |                                   ^
/tmp/tmp4q9pmlha/src.linux-x86_64-3.11/CH4OCl_PIPNNmodule.c:1282:35: warning: assignment to 'f2py_init_func' {aka 'void (*)(int *, long int *, void (*)(char *, long int *), int *)'} from incompatible pointer type 'void (*)(int *, int *, void (*)(char *, int *), int *)' [-Wincompatible-pointer-types]
 1282 |   f2py_nnparam_def[i_f2py++].func = weighta;
      |                                   ^
/tmp/tmp4q9pmlha/src.linux-x86_64-3.11/CH4OCl_PIPNNmodule.c:1283:35: warning: assignment to 'f2py_init_func' {aka 'void (*)(int *, long int *, void (*)(char *, long int *), int *)'} from incompatible pointer type 'void (*)(int *, int *, void (*)(char *, int *), int *)' [-Wincompatible-pointer-types]
 1283 |   f2py_nnparam_def[i_f2py++].func = biasa;
      |                                   ^
/tmp/tmp4q9pmlha/src.linux-x86_64-3.11/CH4OCl_PIPNNmodule.c:1284:35: warning: assignment to 'f2py_init_func' {aka 'void (*)(int *, long int *, void (*)(char *, long int *), int *)'} from incompatible pointer type 'void (*)(int *, int *, void (*)(char *, int *), int *)' [-Wincompatible-pointer-types]
 1284 |   f2py_nnparam_def[i_f2py++].func = pdela;
      |                                   ^
/tmp/tmp4q9pmlha/src.linux-x86_64-3.11/CH4OCl_PIPNNmodule.c:1285:35: warning: assignment to 'f2py_init_func' {aka 'void (*)(int *, long int *, void (*)(char *, long int *), int *)'} from incompatible pointer type 'void (*)(int *, int *, void (*)(char *, int *), int *)' [-Wincompatible-pointer-types]
 1285 |   f2py_nnparam_def[i_f2py++].func = pavga;
      |                                   ^
INFO: compiling Fortran 90 module sources
INFO: Fortran f77 compiler: /home/truhlard/shuxx055/anaconda3/bin/gfortran -Wall -g -ffixed-form -fno-second-underscore -fPIC -O3 -funroll-loops
Fortran f90 compiler: /home/truhlard/shuxx055/anaconda3/bin/gfortran -fallow-argument-mismatch -std=legacy -fPIC -O3 -funroll-loops
Fortran fix compiler: /home/truhlard/shuxx055/anaconda3/bin/gfortran -Wall -g -ffixed-form -fno-second-underscore -fallow-argument-mismatch -std=legacy -fPIC -O3 -funroll-loops
INFO: compile options: '-I/tmp/tmp4q9pmlha/src.linux-x86_64-3.11 -I/home/truhlard/shuxx055/anaconda3/lib/python3.11/site-packages/numpy/core/include -I/home/truhlard/shuxx055/anaconda3/include/python3.11 -c'
extra options: '-J/tmp/tmp4q9pmlha/ -I/tmp/tmp4q9pmlha/'
INFO: gfortran:fix: CH4OCl_PIPNN.f90
CH4OCl_PIPNN.f90:71:62:

   71 |        real*8 ct(3,natom),xvec(3,ndim),cx(3,natom),cy(3,natom)
      |                                                              1
Warning: Unused variable 'cy' declared at (1) [-Wunused-variable]
CH4OCl_PIPNN.f90:69:25:

   69 |        integer i,j,k,lpes
      |                         1
Warning: Unused variable 'lpes' declared at (1) [-Wunused-variable]
CH4OCl_PIPNN.f90:70:53:

   70 |        real*8 rb(ndim),xbond(ndim),basis(nbasis),tmp1,txinput(nbasis-1)
      |                                                     1
Warning: Unused variable 'tmp1' declared at (1) [-Wunused-variable]
CH4OCl_PIPNN.f90:72:46:

   72 |        real*8 vpes,vpesa,vpesb,vpesc,vpesH,vnn
      |                                              1
Warning: Unused variable 'vnn' declared at (1) [-Wunused-variable]
CH4OCl_PIPNN.f90:72:24:

   72 |        real*8 vpes,vpesa,vpesb,vpesc,vpesH,vnn
      |                        1
Warning: Unused variable 'vpesa' declared at (1) [-Wunused-variable]
CH4OCl_PIPNN.f90:72:30:

   72 |        real*8 vpes,vpesa,vpesb,vpesc,vpesH,vnn
      |                              1
Warning: Unused variable 'vpesb' declared at (1) [-Wunused-variable]
CH4OCl_PIPNN.f90:72:36:

   72 |        real*8 vpes,vpesa,vpesb,vpesc,vpesH,vnn
      |                                    1
Warning: Unused variable 'vpesc' declared at (1) [-Wunused-variable]
CH4OCl_PIPNN.f90:72:42:

   72 |        real*8 vpes,vpesa,vpesb,vpesc,vpesH,vnn
      |                                          1
Warning: Unused variable 'vpesh' declared at (1) [-Wunused-variable]
CH4OCl_PIPNN.f90:176:17:

  176 |         integer j,k,neu1,neu2,ndriv
      |                 1
Warning: Unused variable 'j' declared at (1) [-Wunused-variable]
CH4OCl_PIPNN.f90:176:19:

  176 |         integer j,k,neu1,neu2,ndriv
      |                   1
Warning: Unused variable 'k' declared at (1) [-Wunused-variable]
CH4OCl_PIPNN.f90:176:35:

  176 |         integer j,k,neu1,neu2,ndriv
      |                                   1
Warning: Unused variable 'ndriv' declared at (1) [-Wunused-variable]
CH4OCl_PIPNN.f90:176:24:

  176 |         integer j,k,neu1,neu2,ndriv
      |                        1
Warning: Unused variable 'neu1' declared at (1) [-Wunused-variable]
CH4OCl_PIPNN.f90:176:29:

  176 |         integer j,k,neu1,neu2,ndriv
      |                             1
Warning: Unused variable 'neu2' declared at (1) [-Wunused-variable]
CH4OCl_PIPNN.f90:116:21:

  116 |       character f1*80,line*80
      |                     1
Warning: Unused variable 'f1' declared at (1) [-Wunused-variable]
CH4OCl_PIPNN.f90:115:33:

  115 |       integer ibasis,npd,iterm,ib,nfile
      |                                 1
Warning: Unused variable 'ib' declared at (1) [-Wunused-variable]
CH4OCl_PIPNN.f90:115:20:

  115 |       integer ibasis,npd,iterm,ib,nfile
      |                    1
Warning: Unused variable 'ibasis' declared at (1) [-Wunused-variable]
CH4OCl_PIPNN.f90:115:30:

  115 |       integer ibasis,npd,iterm,ib,nfile
      |                              1
Warning: Unused variable 'iterm' declared at (1) [-Wunused-variable]
CH4OCl_PIPNN.f90:116:29:

  116 |       character f1*80,line*80
      |                             1
Warning: Unused variable 'line' declared at (1) [-Wunused-variable]
CH4OCl_PIPNN.f90:115:24:

  115 |       integer ibasis,npd,iterm,ib,nfile
      |                        1
Warning: Unused variable 'npd' declared at (1) [-Wunused-variable]
CH4OCl_PIPNN.f90:32:31:

   32 |       integer :: iatom, idir, j, istate
      |                               1
Warning: Unused variable 'j' declared at (1) [-Wunused-variable]
CH4OCl_PIPNN.f90:218:8:

  218 |         function tranfun(x,ifunc)
      |        ^
Warning: '__result_tranfun' may be used uninitialized [-Wmaybe-uninitialized]
INFO: compiling Fortran sources
INFO: Fortran f77 compiler: /home/truhlard/shuxx055/anaconda3/bin/gfortran -Wall -g -ffixed-form -fno-second-underscore -fPIC -O3 -funroll-loops
Fortran f90 compiler: /home/truhlard/shuxx055/anaconda3/bin/gfortran -fallow-argument-mismatch -std=legacy -fPIC -O3 -funroll-loops
Fortran fix compiler: /home/truhlard/shuxx055/anaconda3/bin/gfortran -Wall -g -ffixed-form -fno-second-underscore -fallow-argument-mismatch -std=legacy -fPIC -O3 -funroll-loops
INFO: compile options: '-I/tmp/tmp4q9pmlha/src.linux-x86_64-3.11 -I/home/truhlard/shuxx055/anaconda3/lib/python3.11/site-packages/numpy/core/include -I/home/truhlard/shuxx055/anaconda3/include/python3.11 -c'
extra options: '-J/tmp/tmp4q9pmlha/ -I/tmp/tmp4q9pmlha/'
INFO: gfortran:f90: /tmp/tmp4q9pmlha/src.linux-x86_64-3.11/CH4OCl_PIPNN-f2pywrappers2.f90
INFO: gfortran:f77: /tmp/tmp4q9pmlha/src.linux-x86_64-3.11/CH4OCl_PIPNN-f2pywrappers.f
INFO: /home/truhlard/shuxx055/anaconda3/bin/gfortran -Wall -g -Wall -g -shared /tmp/tmp4q9pmlha/tmp/tmp4q9pmlha/src.linux-x86_64-3.11/CH4OCl_PIPNNmodule.o /tmp/tmp4q9pmlha/tmp/tmp4q9pmlha/src.linux-x86_64-3.11/fortranobject.o /tmp/tmp4q9pmlha/CH4OCl_PIPNN.o /tmp/tmp4q9pmlha/tmp/tmp4q9pmlha/src.linux-x86_64-3.11/CH4OCl_PIPNN-f2pywrappers.o /tmp/tmp4q9pmlha/tmp/tmp4q9pmlha/src.linux-x86_64-3.11/CH4OCl_PIPNN-f2pywrappers2.o -L/panfs/jay/groups/16/truhlard/shuxx055/anaconda3/bin/../lib/gcc/x86_64-conda-linux-gnu/13.1.0/../../../../x86_64-conda-linux-gnu/lib/../lib -L/panfs/jay/groups/16/truhlard/shuxx055/anaconda3/bin/../lib/gcc/x86_64-conda-linux-gnu/13.1.0/../../../../x86_64-conda-linux-gnu/lib/../lib -lmkl_intel_lp64 -lmkl_sequential -lmkl_core -lgfortran -o ./CH4OCl_PIPNN.cpython-311-x86_64-linux-gnu.so
Removing build directory /tmp/tmp4q9pmlha
