C2H6H_VBMM.f:2695:20:

 2695 |       COMMON /POTCM/ nnc1,nnc2,nnb,
      |                    1
Warning: Padding of 4 bytes required before 'r0c1hr' in COMMON 'potcm' at (1); reorder elements or use '-fno-align-commons' [-Walign-commons]
C2H6H_VBMM.f:138:20:

  138 |       COMMON /POTCM/ nnc1,nnc2,nnb,
      |                    1
Warning: Padding of 4 bytes required before 'r0c1hr' in COMMON 'potcm' at (1); reorder elements or use '-fno-align-commons' [-Walign-commons]
C2H6H_VBMM.f:1331:20:

 1331 |       COMMON /POTCM/ nnc1,nnc2,nnb,
      |                    1
Warning: Padding of 4 bytes required before 'r0c1hr' in COMMON 'potcm' at (1); reorder elements or use '-fno-align-commons' [-Walign-commons]
C2H6H_VBMM.f:1976:20:

 1976 |       COMMON /POTCM/ nnc1,nnc2,nnb,
      |                    1
Warning: Padding of 4 bytes required before 'r0c1hr' in COMMON 'potcm' at (1); reorder elements or use '-fno-align-commons' [-Walign-commons]
C2H6H_VBMM.f:1193:20:

 1193 |       COMMON /POTCM/ nnc1,nnc2,nnb,
      |                    1
Warning: Padding of 4 bytes required before 'r0c1hr' in COMMON 'potcm' at (1); reorder elements or use '-fno-align-commons' [-Walign-commons]
C2H6H_VBMM.f:1685:20:

 1685 |       COMMON /POTCM/ nnc1,nnc2,nnb,
      |                    1
Warning: Padding of 4 bytes required before 'r0c1hr' in COMMON 'potcm' at (1); reorder elements or use '-fno-align-commons' [-Walign-commons]
C2H6H_VBMM.f:1488:20:

 1488 |       COMMON /POTCM/ nnc1,nnc2,nnb,
      |                    1
Warning: Padding of 4 bytes required before 'r0c1hr' in COMMON 'potcm' at (1); reorder elements or use '-fno-align-commons' [-Walign-commons]
C2H6H_VBMM.f:1872:20:

 1872 |       COMMON /POTCM/ nnc1,nnc2,nnb,
      |                    1
Warning: Padding of 4 bytes required before 'r0c1hr' in COMMON 'potcm' at (1); reorder elements or use '-fno-align-commons' [-Walign-commons]
C2H6H_VBMM.f:988:20:

  988 |       COMMON /POTCM/ nnc1,nnc2,nnb,
      |                    1
Warning: Padding of 4 bytes required before 'r0c1hr' in COMMON 'potcm' at (1); reorder elements or use '-fno-align-commons' [-Walign-commons]
C2H6H_VBMM.f:508:20:

  508 |       COMMON /POTCM/ nnc1,nnc2,nnb,
      |                    1
Warning: Padding of 4 bytes required before 'r0c1hr' in COMMON 'potcm' at (1); reorder elements or use '-fno-align-commons' [-Walign-commons]
C2H6H_VBMM.f:631:20:

  631 |       COMMON /POTCM/ nnc1,nnc2,nnb,
      |                    1
Warning: Padding of 4 bytes required before 'r0c1hr' in COMMON 'potcm' at (1); reorder elements or use '-fno-align-commons' [-Walign-commons]
C2H6H_VBMM.f:802:20:

  802 |       COMMON /POTCM/ nnc1,nnc2,nnb,
      |                    1
Warning: Padding of 4 bytes required before 'r0c1hr' in COMMON 'potcm' at (1); reorder elements or use '-fno-align-commons' [-Walign-commons]
C2H6H_VBMM.f:2125:20:

 2125 |       COMMON /POTCM/ nnc1,nnc2,nnb,
      |                    1
Warning: Padding of 4 bytes required before 'r0c1hr' in COMMON 'potcm' at (1); reorder elements or use '-fno-align-commons' [-Walign-commons]
C2H6H_VBMM.f:337:20:

  337 |       COMMON /POTCM/ nnc1,nnc2,nnb,
      |                    1
Warning: Padding of 4 bytes required before 'r0c1hr' in COMMON 'potcm' at (1); reorder elements or use '-fno-align-commons' [-Walign-commons]
C2H6H_VBMM.f:2542:20:

 2542 |       COMMON /POTCM/ nnc1,nnc2,nnb,
      |                    1
Warning: Padding of 4 bytes required before 'r0c1hr' in COMMON 'potcm' at (1); reorder elements or use '-fno-align-commons' [-Walign-commons]
