running build
running config_cc
INFO: unifing config_cc, config, build_clib, build_ext, build commands --compiler options
running config_fc
INFO: unifing config_fc, config, build_clib, build_ext, build commands --fcompiler options
running build_src
INFO: build_src
INFO: building extension "HO3_PIPNN" sources
INFO: f2py options: []
INFO: f2py:> /tmp/tmp2c_pdt11/src.linux-x86_64-3.11/HO3_PIPNNmodule.c
creating /tmp/tmp2c_pdt11/src.linux-x86_64-3.11
get_useparameters: mapping for {'only': 1, 'map': {'vpescut': 'vpescut'}} not impl.
Reading fortran codes...
	Reading file 'HO3_PIPNN.f90' (format:free)
Post-processing...
	Block: HO3_PIPNN
			Block: nnparam
In: :HO3_PIPNN:HO3_PIPNN.f90:nnparam
get_parameters: got "eval() arg 1 must be a string, bytes or code object" on 8
			Block: pes
In: :HO3_PIPNN:HO3_PIPNN.f90:pes
get_parameters: got "eval() arg 1 must be a string, bytes or code object" on 8
			Block: ho3_pes_interface
In: :HO3_PIPNN:HO3_PIPNN.f90:ho3_pes_interface
get_parameters: got "eval() arg 1 must be a string, bytes or code object" on 8
			Block: ho3nn
In: :HO3_PIPNN:HO3_PIPNN.f90:ho3nn
get_parameters: got "eval() arg 1 must be a string, bytes or code object" on 8
In: :HO3_PIPNN:HO3_PIPNN.f90:ho3nn
get_parameters: got "eval() arg 1 must be a string, bytes or code object" on 8
In: :HO3_PIPNN:HO3_PIPNN.f90:ho3nn
get_parameters: got "eval() arg 1 must be a string, bytes or code object" on 8
In: :HO3_PIPNN:HO3_PIPNN.f90:ho3nn
get_parameters: got "eval() arg 1 must be a string, bytes or code object" on 8
			Block: pes_init
In: :HO3_PIPNN:HO3_PIPNN.f90:pes_init
get_parameters: got "eval() arg 1 must be a string, bytes or code object" on 8
			Block: getpota
In: :HO3_PIPNN:HO3_PIPNN.f90:getpota
get_parameters: got "eval() arg 1 must be a string, bytes or code object" on 8
			Block: getpotb
In: :HO3_PIPNN:HO3_PIPNN.f90:getpotb
get_parameters: got "eval() arg 1 must be a string, bytes or code object" on 8
			Block: getpotc
In: :HO3_PIPNN:HO3_PIPNN.f90:getpotc
get_parameters: got "eval() arg 1 must be a string, bytes or code object" on 8
			Block: tranfun
			Block: before_vpes
			Block: bemsav
			Block: evmono
			Block: evpoly
Applying post-processing hooks...
  character_backward_compatibility_hook
Post-processing (stage 2)...
	Block: HO3_PIPNN
		Block: unknown_interface
			Block: nnparam
			Block: pes
			Block: ho3_pes_interface
			Block: ho3nn
			Block: pes_init
			Block: getpota
			Block: getpotb
			Block: getpotc
			Block: tranfun
			Block: before_vpes
			Block: bemsav
			Block: evmono
			Block: evpoly
Building modules...
    Building module "HO3_PIPNN"...
    Generating possibly empty wrappers"
    Maybe empty "HO3_PIPNN-f2pywrappers.f"
        Constructing wrapper function "pes"...
          p,g,d = pes(x,igrad,path)
    Generating possibly empty wrappers"
    Maybe empty "HO3_PIPNN-f2pywrappers.f"
        Constructing wrapper function "ho3_pes_interface"...
          ho3_pes_interface(q,vpes)
    Generating possibly empty wrappers"
    Maybe empty "HO3_PIPNN-f2pywrappers.f"
        Constructing wrapper function "ho3nn"...
          ho3nn(ct,vpes,vpesa,vpesb,vpesc)
    Generating possibly empty wrappers"
    Maybe empty "HO3_PIPNN-f2pywrappers.f"
        Constructing wrapper function "pes_init"...
          pes_init(path)
    Generating possibly empty wrappers"
    Maybe empty "HO3_PIPNN-f2pywrappers.f"
        Constructing wrapper function "getpota"...
          getpota(x,vpot)
    Generating possibly empty wrappers"
    Maybe empty "HO3_PIPNN-f2pywrappers.f"
        Constructing wrapper function "getpotb"...
          getpotb(x,vpot)
    Generating possibly empty wrappers"
    Maybe empty "HO3_PIPNN-f2pywrappers.f"
        Constructing wrapper function "getpotc"...
          getpotc(x,vpot)
    Generating possibly empty wrappers"
    Maybe empty "HO3_PIPNN-f2pywrappers.f"
		Creating wrapper for Fortran function "tranfun"("tranfun")...
        Constructing wrapper function "tranfun"...
          tranfun = tranfun(x,ifunc)
    Generating possibly empty wrappers"
    Maybe empty "HO3_PIPNN-f2pywrappers.f"
        Constructing wrapper function "before_vpes"...
          before_vpes(xct,lxc)
    Generating possibly empty wrappers"
    Maybe empty "HO3_PIPNN-f2pywrappers.f"
        Constructing wrapper function "bemsav"...
          p = bemsav(x)
    Generating possibly empty wrappers"
    Maybe empty "HO3_PIPNN-f2pywrappers.f"
        Constructing wrapper function "evmono"...
          m = evmono(x)
    Generating possibly empty wrappers"
    Maybe empty "HO3_PIPNN-f2pywrappers.f"
        Constructing wrapper function "evpoly"...
          p = evpoly(m)
		Constructing F90 module support for "nnparam"...
		  Variables: ninput noutput nhid nlayer ifunc nwe nodemax nscale nodes weighta biasa pdela pavga weightb biasb pdelb pavgb weightc biasc pdelc pavgc vpescut
getarrdims:warning: assumed shape array, using 0 instead of ':'
getarrdims:warning: assumed shape array, using 0 instead of ':'
getarrdims:warning: assumed shape array, using 0 instead of ':'
getarrdims:warning: assumed shape array, using 0 instead of ':'
getarrdims:warning: assumed shape array, using 0 instead of ':'
getarrdims:warning: assumed shape array, using 0 instead of ':'
getarrdims:warning: assumed shape array, using 0 instead of ':'
getarrdims:warning: assumed shape array, using 0 instead of ':'
getarrdims:warning: assumed shape array, using 0 instead of ':'
getarrdims:warning: assumed shape array, using 0 instead of ':'
getarrdims:warning: assumed shape array, using 0 instead of ':'
getarrdims:warning: assumed shape array, using 0 instead of ':'
getarrdims:warning: assumed shape array, using 0 instead of ':'
getarrdims:warning: assumed shape array, using 0 instead of ':'
getarrdims:warning: assumed shape array, using 0 instead of ':'
getarrdims:warning: assumed shape array, using 0 instead of ':'
getarrdims:warning: assumed shape array, using 0 instead of ':'
getarrdims:warning: assumed shape array, using 0 instead of ':'
getarrdims:warning: assumed shape array, using 0 instead of ':'
getarrdims:warning: assumed shape array, using 0 instead of ':'
getarrdims:warning: assumed shape array, using 0 instead of ':'
getarrdims:warning: assumed shape array, using 0 instead of ':'
    Wrote C/API module "HO3_PIPNN" to file "/tmp/tmp2c_pdt11/src.linux-x86_64-3.11/HO3_PIPNNmodule.c"
    Fortran 77 wrappers are saved to "/tmp/tmp2c_pdt11/src.linux-x86_64-3.11/HO3_PIPNN-f2pywrappers.f"
    Fortran 90 wrappers are saved to "/tmp/tmp2c_pdt11/src.linux-x86_64-3.11/HO3_PIPNN-f2pywrappers2.f90"
INFO:   adding '/tmp/tmp2c_pdt11/src.linux-x86_64-3.11/fortranobject.c' to sources.
INFO:   adding '/tmp/tmp2c_pdt11/src.linux-x86_64-3.11' to include_dirs.
copying /home/truhlard/shuxx055/anaconda3/envs/test/lib/python3.11/site-packages/numpy/f2py/src/fortranobject.c -> /tmp/tmp2c_pdt11/src.linux-x86_64-3.11
copying /home/truhlard/shuxx055/anaconda3/envs/test/lib/python3.11/site-packages/numpy/f2py/src/fortranobject.h -> /tmp/tmp2c_pdt11/src.linux-x86_64-3.11
INFO:   adding '/tmp/tmp2c_pdt11/src.linux-x86_64-3.11/HO3_PIPNN-f2pywrappers.f' to sources.
INFO:   adding '/tmp/tmp2c_pdt11/src.linux-x86_64-3.11/HO3_PIPNN-f2pywrappers2.f90' to sources.
INFO: build_src: building npy-pkg config files
/home/truhlard/shuxx055/anaconda3/envs/test/lib/python3.11/site-packages/setuptools/_distutils/cmd.py:66: SetuptoolsDeprecationWarning: setup.py install is deprecated.
!!

        ********************************************************************************
        Please avoid running ``setup.py`` directly.
        Instead, use pypa/build, pypa/installer or other
        standards-based tools.

        See https://blog.ganssle.io/articles/2021/10/setup-py-deprecated.html for details.
        ********************************************************************************

!!
  self.initialize_options()
running build_ext
INFO: customize UnixCCompiler
INFO: customize UnixCCompiler using build_ext
INFO: get_default_fcompiler: matching types: '['arm', 'gnu95', 'intel', 'lahey', 'pg', 'nv', 'absoft', 'nag', 'vast', 'compaq', 'intele', 'intelem', 'gnu', 'g95', 'pathf95', 'nagfor', 'fujitsu']'
INFO: customize ArmFlangCompiler
WARN: Could not locate executable armflang
INFO: customize Gnu95FCompiler
INFO: Found executable /home/truhlard/shuxx055/anaconda3/envs/test/bin/gfortran
INFO: customize Gnu95FCompiler
INFO: customize Gnu95FCompiler using build_ext
INFO: building 'HO3_PIPNN' extension
INFO: compiling C sources
INFO: C compiler: gcc -pthread -B /home/truhlard/shuxx055/anaconda3/envs/test/compiler_compat -DNDEBUG -fwrapv -O2 -Wall -fPIC -O2 -isystem /home/truhlard/shuxx055/anaconda3/envs/test/include -fPIC -O2 -isystem /home/truhlard/shuxx055/anaconda3/envs/test/include -fPIC

creating /tmp/tmp2c_pdt11/tmp
creating /tmp/tmp2c_pdt11/tmp/tmp2c_pdt11
creating /tmp/tmp2c_pdt11/tmp/tmp2c_pdt11/src.linux-x86_64-3.11
INFO: compile options: '-DNPY_DISABLE_OPTIMIZATION=1 -I/tmp/tmp2c_pdt11/src.linux-x86_64-3.11 -I/home/truhlard/shuxx055/anaconda3/envs/test/lib/python3.11/site-packages/numpy/core/include -I/home/truhlard/shuxx055/anaconda3/envs/test/include/python3.11 -c'
INFO: gcc: /tmp/tmp2c_pdt11/src.linux-x86_64-3.11/fortranobject.c
INFO: gcc: /tmp/tmp2c_pdt11/src.linux-x86_64-3.11/HO3_PIPNNmodule.c
INFO: compiling Fortran 90 module sources
INFO: Fortran f77 compiler: /home/truhlard/shuxx055/anaconda3/envs/test/bin/gfortran -Wall -g -ffixed-form -fno-second-underscore -fPIC -O3 -funroll-loops
Fortran f90 compiler: /home/truhlard/shuxx055/anaconda3/envs/test/bin/gfortran -fallow-argument-mismatch -std=legacy -fPIC -O3 -funroll-loops
Fortran fix compiler: /home/truhlard/shuxx055/anaconda3/envs/test/bin/gfortran -Wall -g -ffixed-form -fno-second-underscore -fallow-argument-mismatch -std=legacy -fPIC -O3 -funroll-loops
INFO: compile options: '-I/tmp/tmp2c_pdt11/src.linux-x86_64-3.11 -I/home/truhlard/shuxx055/anaconda3/envs/test/lib/python3.11/site-packages/numpy/core/include -I/home/truhlard/shuxx055/anaconda3/envs/test/include/python3.11 -c'
extra options: '-J/tmp/tmp2c_pdt11/ -I/tmp/tmp2c_pdt11/'
INFO: gfortran:f90: HO3_PIPNN.f90
INFO: compiling Fortran sources
INFO: Fortran f77 compiler: /home/truhlard/shuxx055/anaconda3/envs/test/bin/gfortran -Wall -g -ffixed-form -fno-second-underscore -fPIC -O3 -funroll-loops
Fortran f90 compiler: /home/truhlard/shuxx055/anaconda3/envs/test/bin/gfortran -fallow-argument-mismatch -std=legacy -fPIC -O3 -funroll-loops
Fortran fix compiler: /home/truhlard/shuxx055/anaconda3/envs/test/bin/gfortran -Wall -g -ffixed-form -fno-second-underscore -fallow-argument-mismatch -std=legacy -fPIC -O3 -funroll-loops
INFO: compile options: '-I/tmp/tmp2c_pdt11/src.linux-x86_64-3.11 -I/home/truhlard/shuxx055/anaconda3/envs/test/lib/python3.11/site-packages/numpy/core/include -I/home/truhlard/shuxx055/anaconda3/envs/test/include/python3.11 -c'
extra options: '-J/tmp/tmp2c_pdt11/ -I/tmp/tmp2c_pdt11/'
INFO: gfortran:f90: /tmp/tmp2c_pdt11/src.linux-x86_64-3.11/HO3_PIPNN-f2pywrappers2.f90
INFO: gfortran:f77: /tmp/tmp2c_pdt11/src.linux-x86_64-3.11/HO3_PIPNN-f2pywrappers.f
INFO: /home/truhlard/shuxx055/anaconda3/envs/test/bin/gfortran -Wall -g -Wall -g -shared /tmp/tmp2c_pdt11/tmp/tmp2c_pdt11/src.linux-x86_64-3.11/HO3_PIPNNmodule.o /tmp/tmp2c_pdt11/tmp/tmp2c_pdt11/src.linux-x86_64-3.11/fortranobject.o /tmp/tmp2c_pdt11/HO3_PIPNN.o /tmp/tmp2c_pdt11/tmp/tmp2c_pdt11/src.linux-x86_64-3.11/HO3_PIPNN-f2pywrappers.o /tmp/tmp2c_pdt11/tmp/tmp2c_pdt11/src.linux-x86_64-3.11/HO3_PIPNN-f2pywrappers2.o -L/panfs/jay/groups/16/truhlard/shuxx055/anaconda3/envs/test/bin/../lib/gcc/x86_64-conda-linux-gnu/13.1.0/../../../../x86_64-conda-linux-gnu/lib/../lib -L/panfs/jay/groups/16/truhlard/shuxx055/anaconda3/envs/test/bin/../lib/gcc/x86_64-conda-linux-gnu/13.1.0/../../../../x86_64-conda-linux-gnu/lib/../lib -lmkl_intel_lp64 -lmkl_sequential -lmkl_core -lgfortran -o ./HO3_PIPNN.cpython-311-x86_64-linux-gnu.so
Removing build directory /tmp/tmp2c_pdt11
