running build
running config_cc
INFO: unifing config_cc, config, build_clib, build_ext, build commands --compiler options
running config_fc
INFO: unifing config_fc, config, build_clib, build_ext, build commands --fcompiler options
running build_src
INFO: build_src
INFO: building extension "C2N_PIPNN_App" sources
INFO: f2py options: []
INFO: f2py:> /tmp/tmpwwg8htxa/src.linux-x86_64-3.11/C2N_PIPNN_Appmodule.c
creating /tmp/tmpwwg8htxa/src.linux-x86_64-3.11
Reading fortran codes...
	Reading file 'C2N_PIPNN_App.f90' (format:fix)
Post-processing...
	Block: C2N_PIPNN_App
			Block: pes
			Block: c2n_2a_dprime
In: :C2N_PIPNN_App:C2N_PIPNN_App.f90:c2n_2a_dprime
get_parameters: got "eval() arg 1 must be a string, bytes or code object" on 4
In: :C2N_PIPNN_App:C2N_PIPNN_App.f90:c2n_2a_dprime
get_parameters: got "eval() arg 1 must be a string, bytes or code object" on 4
In: :C2N_PIPNN_App:C2N_PIPNN_App.f90:c2n_2a_dprime
get_parameters: got "eval() arg 1 must be a string, bytes or code object" on 4
			Block: nnfit_a
			Block: nnfit_b
			Block: nnfit_c
			Block: nsim
			Block: nsimx
			Block: bemsav
			Block: evmono
			Block: evpoly
Applying post-processing hooks...
  character_backward_compatibility_hook
Post-processing (stage 2)...
Building modules...
    Building module "C2N_PIPNN_App"...
    Generating possibly empty wrappers"
    Maybe empty "C2N_PIPNN_App-f2pywrappers.f"
        Constructing wrapper function "pes"...
          p,g,d = pes(x,igrad,path)
    Generating possibly empty wrappers"
    Maybe empty "C2N_PIPNN_App-f2pywrappers.f"
        Constructing wrapper function "c2n_2a_dprime"...
          c2n_2a_dprime(rb,path,vpes)
    Generating possibly empty wrappers"
    Maybe empty "C2N_PIPNN_App-f2pywrappers.f"
        Constructing wrapper function "nnfit_a"...
          vx = nnfit_a(r0,path,[ndim,ntot])
    Generating possibly empty wrappers"
    Maybe empty "C2N_PIPNN_App-f2pywrappers.f"
        Constructing wrapper function "nnfit_b"...
          vx = nnfit_b(r0,path,[ndim,ntot])
    Generating possibly empty wrappers"
    Maybe empty "C2N_PIPNN_App-f2pywrappers.f"
        Constructing wrapper function "nnfit_c"...
          vx = nnfit_c(r0,path,[ndim,ntot])
    Generating possibly empty wrappers"
    Maybe empty "C2N_PIPNN_App-f2pywrappers.f"
        Constructing wrapper function "nsim"...
          v,dv = nsim(r0,idv,rg,w1,b1,w2,b2,w3,b3,vg,[n0,n1,n2])
    Generating possibly empty wrappers"
    Maybe empty "C2N_PIPNN_App-f2pywrappers.f"
        Constructing wrapper function "nsimx"...
          v,dv = nsimx(r,idv,rg,w1,b1,w2,b2,w3,b3,vg,[nt,n0,n1,n2])
    Generating possibly empty wrappers"
    Maybe empty "C2N_PIPNN_App-f2pywrappers.f"
        Constructing wrapper function "bemsav"...
          p = bemsav(x)
    Generating possibly empty wrappers"
    Maybe empty "C2N_PIPNN_App-f2pywrappers.f"
        Constructing wrapper function "evmono"...
          m = evmono(x)
    Generating possibly empty wrappers"
    Maybe empty "C2N_PIPNN_App-f2pywrappers.f"
        Constructing wrapper function "evpoly"...
          p = evpoly(m)
    Wrote C/API module "C2N_PIPNN_App" to file "/tmp/tmpwwg8htxa/src.linux-x86_64-3.11/C2N_PIPNN_Appmodule.c"
INFO:   adding '/tmp/tmpwwg8htxa/src.linux-x86_64-3.11/fortranobject.c' to sources.
INFO:   adding '/tmp/tmpwwg8htxa/src.linux-x86_64-3.11' to include_dirs.
copying /home/truhlard/shuxx055/anaconda3/lib/python3.11/site-packages/numpy/f2py/src/fortranobject.c -> /tmp/tmpwwg8htxa/src.linux-x86_64-3.11
copying /home/truhlard/shuxx055/anaconda3/lib/python3.11/site-packages/numpy/f2py/src/fortranobject.h -> /tmp/tmpwwg8htxa/src.linux-x86_64-3.11
INFO:   adding '/tmp/tmpwwg8htxa/src.linux-x86_64-3.11/C2N_PIPNN_App-f2pywrappers.f' to sources.
INFO: build_src: building npy-pkg config files
/home/truhlard/shuxx055/anaconda3/lib/python3.11/site-packages/setuptools/_distutils/cmd.py:66: SetuptoolsDeprecationWarning: setup.py install is deprecated.
!!

        ********************************************************************************
        Please avoid running ``setup.py`` directly.
        Instead, use pypa/build, pypa/installer, pypa/build or
        other standards-based tools.

        See https://blog.ganssle.io/articles/2021/10/setup-py-deprecated.html for details.
        ********************************************************************************

!!
  self.initialize_options()
running build_ext
INFO: customize UnixCCompiler
INFO: customize UnixCCompiler using build_ext
INFO: get_default_fcompiler: matching types: '['arm', 'gnu95', 'intel', 'lahey', 'pg', 'nv', 'absoft', 'nag', 'vast', 'compaq', 'intele', 'intelem', 'gnu', 'g95', 'pathf95', 'nagfor', 'fujitsu']'
INFO: customize ArmFlangCompiler
WARN: Could not locate executable armflang
INFO: customize Gnu95FCompiler
INFO: Found executable /home/truhlard/shuxx055/anaconda3/bin/gfortran
INFO: customize Gnu95FCompiler
INFO: customize Gnu95FCompiler using build_ext
INFO: building 'C2N_PIPNN_App' extension
INFO: compiling C sources
INFO: C compiler: gcc -pthread -B /home/truhlard/shuxx055/anaconda3/compiler_compat -DNDEBUG -fwrapv -O2 -Wall -fPIC -O2 -isystem /home/truhlard/shuxx055/anaconda3/include -fPIC -O2 -isystem /home/truhlard/shuxx055/anaconda3/include -fPIC

creating /tmp/tmpwwg8htxa/tmp
creating /tmp/tmpwwg8htxa/tmp/tmpwwg8htxa
creating /tmp/tmpwwg8htxa/tmp/tmpwwg8htxa/src.linux-x86_64-3.11
INFO: compile options: '-DNPY_DISABLE_OPTIMIZATION=1 -I/tmp/tmpwwg8htxa/src.linux-x86_64-3.11 -I/home/truhlard/shuxx055/anaconda3/lib/python3.11/site-packages/numpy/core/include -I/home/truhlard/shuxx055/anaconda3/include/python3.11 -c'
INFO: gcc: /tmp/tmpwwg8htxa/src.linux-x86_64-3.11/C2N_PIPNN_Appmodule.c
INFO: gcc: /tmp/tmpwwg8htxa/src.linux-x86_64-3.11/fortranobject.c
INFO: compiling Fortran sources
INFO: Fortran f77 compiler: /home/truhlard/shuxx055/anaconda3/bin/gfortran -Wall -g -ffixed-form -fno-second-underscore -fPIC -O3 -funroll-loops
Fortran f90 compiler: /home/truhlard/shuxx055/anaconda3/bin/gfortran -fallow-argument-mismatch -std=legacy -fPIC -O3 -funroll-loops
Fortran fix compiler: /home/truhlard/shuxx055/anaconda3/bin/gfortran -Wall -g -ffixed-form -fno-second-underscore -fallow-argument-mismatch -std=legacy -fPIC -O3 -funroll-loops
INFO: compile options: '-I/tmp/tmpwwg8htxa/src.linux-x86_64-3.11 -I/home/truhlard/shuxx055/anaconda3/lib/python3.11/site-packages/numpy/core/include -I/home/truhlard/shuxx055/anaconda3/include/python3.11 -c'
INFO: gfortran:f90: C2N_PIPNN_App.f90
INFO: gfortran:f77: /tmp/tmpwwg8htxa/src.linux-x86_64-3.11/C2N_PIPNN_App-f2pywrappers.f
INFO: /home/truhlard/shuxx055/anaconda3/bin/gfortran -Wall -g -Wall -g -shared /tmp/tmpwwg8htxa/tmp/tmpwwg8htxa/src.linux-x86_64-3.11/C2N_PIPNN_Appmodule.o /tmp/tmpwwg8htxa/tmp/tmpwwg8htxa/src.linux-x86_64-3.11/fortranobject.o /tmp/tmpwwg8htxa/C2N_PIPNN_App.o /tmp/tmpwwg8htxa/tmp/tmpwwg8htxa/src.linux-x86_64-3.11/C2N_PIPNN_App-f2pywrappers.o -L/panfs/jay/groups/16/truhlard/shuxx055/anaconda3/bin/../lib/gcc/x86_64-conda-linux-gnu/13.1.0/../../../../x86_64-conda-linux-gnu/lib/../lib -L/panfs/jay/groups/16/truhlard/shuxx055/anaconda3/bin/../lib/gcc/x86_64-conda-linux-gnu/13.1.0/../../../../x86_64-conda-linux-gnu/lib/../lib -lmkl_intel_lp64 -lmkl_sequential -lmkl_core -lgfortran -o ./C2N_PIPNN_App.cpython-311-x86_64-linux-gnu.so
Removing build directory /tmp/tmpwwg8htxa
