running build
running config_cc
INFO: unifing config_cc, config, build_clib, build_ext, build commands --compiler options
running config_fc
INFO: unifing config_fc, config, build_clib, build_ext, build commands --fcompiler options
running build_src
INFO: build_src
INFO: building extension "H3ClO_PIPNN" sources
INFO: f2py options: []
INFO: f2py:> /tmp/tmpt40f7l6j/src.linux-x86_64-3.11/H3ClO_PIPNNmodule.c
creating /tmp/tmpt40f7l6j/src.linux-x86_64-3.11
Reading fortran codes...
	Reading file 'H3ClO_PIPNN.f90' (format:free)
Post-processing...
	Block: H3ClO_PIPNN
			Block: nnparam
In: :H3ClO_PIPNN:H3ClO_PIPNN.f90:nnparam
get_parameters: got "eval() arg 1 must be a string, bytes or code object" on 4
In: :H3ClO_PIPNN:H3ClO_PIPNN.f90:nnparam
get_parameters: got "eval() arg 1 must be a string, bytes or code object" on 4
In: :H3ClO_PIPNN:H3ClO_PIPNN.f90:nnparam
get_parameters: got "eval() arg 1 must be a string, bytes or code object" on 4
In: :H3ClO_PIPNN:H3ClO_PIPNN.f90:nnparam
get_parameters: got "eval() arg 1 must be a string, bytes or code object" on 4
			Block: pes
In: :H3ClO_PIPNN:H3ClO_PIPNN.f90:pes
get_parameters: got "eval() arg 1 must be a string, bytes or code object" on 4
In: :H3ClO_PIPNN:H3ClO_PIPNN.f90:pes
get_parameters: got "eval() arg 1 must be a string, bytes or code object" on 4
In: :H3ClO_PIPNN:H3ClO_PIPNN.f90:pes
get_parameters: got "eval() arg 1 must be a string, bytes or code object" on 4
In: :H3ClO_PIPNN:H3ClO_PIPNN.f90:pes
get_parameters: got "eval() arg 1 must be a string, bytes or code object" on 4
In: :H3ClO_PIPNN:H3ClO_PIPNN.f90:pes
get_parameters: got "eval() arg 1 must be a string, bytes or code object" on 4
			Block: evvdvdx
In: :H3ClO_PIPNN:H3ClO_PIPNN.f90:evvdvdx
get_parameters: got "eval() arg 1 must be a string, bytes or code object" on 4
In: :H3ClO_PIPNN:H3ClO_PIPNN.f90:evvdvdx
get_parameters: got "eval() arg 1 must be a string, bytes or code object" on 4
In: :H3ClO_PIPNN:H3ClO_PIPNN.f90:evvdvdx
get_parameters: got "eval() arg 1 must be a string, bytes or code object" on 4
In: :H3ClO_PIPNN:H3ClO_PIPNN.f90:evvdvdx
get_parameters: got "eval() arg 1 must be a string, bytes or code object" on 4
In: :H3ClO_PIPNN:H3ClO_PIPNN.f90:evvdvdx
get_parameters: got "eval() arg 1 must be a string, bytes or code object" on 4
			Block: pes_init
In: :H3ClO_PIPNN:H3ClO_PIPNN.f90:pes_init
get_parameters: got "eval() arg 1 must be a string, bytes or code object" on 4
In: :H3ClO_PIPNN:H3ClO_PIPNN.f90:pes_init
get_parameters: got "eval() arg 1 must be a string, bytes or code object" on 4
In: :H3ClO_PIPNN:H3ClO_PIPNN.f90:pes_init
get_parameters: got "eval() arg 1 must be a string, bytes or code object" on 4
In: :H3ClO_PIPNN:H3ClO_PIPNN.f90:pes_init
get_parameters: got "eval() arg 1 must be a string, bytes or code object" on 4
In: :H3ClO_PIPNN:H3ClO_PIPNN.f90:pes_init
get_parameters: got "eval() arg 1 must be a string, bytes or code object" on 4
			Block: pot3a
In: :H3ClO_PIPNN:H3ClO_PIPNN.f90:pot3a
get_parameters: got "eval() arg 1 must be a string, bytes or code object" on 4
In: :H3ClO_PIPNN:H3ClO_PIPNN.f90:pot3a
get_parameters: got "eval() arg 1 must be a string, bytes or code object" on 4
In: :H3ClO_PIPNN:H3ClO_PIPNN.f90:pot3a
get_parameters: got "eval() arg 1 must be a string, bytes or code object" on 4
In: :H3ClO_PIPNN:H3ClO_PIPNN.f90:pot3a
get_parameters: got "eval() arg 1 must be a string, bytes or code object" on 4
In: :H3ClO_PIPNN:H3ClO_PIPNN.f90:pot3a
get_parameters: got "eval() arg 1 must be a string, bytes or code object" on 4
			Block: tranfun
			Block: logsig
			Block: bemsav
			Block: evmono
			Block: evpoly
Applying post-processing hooks...
  character_backward_compatibility_hook
Post-processing (stage 2)...
	Block: H3ClO_PIPNN
		Block: unknown_interface
			Block: nnparam
			Block: pes
			Block: evvdvdx
			Block: pes_init
			Block: pot3a
			Block: tranfun
			Block: logsig
			Block: bemsav
			Block: evmono
			Block: evpoly
Building modules...
    Building module "H3ClO_PIPNN"...
    Generating possibly empty wrappers"
    Maybe empty "H3ClO_PIPNN-f2pywrappers.f"
        Constructing wrapper function "pes"...
          p,g,d = pes(x,igrad,path)
    Generating possibly empty wrappers"
    Maybe empty "H3ClO_PIPNN-f2pywrappers.f"
        Constructing wrapper function "evvdvdx"...
          evvdvdx(xcart,v)
    Generating possibly empty wrappers"
    Maybe empty "H3ClO_PIPNN-f2pywrappers.f"
        Constructing wrapper function "pes_init"...
          pes_init(path)
    Generating possibly empty wrappers"
    Maybe empty "H3ClO_PIPNN-f2pywrappers.f"
        Constructing wrapper function "pot3a"...
          pot3a(x,vpot3)
    Generating possibly empty wrappers"
    Maybe empty "H3ClO_PIPNN-f2pywrappers.f"
		Creating wrapper for Fortran function "tranfun"("tranfun")...
        Constructing wrapper function "tranfun"...
          tranfun = tranfun(x,ifunc)
    Generating possibly empty wrappers"
    Maybe empty "H3ClO_PIPNN-f2pywrappers.f"
		Creating wrapper for Fortran function "logsig"("logsig")...
        Constructing wrapper function "logsig"...
          logsig = logsig(x)
    Generating possibly empty wrappers"
    Maybe empty "H3ClO_PIPNN-f2pywrappers.f"
        Constructing wrapper function "bemsav"...
          bemsav(x,m,p)
    Generating possibly empty wrappers"
    Maybe empty "H3ClO_PIPNN-f2pywrappers.f"
        Constructing wrapper function "evmono"...
          evmono(x,m)
    Generating possibly empty wrappers"
    Maybe empty "H3ClO_PIPNN-f2pywrappers.f"
        Constructing wrapper function "evpoly"...
          evpoly(m,p)
		Constructing F90 module support for "nnparam"...
		  Variables: alpha pi radian bohr natom npes nmorse nbond ninput noutput nscale nhid3 nlayer3 ifunc3 nwe3 nodemax3 nodes3a weight3a bias3a pdel3a pavg3a
getarrdims:warning: assumed shape array, using 0 instead of ':'
getarrdims:warning: assumed shape array, using 0 instead of ':'
getarrdims:warning: assumed shape array, using 0 instead of ':'
getarrdims:warning: assumed shape array, using 0 instead of ':'
getarrdims:warning: assumed shape array, using 0 instead of ':'
getarrdims:warning: assumed shape array, using 0 instead of ':'
getarrdims:warning: assumed shape array, using 0 instead of ':'
getarrdims:warning: assumed shape array, using 0 instead of ':'
getarrdims:warning: assumed shape array, using 0 instead of ':'
getarrdims:warning: assumed shape array, using 0 instead of ':'
getarrdims:warning: assumed shape array, using 0 instead of ':'
getarrdims:warning: assumed shape array, using 0 instead of ':'
    Wrote C/API module "H3ClO_PIPNN" to file "/tmp/tmpt40f7l6j/src.linux-x86_64-3.11/H3ClO_PIPNNmodule.c"
    Fortran 77 wrappers are saved to "/tmp/tmpt40f7l6j/src.linux-x86_64-3.11/H3ClO_PIPNN-f2pywrappers.f"
    Fortran 90 wrappers are saved to "/tmp/tmpt40f7l6j/src.linux-x86_64-3.11/H3ClO_PIPNN-f2pywrappers2.f90"
INFO:   adding '/tmp/tmpt40f7l6j/src.linux-x86_64-3.11/fortranobject.c' to sources.
INFO:   adding '/tmp/tmpt40f7l6j/src.linux-x86_64-3.11' to include_dirs.
copying /home/truhlard/shuxx055/anaconda3/lib/python3.11/site-packages/numpy/f2py/src/fortranobject.c -> /tmp/tmpt40f7l6j/src.linux-x86_64-3.11
copying /home/truhlard/shuxx055/anaconda3/lib/python3.11/site-packages/numpy/f2py/src/fortranobject.h -> /tmp/tmpt40f7l6j/src.linux-x86_64-3.11
INFO:   adding '/tmp/tmpt40f7l6j/src.linux-x86_64-3.11/H3ClO_PIPNN-f2pywrappers.f' to sources.
INFO:   adding '/tmp/tmpt40f7l6j/src.linux-x86_64-3.11/H3ClO_PIPNN-f2pywrappers2.f90' to sources.
INFO: build_src: building npy-pkg config files
/home/truhlard/shuxx055/anaconda3/lib/python3.11/site-packages/setuptools/_distutils/cmd.py:66: SetuptoolsDeprecationWarning: setup.py install is deprecated.
!!

        ********************************************************************************
        Please avoid running ``setup.py`` directly.
        Instead, use pypa/build, pypa/installer, pypa/build or
        other standards-based tools.

        See https://blog.ganssle.io/articles/2021/10/setup-py-deprecated.html for details.
        ********************************************************************************

!!
  self.initialize_options()
running build_ext
INFO: customize UnixCCompiler
INFO: customize UnixCCompiler using build_ext
INFO: get_default_fcompiler: matching types: '['arm', 'gnu95', 'intel', 'lahey', 'pg', 'nv', 'absoft', 'nag', 'vast', 'compaq', 'intele', 'intelem', 'gnu', 'g95', 'pathf95', 'nagfor', 'fujitsu']'
INFO: customize ArmFlangCompiler
WARN: Could not locate executable armflang
INFO: customize Gnu95FCompiler
INFO: Found executable /home/truhlard/shuxx055/anaconda3/bin/gfortran
INFO: customize Gnu95FCompiler
INFO: customize Gnu95FCompiler using build_ext
INFO: building 'H3ClO_PIPNN' extension
INFO: compiling C sources
INFO: C compiler: gcc -pthread -B /home/truhlard/shuxx055/anaconda3/compiler_compat -DNDEBUG -fwrapv -O2 -Wall -fPIC -O2 -isystem /home/truhlard/shuxx055/anaconda3/include -fPIC -O2 -isystem /home/truhlard/shuxx055/anaconda3/include -fPIC

creating /tmp/tmpt40f7l6j/tmp
creating /tmp/tmpt40f7l6j/tmp/tmpt40f7l6j
creating /tmp/tmpt40f7l6j/tmp/tmpt40f7l6j/src.linux-x86_64-3.11
INFO: compile options: '-DNPY_DISABLE_OPTIMIZATION=1 -I/tmp/tmpt40f7l6j/src.linux-x86_64-3.11 -I/home/truhlard/shuxx055/anaconda3/lib/python3.11/site-packages/numpy/core/include -I/home/truhlard/shuxx055/anaconda3/include/python3.11 -c'
INFO: gcc: /tmp/tmpt40f7l6j/src.linux-x86_64-3.11/H3ClO_PIPNNmodule.c
INFO: gcc: /tmp/tmpt40f7l6j/src.linux-x86_64-3.11/fortranobject.c
/tmp/tmpt40f7l6j/src.linux-x86_64-3.11/H3ClO_PIPNNmodule.c: In function 'f2py_setup_nnparam':
/tmp/tmpt40f7l6j/src.linux-x86_64-3.11/H3ClO_PIPNNmodule.c:1405:35: warning: assignment to 'f2py_init_func' {aka 'void (*)(int *, long int *, void (*)(char *, long int *), int *)'} from incompatible pointer type 'void (*)(int *, int *, void (*)(char *, int *), int *)' [-Wincompatible-pointer-types]
 1405 |   f2py_nnparam_def[i_f2py++].func = nodes3a;
      |                                   ^
/tmp/tmpt40f7l6j/src.linux-x86_64-3.11/H3ClO_PIPNNmodule.c:1406:35: warning: assignment to 'f2py_init_func' {aka 'void (*)(int *, long int *, void (*)(char *, long int *), int *)'} from incompatible pointer type 'void (*)(int *, int *, void (*)(char *, int *), int *)' [-Wincompatible-pointer-types]
 1406 |   f2py_nnparam_def[i_f2py++].func = weight3a;
      |                                   ^
/tmp/tmpt40f7l6j/src.linux-x86_64-3.11/H3ClO_PIPNNmodule.c:1407:35: warning: assignment to 'f2py_init_func' {aka 'void (*)(int *, long int *, void (*)(char *, long int *), int *)'} from incompatible pointer type 'void (*)(int *, int *, void (*)(char *, int *), int *)' [-Wincompatible-pointer-types]
 1407 |   f2py_nnparam_def[i_f2py++].func = bias3a;
      |                                   ^
/tmp/tmpt40f7l6j/src.linux-x86_64-3.11/H3ClO_PIPNNmodule.c:1408:35: warning: assignment to 'f2py_init_func' {aka 'void (*)(int *, long int *, void (*)(char *, long int *), int *)'} from incompatible pointer type 'void (*)(int *, int *, void (*)(char *, int *), int *)' [-Wincompatible-pointer-types]
 1408 |   f2py_nnparam_def[i_f2py++].func = pdel3a;
      |                                   ^
/tmp/tmpt40f7l6j/src.linux-x86_64-3.11/H3ClO_PIPNNmodule.c:1409:35: warning: assignment to 'f2py_init_func' {aka 'void (*)(int *, long int *, void (*)(char *, long int *), int *)'} from incompatible pointer type 'void (*)(int *, int *, void (*)(char *, int *), int *)' [-Wincompatible-pointer-types]
 1409 |   f2py_nnparam_def[i_f2py++].func = pavg3a;
      |                                   ^
INFO: compiling Fortran 90 module sources
INFO: Fortran f77 compiler: /home/truhlard/shuxx055/anaconda3/bin/gfortran -Wall -g -ffixed-form -fno-second-underscore -fPIC -O3 -funroll-loops
Fortran f90 compiler: /home/truhlard/shuxx055/anaconda3/bin/gfortran -fallow-argument-mismatch -std=legacy -fPIC -O3 -funroll-loops
Fortran fix compiler: /home/truhlard/shuxx055/anaconda3/bin/gfortran -Wall -g -ffixed-form -fno-second-underscore -fallow-argument-mismatch -std=legacy -fPIC -O3 -funroll-loops
INFO: compile options: '-I/tmp/tmpt40f7l6j/src.linux-x86_64-3.11 -I/home/truhlard/shuxx055/anaconda3/lib/python3.11/site-packages/numpy/core/include -I/home/truhlard/shuxx055/anaconda3/include/python3.11 -c'
extra options: '-J/tmp/tmpt40f7l6j/ -I/tmp/tmpt40f7l6j/'
INFO: gfortran:f90: H3ClO_PIPNN.f90
INFO: compiling Fortran sources
INFO: Fortran f77 compiler: /home/truhlard/shuxx055/anaconda3/bin/gfortran -Wall -g -ffixed-form -fno-second-underscore -fPIC -O3 -funroll-loops
Fortran f90 compiler: /home/truhlard/shuxx055/anaconda3/bin/gfortran -fallow-argument-mismatch -std=legacy -fPIC -O3 -funroll-loops
Fortran fix compiler: /home/truhlard/shuxx055/anaconda3/bin/gfortran -Wall -g -ffixed-form -fno-second-underscore -fallow-argument-mismatch -std=legacy -fPIC -O3 -funroll-loops
INFO: compile options: '-I/tmp/tmpt40f7l6j/src.linux-x86_64-3.11 -I/home/truhlard/shuxx055/anaconda3/lib/python3.11/site-packages/numpy/core/include -I/home/truhlard/shuxx055/anaconda3/include/python3.11 -c'
extra options: '-J/tmp/tmpt40f7l6j/ -I/tmp/tmpt40f7l6j/'
INFO: gfortran:f90: /tmp/tmpt40f7l6j/src.linux-x86_64-3.11/H3ClO_PIPNN-f2pywrappers2.f90
INFO: gfortran:f77: /tmp/tmpt40f7l6j/src.linux-x86_64-3.11/H3ClO_PIPNN-f2pywrappers.f
INFO: /home/truhlard/shuxx055/anaconda3/bin/gfortran -Wall -g -Wall -g -shared /tmp/tmpt40f7l6j/tmp/tmpt40f7l6j/src.linux-x86_64-3.11/H3ClO_PIPNNmodule.o /tmp/tmpt40f7l6j/tmp/tmpt40f7l6j/src.linux-x86_64-3.11/fortranobject.o /tmp/tmpt40f7l6j/H3ClO_PIPNN.o /tmp/tmpt40f7l6j/tmp/tmpt40f7l6j/src.linux-x86_64-3.11/H3ClO_PIPNN-f2pywrappers.o /tmp/tmpt40f7l6j/tmp/tmpt40f7l6j/src.linux-x86_64-3.11/H3ClO_PIPNN-f2pywrappers2.o -L/panfs/jay/groups/16/truhlard/shuxx055/anaconda3/bin/../lib/gcc/x86_64-conda-linux-gnu/13.1.0/../../../../x86_64-conda-linux-gnu/lib/../lib -L/panfs/jay/groups/16/truhlard/shuxx055/anaconda3/bin/../lib/gcc/x86_64-conda-linux-gnu/13.1.0/../../../../x86_64-conda-linux-gnu/lib/../lib -lmkl_intel_lp64 -lmkl_sequential -lmkl_core -lgfortran -o ./H3ClO_PIPNN.cpython-311-x86_64-linux-gnu.so
Removing build directory /tmp/tmpt40f7l6j
