running build
running config_cc
INFO: unifing config_cc, config, build_clib, build_ext, build commands --compiler options
running config_fc
INFO: unifing config_fc, config, build_clib, build_ext, build commands --fcompiler options
running build_src
INFO: build_src
INFO: building extension "O4_triplet_ZV" sources
INFO: f2py options: []
INFO: f2py:> /tmp/tmp08mymmxc/src.linux-x86_64-3.11/O4_triplet_ZVmodule.c
creating /tmp/tmp08mymmxc/src.linux-x86_64-3.11
Reading fortran codes...
	Reading file 'O4_triplet_ZV.f90' (format:free)
Post-processing...
	Block: O4_triplet_ZV
			Block: o4_triplet_zv_par
In: :O4_triplet_ZV:O4_triplet_ZV.f90:o4_triplet_zv_par
get_parameters: got "eval() arg 1 must be a string, bytes or code object" on 8
In: :O4_triplet_ZV:O4_triplet_ZV.f90:o4_triplet_zv_par
get_parameters: got "eval() arg 1 must be a string, bytes or code object" on 8
In: :O4_triplet_ZV:O4_triplet_ZV.f90:o4_triplet_zv_par
get_parameters: got "eval() arg 1 must be a string, bytes or code object" on 8
In: :O4_triplet_ZV:O4_triplet_ZV.f90:o4_triplet_zv_par
get_parameters: got "eval() arg 1 must be a string, bytes or code object" on 8
In: :O4_triplet_ZV:O4_triplet_ZV.f90:o4_triplet_zv_par
get_parameters: got "eval() arg 1 must be a string, bytes or code object" on 8
In: :O4_triplet_ZV:O4_triplet_ZV.f90:o4_triplet_zv_par
get_parameters: got "eval() arg 1 must be a string, bytes or code object" on 8
In: :O4_triplet_ZV:O4_triplet_ZV.f90:o4_triplet_zv_par
get_parameters: got "eval() arg 1 must be a string, bytes or code object" on 8
In: :O4_triplet_ZV:O4_triplet_ZV.f90:o4_triplet_zv_par
get_parameters: got "eval() arg 1 must be a string, bytes or code object" on 8
In: :O4_triplet_ZV:O4_triplet_ZV.f90:o4_triplet_zv_par
get_parameters: got "eval() arg 1 must be a string, bytes or code object" on 8
In: :O4_triplet_ZV:O4_triplet_ZV.f90:o4_triplet_zv_par
get_parameters: got "eval() arg 1 must be a string, bytes or code object" on 8
			Block: pes
In: :O4_triplet_ZV:O4_triplet_ZV.f90:pes
get_parameters: got "eval() arg 1 must be a string, bytes or code object" on 8
In: :O4_triplet_ZV:O4_triplet_ZV.f90:pes
get_parameters: got "eval() arg 1 must be a string, bytes or code object" on 8
In: :O4_triplet_ZV:O4_triplet_ZV.f90:pes
get_parameters: got "eval() arg 1 must be a string, bytes or code object" on 8
In: :O4_triplet_ZV:O4_triplet_ZV.f90:pes
get_parameters: got "eval() arg 1 must be a string, bytes or code object" on 8
In: :O4_triplet_ZV:O4_triplet_ZV.f90:pes
get_parameters: got "eval() arg 1 must be a string, bytes or code object" on 8
In: :O4_triplet_ZV:O4_triplet_ZV.f90:pes
get_parameters: got "eval() arg 1 must be a string, bytes or code object" on 8
In: :O4_triplet_ZV:O4_triplet_ZV.f90:pes
get_parameters: got "eval() arg 1 must be a string, bytes or code object" on 8
In: :O4_triplet_ZV:O4_triplet_ZV.f90:pes
get_parameters: got "eval() arg 1 must be a string, bytes or code object" on 8
In: :O4_triplet_ZV:O4_triplet_ZV.f90:pes
get_parameters: got "eval() arg 1 must be a string, bytes or code object" on 8
In: :O4_triplet_ZV:O4_triplet_ZV.f90:pes
get_parameters: got "eval() arg 1 must be a string, bytes or code object" on 8
			Block: o4pes
In: :O4_triplet_ZV:O4_triplet_ZV.f90:o4pes
get_parameters: got "eval() arg 1 must be a string, bytes or code object" on 8
In: :O4_triplet_ZV:O4_triplet_ZV.f90:o4pes
get_parameters: got "eval() arg 1 must be a string, bytes or code object" on 8
In: :O4_triplet_ZV:O4_triplet_ZV.f90:o4pes
get_parameters: got "eval() arg 1 must be a string, bytes or code object" on 8
In: :O4_triplet_ZV:O4_triplet_ZV.f90:o4pes
get_parameters: got "eval() arg 1 must be a string, bytes or code object" on 8
In: :O4_triplet_ZV:O4_triplet_ZV.f90:o4pes
get_parameters: got "eval() arg 1 must be a string, bytes or code object" on 8
In: :O4_triplet_ZV:O4_triplet_ZV.f90:o4pes
get_parameters: got "eval() arg 1 must be a string, bytes or code object" on 8
In: :O4_triplet_ZV:O4_triplet_ZV.f90:o4pes
get_parameters: got "eval() arg 1 must be a string, bytes or code object" on 8
In: :O4_triplet_ZV:O4_triplet_ZV.f90:o4pes
get_parameters: got "eval() arg 1 must be a string, bytes or code object" on 8
In: :O4_triplet_ZV:O4_triplet_ZV.f90:o4pes
get_parameters: got "eval() arg 1 must be a string, bytes or code object" on 8
In: :O4_triplet_ZV:O4_triplet_ZV.f90:o4pes
get_parameters: got "eval() arg 1 must be a string, bytes or code object" on 8
			Block: coord_convt
In: :O4_triplet_ZV:O4_triplet_ZV.f90:coord_convt
get_parameters: got "eval() arg 1 must be a string, bytes or code object" on 8
In: :O4_triplet_ZV:O4_triplet_ZV.f90:coord_convt
get_parameters: got "eval() arg 1 must be a string, bytes or code object" on 8
In: :O4_triplet_ZV:O4_triplet_ZV.f90:coord_convt
get_parameters: got "eval() arg 1 must be a string, bytes or code object" on 8
In: :O4_triplet_ZV:O4_triplet_ZV.f90:coord_convt
get_parameters: got "eval() arg 1 must be a string, bytes or code object" on 8
In: :O4_triplet_ZV:O4_triplet_ZV.f90:coord_convt
get_parameters: got "eval() arg 1 must be a string, bytes or code object" on 8
In: :O4_triplet_ZV:O4_triplet_ZV.f90:coord_convt
get_parameters: got "eval() arg 1 must be a string, bytes or code object" on 8
In: :O4_triplet_ZV:O4_triplet_ZV.f90:coord_convt
get_parameters: got "eval() arg 1 must be a string, bytes or code object" on 8
In: :O4_triplet_ZV:O4_triplet_ZV.f90:coord_convt
get_parameters: got "eval() arg 1 must be a string, bytes or code object" on 8
In: :O4_triplet_ZV:O4_triplet_ZV.f90:coord_convt
get_parameters: got "eval() arg 1 must be a string, bytes or code object" on 8
In: :O4_triplet_ZV:O4_triplet_ZV.f90:coord_convt
get_parameters: got "eval() arg 1 must be a string, bytes or code object" on 8
			Block: evv
In: :O4_triplet_ZV:O4_triplet_ZV.f90:evv
get_parameters: got "eval() arg 1 must be a string, bytes or code object" on 8
In: :O4_triplet_ZV:O4_triplet_ZV.f90:evv
get_parameters: got "eval() arg 1 must be a string, bytes or code object" on 8
In: :O4_triplet_ZV:O4_triplet_ZV.f90:evv
get_parameters: got "eval() arg 1 must be a string, bytes or code object" on 8
In: :O4_triplet_ZV:O4_triplet_ZV.f90:evv
get_parameters: got "eval() arg 1 must be a string, bytes or code object" on 8
In: :O4_triplet_ZV:O4_triplet_ZV.f90:evv
get_parameters: got "eval() arg 1 must be a string, bytes or code object" on 8
In: :O4_triplet_ZV:O4_triplet_ZV.f90:evv
get_parameters: got "eval() arg 1 must be a string, bytes or code object" on 8
In: :O4_triplet_ZV:O4_triplet_ZV.f90:evv
get_parameters: got "eval() arg 1 must be a string, bytes or code object" on 8
In: :O4_triplet_ZV:O4_triplet_ZV.f90:evv
get_parameters: got "eval() arg 1 must be a string, bytes or code object" on 8
In: :O4_triplet_ZV:O4_triplet_ZV.f90:evv
get_parameters: got "eval() arg 1 must be a string, bytes or code object" on 8
In: :O4_triplet_ZV:O4_triplet_ZV.f90:evv
get_parameters: got "eval() arg 1 must be a string, bytes or code object" on 8
			Block: evdvdx
In: :O4_triplet_ZV:O4_triplet_ZV.f90:evdvdx
get_parameters: got "eval() arg 1 must be a string, bytes or code object" on 8
In: :O4_triplet_ZV:O4_triplet_ZV.f90:evdvdx
get_parameters: got "eval() arg 1 must be a string, bytes or code object" on 8
In: :O4_triplet_ZV:O4_triplet_ZV.f90:evdvdx
get_parameters: got "eval() arg 1 must be a string, bytes or code object" on 8
In: :O4_triplet_ZV:O4_triplet_ZV.f90:evdvdx
get_parameters: got "eval() arg 1 must be a string, bytes or code object" on 8
In: :O4_triplet_ZV:O4_triplet_ZV.f90:evdvdx
get_parameters: got "eval() arg 1 must be a string, bytes or code object" on 8
In: :O4_triplet_ZV:O4_triplet_ZV.f90:evdvdx
get_parameters: got "eval() arg 1 must be a string, bytes or code object" on 8
In: :O4_triplet_ZV:O4_triplet_ZV.f90:evdvdx
get_parameters: got "eval() arg 1 must be a string, bytes or code object" on 8
In: :O4_triplet_ZV:O4_triplet_ZV.f90:evdvdx
get_parameters: got "eval() arg 1 must be a string, bytes or code object" on 8
In: :O4_triplet_ZV:O4_triplet_ZV.f90:evdvdx
get_parameters: got "eval() arg 1 must be a string, bytes or code object" on 8
In: :O4_triplet_ZV:O4_triplet_ZV.f90:evdvdx
get_parameters: got "eval() arg 1 must be a string, bytes or code object" on 8
			Block: evmorse
In: :O4_triplet_ZV:O4_triplet_ZV.f90:evmorse
get_parameters: got "eval() arg 1 must be a string, bytes or code object" on 8
In: :O4_triplet_ZV:O4_triplet_ZV.f90:evmorse
get_parameters: got "eval() arg 1 must be a string, bytes or code object" on 8
In: :O4_triplet_ZV:O4_triplet_ZV.f90:evmorse
get_parameters: got "eval() arg 1 must be a string, bytes or code object" on 8
In: :O4_triplet_ZV:O4_triplet_ZV.f90:evmorse
get_parameters: got "eval() arg 1 must be a string, bytes or code object" on 8
In: :O4_triplet_ZV:O4_triplet_ZV.f90:evmorse
get_parameters: got "eval() arg 1 must be a string, bytes or code object" on 8
In: :O4_triplet_ZV:O4_triplet_ZV.f90:evmorse
get_parameters: got "eval() arg 1 must be a string, bytes or code object" on 8
In: :O4_triplet_ZV:O4_triplet_ZV.f90:evmorse
get_parameters: got "eval() arg 1 must be a string, bytes or code object" on 8
In: :O4_triplet_ZV:O4_triplet_ZV.f90:evmorse
get_parameters: got "eval() arg 1 must be a string, bytes or code object" on 8
In: :O4_triplet_ZV:O4_triplet_ZV.f90:evmorse
get_parameters: got "eval() arg 1 must be a string, bytes or code object" on 8
In: :O4_triplet_ZV:O4_triplet_ZV.f90:evmorse
get_parameters: got "eval() arg 1 must be a string, bytes or code object" on 8
			Block: evmono
In: :O4_triplet_ZV:O4_triplet_ZV.f90:evmono
get_parameters: got "eval() arg 1 must be a string, bytes or code object" on 8
In: :O4_triplet_ZV:O4_triplet_ZV.f90:evmono
get_parameters: got "eval() arg 1 must be a string, bytes or code object" on 8
In: :O4_triplet_ZV:O4_triplet_ZV.f90:evmono
get_parameters: got "eval() arg 1 must be a string, bytes or code object" on 8
In: :O4_triplet_ZV:O4_triplet_ZV.f90:evmono
get_parameters: got "eval() arg 1 must be a string, bytes or code object" on 8
In: :O4_triplet_ZV:O4_triplet_ZV.f90:evmono
get_parameters: got "eval() arg 1 must be a string, bytes or code object" on 8
In: :O4_triplet_ZV:O4_triplet_ZV.f90:evmono
get_parameters: got "eval() arg 1 must be a string, bytes or code object" on 8
In: :O4_triplet_ZV:O4_triplet_ZV.f90:evmono
get_parameters: got "eval() arg 1 must be a string, bytes or code object" on 8
In: :O4_triplet_ZV:O4_triplet_ZV.f90:evmono
get_parameters: got "eval() arg 1 must be a string, bytes or code object" on 8
In: :O4_triplet_ZV:O4_triplet_ZV.f90:evmono
get_parameters: got "eval() arg 1 must be a string, bytes or code object" on 8
In: :O4_triplet_ZV:O4_triplet_ZV.f90:evmono
get_parameters: got "eval() arg 1 must be a string, bytes or code object" on 8
			Block: evpoly
In: :O4_triplet_ZV:O4_triplet_ZV.f90:evpoly
get_parameters: got "eval() arg 1 must be a string, bytes or code object" on 8
In: :O4_triplet_ZV:O4_triplet_ZV.f90:evpoly
get_parameters: got "eval() arg 1 must be a string, bytes or code object" on 8
In: :O4_triplet_ZV:O4_triplet_ZV.f90:evpoly
get_parameters: got "eval() arg 1 must be a string, bytes or code object" on 8
In: :O4_triplet_ZV:O4_triplet_ZV.f90:evpoly
get_parameters: got "eval() arg 1 must be a string, bytes or code object" on 8
In: :O4_triplet_ZV:O4_triplet_ZV.f90:evpoly
get_parameters: got "eval() arg 1 must be a string, bytes or code object" on 8
In: :O4_triplet_ZV:O4_triplet_ZV.f90:evpoly
get_parameters: got "eval() arg 1 must be a string, bytes or code object" on 8
In: :O4_triplet_ZV:O4_triplet_ZV.f90:evpoly
get_parameters: got "eval() arg 1 must be a string, bytes or code object" on 8
In: :O4_triplet_ZV:O4_triplet_ZV.f90:evpoly
get_parameters: got "eval() arg 1 must be a string, bytes or code object" on 8
In: :O4_triplet_ZV:O4_triplet_ZV.f90:evpoly
get_parameters: got "eval() arg 1 must be a string, bytes or code object" on 8
In: :O4_triplet_ZV:O4_triplet_ZV.f90:evpoly
get_parameters: got "eval() arg 1 must be a string, bytes or code object" on 8
			Block: evbas
In: :O4_triplet_ZV:O4_triplet_ZV.f90:evbas
get_parameters: got "eval() arg 1 must be a string, bytes or code object" on 8
In: :O4_triplet_ZV:O4_triplet_ZV.f90:evbas
get_parameters: got "eval() arg 1 must be a string, bytes or code object" on 8
In: :O4_triplet_ZV:O4_triplet_ZV.f90:evbas
get_parameters: got "eval() arg 1 must be a string, bytes or code object" on 8
In: :O4_triplet_ZV:O4_triplet_ZV.f90:evbas
get_parameters: got "eval() arg 1 must be a string, bytes or code object" on 8
In: :O4_triplet_ZV:O4_triplet_ZV.f90:evbas
get_parameters: got "eval() arg 1 must be a string, bytes or code object" on 8
In: :O4_triplet_ZV:O4_triplet_ZV.f90:evbas
get_parameters: got "eval() arg 1 must be a string, bytes or code object" on 8
In: :O4_triplet_ZV:O4_triplet_ZV.f90:evbas
get_parameters: got "eval() arg 1 must be a string, bytes or code object" on 8
In: :O4_triplet_ZV:O4_triplet_ZV.f90:evbas
get_parameters: got "eval() arg 1 must be a string, bytes or code object" on 8
In: :O4_triplet_ZV:O4_triplet_ZV.f90:evbas
get_parameters: got "eval() arg 1 must be a string, bytes or code object" on 8
In: :O4_triplet_ZV:O4_triplet_ZV.f90:evbas
get_parameters: got "eval() arg 1 must be a string, bytes or code object" on 8
			Block: ev2gm2
			Block: evdvdr
In: :O4_triplet_ZV:O4_triplet_ZV.f90:evdvdr
get_parameters: got "eval() arg 1 must be a string, bytes or code object" on 8
In: :O4_triplet_ZV:O4_triplet_ZV.f90:evdvdr
get_parameters: got "eval() arg 1 must be a string, bytes or code object" on 8
In: :O4_triplet_ZV:O4_triplet_ZV.f90:evdvdr
get_parameters: got "eval() arg 1 must be a string, bytes or code object" on 8
In: :O4_triplet_ZV:O4_triplet_ZV.f90:evdvdr
get_parameters: got "eval() arg 1 must be a string, bytes or code object" on 8
In: :O4_triplet_ZV:O4_triplet_ZV.f90:evdvdr
get_parameters: got "eval() arg 1 must be a string, bytes or code object" on 8
In: :O4_triplet_ZV:O4_triplet_ZV.f90:evdvdr
get_parameters: got "eval() arg 1 must be a string, bytes or code object" on 8
In: :O4_triplet_ZV:O4_triplet_ZV.f90:evdvdr
get_parameters: got "eval() arg 1 must be a string, bytes or code object" on 8
In: :O4_triplet_ZV:O4_triplet_ZV.f90:evdvdr
get_parameters: got "eval() arg 1 must be a string, bytes or code object" on 8
In: :O4_triplet_ZV:O4_triplet_ZV.f90:evdvdr
get_parameters: got "eval() arg 1 must be a string, bytes or code object" on 8
In: :O4_triplet_ZV:O4_triplet_ZV.f90:evdvdr
get_parameters: got "eval() arg 1 must be a string, bytes or code object" on 8
			Block: evdrdx
In: :O4_triplet_ZV:O4_triplet_ZV.f90:evdrdx
get_parameters: got "eval() arg 1 must be a string, bytes or code object" on 8
In: :O4_triplet_ZV:O4_triplet_ZV.f90:evdrdx
get_parameters: got "eval() arg 1 must be a string, bytes or code object" on 8
In: :O4_triplet_ZV:O4_triplet_ZV.f90:evdrdx
get_parameters: got "eval() arg 1 must be a string, bytes or code object" on 8
In: :O4_triplet_ZV:O4_triplet_ZV.f90:evdrdx
get_parameters: got "eval() arg 1 must be a string, bytes or code object" on 8
In: :O4_triplet_ZV:O4_triplet_ZV.f90:evdrdx
get_parameters: got "eval() arg 1 must be a string, bytes or code object" on 8
In: :O4_triplet_ZV:O4_triplet_ZV.f90:evdrdx
get_parameters: got "eval() arg 1 must be a string, bytes or code object" on 8
In: :O4_triplet_ZV:O4_triplet_ZV.f90:evdrdx
get_parameters: got "eval() arg 1 must be a string, bytes or code object" on 8
In: :O4_triplet_ZV:O4_triplet_ZV.f90:evdrdx
get_parameters: got "eval() arg 1 must be a string, bytes or code object" on 8
In: :O4_triplet_ZV:O4_triplet_ZV.f90:evdrdx
get_parameters: got "eval() arg 1 must be a string, bytes or code object" on 8
In: :O4_triplet_ZV:O4_triplet_ZV.f90:evdrdx
get_parameters: got "eval() arg 1 must be a string, bytes or code object" on 8
			Block: evdmsdr
In: :O4_triplet_ZV:O4_triplet_ZV.f90:evdmsdr
get_parameters: got "eval() arg 1 must be a string, bytes or code object" on 8
In: :O4_triplet_ZV:O4_triplet_ZV.f90:evdmsdr
get_parameters: got "eval() arg 1 must be a string, bytes or code object" on 8
In: :O4_triplet_ZV:O4_triplet_ZV.f90:evdmsdr
get_parameters: got "eval() arg 1 must be a string, bytes or code object" on 8
In: :O4_triplet_ZV:O4_triplet_ZV.f90:evdmsdr
get_parameters: got "eval() arg 1 must be a string, bytes or code object" on 8
In: :O4_triplet_ZV:O4_triplet_ZV.f90:evdmsdr
get_parameters: got "eval() arg 1 must be a string, bytes or code object" on 8
In: :O4_triplet_ZV:O4_triplet_ZV.f90:evdmsdr
get_parameters: got "eval() arg 1 must be a string, bytes or code object" on 8
In: :O4_triplet_ZV:O4_triplet_ZV.f90:evdmsdr
get_parameters: got "eval() arg 1 must be a string, bytes or code object" on 8
In: :O4_triplet_ZV:O4_triplet_ZV.f90:evdmsdr
get_parameters: got "eval() arg 1 must be a string, bytes or code object" on 8
In: :O4_triplet_ZV:O4_triplet_ZV.f90:evdmsdr
get_parameters: got "eval() arg 1 must be a string, bytes or code object" on 8
In: :O4_triplet_ZV:O4_triplet_ZV.f90:evdmsdr
get_parameters: got "eval() arg 1 must be a string, bytes or code object" on 8
			Block: evdmdr
In: :O4_triplet_ZV:O4_triplet_ZV.f90:evdmdr
get_parameters: got "eval() arg 1 must be a string, bytes or code object" on 8
In: :O4_triplet_ZV:O4_triplet_ZV.f90:evdmdr
get_parameters: got "eval() arg 1 must be a string, bytes or code object" on 8
In: :O4_triplet_ZV:O4_triplet_ZV.f90:evdmdr
get_parameters: got "eval() arg 1 must be a string, bytes or code object" on 8
In: :O4_triplet_ZV:O4_triplet_ZV.f90:evdmdr
get_parameters: got "eval() arg 1 must be a string, bytes or code object" on 8
In: :O4_triplet_ZV:O4_triplet_ZV.f90:evdmdr
get_parameters: got "eval() arg 1 must be a string, bytes or code object" on 8
In: :O4_triplet_ZV:O4_triplet_ZV.f90:evdmdr
get_parameters: got "eval() arg 1 must be a string, bytes or code object" on 8
In: :O4_triplet_ZV:O4_triplet_ZV.f90:evdmdr
get_parameters: got "eval() arg 1 must be a string, bytes or code object" on 8
In: :O4_triplet_ZV:O4_triplet_ZV.f90:evdmdr
get_parameters: got "eval() arg 1 must be a string, bytes or code object" on 8
In: :O4_triplet_ZV:O4_triplet_ZV.f90:evdmdr
get_parameters: got "eval() arg 1 must be a string, bytes or code object" on 8
In: :O4_triplet_ZV:O4_triplet_ZV.f90:evdmdr
get_parameters: got "eval() arg 1 must be a string, bytes or code object" on 8
			Block: evdpdr
In: :O4_triplet_ZV:O4_triplet_ZV.f90:evdpdr
get_parameters: got "eval() arg 1 must be a string, bytes or code object" on 8
In: :O4_triplet_ZV:O4_triplet_ZV.f90:evdpdr
get_parameters: got "eval() arg 1 must be a string, bytes or code object" on 8
In: :O4_triplet_ZV:O4_triplet_ZV.f90:evdpdr
get_parameters: got "eval() arg 1 must be a string, bytes or code object" on 8
In: :O4_triplet_ZV:O4_triplet_ZV.f90:evdpdr
get_parameters: got "eval() arg 1 must be a string, bytes or code object" on 8
In: :O4_triplet_ZV:O4_triplet_ZV.f90:evdpdr
get_parameters: got "eval() arg 1 must be a string, bytes or code object" on 8
In: :O4_triplet_ZV:O4_triplet_ZV.f90:evdpdr
get_parameters: got "eval() arg 1 must be a string, bytes or code object" on 8
In: :O4_triplet_ZV:O4_triplet_ZV.f90:evdpdr
get_parameters: got "eval() arg 1 must be a string, bytes or code object" on 8
In: :O4_triplet_ZV:O4_triplet_ZV.f90:evdpdr
get_parameters: got "eval() arg 1 must be a string, bytes or code object" on 8
In: :O4_triplet_ZV:O4_triplet_ZV.f90:evdpdr
get_parameters: got "eval() arg 1 must be a string, bytes or code object" on 8
In: :O4_triplet_ZV:O4_triplet_ZV.f90:evdpdr
get_parameters: got "eval() arg 1 must be a string, bytes or code object" on 8
			Block: evdbdr
In: :O4_triplet_ZV:O4_triplet_ZV.f90:evdbdr
get_parameters: got "eval() arg 1 must be a string, bytes or code object" on 8
In: :O4_triplet_ZV:O4_triplet_ZV.f90:evdbdr
get_parameters: got "eval() arg 1 must be a string, bytes or code object" on 8
In: :O4_triplet_ZV:O4_triplet_ZV.f90:evdbdr
get_parameters: got "eval() arg 1 must be a string, bytes or code object" on 8
In: :O4_triplet_ZV:O4_triplet_ZV.f90:evdbdr
get_parameters: got "eval() arg 1 must be a string, bytes or code object" on 8
In: :O4_triplet_ZV:O4_triplet_ZV.f90:evdbdr
get_parameters: got "eval() arg 1 must be a string, bytes or code object" on 8
In: :O4_triplet_ZV:O4_triplet_ZV.f90:evdbdr
get_parameters: got "eval() arg 1 must be a string, bytes or code object" on 8
In: :O4_triplet_ZV:O4_triplet_ZV.f90:evdbdr
get_parameters: got "eval() arg 1 must be a string, bytes or code object" on 8
In: :O4_triplet_ZV:O4_triplet_ZV.f90:evdbdr
get_parameters: got "eval() arg 1 must be a string, bytes or code object" on 8
In: :O4_triplet_ZV:O4_triplet_ZV.f90:evdbdr
get_parameters: got "eval() arg 1 must be a string, bytes or code object" on 8
In: :O4_triplet_ZV:O4_triplet_ZV.f90:evdbdr
get_parameters: got "eval() arg 1 must be a string, bytes or code object" on 8
			Block: d3disp
			Block: edisp
Applying post-processing hooks...
  character_backward_compatibility_hook
Post-processing (stage 2)...
	Block: O4_triplet_ZV
		Block: unknown_interface
			Block: o4_triplet_zv_par
			Block: pes
			Block: o4pes
			Block: coord_convt
			Block: evv
			Block: evdvdx
			Block: evmorse
			Block: evmono
			Block: evpoly
			Block: evbas
			Block: ev2gm2
			Block: evdvdr
			Block: evdrdx
			Block: evdmsdr
			Block: evdmdr
			Block: evdpdr
			Block: evdbdr
			Block: d3disp
			Block: edisp
Building modules...
    Building module "O4_triplet_ZV"...
    Generating possibly empty wrappers"
    Maybe empty "O4_triplet_ZV-f2pywrappers.f"
        Constructing wrapper function "pes"...
          potential,gradient,dvec = pes(x,igrad)
    Generating possibly empty wrappers"
    Maybe empty "O4_triplet_ZV-f2pywrappers.f"
        Constructing wrapper function "o4pes"...
          o4pes(x,v,dvdx,igrad)
    Generating possibly empty wrappers"
    Maybe empty "O4_triplet_ZV-f2pywrappers.f"
        Constructing wrapper function "coord_convt"...
          coord_convt(x)
    Generating possibly empty wrappers"
    Maybe empty "O4_triplet_ZV-f2pywrappers.f"
        Constructing wrapper function "evv"...
          evv(v)
    Generating possibly empty wrappers"
    Maybe empty "O4_triplet_ZV-f2pywrappers.f"
        Constructing wrapper function "evdvdx"...
          evdvdx(x,dvdx)
    Generating possibly empty wrappers"
    Maybe empty "O4_triplet_ZV-f2pywrappers.f"
        Constructing wrapper function "evmorse"...
          evmorse()
    Generating possibly empty wrappers"
    Maybe empty "O4_triplet_ZV-f2pywrappers.f"
        Constructing wrapper function "evmono"...
          evmono()
    Generating possibly empty wrappers"
    Maybe empty "O4_triplet_ZV-f2pywrappers.f"
        Constructing wrapper function "evpoly"...
          evpoly()
    Generating possibly empty wrappers"
    Maybe empty "O4_triplet_ZV-f2pywrappers.f"
        Constructing wrapper function "evbas"...
          evbas()
    Generating possibly empty wrappers"
    Maybe empty "O4_triplet_ZV-f2pywrappers.f"
        Constructing wrapper function "ev2gm2"...
          v,grad = ev2gm2(r,imol,igrad)
    Generating possibly empty wrappers"
    Maybe empty "O4_triplet_ZV-f2pywrappers.f"
        Constructing wrapper function "evdvdr"...
          evdvdr()
    Generating possibly empty wrappers"
    Maybe empty "O4_triplet_ZV-f2pywrappers.f"
        Constructing wrapper function "evdrdx"...
          evdrdx(x)
    Generating possibly empty wrappers"
    Maybe empty "O4_triplet_ZV-f2pywrappers.f"
        Constructing wrapper function "evdmsdr"...
          evdmsdr()
    Generating possibly empty wrappers"
    Maybe empty "O4_triplet_ZV-f2pywrappers.f"
        Constructing wrapper function "evdmdr"...
          evdmdr()
    Generating possibly empty wrappers"
    Maybe empty "O4_triplet_ZV-f2pywrappers.f"
        Constructing wrapper function "evdpdr"...
          evdpdr()
    Generating possibly empty wrappers"
    Maybe empty "O4_triplet_ZV-f2pywrappers.f"
        Constructing wrapper function "evdbdr"...
          evdbdr()
    Generating possibly empty wrappers"
    Maybe empty "O4_triplet_ZV-f2pywrappers.f"
        Constructing wrapper function "d3disp"...
          d3disp(dist,disp,dispdr,igrad,imol)
    Generating possibly empty wrappers"
    Maybe empty "O4_triplet_ZV-f2pywrappers.f"
        Constructing wrapper function "edisp"...
          edisp(maxc,n,dist,iz,mxc,rs6,rs8,e6,e8,e6dr,e8dr,c6a,igrad,[max_elem])
		Constructing F90 module support for "o4_triplet_zv_par"...
		  Variables: cconv econv gconv r rms rm p b dmsdr dmdr dpdr dvdr drdx dbdr a ab ra rb eref totdiss c
    Wrote C/API module "O4_triplet_ZV" to file "/tmp/tmp08mymmxc/src.linux-x86_64-3.11/O4_triplet_ZVmodule.c"
    Fortran 90 wrappers are saved to "/tmp/tmp08mymmxc/src.linux-x86_64-3.11/O4_triplet_ZV-f2pywrappers2.f90"
INFO:   adding '/tmp/tmp08mymmxc/src.linux-x86_64-3.11/fortranobject.c' to sources.
INFO:   adding '/tmp/tmp08mymmxc/src.linux-x86_64-3.11' to include_dirs.
copying /home/truhlard/shuxx055/anaconda3/lib/python3.11/site-packages/numpy/f2py/src/fortranobject.c -> /tmp/tmp08mymmxc/src.linux-x86_64-3.11
copying /home/truhlard/shuxx055/anaconda3/lib/python3.11/site-packages/numpy/f2py/src/fortranobject.h -> /tmp/tmp08mymmxc/src.linux-x86_64-3.11
INFO:   adding '/tmp/tmp08mymmxc/src.linux-x86_64-3.11/O4_triplet_ZV-f2pywrappers.f' to sources.
INFO:   adding '/tmp/tmp08mymmxc/src.linux-x86_64-3.11/O4_triplet_ZV-f2pywrappers2.f90' to sources.
INFO: build_src: building npy-pkg config files
/home/truhlard/shuxx055/anaconda3/lib/python3.11/site-packages/setuptools/_distutils/cmd.py:66: SetuptoolsDeprecationWarning: setup.py install is deprecated.
!!

        ********************************************************************************
        Please avoid running ``setup.py`` directly.
        Instead, use pypa/build, pypa/installer, pypa/build or
        other standards-based tools.

        See https://blog.ganssle.io/articles/2021/10/setup-py-deprecated.html for details.
        ********************************************************************************

!!
  self.initialize_options()
running build_ext
INFO: customize UnixCCompiler
INFO: customize UnixCCompiler using build_ext
INFO: get_default_fcompiler: matching types: '['arm', 'gnu95', 'intel', 'lahey', 'pg', 'nv', 'absoft', 'nag', 'vast', 'compaq', 'intele', 'intelem', 'gnu', 'g95', 'pathf95', 'nagfor', 'fujitsu']'
INFO: customize ArmFlangCompiler
WARN: Could not locate executable armflang
INFO: customize Gnu95FCompiler
INFO: Found executable /home/truhlard/shuxx055/anaconda3/bin/gfortran
INFO: customize Gnu95FCompiler
INFO: customize Gnu95FCompiler using build_ext
INFO: building 'O4_triplet_ZV' extension
INFO: compiling C sources
INFO: C compiler: gcc -pthread -B /home/truhlard/shuxx055/anaconda3/compiler_compat -DNDEBUG -fwrapv -O2 -Wall -fPIC -O2 -isystem /home/truhlard/shuxx055/anaconda3/include -fPIC -O2 -isystem /home/truhlard/shuxx055/anaconda3/include -fPIC

creating /tmp/tmp08mymmxc/tmp
creating /tmp/tmp08mymmxc/tmp/tmp08mymmxc
creating /tmp/tmp08mymmxc/tmp/tmp08mymmxc/src.linux-x86_64-3.11
INFO: compile options: '-DNPY_DISABLE_OPTIMIZATION=1 -I/tmp/tmp08mymmxc/src.linux-x86_64-3.11 -I/home/truhlard/shuxx055/anaconda3/lib/python3.11/site-packages/numpy/core/include -I/home/truhlard/shuxx055/anaconda3/include/python3.11 -c'
INFO: gcc: /tmp/tmp08mymmxc/src.linux-x86_64-3.11/O4_triplet_ZVmodule.c
INFO: gcc: /tmp/tmp08mymmxc/src.linux-x86_64-3.11/fortranobject.c
INFO: compiling Fortran 90 module sources
INFO: Fortran f77 compiler: /home/truhlard/shuxx055/anaconda3/bin/gfortran -Wall -g -ffixed-form -fno-second-underscore -fPIC -O3 -funroll-loops
Fortran f90 compiler: /home/truhlard/shuxx055/anaconda3/bin/gfortran -fallow-argument-mismatch -std=legacy -fPIC -O3 -funroll-loops
Fortran fix compiler: /home/truhlard/shuxx055/anaconda3/bin/gfortran -Wall -g -ffixed-form -fno-second-underscore -fallow-argument-mismatch -std=legacy -fPIC -O3 -funroll-loops
INFO: compile options: '-I/tmp/tmp08mymmxc/src.linux-x86_64-3.11 -I/home/truhlard/shuxx055/anaconda3/lib/python3.11/site-packages/numpy/core/include -I/home/truhlard/shuxx055/anaconda3/include/python3.11 -c'
extra options: '-J/tmp/tmp08mymmxc/ -I/tmp/tmp08mymmxc/'
INFO: gfortran:f90: O4_triplet_ZV.f90
INFO: compiling Fortran sources
INFO: Fortran f77 compiler: /home/truhlard/shuxx055/anaconda3/bin/gfortran -Wall -g -ffixed-form -fno-second-underscore -fPIC -O3 -funroll-loops
Fortran f90 compiler: /home/truhlard/shuxx055/anaconda3/bin/gfortran -fallow-argument-mismatch -std=legacy -fPIC -O3 -funroll-loops
Fortran fix compiler: /home/truhlard/shuxx055/anaconda3/bin/gfortran -Wall -g -ffixed-form -fno-second-underscore -fallow-argument-mismatch -std=legacy -fPIC -O3 -funroll-loops
INFO: compile options: '-I/tmp/tmp08mymmxc/src.linux-x86_64-3.11 -I/home/truhlard/shuxx055/anaconda3/lib/python3.11/site-packages/numpy/core/include -I/home/truhlard/shuxx055/anaconda3/include/python3.11 -c'
extra options: '-J/tmp/tmp08mymmxc/ -I/tmp/tmp08mymmxc/'
INFO: gfortran:f90: /tmp/tmp08mymmxc/src.linux-x86_64-3.11/O4_triplet_ZV-f2pywrappers2.f90
INFO: gfortran:f77: /tmp/tmp08mymmxc/src.linux-x86_64-3.11/O4_triplet_ZV-f2pywrappers.f
INFO: /home/truhlard/shuxx055/anaconda3/bin/gfortran -Wall -g -Wall -g -shared /tmp/tmp08mymmxc/tmp/tmp08mymmxc/src.linux-x86_64-3.11/O4_triplet_ZVmodule.o /tmp/tmp08mymmxc/tmp/tmp08mymmxc/src.linux-x86_64-3.11/fortranobject.o /tmp/tmp08mymmxc/O4_triplet_ZV.o /tmp/tmp08mymmxc/tmp/tmp08mymmxc/src.linux-x86_64-3.11/O4_triplet_ZV-f2pywrappers.o /tmp/tmp08mymmxc/tmp/tmp08mymmxc/src.linux-x86_64-3.11/O4_triplet_ZV-f2pywrappers2.o -L/panfs/jay/groups/16/truhlard/shuxx055/anaconda3/bin/../lib/gcc/x86_64-conda-linux-gnu/13.1.0/../../../../x86_64-conda-linux-gnu/lib/../lib -L/panfs/jay/groups/16/truhlard/shuxx055/anaconda3/bin/../lib/gcc/x86_64-conda-linux-gnu/13.1.0/../../../../x86_64-conda-linux-gnu/lib/../lib -lmkl_intel_lp64 -lmkl_sequential -lmkl_core -lgfortran -o ./O4_triplet_ZV.cpython-311-x86_64-linux-gnu.so
Removing build directory /tmp/tmp08mymmxc
