running build
running config_cc
INFO: unifing config_cc, config, build_clib, build_ext, build commands --compiler options
running config_fc
INFO: unifing config_fc, config, build_clib, build_ext, build commands --fcompiler options
running build_src
INFO: build_src
INFO: building extension "CH4F_GEN_GCSO_1996" sources
INFO: f2py options: []
INFO: f2py:> /tmp/tmpdr88um59/src.linux-x86_64-3.11/CH4F_GEN_GCSO_1996module.c
creating /tmp/tmpdr88um59/src.linux-x86_64-3.11
rmbadname1: Replacing "switch" with "switch_bn".
Reading fortran codes...
	Reading file 'CH4F_GEN_GCSO_1996.f' (format:fix,strict)
Post-processing...
	Block: CH4F_GEN_GCSO_1996
			Block: pes
{}
In: :CH4F_GEN_GCSO_1996:CH4F_GEN_GCSO_1996.f:surf
vars2fortran: No typespec for argument "v".
{'attrspec': ['dimension(n3tm)']}
In: :CH4F_GEN_GCSO_1996:CH4F_GEN_GCSO_1996.f:surf
vars2fortran: No typespec for argument "coord".
{'attrspec': ['dimension(n3tm)']}
In: :CH4F_GEN_GCSO_1996:CH4F_GEN_GCSO_1996.f:surf
vars2fortran: No typespec for argument "dx".
{}
In: :CH4F_GEN_GCSO_1996:CH4F_GEN_GCSO_1996.f:surf
vars2fortran: No typespec for argument "n3tm".
			Block: surf
			Block: coorden
			Block: refangles
{}
In: :CH4F_GEN_GCSO_1996:CH4F_GEN_GCSO_1996.f:stretch
vars2fortran: No typespec for argument "vstr".
			Block: stretch
{}
In: :CH4F_GEN_GCSO_1996:CH4F_GEN_GCSO_1996.f:opbend
vars2fortran: No typespec for argument "vop".
			Block: opbend
{}
In: :CH4F_GEN_GCSO_1996:CH4F_GEN_GCSO_1996.f:ipbend
vars2fortran: No typespec for argument "vip".
			Block: ipbend
{}
In: :CH4F_GEN_GCSO_1996:CH4F_GEN_GCSO_1996.f:calcdelta
vars2fortran: No typespec for argument "i".
{}
In: :CH4F_GEN_GCSO_1996:CH4F_GEN_GCSO_1996.f:calcdelta
vars2fortran: No typespec for argument "j".
{}
In: :CH4F_GEN_GCSO_1996:CH4F_GEN_GCSO_1996.f:calcdelta
vars2fortran: No typespec for argument "k".
{}
In: :CH4F_GEN_GCSO_1996:CH4F_GEN_GCSO_1996.f:calcdelta
vars2fortran: No typespec for argument "l".
{}
In: :CH4F_GEN_GCSO_1996:CH4F_GEN_GCSO_1996.f:calcdelta
vars2fortran: No typespec for argument "sum2".
{}
In: :CH4F_GEN_GCSO_1996:CH4F_GEN_GCSO_1996.f:calcdelta
vars2fortran: No typespec for argument "sum4".
			Block: calcdelta
			Block: opforce
			Block: ipforce
			Block: switchf
{}
In: :CH4F_GEN_GCSO_1996:CH4F_GEN_GCSO_1996.f:setup
vars2fortran: No typespec for argument "n3tm".
			Block: setup
Applying post-processing hooks...
  character_backward_compatibility_hook
Post-processing (stage 2)...
Building modules...
    Building module "CH4F_GEN_GCSO_1996"...
    Generating possibly empty wrappers"
    Maybe empty "CH4F_GEN_GCSO_1996-f2pywrappers.f"
        Constructing wrapper function "pes"...
          p,g,d = pes(x,igrad,path)
    Generating possibly empty wrappers"
    Maybe empty "CH4F_GEN_GCSO_1996-f2pywrappers.f"
        Constructing wrapper function "surf"...
          surf(v,coord,dx,path,[n3tm])
    Generating possibly empty wrappers"
    Maybe empty "CH4F_GEN_GCSO_1996-f2pywrappers.f"
        Constructing wrapper function "coorden"...
          coorden()
    Generating possibly empty wrappers"
    Maybe empty "CH4F_GEN_GCSO_1996-f2pywrappers.f"
        Constructing wrapper function "refangles"...
          refangles()
    Generating possibly empty wrappers"
    Maybe empty "CH4F_GEN_GCSO_1996-f2pywrappers.f"
        Constructing wrapper function "stretch"...
          stretch(vstr)
    Generating possibly empty wrappers"
    Maybe empty "CH4F_GEN_GCSO_1996-f2pywrappers.f"
        Constructing wrapper function "opbend"...
          opbend(vop)
    Generating possibly empty wrappers"
    Maybe empty "CH4F_GEN_GCSO_1996-f2pywrappers.f"
        Constructing wrapper function "ipbend"...
          ipbend(vip)
    Generating possibly empty wrappers"
    Maybe empty "CH4F_GEN_GCSO_1996-f2pywrappers.f"
        Constructing wrapper function "calcdelta"...
          calcdelta(i,j,k,l,sum2,sum4)
    Generating possibly empty wrappers"
    Maybe empty "CH4F_GEN_GCSO_1996-f2pywrappers.f"
        Constructing wrapper function "opforce"...
          opforce()
    Generating possibly empty wrappers"
    Maybe empty "CH4F_GEN_GCSO_1996-f2pywrappers.f"
        Constructing wrapper function "ipforce"...
          ipforce()
    Generating possibly empty wrappers"
    Maybe empty "CH4F_GEN_GCSO_1996-f2pywrappers.f"
        Constructing wrapper function "switchf"...
          switchf()
    Generating possibly empty wrappers"
    Maybe empty "CH4F_GEN_GCSO_1996-f2pywrappers.f"
        Constructing wrapper function "setup"...
          setup(n3tm)
		Constructing COMMON block support for "angles"...
		  theta0,dtheta0
		Constructing COMMON block support for "bonds"...
		  rcb,rch,r0ch,rbh,r0hh
		Constructing COMMON block support for "coords"...
		  tcb,tch,tbh
		Constructing COMMON block support for "delta1"...
		  fdelta,hdelta
		Constructing COMMON block support for "delta2"...
		  dfdelta,dhdelta
		Constructing COMMON block support for "force1"...
		  fk0,f1,dfdc,dfdh
		Constructing COMMON block support for "force2"...
		  fkinf,ak,bk,aa1,aa2,aa3,aa4
		Constructing COMMON block support for "fsw1"...
		  a1s,b1s,a2s,b2s,a3s,b3s
		Constructing COMMON block support for "ip1"...
		  s1,ds1,s2,ds2
		Constructing COMMON block support for "ndx"...
		  nnc,nnb,nnh,nc,nhb,nh
		Constructing COMMON block support for "op1"...
		  s3,ds3
		Constructing COMMON block support for "params"...
		  fch3,hch3
		Constructing COMMON block support for "qpdot"...
		  q,pdot
		Constructing COMMON block support for "sphi1"...
		  aphi,bphi,cphi
		Constructing COMMON block support for "stheta1"...
		  atheta,btheta,ctheta
		Constructing COMMON block support for "stret1"...
		  d1ch,d3ch,a1ch,b1ch,c1ch,d1hh,d3hh,ahh,d1cb,d3cb,acb
		Constructing COMMON block support for "switch1"...
		  sphi,dsphi,stheta,dstheta
    Wrote C/API module "CH4F_GEN_GCSO_1996" to file "/tmp/tmpdr88um59/src.linux-x86_64-3.11/CH4F_GEN_GCSO_1996module.c"
    Fortran 77 wrappers are saved to "/tmp/tmpdr88um59/src.linux-x86_64-3.11/CH4F_GEN_GCSO_1996-f2pywrappers.f"
INFO:   adding '/tmp/tmpdr88um59/src.linux-x86_64-3.11/fortranobject.c' to sources.
INFO:   adding '/tmp/tmpdr88um59/src.linux-x86_64-3.11' to include_dirs.
copying /home/truhlard/shuxx055/anaconda3/lib/python3.11/site-packages/numpy/f2py/src/fortranobject.c -> /tmp/tmpdr88um59/src.linux-x86_64-3.11
copying /home/truhlard/shuxx055/anaconda3/lib/python3.11/site-packages/numpy/f2py/src/fortranobject.h -> /tmp/tmpdr88um59/src.linux-x86_64-3.11
INFO:   adding '/tmp/tmpdr88um59/src.linux-x86_64-3.11/CH4F_GEN_GCSO_1996-f2pywrappers.f' to sources.
INFO: build_src: building npy-pkg config files
/home/truhlard/shuxx055/anaconda3/lib/python3.11/site-packages/setuptools/_distutils/cmd.py:66: SetuptoolsDeprecationWarning: setup.py install is deprecated.
!!

        ********************************************************************************
        Please avoid running ``setup.py`` directly.
        Instead, use pypa/build, pypa/installer, pypa/build or
        other standards-based tools.

        See https://blog.ganssle.io/articles/2021/10/setup-py-deprecated.html for details.
        ********************************************************************************

!!
  self.initialize_options()
running build_ext
INFO: customize UnixCCompiler
INFO: customize UnixCCompiler using build_ext
INFO: get_default_fcompiler: matching types: '['arm', 'gnu95', 'intel', 'lahey', 'pg', 'nv', 'absoft', 'nag', 'vast', 'compaq', 'intele', 'intelem', 'gnu', 'g95', 'pathf95', 'nagfor', 'fujitsu']'
INFO: customize ArmFlangCompiler
WARN: Could not locate executable armflang
INFO: customize Gnu95FCompiler
INFO: Found executable /home/truhlard/shuxx055/anaconda3/bin/gfortran
INFO: customize Gnu95FCompiler
INFO: customize Gnu95FCompiler using build_ext
INFO: building 'CH4F_GEN_GCSO_1996' extension
INFO: compiling C sources
INFO: C compiler: gcc -pthread -B /home/truhlard/shuxx055/anaconda3/compiler_compat -DNDEBUG -fwrapv -O2 -Wall -fPIC -O2 -isystem /home/truhlard/shuxx055/anaconda3/include -fPIC -O2 -isystem /home/truhlard/shuxx055/anaconda3/include -fPIC

creating /tmp/tmpdr88um59/tmp
creating /tmp/tmpdr88um59/tmp/tmpdr88um59
creating /tmp/tmpdr88um59/tmp/tmpdr88um59/src.linux-x86_64-3.11
INFO: compile options: '-DNPY_DISABLE_OPTIMIZATION=1 -I/tmp/tmpdr88um59/src.linux-x86_64-3.11 -I/home/truhlard/shuxx055/anaconda3/lib/python3.11/site-packages/numpy/core/include -I/home/truhlard/shuxx055/anaconda3/include/python3.11 -c'
INFO: gcc: /tmp/tmpdr88um59/src.linux-x86_64-3.11/fortranobject.c
INFO: gcc: /tmp/tmpdr88um59/src.linux-x86_64-3.11/CH4F_GEN_GCSO_1996module.c
INFO: compiling Fortran sources
INFO: Fortran f77 compiler: /home/truhlard/shuxx055/anaconda3/bin/gfortran -fallow-argument-mismatch -std=legacy -fPIC -O3 -funroll-loops
Fortran f90 compiler: /home/truhlard/shuxx055/anaconda3/bin/gfortran -Wall -g -fno-second-underscore -fPIC -O3 -funroll-loops
Fortran fix compiler: /home/truhlard/shuxx055/anaconda3/bin/gfortran -Wall -g -ffixed-form -fno-second-underscore -Wall -g -fno-second-underscore -fPIC -O3 -funroll-loops
INFO: compile options: '-I/tmp/tmpdr88um59/src.linux-x86_64-3.11 -I/home/truhlard/shuxx055/anaconda3/lib/python3.11/site-packages/numpy/core/include -I/home/truhlard/shuxx055/anaconda3/include/python3.11 -c'
INFO: gfortran:f77: /tmp/tmpdr88um59/src.linux-x86_64-3.11/CH4F_GEN_GCSO_1996-f2pywrappers.f
INFO: gfortran:f77: CH4F_GEN_GCSO_1996.f
INFO: /home/truhlard/shuxx055/anaconda3/bin/gfortran -Wall -g -Wall -g -shared /tmp/tmpdr88um59/tmp/tmpdr88um59/src.linux-x86_64-3.11/CH4F_GEN_GCSO_1996module.o /tmp/tmpdr88um59/tmp/tmpdr88um59/src.linux-x86_64-3.11/fortranobject.o /tmp/tmpdr88um59/CH4F_GEN_GCSO_1996.o /tmp/tmpdr88um59/tmp/tmpdr88um59/src.linux-x86_64-3.11/CH4F_GEN_GCSO_1996-f2pywrappers.o -L/panfs/jay/groups/16/truhlard/shuxx055/anaconda3/bin/../lib/gcc/x86_64-conda-linux-gnu/13.1.0/../../../../x86_64-conda-linux-gnu/lib/../lib -L/panfs/jay/groups/16/truhlard/shuxx055/anaconda3/bin/../lib/gcc/x86_64-conda-linux-gnu/13.1.0/../../../../x86_64-conda-linux-gnu/lib/../lib -lmkl_intel_lp64 -lmkl_sequential -lmkl_core -lgfortran -o ./CH4F_GEN_GCSO_1996.cpython-311-x86_64-linux-gnu.so
Removing build directory /tmp/tmpdr88um59
