running build
running config_cc
INFO: unifing config_cc, config, build_clib, build_ext, build commands --compiler options
running config_fc
INFO: unifing config_fc, config, build_clib, build_ext, build commands --fcompiler options
running build_src
INFO: build_src
INFO: building extension "NO2_6Ap_PIPNN" sources
INFO: f2py options: []
INFO: f2py:> /tmp/tmph7u5z2oy/src.linux-x86_64-3.11/NO2_6Ap_PIPNNmodule.c
creating /tmp/tmph7u5z2oy/src.linux-x86_64-3.11
Reading fortran codes...
	Reading file 'NO2_6Ap_PIPNN.f90' (format:fix)
Post-processing...
	Block: NO2_6Ap_PIPNN
			Block: nnparam
In: :NO2_6Ap_PIPNN:NO2_6Ap_PIPNN.f90:nnparam
get_parameters: got "eval() arg 1 must be a string, bytes or code object" on 4
In: :NO2_6Ap_PIPNN:NO2_6Ap_PIPNN.f90:nnparam
get_parameters: got "eval() arg 1 must be a string, bytes or code object" on 4
In: :NO2_6Ap_PIPNN:NO2_6Ap_PIPNN.f90:nnparam
get_parameters: got "eval() arg 1 must be a string, bytes or code object" on 4
In: :NO2_6Ap_PIPNN:NO2_6Ap_PIPNN.f90:nnparam
get_parameters: got "eval() arg 1 must be a string, bytes or code object" on 4
			Block: pes
In: :NO2_6Ap_PIPNN:NO2_6Ap_PIPNN.f90:pes
get_parameters: got "eval() arg 1 must be a string, bytes or code object" on 4
In: :NO2_6Ap_PIPNN:NO2_6Ap_PIPNN.f90:pes
get_parameters: got "eval() arg 1 must be a string, bytes or code object" on 4
In: :NO2_6Ap_PIPNN:NO2_6Ap_PIPNN.f90:pes
get_parameters: got "eval() arg 1 must be a string, bytes or code object" on 4
In: :NO2_6Ap_PIPNN:NO2_6Ap_PIPNN.f90:pes
get_parameters: got "eval() arg 1 must be a string, bytes or code object" on 4
In: :NO2_6Ap_PIPNN:NO2_6Ap_PIPNN.f90:pes
get_parameters: got "eval() arg 1 must be a string, bytes or code object" on 4
			Block: evvdvdx
In: :NO2_6Ap_PIPNN:NO2_6Ap_PIPNN.f90:evvdvdx
get_parameters: got "eval() arg 1 must be a string, bytes or code object" on 4
In: :NO2_6Ap_PIPNN:NO2_6Ap_PIPNN.f90:evvdvdx
get_parameters: got "eval() arg 1 must be a string, bytes or code object" on 4
In: :NO2_6Ap_PIPNN:NO2_6Ap_PIPNN.f90:evvdvdx
get_parameters: got "eval() arg 1 must be a string, bytes or code object" on 4
In: :NO2_6Ap_PIPNN:NO2_6Ap_PIPNN.f90:evvdvdx
get_parameters: got "eval() arg 1 must be a string, bytes or code object" on 4
In: :NO2_6Ap_PIPNN:NO2_6Ap_PIPNN.f90:evvdvdx
get_parameters: got "eval() arg 1 must be a string, bytes or code object" on 4
			Block: pes_init
In: :NO2_6Ap_PIPNN:NO2_6Ap_PIPNN.f90:pes_init
get_parameters: got "eval() arg 1 must be a string, bytes or code object" on 4
In: :NO2_6Ap_PIPNN:NO2_6Ap_PIPNN.f90:pes_init
get_parameters: got "eval() arg 1 must be a string, bytes or code object" on 4
In: :NO2_6Ap_PIPNN:NO2_6Ap_PIPNN.f90:pes_init
get_parameters: got "eval() arg 1 must be a string, bytes or code object" on 4
In: :NO2_6Ap_PIPNN:NO2_6Ap_PIPNN.f90:pes_init
get_parameters: got "eval() arg 1 must be a string, bytes or code object" on 4
In: :NO2_6Ap_PIPNN:NO2_6Ap_PIPNN.f90:pes_init
get_parameters: got "eval() arg 1 must be a string, bytes or code object" on 4
			Block: pot3a
In: :NO2_6Ap_PIPNN:NO2_6Ap_PIPNN.f90:pot3a
get_parameters: got "eval() arg 1 must be a string, bytes or code object" on 4
In: :NO2_6Ap_PIPNN:NO2_6Ap_PIPNN.f90:pot3a
get_parameters: got "eval() arg 1 must be a string, bytes or code object" on 4
In: :NO2_6Ap_PIPNN:NO2_6Ap_PIPNN.f90:pot3a
get_parameters: got "eval() arg 1 must be a string, bytes or code object" on 4
In: :NO2_6Ap_PIPNN:NO2_6Ap_PIPNN.f90:pot3a
get_parameters: got "eval() arg 1 must be a string, bytes or code object" on 4
In: :NO2_6Ap_PIPNN:NO2_6Ap_PIPNN.f90:pot3a
get_parameters: got "eval() arg 1 must be a string, bytes or code object" on 4
			Block: tranfun
			Block: logsig
			Block: bemsav
			Block: evmono
			Block: evpoly
			Block: evdvdx
In: :NO2_6Ap_PIPNN:NO2_6Ap_PIPNN.f90:evdvdx
get_parameters: got "eval() arg 1 must be a string, bytes or code object" on 4
In: :NO2_6Ap_PIPNN:NO2_6Ap_PIPNN.f90:evdvdx
get_parameters: got "eval() arg 1 must be a string, bytes or code object" on 4
In: :NO2_6Ap_PIPNN:NO2_6Ap_PIPNN.f90:evdvdx
get_parameters: got "eval() arg 1 must be a string, bytes or code object" on 4
In: :NO2_6Ap_PIPNN:NO2_6Ap_PIPNN.f90:evdvdx
get_parameters: got "eval() arg 1 must be a string, bytes or code object" on 4
In: :NO2_6Ap_PIPNN:NO2_6Ap_PIPNN.f90:evdvdx
get_parameters: got "eval() arg 1 must be a string, bytes or code object" on 4
			Block: evdvdr
In: :NO2_6Ap_PIPNN:NO2_6Ap_PIPNN.f90:evdvdr
get_parameters: got "eval() arg 1 must be a string, bytes or code object" on 4
In: :NO2_6Ap_PIPNN:NO2_6Ap_PIPNN.f90:evdvdr
get_parameters: got "eval() arg 1 must be a string, bytes or code object" on 4
In: :NO2_6Ap_PIPNN:NO2_6Ap_PIPNN.f90:evdvdr
get_parameters: got "eval() arg 1 must be a string, bytes or code object" on 4
In: :NO2_6Ap_PIPNN:NO2_6Ap_PIPNN.f90:evdvdr
get_parameters: got "eval() arg 1 must be a string, bytes or code object" on 4
In: :NO2_6Ap_PIPNN:NO2_6Ap_PIPNN.f90:evdvdr
get_parameters: got "eval() arg 1 must be a string, bytes or code object" on 4
			Block: evdrdx
In: :NO2_6Ap_PIPNN:NO2_6Ap_PIPNN.f90:evdrdx
get_parameters: got "eval() arg 1 must be a string, bytes or code object" on 4
In: :NO2_6Ap_PIPNN:NO2_6Ap_PIPNN.f90:evdrdx
get_parameters: got "eval() arg 1 must be a string, bytes or code object" on 4
In: :NO2_6Ap_PIPNN:NO2_6Ap_PIPNN.f90:evdrdx
get_parameters: got "eval() arg 1 must be a string, bytes or code object" on 4
In: :NO2_6Ap_PIPNN:NO2_6Ap_PIPNN.f90:evdrdx
get_parameters: got "eval() arg 1 must be a string, bytes or code object" on 4
In: :NO2_6Ap_PIPNN:NO2_6Ap_PIPNN.f90:evdrdx
get_parameters: got "eval() arg 1 must be a string, bytes or code object" on 4
			Block: evdmsdr
In: :NO2_6Ap_PIPNN:NO2_6Ap_PIPNN.f90:evdmsdr
get_parameters: got "eval() arg 1 must be a string, bytes or code object" on 4
In: :NO2_6Ap_PIPNN:NO2_6Ap_PIPNN.f90:evdmsdr
get_parameters: got "eval() arg 1 must be a string, bytes or code object" on 4
In: :NO2_6Ap_PIPNN:NO2_6Ap_PIPNN.f90:evdmsdr
get_parameters: got "eval() arg 1 must be a string, bytes or code object" on 4
In: :NO2_6Ap_PIPNN:NO2_6Ap_PIPNN.f90:evdmsdr
get_parameters: got "eval() arg 1 must be a string, bytes or code object" on 4
In: :NO2_6Ap_PIPNN:NO2_6Ap_PIPNN.f90:evdmsdr
get_parameters: got "eval() arg 1 must be a string, bytes or code object" on 4
			Block: evdmdr
In: :NO2_6Ap_PIPNN:NO2_6Ap_PIPNN.f90:evdmdr
get_parameters: got "eval() arg 1 must be a string, bytes or code object" on 4
In: :NO2_6Ap_PIPNN:NO2_6Ap_PIPNN.f90:evdmdr
get_parameters: got "eval() arg 1 must be a string, bytes or code object" on 4
In: :NO2_6Ap_PIPNN:NO2_6Ap_PIPNN.f90:evdmdr
get_parameters: got "eval() arg 1 must be a string, bytes or code object" on 4
In: :NO2_6Ap_PIPNN:NO2_6Ap_PIPNN.f90:evdmdr
get_parameters: got "eval() arg 1 must be a string, bytes or code object" on 4
In: :NO2_6Ap_PIPNN:NO2_6Ap_PIPNN.f90:evdmdr
get_parameters: got "eval() arg 1 must be a string, bytes or code object" on 4
			Block: evdpdr
In: :NO2_6Ap_PIPNN:NO2_6Ap_PIPNN.f90:evdpdr
get_parameters: got "eval() arg 1 must be a string, bytes or code object" on 4
In: :NO2_6Ap_PIPNN:NO2_6Ap_PIPNN.f90:evdpdr
get_parameters: got "eval() arg 1 must be a string, bytes or code object" on 4
In: :NO2_6Ap_PIPNN:NO2_6Ap_PIPNN.f90:evdpdr
get_parameters: got "eval() arg 1 must be a string, bytes or code object" on 4
In: :NO2_6Ap_PIPNN:NO2_6Ap_PIPNN.f90:evdpdr
get_parameters: got "eval() arg 1 must be a string, bytes or code object" on 4
In: :NO2_6Ap_PIPNN:NO2_6Ap_PIPNN.f90:evdpdr
get_parameters: got "eval() arg 1 must be a string, bytes or code object" on 4
Applying post-processing hooks...
  character_backward_compatibility_hook
Post-processing (stage 2)...
	Block: NO2_6Ap_PIPNN
		Block: unknown_interface
			Block: nnparam
			Block: pes
			Block: evvdvdx
			Block: pes_init
			Block: pot3a
			Block: tranfun
			Block: logsig
			Block: bemsav
			Block: evmono
			Block: evpoly
			Block: evdvdx
			Block: evdvdr
			Block: evdrdx
			Block: evdmsdr
			Block: evdmdr
			Block: evdpdr
Building modules...
    Building module "NO2_6Ap_PIPNN"...
    Generating possibly empty wrappers"
    Maybe empty "NO2_6Ap_PIPNN-f2pywrappers.f"
        Constructing wrapper function "pes"...
          p,g,d = pes(x,igrad,path)
    Generating possibly empty wrappers"
    Maybe empty "NO2_6Ap_PIPNN-f2pywrappers.f"
        Constructing wrapper function "evvdvdx"...
          evvdvdx(xcart,v,vpes,dvdxa,dvdx,ndriv)
    Generating possibly empty wrappers"
    Maybe empty "NO2_6Ap_PIPNN-f2pywrappers.f"
        Constructing wrapper function "pes_init"...
          pes_init(path)
    Generating possibly empty wrappers"
    Maybe empty "NO2_6Ap_PIPNN-f2pywrappers.f"
        Constructing wrapper function "pot3a"...
          pot3a(x,vpot3,dvdg,ndriv)
    Generating possibly empty wrappers"
    Maybe empty "NO2_6Ap_PIPNN-f2pywrappers.f"
		Creating wrapper for Fortran function "tranfun"("tranfun")...
        Constructing wrapper function "tranfun"...
          tranfun = tranfun(x,ifunc)
    Generating possibly empty wrappers"
    Maybe empty "NO2_6Ap_PIPNN-f2pywrappers.f"
		Creating wrapper for Fortran function "logsig"("logsig")...
        Constructing wrapper function "logsig"...
          logsig = logsig(x)
    Generating possibly empty wrappers"
    Maybe empty "NO2_6Ap_PIPNN-f2pywrappers.f"
        Constructing wrapper function "bemsav"...
          bemsav(xmorse,m,p)
    Generating possibly empty wrappers"
    Maybe empty "NO2_6Ap_PIPNN-f2pywrappers.f"
        Constructing wrapper function "evmono"...
          evmono(x,m)
    Generating possibly empty wrappers"
    Maybe empty "NO2_6Ap_PIPNN-f2pywrappers.f"
        Constructing wrapper function "evpoly"...
          evpoly(m,p)
    Generating possibly empty wrappers"
    Maybe empty "NO2_6Ap_PIPNN-f2pywrappers.f"
        Constructing wrapper function "evdvdx"...
          evdvdx(dvdg,dpdr,drdx,dvdxa,dvdx)
    Generating possibly empty wrappers"
    Maybe empty "NO2_6Ap_PIPNN-f2pywrappers.f"
        Constructing wrapper function "evdvdr"...
          evdvdr(r,c,m,p,dpdr)
    Generating possibly empty wrappers"
    Maybe empty "NO2_6Ap_PIPNN-f2pywrappers.f"
        Constructing wrapper function "evdrdx"...
          evdrdx(xcart,r,x,drdx)
    Generating possibly empty wrappers"
    Maybe empty "NO2_6Ap_PIPNN-f2pywrappers.f"
        Constructing wrapper function "evdmsdr"...
          evdmsdr(r,dmsdr)
    Generating possibly empty wrappers"
    Maybe empty "NO2_6Ap_PIPNN-f2pywrappers.f"
        Constructing wrapper function "evdmdr"...
          evdmdr(m,dmsdr,dmdr)
    Generating possibly empty wrappers"
    Maybe empty "NO2_6Ap_PIPNN-f2pywrappers.f"
        Constructing wrapper function "evdpdr"...
          evdpdr(p,dmdr,dpdr)
		Constructing F90 module support for "nnparam"...
		  Variables: alpha pi radian bohr natom npes nbond ninput noutput nscale nhid3 nlayer3 ifunc3 nwe3 nodemax3 nodes3a weight3a bias3a pdel3a pavg3a
getarrdims:warning: assumed shape array, using 0 instead of ':'
getarrdims:warning: assumed shape array, using 0 instead of ':'
getarrdims:warning: assumed shape array, using 0 instead of ':'
getarrdims:warning: assumed shape array, using 0 instead of ':'
getarrdims:warning: assumed shape array, using 0 instead of ':'
getarrdims:warning: assumed shape array, using 0 instead of ':'
getarrdims:warning: assumed shape array, using 0 instead of ':'
getarrdims:warning: assumed shape array, using 0 instead of ':'
getarrdims:warning: assumed shape array, using 0 instead of ':'
getarrdims:warning: assumed shape array, using 0 instead of ':'
getarrdims:warning: assumed shape array, using 0 instead of ':'
getarrdims:warning: assumed shape array, using 0 instead of ':'
    Wrote C/API module "NO2_6Ap_PIPNN" to file "/tmp/tmph7u5z2oy/src.linux-x86_64-3.11/NO2_6Ap_PIPNNmodule.c"
    Fortran 77 wrappers are saved to "/tmp/tmph7u5z2oy/src.linux-x86_64-3.11/NO2_6Ap_PIPNN-f2pywrappers.f"
    Fortran 90 wrappers are saved to "/tmp/tmph7u5z2oy/src.linux-x86_64-3.11/NO2_6Ap_PIPNN-f2pywrappers2.f90"
INFO:   adding '/tmp/tmph7u5z2oy/src.linux-x86_64-3.11/fortranobject.c' to sources.
INFO:   adding '/tmp/tmph7u5z2oy/src.linux-x86_64-3.11' to include_dirs.
copying /home/truhlard/shuxx055/anaconda3/lib/python3.11/site-packages/numpy/f2py/src/fortranobject.c -> /tmp/tmph7u5z2oy/src.linux-x86_64-3.11
copying /home/truhlard/shuxx055/anaconda3/lib/python3.11/site-packages/numpy/f2py/src/fortranobject.h -> /tmp/tmph7u5z2oy/src.linux-x86_64-3.11
INFO:   adding '/tmp/tmph7u5z2oy/src.linux-x86_64-3.11/NO2_6Ap_PIPNN-f2pywrappers.f' to sources.
INFO:   adding '/tmp/tmph7u5z2oy/src.linux-x86_64-3.11/NO2_6Ap_PIPNN-f2pywrappers2.f90' to sources.
INFO: build_src: building npy-pkg config files
/home/truhlard/shuxx055/anaconda3/lib/python3.11/site-packages/setuptools/_distutils/cmd.py:66: SetuptoolsDeprecationWarning: setup.py install is deprecated.
!!

        ********************************************************************************
        Please avoid running ``setup.py`` directly.
        Instead, use pypa/build, pypa/installer, pypa/build or
        other standards-based tools.

        See https://blog.ganssle.io/articles/2021/10/setup-py-deprecated.html for details.
        ********************************************************************************

!!
  self.initialize_options()
running build_ext
INFO: customize UnixCCompiler
INFO: customize UnixCCompiler using build_ext
INFO: get_default_fcompiler: matching types: '['arm', 'gnu95', 'intel', 'lahey', 'pg', 'nv', 'absoft', 'nag', 'vast', 'compaq', 'intele', 'intelem', 'gnu', 'g95', 'pathf95', 'nagfor', 'fujitsu']'
INFO: customize ArmFlangCompiler
WARN: Could not locate executable armflang
INFO: customize Gnu95FCompiler
INFO: Found executable /home/truhlard/shuxx055/anaconda3/bin/gfortran
INFO: customize Gnu95FCompiler
INFO: customize Gnu95FCompiler using build_ext
INFO: building 'NO2_6Ap_PIPNN' extension
INFO: compiling C sources
INFO: C compiler: gcc -pthread -B /home/truhlard/shuxx055/anaconda3/compiler_compat -DNDEBUG -fwrapv -O2 -Wall -fPIC -O2 -isystem /home/truhlard/shuxx055/anaconda3/include -fPIC -O2 -isystem /home/truhlard/shuxx055/anaconda3/include -fPIC

creating /tmp/tmph7u5z2oy/tmp
creating /tmp/tmph7u5z2oy/tmp/tmph7u5z2oy
creating /tmp/tmph7u5z2oy/tmp/tmph7u5z2oy/src.linux-x86_64-3.11
INFO: compile options: '-DNPY_DISABLE_OPTIMIZATION=1 -I/tmp/tmph7u5z2oy/src.linux-x86_64-3.11 -I/home/truhlard/shuxx055/anaconda3/lib/python3.11/site-packages/numpy/core/include -I/home/truhlard/shuxx055/anaconda3/include/python3.11 -c'
INFO: gcc: /tmp/tmph7u5z2oy/src.linux-x86_64-3.11/fortranobject.c
INFO: gcc: /tmp/tmph7u5z2oy/src.linux-x86_64-3.11/NO2_6Ap_PIPNNmodule.c
/tmp/tmph7u5z2oy/src.linux-x86_64-3.11/NO2_6Ap_PIPNNmodule.c: In function 'f2py_setup_nnparam':
/tmp/tmph7u5z2oy/src.linux-x86_64-3.11/NO2_6Ap_PIPNNmodule.c:2435:35: warning: assignment to 'f2py_init_func' {aka 'void (*)(int *, long int *, void (*)(char *, long int *), int *)'} from incompatible pointer type 'void (*)(int *, int *, void (*)(char *, int *), int *)' [-Wincompatible-pointer-types]
 2435 |   f2py_nnparam_def[i_f2py++].func = nodes3a;
      |                                   ^
/tmp/tmph7u5z2oy/src.linux-x86_64-3.11/NO2_6Ap_PIPNNmodule.c:2436:35: warning: assignment to 'f2py_init_func' {aka 'void (*)(int *, long int *, void (*)(char *, long int *), int *)'} from incompatible pointer type 'void (*)(int *, int *, void (*)(char *, int *), int *)' [-Wincompatible-pointer-types]
 2436 |   f2py_nnparam_def[i_f2py++].func = weight3a;
      |                                   ^
/tmp/tmph7u5z2oy/src.linux-x86_64-3.11/NO2_6Ap_PIPNNmodule.c:2437:35: warning: assignment to 'f2py_init_func' {aka 'void (*)(int *, long int *, void (*)(char *, long int *), int *)'} from incompatible pointer type 'void (*)(int *, int *, void (*)(char *, int *), int *)' [-Wincompatible-pointer-types]
 2437 |   f2py_nnparam_def[i_f2py++].func = bias3a;
      |                                   ^
/tmp/tmph7u5z2oy/src.linux-x86_64-3.11/NO2_6Ap_PIPNNmodule.c:2438:35: warning: assignment to 'f2py_init_func' {aka 'void (*)(int *, long int *, void (*)(char *, long int *), int *)'} from incompatible pointer type 'void (*)(int *, int *, void (*)(char *, int *), int *)' [-Wincompatible-pointer-types]
 2438 |   f2py_nnparam_def[i_f2py++].func = pdel3a;
      |                                   ^
/tmp/tmph7u5z2oy/src.linux-x86_64-3.11/NO2_6Ap_PIPNNmodule.c:2439:35: warning: assignment to 'f2py_init_func' {aka 'void (*)(int *, long int *, void (*)(char *, long int *), int *)'} from incompatible pointer type 'void (*)(int *, int *, void (*)(char *, int *), int *)' [-Wincompatible-pointer-types]
 2439 |   f2py_nnparam_def[i_f2py++].func = pavg3a;
      |                                   ^
INFO: compiling Fortran 90 module sources
INFO: Fortran f77 compiler: /home/truhlard/shuxx055/anaconda3/bin/gfortran -Wall -g -ffixed-form -fno-second-underscore -fPIC -O3 -funroll-loops
Fortran f90 compiler: /home/truhlard/shuxx055/anaconda3/bin/gfortran -fallow-argument-mismatch -std=legacy -fPIC -O3 -funroll-loops
Fortran fix compiler: /home/truhlard/shuxx055/anaconda3/bin/gfortran -Wall -g -ffixed-form -fno-second-underscore -fallow-argument-mismatch -std=legacy -fPIC -O3 -funroll-loops
INFO: compile options: '-I/tmp/tmph7u5z2oy/src.linux-x86_64-3.11 -I/home/truhlard/shuxx055/anaconda3/lib/python3.11/site-packages/numpy/core/include -I/home/truhlard/shuxx055/anaconda3/include/python3.11 -c'
extra options: '-J/tmp/tmph7u5z2oy/ -I/tmp/tmph7u5z2oy/'
INFO: gfortran:fix: NO2_6Ap_PIPNN.f90
NO2_6Ap_PIPNN.f90:124:26:

  124 |       real*8 dvdr(1:nbond),x(1:natom*3),drdx(1:nbond,1:natom*3)
      |                          1
Warning: Unused variable 'dvdr' declared at (1) [-Wunused-variable]
NO2_6Ap_PIPNN.f90:465:64:

  465 |       real*8 dvdr(1:nbond),dpdr(1:nbond,0:ninput),dvdp(0:ninput)
      |                                                                1
Warning: Unused variable 'dvdp' declared at (1) [-Wunused-variable]
NO2_6Ap_PIPNN.f90:465:26:

  465 |       real*8 dvdr(1:nbond),dpdr(1:nbond,0:ninput),dvdp(0:ninput)
      |                          1
Warning: Unused variable 'dvdr' declared at (1) [-Wunused-variable]
NO2_6Ap_PIPNN.f90:467:54:

  467 |       real*8 dvdxa(1:natom*3),dvdg(1:ninput,npes),rtmp
      |                                                      1
Warning: Unused variable 'rtmp' declared at (1) [-Wunused-variable]
NO2_6Ap_PIPNN.f90:464:48:

  464 |       real*8 drdx(1:nbond,1:natom*3),x(1:ninput)
      |                                                1
Warning: Unused variable 'x' declared at (1) [-Wunused-variable]
NO2_6Ap_PIPNN.f90:463:52:

  463 |       real*8 dvdx(1:natom*3,npes),xcart(1:3,1:natom)
      |                                                    1
Warning: Unused variable 'xcart' declared at (1) [-Wunused-variable]
NO2_6Ap_PIPNN.f90:519:15:

  519 |       integer i,j,k
      |               1
Warning: Unused variable 'i' declared at (1) [-Wunused-variable]
NO2_6Ap_PIPNN.f90:519:17:

  519 |       integer i,j,k
      |                 1
Warning: Unused variable 'j' declared at (1) [-Wunused-variable]
NO2_6Ap_PIPNN.f90:519:19:

  519 |       integer i,j,k
      |                   1
Warning: Unused variable 'k' declared at (1) [-Wunused-variable]
NO2_6Ap_PIPNN.f90:516:29:

  516 |       subroutine evdrdx(xcart,r,x,drdx)
      |                             1
Warning: Unused dummy argument 'xcart' at (1) [-Wunused-dummy-argument]
NO2_6Ap_PIPNN.f90:500:27:

  500 |       subroutine evdvdr(r,c,m,p,dpdr)
      |                           1
Warning: Unused dummy argument 'c' at (1) [-Wunused-dummy-argument]
NO2_6Ap_PIPNN.f90:503:15:

  503 |       integer i,j
      |               1
Warning: Unused variable 'i' declared at (1) [-Wunused-variable]
NO2_6Ap_PIPNN.f90:503:17:

  503 |       integer i,j
      |                 1
Warning: Unused variable 'j' declared at (1) [-Wunused-variable]
NO2_6Ap_PIPNN.f90:587:17:

  587 |       integer i,j
      |                 1
Warning: Unused variable 'j' declared at (1) [-Wunused-variable]
NO2_6Ap_PIPNN.f90:570:17:

  570 |       integer i,j
      |                 1
Warning: Unused variable 'j' declared at (1) [-Wunused-variable]
NO2_6Ap_PIPNN.f90:551:17:

  551 |       integer i,j
      |                 1
Warning: Unused variable 'j' declared at (1) [-Wunused-variable]
NO2_6Ap_PIPNN.f90:256:35:

  256 |       real*8 vrange,girange(ninput)
      |                                   1
Warning: Unused variable 'girange' declared at (1) [-Wunused-variable]
NO2_6Ap_PIPNN.f90:256:19:

  256 |       real*8 vrange,girange(ninput)
      |                   1
Warning: Unused variable 'vrange' declared at (1) [-Wunused-variable]
NO2_6Ap_PIPNN.f90:179:21:

  179 |       character f1*80
      |                     1
Warning: Unused variable 'f1' declared at (1) [-Wunused-variable]
NO2_6Ap_PIPNN.f90:178:33:

  178 |       integer ibasis,npd,iterm,ib,nfile1,nfile2
      |                                 1
Warning: Unused variable 'ib' declared at (1) [-Wunused-variable]
NO2_6Ap_PIPNN.f90:178:20:

  178 |       integer ibasis,npd,iterm,ib,nfile1,nfile2
      |                    1
Warning: Unused variable 'ibasis' declared at (1) [-Wunused-variable]
NO2_6Ap_PIPNN.f90:178:30:

  178 |       integer ibasis,npd,iterm,ib,nfile1,nfile2
      |                              1
Warning: Unused variable 'iterm' declared at (1) [-Wunused-variable]
NO2_6Ap_PIPNN.f90:178:24:

  178 |       integer ibasis,npd,iterm,ib,nfile1,nfile2
      |                        1
Warning: Unused variable 'npd' declared at (1) [-Wunused-variable]
NO2_6Ap_PIPNN.f90:338:8:

  338 |         function tranfun(x,ifunc)
      |        ^
Warning: '__result_tranfun' may be used uninitialized [-Wmaybe-uninitialized]
INFO: compiling Fortran sources
INFO: Fortran f77 compiler: /home/truhlard/shuxx055/anaconda3/bin/gfortran -Wall -g -ffixed-form -fno-second-underscore -fPIC -O3 -funroll-loops
Fortran f90 compiler: /home/truhlard/shuxx055/anaconda3/bin/gfortran -fallow-argument-mismatch -std=legacy -fPIC -O3 -funroll-loops
Fortran fix compiler: /home/truhlard/shuxx055/anaconda3/bin/gfortran -Wall -g -ffixed-form -fno-second-underscore -fallow-argument-mismatch -std=legacy -fPIC -O3 -funroll-loops
INFO: compile options: '-I/tmp/tmph7u5z2oy/src.linux-x86_64-3.11 -I/home/truhlard/shuxx055/anaconda3/lib/python3.11/site-packages/numpy/core/include -I/home/truhlard/shuxx055/anaconda3/include/python3.11 -c'
extra options: '-J/tmp/tmph7u5z2oy/ -I/tmp/tmph7u5z2oy/'
INFO: gfortran:f90: /tmp/tmph7u5z2oy/src.linux-x86_64-3.11/NO2_6Ap_PIPNN-f2pywrappers2.f90
INFO: gfortran:f77: /tmp/tmph7u5z2oy/src.linux-x86_64-3.11/NO2_6Ap_PIPNN-f2pywrappers.f
INFO: /home/truhlard/shuxx055/anaconda3/bin/gfortran -Wall -g -Wall -g -shared /tmp/tmph7u5z2oy/tmp/tmph7u5z2oy/src.linux-x86_64-3.11/NO2_6Ap_PIPNNmodule.o /tmp/tmph7u5z2oy/tmp/tmph7u5z2oy/src.linux-x86_64-3.11/fortranobject.o /tmp/tmph7u5z2oy/NO2_6Ap_PIPNN.o /tmp/tmph7u5z2oy/tmp/tmph7u5z2oy/src.linux-x86_64-3.11/NO2_6Ap_PIPNN-f2pywrappers.o /tmp/tmph7u5z2oy/tmp/tmph7u5z2oy/src.linux-x86_64-3.11/NO2_6Ap_PIPNN-f2pywrappers2.o -L/panfs/jay/groups/16/truhlard/shuxx055/anaconda3/bin/../lib/gcc/x86_64-conda-linux-gnu/13.1.0/../../../../x86_64-conda-linux-gnu/lib/../lib -L/panfs/jay/groups/16/truhlard/shuxx055/anaconda3/bin/../lib/gcc/x86_64-conda-linux-gnu/13.1.0/../../../../x86_64-conda-linux-gnu/lib/../lib -lmkl_intel_lp64 -lmkl_sequential -lmkl_core -lgfortran -o ./NO2_6Ap_PIPNN.cpython-311-x86_64-linux-gnu.so
Removing build directory /tmp/tmph7u5z2oy
