running build
running config_cc
INFO: unifing config_cc, config, build_clib, build_ext, build commands --compiler options
running config_fc
INFO: unifing config_fc, config, build_clib, build_ext, build commands --fcompiler options
running build_src
INFO: build_src
INFO: building extension "H3S_PIPNN" sources
INFO: f2py options: []
INFO: f2py:> /tmp/tmpdzw1uch4/src.linux-x86_64-3.11/H3S_PIPNNmodule.c
creating /tmp/tmpdzw1uch4/src.linux-x86_64-3.11
Reading fortran codes...
	Reading file 'H3S_PIPNN.f90' (format:free)
Post-processing...
	Block: H3S_PIPNN
			Block: nnparam
In: :H3S_PIPNN:H3S_PIPNN.f90:nnparam
get_parameters: got "eval() arg 1 must be a string, bytes or code object" on 4
In: :H3S_PIPNN:H3S_PIPNN.f90:nnparam
get_parameters: got "eval() arg 1 must be a string, bytes or code object" on 4
In: :H3S_PIPNN:H3S_PIPNN.f90:nnparam
get_parameters: got "eval() arg 1 must be a string, bytes or code object" on 4
In: :H3S_PIPNN:H3S_PIPNN.f90:nnparam
get_parameters: got "eval() arg 1 must be a string, bytes or code object" on 4
In: :H3S_PIPNN:H3S_PIPNN.f90:nnparam
get_parameters: got "eval() arg 1 must be a string, bytes or code object" on 4
			Block: pes
In: :H3S_PIPNN:H3S_PIPNN.f90:pes
get_parameters: got "eval() arg 1 must be a string, bytes or code object" on 4
In: :H3S_PIPNN:H3S_PIPNN.f90:pes
get_parameters: got "eval() arg 1 must be a string, bytes or code object" on 4
In: :H3S_PIPNN:H3S_PIPNN.f90:pes
get_parameters: got "eval() arg 1 must be a string, bytes or code object" on 4
In: :H3S_PIPNN:H3S_PIPNN.f90:pes
get_parameters: got "eval() arg 1 must be a string, bytes or code object" on 4
In: :H3S_PIPNN:H3S_PIPNN.f90:pes
get_parameters: got "eval() arg 1 must be a string, bytes or code object" on 4
			Block: pipnn
In: :H3S_PIPNN:H3S_PIPNN.f90:pipnn
get_parameters: got "eval() arg 1 must be a string, bytes or code object" on 4
In: :H3S_PIPNN:H3S_PIPNN.f90:pipnn
get_parameters: got "eval() arg 1 must be a string, bytes or code object" on 4
In: :H3S_PIPNN:H3S_PIPNN.f90:pipnn
get_parameters: got "eval() arg 1 must be a string, bytes or code object" on 4
In: :H3S_PIPNN:H3S_PIPNN.f90:pipnn
get_parameters: got "eval() arg 1 must be a string, bytes or code object" on 4
In: :H3S_PIPNN:H3S_PIPNN.f90:pipnn
get_parameters: got "eval() arg 1 must be a string, bytes or code object" on 4
			Block: pes_init
In: :H3S_PIPNN:H3S_PIPNN.f90:pes_init
get_parameters: got "eval() arg 1 must be a string, bytes or code object" on 4
In: :H3S_PIPNN:H3S_PIPNN.f90:pes_init
get_parameters: got "eval() arg 1 must be a string, bytes or code object" on 4
In: :H3S_PIPNN:H3S_PIPNN.f90:pes_init
get_parameters: got "eval() arg 1 must be a string, bytes or code object" on 4
In: :H3S_PIPNN:H3S_PIPNN.f90:pes_init
get_parameters: got "eval() arg 1 must be a string, bytes or code object" on 4
In: :H3S_PIPNN:H3S_PIPNN.f90:pes_init
get_parameters: got "eval() arg 1 must be a string, bytes or code object" on 4
			Block: getpota
In: :H3S_PIPNN:H3S_PIPNN.f90:getpota
get_parameters: got "eval() arg 1 must be a string, bytes or code object" on 4
In: :H3S_PIPNN:H3S_PIPNN.f90:getpota
get_parameters: got "eval() arg 1 must be a string, bytes or code object" on 4
In: :H3S_PIPNN:H3S_PIPNN.f90:getpota
get_parameters: got "eval() arg 1 must be a string, bytes or code object" on 4
In: :H3S_PIPNN:H3S_PIPNN.f90:getpota
get_parameters: got "eval() arg 1 must be a string, bytes or code object" on 4
In: :H3S_PIPNN:H3S_PIPNN.f90:getpota
get_parameters: got "eval() arg 1 must be a string, bytes or code object" on 4
			Block: tranfun
			Block: evvdvdx
In: :H3S_PIPNN:H3S_PIPNN.f90:evvdvdx
get_parameters: got "eval() arg 1 must be a string, bytes or code object" on 4
			Block: bemsav
			Block: evmono
			Block: evpoly
			Block: evdvdx
			Block: evdvdr
			Block: evdrdx
			Block: evdmsdr
In: :H3S_PIPNN:H3S_PIPNN.f90:evdmsdr
get_parameters: got "eval() arg 1 must be a string, bytes or code object" on 4
			Block: evdmdr
			Block: evdpdr
Applying post-processing hooks...
  character_backward_compatibility_hook
Post-processing (stage 2)...
	Block: H3S_PIPNN
		Block: unknown_interface
			Block: nnparam
			Block: pes
			Block: pipnn
			Block: pes_init
			Block: getpota
			Block: tranfun
			Block: evvdvdx
			Block: bemsav
			Block: evmono
			Block: evpoly
			Block: evdvdx
			Block: evdvdr
			Block: evdrdx
			Block: evdmsdr
			Block: evdmdr
			Block: evdpdr
Building modules...
    Building module "H3S_PIPNN"...
    Generating possibly empty wrappers"
    Maybe empty "H3S_PIPNN-f2pywrappers.f"
        Constructing wrapper function "pes"...
          p,g,d = pes(x,igrad,path)
    Generating possibly empty wrappers"
    Maybe empty "H3S_PIPNN-f2pywrappers.f"
        Constructing wrapper function "pipnn"...
          pipnn(ct,vpes,vpesa,vpesb,vpesc)
    Generating possibly empty wrappers"
    Maybe empty "H3S_PIPNN-f2pywrappers.f"
        Constructing wrapper function "pes_init"...
          pes_init(path)
    Generating possibly empty wrappers"
    Maybe empty "H3S_PIPNN-f2pywrappers.f"
        Constructing wrapper function "getpota"...
          getpota(x,vpot,dvdg,ndriv)
    Generating possibly empty wrappers"
    Maybe empty "H3S_PIPNN-f2pywrappers.f"
		Creating wrapper for Fortran function "tranfun"("tranfun")...
        Constructing wrapper function "tranfun"...
          tranfun = tranfun(x,ifunc)
    Generating possibly empty wrappers"
    Maybe empty "H3S_PIPNN-f2pywrappers.f"
        Constructing wrapper function "evvdvdx"...
          evvdvdx(xcart,v,dvdx,ndriv)
    Generating possibly empty wrappers"
    Maybe empty "H3S_PIPNN-f2pywrappers.f"
        Constructing wrapper function "bemsav"...
          p = bemsav(xmorse,m)
    Generating possibly empty wrappers"
    Maybe empty "H3S_PIPNN-f2pywrappers.f"
        Constructing wrapper function "evmono"...
          m = evmono(x)
    Generating possibly empty wrappers"
    Maybe empty "H3S_PIPNN-f2pywrappers.f"
        Constructing wrapper function "evpoly"...
          p = evpoly(m)
    Generating possibly empty wrappers"
    Maybe empty "H3S_PIPNN-f2pywrappers.f"
        Constructing wrapper function "evdvdx"...
          evdvdx(dvdg,dpdr,drdx,dvdx)
    Generating possibly empty wrappers"
    Maybe empty "H3S_PIPNN-f2pywrappers.f"
        Constructing wrapper function "evdvdr"...
          evdvdr(r,m,p,dpdr)
    Generating possibly empty wrappers"
    Maybe empty "H3S_PIPNN-f2pywrappers.f"
        Constructing wrapper function "evdrdx"...
          evdrdx(r,x,drdx)
    Generating possibly empty wrappers"
    Maybe empty "H3S_PIPNN-f2pywrappers.f"
        Constructing wrapper function "evdmsdr"...
          evdmsdr(r,dmsdr)
    Generating possibly empty wrappers"
    Maybe empty "H3S_PIPNN-f2pywrappers.f"
        Constructing wrapper function "evdmdr"...
          evdmdr(m,dmsdr,dmdr)
    Generating possibly empty wrappers"
    Maybe empty "H3S_PIPNN-f2pywrappers.f"
        Constructing wrapper function "evdpdr"...
          evdpdr(p,dmdr,dpdr)
		Constructing F90 module support for "nnparam"...
		  Variables: alpha pi radian para2 nbasis ndim natom ndata vpesmin ninput noutput nhid nlayer ifunc nwe nodemax nscale nodes weighta biasa pdela pavga
getarrdims:warning: assumed shape array, using 0 instead of ':'
getarrdims:warning: assumed shape array, using 0 instead of ':'
getarrdims:warning: assumed shape array, using 0 instead of ':'
getarrdims:warning: assumed shape array, using 0 instead of ':'
getarrdims:warning: assumed shape array, using 0 instead of ':'
getarrdims:warning: assumed shape array, using 0 instead of ':'
getarrdims:warning: assumed shape array, using 0 instead of ':'
getarrdims:warning: assumed shape array, using 0 instead of ':'
    Wrote C/API module "H3S_PIPNN" to file "/tmp/tmpdzw1uch4/src.linux-x86_64-3.11/H3S_PIPNNmodule.c"
    Fortran 77 wrappers are saved to "/tmp/tmpdzw1uch4/src.linux-x86_64-3.11/H3S_PIPNN-f2pywrappers.f"
    Fortran 90 wrappers are saved to "/tmp/tmpdzw1uch4/src.linux-x86_64-3.11/H3S_PIPNN-f2pywrappers2.f90"
INFO:   adding '/tmp/tmpdzw1uch4/src.linux-x86_64-3.11/fortranobject.c' to sources.
INFO:   adding '/tmp/tmpdzw1uch4/src.linux-x86_64-3.11' to include_dirs.
copying /home/truhlard/shuxx055/anaconda3/envs/test/lib/python3.11/site-packages/numpy/f2py/src/fortranobject.c -> /tmp/tmpdzw1uch4/src.linux-x86_64-3.11
copying /home/truhlard/shuxx055/anaconda3/envs/test/lib/python3.11/site-packages/numpy/f2py/src/fortranobject.h -> /tmp/tmpdzw1uch4/src.linux-x86_64-3.11
INFO:   adding '/tmp/tmpdzw1uch4/src.linux-x86_64-3.11/H3S_PIPNN-f2pywrappers.f' to sources.
INFO:   adding '/tmp/tmpdzw1uch4/src.linux-x86_64-3.11/H3S_PIPNN-f2pywrappers2.f90' to sources.
INFO: build_src: building npy-pkg config files
/home/truhlard/shuxx055/anaconda3/envs/test/lib/python3.11/site-packages/setuptools/_distutils/cmd.py:66: SetuptoolsDeprecationWarning: setup.py install is deprecated.
!!

        ********************************************************************************
        Please avoid running ``setup.py`` directly.
        Instead, use pypa/build, pypa/installer or other
        standards-based tools.

        See https://blog.ganssle.io/articles/2021/10/setup-py-deprecated.html for details.
        ********************************************************************************

!!
  self.initialize_options()
running build_ext
INFO: customize UnixCCompiler
INFO: customize UnixCCompiler using build_ext
INFO: get_default_fcompiler: matching types: '['arm', 'gnu95', 'intel', 'lahey', 'pg', 'nv', 'absoft', 'nag', 'vast', 'compaq', 'intele', 'intelem', 'gnu', 'g95', 'pathf95', 'nagfor', 'fujitsu']'
INFO: customize ArmFlangCompiler
WARN: Could not locate executable armflang
INFO: customize Gnu95FCompiler
INFO: Found executable /home/truhlard/shuxx055/anaconda3/envs/test/bin/gfortran
INFO: customize Gnu95FCompiler
INFO: customize Gnu95FCompiler using build_ext
INFO: building 'H3S_PIPNN' extension
INFO: compiling C sources
INFO: C compiler: gcc -pthread -B /home/truhlard/shuxx055/anaconda3/envs/test/compiler_compat -DNDEBUG -fwrapv -O2 -Wall -fPIC -O2 -isystem /home/truhlard/shuxx055/anaconda3/envs/test/include -fPIC -O2 -isystem /home/truhlard/shuxx055/anaconda3/envs/test/include -fPIC

creating /tmp/tmpdzw1uch4/tmp
creating /tmp/tmpdzw1uch4/tmp/tmpdzw1uch4
creating /tmp/tmpdzw1uch4/tmp/tmpdzw1uch4/src.linux-x86_64-3.11
INFO: compile options: '-DNPY_DISABLE_OPTIMIZATION=1 -I/tmp/tmpdzw1uch4/src.linux-x86_64-3.11 -I/home/truhlard/shuxx055/anaconda3/envs/test/lib/python3.11/site-packages/numpy/core/include -I/home/truhlard/shuxx055/anaconda3/envs/test/include/python3.11 -c'
INFO: gcc: /tmp/tmpdzw1uch4/src.linux-x86_64-3.11/fortranobject.c
INFO: gcc: /tmp/tmpdzw1uch4/src.linux-x86_64-3.11/H3S_PIPNNmodule.c
INFO: compiling Fortran 90 module sources
INFO: Fortran f77 compiler: /home/truhlard/shuxx055/anaconda3/envs/test/bin/gfortran -Wall -g -ffixed-form -fno-second-underscore -fPIC -O3 -funroll-loops
Fortran f90 compiler: /home/truhlard/shuxx055/anaconda3/envs/test/bin/gfortran -fallow-argument-mismatch -std=legacy -fPIC -O3 -funroll-loops
Fortran fix compiler: /home/truhlard/shuxx055/anaconda3/envs/test/bin/gfortran -Wall -g -ffixed-form -fno-second-underscore -fallow-argument-mismatch -std=legacy -fPIC -O3 -funroll-loops
INFO: compile options: '-I/tmp/tmpdzw1uch4/src.linux-x86_64-3.11 -I/home/truhlard/shuxx055/anaconda3/envs/test/lib/python3.11/site-packages/numpy/core/include -I/home/truhlard/shuxx055/anaconda3/envs/test/include/python3.11 -c'
extra options: '-J/tmp/tmpdzw1uch4/ -I/tmp/tmpdzw1uch4/'
INFO: gfortran:f90: H3S_PIPNN.f90
INFO: compiling Fortran sources
INFO: Fortran f77 compiler: /home/truhlard/shuxx055/anaconda3/envs/test/bin/gfortran -Wall -g -ffixed-form -fno-second-underscore -fPIC -O3 -funroll-loops
Fortran f90 compiler: /home/truhlard/shuxx055/anaconda3/envs/test/bin/gfortran -fallow-argument-mismatch -std=legacy -fPIC -O3 -funroll-loops
Fortran fix compiler: /home/truhlard/shuxx055/anaconda3/envs/test/bin/gfortran -Wall -g -ffixed-form -fno-second-underscore -fallow-argument-mismatch -std=legacy -fPIC -O3 -funroll-loops
INFO: compile options: '-I/tmp/tmpdzw1uch4/src.linux-x86_64-3.11 -I/home/truhlard/shuxx055/anaconda3/envs/test/lib/python3.11/site-packages/numpy/core/include -I/home/truhlard/shuxx055/anaconda3/envs/test/include/python3.11 -c'
extra options: '-J/tmp/tmpdzw1uch4/ -I/tmp/tmpdzw1uch4/'
INFO: gfortran:f90: /tmp/tmpdzw1uch4/src.linux-x86_64-3.11/H3S_PIPNN-f2pywrappers2.f90
INFO: gfortran:f77: /tmp/tmpdzw1uch4/src.linux-x86_64-3.11/H3S_PIPNN-f2pywrappers.f
INFO: /home/truhlard/shuxx055/anaconda3/envs/test/bin/gfortran -Wall -g -Wall -g -shared /tmp/tmpdzw1uch4/tmp/tmpdzw1uch4/src.linux-x86_64-3.11/H3S_PIPNNmodule.o /tmp/tmpdzw1uch4/tmp/tmpdzw1uch4/src.linux-x86_64-3.11/fortranobject.o /tmp/tmpdzw1uch4/H3S_PIPNN.o /tmp/tmpdzw1uch4/tmp/tmpdzw1uch4/src.linux-x86_64-3.11/H3S_PIPNN-f2pywrappers.o /tmp/tmpdzw1uch4/tmp/tmpdzw1uch4/src.linux-x86_64-3.11/H3S_PIPNN-f2pywrappers2.o -L/panfs/jay/groups/16/truhlard/shuxx055/anaconda3/envs/test/bin/../lib/gcc/x86_64-conda-linux-gnu/13.1.0/../../../../x86_64-conda-linux-gnu/lib/../lib -L/panfs/jay/groups/16/truhlard/shuxx055/anaconda3/envs/test/bin/../lib/gcc/x86_64-conda-linux-gnu/13.1.0/../../../../x86_64-conda-linux-gnu/lib/../lib -lmkl_intel_lp64 -lmkl_sequential -lmkl_core -lgfortran -o ./H3S_PIPNN.cpython-311-x86_64-linux-gnu.so
Removing build directory /tmp/tmpdzw1uch4
