running build
running config_cc
INFO: unifing config_cc, config, build_clib, build_ext, build commands --compiler options
running config_fc
INFO: unifing config_fc, config, build_clib, build_ext, build commands --fcompiler options
running build_src
INFO: build_src
INFO: building extension "N4_1A_PIPNN" sources
INFO: f2py options: []
INFO: f2py:> /tmp/tmpqncalje8/src.linux-x86_64-3.11/N4_1A_PIPNNmodule.c
creating /tmp/tmpqncalje8/src.linux-x86_64-3.11
Reading fortran codes...
	Reading file 'N4_1A_PIPNN.f90' (format:fix)
Line #137 in N4_1A_PIPNN.f90:"       parameter(Econv=0.159360144d-2) "
	get_parameters: got "eval() arg 1 must be a string, bytes or code object" on 4
Line #139 in N4_1A_PIPNN.f90:"       parameter(Gconv=0.843297564d-3) "
	get_parameters: got "eval() arg 1 must be a string, bytes or code object" on 4
Line #139 in N4_1A_PIPNN.f90:"       parameter(Gconv=0.843297564d-3) "
	get_parameters: got "eval() arg 1 must be a string, bytes or code object" on 4
Post-processing...
	Block: N4_1A_PIPNN
			Block: nnparam
In: :N4_1A_PIPNN:N4_1A_PIPNN.f90:nnparam
get_parameters: got "eval() arg 1 must be a string, bytes or code object" on 4
In: :N4_1A_PIPNN:N4_1A_PIPNN.f90:nnparam
get_parameters: got "eval() arg 1 must be a string, bytes or code object" on 4
In: :N4_1A_PIPNN:N4_1A_PIPNN.f90:nnparam
get_parameters: got "eval() arg 1 must be a string, bytes or code object" on 4
			Block: pes
In: :N4_1A_PIPNN:N4_1A_PIPNN.f90:pes
get_parameters: got "eval() arg 1 must be a string, bytes or code object" on 4
In: :N4_1A_PIPNN:N4_1A_PIPNN.f90:pes
get_parameters: got "eval() arg 1 must be a string, bytes or code object" on 4
In: :N4_1A_PIPNN:N4_1A_PIPNN.f90:pes
get_parameters: got "eval() arg 1 must be a string, bytes or code object" on 4
			Block: n4pipnn
In: :N4_1A_PIPNN:N4_1A_PIPNN.f90:n4pipnn
get_parameters: got "eval() arg 1 must be a string, bytes or code object" on 4
In: :N4_1A_PIPNN:N4_1A_PIPNN.f90:n4pipnn
get_parameters: got "eval() arg 1 must be a string, bytes or code object" on 4
In: :N4_1A_PIPNN:N4_1A_PIPNN.f90:n4pipnn
get_parameters: got "eval() arg 1 must be a string, bytes or code object" on 4
In: :N4_1A_PIPNN:N4_1A_PIPNN.f90:n4pipnn
get_parameters: got "eval() arg 1 must be a string, bytes or code object" on 4
In: :N4_1A_PIPNN:N4_1A_PIPNN.f90:n4pipnn
get_parameters: got "eval() arg 1 must be a string, bytes or code object" on 4
In: :N4_1A_PIPNN:N4_1A_PIPNN.f90:n4pipnn
get_parameters: got "eval() arg 1 must be a string, bytes or code object" on 4
			Block: evdrdx
			Block: pes_init
In: :N4_1A_PIPNN:N4_1A_PIPNN.f90:pes_init
get_parameters: got "eval() arg 1 must be a string, bytes or code object" on 4
In: :N4_1A_PIPNN:N4_1A_PIPNN.f90:pes_init
get_parameters: got "eval() arg 1 must be a string, bytes or code object" on 4
In: :N4_1A_PIPNN:N4_1A_PIPNN.f90:pes_init
get_parameters: got "eval() arg 1 must be a string, bytes or code object" on 4
			Block: getpota
In: :N4_1A_PIPNN:N4_1A_PIPNN.f90:getpota
get_parameters: got "eval() arg 1 must be a string, bytes or code object" on 4
In: :N4_1A_PIPNN:N4_1A_PIPNN.f90:getpota
get_parameters: got "eval() arg 1 must be a string, bytes or code object" on 4
In: :N4_1A_PIPNN:N4_1A_PIPNN.f90:getpota
get_parameters: got "eval() arg 1 must be a string, bytes or code object" on 4
			Block: getpotb
In: :N4_1A_PIPNN:N4_1A_PIPNN.f90:getpotb
get_parameters: got "eval() arg 1 must be a string, bytes or code object" on 4
In: :N4_1A_PIPNN:N4_1A_PIPNN.f90:getpotb
get_parameters: got "eval() arg 1 must be a string, bytes or code object" on 4
In: :N4_1A_PIPNN:N4_1A_PIPNN.f90:getpotb
get_parameters: got "eval() arg 1 must be a string, bytes or code object" on 4
			Block: getpotc
In: :N4_1A_PIPNN:N4_1A_PIPNN.f90:getpotc
get_parameters: got "eval() arg 1 must be a string, bytes or code object" on 4
In: :N4_1A_PIPNN:N4_1A_PIPNN.f90:getpotc
get_parameters: got "eval() arg 1 must be a string, bytes or code object" on 4
In: :N4_1A_PIPNN:N4_1A_PIPNN.f90:getpotc
get_parameters: got "eval() arg 1 must be a string, bytes or code object" on 4
			Block: tranfun
			Block: bemsav49
			Block: evmono49
			Block: evpoly49
			Block: ev2gm2
			Block: d3disp
			Block: edisp
{}
In: :N4_1A_PIPNN:N4_1A_PIPNN.f90:bmx2b109
vars2fortran: No typespec for argument "nobm".
{}
In: :N4_1A_PIPNN:N4_1A_PIPNN.f90:bmx2b109
vars2fortran: No typespec for argument "nob".
			Block: bmx2b109
Applying post-processing hooks...
  character_backward_compatibility_hook
Post-processing (stage 2)...
	Block: N4_1A_PIPNN
		Block: unknown_interface
			Block: nnparam
			Block: pes
			Block: n4pipnn
			Block: evdrdx
			Block: pes_init
			Block: getpota
			Block: getpotb
			Block: getpotc
			Block: tranfun
			Block: bemsav49
			Block: evmono49
			Block: evpoly49
			Block: ev2gm2
			Block: d3disp
			Block: edisp
			Block: bmx2b109
Building modules...
    Building module "N4_1A_PIPNN"...
    Generating possibly empty wrappers"
    Maybe empty "N4_1A_PIPNN-f2pywrappers.f"
        Constructing wrapper function "pes"...
          p,g,d = pes(x,igrad,path)
    Generating possibly empty wrappers"
    Maybe empty "N4_1A_PIPNN-f2pywrappers.f"
        Constructing wrapper function "n4pipnn"...
          n4pipnn(x,y,z,vpes,dedx,dedy,dedz,igrad)
    Generating possibly empty wrappers"
    Maybe empty "N4_1A_PIPNN-f2pywrappers.f"
        Constructing wrapper function "evdrdx"...
          evdrdx(cx,r,drdx)
    Generating possibly empty wrappers"
    Maybe empty "N4_1A_PIPNN-f2pywrappers.f"
        Constructing wrapper function "pes_init"...
          pes_init(path)
    Generating possibly empty wrappers"
    Maybe empty "N4_1A_PIPNN-f2pywrappers.f"
        Constructing wrapper function "getpota"...
          getpota(x,vpot)
    Generating possibly empty wrappers"
    Maybe empty "N4_1A_PIPNN-f2pywrappers.f"
        Constructing wrapper function "getpotb"...
          getpotb(x,vpot)
    Generating possibly empty wrappers"
    Maybe empty "N4_1A_PIPNN-f2pywrappers.f"
        Constructing wrapper function "getpotc"...
          getpotc(x,vpot)
    Generating possibly empty wrappers"
    Maybe empty "N4_1A_PIPNN-f2pywrappers.f"
		Creating wrapper for Fortran function "tranfun"("tranfun")...
        Constructing wrapper function "tranfun"...
          tranfun = tranfun(x,ifunc)
    Generating possibly empty wrappers"
    Maybe empty "N4_1A_PIPNN-f2pywrappers.f"
        Constructing wrapper function "bemsav49"...
          p = bemsav49(x)
    Generating possibly empty wrappers"
    Maybe empty "N4_1A_PIPNN-f2pywrappers.f"
        Constructing wrapper function "evmono49"...
          m = evmono49(x)
    Generating possibly empty wrappers"
    Maybe empty "N4_1A_PIPNN-f2pywrappers.f"
        Constructing wrapper function "evpoly49"...
          p = evpoly49(m)
    Generating possibly empty wrappers"
    Maybe empty "N4_1A_PIPNN-f2pywrappers.f"
        Constructing wrapper function "ev2gm2"...
          ev2gm2(r,v,grad,imol,igrad)
    Generating possibly empty wrappers"
    Maybe empty "N4_1A_PIPNN-f2pywrappers.f"
        Constructing wrapper function "d3disp"...
          d3disp(dist,disp,dispdr,igrad,imol)
    Generating possibly empty wrappers"
    Maybe empty "N4_1A_PIPNN-f2pywrappers.f"
        Constructing wrapper function "edisp"...
          edisp(maxc,n,dist,iz,mxc,rs6,rs8,e6,e8,e6dr,e8dr,c6a,igrad,[max_elem])
    Generating possibly empty wrappers"
    Maybe empty "N4_1A_PIPNN-f2pywrappers.f"
        Constructing wrapper function "bmx2b109"...
          bmx2b109(bm1,bm2,[nobm,nob])
		Constructing F90 module support for "nnparam"...
		  Variables: alpha pi radian nbasis ndim natom nnew ninput noutput nhid nlayer ifunc nwe nodemax nterm nindex nscale nodes weighta biasa pdela pavga weightb biasb pdelb pavgb weightc biasc pdelc pavgc
getarrdims:warning: assumed shape array, using 0 instead of ':'
getarrdims:warning: assumed shape array, using 0 instead of ':'
getarrdims:warning: assumed shape array, using 0 instead of ':'
getarrdims:warning: assumed shape array, using 0 instead of ':'
getarrdims:warning: assumed shape array, using 0 instead of ':'
getarrdims:warning: assumed shape array, using 0 instead of ':'
getarrdims:warning: assumed shape array, using 0 instead of ':'
getarrdims:warning: assumed shape array, using 0 instead of ':'
getarrdims:warning: assumed shape array, using 0 instead of ':'
getarrdims:warning: assumed shape array, using 0 instead of ':'
getarrdims:warning: assumed shape array, using 0 instead of ':'
getarrdims:warning: assumed shape array, using 0 instead of ':'
getarrdims:warning: assumed shape array, using 0 instead of ':'
getarrdims:warning: assumed shape array, using 0 instead of ':'
getarrdims:warning: assumed shape array, using 0 instead of ':'
getarrdims:warning: assumed shape array, using 0 instead of ':'
getarrdims:warning: assumed shape array, using 0 instead of ':'
getarrdims:warning: assumed shape array, using 0 instead of ':'
getarrdims:warning: assumed shape array, using 0 instead of ':'
getarrdims:warning: assumed shape array, using 0 instead of ':'
getarrdims:warning: assumed shape array, using 0 instead of ':'
getarrdims:warning: assumed shape array, using 0 instead of ':'
    Wrote C/API module "N4_1A_PIPNN" to file "/tmp/tmpqncalje8/src.linux-x86_64-3.11/N4_1A_PIPNNmodule.c"
    Fortran 77 wrappers are saved to "/tmp/tmpqncalje8/src.linux-x86_64-3.11/N4_1A_PIPNN-f2pywrappers.f"
    Fortran 90 wrappers are saved to "/tmp/tmpqncalje8/src.linux-x86_64-3.11/N4_1A_PIPNN-f2pywrappers2.f90"
INFO:   adding '/tmp/tmpqncalje8/src.linux-x86_64-3.11/fortranobject.c' to sources.
INFO:   adding '/tmp/tmpqncalje8/src.linux-x86_64-3.11' to include_dirs.
copying /home/truhlard/shuxx055/anaconda3/lib/python3.11/site-packages/numpy/f2py/src/fortranobject.c -> /tmp/tmpqncalje8/src.linux-x86_64-3.11
copying /home/truhlard/shuxx055/anaconda3/lib/python3.11/site-packages/numpy/f2py/src/fortranobject.h -> /tmp/tmpqncalje8/src.linux-x86_64-3.11
INFO:   adding '/tmp/tmpqncalje8/src.linux-x86_64-3.11/N4_1A_PIPNN-f2pywrappers.f' to sources.
INFO:   adding '/tmp/tmpqncalje8/src.linux-x86_64-3.11/N4_1A_PIPNN-f2pywrappers2.f90' to sources.
INFO: build_src: building npy-pkg config files
/home/truhlard/shuxx055/anaconda3/lib/python3.11/site-packages/setuptools/_distutils/cmd.py:66: SetuptoolsDeprecationWarning: setup.py install is deprecated.
!!

        ********************************************************************************
        Please avoid running ``setup.py`` directly.
        Instead, use pypa/build, pypa/installer, pypa/build or
        other standards-based tools.

        See https://blog.ganssle.io/articles/2021/10/setup-py-deprecated.html for details.
        ********************************************************************************

!!
  self.initialize_options()
running build_ext
INFO: customize UnixCCompiler
INFO: customize UnixCCompiler using build_ext
INFO: get_default_fcompiler: matching types: '['arm', 'gnu95', 'intel', 'lahey', 'pg', 'nv', 'absoft', 'nag', 'vast', 'compaq', 'intele', 'intelem', 'gnu', 'g95', 'pathf95', 'nagfor', 'fujitsu']'
INFO: customize ArmFlangCompiler
WARN: Could not locate executable armflang
INFO: customize Gnu95FCompiler
INFO: Found executable /home/truhlard/shuxx055/anaconda3/bin/gfortran
INFO: customize Gnu95FCompiler
INFO: customize Gnu95FCompiler using build_ext
INFO: building 'N4_1A_PIPNN' extension
INFO: compiling C sources
INFO: C compiler: gcc -pthread -B /home/truhlard/shuxx055/anaconda3/compiler_compat -DNDEBUG -fwrapv -O2 -Wall -fPIC -O2 -isystem /home/truhlard/shuxx055/anaconda3/include -fPIC -O2 -isystem /home/truhlard/shuxx055/anaconda3/include -fPIC

creating /tmp/tmpqncalje8/tmp
creating /tmp/tmpqncalje8/tmp/tmpqncalje8
creating /tmp/tmpqncalje8/tmp/tmpqncalje8/src.linux-x86_64-3.11
INFO: compile options: '-DNPY_DISABLE_OPTIMIZATION=1 -I/tmp/tmpqncalje8/src.linux-x86_64-3.11 -I/home/truhlard/shuxx055/anaconda3/lib/python3.11/site-packages/numpy/core/include -I/home/truhlard/shuxx055/anaconda3/include/python3.11 -c'
INFO: gcc: /tmp/tmpqncalje8/src.linux-x86_64-3.11/fortranobject.c
INFO: gcc: /tmp/tmpqncalje8/src.linux-x86_64-3.11/N4_1A_PIPNNmodule.c
/tmp/tmpqncalje8/src.linux-x86_64-3.11/N4_1A_PIPNNmodule.c: In function 'f2py_setup_nnparam':
/tmp/tmpqncalje8/src.linux-x86_64-3.11/N4_1A_PIPNNmodule.c:2441:35: warning: assignment to 'f2py_init_func' {aka 'void (*)(int *, long int *, void (*)(char *, long int *), int *)'} from incompatible pointer type 'void (*)(int *, int *, void (*)(char *, int *), int *)' [-Wincompatible-pointer-types]
 2441 |   f2py_nnparam_def[i_f2py++].func = nodes;
      |                                   ^
/tmp/tmpqncalje8/src.linux-x86_64-3.11/N4_1A_PIPNNmodule.c:2442:35: warning: assignment to 'f2py_init_func' {aka 'void (*)(int *, long int *, void (*)(char *, long int *), int *)'} from incompatible pointer type 'void (*)(int *, int *, void (*)(char *, int *), int *)' [-Wincompatible-pointer-types]
 2442 |   f2py_nnparam_def[i_f2py++].func = weighta;
      |                                   ^
/tmp/tmpqncalje8/src.linux-x86_64-3.11/N4_1A_PIPNNmodule.c:2443:35: warning: assignment to 'f2py_init_func' {aka 'void (*)(int *, long int *, void (*)(char *, long int *), int *)'} from incompatible pointer type 'void (*)(int *, int *, void (*)(char *, int *), int *)' [-Wincompatible-pointer-types]
 2443 |   f2py_nnparam_def[i_f2py++].func = biasa;
      |                                   ^
/tmp/tmpqncalje8/src.linux-x86_64-3.11/N4_1A_PIPNNmodule.c:2444:35: warning: assignment to 'f2py_init_func' {aka 'void (*)(int *, long int *, void (*)(char *, long int *), int *)'} from incompatible pointer type 'void (*)(int *, int *, void (*)(char *, int *), int *)' [-Wincompatible-pointer-types]
 2444 |   f2py_nnparam_def[i_f2py++].func = pdela;
      |                                   ^
/tmp/tmpqncalje8/src.linux-x86_64-3.11/N4_1A_PIPNNmodule.c:2445:35: warning: assignment to 'f2py_init_func' {aka 'void (*)(int *, long int *, void (*)(char *, long int *), int *)'} from incompatible pointer type 'void (*)(int *, int *, void (*)(char *, int *), int *)' [-Wincompatible-pointer-types]
 2445 |   f2py_nnparam_def[i_f2py++].func = pavga;
      |                                   ^
/tmp/tmpqncalje8/src.linux-x86_64-3.11/N4_1A_PIPNNmodule.c:2446:35: warning: assignment to 'f2py_init_func' {aka 'void (*)(int *, long int *, void (*)(char *, long int *), int *)'} from incompatible pointer type 'void (*)(int *, int *, void (*)(char *, int *), int *)' [-Wincompatible-pointer-types]
 2446 |   f2py_nnparam_def[i_f2py++].func = weightb;
      |                                   ^
/tmp/tmpqncalje8/src.linux-x86_64-3.11/N4_1A_PIPNNmodule.c:2447:35: warning: assignment to 'f2py_init_func' {aka 'void (*)(int *, long int *, void (*)(char *, long int *), int *)'} from incompatible pointer type 'void (*)(int *, int *, void (*)(char *, int *), int *)' [-Wincompatible-pointer-types]
 2447 |   f2py_nnparam_def[i_f2py++].func = biasb;
      |                                   ^
/tmp/tmpqncalje8/src.linux-x86_64-3.11/N4_1A_PIPNNmodule.c:2448:35: warning: assignment to 'f2py_init_func' {aka 'void (*)(int *, long int *, void (*)(char *, long int *), int *)'} from incompatible pointer type 'void (*)(int *, int *, void (*)(char *, int *), int *)' [-Wincompatible-pointer-types]
 2448 |   f2py_nnparam_def[i_f2py++].func = pdelb;
      |                                   ^
/tmp/tmpqncalje8/src.linux-x86_64-3.11/N4_1A_PIPNNmodule.c:2449:35: warning: assignment to 'f2py_init_func' {aka 'void (*)(int *, long int *, void (*)(char *, long int *), int *)'} from incompatible pointer type 'void (*)(int *, int *, void (*)(char *, int *), int *)' [-Wincompatible-pointer-types]
 2449 |   f2py_nnparam_def[i_f2py++].func = pavgb;
      |                                   ^
/tmp/tmpqncalje8/src.linux-x86_64-3.11/N4_1A_PIPNNmodule.c:2450:35: warning: assignment to 'f2py_init_func' {aka 'void (*)(int *, long int *, void (*)(char *, long int *), int *)'} from incompatible pointer type 'void (*)(int *, int *, void (*)(char *, int *), int *)' [-Wincompatible-pointer-types]
 2450 |   f2py_nnparam_def[i_f2py++].func = weightc;
      |                                   ^
/tmp/tmpqncalje8/src.linux-x86_64-3.11/N4_1A_PIPNNmodule.c:2451:35: warning: assignment to 'f2py_init_func' {aka 'void (*)(int *, long int *, void (*)(char *, long int *), int *)'} from incompatible pointer type 'void (*)(int *, int *, void (*)(char *, int *), int *)' [-Wincompatible-pointer-types]
 2451 |   f2py_nnparam_def[i_f2py++].func = biasc;
      |                                   ^
/tmp/tmpqncalje8/src.linux-x86_64-3.11/N4_1A_PIPNNmodule.c:2452:35: warning: assignment to 'f2py_init_func' {aka 'void (*)(int *, long int *, void (*)(char *, long int *), int *)'} from incompatible pointer type 'void (*)(int *, int *, void (*)(char *, int *), int *)' [-Wincompatible-pointer-types]
 2452 |   f2py_nnparam_def[i_f2py++].func = pdelc;
      |                                   ^
/tmp/tmpqncalje8/src.linux-x86_64-3.11/N4_1A_PIPNNmodule.c:2453:35: warning: assignment to 'f2py_init_func' {aka 'void (*)(int *, long int *, void (*)(char *, long int *), int *)'} from incompatible pointer type 'void (*)(int *, int *, void (*)(char *, int *), int *)' [-Wincompatible-pointer-types]
 2453 |   f2py_nnparam_def[i_f2py++].func = pavgc;
      |                                   ^
INFO: compiling Fortran 90 module sources
INFO: Fortran f77 compiler: /home/truhlard/shuxx055/anaconda3/bin/gfortran -Wall -g -ffixed-form -fno-second-underscore -fPIC -O3 -funroll-loops
Fortran f90 compiler: /home/truhlard/shuxx055/anaconda3/bin/gfortran -fallow-argument-mismatch -std=legacy -fPIC -O3 -funroll-loops
Fortran fix compiler: /home/truhlard/shuxx055/anaconda3/bin/gfortran -Wall -g -ffixed-form -fno-second-underscore -fallow-argument-mismatch -std=legacy -fPIC -O3 -funroll-loops
INFO: compile options: '-I/tmp/tmpqncalje8/src.linux-x86_64-3.11 -I/home/truhlard/shuxx055/anaconda3/lib/python3.11/site-packages/numpy/core/include -I/home/truhlard/shuxx055/anaconda3/include/python3.11 -c'
extra options: '-J/tmp/tmpqncalje8/ -I/tmp/tmpqncalje8/'
INFO: gfortran:fix: N4_1A_PIPNN.f90
N4_1A_PIPNN.f90:45:61:

   45 |        integer nterm(1:nbasis),nindex(1:nbasis,1:1000,1:ndim)
      |                                                             1
Warning: Array 'nindex' at (1) is larger than limit set by '-fmax-stack-var-size=', moved from stack to static storage. This makes the procedure unsafe when called recursively, or concurrently from multiple threads. Consider increasing the '-fmax-stack-var-size=' limit (or use '-frecursive', which implies unlimited '-fmax-stack-var-size') - or change the code to use an ALLOCATABLE array. If the variable is never accessed concurrently, this warning can be ignored, and the variable could also be declared with the SAVE attribute. [-Wsurprising]
N4_1A_PIPNN.f90:126:25:

  126 |        real*8 ct(3,natom),xvec(3,ndim),cx(3,natom)
      |                         1
Warning: Unused variable 'ct' declared at (1) [-Wunused-variable]
N4_1A_PIPNN.f90:129:19:

  129 |        integer imol,igrad
      |                   1
Warning: Unused variable 'imol' declared at (1) [-Wunused-variable]
N4_1A_PIPNN.f90:124:55:

  124 |        real*8 rb(ndim),xbond(ndim),basis(1:nbasis),tmp1,
      |                                                       1
Warning: Unused variable 'tmp1' declared at (1) [-Wunused-variable]
N4_1A_PIPNN.f90:125:25:

  125 |      %  txinput(nbasis-1),bnew(1:nnew)
      |                         1
Warning: Unused variable 'txinput' declared at (1) [-Wunused-variable]
N4_1A_PIPNN.f90:1145:18:

 1145 |       integer :: k
      |                  1
Warning: Unused variable 'k' declared at (1) [-Wunused-variable]
N4_1A_PIPNN.f90:1231:40:

 1231 |       double precision c6ab(94,94,5,5,3)
      |                                        1
Warning: Unused variable 'c6ab' declared at (1) [-Wunused-variable]
N4_1A_PIPNN.f90:1227:28:

 1227 |       double precision cn(2),s6,s8,rs6,rs8
      |                            1
Warning: Unused variable 'cn' declared at (1) [-Wunused-variable]
N4_1A_PIPNN.f90:1230:34:

 1230 |       integer iz(2), mxc(94), i, j, igrad
      |                                  1
Warning: Unused variable 'j' declared at (1) [-Wunused-variable]
N4_1A_PIPNN.f90:1232:31:

 1232 |       double precision r2r4(94)
      |                               1
Warning: Unused variable 'r2r4' declared at (1) [-Wunused-variable]
N4_1A_PIPNN.f90:1299:58:

 1299 |       double precision c6ab(max_elem,max_elem,maxc,maxc,3)
      |                                                          1
Warning: Unused variable 'c6ab' declared at (1) [-Wunused-variable]
N4_1A_PIPNN.f90:1306:43:

 1306 |       double precision r2ab(n*n),cc6ab(n*n),dmp(n*n)
      |                                           1
Warning: Unused variable 'cc6ab' declared at (1) [-Wunused-variable]
N4_1A_PIPNN.f90:1305:28:

 1305 |       double precision cn(n)
      |                            1
Warning: Unused variable 'cn' declared at (1) [-Wunused-variable]
N4_1A_PIPNN.f90:1304:28:

 1304 |       double precision damp6,damp8
      |                            1
Warning: Unused variable 'damp6' declared at (1) [-Wunused-variable]
N4_1A_PIPNN.f90:1304:34:

 1304 |       double precision damp6,damp8
      |                                  1
Warning: Unused variable 'damp8' declared at (1) [-Wunused-variable]
N4_1A_PIPNN.f90:1306:52:

 1306 |       double precision r2ab(n*n),cc6ab(n*n),dmp(n*n)
      |                                                    1
Warning: Unused variable 'dmp' declared at (1) [-Wunused-variable]
N4_1A_PIPNN.f90:1293:50:

 1293 |       subroutine edisp(max_elem,maxc,n,dist,iz,mxc,
      |                                                  1
Warning: Unused dummy argument 'mxc' at (1) [-Wunused-dummy-argument]
N4_1A_PIPNN.f90:1297:69:

 1297 |       double precision dist(1),r2r4(max_elem),r0ab(max_elem,max_elem)
      |                                                                     1
Warning: Unused variable 'r0ab' declared at (1) [-Wunused-variable]
N4_1A_PIPNN.f90:1306:32:

 1306 |       double precision r2ab(n*n),cc6ab(n*n),dmp(n*n)
      |                                1
Warning: Unused variable 'r2ab' declared at (1) [-Wunused-variable]
N4_1A_PIPNN.f90:358:21:

  358 |       character f1*80,line*80
      |                     1
Warning: Unused variable 'f1' declared at (1) [-Wunused-variable]
N4_1A_PIPNN.f90:357:33:

  357 |       integer ibasis,npd,iterm,ib,nfile
      |                                 1
Warning: Unused variable 'ib' declared at (1) [-Wunused-variable]
N4_1A_PIPNN.f90:357:20:

  357 |       integer ibasis,npd,iterm,ib,nfile
      |                    1
Warning: Unused variable 'ibasis' declared at (1) [-Wunused-variable]
N4_1A_PIPNN.f90:357:30:

  357 |       integer ibasis,npd,iterm,ib,nfile
      |                              1
Warning: Unused variable 'iterm' declared at (1) [-Wunused-variable]
N4_1A_PIPNN.f90:357:24:

  357 |       integer ibasis,npd,iterm,ib,nfile
      |                        1
Warning: Unused variable 'npd' declared at (1) [-Wunused-variable]
N4_1A_PIPNN.f90:74:22:

   74 |       integer :: iatom, idir, j, istate
      |                      1
Warning: Unused variable 'iatom' declared at (1) [-Wunused-variable]
N4_1A_PIPNN.f90:74:28:

   74 |       integer :: iatom, idir, j, istate
      |                            1
Warning: Unused variable 'idir' declared at (1) [-Wunused-variable]
N4_1A_PIPNN.f90:74:31:

   74 |       integer :: iatom, idir, j, istate
      |                               1
Warning: Unused variable 'j' declared at (1) [-Wunused-variable]
N4_1A_PIPNN.f90:630:8:

  630 |         function tranfun(x,ifunc)
      |        ^
Warning: '__result_tranfun' may be used uninitialized [-Wmaybe-uninitialized]
INFO: compiling Fortran sources
INFO: Fortran f77 compiler: /home/truhlard/shuxx055/anaconda3/bin/gfortran -Wall -g -ffixed-form -fno-second-underscore -fPIC -O3 -funroll-loops
Fortran f90 compiler: /home/truhlard/shuxx055/anaconda3/bin/gfortran -fallow-argument-mismatch -std=legacy -fPIC -O3 -funroll-loops
Fortran fix compiler: /home/truhlard/shuxx055/anaconda3/bin/gfortran -Wall -g -ffixed-form -fno-second-underscore -fallow-argument-mismatch -std=legacy -fPIC -O3 -funroll-loops
INFO: compile options: '-I/tmp/tmpqncalje8/src.linux-x86_64-3.11 -I/home/truhlard/shuxx055/anaconda3/lib/python3.11/site-packages/numpy/core/include -I/home/truhlard/shuxx055/anaconda3/include/python3.11 -c'
extra options: '-J/tmp/tmpqncalje8/ -I/tmp/tmpqncalje8/'
INFO: gfortran:f90: /tmp/tmpqncalje8/src.linux-x86_64-3.11/N4_1A_PIPNN-f2pywrappers2.f90
INFO: gfortran:f77: /tmp/tmpqncalje8/src.linux-x86_64-3.11/N4_1A_PIPNN-f2pywrappers.f
INFO: /home/truhlard/shuxx055/anaconda3/bin/gfortran -Wall -g -Wall -g -shared /tmp/tmpqncalje8/tmp/tmpqncalje8/src.linux-x86_64-3.11/N4_1A_PIPNNmodule.o /tmp/tmpqncalje8/tmp/tmpqncalje8/src.linux-x86_64-3.11/fortranobject.o /tmp/tmpqncalje8/N4_1A_PIPNN.o /tmp/tmpqncalje8/tmp/tmpqncalje8/src.linux-x86_64-3.11/N4_1A_PIPNN-f2pywrappers.o /tmp/tmpqncalje8/tmp/tmpqncalje8/src.linux-x86_64-3.11/N4_1A_PIPNN-f2pywrappers2.o -L/panfs/jay/groups/16/truhlard/shuxx055/anaconda3/bin/../lib/gcc/x86_64-conda-linux-gnu/13.1.0/../../../../x86_64-conda-linux-gnu/lib/../lib -L/panfs/jay/groups/16/truhlard/shuxx055/anaconda3/bin/../lib/gcc/x86_64-conda-linux-gnu/13.1.0/../../../../x86_64-conda-linux-gnu/lib/../lib -lmkl_intel_lp64 -lmkl_sequential -lmkl_core -lgfortran -o ./N4_1A_PIPNN.cpython-311-x86_64-linux-gnu.so
Removing build directory /tmp/tmpqncalje8
