running build
running config_cc
INFO: unifing config_cc, config, build_clib, build_ext, build commands --compiler options
running config_fc
INFO: unifing config_fc, config, build_clib, build_ext, build commands --fcompiler options
running build_src
INFO: build_src
INFO: building extension "O3_14_3Ap_2022" sources
INFO: f2py options: []
INFO: f2py:> /tmp/tmpc90e6ml3/src.linux-x86_64-3.11/O3_14_3Ap_2022module.c
creating /tmp/tmpc90e6ml3/src.linux-x86_64-3.11
Reading fortran codes...
	Reading file 'O3_14_3Ap_2022.f90' (format:free)
Post-processing...
	Block: O3_14_3Ap_2022
			Block: pes
			Block: energy_gradient
			Block: backprop
			Block: activation_gelu
			Block: activation_derivative_gelu
			Block: sumover
			Block: diagonalize
			Block: grad_r_to_xyz
			Block: nac_r_to_xyz
			Block: convert_xyz_to_expr
			Block: mproduct
			Block: assign_coeff_bias
			Block: ev2gm2m
			Block: ev2gm2
			Block: d3disp
			Block: edisp
Applying post-processing hooks...
  character_backward_compatibility_hook
Post-processing (stage 2)...
Building modules...
    Building module "O3_14_3Ap_2022"...
    Generating possibly empty wrappers"
    Maybe empty "O3_14_3Ap_2022-f2pywrappers.f"
        Constructing wrapper function "pes"...
          p,g,d = pes(x,igrad)
    Generating possibly empty wrappers"
    Maybe empty "O3_14_3Ap_2022-f2pywrappers.f"
        Constructing wrapper function "energy_gradient"...
          energy_gradient(x,e,g,h,t,[n,ns])
    Generating possibly empty wrappers"
    Maybe empty "O3_14_3Ap_2022-f2pywrappers.f"
        Constructing wrapper function "backprop"...
          backprop(expr,n,e,g,h,t,coeff_l0,coeff_l1,coeff_l2,coeff_l3,bias_l0,bias_l1,bias_l2,bias_l3,v2b,g2b,a,[ns])
    Generating possibly empty wrappers"
    Maybe empty "O3_14_3Ap_2022-f2pywrappers.f"
        Constructing wrapper function "activation_gelu"...
          activation_gelu(z,a,[n])
    Generating possibly empty wrappers"
    Maybe empty "O3_14_3Ap_2022-f2pywrappers.f"
        Constructing wrapper function "activation_derivative_gelu"...
          activation_derivative_gelu(z,a,b,[n])
    Generating possibly empty wrappers"
    Maybe empty "O3_14_3Ap_2022-f2pywrappers.f"
        Constructing wrapper function "sumover"...
          sum1 = sumover(a,b)
    Generating possibly empty wrappers"
    Maybe empty "O3_14_3Ap_2022-f2pywrappers.f"
        Constructing wrapper function "diagonalize"...
          ev_s,u_ss = diagonalize(a_ss,[n])
    Generating possibly empty wrappers"
    Maybe empty "O3_14_3Ap_2022-f2pywrappers.f"
        Constructing wrapper function "grad_r_to_xyz"...
          grad_r_to_xyz(g,drdx,gr,r,x,[n,ns])
    Generating possibly empty wrappers"
    Maybe empty "O3_14_3Ap_2022-f2pywrappers.f"
        Constructing wrapper function "nac_r_to_xyz"...
          nac_r_to_xyz(h,drdx,hr,r,x,[n,ns])
    Generating possibly empty wrappers"
    Maybe empty "O3_14_3Ap_2022-f2pywrappers.f"
        Constructing wrapper function "convert_xyz_to_expr"...
          expr,r = convert_xyz_to_expr(x,a,[n])
    Generating possibly empty wrappers"
    Maybe empty "O3_14_3Ap_2022-f2pywrappers.f"
        Constructing wrapper function "mproduct"...
          mproduct(a,b,c,[l,m,n])
    Generating possibly empty wrappers"
    Maybe empty "O3_14_3Ap_2022-f2pywrappers.f"
        Constructing wrapper function "assign_coeff_bias"...
          assign_coeff_bias(coeff_l0,coeff_l1,coeff_l2,coeff_l3,bias_l0,bias_l1,bias_l2,bias_l3)
    Generating possibly empty wrappers"
    Maybe empty "O3_14_3Ap_2022-f2pywrappers.f"
        Constructing wrapper function "ev2gm2m"...
          v2b,g2b = ev2gm2m(dist,imol,igrad,n)
    Generating possibly empty wrappers"
    Maybe empty "O3_14_3Ap_2022-f2pywrappers.f"
        Constructing wrapper function "ev2gm2"...
          v,grad = ev2gm2(r,imol,igrad)
    Generating possibly empty wrappers"
    Maybe empty "O3_14_3Ap_2022-f2pywrappers.f"
        Constructing wrapper function "d3disp"...
          d3disp(dist,disp,dispdr,igrad,imol)
    Generating possibly empty wrappers"
    Maybe empty "O3_14_3Ap_2022-f2pywrappers.f"
        Constructing wrapper function "edisp"...
          edisp(maxc,n,dist,iz,mxc,rs6,rs8,e6,e8,e6dr,e8dr,c6a,igrad,[max_elem])
    Wrote C/API module "O3_14_3Ap_2022" to file "/tmp/tmpc90e6ml3/src.linux-x86_64-3.11/O3_14_3Ap_2022module.c"
INFO:   adding '/tmp/tmpc90e6ml3/src.linux-x86_64-3.11/fortranobject.c' to sources.
INFO:   adding '/tmp/tmpc90e6ml3/src.linux-x86_64-3.11' to include_dirs.
copying /home/truhlard/shuxx055/anaconda3/envs/test/lib/python3.11/site-packages/numpy/f2py/src/fortranobject.c -> /tmp/tmpc90e6ml3/src.linux-x86_64-3.11
copying /home/truhlard/shuxx055/anaconda3/envs/test/lib/python3.11/site-packages/numpy/f2py/src/fortranobject.h -> /tmp/tmpc90e6ml3/src.linux-x86_64-3.11
INFO:   adding '/tmp/tmpc90e6ml3/src.linux-x86_64-3.11/O3_14_3Ap_2022-f2pywrappers.f' to sources.
INFO: build_src: building npy-pkg config files
/home/truhlard/shuxx055/anaconda3/envs/test/lib/python3.11/site-packages/setuptools/_distutils/cmd.py:66: SetuptoolsDeprecationWarning: setup.py install is deprecated.
!!

        ********************************************************************************
        Please avoid running ``setup.py`` directly.
        Instead, use pypa/build, pypa/installer or other
        standards-based tools.

        See https://blog.ganssle.io/articles/2021/10/setup-py-deprecated.html for details.
        ********************************************************************************

!!
  self.initialize_options()
running build_ext
INFO: customize UnixCCompiler
INFO: customize UnixCCompiler using build_ext
INFO: get_default_fcompiler: matching types: '['arm', 'gnu95', 'intel', 'lahey', 'pg', 'nv', 'absoft', 'nag', 'vast', 'compaq', 'intele', 'intelem', 'gnu', 'g95', 'pathf95', 'nagfor', 'fujitsu']'
INFO: customize ArmFlangCompiler
WARN: Could not locate executable armflang
INFO: customize Gnu95FCompiler
INFO: Found executable /home/truhlard/shuxx055/anaconda3/envs/test/bin/gfortran
INFO: customize Gnu95FCompiler
INFO: customize Gnu95FCompiler using build_ext
INFO: building 'O3_14_3Ap_2022' extension
INFO: compiling C sources
INFO: C compiler: gcc -pthread -B /home/truhlard/shuxx055/anaconda3/envs/test/compiler_compat -DNDEBUG -fwrapv -O2 -Wall -fPIC -O2 -isystem /home/truhlard/shuxx055/anaconda3/envs/test/include -fPIC -O2 -isystem /home/truhlard/shuxx055/anaconda3/envs/test/include -fPIC

creating /tmp/tmpc90e6ml3/tmp
creating /tmp/tmpc90e6ml3/tmp/tmpc90e6ml3
creating /tmp/tmpc90e6ml3/tmp/tmpc90e6ml3/src.linux-x86_64-3.11
INFO: compile options: '-DNPY_DISABLE_OPTIMIZATION=1 -I/tmp/tmpc90e6ml3/src.linux-x86_64-3.11 -I/home/truhlard/shuxx055/anaconda3/envs/test/lib/python3.11/site-packages/numpy/core/include -I/home/truhlard/shuxx055/anaconda3/envs/test/include/python3.11 -c'
INFO: gcc: /tmp/tmpc90e6ml3/src.linux-x86_64-3.11/fortranobject.c
INFO: gcc: /tmp/tmpc90e6ml3/src.linux-x86_64-3.11/O3_14_3Ap_2022module.c
INFO: compiling Fortran sources
INFO: Fortran f77 compiler: /home/truhlard/shuxx055/anaconda3/envs/test/bin/gfortran -Wall -g -ffixed-form -fno-second-underscore -fPIC -O3 -funroll-loops
Fortran f90 compiler: /home/truhlard/shuxx055/anaconda3/envs/test/bin/gfortran -fallow-argument-mismatch -std=legacy -fPIC -O3 -funroll-loops
Fortran fix compiler: /home/truhlard/shuxx055/anaconda3/envs/test/bin/gfortran -Wall -g -ffixed-form -fno-second-underscore -fallow-argument-mismatch -std=legacy -fPIC -O3 -funroll-loops
INFO: compile options: '-I/tmp/tmpc90e6ml3/src.linux-x86_64-3.11 -I/home/truhlard/shuxx055/anaconda3/envs/test/lib/python3.11/site-packages/numpy/core/include -I/home/truhlard/shuxx055/anaconda3/envs/test/include/python3.11 -c'
INFO: gfortran:f90: O3_14_3Ap_2022.f90
INFO: gfortran:f77: /tmp/tmpc90e6ml3/src.linux-x86_64-3.11/O3_14_3Ap_2022-f2pywrappers.f
INFO: /home/truhlard/shuxx055/anaconda3/envs/test/bin/gfortran -Wall -g -Wall -g -shared /tmp/tmpc90e6ml3/tmp/tmpc90e6ml3/src.linux-x86_64-3.11/O3_14_3Ap_2022module.o /tmp/tmpc90e6ml3/tmp/tmpc90e6ml3/src.linux-x86_64-3.11/fortranobject.o /tmp/tmpc90e6ml3/O3_14_3Ap_2022.o /tmp/tmpc90e6ml3/tmp/tmpc90e6ml3/src.linux-x86_64-3.11/O3_14_3Ap_2022-f2pywrappers.o -L/panfs/jay/groups/16/truhlard/shuxx055/anaconda3/envs/test/bin/../lib/gcc/x86_64-conda-linux-gnu/13.1.0/../../../../x86_64-conda-linux-gnu/lib/../lib -L/panfs/jay/groups/16/truhlard/shuxx055/anaconda3/envs/test/bin/../lib/gcc/x86_64-conda-linux-gnu/13.1.0/../../../../x86_64-conda-linux-gnu/lib/../lib -lmkl_intel_lp64 -lmkl_sequential -lmkl_core -lgfortran -o ./O3_14_3Ap_2022.cpython-311-x86_64-linux-gnu.so
Removing build directory /tmp/tmpc90e6ml3
