running build
running config_cc
INFO: unifing config_cc, config, build_clib, build_ext, build commands --compiler options
running config_fc
INFO: unifing config_fc, config, build_clib, build_ext, build commands --fcompiler options
running build_src
INFO: build_src
INFO: building extension "O3_1_3App" sources
INFO: f2py options: []
INFO: f2py:> /tmp/tmp9wbm3sg3/src.linux-x86_64-3.11/O3_1_3Appmodule.c
creating /tmp/tmp9wbm3sg3/src.linux-x86_64-3.11
Reading fortran codes...
	Reading file 'O3_1_3App.f' (format:fix,strict)
Post-processing...
	Block: O3_1_3App
			Block: pes
			Block: o3pes
			Block: coord_convt
			Block: evv
			Block: evdvdx
			Block: evmorse
			Block: evmono
			Block: evpoly
			Block: evbas
			Block: ev2gm2
			Block: evdvdr
			Block: evdrdx
			Block: evdmsdr
			Block: evdmdr
			Block: evdpdr
			Block: evdbdr
			Block: d3disp
			Block: edisp
			Block: prmt
Applying post-processing hooks...
  character_backward_compatibility_hook
Post-processing (stage 2)...
Building modules...
    Building module "O3_1_3App"...
    Generating possibly empty wrappers"
    Maybe empty "O3_1_3App-f2pywrappers.f"
        Constructing wrapper function "pes"...
          p,g,d = pes(x,igrad)
    Generating possibly empty wrappers"
    Maybe empty "O3_1_3App-f2pywrappers.f"
        Constructing wrapper function "o3pes"...
          o3pes(x,v,dvdx,igrad)
    Generating possibly empty wrappers"
    Maybe empty "O3_1_3App-f2pywrappers.f"
        Constructing wrapper function "coord_convt"...
          coord_convt(x)
    Generating possibly empty wrappers"
    Maybe empty "O3_1_3App-f2pywrappers.f"
        Constructing wrapper function "evv"...
          evv(v)
    Generating possibly empty wrappers"
    Maybe empty "O3_1_3App-f2pywrappers.f"
        Constructing wrapper function "evdvdx"...
          evdvdx(x,dvdx)
    Generating possibly empty wrappers"
    Maybe empty "O3_1_3App-f2pywrappers.f"
        Constructing wrapper function "evmorse"...
          evmorse()
    Generating possibly empty wrappers"
    Maybe empty "O3_1_3App-f2pywrappers.f"
        Constructing wrapper function "evmono"...
          evmono()
    Generating possibly empty wrappers"
    Maybe empty "O3_1_3App-f2pywrappers.f"
        Constructing wrapper function "evpoly"...
          evpoly()
    Generating possibly empty wrappers"
    Maybe empty "O3_1_3App-f2pywrappers.f"
        Constructing wrapper function "evbas"...
          evbas()
    Generating possibly empty wrappers"
    Maybe empty "O3_1_3App-f2pywrappers.f"
        Constructing wrapper function "ev2gm2"...
          ev2gm2(r,v,grad,imol,igrad)
    Generating possibly empty wrappers"
    Maybe empty "O3_1_3App-f2pywrappers.f"
        Constructing wrapper function "evdvdr"...
          evdvdr()
    Generating possibly empty wrappers"
    Maybe empty "O3_1_3App-f2pywrappers.f"
        Constructing wrapper function "evdrdx"...
          evdrdx(x)
    Generating possibly empty wrappers"
    Maybe empty "O3_1_3App-f2pywrappers.f"
        Constructing wrapper function "evdmsdr"...
          evdmsdr()
    Generating possibly empty wrappers"
    Maybe empty "O3_1_3App-f2pywrappers.f"
        Constructing wrapper function "evdmdr"...
          evdmdr()
    Generating possibly empty wrappers"
    Maybe empty "O3_1_3App-f2pywrappers.f"
        Constructing wrapper function "evdpdr"...
          evdpdr()
    Generating possibly empty wrappers"
    Maybe empty "O3_1_3App-f2pywrappers.f"
        Constructing wrapper function "evdbdr"...
          evdbdr()
    Generating possibly empty wrappers"
    Maybe empty "O3_1_3App-f2pywrappers.f"
        Constructing wrapper function "d3disp"...
          d3disp(dist,disp,dispdr,igrad)
    Generating possibly empty wrappers"
    Maybe empty "O3_1_3App-f2pywrappers.f"
        Constructing wrapper function "edisp"...
          edisp(maxc,n,dist,iz,mxc,rs6,rs8,e6,e8,e6dr,e8dr,c6a,igrad,[max_elem])
		Constructing COMMON block support for "coord"...
		  r
		Constructing COMMON block support for "epot"...
		  rms,rm,p,c,b
		Constructing COMMON block support for "gradt"...
		  dmsdr,dmdr,dpdr,dvdr,drdx,dbdr
		Constructing COMMON block support for "msprmt"...
		  a,ab,ra,rb
    Wrote C/API module "O3_1_3App" to file "/tmp/tmp9wbm3sg3/src.linux-x86_64-3.11/O3_1_3Appmodule.c"
    Fortran 77 wrappers are saved to "/tmp/tmp9wbm3sg3/src.linux-x86_64-3.11/O3_1_3App-f2pywrappers.f"
INFO:   adding '/tmp/tmp9wbm3sg3/src.linux-x86_64-3.11/fortranobject.c' to sources.
INFO:   adding '/tmp/tmp9wbm3sg3/src.linux-x86_64-3.11' to include_dirs.
copying /home/truhlard/shuxx055/anaconda3/envs/test/lib/python3.11/site-packages/numpy/f2py/src/fortranobject.c -> /tmp/tmp9wbm3sg3/src.linux-x86_64-3.11
copying /home/truhlard/shuxx055/anaconda3/envs/test/lib/python3.11/site-packages/numpy/f2py/src/fortranobject.h -> /tmp/tmp9wbm3sg3/src.linux-x86_64-3.11
INFO:   adding '/tmp/tmp9wbm3sg3/src.linux-x86_64-3.11/O3_1_3App-f2pywrappers.f' to sources.
INFO: build_src: building npy-pkg config files
/home/truhlard/shuxx055/anaconda3/envs/test/lib/python3.11/site-packages/setuptools/_distutils/cmd.py:66: SetuptoolsDeprecationWarning: setup.py install is deprecated.
!!

        ********************************************************************************
        Please avoid running ``setup.py`` directly.
        Instead, use pypa/build, pypa/installer or other
        standards-based tools.

        See https://blog.ganssle.io/articles/2021/10/setup-py-deprecated.html for details.
        ********************************************************************************

!!
  self.initialize_options()
running build_ext
INFO: customize UnixCCompiler
INFO: customize UnixCCompiler using build_ext
INFO: get_default_fcompiler: matching types: '['arm', 'gnu95', 'intel', 'lahey', 'pg', 'nv', 'absoft', 'nag', 'vast', 'compaq', 'intele', 'intelem', 'gnu', 'g95', 'pathf95', 'nagfor', 'fujitsu']'
INFO: customize ArmFlangCompiler
WARN: Could not locate executable armflang
INFO: customize Gnu95FCompiler
INFO: Found executable /home/truhlard/shuxx055/anaconda3/envs/test/bin/gfortran
INFO: customize Gnu95FCompiler
INFO: customize Gnu95FCompiler using build_ext
INFO: building 'O3_1_3App' extension
INFO: compiling C sources
INFO: C compiler: gcc -pthread -B /home/truhlard/shuxx055/anaconda3/envs/test/compiler_compat -DNDEBUG -fwrapv -O2 -Wall -fPIC -O2 -isystem /home/truhlard/shuxx055/anaconda3/envs/test/include -fPIC -O2 -isystem /home/truhlard/shuxx055/anaconda3/envs/test/include -fPIC

creating /tmp/tmp9wbm3sg3/tmp
creating /tmp/tmp9wbm3sg3/tmp/tmp9wbm3sg3
creating /tmp/tmp9wbm3sg3/tmp/tmp9wbm3sg3/src.linux-x86_64-3.11
INFO: compile options: '-DNPY_DISABLE_OPTIMIZATION=1 -I/tmp/tmp9wbm3sg3/src.linux-x86_64-3.11 -I/home/truhlard/shuxx055/anaconda3/envs/test/lib/python3.11/site-packages/numpy/core/include -I/home/truhlard/shuxx055/anaconda3/envs/test/include/python3.11 -c'
INFO: gcc: /tmp/tmp9wbm3sg3/src.linux-x86_64-3.11/fortranobject.c
INFO: gcc: /tmp/tmp9wbm3sg3/src.linux-x86_64-3.11/O3_1_3Appmodule.c
INFO: compiling Fortran sources
INFO: Fortran f77 compiler: /home/truhlard/shuxx055/anaconda3/envs/test/bin/gfortran -fallow-argument-mismatch -std=legacy -fPIC -O3 -funroll-loops
Fortran f90 compiler: /home/truhlard/shuxx055/anaconda3/envs/test/bin/gfortran -Wall -g -fno-second-underscore -fPIC -O3 -funroll-loops
Fortran fix compiler: /home/truhlard/shuxx055/anaconda3/envs/test/bin/gfortran -Wall -g -ffixed-form -fno-second-underscore -Wall -g -fno-second-underscore -fPIC -O3 -funroll-loops
INFO: compile options: '-I/tmp/tmp9wbm3sg3/src.linux-x86_64-3.11 -I/home/truhlard/shuxx055/anaconda3/envs/test/lib/python3.11/site-packages/numpy/core/include -I/home/truhlard/shuxx055/anaconda3/envs/test/include/python3.11 -c'
INFO: gfortran:f77: /tmp/tmp9wbm3sg3/src.linux-x86_64-3.11/O3_1_3App-f2pywrappers.f
INFO: gfortran:f77: O3_1_3App.f
INFO: /home/truhlard/shuxx055/anaconda3/envs/test/bin/gfortran -Wall -g -Wall -g -shared /tmp/tmp9wbm3sg3/tmp/tmp9wbm3sg3/src.linux-x86_64-3.11/O3_1_3Appmodule.o /tmp/tmp9wbm3sg3/tmp/tmp9wbm3sg3/src.linux-x86_64-3.11/fortranobject.o /tmp/tmp9wbm3sg3/O3_1_3App.o /tmp/tmp9wbm3sg3/tmp/tmp9wbm3sg3/src.linux-x86_64-3.11/O3_1_3App-f2pywrappers.o -L/panfs/jay/groups/16/truhlard/shuxx055/anaconda3/envs/test/bin/../lib/gcc/x86_64-conda-linux-gnu/13.1.0/../../../../x86_64-conda-linux-gnu/lib/../lib -L/panfs/jay/groups/16/truhlard/shuxx055/anaconda3/envs/test/bin/../lib/gcc/x86_64-conda-linux-gnu/13.1.0/../../../../x86_64-conda-linux-gnu/lib/../lib -lmkl_intel_lp64 -lmkl_sequential -lmkl_core -lgfortran -o ./O3_1_3App.cpython-311-x86_64-linux-gnu.so
Removing build directory /tmp/tmp9wbm3sg3
